[2023-06-15T12:09:29.338+0000] {processor.py:157} INFO - Started process (PID=46) to work on /home/airflow/.local/lib/python3.7/site-packages/airflow/example_dags/example_short_circuit_operator.py
[2023-06-15T12:09:29.339+0000] {processor.py:826} INFO - Processing file /home/airflow/.local/lib/python3.7/site-packages/airflow/example_dags/example_short_circuit_operator.py for tasks to queue
[2023-06-15T12:09:29.340+0000] {logging_mixin.py:149} INFO - [2023-06-15T12:09:29.340+0000] {dagbag.py:541} INFO - Filling up the DagBag from /home/airflow/.local/lib/python3.7/site-packages/airflow/example_dags/example_short_circuit_operator.py
[2023-06-15T12:09:29.352+0000] {processor.py:836} INFO - DAG(s) dict_keys(['example_short_circuit_operator']) retrieved from /home/airflow/.local/lib/python3.7/site-packages/airflow/example_dags/example_short_circuit_operator.py
[2023-06-15T12:09:29.391+0000] {logging_mixin.py:149} INFO - [2023-06-15T12:09:29.391+0000] {dag.py:2726} INFO - Sync 1 DAGs
[2023-06-15T12:09:29.426+0000] {logging_mixin.py:149} INFO - [2023-06-15T12:09:29.425+0000] {dag.py:3490} INFO - Setting next_dagrun for example_short_circuit_operator to 2023-06-14T12:09:29.425533+00:00, run_after=2023-06-15T12:09:29.425533+00:00
[2023-06-15T12:09:29.450+0000] {processor.py:179} INFO - Processing /home/airflow/.local/lib/python3.7/site-packages/airflow/example_dags/example_short_circuit_operator.py took 0.116 seconds
[2023-06-15T12:10:00.578+0000] {processor.py:157} INFO - Started process (PID=123) to work on /home/airflow/.local/lib/python3.7/site-packages/airflow/example_dags/example_short_circuit_operator.py
[2023-06-15T12:10:00.579+0000] {processor.py:826} INFO - Processing file /home/airflow/.local/lib/python3.7/site-packages/airflow/example_dags/example_short_circuit_operator.py for tasks to queue
[2023-06-15T12:10:00.580+0000] {logging_mixin.py:149} INFO - [2023-06-15T12:10:00.579+0000] {dagbag.py:541} INFO - Filling up the DagBag from /home/airflow/.local/lib/python3.7/site-packages/airflow/example_dags/example_short_circuit_operator.py
[2023-06-15T12:10:00.587+0000] {processor.py:836} INFO - DAG(s) dict_keys(['example_short_circuit_operator']) retrieved from /home/airflow/.local/lib/python3.7/site-packages/airflow/example_dags/example_short_circuit_operator.py
[2023-06-15T12:10:00.612+0000] {logging_mixin.py:149} INFO - [2023-06-15T12:10:00.612+0000] {dag.py:2726} INFO - Sync 1 DAGs
[2023-06-15T12:10:00.637+0000] {logging_mixin.py:149} INFO - [2023-06-15T12:10:00.636+0000] {dag.py:3490} INFO - Setting next_dagrun for example_short_circuit_operator to 2023-06-14T12:10:00.636644+00:00, run_after=2023-06-15T12:10:00.636644+00:00
[2023-06-15T12:10:00.673+0000] {processor.py:179} INFO - Processing /home/airflow/.local/lib/python3.7/site-packages/airflow/example_dags/example_short_circuit_operator.py took 0.097 seconds
[2023-06-15T12:10:30.835+0000] {processor.py:157} INFO - Started process (PID=187) to work on /home/airflow/.local/lib/python3.7/site-packages/airflow/example_dags/example_short_circuit_operator.py
[2023-06-15T12:10:30.836+0000] {processor.py:826} INFO - Processing file /home/airflow/.local/lib/python3.7/site-packages/airflow/example_dags/example_short_circuit_operator.py for tasks to queue
[2023-06-15T12:10:30.837+0000] {logging_mixin.py:149} INFO - [2023-06-15T12:10:30.837+0000] {dagbag.py:541} INFO - Filling up the DagBag from /home/airflow/.local/lib/python3.7/site-packages/airflow/example_dags/example_short_circuit_operator.py
[2023-06-15T12:10:30.851+0000] {processor.py:836} INFO - DAG(s) dict_keys(['example_short_circuit_operator']) retrieved from /home/airflow/.local/lib/python3.7/site-packages/airflow/example_dags/example_short_circuit_operator.py
[2023-06-15T12:10:30.891+0000] {logging_mixin.py:149} INFO - [2023-06-15T12:10:30.891+0000] {dag.py:2726} INFO - Sync 1 DAGs
[2023-06-15T12:10:31.138+0000] {logging_mixin.py:149} INFO - [2023-06-15T12:10:31.138+0000] {dag.py:3490} INFO - Setting next_dagrun for example_short_circuit_operator to 2023-06-14T12:10:31.137829+00:00, run_after=2023-06-15T12:10:31.137829+00:00
[2023-06-15T12:10:31.180+0000] {processor.py:179} INFO - Processing /home/airflow/.local/lib/python3.7/site-packages/airflow/example_dags/example_short_circuit_operator.py took 0.349 seconds
[2023-06-15T12:11:01.241+0000] {processor.py:157} INFO - Started process (PID=263) to work on /home/airflow/.local/lib/python3.7/site-packages/airflow/example_dags/example_short_circuit_operator.py
[2023-06-15T12:11:01.243+0000] {processor.py:826} INFO - Processing file /home/airflow/.local/lib/python3.7/site-packages/airflow/example_dags/example_short_circuit_operator.py for tasks to queue
[2023-06-15T12:11:01.244+0000] {logging_mixin.py:149} INFO - [2023-06-15T12:11:01.244+0000] {dagbag.py:541} INFO - Filling up the DagBag from /home/airflow/.local/lib/python3.7/site-packages/airflow/example_dags/example_short_circuit_operator.py
[2023-06-15T12:11:01.257+0000] {processor.py:836} INFO - DAG(s) dict_keys(['example_short_circuit_operator']) retrieved from /home/airflow/.local/lib/python3.7/site-packages/airflow/example_dags/example_short_circuit_operator.py
[2023-06-15T12:11:01.304+0000] {logging_mixin.py:149} INFO - [2023-06-15T12:11:01.304+0000] {dag.py:2726} INFO - Sync 1 DAGs
[2023-06-15T12:11:01.346+0000] {logging_mixin.py:149} INFO - [2023-06-15T12:11:01.345+0000] {dag.py:3490} INFO - Setting next_dagrun for example_short_circuit_operator to 2023-06-14T12:11:01.345299+00:00, run_after=2023-06-15T12:11:01.345299+00:00
[2023-06-15T12:11:01.388+0000] {processor.py:179} INFO - Processing /home/airflow/.local/lib/python3.7/site-packages/airflow/example_dags/example_short_circuit_operator.py took 0.152 seconds
[2023-06-15T12:11:31.847+0000] {processor.py:157} INFO - Started process (PID=342) to work on /home/airflow/.local/lib/python3.7/site-packages/airflow/example_dags/example_short_circuit_operator.py
[2023-06-15T12:11:31.848+0000] {processor.py:826} INFO - Processing file /home/airflow/.local/lib/python3.7/site-packages/airflow/example_dags/example_short_circuit_operator.py for tasks to queue
[2023-06-15T12:11:31.850+0000] {logging_mixin.py:149} INFO - [2023-06-15T12:11:31.850+0000] {dagbag.py:541} INFO - Filling up the DagBag from /home/airflow/.local/lib/python3.7/site-packages/airflow/example_dags/example_short_circuit_operator.py
[2023-06-15T12:11:31.862+0000] {processor.py:836} INFO - DAG(s) dict_keys(['example_short_circuit_operator']) retrieved from /home/airflow/.local/lib/python3.7/site-packages/airflow/example_dags/example_short_circuit_operator.py
[2023-06-15T12:11:31.902+0000] {logging_mixin.py:149} INFO - [2023-06-15T12:11:31.902+0000] {dag.py:2726} INFO - Sync 1 DAGs
[2023-06-15T12:11:31.940+0000] {logging_mixin.py:149} INFO - [2023-06-15T12:11:31.940+0000] {dag.py:3490} INFO - Setting next_dagrun for example_short_circuit_operator to 2023-06-14T12:11:31.940276+00:00, run_after=2023-06-15T12:11:31.940276+00:00
[2023-06-15T12:11:31.970+0000] {processor.py:179} INFO - Processing /home/airflow/.local/lib/python3.7/site-packages/airflow/example_dags/example_short_circuit_operator.py took 0.127 seconds
[2023-06-15T12:12:02.150+0000] {processor.py:157} INFO - Started process (PID=418) to work on /home/airflow/.local/lib/python3.7/site-packages/airflow/example_dags/example_short_circuit_operator.py
[2023-06-15T12:12:02.151+0000] {processor.py:826} INFO - Processing file /home/airflow/.local/lib/python3.7/site-packages/airflow/example_dags/example_short_circuit_operator.py for tasks to queue
[2023-06-15T12:12:02.153+0000] {logging_mixin.py:149} INFO - [2023-06-15T12:12:02.153+0000] {dagbag.py:541} INFO - Filling up the DagBag from /home/airflow/.local/lib/python3.7/site-packages/airflow/example_dags/example_short_circuit_operator.py
[2023-06-15T12:12:02.168+0000] {processor.py:836} INFO - DAG(s) dict_keys(['example_short_circuit_operator']) retrieved from /home/airflow/.local/lib/python3.7/site-packages/airflow/example_dags/example_short_circuit_operator.py
[2023-06-15T12:12:02.213+0000] {logging_mixin.py:149} INFO - [2023-06-15T12:12:02.213+0000] {dag.py:2726} INFO - Sync 1 DAGs
[2023-06-15T12:12:02.263+0000] {logging_mixin.py:149} INFO - [2023-06-15T12:12:02.263+0000] {dag.py:3490} INFO - Setting next_dagrun for example_short_circuit_operator to 2023-06-14T12:12:02.263089+00:00, run_after=2023-06-15T12:12:02.263089+00:00
[2023-06-15T12:12:02.313+0000] {processor.py:179} INFO - Processing /home/airflow/.local/lib/python3.7/site-packages/airflow/example_dags/example_short_circuit_operator.py took 0.168 seconds
[2023-06-15T12:12:32.446+0000] {processor.py:157} INFO - Started process (PID=495) to work on /home/airflow/.local/lib/python3.7/site-packages/airflow/example_dags/example_short_circuit_operator.py
[2023-06-15T12:12:32.447+0000] {processor.py:826} INFO - Processing file /home/airflow/.local/lib/python3.7/site-packages/airflow/example_dags/example_short_circuit_operator.py for tasks to queue
[2023-06-15T12:12:32.449+0000] {logging_mixin.py:149} INFO - [2023-06-15T12:12:32.449+0000] {dagbag.py:541} INFO - Filling up the DagBag from /home/airflow/.local/lib/python3.7/site-packages/airflow/example_dags/example_short_circuit_operator.py
[2023-06-15T12:12:32.460+0000] {processor.py:836} INFO - DAG(s) dict_keys(['example_short_circuit_operator']) retrieved from /home/airflow/.local/lib/python3.7/site-packages/airflow/example_dags/example_short_circuit_operator.py
[2023-06-15T12:12:32.499+0000] {logging_mixin.py:149} INFO - [2023-06-15T12:12:32.499+0000] {dag.py:2726} INFO - Sync 1 DAGs
[2023-06-15T12:12:32.537+0000] {logging_mixin.py:149} INFO - [2023-06-15T12:12:32.536+0000] {dag.py:3490} INFO - Setting next_dagrun for example_short_circuit_operator to 2023-06-14T12:12:32.536568+00:00, run_after=2023-06-15T12:12:32.536568+00:00
[2023-06-15T12:12:32.570+0000] {processor.py:179} INFO - Processing /home/airflow/.local/lib/python3.7/site-packages/airflow/example_dags/example_short_circuit_operator.py took 0.127 seconds
[2023-06-15T12:13:03.028+0000] {processor.py:157} INFO - Started process (PID=572) to work on /home/airflow/.local/lib/python3.7/site-packages/airflow/example_dags/example_short_circuit_operator.py
[2023-06-15T12:13:03.029+0000] {processor.py:826} INFO - Processing file /home/airflow/.local/lib/python3.7/site-packages/airflow/example_dags/example_short_circuit_operator.py for tasks to queue
[2023-06-15T12:13:03.030+0000] {logging_mixin.py:149} INFO - [2023-06-15T12:13:03.030+0000] {dagbag.py:541} INFO - Filling up the DagBag from /home/airflow/.local/lib/python3.7/site-packages/airflow/example_dags/example_short_circuit_operator.py
[2023-06-15T12:13:03.037+0000] {processor.py:836} INFO - DAG(s) dict_keys(['example_short_circuit_operator']) retrieved from /home/airflow/.local/lib/python3.7/site-packages/airflow/example_dags/example_short_circuit_operator.py
[2023-06-15T12:13:03.068+0000] {logging_mixin.py:149} INFO - [2023-06-15T12:13:03.068+0000] {dag.py:2726} INFO - Sync 1 DAGs
[2023-06-15T12:13:03.094+0000] {logging_mixin.py:149} INFO - [2023-06-15T12:13:03.094+0000] {dag.py:3490} INFO - Setting next_dagrun for example_short_circuit_operator to 2023-06-14T12:13:03.093918+00:00, run_after=2023-06-15T12:13:03.093918+00:00
[2023-06-15T12:13:03.128+0000] {processor.py:179} INFO - Processing /home/airflow/.local/lib/python3.7/site-packages/airflow/example_dags/example_short_circuit_operator.py took 0.103 seconds
[2023-06-15T12:13:33.496+0000] {processor.py:157} INFO - Started process (PID=649) to work on /home/airflow/.local/lib/python3.7/site-packages/airflow/example_dags/example_short_circuit_operator.py
[2023-06-15T12:13:33.497+0000] {processor.py:826} INFO - Processing file /home/airflow/.local/lib/python3.7/site-packages/airflow/example_dags/example_short_circuit_operator.py for tasks to queue
[2023-06-15T12:13:33.498+0000] {logging_mixin.py:149} INFO - [2023-06-15T12:13:33.498+0000] {dagbag.py:541} INFO - Filling up the DagBag from /home/airflow/.local/lib/python3.7/site-packages/airflow/example_dags/example_short_circuit_operator.py
[2023-06-15T12:13:33.510+0000] {processor.py:836} INFO - DAG(s) dict_keys(['example_short_circuit_operator']) retrieved from /home/airflow/.local/lib/python3.7/site-packages/airflow/example_dags/example_short_circuit_operator.py
[2023-06-15T12:13:33.555+0000] {logging_mixin.py:149} INFO - [2023-06-15T12:13:33.555+0000] {dag.py:2726} INFO - Sync 1 DAGs
[2023-06-15T12:13:33.605+0000] {logging_mixin.py:149} INFO - [2023-06-15T12:13:33.605+0000] {dag.py:3490} INFO - Setting next_dagrun for example_short_circuit_operator to 2023-06-14T12:13:33.605296+00:00, run_after=2023-06-15T12:13:33.605296+00:00
[2023-06-15T12:13:33.640+0000] {processor.py:179} INFO - Processing /home/airflow/.local/lib/python3.7/site-packages/airflow/example_dags/example_short_circuit_operator.py took 0.149 seconds
[2023-06-15T12:14:03.957+0000] {processor.py:157} INFO - Started process (PID=726) to work on /home/airflow/.local/lib/python3.7/site-packages/airflow/example_dags/example_short_circuit_operator.py
[2023-06-15T12:14:03.958+0000] {processor.py:826} INFO - Processing file /home/airflow/.local/lib/python3.7/site-packages/airflow/example_dags/example_short_circuit_operator.py for tasks to queue
[2023-06-15T12:14:03.960+0000] {logging_mixin.py:149} INFO - [2023-06-15T12:14:03.959+0000] {dagbag.py:541} INFO - Filling up the DagBag from /home/airflow/.local/lib/python3.7/site-packages/airflow/example_dags/example_short_circuit_operator.py
[2023-06-15T12:14:03.969+0000] {processor.py:836} INFO - DAG(s) dict_keys(['example_short_circuit_operator']) retrieved from /home/airflow/.local/lib/python3.7/site-packages/airflow/example_dags/example_short_circuit_operator.py
[2023-06-15T12:14:04.004+0000] {logging_mixin.py:149} INFO - [2023-06-15T12:14:04.004+0000] {dag.py:2726} INFO - Sync 1 DAGs
[2023-06-15T12:14:04.038+0000] {logging_mixin.py:149} INFO - [2023-06-15T12:14:04.038+0000] {dag.py:3490} INFO - Setting next_dagrun for example_short_circuit_operator to 2023-06-14T12:14:04.038444+00:00, run_after=2023-06-15T12:14:04.038444+00:00
[2023-06-15T12:14:04.066+0000] {processor.py:179} INFO - Processing /home/airflow/.local/lib/python3.7/site-packages/airflow/example_dags/example_short_circuit_operator.py took 0.112 seconds
[2023-06-15T12:14:34.512+0000] {processor.py:157} INFO - Started process (PID=803) to work on /home/airflow/.local/lib/python3.7/site-packages/airflow/example_dags/example_short_circuit_operator.py
[2023-06-15T12:14:34.514+0000] {processor.py:826} INFO - Processing file /home/airflow/.local/lib/python3.7/site-packages/airflow/example_dags/example_short_circuit_operator.py for tasks to queue
[2023-06-15T12:14:34.515+0000] {logging_mixin.py:149} INFO - [2023-06-15T12:14:34.515+0000] {dagbag.py:541} INFO - Filling up the DagBag from /home/airflow/.local/lib/python3.7/site-packages/airflow/example_dags/example_short_circuit_operator.py
[2023-06-15T12:14:34.528+0000] {processor.py:836} INFO - DAG(s) dict_keys(['example_short_circuit_operator']) retrieved from /home/airflow/.local/lib/python3.7/site-packages/airflow/example_dags/example_short_circuit_operator.py
[2023-06-15T12:14:34.576+0000] {logging_mixin.py:149} INFO - [2023-06-15T12:14:34.576+0000] {dag.py:2726} INFO - Sync 1 DAGs
[2023-06-15T12:14:34.616+0000] {logging_mixin.py:149} INFO - [2023-06-15T12:14:34.616+0000] {dag.py:3490} INFO - Setting next_dagrun for example_short_circuit_operator to 2023-06-14T12:14:34.616254+00:00, run_after=2023-06-15T12:14:34.616254+00:00
[2023-06-15T12:14:34.664+0000] {processor.py:179} INFO - Processing /home/airflow/.local/lib/python3.7/site-packages/airflow/example_dags/example_short_circuit_operator.py took 0.158 seconds
[2023-06-15T12:15:05.283+0000] {processor.py:157} INFO - Started process (PID=881) to work on /home/airflow/.local/lib/python3.7/site-packages/airflow/example_dags/example_short_circuit_operator.py
[2023-06-15T12:15:05.284+0000] {processor.py:826} INFO - Processing file /home/airflow/.local/lib/python3.7/site-packages/airflow/example_dags/example_short_circuit_operator.py for tasks to queue
[2023-06-15T12:15:05.286+0000] {logging_mixin.py:149} INFO - [2023-06-15T12:15:05.285+0000] {dagbag.py:541} INFO - Filling up the DagBag from /home/airflow/.local/lib/python3.7/site-packages/airflow/example_dags/example_short_circuit_operator.py
[2023-06-15T12:15:05.300+0000] {processor.py:836} INFO - DAG(s) dict_keys(['example_short_circuit_operator']) retrieved from /home/airflow/.local/lib/python3.7/site-packages/airflow/example_dags/example_short_circuit_operator.py
[2023-06-15T12:15:05.338+0000] {logging_mixin.py:149} INFO - [2023-06-15T12:15:05.338+0000] {dag.py:2726} INFO - Sync 1 DAGs
[2023-06-15T12:15:05.384+0000] {logging_mixin.py:149} INFO - [2023-06-15T12:15:05.384+0000] {dag.py:3490} INFO - Setting next_dagrun for example_short_circuit_operator to 2023-06-14T12:15:05.383673+00:00, run_after=2023-06-15T12:15:05.383673+00:00
[2023-06-15T12:15:05.413+0000] {processor.py:179} INFO - Processing /home/airflow/.local/lib/python3.7/site-packages/airflow/example_dags/example_short_circuit_operator.py took 0.134 seconds
[2023-06-15T12:15:35.691+0000] {processor.py:157} INFO - Started process (PID=958) to work on /home/airflow/.local/lib/python3.7/site-packages/airflow/example_dags/example_short_circuit_operator.py
[2023-06-15T12:15:35.693+0000] {processor.py:826} INFO - Processing file /home/airflow/.local/lib/python3.7/site-packages/airflow/example_dags/example_short_circuit_operator.py for tasks to queue
[2023-06-15T12:15:35.694+0000] {logging_mixin.py:149} INFO - [2023-06-15T12:15:35.694+0000] {dagbag.py:541} INFO - Filling up the DagBag from /home/airflow/.local/lib/python3.7/site-packages/airflow/example_dags/example_short_circuit_operator.py
[2023-06-15T12:15:35.705+0000] {processor.py:836} INFO - DAG(s) dict_keys(['example_short_circuit_operator']) retrieved from /home/airflow/.local/lib/python3.7/site-packages/airflow/example_dags/example_short_circuit_operator.py
[2023-06-15T12:15:35.760+0000] {logging_mixin.py:149} INFO - [2023-06-15T12:15:35.760+0000] {dag.py:2726} INFO - Sync 1 DAGs
[2023-06-15T12:15:35.808+0000] {logging_mixin.py:149} INFO - [2023-06-15T12:15:35.808+0000] {dag.py:3490} INFO - Setting next_dagrun for example_short_circuit_operator to 2023-06-14T12:15:35.808243+00:00, run_after=2023-06-15T12:15:35.808243+00:00
[2023-06-15T12:15:35.860+0000] {processor.py:179} INFO - Processing /home/airflow/.local/lib/python3.7/site-packages/airflow/example_dags/example_short_circuit_operator.py took 0.173 seconds
[2023-06-15T12:16:05.990+0000] {processor.py:157} INFO - Started process (PID=1036) to work on /home/airflow/.local/lib/python3.7/site-packages/airflow/example_dags/example_short_circuit_operator.py
[2023-06-15T12:16:05.991+0000] {processor.py:826} INFO - Processing file /home/airflow/.local/lib/python3.7/site-packages/airflow/example_dags/example_short_circuit_operator.py for tasks to queue
[2023-06-15T12:16:05.992+0000] {logging_mixin.py:149} INFO - [2023-06-15T12:16:05.992+0000] {dagbag.py:541} INFO - Filling up the DagBag from /home/airflow/.local/lib/python3.7/site-packages/airflow/example_dags/example_short_circuit_operator.py
[2023-06-15T12:16:06.007+0000] {processor.py:836} INFO - DAG(s) dict_keys(['example_short_circuit_operator']) retrieved from /home/airflow/.local/lib/python3.7/site-packages/airflow/example_dags/example_short_circuit_operator.py
[2023-06-15T12:16:06.049+0000] {logging_mixin.py:149} INFO - [2023-06-15T12:16:06.048+0000] {dag.py:2726} INFO - Sync 1 DAGs
[2023-06-15T12:16:06.086+0000] {logging_mixin.py:149} INFO - [2023-06-15T12:16:06.085+0000] {dag.py:3490} INFO - Setting next_dagrun for example_short_circuit_operator to 2023-06-14T12:16:06.085414+00:00, run_after=2023-06-15T12:16:06.085414+00:00
[2023-06-15T12:16:06.120+0000] {processor.py:179} INFO - Processing /home/airflow/.local/lib/python3.7/site-packages/airflow/example_dags/example_short_circuit_operator.py took 0.135 seconds
[2023-06-15T12:16:36.643+0000] {processor.py:157} INFO - Started process (PID=1113) to work on /home/airflow/.local/lib/python3.7/site-packages/airflow/example_dags/example_short_circuit_operator.py
[2023-06-15T12:16:36.645+0000] {processor.py:826} INFO - Processing file /home/airflow/.local/lib/python3.7/site-packages/airflow/example_dags/example_short_circuit_operator.py for tasks to queue
[2023-06-15T12:16:36.646+0000] {logging_mixin.py:149} INFO - [2023-06-15T12:16:36.646+0000] {dagbag.py:541} INFO - Filling up the DagBag from /home/airflow/.local/lib/python3.7/site-packages/airflow/example_dags/example_short_circuit_operator.py
[2023-06-15T12:16:36.660+0000] {processor.py:836} INFO - DAG(s) dict_keys(['example_short_circuit_operator']) retrieved from /home/airflow/.local/lib/python3.7/site-packages/airflow/example_dags/example_short_circuit_operator.py
[2023-06-15T12:16:36.711+0000] {logging_mixin.py:149} INFO - [2023-06-15T12:16:36.711+0000] {dag.py:2726} INFO - Sync 1 DAGs
[2023-06-15T12:16:36.758+0000] {logging_mixin.py:149} INFO - [2023-06-15T12:16:36.758+0000] {dag.py:3490} INFO - Setting next_dagrun for example_short_circuit_operator to 2023-06-14T12:16:36.757960+00:00, run_after=2023-06-15T12:16:36.757960+00:00
[2023-06-15T12:16:36.794+0000] {processor.py:179} INFO - Processing /home/airflow/.local/lib/python3.7/site-packages/airflow/example_dags/example_short_circuit_operator.py took 0.155 seconds
[2023-06-15T12:17:07.608+0000] {processor.py:157} INFO - Started process (PID=1190) to work on /home/airflow/.local/lib/python3.7/site-packages/airflow/example_dags/example_short_circuit_operator.py
[2023-06-15T12:17:07.610+0000] {processor.py:826} INFO - Processing file /home/airflow/.local/lib/python3.7/site-packages/airflow/example_dags/example_short_circuit_operator.py for tasks to queue
[2023-06-15T12:17:07.611+0000] {logging_mixin.py:149} INFO - [2023-06-15T12:17:07.611+0000] {dagbag.py:541} INFO - Filling up the DagBag from /home/airflow/.local/lib/python3.7/site-packages/airflow/example_dags/example_short_circuit_operator.py
[2023-06-15T12:17:07.624+0000] {processor.py:836} INFO - DAG(s) dict_keys(['example_short_circuit_operator']) retrieved from /home/airflow/.local/lib/python3.7/site-packages/airflow/example_dags/example_short_circuit_operator.py
[2023-06-15T12:17:07.662+0000] {logging_mixin.py:149} INFO - [2023-06-15T12:17:07.662+0000] {dag.py:2726} INFO - Sync 1 DAGs
[2023-06-15T12:17:07.710+0000] {logging_mixin.py:149} INFO - [2023-06-15T12:17:07.710+0000] {dag.py:3490} INFO - Setting next_dagrun for example_short_circuit_operator to 2023-06-14T12:17:07.709917+00:00, run_after=2023-06-15T12:17:07.709917+00:00
[2023-06-15T12:17:07.752+0000] {processor.py:179} INFO - Processing /home/airflow/.local/lib/python3.7/site-packages/airflow/example_dags/example_short_circuit_operator.py took 0.148 seconds
[2023-06-15T12:17:38.027+0000] {processor.py:157} INFO - Started process (PID=1267) to work on /home/airflow/.local/lib/python3.7/site-packages/airflow/example_dags/example_short_circuit_operator.py
[2023-06-15T12:17:38.029+0000] {processor.py:826} INFO - Processing file /home/airflow/.local/lib/python3.7/site-packages/airflow/example_dags/example_short_circuit_operator.py for tasks to queue
[2023-06-15T12:17:38.032+0000] {logging_mixin.py:149} INFO - [2023-06-15T12:17:38.031+0000] {dagbag.py:541} INFO - Filling up the DagBag from /home/airflow/.local/lib/python3.7/site-packages/airflow/example_dags/example_short_circuit_operator.py
[2023-06-15T12:17:38.055+0000] {processor.py:836} INFO - DAG(s) dict_keys(['example_short_circuit_operator']) retrieved from /home/airflow/.local/lib/python3.7/site-packages/airflow/example_dags/example_short_circuit_operator.py
[2023-06-15T12:17:38.091+0000] {logging_mixin.py:149} INFO - [2023-06-15T12:17:38.091+0000] {dag.py:2726} INFO - Sync 1 DAGs
[2023-06-15T12:17:38.128+0000] {logging_mixin.py:149} INFO - [2023-06-15T12:17:38.127+0000] {dag.py:3490} INFO - Setting next_dagrun for example_short_circuit_operator to 2023-06-14T12:17:38.127660+00:00, run_after=2023-06-15T12:17:38.127660+00:00
[2023-06-15T12:17:38.158+0000] {processor.py:179} INFO - Processing /home/airflow/.local/lib/python3.7/site-packages/airflow/example_dags/example_short_circuit_operator.py took 0.134 seconds
[2023-06-15T12:18:08.675+0000] {processor.py:157} INFO - Started process (PID=1344) to work on /home/airflow/.local/lib/python3.7/site-packages/airflow/example_dags/example_short_circuit_operator.py
[2023-06-15T12:18:08.676+0000] {processor.py:826} INFO - Processing file /home/airflow/.local/lib/python3.7/site-packages/airflow/example_dags/example_short_circuit_operator.py for tasks to queue
[2023-06-15T12:18:08.678+0000] {logging_mixin.py:149} INFO - [2023-06-15T12:18:08.677+0000] {dagbag.py:541} INFO - Filling up the DagBag from /home/airflow/.local/lib/python3.7/site-packages/airflow/example_dags/example_short_circuit_operator.py
[2023-06-15T12:18:08.691+0000] {processor.py:836} INFO - DAG(s) dict_keys(['example_short_circuit_operator']) retrieved from /home/airflow/.local/lib/python3.7/site-packages/airflow/example_dags/example_short_circuit_operator.py
[2023-06-15T12:18:08.741+0000] {logging_mixin.py:149} INFO - [2023-06-15T12:18:08.740+0000] {dag.py:2726} INFO - Sync 1 DAGs
[2023-06-15T12:18:08.780+0000] {logging_mixin.py:149} INFO - [2023-06-15T12:18:08.780+0000] {dag.py:3490} INFO - Setting next_dagrun for example_short_circuit_operator to 2023-06-14T12:18:08.780339+00:00, run_after=2023-06-15T12:18:08.780339+00:00
[2023-06-15T12:18:08.821+0000] {processor.py:179} INFO - Processing /home/airflow/.local/lib/python3.7/site-packages/airflow/example_dags/example_short_circuit_operator.py took 0.149 seconds
[2023-06-15T12:18:39.485+0000] {processor.py:157} INFO - Started process (PID=1421) to work on /home/airflow/.local/lib/python3.7/site-packages/airflow/example_dags/example_short_circuit_operator.py
[2023-06-15T12:18:39.486+0000] {processor.py:826} INFO - Processing file /home/airflow/.local/lib/python3.7/site-packages/airflow/example_dags/example_short_circuit_operator.py for tasks to queue
[2023-06-15T12:18:39.487+0000] {logging_mixin.py:149} INFO - [2023-06-15T12:18:39.487+0000] {dagbag.py:541} INFO - Filling up the DagBag from /home/airflow/.local/lib/python3.7/site-packages/airflow/example_dags/example_short_circuit_operator.py
[2023-06-15T12:18:39.498+0000] {processor.py:836} INFO - DAG(s) dict_keys(['example_short_circuit_operator']) retrieved from /home/airflow/.local/lib/python3.7/site-packages/airflow/example_dags/example_short_circuit_operator.py
[2023-06-15T12:18:39.536+0000] {logging_mixin.py:149} INFO - [2023-06-15T12:18:39.536+0000] {dag.py:2726} INFO - Sync 1 DAGs
[2023-06-15T12:18:39.587+0000] {logging_mixin.py:149} INFO - [2023-06-15T12:18:39.587+0000] {dag.py:3490} INFO - Setting next_dagrun for example_short_circuit_operator to 2023-06-14T12:18:39.587323+00:00, run_after=2023-06-15T12:18:39.587323+00:00
[2023-06-15T12:18:39.618+0000] {processor.py:179} INFO - Processing /home/airflow/.local/lib/python3.7/site-packages/airflow/example_dags/example_short_circuit_operator.py took 0.137 seconds
[2023-06-15T12:19:10.229+0000] {processor.py:157} INFO - Started process (PID=1498) to work on /home/airflow/.local/lib/python3.7/site-packages/airflow/example_dags/example_short_circuit_operator.py
[2023-06-15T12:19:10.231+0000] {processor.py:826} INFO - Processing file /home/airflow/.local/lib/python3.7/site-packages/airflow/example_dags/example_short_circuit_operator.py for tasks to queue
[2023-06-15T12:19:10.232+0000] {logging_mixin.py:149} INFO - [2023-06-15T12:19:10.232+0000] {dagbag.py:541} INFO - Filling up the DagBag from /home/airflow/.local/lib/python3.7/site-packages/airflow/example_dags/example_short_circuit_operator.py
[2023-06-15T12:19:10.242+0000] {processor.py:836} INFO - DAG(s) dict_keys(['example_short_circuit_operator']) retrieved from /home/airflow/.local/lib/python3.7/site-packages/airflow/example_dags/example_short_circuit_operator.py
[2023-06-15T12:19:10.281+0000] {logging_mixin.py:149} INFO - [2023-06-15T12:19:10.281+0000] {dag.py:2726} INFO - Sync 1 DAGs
[2023-06-15T12:19:10.328+0000] {logging_mixin.py:149} INFO - [2023-06-15T12:19:10.327+0000] {dag.py:3490} INFO - Setting next_dagrun for example_short_circuit_operator to 2023-06-14T12:19:10.327323+00:00, run_after=2023-06-15T12:19:10.327323+00:00
[2023-06-15T12:19:10.371+0000] {processor.py:179} INFO - Processing /home/airflow/.local/lib/python3.7/site-packages/airflow/example_dags/example_short_circuit_operator.py took 0.146 seconds
[2023-06-15T12:19:40.480+0000] {processor.py:157} INFO - Started process (PID=1561) to work on /home/airflow/.local/lib/python3.7/site-packages/airflow/example_dags/example_short_circuit_operator.py
[2023-06-15T12:19:40.481+0000] {processor.py:826} INFO - Processing file /home/airflow/.local/lib/python3.7/site-packages/airflow/example_dags/example_short_circuit_operator.py for tasks to queue
[2023-06-15T12:19:40.482+0000] {logging_mixin.py:149} INFO - [2023-06-15T12:19:40.482+0000] {dagbag.py:541} INFO - Filling up the DagBag from /home/airflow/.local/lib/python3.7/site-packages/airflow/example_dags/example_short_circuit_operator.py
[2023-06-15T12:19:40.493+0000] {processor.py:836} INFO - DAG(s) dict_keys(['example_short_circuit_operator']) retrieved from /home/airflow/.local/lib/python3.7/site-packages/airflow/example_dags/example_short_circuit_operator.py
[2023-06-15T12:19:40.534+0000] {logging_mixin.py:149} INFO - [2023-06-15T12:19:40.534+0000] {dag.py:2726} INFO - Sync 1 DAGs
[2023-06-15T12:19:40.580+0000] {logging_mixin.py:149} INFO - [2023-06-15T12:19:40.579+0000] {dag.py:3490} INFO - Setting next_dagrun for example_short_circuit_operator to 2023-06-14T12:19:40.579589+00:00, run_after=2023-06-15T12:19:40.579589+00:00
[2023-06-15T12:19:40.623+0000] {processor.py:179} INFO - Processing /home/airflow/.local/lib/python3.7/site-packages/airflow/example_dags/example_short_circuit_operator.py took 0.146 seconds
[2023-06-15T12:20:10.844+0000] {processor.py:157} INFO - Started process (PID=1625) to work on /home/airflow/.local/lib/python3.7/site-packages/airflow/example_dags/example_short_circuit_operator.py
[2023-06-15T12:20:10.846+0000] {processor.py:826} INFO - Processing file /home/airflow/.local/lib/python3.7/site-packages/airflow/example_dags/example_short_circuit_operator.py for tasks to queue
[2023-06-15T12:20:10.847+0000] {logging_mixin.py:149} INFO - [2023-06-15T12:20:10.847+0000] {dagbag.py:541} INFO - Filling up the DagBag from /home/airflow/.local/lib/python3.7/site-packages/airflow/example_dags/example_short_circuit_operator.py
[2023-06-15T12:20:10.858+0000] {processor.py:836} INFO - DAG(s) dict_keys(['example_short_circuit_operator']) retrieved from /home/airflow/.local/lib/python3.7/site-packages/airflow/example_dags/example_short_circuit_operator.py
[2023-06-15T12:20:10.910+0000] {logging_mixin.py:149} INFO - [2023-06-15T12:20:10.909+0000] {dag.py:2726} INFO - Sync 1 DAGs
[2023-06-15T12:20:10.981+0000] {logging_mixin.py:149} INFO - [2023-06-15T12:20:10.980+0000] {dag.py:3490} INFO - Setting next_dagrun for example_short_circuit_operator to 2023-06-14T12:20:10.978769+00:00, run_after=2023-06-15T12:20:10.978769+00:00
[2023-06-15T12:20:11.023+0000] {processor.py:179} INFO - Processing /home/airflow/.local/lib/python3.7/site-packages/airflow/example_dags/example_short_circuit_operator.py took 0.184 seconds
