[2023-06-15T12:09:30.736+0000] {processor.py:157} INFO - Started process (PID=55) to work on /home/airflow/.local/lib/python3.7/site-packages/airflow/example_dags/example_complex.py
[2023-06-15T12:09:30.737+0000] {processor.py:826} INFO - Processing file /home/airflow/.local/lib/python3.7/site-packages/airflow/example_dags/example_complex.py for tasks to queue
[2023-06-15T12:09:30.738+0000] {logging_mixin.py:149} INFO - [2023-06-15T12:09:30.738+0000] {dagbag.py:541} INFO - Filling up the DagBag from /home/airflow/.local/lib/python3.7/site-packages/airflow/example_dags/example_complex.py
[2023-06-15T12:09:30.754+0000] {logging_mixin.py:149} INFO - [2023-06-15T12:09:30.753+0000] {taskmixin.py:211} WARNING - Dependency <Task(BashOperator): create_entry_group>, delete_entry_group already registered for DAG: example_complex
[2023-06-15T12:09:30.755+0000] {logging_mixin.py:149} INFO - [2023-06-15T12:09:30.754+0000] {taskmixin.py:211} WARNING - Dependency <Task(BashOperator): delete_entry_group>, create_entry_group already registered for DAG: example_complex
[2023-06-15T12:09:30.755+0000] {logging_mixin.py:149} INFO - [2023-06-15T12:09:30.755+0000] {taskmixin.py:211} WARNING - Dependency <Task(BashOperator): create_entry_gcs>, delete_entry already registered for DAG: example_complex
[2023-06-15T12:09:30.756+0000] {logging_mixin.py:149} INFO - [2023-06-15T12:09:30.756+0000] {taskmixin.py:211} WARNING - Dependency <Task(BashOperator): delete_entry>, create_entry_gcs already registered for DAG: example_complex
[2023-06-15T12:09:30.757+0000] {logging_mixin.py:149} INFO - [2023-06-15T12:09:30.757+0000] {taskmixin.py:211} WARNING - Dependency <Task(BashOperator): create_tag>, delete_tag already registered for DAG: example_complex
[2023-06-15T12:09:30.757+0000] {logging_mixin.py:149} INFO - [2023-06-15T12:09:30.757+0000] {taskmixin.py:211} WARNING - Dependency <Task(BashOperator): delete_tag>, create_tag already registered for DAG: example_complex
[2023-06-15T12:09:30.763+0000] {processor.py:836} INFO - DAG(s) dict_keys(['example_complex']) retrieved from /home/airflow/.local/lib/python3.7/site-packages/airflow/example_dags/example_complex.py
[2023-06-15T12:09:30.819+0000] {logging_mixin.py:149} INFO - [2023-06-15T12:09:30.819+0000] {dag.py:2726} INFO - Sync 1 DAGs
[2023-06-15T12:09:30.863+0000] {logging_mixin.py:149} INFO - [2023-06-15T12:09:30.863+0000] {dag.py:3490} INFO - Setting next_dagrun for example_complex to None, run_after=None
[2023-06-15T12:09:30.891+0000] {processor.py:179} INFO - Processing /home/airflow/.local/lib/python3.7/site-packages/airflow/example_dags/example_complex.py took 0.158 seconds
[2023-06-15T12:10:01.417+0000] {processor.py:157} INFO - Started process (PID=132) to work on /home/airflow/.local/lib/python3.7/site-packages/airflow/example_dags/example_complex.py
[2023-06-15T12:10:01.418+0000] {processor.py:826} INFO - Processing file /home/airflow/.local/lib/python3.7/site-packages/airflow/example_dags/example_complex.py for tasks to queue
[2023-06-15T12:10:01.419+0000] {logging_mixin.py:149} INFO - [2023-06-15T12:10:01.419+0000] {dagbag.py:541} INFO - Filling up the DagBag from /home/airflow/.local/lib/python3.7/site-packages/airflow/example_dags/example_complex.py
[2023-06-15T12:10:01.430+0000] {logging_mixin.py:149} INFO - [2023-06-15T12:10:01.429+0000] {taskmixin.py:211} WARNING - Dependency <Task(BashOperator): create_entry_group>, delete_entry_group already registered for DAG: example_complex
[2023-06-15T12:10:01.430+0000] {logging_mixin.py:149} INFO - [2023-06-15T12:10:01.430+0000] {taskmixin.py:211} WARNING - Dependency <Task(BashOperator): delete_entry_group>, create_entry_group already registered for DAG: example_complex
[2023-06-15T12:10:01.431+0000] {logging_mixin.py:149} INFO - [2023-06-15T12:10:01.431+0000] {taskmixin.py:211} WARNING - Dependency <Task(BashOperator): create_entry_gcs>, delete_entry already registered for DAG: example_complex
[2023-06-15T12:10:01.431+0000] {logging_mixin.py:149} INFO - [2023-06-15T12:10:01.431+0000] {taskmixin.py:211} WARNING - Dependency <Task(BashOperator): delete_entry>, create_entry_gcs already registered for DAG: example_complex
[2023-06-15T12:10:01.432+0000] {logging_mixin.py:149} INFO - [2023-06-15T12:10:01.432+0000] {taskmixin.py:211} WARNING - Dependency <Task(BashOperator): create_tag>, delete_tag already registered for DAG: example_complex
[2023-06-15T12:10:01.432+0000] {logging_mixin.py:149} INFO - [2023-06-15T12:10:01.432+0000] {taskmixin.py:211} WARNING - Dependency <Task(BashOperator): delete_tag>, create_tag already registered for DAG: example_complex
[2023-06-15T12:10:01.435+0000] {processor.py:836} INFO - DAG(s) dict_keys(['example_complex']) retrieved from /home/airflow/.local/lib/python3.7/site-packages/airflow/example_dags/example_complex.py
[2023-06-15T12:10:01.471+0000] {logging_mixin.py:149} INFO - [2023-06-15T12:10:01.470+0000] {dag.py:2726} INFO - Sync 1 DAGs
[2023-06-15T12:10:01.497+0000] {logging_mixin.py:149} INFO - [2023-06-15T12:10:01.497+0000] {dag.py:3490} INFO - Setting next_dagrun for example_complex to None, run_after=None
[2023-06-15T12:10:01.517+0000] {processor.py:179} INFO - Processing /home/airflow/.local/lib/python3.7/site-packages/airflow/example_dags/example_complex.py took 0.103 seconds
[2023-06-15T12:10:33.493+0000] {processor.py:157} INFO - Started process (PID=209) to work on /home/airflow/.local/lib/python3.7/site-packages/airflow/example_dags/example_complex.py
[2023-06-15T12:10:33.495+0000] {processor.py:826} INFO - Processing file /home/airflow/.local/lib/python3.7/site-packages/airflow/example_dags/example_complex.py for tasks to queue
[2023-06-15T12:10:33.496+0000] {logging_mixin.py:149} INFO - [2023-06-15T12:10:33.496+0000] {dagbag.py:541} INFO - Filling up the DagBag from /home/airflow/.local/lib/python3.7/site-packages/airflow/example_dags/example_complex.py
[2023-06-15T12:10:33.509+0000] {logging_mixin.py:149} INFO - [2023-06-15T12:10:33.509+0000] {taskmixin.py:211} WARNING - Dependency <Task(BashOperator): create_entry_group>, delete_entry_group already registered for DAG: example_complex
[2023-06-15T12:10:33.510+0000] {logging_mixin.py:149} INFO - [2023-06-15T12:10:33.509+0000] {taskmixin.py:211} WARNING - Dependency <Task(BashOperator): delete_entry_group>, create_entry_group already registered for DAG: example_complex
[2023-06-15T12:10:33.510+0000] {logging_mixin.py:149} INFO - [2023-06-15T12:10:33.510+0000] {taskmixin.py:211} WARNING - Dependency <Task(BashOperator): create_entry_gcs>, delete_entry already registered for DAG: example_complex
[2023-06-15T12:10:33.511+0000] {logging_mixin.py:149} INFO - [2023-06-15T12:10:33.511+0000] {taskmixin.py:211} WARNING - Dependency <Task(BashOperator): delete_entry>, create_entry_gcs already registered for DAG: example_complex
[2023-06-15T12:10:33.512+0000] {logging_mixin.py:149} INFO - [2023-06-15T12:10:33.512+0000] {taskmixin.py:211} WARNING - Dependency <Task(BashOperator): create_tag>, delete_tag already registered for DAG: example_complex
[2023-06-15T12:10:33.513+0000] {logging_mixin.py:149} INFO - [2023-06-15T12:10:33.513+0000] {taskmixin.py:211} WARNING - Dependency <Task(BashOperator): delete_tag>, create_tag already registered for DAG: example_complex
[2023-06-15T12:10:33.516+0000] {processor.py:836} INFO - DAG(s) dict_keys(['example_complex']) retrieved from /home/airflow/.local/lib/python3.7/site-packages/airflow/example_dags/example_complex.py
[2023-06-15T12:10:33.685+0000] {logging_mixin.py:149} INFO - [2023-06-15T12:10:33.685+0000] {dag.py:2726} INFO - Sync 1 DAGs
[2023-06-15T12:10:33.718+0000] {logging_mixin.py:149} INFO - [2023-06-15T12:10:33.718+0000] {dag.py:3490} INFO - Setting next_dagrun for example_complex to None, run_after=None
[2023-06-15T12:10:33.741+0000] {processor.py:179} INFO - Processing /home/airflow/.local/lib/python3.7/site-packages/airflow/example_dags/example_complex.py took 0.251 seconds
[2023-06-15T12:11:03.920+0000] {processor.py:157} INFO - Started process (PID=286) to work on /home/airflow/.local/lib/python3.7/site-packages/airflow/example_dags/example_complex.py
[2023-06-15T12:11:03.921+0000] {processor.py:826} INFO - Processing file /home/airflow/.local/lib/python3.7/site-packages/airflow/example_dags/example_complex.py for tasks to queue
[2023-06-15T12:11:03.923+0000] {logging_mixin.py:149} INFO - [2023-06-15T12:11:03.922+0000] {dagbag.py:541} INFO - Filling up the DagBag from /home/airflow/.local/lib/python3.7/site-packages/airflow/example_dags/example_complex.py
[2023-06-15T12:11:03.939+0000] {logging_mixin.py:149} INFO - [2023-06-15T12:11:03.939+0000] {taskmixin.py:211} WARNING - Dependency <Task(BashOperator): create_entry_group>, delete_entry_group already registered for DAG: example_complex
[2023-06-15T12:11:03.940+0000] {logging_mixin.py:149} INFO - [2023-06-15T12:11:03.940+0000] {taskmixin.py:211} WARNING - Dependency <Task(BashOperator): delete_entry_group>, create_entry_group already registered for DAG: example_complex
[2023-06-15T12:11:03.941+0000] {logging_mixin.py:149} INFO - [2023-06-15T12:11:03.941+0000] {taskmixin.py:211} WARNING - Dependency <Task(BashOperator): create_entry_gcs>, delete_entry already registered for DAG: example_complex
[2023-06-15T12:11:03.942+0000] {logging_mixin.py:149} INFO - [2023-06-15T12:11:03.941+0000] {taskmixin.py:211} WARNING - Dependency <Task(BashOperator): delete_entry>, create_entry_gcs already registered for DAG: example_complex
[2023-06-15T12:11:03.943+0000] {logging_mixin.py:149} INFO - [2023-06-15T12:11:03.943+0000] {taskmixin.py:211} WARNING - Dependency <Task(BashOperator): create_tag>, delete_tag already registered for DAG: example_complex
[2023-06-15T12:11:03.943+0000] {logging_mixin.py:149} INFO - [2023-06-15T12:11:03.943+0000] {taskmixin.py:211} WARNING - Dependency <Task(BashOperator): delete_tag>, create_tag already registered for DAG: example_complex
[2023-06-15T12:11:03.946+0000] {processor.py:836} INFO - DAG(s) dict_keys(['example_complex']) retrieved from /home/airflow/.local/lib/python3.7/site-packages/airflow/example_dags/example_complex.py
[2023-06-15T12:11:04.000+0000] {logging_mixin.py:149} INFO - [2023-06-15T12:11:04.000+0000] {dag.py:2726} INFO - Sync 1 DAGs
[2023-06-15T12:11:04.045+0000] {logging_mixin.py:149} INFO - [2023-06-15T12:11:04.045+0000] {dag.py:3490} INFO - Setting next_dagrun for example_complex to None, run_after=None
[2023-06-15T12:11:04.078+0000] {processor.py:179} INFO - Processing /home/airflow/.local/lib/python3.7/site-packages/airflow/example_dags/example_complex.py took 0.161 seconds
[2023-06-15T12:11:34.941+0000] {processor.py:157} INFO - Started process (PID=364) to work on /home/airflow/.local/lib/python3.7/site-packages/airflow/example_dags/example_complex.py
[2023-06-15T12:11:34.942+0000] {processor.py:826} INFO - Processing file /home/airflow/.local/lib/python3.7/site-packages/airflow/example_dags/example_complex.py for tasks to queue
[2023-06-15T12:11:34.943+0000] {logging_mixin.py:149} INFO - [2023-06-15T12:11:34.943+0000] {dagbag.py:541} INFO - Filling up the DagBag from /home/airflow/.local/lib/python3.7/site-packages/airflow/example_dags/example_complex.py
[2023-06-15T12:11:34.959+0000] {logging_mixin.py:149} INFO - [2023-06-15T12:11:34.958+0000] {taskmixin.py:211} WARNING - Dependency <Task(BashOperator): create_entry_group>, delete_entry_group already registered for DAG: example_complex
[2023-06-15T12:11:34.959+0000] {logging_mixin.py:149} INFO - [2023-06-15T12:11:34.959+0000] {taskmixin.py:211} WARNING - Dependency <Task(BashOperator): delete_entry_group>, create_entry_group already registered for DAG: example_complex
[2023-06-15T12:11:34.960+0000] {logging_mixin.py:149} INFO - [2023-06-15T12:11:34.959+0000] {taskmixin.py:211} WARNING - Dependency <Task(BashOperator): create_entry_gcs>, delete_entry already registered for DAG: example_complex
[2023-06-15T12:11:34.960+0000] {logging_mixin.py:149} INFO - [2023-06-15T12:11:34.960+0000] {taskmixin.py:211} WARNING - Dependency <Task(BashOperator): delete_entry>, create_entry_gcs already registered for DAG: example_complex
[2023-06-15T12:11:34.961+0000] {logging_mixin.py:149} INFO - [2023-06-15T12:11:34.961+0000] {taskmixin.py:211} WARNING - Dependency <Task(BashOperator): create_tag>, delete_tag already registered for DAG: example_complex
[2023-06-15T12:11:34.962+0000] {logging_mixin.py:149} INFO - [2023-06-15T12:11:34.962+0000] {taskmixin.py:211} WARNING - Dependency <Task(BashOperator): delete_tag>, create_tag already registered for DAG: example_complex
[2023-06-15T12:11:34.964+0000] {processor.py:836} INFO - DAG(s) dict_keys(['example_complex']) retrieved from /home/airflow/.local/lib/python3.7/site-packages/airflow/example_dags/example_complex.py
[2023-06-15T12:11:35.010+0000] {logging_mixin.py:149} INFO - [2023-06-15T12:11:35.010+0000] {dag.py:2726} INFO - Sync 1 DAGs
[2023-06-15T12:11:35.050+0000] {logging_mixin.py:149} INFO - [2023-06-15T12:11:35.050+0000] {dag.py:3490} INFO - Setting next_dagrun for example_complex to None, run_after=None
[2023-06-15T12:11:35.089+0000] {processor.py:179} INFO - Processing /home/airflow/.local/lib/python3.7/site-packages/airflow/example_dags/example_complex.py took 0.152 seconds
[2023-06-15T12:12:05.791+0000] {processor.py:157} INFO - Started process (PID=441) to work on /home/airflow/.local/lib/python3.7/site-packages/airflow/example_dags/example_complex.py
[2023-06-15T12:12:05.792+0000] {processor.py:826} INFO - Processing file /home/airflow/.local/lib/python3.7/site-packages/airflow/example_dags/example_complex.py for tasks to queue
[2023-06-15T12:12:05.793+0000] {logging_mixin.py:149} INFO - [2023-06-15T12:12:05.792+0000] {dagbag.py:541} INFO - Filling up the DagBag from /home/airflow/.local/lib/python3.7/site-packages/airflow/example_dags/example_complex.py
[2023-06-15T12:12:05.805+0000] {logging_mixin.py:149} INFO - [2023-06-15T12:12:05.805+0000] {taskmixin.py:211} WARNING - Dependency <Task(BashOperator): create_entry_group>, delete_entry_group already registered for DAG: example_complex
[2023-06-15T12:12:05.805+0000] {logging_mixin.py:149} INFO - [2023-06-15T12:12:05.805+0000] {taskmixin.py:211} WARNING - Dependency <Task(BashOperator): delete_entry_group>, create_entry_group already registered for DAG: example_complex
[2023-06-15T12:12:05.806+0000] {logging_mixin.py:149} INFO - [2023-06-15T12:12:05.806+0000] {taskmixin.py:211} WARNING - Dependency <Task(BashOperator): create_entry_gcs>, delete_entry already registered for DAG: example_complex
[2023-06-15T12:12:05.806+0000] {logging_mixin.py:149} INFO - [2023-06-15T12:12:05.806+0000] {taskmixin.py:211} WARNING - Dependency <Task(BashOperator): delete_entry>, create_entry_gcs already registered for DAG: example_complex
[2023-06-15T12:12:05.807+0000] {logging_mixin.py:149} INFO - [2023-06-15T12:12:05.807+0000] {taskmixin.py:211} WARNING - Dependency <Task(BashOperator): create_tag>, delete_tag already registered for DAG: example_complex
[2023-06-15T12:12:05.807+0000] {logging_mixin.py:149} INFO - [2023-06-15T12:12:05.807+0000] {taskmixin.py:211} WARNING - Dependency <Task(BashOperator): delete_tag>, create_tag already registered for DAG: example_complex
[2023-06-15T12:12:05.809+0000] {processor.py:836} INFO - DAG(s) dict_keys(['example_complex']) retrieved from /home/airflow/.local/lib/python3.7/site-packages/airflow/example_dags/example_complex.py
[2023-06-15T12:12:05.847+0000] {logging_mixin.py:149} INFO - [2023-06-15T12:12:05.847+0000] {dag.py:2726} INFO - Sync 1 DAGs
[2023-06-15T12:12:05.876+0000] {logging_mixin.py:149} INFO - [2023-06-15T12:12:05.876+0000] {dag.py:3490} INFO - Setting next_dagrun for example_complex to None, run_after=None
[2023-06-15T12:12:05.899+0000] {processor.py:179} INFO - Processing /home/airflow/.local/lib/python3.7/site-packages/airflow/example_dags/example_complex.py took 0.110 seconds
[2023-06-15T12:12:36.786+0000] {processor.py:157} INFO - Started process (PID=518) to work on /home/airflow/.local/lib/python3.7/site-packages/airflow/example_dags/example_complex.py
[2023-06-15T12:12:36.787+0000] {processor.py:826} INFO - Processing file /home/airflow/.local/lib/python3.7/site-packages/airflow/example_dags/example_complex.py for tasks to queue
[2023-06-15T12:12:36.788+0000] {logging_mixin.py:149} INFO - [2023-06-15T12:12:36.788+0000] {dagbag.py:541} INFO - Filling up the DagBag from /home/airflow/.local/lib/python3.7/site-packages/airflow/example_dags/example_complex.py
[2023-06-15T12:12:36.799+0000] {logging_mixin.py:149} INFO - [2023-06-15T12:12:36.799+0000] {taskmixin.py:211} WARNING - Dependency <Task(BashOperator): create_entry_group>, delete_entry_group already registered for DAG: example_complex
[2023-06-15T12:12:36.800+0000] {logging_mixin.py:149} INFO - [2023-06-15T12:12:36.800+0000] {taskmixin.py:211} WARNING - Dependency <Task(BashOperator): delete_entry_group>, create_entry_group already registered for DAG: example_complex
[2023-06-15T12:12:36.801+0000] {logging_mixin.py:149} INFO - [2023-06-15T12:12:36.800+0000] {taskmixin.py:211} WARNING - Dependency <Task(BashOperator): create_entry_gcs>, delete_entry already registered for DAG: example_complex
[2023-06-15T12:12:36.801+0000] {logging_mixin.py:149} INFO - [2023-06-15T12:12:36.801+0000] {taskmixin.py:211} WARNING - Dependency <Task(BashOperator): delete_entry>, create_entry_gcs already registered for DAG: example_complex
[2023-06-15T12:12:36.802+0000] {logging_mixin.py:149} INFO - [2023-06-15T12:12:36.802+0000] {taskmixin.py:211} WARNING - Dependency <Task(BashOperator): create_tag>, delete_tag already registered for DAG: example_complex
[2023-06-15T12:12:36.802+0000] {logging_mixin.py:149} INFO - [2023-06-15T12:12:36.802+0000] {taskmixin.py:211} WARNING - Dependency <Task(BashOperator): delete_tag>, create_tag already registered for DAG: example_complex
[2023-06-15T12:12:36.805+0000] {processor.py:836} INFO - DAG(s) dict_keys(['example_complex']) retrieved from /home/airflow/.local/lib/python3.7/site-packages/airflow/example_dags/example_complex.py
[2023-06-15T12:12:36.843+0000] {logging_mixin.py:149} INFO - [2023-06-15T12:12:36.843+0000] {dag.py:2726} INFO - Sync 1 DAGs
[2023-06-15T12:12:36.874+0000] {logging_mixin.py:149} INFO - [2023-06-15T12:12:36.874+0000] {dag.py:3490} INFO - Setting next_dagrun for example_complex to None, run_after=None
[2023-06-15T12:12:36.900+0000] {processor.py:179} INFO - Processing /home/airflow/.local/lib/python3.7/site-packages/airflow/example_dags/example_complex.py took 0.117 seconds
[2023-06-15T12:13:07.617+0000] {processor.py:157} INFO - Started process (PID=595) to work on /home/airflow/.local/lib/python3.7/site-packages/airflow/example_dags/example_complex.py
[2023-06-15T12:13:07.618+0000] {processor.py:826} INFO - Processing file /home/airflow/.local/lib/python3.7/site-packages/airflow/example_dags/example_complex.py for tasks to queue
[2023-06-15T12:13:07.619+0000] {logging_mixin.py:149} INFO - [2023-06-15T12:13:07.619+0000] {dagbag.py:541} INFO - Filling up the DagBag from /home/airflow/.local/lib/python3.7/site-packages/airflow/example_dags/example_complex.py
[2023-06-15T12:13:07.633+0000] {logging_mixin.py:149} INFO - [2023-06-15T12:13:07.633+0000] {taskmixin.py:211} WARNING - Dependency <Task(BashOperator): create_entry_group>, delete_entry_group already registered for DAG: example_complex
[2023-06-15T12:13:07.634+0000] {logging_mixin.py:149} INFO - [2023-06-15T12:13:07.633+0000] {taskmixin.py:211} WARNING - Dependency <Task(BashOperator): delete_entry_group>, create_entry_group already registered for DAG: example_complex
[2023-06-15T12:13:07.635+0000] {logging_mixin.py:149} INFO - [2023-06-15T12:13:07.634+0000] {taskmixin.py:211} WARNING - Dependency <Task(BashOperator): create_entry_gcs>, delete_entry already registered for DAG: example_complex
[2023-06-15T12:13:07.635+0000] {logging_mixin.py:149} INFO - [2023-06-15T12:13:07.635+0000] {taskmixin.py:211} WARNING - Dependency <Task(BashOperator): delete_entry>, create_entry_gcs already registered for DAG: example_complex
[2023-06-15T12:13:07.636+0000] {logging_mixin.py:149} INFO - [2023-06-15T12:13:07.636+0000] {taskmixin.py:211} WARNING - Dependency <Task(BashOperator): create_tag>, delete_tag already registered for DAG: example_complex
[2023-06-15T12:13:07.637+0000] {logging_mixin.py:149} INFO - [2023-06-15T12:13:07.637+0000] {taskmixin.py:211} WARNING - Dependency <Task(BashOperator): delete_tag>, create_tag already registered for DAG: example_complex
[2023-06-15T12:13:07.640+0000] {processor.py:836} INFO - DAG(s) dict_keys(['example_complex']) retrieved from /home/airflow/.local/lib/python3.7/site-packages/airflow/example_dags/example_complex.py
[2023-06-15T12:13:07.687+0000] {logging_mixin.py:149} INFO - [2023-06-15T12:13:07.687+0000] {dag.py:2726} INFO - Sync 1 DAGs
[2023-06-15T12:13:07.723+0000] {logging_mixin.py:149} INFO - [2023-06-15T12:13:07.722+0000] {dag.py:3490} INFO - Setting next_dagrun for example_complex to None, run_after=None
[2023-06-15T12:13:07.756+0000] {processor.py:179} INFO - Processing /home/airflow/.local/lib/python3.7/site-packages/airflow/example_dags/example_complex.py took 0.143 seconds
[2023-06-15T12:13:38.619+0000] {processor.py:157} INFO - Started process (PID=672) to work on /home/airflow/.local/lib/python3.7/site-packages/airflow/example_dags/example_complex.py
[2023-06-15T12:13:38.621+0000] {processor.py:826} INFO - Processing file /home/airflow/.local/lib/python3.7/site-packages/airflow/example_dags/example_complex.py for tasks to queue
[2023-06-15T12:13:38.622+0000] {logging_mixin.py:149} INFO - [2023-06-15T12:13:38.622+0000] {dagbag.py:541} INFO - Filling up the DagBag from /home/airflow/.local/lib/python3.7/site-packages/airflow/example_dags/example_complex.py
[2023-06-15T12:13:38.639+0000] {logging_mixin.py:149} INFO - [2023-06-15T12:13:38.639+0000] {taskmixin.py:211} WARNING - Dependency <Task(BashOperator): create_entry_group>, delete_entry_group already registered for DAG: example_complex
[2023-06-15T12:13:38.640+0000] {logging_mixin.py:149} INFO - [2023-06-15T12:13:38.640+0000] {taskmixin.py:211} WARNING - Dependency <Task(BashOperator): delete_entry_group>, create_entry_group already registered for DAG: example_complex
[2023-06-15T12:13:38.641+0000] {logging_mixin.py:149} INFO - [2023-06-15T12:13:38.640+0000] {taskmixin.py:211} WARNING - Dependency <Task(BashOperator): create_entry_gcs>, delete_entry already registered for DAG: example_complex
[2023-06-15T12:13:38.641+0000] {logging_mixin.py:149} INFO - [2023-06-15T12:13:38.641+0000] {taskmixin.py:211} WARNING - Dependency <Task(BashOperator): delete_entry>, create_entry_gcs already registered for DAG: example_complex
[2023-06-15T12:13:38.642+0000] {logging_mixin.py:149} INFO - [2023-06-15T12:13:38.642+0000] {taskmixin.py:211} WARNING - Dependency <Task(BashOperator): create_tag>, delete_tag already registered for DAG: example_complex
[2023-06-15T12:13:38.643+0000] {logging_mixin.py:149} INFO - [2023-06-15T12:13:38.643+0000] {taskmixin.py:211} WARNING - Dependency <Task(BashOperator): delete_tag>, create_tag already registered for DAG: example_complex
[2023-06-15T12:13:38.648+0000] {processor.py:836} INFO - DAG(s) dict_keys(['example_complex']) retrieved from /home/airflow/.local/lib/python3.7/site-packages/airflow/example_dags/example_complex.py
[2023-06-15T12:13:38.710+0000] {logging_mixin.py:149} INFO - [2023-06-15T12:13:38.710+0000] {dag.py:2726} INFO - Sync 1 DAGs
[2023-06-15T12:13:38.756+0000] {logging_mixin.py:149} INFO - [2023-06-15T12:13:38.756+0000] {dag.py:3490} INFO - Setting next_dagrun for example_complex to None, run_after=None
[2023-06-15T12:13:38.791+0000] {processor.py:179} INFO - Processing /home/airflow/.local/lib/python3.7/site-packages/airflow/example_dags/example_complex.py took 0.175 seconds
[2023-06-15T12:14:09.315+0000] {processor.py:157} INFO - Started process (PID=749) to work on /home/airflow/.local/lib/python3.7/site-packages/airflow/example_dags/example_complex.py
[2023-06-15T12:14:09.316+0000] {processor.py:826} INFO - Processing file /home/airflow/.local/lib/python3.7/site-packages/airflow/example_dags/example_complex.py for tasks to queue
[2023-06-15T12:14:09.317+0000] {logging_mixin.py:149} INFO - [2023-06-15T12:14:09.317+0000] {dagbag.py:541} INFO - Filling up the DagBag from /home/airflow/.local/lib/python3.7/site-packages/airflow/example_dags/example_complex.py
[2023-06-15T12:14:09.332+0000] {logging_mixin.py:149} INFO - [2023-06-15T12:14:09.332+0000] {taskmixin.py:211} WARNING - Dependency <Task(BashOperator): create_entry_group>, delete_entry_group already registered for DAG: example_complex
[2023-06-15T12:14:09.333+0000] {logging_mixin.py:149} INFO - [2023-06-15T12:14:09.333+0000] {taskmixin.py:211} WARNING - Dependency <Task(BashOperator): delete_entry_group>, create_entry_group already registered for DAG: example_complex
[2023-06-15T12:14:09.334+0000] {logging_mixin.py:149} INFO - [2023-06-15T12:14:09.334+0000] {taskmixin.py:211} WARNING - Dependency <Task(BashOperator): create_entry_gcs>, delete_entry already registered for DAG: example_complex
[2023-06-15T12:14:09.335+0000] {logging_mixin.py:149} INFO - [2023-06-15T12:14:09.334+0000] {taskmixin.py:211} WARNING - Dependency <Task(BashOperator): delete_entry>, create_entry_gcs already registered for DAG: example_complex
[2023-06-15T12:14:09.336+0000] {logging_mixin.py:149} INFO - [2023-06-15T12:14:09.336+0000] {taskmixin.py:211} WARNING - Dependency <Task(BashOperator): create_tag>, delete_tag already registered for DAG: example_complex
[2023-06-15T12:14:09.337+0000] {logging_mixin.py:149} INFO - [2023-06-15T12:14:09.336+0000] {taskmixin.py:211} WARNING - Dependency <Task(BashOperator): delete_tag>, create_tag already registered for DAG: example_complex
[2023-06-15T12:14:09.339+0000] {processor.py:836} INFO - DAG(s) dict_keys(['example_complex']) retrieved from /home/airflow/.local/lib/python3.7/site-packages/airflow/example_dags/example_complex.py
[2023-06-15T12:14:09.399+0000] {logging_mixin.py:149} INFO - [2023-06-15T12:14:09.398+0000] {dag.py:2726} INFO - Sync 1 DAGs
[2023-06-15T12:14:09.441+0000] {logging_mixin.py:149} INFO - [2023-06-15T12:14:09.440+0000] {dag.py:3490} INFO - Setting next_dagrun for example_complex to None, run_after=None
[2023-06-15T12:14:09.470+0000] {processor.py:179} INFO - Processing /home/airflow/.local/lib/python3.7/site-packages/airflow/example_dags/example_complex.py took 0.158 seconds
[2023-06-15T12:14:39.886+0000] {processor.py:157} INFO - Started process (PID=826) to work on /home/airflow/.local/lib/python3.7/site-packages/airflow/example_dags/example_complex.py
[2023-06-15T12:14:39.887+0000] {processor.py:826} INFO - Processing file /home/airflow/.local/lib/python3.7/site-packages/airflow/example_dags/example_complex.py for tasks to queue
[2023-06-15T12:14:39.889+0000] {logging_mixin.py:149} INFO - [2023-06-15T12:14:39.889+0000] {dagbag.py:541} INFO - Filling up the DagBag from /home/airflow/.local/lib/python3.7/site-packages/airflow/example_dags/example_complex.py
[2023-06-15T12:14:39.911+0000] {logging_mixin.py:149} INFO - [2023-06-15T12:14:39.911+0000] {taskmixin.py:211} WARNING - Dependency <Task(BashOperator): create_entry_group>, delete_entry_group already registered for DAG: example_complex
[2023-06-15T12:14:39.912+0000] {logging_mixin.py:149} INFO - [2023-06-15T12:14:39.912+0000] {taskmixin.py:211} WARNING - Dependency <Task(BashOperator): delete_entry_group>, create_entry_group already registered for DAG: example_complex
[2023-06-15T12:14:39.914+0000] {logging_mixin.py:149} INFO - [2023-06-15T12:14:39.913+0000] {taskmixin.py:211} WARNING - Dependency <Task(BashOperator): create_entry_gcs>, delete_entry already registered for DAG: example_complex
[2023-06-15T12:14:39.914+0000] {logging_mixin.py:149} INFO - [2023-06-15T12:14:39.914+0000] {taskmixin.py:211} WARNING - Dependency <Task(BashOperator): delete_entry>, create_entry_gcs already registered for DAG: example_complex
[2023-06-15T12:14:39.915+0000] {logging_mixin.py:149} INFO - [2023-06-15T12:14:39.915+0000] {taskmixin.py:211} WARNING - Dependency <Task(BashOperator): create_tag>, delete_tag already registered for DAG: example_complex
[2023-06-15T12:14:39.916+0000] {logging_mixin.py:149} INFO - [2023-06-15T12:14:39.916+0000] {taskmixin.py:211} WARNING - Dependency <Task(BashOperator): delete_tag>, create_tag already registered for DAG: example_complex
[2023-06-15T12:14:39.919+0000] {processor.py:836} INFO - DAG(s) dict_keys(['example_complex']) retrieved from /home/airflow/.local/lib/python3.7/site-packages/airflow/example_dags/example_complex.py
[2023-06-15T12:14:39.983+0000] {logging_mixin.py:149} INFO - [2023-06-15T12:14:39.983+0000] {dag.py:2726} INFO - Sync 1 DAGs
[2023-06-15T12:14:40.023+0000] {logging_mixin.py:149} INFO - [2023-06-15T12:14:40.023+0000] {dag.py:3490} INFO - Setting next_dagrun for example_complex to None, run_after=None
[2023-06-15T12:14:40.052+0000] {processor.py:179} INFO - Processing /home/airflow/.local/lib/python3.7/site-packages/airflow/example_dags/example_complex.py took 0.169 seconds
[2023-06-15T12:15:10.482+0000] {processor.py:157} INFO - Started process (PID=904) to work on /home/airflow/.local/lib/python3.7/site-packages/airflow/example_dags/example_complex.py
[2023-06-15T12:15:10.483+0000] {processor.py:826} INFO - Processing file /home/airflow/.local/lib/python3.7/site-packages/airflow/example_dags/example_complex.py for tasks to queue
[2023-06-15T12:15:10.484+0000] {logging_mixin.py:149} INFO - [2023-06-15T12:15:10.484+0000] {dagbag.py:541} INFO - Filling up the DagBag from /home/airflow/.local/lib/python3.7/site-packages/airflow/example_dags/example_complex.py
[2023-06-15T12:15:10.499+0000] {logging_mixin.py:149} INFO - [2023-06-15T12:15:10.498+0000] {taskmixin.py:211} WARNING - Dependency <Task(BashOperator): create_entry_group>, delete_entry_group already registered for DAG: example_complex
[2023-06-15T12:15:10.499+0000] {logging_mixin.py:149} INFO - [2023-06-15T12:15:10.499+0000] {taskmixin.py:211} WARNING - Dependency <Task(BashOperator): delete_entry_group>, create_entry_group already registered for DAG: example_complex
[2023-06-15T12:15:10.500+0000] {logging_mixin.py:149} INFO - [2023-06-15T12:15:10.500+0000] {taskmixin.py:211} WARNING - Dependency <Task(BashOperator): create_entry_gcs>, delete_entry already registered for DAG: example_complex
[2023-06-15T12:15:10.501+0000] {logging_mixin.py:149} INFO - [2023-06-15T12:15:10.501+0000] {taskmixin.py:211} WARNING - Dependency <Task(BashOperator): delete_entry>, create_entry_gcs already registered for DAG: example_complex
[2023-06-15T12:15:10.502+0000] {logging_mixin.py:149} INFO - [2023-06-15T12:15:10.502+0000] {taskmixin.py:211} WARNING - Dependency <Task(BashOperator): create_tag>, delete_tag already registered for DAG: example_complex
[2023-06-15T12:15:10.502+0000] {logging_mixin.py:149} INFO - [2023-06-15T12:15:10.502+0000] {taskmixin.py:211} WARNING - Dependency <Task(BashOperator): delete_tag>, create_tag already registered for DAG: example_complex
[2023-06-15T12:15:10.505+0000] {processor.py:836} INFO - DAG(s) dict_keys(['example_complex']) retrieved from /home/airflow/.local/lib/python3.7/site-packages/airflow/example_dags/example_complex.py
[2023-06-15T12:15:10.559+0000] {logging_mixin.py:149} INFO - [2023-06-15T12:15:10.558+0000] {dag.py:2726} INFO - Sync 1 DAGs
[2023-06-15T12:15:10.598+0000] {logging_mixin.py:149} INFO - [2023-06-15T12:15:10.597+0000] {dag.py:3490} INFO - Setting next_dagrun for example_complex to None, run_after=None
[2023-06-15T12:15:10.626+0000] {processor.py:179} INFO - Processing /home/airflow/.local/lib/python3.7/site-packages/airflow/example_dags/example_complex.py took 0.147 seconds
[2023-06-15T12:15:40.761+0000] {processor.py:157} INFO - Started process (PID=968) to work on /home/airflow/.local/lib/python3.7/site-packages/airflow/example_dags/example_complex.py
[2023-06-15T12:15:40.762+0000] {processor.py:826} INFO - Processing file /home/airflow/.local/lib/python3.7/site-packages/airflow/example_dags/example_complex.py for tasks to queue
[2023-06-15T12:15:40.763+0000] {logging_mixin.py:149} INFO - [2023-06-15T12:15:40.763+0000] {dagbag.py:541} INFO - Filling up the DagBag from /home/airflow/.local/lib/python3.7/site-packages/airflow/example_dags/example_complex.py
[2023-06-15T12:15:40.777+0000] {logging_mixin.py:149} INFO - [2023-06-15T12:15:40.777+0000] {taskmixin.py:211} WARNING - Dependency <Task(BashOperator): create_entry_group>, delete_entry_group already registered for DAG: example_complex
[2023-06-15T12:15:40.778+0000] {logging_mixin.py:149} INFO - [2023-06-15T12:15:40.777+0000] {taskmixin.py:211} WARNING - Dependency <Task(BashOperator): delete_entry_group>, create_entry_group already registered for DAG: example_complex
[2023-06-15T12:15:40.778+0000] {logging_mixin.py:149} INFO - [2023-06-15T12:15:40.778+0000] {taskmixin.py:211} WARNING - Dependency <Task(BashOperator): create_entry_gcs>, delete_entry already registered for DAG: example_complex
[2023-06-15T12:15:40.779+0000] {logging_mixin.py:149} INFO - [2023-06-15T12:15:40.779+0000] {taskmixin.py:211} WARNING - Dependency <Task(BashOperator): delete_entry>, create_entry_gcs already registered for DAG: example_complex
[2023-06-15T12:15:40.780+0000] {logging_mixin.py:149} INFO - [2023-06-15T12:15:40.780+0000] {taskmixin.py:211} WARNING - Dependency <Task(BashOperator): create_tag>, delete_tag already registered for DAG: example_complex
[2023-06-15T12:15:40.781+0000] {logging_mixin.py:149} INFO - [2023-06-15T12:15:40.781+0000] {taskmixin.py:211} WARNING - Dependency <Task(BashOperator): delete_tag>, create_tag already registered for DAG: example_complex
[2023-06-15T12:15:40.784+0000] {processor.py:836} INFO - DAG(s) dict_keys(['example_complex']) retrieved from /home/airflow/.local/lib/python3.7/site-packages/airflow/example_dags/example_complex.py
[2023-06-15T12:15:40.836+0000] {logging_mixin.py:149} INFO - [2023-06-15T12:15:40.836+0000] {dag.py:2726} INFO - Sync 1 DAGs
[2023-06-15T12:15:40.876+0000] {logging_mixin.py:149} INFO - [2023-06-15T12:15:40.875+0000] {dag.py:3490} INFO - Setting next_dagrun for example_complex to None, run_after=None
[2023-06-15T12:15:40.913+0000] {processor.py:179} INFO - Processing /home/airflow/.local/lib/python3.7/site-packages/airflow/example_dags/example_complex.py took 0.156 seconds
[2023-06-15T12:16:11.947+0000] {processor.py:157} INFO - Started process (PID=1046) to work on /home/airflow/.local/lib/python3.7/site-packages/airflow/example_dags/example_complex.py
[2023-06-15T12:16:11.948+0000] {processor.py:826} INFO - Processing file /home/airflow/.local/lib/python3.7/site-packages/airflow/example_dags/example_complex.py for tasks to queue
[2023-06-15T12:16:11.949+0000] {logging_mixin.py:149} INFO - [2023-06-15T12:16:11.949+0000] {dagbag.py:541} INFO - Filling up the DagBag from /home/airflow/.local/lib/python3.7/site-packages/airflow/example_dags/example_complex.py
[2023-06-15T12:16:11.963+0000] {logging_mixin.py:149} INFO - [2023-06-15T12:16:11.963+0000] {taskmixin.py:211} WARNING - Dependency <Task(BashOperator): create_entry_group>, delete_entry_group already registered for DAG: example_complex
[2023-06-15T12:16:11.964+0000] {logging_mixin.py:149} INFO - [2023-06-15T12:16:11.963+0000] {taskmixin.py:211} WARNING - Dependency <Task(BashOperator): delete_entry_group>, create_entry_group already registered for DAG: example_complex
[2023-06-15T12:16:11.964+0000] {logging_mixin.py:149} INFO - [2023-06-15T12:16:11.964+0000] {taskmixin.py:211} WARNING - Dependency <Task(BashOperator): create_entry_gcs>, delete_entry already registered for DAG: example_complex
[2023-06-15T12:16:11.965+0000] {logging_mixin.py:149} INFO - [2023-06-15T12:16:11.965+0000] {taskmixin.py:211} WARNING - Dependency <Task(BashOperator): delete_entry>, create_entry_gcs already registered for DAG: example_complex
[2023-06-15T12:16:11.966+0000] {logging_mixin.py:149} INFO - [2023-06-15T12:16:11.965+0000] {taskmixin.py:211} WARNING - Dependency <Task(BashOperator): create_tag>, delete_tag already registered for DAG: example_complex
[2023-06-15T12:16:11.966+0000] {logging_mixin.py:149} INFO - [2023-06-15T12:16:11.966+0000] {taskmixin.py:211} WARNING - Dependency <Task(BashOperator): delete_tag>, create_tag already registered for DAG: example_complex
[2023-06-15T12:16:11.969+0000] {processor.py:836} INFO - DAG(s) dict_keys(['example_complex']) retrieved from /home/airflow/.local/lib/python3.7/site-packages/airflow/example_dags/example_complex.py
[2023-06-15T12:16:12.019+0000] {logging_mixin.py:149} INFO - [2023-06-15T12:16:12.018+0000] {dag.py:2726} INFO - Sync 1 DAGs
[2023-06-15T12:16:12.057+0000] {logging_mixin.py:149} INFO - [2023-06-15T12:16:12.057+0000] {dag.py:3490} INFO - Setting next_dagrun for example_complex to None, run_after=None
[2023-06-15T12:16:12.084+0000] {processor.py:179} INFO - Processing /home/airflow/.local/lib/python3.7/site-packages/airflow/example_dags/example_complex.py took 0.140 seconds
[2023-06-15T12:16:42.586+0000] {processor.py:157} INFO - Started process (PID=1123) to work on /home/airflow/.local/lib/python3.7/site-packages/airflow/example_dags/example_complex.py
[2023-06-15T12:16:42.587+0000] {processor.py:826} INFO - Processing file /home/airflow/.local/lib/python3.7/site-packages/airflow/example_dags/example_complex.py for tasks to queue
[2023-06-15T12:16:42.588+0000] {logging_mixin.py:149} INFO - [2023-06-15T12:16:42.588+0000] {dagbag.py:541} INFO - Filling up the DagBag from /home/airflow/.local/lib/python3.7/site-packages/airflow/example_dags/example_complex.py
[2023-06-15T12:16:42.603+0000] {logging_mixin.py:149} INFO - [2023-06-15T12:16:42.603+0000] {taskmixin.py:211} WARNING - Dependency <Task(BashOperator): create_entry_group>, delete_entry_group already registered for DAG: example_complex
[2023-06-15T12:16:42.604+0000] {logging_mixin.py:149} INFO - [2023-06-15T12:16:42.603+0000] {taskmixin.py:211} WARNING - Dependency <Task(BashOperator): delete_entry_group>, create_entry_group already registered for DAG: example_complex
[2023-06-15T12:16:42.604+0000] {logging_mixin.py:149} INFO - [2023-06-15T12:16:42.604+0000] {taskmixin.py:211} WARNING - Dependency <Task(BashOperator): create_entry_gcs>, delete_entry already registered for DAG: example_complex
[2023-06-15T12:16:42.605+0000] {logging_mixin.py:149} INFO - [2023-06-15T12:16:42.605+0000] {taskmixin.py:211} WARNING - Dependency <Task(BashOperator): delete_entry>, create_entry_gcs already registered for DAG: example_complex
[2023-06-15T12:16:42.606+0000] {logging_mixin.py:149} INFO - [2023-06-15T12:16:42.606+0000] {taskmixin.py:211} WARNING - Dependency <Task(BashOperator): create_tag>, delete_tag already registered for DAG: example_complex
[2023-06-15T12:16:42.606+0000] {logging_mixin.py:149} INFO - [2023-06-15T12:16:42.606+0000] {taskmixin.py:211} WARNING - Dependency <Task(BashOperator): delete_tag>, create_tag already registered for DAG: example_complex
[2023-06-15T12:16:42.609+0000] {processor.py:836} INFO - DAG(s) dict_keys(['example_complex']) retrieved from /home/airflow/.local/lib/python3.7/site-packages/airflow/example_dags/example_complex.py
[2023-06-15T12:16:42.660+0000] {logging_mixin.py:149} INFO - [2023-06-15T12:16:42.660+0000] {dag.py:2726} INFO - Sync 1 DAGs
[2023-06-15T12:16:42.701+0000] {logging_mixin.py:149} INFO - [2023-06-15T12:16:42.700+0000] {dag.py:3490} INFO - Setting next_dagrun for example_complex to None, run_after=None
[2023-06-15T12:16:42.736+0000] {processor.py:179} INFO - Processing /home/airflow/.local/lib/python3.7/site-packages/airflow/example_dags/example_complex.py took 0.155 seconds
[2023-06-15T12:17:13.594+0000] {processor.py:157} INFO - Started process (PID=1200) to work on /home/airflow/.local/lib/python3.7/site-packages/airflow/example_dags/example_complex.py
[2023-06-15T12:17:13.596+0000] {processor.py:826} INFO - Processing file /home/airflow/.local/lib/python3.7/site-packages/airflow/example_dags/example_complex.py for tasks to queue
[2023-06-15T12:17:13.597+0000] {logging_mixin.py:149} INFO - [2023-06-15T12:17:13.597+0000] {dagbag.py:541} INFO - Filling up the DagBag from /home/airflow/.local/lib/python3.7/site-packages/airflow/example_dags/example_complex.py
[2023-06-15T12:17:13.615+0000] {logging_mixin.py:149} INFO - [2023-06-15T12:17:13.615+0000] {taskmixin.py:211} WARNING - Dependency <Task(BashOperator): create_entry_group>, delete_entry_group already registered for DAG: example_complex
[2023-06-15T12:17:13.616+0000] {logging_mixin.py:149} INFO - [2023-06-15T12:17:13.616+0000] {taskmixin.py:211} WARNING - Dependency <Task(BashOperator): delete_entry_group>, create_entry_group already registered for DAG: example_complex
[2023-06-15T12:17:13.617+0000] {logging_mixin.py:149} INFO - [2023-06-15T12:17:13.616+0000] {taskmixin.py:211} WARNING - Dependency <Task(BashOperator): create_entry_gcs>, delete_entry already registered for DAG: example_complex
[2023-06-15T12:17:13.617+0000] {logging_mixin.py:149} INFO - [2023-06-15T12:17:13.617+0000] {taskmixin.py:211} WARNING - Dependency <Task(BashOperator): delete_entry>, create_entry_gcs already registered for DAG: example_complex
[2023-06-15T12:17:13.618+0000] {logging_mixin.py:149} INFO - [2023-06-15T12:17:13.618+0000] {taskmixin.py:211} WARNING - Dependency <Task(BashOperator): create_tag>, delete_tag already registered for DAG: example_complex
[2023-06-15T12:17:13.619+0000] {logging_mixin.py:149} INFO - [2023-06-15T12:17:13.619+0000] {taskmixin.py:211} WARNING - Dependency <Task(BashOperator): delete_tag>, create_tag already registered for DAG: example_complex
[2023-06-15T12:17:13.622+0000] {processor.py:836} INFO - DAG(s) dict_keys(['example_complex']) retrieved from /home/airflow/.local/lib/python3.7/site-packages/airflow/example_dags/example_complex.py
[2023-06-15T12:17:13.677+0000] {logging_mixin.py:149} INFO - [2023-06-15T12:17:13.676+0000] {dag.py:2726} INFO - Sync 1 DAGs
[2023-06-15T12:17:13.721+0000] {logging_mixin.py:149} INFO - [2023-06-15T12:17:13.720+0000] {dag.py:3490} INFO - Setting next_dagrun for example_complex to None, run_after=None
[2023-06-15T12:17:13.756+0000] {processor.py:179} INFO - Processing /home/airflow/.local/lib/python3.7/site-packages/airflow/example_dags/example_complex.py took 0.166 seconds
[2023-06-15T12:17:44.142+0000] {processor.py:157} INFO - Started process (PID=1277) to work on /home/airflow/.local/lib/python3.7/site-packages/airflow/example_dags/example_complex.py
[2023-06-15T12:17:44.143+0000] {processor.py:826} INFO - Processing file /home/airflow/.local/lib/python3.7/site-packages/airflow/example_dags/example_complex.py for tasks to queue
[2023-06-15T12:17:44.145+0000] {logging_mixin.py:149} INFO - [2023-06-15T12:17:44.144+0000] {dagbag.py:541} INFO - Filling up the DagBag from /home/airflow/.local/lib/python3.7/site-packages/airflow/example_dags/example_complex.py
[2023-06-15T12:17:44.158+0000] {logging_mixin.py:149} INFO - [2023-06-15T12:17:44.158+0000] {taskmixin.py:211} WARNING - Dependency <Task(BashOperator): create_entry_group>, delete_entry_group already registered for DAG: example_complex
[2023-06-15T12:17:44.159+0000] {logging_mixin.py:149} INFO - [2023-06-15T12:17:44.159+0000] {taskmixin.py:211} WARNING - Dependency <Task(BashOperator): delete_entry_group>, create_entry_group already registered for DAG: example_complex
[2023-06-15T12:17:44.160+0000] {logging_mixin.py:149} INFO - [2023-06-15T12:17:44.159+0000] {taskmixin.py:211} WARNING - Dependency <Task(BashOperator): create_entry_gcs>, delete_entry already registered for DAG: example_complex
[2023-06-15T12:17:44.160+0000] {logging_mixin.py:149} INFO - [2023-06-15T12:17:44.160+0000] {taskmixin.py:211} WARNING - Dependency <Task(BashOperator): delete_entry>, create_entry_gcs already registered for DAG: example_complex
[2023-06-15T12:17:44.161+0000] {logging_mixin.py:149} INFO - [2023-06-15T12:17:44.161+0000] {taskmixin.py:211} WARNING - Dependency <Task(BashOperator): create_tag>, delete_tag already registered for DAG: example_complex
[2023-06-15T12:17:44.162+0000] {logging_mixin.py:149} INFO - [2023-06-15T12:17:44.162+0000] {taskmixin.py:211} WARNING - Dependency <Task(BashOperator): delete_tag>, create_tag already registered for DAG: example_complex
[2023-06-15T12:17:44.164+0000] {processor.py:836} INFO - DAG(s) dict_keys(['example_complex']) retrieved from /home/airflow/.local/lib/python3.7/site-packages/airflow/example_dags/example_complex.py
[2023-06-15T12:17:44.213+0000] {logging_mixin.py:149} INFO - [2023-06-15T12:17:44.212+0000] {dag.py:2726} INFO - Sync 1 DAGs
[2023-06-15T12:17:44.256+0000] {logging_mixin.py:149} INFO - [2023-06-15T12:17:44.256+0000] {dag.py:3490} INFO - Setting next_dagrun for example_complex to None, run_after=None
[2023-06-15T12:17:44.285+0000] {processor.py:179} INFO - Processing /home/airflow/.local/lib/python3.7/site-packages/airflow/example_dags/example_complex.py took 0.146 seconds
[2023-06-15T12:18:14.691+0000] {processor.py:157} INFO - Started process (PID=1354) to work on /home/airflow/.local/lib/python3.7/site-packages/airflow/example_dags/example_complex.py
[2023-06-15T12:18:14.692+0000] {processor.py:826} INFO - Processing file /home/airflow/.local/lib/python3.7/site-packages/airflow/example_dags/example_complex.py for tasks to queue
[2023-06-15T12:18:14.694+0000] {logging_mixin.py:149} INFO - [2023-06-15T12:18:14.693+0000] {dagbag.py:541} INFO - Filling up the DagBag from /home/airflow/.local/lib/python3.7/site-packages/airflow/example_dags/example_complex.py
[2023-06-15T12:18:14.712+0000] {logging_mixin.py:149} INFO - [2023-06-15T12:18:14.712+0000] {taskmixin.py:211} WARNING - Dependency <Task(BashOperator): create_entry_group>, delete_entry_group already registered for DAG: example_complex
[2023-06-15T12:18:14.713+0000] {logging_mixin.py:149} INFO - [2023-06-15T12:18:14.713+0000] {taskmixin.py:211} WARNING - Dependency <Task(BashOperator): delete_entry_group>, create_entry_group already registered for DAG: example_complex
[2023-06-15T12:18:14.714+0000] {logging_mixin.py:149} INFO - [2023-06-15T12:18:14.714+0000] {taskmixin.py:211} WARNING - Dependency <Task(BashOperator): create_entry_gcs>, delete_entry already registered for DAG: example_complex
[2023-06-15T12:18:14.714+0000] {logging_mixin.py:149} INFO - [2023-06-15T12:18:14.714+0000] {taskmixin.py:211} WARNING - Dependency <Task(BashOperator): delete_entry>, create_entry_gcs already registered for DAG: example_complex
[2023-06-15T12:18:14.716+0000] {logging_mixin.py:149} INFO - [2023-06-15T12:18:14.715+0000] {taskmixin.py:211} WARNING - Dependency <Task(BashOperator): create_tag>, delete_tag already registered for DAG: example_complex
[2023-06-15T12:18:14.716+0000] {logging_mixin.py:149} INFO - [2023-06-15T12:18:14.716+0000] {taskmixin.py:211} WARNING - Dependency <Task(BashOperator): delete_tag>, create_tag already registered for DAG: example_complex
[2023-06-15T12:18:14.719+0000] {processor.py:836} INFO - DAG(s) dict_keys(['example_complex']) retrieved from /home/airflow/.local/lib/python3.7/site-packages/airflow/example_dags/example_complex.py
[2023-06-15T12:18:14.771+0000] {logging_mixin.py:149} INFO - [2023-06-15T12:18:14.771+0000] {dag.py:2726} INFO - Sync 1 DAGs
[2023-06-15T12:18:14.821+0000] {logging_mixin.py:149} INFO - [2023-06-15T12:18:14.821+0000] {dag.py:3490} INFO - Setting next_dagrun for example_complex to None, run_after=None
[2023-06-15T12:18:14.851+0000] {processor.py:179} INFO - Processing /home/airflow/.local/lib/python3.7/site-packages/airflow/example_dags/example_complex.py took 0.166 seconds
[2023-06-15T12:18:45.427+0000] {processor.py:157} INFO - Started process (PID=1431) to work on /home/airflow/.local/lib/python3.7/site-packages/airflow/example_dags/example_complex.py
[2023-06-15T12:18:45.429+0000] {processor.py:826} INFO - Processing file /home/airflow/.local/lib/python3.7/site-packages/airflow/example_dags/example_complex.py for tasks to queue
[2023-06-15T12:18:45.430+0000] {logging_mixin.py:149} INFO - [2023-06-15T12:18:45.430+0000] {dagbag.py:541} INFO - Filling up the DagBag from /home/airflow/.local/lib/python3.7/site-packages/airflow/example_dags/example_complex.py
[2023-06-15T12:18:45.444+0000] {logging_mixin.py:149} INFO - [2023-06-15T12:18:45.444+0000] {taskmixin.py:211} WARNING - Dependency <Task(BashOperator): create_entry_group>, delete_entry_group already registered for DAG: example_complex
[2023-06-15T12:18:45.445+0000] {logging_mixin.py:149} INFO - [2023-06-15T12:18:45.445+0000] {taskmixin.py:211} WARNING - Dependency <Task(BashOperator): delete_entry_group>, create_entry_group already registered for DAG: example_complex
[2023-06-15T12:18:45.446+0000] {logging_mixin.py:149} INFO - [2023-06-15T12:18:45.445+0000] {taskmixin.py:211} WARNING - Dependency <Task(BashOperator): create_entry_gcs>, delete_entry already registered for DAG: example_complex
[2023-06-15T12:18:45.446+0000] {logging_mixin.py:149} INFO - [2023-06-15T12:18:45.446+0000] {taskmixin.py:211} WARNING - Dependency <Task(BashOperator): delete_entry>, create_entry_gcs already registered for DAG: example_complex
[2023-06-15T12:18:45.447+0000] {logging_mixin.py:149} INFO - [2023-06-15T12:18:45.447+0000] {taskmixin.py:211} WARNING - Dependency <Task(BashOperator): create_tag>, delete_tag already registered for DAG: example_complex
[2023-06-15T12:18:45.448+0000] {logging_mixin.py:149} INFO - [2023-06-15T12:18:45.447+0000] {taskmixin.py:211} WARNING - Dependency <Task(BashOperator): delete_tag>, create_tag already registered for DAG: example_complex
[2023-06-15T12:18:45.450+0000] {processor.py:836} INFO - DAG(s) dict_keys(['example_complex']) retrieved from /home/airflow/.local/lib/python3.7/site-packages/airflow/example_dags/example_complex.py
[2023-06-15T12:18:45.500+0000] {logging_mixin.py:149} INFO - [2023-06-15T12:18:45.500+0000] {dag.py:2726} INFO - Sync 1 DAGs
[2023-06-15T12:18:45.538+0000] {logging_mixin.py:149} INFO - [2023-06-15T12:18:45.538+0000] {dag.py:3490} INFO - Setting next_dagrun for example_complex to None, run_after=None
[2023-06-15T12:18:45.567+0000] {processor.py:179} INFO - Processing /home/airflow/.local/lib/python3.7/site-packages/airflow/example_dags/example_complex.py took 0.143 seconds
[2023-06-15T12:19:16.206+0000] {processor.py:157} INFO - Started process (PID=1508) to work on /home/airflow/.local/lib/python3.7/site-packages/airflow/example_dags/example_complex.py
[2023-06-15T12:19:16.208+0000] {processor.py:826} INFO - Processing file /home/airflow/.local/lib/python3.7/site-packages/airflow/example_dags/example_complex.py for tasks to queue
[2023-06-15T12:19:16.209+0000] {logging_mixin.py:149} INFO - [2023-06-15T12:19:16.209+0000] {dagbag.py:541} INFO - Filling up the DagBag from /home/airflow/.local/lib/python3.7/site-packages/airflow/example_dags/example_complex.py
[2023-06-15T12:19:16.224+0000] {logging_mixin.py:149} INFO - [2023-06-15T12:19:16.224+0000] {taskmixin.py:211} WARNING - Dependency <Task(BashOperator): create_entry_group>, delete_entry_group already registered for DAG: example_complex
[2023-06-15T12:19:16.225+0000] {logging_mixin.py:149} INFO - [2023-06-15T12:19:16.225+0000] {taskmixin.py:211} WARNING - Dependency <Task(BashOperator): delete_entry_group>, create_entry_group already registered for DAG: example_complex
[2023-06-15T12:19:16.227+0000] {logging_mixin.py:149} INFO - [2023-06-15T12:19:16.226+0000] {taskmixin.py:211} WARNING - Dependency <Task(BashOperator): create_entry_gcs>, delete_entry already registered for DAG: example_complex
[2023-06-15T12:19:16.227+0000] {logging_mixin.py:149} INFO - [2023-06-15T12:19:16.227+0000] {taskmixin.py:211} WARNING - Dependency <Task(BashOperator): delete_entry>, create_entry_gcs already registered for DAG: example_complex
[2023-06-15T12:19:16.229+0000] {logging_mixin.py:149} INFO - [2023-06-15T12:19:16.229+0000] {taskmixin.py:211} WARNING - Dependency <Task(BashOperator): create_tag>, delete_tag already registered for DAG: example_complex
[2023-06-15T12:19:16.230+0000] {logging_mixin.py:149} INFO - [2023-06-15T12:19:16.230+0000] {taskmixin.py:211} WARNING - Dependency <Task(BashOperator): delete_tag>, create_tag already registered for DAG: example_complex
[2023-06-15T12:19:16.233+0000] {processor.py:836} INFO - DAG(s) dict_keys(['example_complex']) retrieved from /home/airflow/.local/lib/python3.7/site-packages/airflow/example_dags/example_complex.py
[2023-06-15T12:19:16.294+0000] {logging_mixin.py:149} INFO - [2023-06-15T12:19:16.294+0000] {dag.py:2726} INFO - Sync 1 DAGs
[2023-06-15T12:19:16.337+0000] {logging_mixin.py:149} INFO - [2023-06-15T12:19:16.337+0000] {dag.py:3490} INFO - Setting next_dagrun for example_complex to None, run_after=None
[2023-06-15T12:19:16.372+0000] {processor.py:179} INFO - Processing /home/airflow/.local/lib/python3.7/site-packages/airflow/example_dags/example_complex.py took 0.170 seconds
[2023-06-15T12:19:46.699+0000] {processor.py:157} INFO - Started process (PID=1571) to work on /home/airflow/.local/lib/python3.7/site-packages/airflow/example_dags/example_complex.py
[2023-06-15T12:19:46.701+0000] {processor.py:826} INFO - Processing file /home/airflow/.local/lib/python3.7/site-packages/airflow/example_dags/example_complex.py for tasks to queue
[2023-06-15T12:19:46.702+0000] {logging_mixin.py:149} INFO - [2023-06-15T12:19:46.702+0000] {dagbag.py:541} INFO - Filling up the DagBag from /home/airflow/.local/lib/python3.7/site-packages/airflow/example_dags/example_complex.py
[2023-06-15T12:19:46.717+0000] {logging_mixin.py:149} INFO - [2023-06-15T12:19:46.716+0000] {taskmixin.py:211} WARNING - Dependency <Task(BashOperator): create_entry_group>, delete_entry_group already registered for DAG: example_complex
[2023-06-15T12:19:46.717+0000] {logging_mixin.py:149} INFO - [2023-06-15T12:19:46.717+0000] {taskmixin.py:211} WARNING - Dependency <Task(BashOperator): delete_entry_group>, create_entry_group already registered for DAG: example_complex
[2023-06-15T12:19:46.718+0000] {logging_mixin.py:149} INFO - [2023-06-15T12:19:46.718+0000] {taskmixin.py:211} WARNING - Dependency <Task(BashOperator): create_entry_gcs>, delete_entry already registered for DAG: example_complex
[2023-06-15T12:19:46.719+0000] {logging_mixin.py:149} INFO - [2023-06-15T12:19:46.719+0000] {taskmixin.py:211} WARNING - Dependency <Task(BashOperator): delete_entry>, create_entry_gcs already registered for DAG: example_complex
[2023-06-15T12:19:46.720+0000] {logging_mixin.py:149} INFO - [2023-06-15T12:19:46.720+0000] {taskmixin.py:211} WARNING - Dependency <Task(BashOperator): create_tag>, delete_tag already registered for DAG: example_complex
[2023-06-15T12:19:46.721+0000] {logging_mixin.py:149} INFO - [2023-06-15T12:19:46.720+0000] {taskmixin.py:211} WARNING - Dependency <Task(BashOperator): delete_tag>, create_tag already registered for DAG: example_complex
[2023-06-15T12:19:46.723+0000] {processor.py:836} INFO - DAG(s) dict_keys(['example_complex']) retrieved from /home/airflow/.local/lib/python3.7/site-packages/airflow/example_dags/example_complex.py
[2023-06-15T12:19:46.774+0000] {logging_mixin.py:149} INFO - [2023-06-15T12:19:46.774+0000] {dag.py:2726} INFO - Sync 1 DAGs
[2023-06-15T12:19:46.811+0000] {logging_mixin.py:149} INFO - [2023-06-15T12:19:46.810+0000] {dag.py:3490} INFO - Setting next_dagrun for example_complex to None, run_after=None
[2023-06-15T12:19:46.842+0000] {processor.py:179} INFO - Processing /home/airflow/.local/lib/python3.7/site-packages/airflow/example_dags/example_complex.py took 0.147 seconds
[2023-06-15T12:20:16.959+0000] {processor.py:157} INFO - Started process (PID=1635) to work on /home/airflow/.local/lib/python3.7/site-packages/airflow/example_dags/example_complex.py
[2023-06-15T12:20:16.961+0000] {processor.py:826} INFO - Processing file /home/airflow/.local/lib/python3.7/site-packages/airflow/example_dags/example_complex.py for tasks to queue
[2023-06-15T12:20:16.962+0000] {logging_mixin.py:149} INFO - [2023-06-15T12:20:16.962+0000] {dagbag.py:541} INFO - Filling up the DagBag from /home/airflow/.local/lib/python3.7/site-packages/airflow/example_dags/example_complex.py
[2023-06-15T12:20:16.982+0000] {logging_mixin.py:149} INFO - [2023-06-15T12:20:16.982+0000] {taskmixin.py:211} WARNING - Dependency <Task(BashOperator): create_entry_group>, delete_entry_group already registered for DAG: example_complex
[2023-06-15T12:20:16.983+0000] {logging_mixin.py:149} INFO - [2023-06-15T12:20:16.983+0000] {taskmixin.py:211} WARNING - Dependency <Task(BashOperator): delete_entry_group>, create_entry_group already registered for DAG: example_complex
[2023-06-15T12:20:16.984+0000] {logging_mixin.py:149} INFO - [2023-06-15T12:20:16.984+0000] {taskmixin.py:211} WARNING - Dependency <Task(BashOperator): create_entry_gcs>, delete_entry already registered for DAG: example_complex
[2023-06-15T12:20:16.985+0000] {logging_mixin.py:149} INFO - [2023-06-15T12:20:16.985+0000] {taskmixin.py:211} WARNING - Dependency <Task(BashOperator): delete_entry>, create_entry_gcs already registered for DAG: example_complex
[2023-06-15T12:20:16.986+0000] {logging_mixin.py:149} INFO - [2023-06-15T12:20:16.986+0000] {taskmixin.py:211} WARNING - Dependency <Task(BashOperator): create_tag>, delete_tag already registered for DAG: example_complex
[2023-06-15T12:20:16.987+0000] {logging_mixin.py:149} INFO - [2023-06-15T12:20:16.987+0000] {taskmixin.py:211} WARNING - Dependency <Task(BashOperator): delete_tag>, create_tag already registered for DAG: example_complex
[2023-06-15T12:20:16.990+0000] {processor.py:836} INFO - DAG(s) dict_keys(['example_complex']) retrieved from /home/airflow/.local/lib/python3.7/site-packages/airflow/example_dags/example_complex.py
[2023-06-15T12:20:17.103+0000] {logging_mixin.py:149} INFO - [2023-06-15T12:20:17.103+0000] {dag.py:2726} INFO - Sync 1 DAGs
[2023-06-15T12:20:17.145+0000] {logging_mixin.py:149} INFO - [2023-06-15T12:20:17.144+0000] {dag.py:3490} INFO - Setting next_dagrun for example_complex to None, run_after=None
[2023-06-15T12:20:17.175+0000] {processor.py:179} INFO - Processing /home/airflow/.local/lib/python3.7/site-packages/airflow/example_dags/example_complex.py took 0.221 seconds
