[2023-06-15T12:09:32.071+0000] {processor.py:157} INFO - Started process (PID=70) to work on /home/airflow/.local/lib/python3.7/site-packages/airflow/example_dags/example_branch_operator.py
[2023-06-15T12:09:32.072+0000] {processor.py:826} INFO - Processing file /home/airflow/.local/lib/python3.7/site-packages/airflow/example_dags/example_branch_operator.py for tasks to queue
[2023-06-15T12:09:32.073+0000] {logging_mixin.py:149} INFO - [2023-06-15T12:09:32.073+0000] {dagbag.py:541} INFO - Filling up the DagBag from /home/airflow/.local/lib/python3.7/site-packages/airflow/example_dags/example_branch_operator.py
[2023-06-15T12:09:32.090+0000] {processor.py:836} INFO - DAG(s) dict_keys(['example_branch_operator']) retrieved from /home/airflow/.local/lib/python3.7/site-packages/airflow/example_dags/example_branch_operator.py
[2023-06-15T12:09:32.131+0000] {logging_mixin.py:149} INFO - [2023-06-15T12:09:32.130+0000] {dag.py:2726} INFO - Sync 1 DAGs
[2023-06-15T12:09:32.164+0000] {logging_mixin.py:149} INFO - [2023-06-15T12:09:32.164+0000] {dag.py:3490} INFO - Setting next_dagrun for example_branch_operator to 2023-06-14T00:00:00+00:00, run_after=2023-06-15T00:00:00+00:00
[2023-06-15T12:09:32.190+0000] {processor.py:179} INFO - Processing /home/airflow/.local/lib/python3.7/site-packages/airflow/example_dags/example_branch_operator.py took 0.123 seconds
[2023-06-15T12:10:02.711+0000] {processor.py:157} INFO - Started process (PID=147) to work on /home/airflow/.local/lib/python3.7/site-packages/airflow/example_dags/example_branch_operator.py
[2023-06-15T12:10:02.712+0000] {processor.py:826} INFO - Processing file /home/airflow/.local/lib/python3.7/site-packages/airflow/example_dags/example_branch_operator.py for tasks to queue
[2023-06-15T12:10:02.713+0000] {logging_mixin.py:149} INFO - [2023-06-15T12:10:02.713+0000] {dagbag.py:541} INFO - Filling up the DagBag from /home/airflow/.local/lib/python3.7/site-packages/airflow/example_dags/example_branch_operator.py
[2023-06-15T12:10:02.724+0000] {processor.py:836} INFO - DAG(s) dict_keys(['example_branch_operator']) retrieved from /home/airflow/.local/lib/python3.7/site-packages/airflow/example_dags/example_branch_operator.py
[2023-06-15T12:10:02.754+0000] {logging_mixin.py:149} INFO - [2023-06-15T12:10:02.754+0000] {dag.py:2726} INFO - Sync 1 DAGs
[2023-06-15T12:10:02.784+0000] {logging_mixin.py:149} INFO - [2023-06-15T12:10:02.784+0000] {dag.py:3490} INFO - Setting next_dagrun for example_branch_operator to 2023-06-14T00:00:00+00:00, run_after=2023-06-15T00:00:00+00:00
[2023-06-15T12:10:02.919+0000] {processor.py:179} INFO - Processing /home/airflow/.local/lib/python3.7/site-packages/airflow/example_dags/example_branch_operator.py took 0.210 seconds
[2023-06-15T12:10:35.280+0000] {processor.py:157} INFO - Started process (PID=224) to work on /home/airflow/.local/lib/python3.7/site-packages/airflow/example_dags/example_branch_operator.py
[2023-06-15T12:10:35.281+0000] {processor.py:826} INFO - Processing file /home/airflow/.local/lib/python3.7/site-packages/airflow/example_dags/example_branch_operator.py for tasks to queue
[2023-06-15T12:10:35.282+0000] {logging_mixin.py:149} INFO - [2023-06-15T12:10:35.282+0000] {dagbag.py:541} INFO - Filling up the DagBag from /home/airflow/.local/lib/python3.7/site-packages/airflow/example_dags/example_branch_operator.py
[2023-06-15T12:10:35.293+0000] {processor.py:836} INFO - DAG(s) dict_keys(['example_branch_operator']) retrieved from /home/airflow/.local/lib/python3.7/site-packages/airflow/example_dags/example_branch_operator.py
[2023-06-15T12:10:35.441+0000] {logging_mixin.py:149} INFO - [2023-06-15T12:10:35.440+0000] {dag.py:2726} INFO - Sync 1 DAGs
[2023-06-15T12:10:35.479+0000] {logging_mixin.py:149} INFO - [2023-06-15T12:10:35.479+0000] {dag.py:3490} INFO - Setting next_dagrun for example_branch_operator to 2023-06-14T00:00:00+00:00, run_after=2023-06-15T00:00:00+00:00
[2023-06-15T12:10:35.505+0000] {processor.py:179} INFO - Processing /home/airflow/.local/lib/python3.7/site-packages/airflow/example_dags/example_branch_operator.py took 0.228 seconds
[2023-06-15T12:11:05.635+0000] {processor.py:157} INFO - Started process (PID=301) to work on /home/airflow/.local/lib/python3.7/site-packages/airflow/example_dags/example_branch_operator.py
[2023-06-15T12:11:05.636+0000] {processor.py:826} INFO - Processing file /home/airflow/.local/lib/python3.7/site-packages/airflow/example_dags/example_branch_operator.py for tasks to queue
[2023-06-15T12:11:05.637+0000] {logging_mixin.py:149} INFO - [2023-06-15T12:11:05.637+0000] {dagbag.py:541} INFO - Filling up the DagBag from /home/airflow/.local/lib/python3.7/site-packages/airflow/example_dags/example_branch_operator.py
[2023-06-15T12:11:05.652+0000] {processor.py:836} INFO - DAG(s) dict_keys(['example_branch_operator']) retrieved from /home/airflow/.local/lib/python3.7/site-packages/airflow/example_dags/example_branch_operator.py
[2023-06-15T12:11:05.690+0000] {logging_mixin.py:149} INFO - [2023-06-15T12:11:05.689+0000] {dag.py:2726} INFO - Sync 1 DAGs
[2023-06-15T12:11:05.750+0000] {logging_mixin.py:149} INFO - [2023-06-15T12:11:05.749+0000] {dag.py:3490} INFO - Setting next_dagrun for example_branch_operator to 2023-06-14T00:00:00+00:00, run_after=2023-06-15T00:00:00+00:00
[2023-06-15T12:11:05.815+0000] {processor.py:179} INFO - Processing /home/airflow/.local/lib/python3.7/site-packages/airflow/example_dags/example_branch_operator.py took 0.183 seconds
[2023-06-15T12:11:35.931+0000] {processor.py:157} INFO - Started process (PID=379) to work on /home/airflow/.local/lib/python3.7/site-packages/airflow/example_dags/example_branch_operator.py
[2023-06-15T12:11:35.931+0000] {processor.py:826} INFO - Processing file /home/airflow/.local/lib/python3.7/site-packages/airflow/example_dags/example_branch_operator.py for tasks to queue
[2023-06-15T12:11:35.932+0000] {logging_mixin.py:149} INFO - [2023-06-15T12:11:35.932+0000] {dagbag.py:541} INFO - Filling up the DagBag from /home/airflow/.local/lib/python3.7/site-packages/airflow/example_dags/example_branch_operator.py
[2023-06-15T12:11:35.942+0000] {processor.py:836} INFO - DAG(s) dict_keys(['example_branch_operator']) retrieved from /home/airflow/.local/lib/python3.7/site-packages/airflow/example_dags/example_branch_operator.py
[2023-06-15T12:11:35.967+0000] {logging_mixin.py:149} INFO - [2023-06-15T12:11:35.966+0000] {dag.py:2726} INFO - Sync 1 DAGs
[2023-06-15T12:11:35.996+0000] {logging_mixin.py:149} INFO - [2023-06-15T12:11:35.996+0000] {dag.py:3490} INFO - Setting next_dagrun for example_branch_operator to 2023-06-14T00:00:00+00:00, run_after=2023-06-15T00:00:00+00:00
[2023-06-15T12:11:36.017+0000] {processor.py:179} INFO - Processing /home/airflow/.local/lib/python3.7/site-packages/airflow/example_dags/example_branch_operator.py took 0.088 seconds
[2023-06-15T12:12:06.847+0000] {processor.py:157} INFO - Started process (PID=456) to work on /home/airflow/.local/lib/python3.7/site-packages/airflow/example_dags/example_branch_operator.py
[2023-06-15T12:12:06.848+0000] {processor.py:826} INFO - Processing file /home/airflow/.local/lib/python3.7/site-packages/airflow/example_dags/example_branch_operator.py for tasks to queue
[2023-06-15T12:12:06.849+0000] {logging_mixin.py:149} INFO - [2023-06-15T12:12:06.849+0000] {dagbag.py:541} INFO - Filling up the DagBag from /home/airflow/.local/lib/python3.7/site-packages/airflow/example_dags/example_branch_operator.py
[2023-06-15T12:12:06.858+0000] {processor.py:836} INFO - DAG(s) dict_keys(['example_branch_operator']) retrieved from /home/airflow/.local/lib/python3.7/site-packages/airflow/example_dags/example_branch_operator.py
[2023-06-15T12:12:06.889+0000] {logging_mixin.py:149} INFO - [2023-06-15T12:12:06.889+0000] {dag.py:2726} INFO - Sync 1 DAGs
[2023-06-15T12:12:06.923+0000] {logging_mixin.py:149} INFO - [2023-06-15T12:12:06.922+0000] {dag.py:3490} INFO - Setting next_dagrun for example_branch_operator to 2023-06-14T00:00:00+00:00, run_after=2023-06-15T00:00:00+00:00
[2023-06-15T12:12:06.950+0000] {processor.py:179} INFO - Processing /home/airflow/.local/lib/python3.7/site-packages/airflow/example_dags/example_branch_operator.py took 0.106 seconds
[2023-06-15T12:12:37.604+0000] {processor.py:157} INFO - Started process (PID=533) to work on /home/airflow/.local/lib/python3.7/site-packages/airflow/example_dags/example_branch_operator.py
[2023-06-15T12:12:37.605+0000] {processor.py:826} INFO - Processing file /home/airflow/.local/lib/python3.7/site-packages/airflow/example_dags/example_branch_operator.py for tasks to queue
[2023-06-15T12:12:37.607+0000] {logging_mixin.py:149} INFO - [2023-06-15T12:12:37.606+0000] {dagbag.py:541} INFO - Filling up the DagBag from /home/airflow/.local/lib/python3.7/site-packages/airflow/example_dags/example_branch_operator.py
[2023-06-15T12:12:37.620+0000] {processor.py:836} INFO - DAG(s) dict_keys(['example_branch_operator']) retrieved from /home/airflow/.local/lib/python3.7/site-packages/airflow/example_dags/example_branch_operator.py
[2023-06-15T12:12:37.703+0000] {logging_mixin.py:149} INFO - [2023-06-15T12:12:37.703+0000] {dag.py:2726} INFO - Sync 1 DAGs
[2023-06-15T12:12:37.735+0000] {logging_mixin.py:149} INFO - [2023-06-15T12:12:37.735+0000] {dag.py:3490} INFO - Setting next_dagrun for example_branch_operator to 2023-06-14T00:00:00+00:00, run_after=2023-06-15T00:00:00+00:00
[2023-06-15T12:12:37.758+0000] {processor.py:179} INFO - Processing /home/airflow/.local/lib/python3.7/site-packages/airflow/example_dags/example_branch_operator.py took 0.157 seconds
[2023-06-15T12:13:08.916+0000] {processor.py:157} INFO - Started process (PID=610) to work on /home/airflow/.local/lib/python3.7/site-packages/airflow/example_dags/example_branch_operator.py
[2023-06-15T12:13:08.918+0000] {processor.py:826} INFO - Processing file /home/airflow/.local/lib/python3.7/site-packages/airflow/example_dags/example_branch_operator.py for tasks to queue
[2023-06-15T12:13:08.919+0000] {logging_mixin.py:149} INFO - [2023-06-15T12:13:08.919+0000] {dagbag.py:541} INFO - Filling up the DagBag from /home/airflow/.local/lib/python3.7/site-packages/airflow/example_dags/example_branch_operator.py
[2023-06-15T12:13:08.930+0000] {processor.py:836} INFO - DAG(s) dict_keys(['example_branch_operator']) retrieved from /home/airflow/.local/lib/python3.7/site-packages/airflow/example_dags/example_branch_operator.py
[2023-06-15T12:13:08.968+0000] {logging_mixin.py:149} INFO - [2023-06-15T12:13:08.967+0000] {dag.py:2726} INFO - Sync 1 DAGs
[2023-06-15T12:13:09.009+0000] {logging_mixin.py:149} INFO - [2023-06-15T12:13:09.009+0000] {dag.py:3490} INFO - Setting next_dagrun for example_branch_operator to 2023-06-14T00:00:00+00:00, run_after=2023-06-15T00:00:00+00:00
[2023-06-15T12:13:09.038+0000] {processor.py:179} INFO - Processing /home/airflow/.local/lib/python3.7/site-packages/airflow/example_dags/example_branch_operator.py took 0.124 seconds
[2023-06-15T12:13:39.857+0000] {processor.py:157} INFO - Started process (PID=687) to work on /home/airflow/.local/lib/python3.7/site-packages/airflow/example_dags/example_branch_operator.py
[2023-06-15T12:13:39.858+0000] {processor.py:826} INFO - Processing file /home/airflow/.local/lib/python3.7/site-packages/airflow/example_dags/example_branch_operator.py for tasks to queue
[2023-06-15T12:13:39.859+0000] {logging_mixin.py:149} INFO - [2023-06-15T12:13:39.859+0000] {dagbag.py:541} INFO - Filling up the DagBag from /home/airflow/.local/lib/python3.7/site-packages/airflow/example_dags/example_branch_operator.py
[2023-06-15T12:13:39.871+0000] {processor.py:836} INFO - DAG(s) dict_keys(['example_branch_operator']) retrieved from /home/airflow/.local/lib/python3.7/site-packages/airflow/example_dags/example_branch_operator.py
[2023-06-15T12:13:39.908+0000] {logging_mixin.py:149} INFO - [2023-06-15T12:13:39.907+0000] {dag.py:2726} INFO - Sync 1 DAGs
[2023-06-15T12:13:39.945+0000] {logging_mixin.py:149} INFO - [2023-06-15T12:13:39.945+0000] {dag.py:3490} INFO - Setting next_dagrun for example_branch_operator to 2023-06-14T00:00:00+00:00, run_after=2023-06-15T00:00:00+00:00
[2023-06-15T12:13:39.977+0000] {processor.py:179} INFO - Processing /home/airflow/.local/lib/python3.7/site-packages/airflow/example_dags/example_branch_operator.py took 0.123 seconds
[2023-06-15T12:14:10.733+0000] {processor.py:157} INFO - Started process (PID=764) to work on /home/airflow/.local/lib/python3.7/site-packages/airflow/example_dags/example_branch_operator.py
[2023-06-15T12:14:10.735+0000] {processor.py:826} INFO - Processing file /home/airflow/.local/lib/python3.7/site-packages/airflow/example_dags/example_branch_operator.py for tasks to queue
[2023-06-15T12:14:10.736+0000] {logging_mixin.py:149} INFO - [2023-06-15T12:14:10.735+0000] {dagbag.py:541} INFO - Filling up the DagBag from /home/airflow/.local/lib/python3.7/site-packages/airflow/example_dags/example_branch_operator.py
[2023-06-15T12:14:10.749+0000] {processor.py:836} INFO - DAG(s) dict_keys(['example_branch_operator']) retrieved from /home/airflow/.local/lib/python3.7/site-packages/airflow/example_dags/example_branch_operator.py
[2023-06-15T12:14:10.784+0000] {logging_mixin.py:149} INFO - [2023-06-15T12:14:10.784+0000] {dag.py:2726} INFO - Sync 1 DAGs
[2023-06-15T12:14:10.827+0000] {logging_mixin.py:149} INFO - [2023-06-15T12:14:10.827+0000] {dag.py:3490} INFO - Setting next_dagrun for example_branch_operator to 2023-06-14T00:00:00+00:00, run_after=2023-06-15T00:00:00+00:00
[2023-06-15T12:14:10.861+0000] {processor.py:179} INFO - Processing /home/airflow/.local/lib/python3.7/site-packages/airflow/example_dags/example_branch_operator.py took 0.131 seconds
[2023-06-15T12:14:41.238+0000] {processor.py:157} INFO - Started process (PID=841) to work on /home/airflow/.local/lib/python3.7/site-packages/airflow/example_dags/example_branch_operator.py
[2023-06-15T12:14:41.240+0000] {processor.py:826} INFO - Processing file /home/airflow/.local/lib/python3.7/site-packages/airflow/example_dags/example_branch_operator.py for tasks to queue
[2023-06-15T12:14:41.241+0000] {logging_mixin.py:149} INFO - [2023-06-15T12:14:41.241+0000] {dagbag.py:541} INFO - Filling up the DagBag from /home/airflow/.local/lib/python3.7/site-packages/airflow/example_dags/example_branch_operator.py
[2023-06-15T12:14:41.255+0000] {processor.py:836} INFO - DAG(s) dict_keys(['example_branch_operator']) retrieved from /home/airflow/.local/lib/python3.7/site-packages/airflow/example_dags/example_branch_operator.py
[2023-06-15T12:14:41.300+0000] {logging_mixin.py:149} INFO - [2023-06-15T12:14:41.300+0000] {dag.py:2726} INFO - Sync 1 DAGs
[2023-06-15T12:14:41.337+0000] {logging_mixin.py:149} INFO - [2023-06-15T12:14:41.337+0000] {dag.py:3490} INFO - Setting next_dagrun for example_branch_operator to 2023-06-14T00:00:00+00:00, run_after=2023-06-15T00:00:00+00:00
[2023-06-15T12:14:41.364+0000] {processor.py:179} INFO - Processing /home/airflow/.local/lib/python3.7/site-packages/airflow/example_dags/example_branch_operator.py took 0.129 seconds
[2023-06-15T12:15:12.036+0000] {processor.py:157} INFO - Started process (PID=919) to work on /home/airflow/.local/lib/python3.7/site-packages/airflow/example_dags/example_branch_operator.py
[2023-06-15T12:15:12.038+0000] {processor.py:826} INFO - Processing file /home/airflow/.local/lib/python3.7/site-packages/airflow/example_dags/example_branch_operator.py for tasks to queue
[2023-06-15T12:15:12.039+0000] {logging_mixin.py:149} INFO - [2023-06-15T12:15:12.039+0000] {dagbag.py:541} INFO - Filling up the DagBag from /home/airflow/.local/lib/python3.7/site-packages/airflow/example_dags/example_branch_operator.py
[2023-06-15T12:15:12.050+0000] {processor.py:836} INFO - DAG(s) dict_keys(['example_branch_operator']) retrieved from /home/airflow/.local/lib/python3.7/site-packages/airflow/example_dags/example_branch_operator.py
[2023-06-15T12:15:12.083+0000] {logging_mixin.py:149} INFO - [2023-06-15T12:15:12.083+0000] {dag.py:2726} INFO - Sync 1 DAGs
[2023-06-15T12:15:12.123+0000] {logging_mixin.py:149} INFO - [2023-06-15T12:15:12.123+0000] {dag.py:3490} INFO - Setting next_dagrun for example_branch_operator to 2023-06-14T00:00:00+00:00, run_after=2023-06-15T00:00:00+00:00
[2023-06-15T12:15:12.149+0000] {processor.py:179} INFO - Processing /home/airflow/.local/lib/python3.7/site-packages/airflow/example_dags/example_branch_operator.py took 0.116 seconds
[2023-06-15T12:15:42.423+0000] {processor.py:157} INFO - Started process (PID=996) to work on /home/airflow/.local/lib/python3.7/site-packages/airflow/example_dags/example_branch_operator.py
[2023-06-15T12:15:42.424+0000] {processor.py:826} INFO - Processing file /home/airflow/.local/lib/python3.7/site-packages/airflow/example_dags/example_branch_operator.py for tasks to queue
[2023-06-15T12:15:42.426+0000] {logging_mixin.py:149} INFO - [2023-06-15T12:15:42.426+0000] {dagbag.py:541} INFO - Filling up the DagBag from /home/airflow/.local/lib/python3.7/site-packages/airflow/example_dags/example_branch_operator.py
[2023-06-15T12:15:42.439+0000] {processor.py:836} INFO - DAG(s) dict_keys(['example_branch_operator']) retrieved from /home/airflow/.local/lib/python3.7/site-packages/airflow/example_dags/example_branch_operator.py
[2023-06-15T12:15:42.475+0000] {logging_mixin.py:149} INFO - [2023-06-15T12:15:42.475+0000] {dag.py:2726} INFO - Sync 1 DAGs
[2023-06-15T12:15:42.518+0000] {logging_mixin.py:149} INFO - [2023-06-15T12:15:42.518+0000] {dag.py:3490} INFO - Setting next_dagrun for example_branch_operator to 2023-06-14T00:00:00+00:00, run_after=2023-06-15T00:00:00+00:00
[2023-06-15T12:15:42.553+0000] {processor.py:179} INFO - Processing /home/airflow/.local/lib/python3.7/site-packages/airflow/example_dags/example_branch_operator.py took 0.134 seconds
[2023-06-15T12:16:13.686+0000] {processor.py:157} INFO - Started process (PID=1074) to work on /home/airflow/.local/lib/python3.7/site-packages/airflow/example_dags/example_branch_operator.py
[2023-06-15T12:16:13.687+0000] {processor.py:826} INFO - Processing file /home/airflow/.local/lib/python3.7/site-packages/airflow/example_dags/example_branch_operator.py for tasks to queue
[2023-06-15T12:16:13.688+0000] {logging_mixin.py:149} INFO - [2023-06-15T12:16:13.688+0000] {dagbag.py:541} INFO - Filling up the DagBag from /home/airflow/.local/lib/python3.7/site-packages/airflow/example_dags/example_branch_operator.py
[2023-06-15T12:16:13.701+0000] {processor.py:836} INFO - DAG(s) dict_keys(['example_branch_operator']) retrieved from /home/airflow/.local/lib/python3.7/site-packages/airflow/example_dags/example_branch_operator.py
[2023-06-15T12:16:13.744+0000] {logging_mixin.py:149} INFO - [2023-06-15T12:16:13.744+0000] {dag.py:2726} INFO - Sync 1 DAGs
[2023-06-15T12:16:13.791+0000] {logging_mixin.py:149} INFO - [2023-06-15T12:16:13.791+0000] {dag.py:3490} INFO - Setting next_dagrun for example_branch_operator to 2023-06-14T00:00:00+00:00, run_after=2023-06-15T00:00:00+00:00
[2023-06-15T12:16:13.836+0000] {processor.py:179} INFO - Processing /home/airflow/.local/lib/python3.7/site-packages/airflow/example_dags/example_branch_operator.py took 0.154 seconds
[2023-06-15T12:16:44.594+0000] {processor.py:157} INFO - Started process (PID=1151) to work on /home/airflow/.local/lib/python3.7/site-packages/airflow/example_dags/example_branch_operator.py
[2023-06-15T12:16:44.596+0000] {processor.py:826} INFO - Processing file /home/airflow/.local/lib/python3.7/site-packages/airflow/example_dags/example_branch_operator.py for tasks to queue
[2023-06-15T12:16:44.597+0000] {logging_mixin.py:149} INFO - [2023-06-15T12:16:44.597+0000] {dagbag.py:541} INFO - Filling up the DagBag from /home/airflow/.local/lib/python3.7/site-packages/airflow/example_dags/example_branch_operator.py
[2023-06-15T12:16:44.610+0000] {processor.py:836} INFO - DAG(s) dict_keys(['example_branch_operator']) retrieved from /home/airflow/.local/lib/python3.7/site-packages/airflow/example_dags/example_branch_operator.py
[2023-06-15T12:16:44.642+0000] {logging_mixin.py:149} INFO - [2023-06-15T12:16:44.642+0000] {dag.py:2726} INFO - Sync 1 DAGs
[2023-06-15T12:16:44.678+0000] {logging_mixin.py:149} INFO - [2023-06-15T12:16:44.678+0000] {dag.py:3490} INFO - Setting next_dagrun for example_branch_operator to 2023-06-14T00:00:00+00:00, run_after=2023-06-15T00:00:00+00:00
[2023-06-15T12:16:44.722+0000] {processor.py:179} INFO - Processing /home/airflow/.local/lib/python3.7/site-packages/airflow/example_dags/example_branch_operator.py took 0.131 seconds
[2023-06-15T12:17:15.379+0000] {processor.py:157} INFO - Started process (PID=1228) to work on /home/airflow/.local/lib/python3.7/site-packages/airflow/example_dags/example_branch_operator.py
[2023-06-15T12:17:15.380+0000] {processor.py:826} INFO - Processing file /home/airflow/.local/lib/python3.7/site-packages/airflow/example_dags/example_branch_operator.py for tasks to queue
[2023-06-15T12:17:15.381+0000] {logging_mixin.py:149} INFO - [2023-06-15T12:17:15.381+0000] {dagbag.py:541} INFO - Filling up the DagBag from /home/airflow/.local/lib/python3.7/site-packages/airflow/example_dags/example_branch_operator.py
[2023-06-15T12:17:15.392+0000] {processor.py:836} INFO - DAG(s) dict_keys(['example_branch_operator']) retrieved from /home/airflow/.local/lib/python3.7/site-packages/airflow/example_dags/example_branch_operator.py
[2023-06-15T12:17:15.424+0000] {logging_mixin.py:149} INFO - [2023-06-15T12:17:15.424+0000] {dag.py:2726} INFO - Sync 1 DAGs
[2023-06-15T12:17:15.466+0000] {logging_mixin.py:149} INFO - [2023-06-15T12:17:15.466+0000] {dag.py:3490} INFO - Setting next_dagrun for example_branch_operator to 2023-06-14T00:00:00+00:00, run_after=2023-06-15T00:00:00+00:00
[2023-06-15T12:17:15.493+0000] {processor.py:179} INFO - Processing /home/airflow/.local/lib/python3.7/site-packages/airflow/example_dags/example_branch_operator.py took 0.117 seconds
[2023-06-15T12:17:45.826+0000] {processor.py:157} INFO - Started process (PID=1305) to work on /home/airflow/.local/lib/python3.7/site-packages/airflow/example_dags/example_branch_operator.py
[2023-06-15T12:17:45.827+0000] {processor.py:826} INFO - Processing file /home/airflow/.local/lib/python3.7/site-packages/airflow/example_dags/example_branch_operator.py for tasks to queue
[2023-06-15T12:17:45.828+0000] {logging_mixin.py:149} INFO - [2023-06-15T12:17:45.828+0000] {dagbag.py:541} INFO - Filling up the DagBag from /home/airflow/.local/lib/python3.7/site-packages/airflow/example_dags/example_branch_operator.py
[2023-06-15T12:17:45.842+0000] {processor.py:836} INFO - DAG(s) dict_keys(['example_branch_operator']) retrieved from /home/airflow/.local/lib/python3.7/site-packages/airflow/example_dags/example_branch_operator.py
[2023-06-15T12:17:45.877+0000] {logging_mixin.py:149} INFO - [2023-06-15T12:17:45.877+0000] {dag.py:2726} INFO - Sync 1 DAGs
[2023-06-15T12:17:45.918+0000] {logging_mixin.py:149} INFO - [2023-06-15T12:17:45.917+0000] {dag.py:3490} INFO - Setting next_dagrun for example_branch_operator to 2023-06-14T00:00:00+00:00, run_after=2023-06-15T00:00:00+00:00
[2023-06-15T12:17:45.959+0000] {processor.py:179} INFO - Processing /home/airflow/.local/lib/python3.7/site-packages/airflow/example_dags/example_branch_operator.py took 0.137 seconds
[2023-06-15T12:18:16.044+0000] {processor.py:157} INFO - Started process (PID=1370) to work on /home/airflow/.local/lib/python3.7/site-packages/airflow/example_dags/example_branch_operator.py
[2023-06-15T12:18:16.045+0000] {processor.py:826} INFO - Processing file /home/airflow/.local/lib/python3.7/site-packages/airflow/example_dags/example_branch_operator.py for tasks to queue
[2023-06-15T12:18:16.046+0000] {logging_mixin.py:149} INFO - [2023-06-15T12:18:16.046+0000] {dagbag.py:541} INFO - Filling up the DagBag from /home/airflow/.local/lib/python3.7/site-packages/airflow/example_dags/example_branch_operator.py
[2023-06-15T12:18:16.062+0000] {processor.py:836} INFO - DAG(s) dict_keys(['example_branch_operator']) retrieved from /home/airflow/.local/lib/python3.7/site-packages/airflow/example_dags/example_branch_operator.py
[2023-06-15T12:18:16.136+0000] {logging_mixin.py:149} INFO - [2023-06-15T12:18:16.136+0000] {dag.py:2726} INFO - Sync 1 DAGs
[2023-06-15T12:18:16.176+0000] {logging_mixin.py:149} INFO - [2023-06-15T12:18:16.176+0000] {dag.py:3490} INFO - Setting next_dagrun for example_branch_operator to 2023-06-14T00:00:00+00:00, run_after=2023-06-15T00:00:00+00:00
[2023-06-15T12:18:16.206+0000] {processor.py:179} INFO - Processing /home/airflow/.local/lib/python3.7/site-packages/airflow/example_dags/example_branch_operator.py took 0.166 seconds
[2023-06-15T12:18:46.701+0000] {processor.py:157} INFO - Started process (PID=1446) to work on /home/airflow/.local/lib/python3.7/site-packages/airflow/example_dags/example_branch_operator.py
[2023-06-15T12:18:46.703+0000] {processor.py:826} INFO - Processing file /home/airflow/.local/lib/python3.7/site-packages/airflow/example_dags/example_branch_operator.py for tasks to queue
[2023-06-15T12:18:46.704+0000] {logging_mixin.py:149} INFO - [2023-06-15T12:18:46.704+0000] {dagbag.py:541} INFO - Filling up the DagBag from /home/airflow/.local/lib/python3.7/site-packages/airflow/example_dags/example_branch_operator.py
[2023-06-15T12:18:46.718+0000] {processor.py:836} INFO - DAG(s) dict_keys(['example_branch_operator']) retrieved from /home/airflow/.local/lib/python3.7/site-packages/airflow/example_dags/example_branch_operator.py
[2023-06-15T12:18:46.758+0000] {logging_mixin.py:149} INFO - [2023-06-15T12:18:46.758+0000] {dag.py:2726} INFO - Sync 1 DAGs
[2023-06-15T12:18:46.808+0000] {logging_mixin.py:149} INFO - [2023-06-15T12:18:46.808+0000] {dag.py:3490} INFO - Setting next_dagrun for example_branch_operator to 2023-06-14T00:00:00+00:00, run_after=2023-06-15T00:00:00+00:00
[2023-06-15T12:18:46.841+0000] {processor.py:179} INFO - Processing /home/airflow/.local/lib/python3.7/site-packages/airflow/example_dags/example_branch_operator.py took 0.142 seconds
[2023-06-15T12:19:17.800+0000] {processor.py:157} INFO - Started process (PID=1523) to work on /home/airflow/.local/lib/python3.7/site-packages/airflow/example_dags/example_branch_operator.py
[2023-06-15T12:19:17.801+0000] {processor.py:826} INFO - Processing file /home/airflow/.local/lib/python3.7/site-packages/airflow/example_dags/example_branch_operator.py for tasks to queue
[2023-06-15T12:19:17.802+0000] {logging_mixin.py:149} INFO - [2023-06-15T12:19:17.802+0000] {dagbag.py:541} INFO - Filling up the DagBag from /home/airflow/.local/lib/python3.7/site-packages/airflow/example_dags/example_branch_operator.py
[2023-06-15T12:19:17.817+0000] {processor.py:836} INFO - DAG(s) dict_keys(['example_branch_operator']) retrieved from /home/airflow/.local/lib/python3.7/site-packages/airflow/example_dags/example_branch_operator.py
[2023-06-15T12:19:17.861+0000] {logging_mixin.py:149} INFO - [2023-06-15T12:19:17.861+0000] {dag.py:2726} INFO - Sync 1 DAGs
[2023-06-15T12:19:17.908+0000] {logging_mixin.py:149} INFO - [2023-06-15T12:19:17.907+0000] {dag.py:3490} INFO - Setting next_dagrun for example_branch_operator to 2023-06-14T00:00:00+00:00, run_after=2023-06-15T00:00:00+00:00
[2023-06-15T12:19:17.956+0000] {processor.py:179} INFO - Processing /home/airflow/.local/lib/python3.7/site-packages/airflow/example_dags/example_branch_operator.py took 0.160 seconds
[2023-06-15T12:19:48.066+0000] {processor.py:157} INFO - Started process (PID=1586) to work on /home/airflow/.local/lib/python3.7/site-packages/airflow/example_dags/example_branch_operator.py
[2023-06-15T12:19:48.067+0000] {processor.py:826} INFO - Processing file /home/airflow/.local/lib/python3.7/site-packages/airflow/example_dags/example_branch_operator.py for tasks to queue
[2023-06-15T12:19:48.069+0000] {logging_mixin.py:149} INFO - [2023-06-15T12:19:48.068+0000] {dagbag.py:541} INFO - Filling up the DagBag from /home/airflow/.local/lib/python3.7/site-packages/airflow/example_dags/example_branch_operator.py
[2023-06-15T12:19:48.084+0000] {processor.py:836} INFO - DAG(s) dict_keys(['example_branch_operator']) retrieved from /home/airflow/.local/lib/python3.7/site-packages/airflow/example_dags/example_branch_operator.py
[2023-06-15T12:19:48.117+0000] {logging_mixin.py:149} INFO - [2023-06-15T12:19:48.117+0000] {dag.py:2726} INFO - Sync 1 DAGs
[2023-06-15T12:19:48.161+0000] {logging_mixin.py:149} INFO - [2023-06-15T12:19:48.161+0000] {dag.py:3490} INFO - Setting next_dagrun for example_branch_operator to 2023-06-14T00:00:00+00:00, run_after=2023-06-15T00:00:00+00:00
[2023-06-15T12:19:48.188+0000] {processor.py:179} INFO - Processing /home/airflow/.local/lib/python3.7/site-packages/airflow/example_dags/example_branch_operator.py took 0.126 seconds
