[2023-06-15T12:09:33.218+0000] {processor.py:157} INFO - Started process (PID=83) to work on /home/airflow/.local/lib/python3.7/site-packages/airflow/example_dags/example_external_task_marker_dag.py
[2023-06-15T12:09:33.219+0000] {processor.py:826} INFO - Processing file /home/airflow/.local/lib/python3.7/site-packages/airflow/example_dags/example_external_task_marker_dag.py for tasks to queue
[2023-06-15T12:09:33.220+0000] {logging_mixin.py:149} INFO - [2023-06-15T12:09:33.220+0000] {dagbag.py:541} INFO - Filling up the DagBag from /home/airflow/.local/lib/python3.7/site-packages/airflow/example_dags/example_external_task_marker_dag.py
[2023-06-15T12:09:33.236+0000] {processor.py:836} INFO - DAG(s) dict_keys(['example_external_task_marker_parent', 'example_external_task_marker_child']) retrieved from /home/airflow/.local/lib/python3.7/site-packages/airflow/example_dags/example_external_task_marker_dag.py
[2023-06-15T12:09:33.357+0000] {logging_mixin.py:149} INFO - [2023-06-15T12:09:33.357+0000] {dag.py:2726} INFO - Sync 2 DAGs
[2023-06-15T12:09:33.399+0000] {logging_mixin.py:149} INFO - [2023-06-15T12:09:33.399+0000] {dag.py:3490} INFO - Setting next_dagrun for example_external_task_marker_child to None, run_after=None
[2023-06-15T12:09:33.405+0000] {logging_mixin.py:149} INFO - [2023-06-15T12:09:33.405+0000] {dag.py:3490} INFO - Setting next_dagrun for example_external_task_marker_parent to None, run_after=None
[2023-06-15T12:09:33.437+0000] {processor.py:179} INFO - Processing /home/airflow/.local/lib/python3.7/site-packages/airflow/example_dags/example_external_task_marker_dag.py took 0.222 seconds
[2023-06-15T12:10:04.232+0000] {processor.py:157} INFO - Started process (PID=160) to work on /home/airflow/.local/lib/python3.7/site-packages/airflow/example_dags/example_external_task_marker_dag.py
[2023-06-15T12:10:04.233+0000] {processor.py:826} INFO - Processing file /home/airflow/.local/lib/python3.7/site-packages/airflow/example_dags/example_external_task_marker_dag.py for tasks to queue
[2023-06-15T12:10:04.234+0000] {logging_mixin.py:149} INFO - [2023-06-15T12:10:04.234+0000] {dagbag.py:541} INFO - Filling up the DagBag from /home/airflow/.local/lib/python3.7/site-packages/airflow/example_dags/example_external_task_marker_dag.py
[2023-06-15T12:10:04.239+0000] {processor.py:836} INFO - DAG(s) dict_keys(['example_external_task_marker_child', 'example_external_task_marker_parent']) retrieved from /home/airflow/.local/lib/python3.7/site-packages/airflow/example_dags/example_external_task_marker_dag.py
[2023-06-15T12:10:04.269+0000] {logging_mixin.py:149} INFO - [2023-06-15T12:10:04.269+0000] {dag.py:2726} INFO - Sync 2 DAGs
[2023-06-15T12:10:04.299+0000] {logging_mixin.py:149} INFO - [2023-06-15T12:10:04.299+0000] {dag.py:3490} INFO - Setting next_dagrun for example_external_task_marker_child to None, run_after=None
[2023-06-15T12:10:04.400+0000] {logging_mixin.py:149} INFO - [2023-06-15T12:10:04.400+0000] {dag.py:3490} INFO - Setting next_dagrun for example_external_task_marker_parent to None, run_after=None
[2023-06-15T12:10:04.425+0000] {processor.py:179} INFO - Processing /home/airflow/.local/lib/python3.7/site-packages/airflow/example_dags/example_external_task_marker_dag.py took 0.196 seconds
[2023-06-15T12:10:37.156+0000] {processor.py:157} INFO - Started process (PID=237) to work on /home/airflow/.local/lib/python3.7/site-packages/airflow/example_dags/example_external_task_marker_dag.py
[2023-06-15T12:10:37.157+0000] {processor.py:826} INFO - Processing file /home/airflow/.local/lib/python3.7/site-packages/airflow/example_dags/example_external_task_marker_dag.py for tasks to queue
[2023-06-15T12:10:37.158+0000] {logging_mixin.py:149} INFO - [2023-06-15T12:10:37.158+0000] {dagbag.py:541} INFO - Filling up the DagBag from /home/airflow/.local/lib/python3.7/site-packages/airflow/example_dags/example_external_task_marker_dag.py
[2023-06-15T12:10:37.164+0000] {processor.py:836} INFO - DAG(s) dict_keys(['example_external_task_marker_parent', 'example_external_task_marker_child']) retrieved from /home/airflow/.local/lib/python3.7/site-packages/airflow/example_dags/example_external_task_marker_dag.py
[2023-06-15T12:10:37.318+0000] {logging_mixin.py:149} INFO - [2023-06-15T12:10:37.317+0000] {dag.py:2726} INFO - Sync 2 DAGs
[2023-06-15T12:10:37.363+0000] {logging_mixin.py:149} INFO - [2023-06-15T12:10:37.362+0000] {dag.py:3490} INFO - Setting next_dagrun for example_external_task_marker_child to None, run_after=None
[2023-06-15T12:10:37.368+0000] {logging_mixin.py:149} INFO - [2023-06-15T12:10:37.367+0000] {dag.py:3490} INFO - Setting next_dagrun for example_external_task_marker_parent to None, run_after=None
[2023-06-15T12:10:37.411+0000] {processor.py:179} INFO - Processing /home/airflow/.local/lib/python3.7/site-packages/airflow/example_dags/example_external_task_marker_dag.py took 0.259 seconds
[2023-06-15T12:11:08.228+0000] {processor.py:157} INFO - Started process (PID=314) to work on /home/airflow/.local/lib/python3.7/site-packages/airflow/example_dags/example_external_task_marker_dag.py
[2023-06-15T12:11:08.229+0000] {processor.py:826} INFO - Processing file /home/airflow/.local/lib/python3.7/site-packages/airflow/example_dags/example_external_task_marker_dag.py for tasks to queue
[2023-06-15T12:11:08.230+0000] {logging_mixin.py:149} INFO - [2023-06-15T12:11:08.230+0000] {dagbag.py:541} INFO - Filling up the DagBag from /home/airflow/.local/lib/python3.7/site-packages/airflow/example_dags/example_external_task_marker_dag.py
[2023-06-15T12:11:08.239+0000] {processor.py:836} INFO - DAG(s) dict_keys(['example_external_task_marker_parent', 'example_external_task_marker_child']) retrieved from /home/airflow/.local/lib/python3.7/site-packages/airflow/example_dags/example_external_task_marker_dag.py
[2023-06-15T12:11:08.278+0000] {logging_mixin.py:149} INFO - [2023-06-15T12:11:08.278+0000] {dag.py:2726} INFO - Sync 2 DAGs
[2023-06-15T12:11:08.316+0000] {logging_mixin.py:149} INFO - [2023-06-15T12:11:08.316+0000] {dag.py:3490} INFO - Setting next_dagrun for example_external_task_marker_child to None, run_after=None
[2023-06-15T12:11:08.321+0000] {logging_mixin.py:149} INFO - [2023-06-15T12:11:08.321+0000] {dag.py:3490} INFO - Setting next_dagrun for example_external_task_marker_parent to None, run_after=None
[2023-06-15T12:11:08.346+0000] {processor.py:179} INFO - Processing /home/airflow/.local/lib/python3.7/site-packages/airflow/example_dags/example_external_task_marker_dag.py took 0.120 seconds
[2023-06-15T12:11:39.046+0000] {processor.py:157} INFO - Started process (PID=392) to work on /home/airflow/.local/lib/python3.7/site-packages/airflow/example_dags/example_external_task_marker_dag.py
[2023-06-15T12:11:39.048+0000] {processor.py:826} INFO - Processing file /home/airflow/.local/lib/python3.7/site-packages/airflow/example_dags/example_external_task_marker_dag.py for tasks to queue
[2023-06-15T12:11:39.049+0000] {logging_mixin.py:149} INFO - [2023-06-15T12:11:39.049+0000] {dagbag.py:541} INFO - Filling up the DagBag from /home/airflow/.local/lib/python3.7/site-packages/airflow/example_dags/example_external_task_marker_dag.py
[2023-06-15T12:11:39.056+0000] {processor.py:836} INFO - DAG(s) dict_keys(['example_external_task_marker_parent', 'example_external_task_marker_child']) retrieved from /home/airflow/.local/lib/python3.7/site-packages/airflow/example_dags/example_external_task_marker_dag.py
[2023-06-15T12:11:39.093+0000] {logging_mixin.py:149} INFO - [2023-06-15T12:11:39.093+0000] {dag.py:2726} INFO - Sync 2 DAGs
[2023-06-15T12:11:39.133+0000] {logging_mixin.py:149} INFO - [2023-06-15T12:11:39.133+0000] {dag.py:3490} INFO - Setting next_dagrun for example_external_task_marker_child to None, run_after=None
[2023-06-15T12:11:39.138+0000] {logging_mixin.py:149} INFO - [2023-06-15T12:11:39.138+0000] {dag.py:3490} INFO - Setting next_dagrun for example_external_task_marker_parent to None, run_after=None
[2023-06-15T12:11:39.164+0000] {processor.py:179} INFO - Processing /home/airflow/.local/lib/python3.7/site-packages/airflow/example_dags/example_external_task_marker_dag.py took 0.121 seconds
[2023-06-15T12:12:09.895+0000] {processor.py:157} INFO - Started process (PID=469) to work on /home/airflow/.local/lib/python3.7/site-packages/airflow/example_dags/example_external_task_marker_dag.py
[2023-06-15T12:12:09.896+0000] {processor.py:826} INFO - Processing file /home/airflow/.local/lib/python3.7/site-packages/airflow/example_dags/example_external_task_marker_dag.py for tasks to queue
[2023-06-15T12:12:09.897+0000] {logging_mixin.py:149} INFO - [2023-06-15T12:12:09.897+0000] {dagbag.py:541} INFO - Filling up the DagBag from /home/airflow/.local/lib/python3.7/site-packages/airflow/example_dags/example_external_task_marker_dag.py
[2023-06-15T12:12:09.902+0000] {processor.py:836} INFO - DAG(s) dict_keys(['example_external_task_marker_child', 'example_external_task_marker_parent']) retrieved from /home/airflow/.local/lib/python3.7/site-packages/airflow/example_dags/example_external_task_marker_dag.py
[2023-06-15T12:12:09.933+0000] {logging_mixin.py:149} INFO - [2023-06-15T12:12:09.933+0000] {dag.py:2726} INFO - Sync 2 DAGs
[2023-06-15T12:12:09.960+0000] {logging_mixin.py:149} INFO - [2023-06-15T12:12:09.960+0000] {dag.py:3490} INFO - Setting next_dagrun for example_external_task_marker_child to None, run_after=None
[2023-06-15T12:12:09.964+0000] {logging_mixin.py:149} INFO - [2023-06-15T12:12:09.964+0000] {dag.py:3490} INFO - Setting next_dagrun for example_external_task_marker_parent to None, run_after=None
[2023-06-15T12:12:09.984+0000] {processor.py:179} INFO - Processing /home/airflow/.local/lib/python3.7/site-packages/airflow/example_dags/example_external_task_marker_dag.py took 0.091 seconds
[2023-06-15T12:12:40.644+0000] {processor.py:157} INFO - Started process (PID=546) to work on /home/airflow/.local/lib/python3.7/site-packages/airflow/example_dags/example_external_task_marker_dag.py
[2023-06-15T12:12:40.645+0000] {processor.py:826} INFO - Processing file /home/airflow/.local/lib/python3.7/site-packages/airflow/example_dags/example_external_task_marker_dag.py for tasks to queue
[2023-06-15T12:12:40.646+0000] {logging_mixin.py:149} INFO - [2023-06-15T12:12:40.646+0000] {dagbag.py:541} INFO - Filling up the DagBag from /home/airflow/.local/lib/python3.7/site-packages/airflow/example_dags/example_external_task_marker_dag.py
[2023-06-15T12:12:40.652+0000] {processor.py:836} INFO - DAG(s) dict_keys(['example_external_task_marker_parent', 'example_external_task_marker_child']) retrieved from /home/airflow/.local/lib/python3.7/site-packages/airflow/example_dags/example_external_task_marker_dag.py
[2023-06-15T12:12:40.682+0000] {logging_mixin.py:149} INFO - [2023-06-15T12:12:40.682+0000] {dag.py:2726} INFO - Sync 2 DAGs
[2023-06-15T12:12:40.708+0000] {logging_mixin.py:149} INFO - [2023-06-15T12:12:40.708+0000] {dag.py:3490} INFO - Setting next_dagrun for example_external_task_marker_child to None, run_after=None
[2023-06-15T12:12:40.713+0000] {logging_mixin.py:149} INFO - [2023-06-15T12:12:40.712+0000] {dag.py:3490} INFO - Setting next_dagrun for example_external_task_marker_parent to None, run_after=None
[2023-06-15T12:12:40.732+0000] {processor.py:179} INFO - Processing /home/airflow/.local/lib/python3.7/site-packages/airflow/example_dags/example_external_task_marker_dag.py took 0.090 seconds
[2023-06-15T12:13:11.241+0000] {processor.py:157} INFO - Started process (PID=623) to work on /home/airflow/.local/lib/python3.7/site-packages/airflow/example_dags/example_external_task_marker_dag.py
[2023-06-15T12:13:11.243+0000] {processor.py:826} INFO - Processing file /home/airflow/.local/lib/python3.7/site-packages/airflow/example_dags/example_external_task_marker_dag.py for tasks to queue
[2023-06-15T12:13:11.244+0000] {logging_mixin.py:149} INFO - [2023-06-15T12:13:11.244+0000] {dagbag.py:541} INFO - Filling up the DagBag from /home/airflow/.local/lib/python3.7/site-packages/airflow/example_dags/example_external_task_marker_dag.py
[2023-06-15T12:13:11.251+0000] {processor.py:836} INFO - DAG(s) dict_keys(['example_external_task_marker_parent', 'example_external_task_marker_child']) retrieved from /home/airflow/.local/lib/python3.7/site-packages/airflow/example_dags/example_external_task_marker_dag.py
[2023-06-15T12:13:11.288+0000] {logging_mixin.py:149} INFO - [2023-06-15T12:13:11.288+0000] {dag.py:2726} INFO - Sync 2 DAGs
[2023-06-15T12:13:11.336+0000] {logging_mixin.py:149} INFO - [2023-06-15T12:13:11.335+0000] {dag.py:3490} INFO - Setting next_dagrun for example_external_task_marker_child to None, run_after=None
[2023-06-15T12:13:11.340+0000] {logging_mixin.py:149} INFO - [2023-06-15T12:13:11.340+0000] {dag.py:3490} INFO - Setting next_dagrun for example_external_task_marker_parent to None, run_after=None
[2023-06-15T12:13:11.381+0000] {processor.py:179} INFO - Processing /home/airflow/.local/lib/python3.7/site-packages/airflow/example_dags/example_external_task_marker_dag.py took 0.143 seconds
[2023-06-15T12:13:42.298+0000] {processor.py:157} INFO - Started process (PID=700) to work on /home/airflow/.local/lib/python3.7/site-packages/airflow/example_dags/example_external_task_marker_dag.py
[2023-06-15T12:13:42.299+0000] {processor.py:826} INFO - Processing file /home/airflow/.local/lib/python3.7/site-packages/airflow/example_dags/example_external_task_marker_dag.py for tasks to queue
[2023-06-15T12:13:42.301+0000] {logging_mixin.py:149} INFO - [2023-06-15T12:13:42.301+0000] {dagbag.py:541} INFO - Filling up the DagBag from /home/airflow/.local/lib/python3.7/site-packages/airflow/example_dags/example_external_task_marker_dag.py
[2023-06-15T12:13:42.311+0000] {processor.py:836} INFO - DAG(s) dict_keys(['example_external_task_marker_parent', 'example_external_task_marker_child']) retrieved from /home/airflow/.local/lib/python3.7/site-packages/airflow/example_dags/example_external_task_marker_dag.py
[2023-06-15T12:13:42.366+0000] {logging_mixin.py:149} INFO - [2023-06-15T12:13:42.366+0000] {dag.py:2726} INFO - Sync 2 DAGs
[2023-06-15T12:13:42.418+0000] {logging_mixin.py:149} INFO - [2023-06-15T12:13:42.418+0000] {dag.py:3490} INFO - Setting next_dagrun for example_external_task_marker_child to None, run_after=None
[2023-06-15T12:13:42.426+0000] {logging_mixin.py:149} INFO - [2023-06-15T12:13:42.426+0000] {dag.py:3490} INFO - Setting next_dagrun for example_external_task_marker_parent to None, run_after=None
[2023-06-15T12:13:42.457+0000] {processor.py:179} INFO - Processing /home/airflow/.local/lib/python3.7/site-packages/airflow/example_dags/example_external_task_marker_dag.py took 0.165 seconds
[2023-06-15T12:14:12.573+0000] {processor.py:157} INFO - Started process (PID=777) to work on /home/airflow/.local/lib/python3.7/site-packages/airflow/example_dags/example_external_task_marker_dag.py
[2023-06-15T12:14:12.574+0000] {processor.py:826} INFO - Processing file /home/airflow/.local/lib/python3.7/site-packages/airflow/example_dags/example_external_task_marker_dag.py for tasks to queue
[2023-06-15T12:14:12.575+0000] {logging_mixin.py:149} INFO - [2023-06-15T12:14:12.575+0000] {dagbag.py:541} INFO - Filling up the DagBag from /home/airflow/.local/lib/python3.7/site-packages/airflow/example_dags/example_external_task_marker_dag.py
[2023-06-15T12:14:12.582+0000] {processor.py:836} INFO - DAG(s) dict_keys(['example_external_task_marker_parent', 'example_external_task_marker_child']) retrieved from /home/airflow/.local/lib/python3.7/site-packages/airflow/example_dags/example_external_task_marker_dag.py
[2023-06-15T12:14:12.628+0000] {logging_mixin.py:149} INFO - [2023-06-15T12:14:12.628+0000] {dag.py:2726} INFO - Sync 2 DAGs
[2023-06-15T12:14:12.664+0000] {logging_mixin.py:149} INFO - [2023-06-15T12:14:12.664+0000] {dag.py:3490} INFO - Setting next_dagrun for example_external_task_marker_child to None, run_after=None
[2023-06-15T12:14:12.668+0000] {logging_mixin.py:149} INFO - [2023-06-15T12:14:12.668+0000] {dag.py:3490} INFO - Setting next_dagrun for example_external_task_marker_parent to None, run_after=None
[2023-06-15T12:14:12.691+0000] {processor.py:179} INFO - Processing /home/airflow/.local/lib/python3.7/site-packages/airflow/example_dags/example_external_task_marker_dag.py took 0.122 seconds
[2023-06-15T12:14:43.543+0000] {processor.py:157} INFO - Started process (PID=854) to work on /home/airflow/.local/lib/python3.7/site-packages/airflow/example_dags/example_external_task_marker_dag.py
[2023-06-15T12:14:43.545+0000] {processor.py:826} INFO - Processing file /home/airflow/.local/lib/python3.7/site-packages/airflow/example_dags/example_external_task_marker_dag.py for tasks to queue
[2023-06-15T12:14:43.546+0000] {logging_mixin.py:149} INFO - [2023-06-15T12:14:43.546+0000] {dagbag.py:541} INFO - Filling up the DagBag from /home/airflow/.local/lib/python3.7/site-packages/airflow/example_dags/example_external_task_marker_dag.py
[2023-06-15T12:14:43.556+0000] {processor.py:836} INFO - DAG(s) dict_keys(['example_external_task_marker_child', 'example_external_task_marker_parent']) retrieved from /home/airflow/.local/lib/python3.7/site-packages/airflow/example_dags/example_external_task_marker_dag.py
[2023-06-15T12:14:43.593+0000] {logging_mixin.py:149} INFO - [2023-06-15T12:14:43.593+0000] {dag.py:2726} INFO - Sync 2 DAGs
[2023-06-15T12:14:43.633+0000] {logging_mixin.py:149} INFO - [2023-06-15T12:14:43.633+0000] {dag.py:3490} INFO - Setting next_dagrun for example_external_task_marker_child to None, run_after=None
[2023-06-15T12:14:43.638+0000] {logging_mixin.py:149} INFO - [2023-06-15T12:14:43.638+0000] {dag.py:3490} INFO - Setting next_dagrun for example_external_task_marker_parent to None, run_after=None
[2023-06-15T12:14:43.679+0000] {processor.py:179} INFO - Processing /home/airflow/.local/lib/python3.7/site-packages/airflow/example_dags/example_external_task_marker_dag.py took 0.140 seconds
[2023-06-15T12:15:14.416+0000] {processor.py:157} INFO - Started process (PID=932) to work on /home/airflow/.local/lib/python3.7/site-packages/airflow/example_dags/example_external_task_marker_dag.py
[2023-06-15T12:15:14.418+0000] {processor.py:826} INFO - Processing file /home/airflow/.local/lib/python3.7/site-packages/airflow/example_dags/example_external_task_marker_dag.py for tasks to queue
[2023-06-15T12:15:14.419+0000] {logging_mixin.py:149} INFO - [2023-06-15T12:15:14.419+0000] {dagbag.py:541} INFO - Filling up the DagBag from /home/airflow/.local/lib/python3.7/site-packages/airflow/example_dags/example_external_task_marker_dag.py
[2023-06-15T12:15:14.428+0000] {processor.py:836} INFO - DAG(s) dict_keys(['example_external_task_marker_child', 'example_external_task_marker_parent']) retrieved from /home/airflow/.local/lib/python3.7/site-packages/airflow/example_dags/example_external_task_marker_dag.py
[2023-06-15T12:15:14.491+0000] {logging_mixin.py:149} INFO - [2023-06-15T12:15:14.490+0000] {dag.py:2726} INFO - Sync 2 DAGs
[2023-06-15T12:15:14.541+0000] {logging_mixin.py:149} INFO - [2023-06-15T12:15:14.541+0000] {dag.py:3490} INFO - Setting next_dagrun for example_external_task_marker_child to None, run_after=None
[2023-06-15T12:15:14.548+0000] {logging_mixin.py:149} INFO - [2023-06-15T12:15:14.547+0000] {dag.py:3490} INFO - Setting next_dagrun for example_external_task_marker_parent to None, run_after=None
[2023-06-15T12:15:14.575+0000] {processor.py:179} INFO - Processing /home/airflow/.local/lib/python3.7/site-packages/airflow/example_dags/example_external_task_marker_dag.py took 0.163 seconds
[2023-06-15T12:15:44.624+0000] {processor.py:157} INFO - Started process (PID=1008) to work on /home/airflow/.local/lib/python3.7/site-packages/airflow/example_dags/example_external_task_marker_dag.py
[2023-06-15T12:15:44.625+0000] {processor.py:826} INFO - Processing file /home/airflow/.local/lib/python3.7/site-packages/airflow/example_dags/example_external_task_marker_dag.py for tasks to queue
[2023-06-15T12:15:44.626+0000] {logging_mixin.py:149} INFO - [2023-06-15T12:15:44.626+0000] {dagbag.py:541} INFO - Filling up the DagBag from /home/airflow/.local/lib/python3.7/site-packages/airflow/example_dags/example_external_task_marker_dag.py
[2023-06-15T12:15:44.633+0000] {processor.py:836} INFO - DAG(s) dict_keys(['example_external_task_marker_parent', 'example_external_task_marker_child']) retrieved from /home/airflow/.local/lib/python3.7/site-packages/airflow/example_dags/example_external_task_marker_dag.py
[2023-06-15T12:15:44.671+0000] {logging_mixin.py:149} INFO - [2023-06-15T12:15:44.670+0000] {dag.py:2726} INFO - Sync 2 DAGs
[2023-06-15T12:15:44.709+0000] {logging_mixin.py:149} INFO - [2023-06-15T12:15:44.709+0000] {dag.py:3490} INFO - Setting next_dagrun for example_external_task_marker_child to None, run_after=None
[2023-06-15T12:15:44.714+0000] {logging_mixin.py:149} INFO - [2023-06-15T12:15:44.714+0000] {dag.py:3490} INFO - Setting next_dagrun for example_external_task_marker_parent to None, run_after=None
[2023-06-15T12:15:44.755+0000] {processor.py:179} INFO - Processing /home/airflow/.local/lib/python3.7/site-packages/airflow/example_dags/example_external_task_marker_dag.py took 0.135 seconds
[2023-06-15T12:16:15.096+0000] {processor.py:157} INFO - Started process (PID=1086) to work on /home/airflow/.local/lib/python3.7/site-packages/airflow/example_dags/example_external_task_marker_dag.py
[2023-06-15T12:16:15.097+0000] {processor.py:826} INFO - Processing file /home/airflow/.local/lib/python3.7/site-packages/airflow/example_dags/example_external_task_marker_dag.py for tasks to queue
[2023-06-15T12:16:15.098+0000] {logging_mixin.py:149} INFO - [2023-06-15T12:16:15.098+0000] {dagbag.py:541} INFO - Filling up the DagBag from /home/airflow/.local/lib/python3.7/site-packages/airflow/example_dags/example_external_task_marker_dag.py
[2023-06-15T12:16:15.106+0000] {processor.py:836} INFO - DAG(s) dict_keys(['example_external_task_marker_parent', 'example_external_task_marker_child']) retrieved from /home/airflow/.local/lib/python3.7/site-packages/airflow/example_dags/example_external_task_marker_dag.py
[2023-06-15T12:16:15.148+0000] {logging_mixin.py:149} INFO - [2023-06-15T12:16:15.148+0000] {dag.py:2726} INFO - Sync 2 DAGs
[2023-06-15T12:16:15.194+0000] {logging_mixin.py:149} INFO - [2023-06-15T12:16:15.194+0000] {dag.py:3490} INFO - Setting next_dagrun for example_external_task_marker_child to None, run_after=None
[2023-06-15T12:16:15.203+0000] {logging_mixin.py:149} INFO - [2023-06-15T12:16:15.203+0000] {dag.py:3490} INFO - Setting next_dagrun for example_external_task_marker_parent to None, run_after=None
[2023-06-15T12:16:15.251+0000] {processor.py:179} INFO - Processing /home/airflow/.local/lib/python3.7/site-packages/airflow/example_dags/example_external_task_marker_dag.py took 0.158 seconds
[2023-06-15T12:16:45.961+0000] {processor.py:157} INFO - Started process (PID=1163) to work on /home/airflow/.local/lib/python3.7/site-packages/airflow/example_dags/example_external_task_marker_dag.py
[2023-06-15T12:16:45.962+0000] {processor.py:826} INFO - Processing file /home/airflow/.local/lib/python3.7/site-packages/airflow/example_dags/example_external_task_marker_dag.py for tasks to queue
[2023-06-15T12:16:45.963+0000] {logging_mixin.py:149} INFO - [2023-06-15T12:16:45.963+0000] {dagbag.py:541} INFO - Filling up the DagBag from /home/airflow/.local/lib/python3.7/site-packages/airflow/example_dags/example_external_task_marker_dag.py
[2023-06-15T12:16:45.970+0000] {processor.py:836} INFO - DAG(s) dict_keys(['example_external_task_marker_child', 'example_external_task_marker_parent']) retrieved from /home/airflow/.local/lib/python3.7/site-packages/airflow/example_dags/example_external_task_marker_dag.py
[2023-06-15T12:16:46.008+0000] {logging_mixin.py:149} INFO - [2023-06-15T12:16:46.008+0000] {dag.py:2726} INFO - Sync 2 DAGs
[2023-06-15T12:16:46.053+0000] {logging_mixin.py:149} INFO - [2023-06-15T12:16:46.053+0000] {dag.py:3490} INFO - Setting next_dagrun for example_external_task_marker_child to None, run_after=None
[2023-06-15T12:16:46.060+0000] {logging_mixin.py:149} INFO - [2023-06-15T12:16:46.059+0000] {dag.py:3490} INFO - Setting next_dagrun for example_external_task_marker_parent to None, run_after=None
[2023-06-15T12:16:46.103+0000] {processor.py:179} INFO - Processing /home/airflow/.local/lib/python3.7/site-packages/airflow/example_dags/example_external_task_marker_dag.py took 0.146 seconds
[2023-06-15T12:17:16.806+0000] {processor.py:157} INFO - Started process (PID=1241) to work on /home/airflow/.local/lib/python3.7/site-packages/airflow/example_dags/example_external_task_marker_dag.py
[2023-06-15T12:17:16.808+0000] {processor.py:826} INFO - Processing file /home/airflow/.local/lib/python3.7/site-packages/airflow/example_dags/example_external_task_marker_dag.py for tasks to queue
[2023-06-15T12:17:16.809+0000] {logging_mixin.py:149} INFO - [2023-06-15T12:17:16.809+0000] {dagbag.py:541} INFO - Filling up the DagBag from /home/airflow/.local/lib/python3.7/site-packages/airflow/example_dags/example_external_task_marker_dag.py
[2023-06-15T12:17:16.816+0000] {processor.py:836} INFO - DAG(s) dict_keys(['example_external_task_marker_parent', 'example_external_task_marker_child']) retrieved from /home/airflow/.local/lib/python3.7/site-packages/airflow/example_dags/example_external_task_marker_dag.py
[2023-06-15T12:17:16.862+0000] {logging_mixin.py:149} INFO - [2023-06-15T12:17:16.862+0000] {dag.py:2726} INFO - Sync 2 DAGs
[2023-06-15T12:17:16.904+0000] {logging_mixin.py:149} INFO - [2023-06-15T12:17:16.904+0000] {dag.py:3490} INFO - Setting next_dagrun for example_external_task_marker_child to None, run_after=None
[2023-06-15T12:17:16.909+0000] {logging_mixin.py:149} INFO - [2023-06-15T12:17:16.909+0000] {dag.py:3490} INFO - Setting next_dagrun for example_external_task_marker_parent to None, run_after=None
[2023-06-15T12:17:16.939+0000] {processor.py:179} INFO - Processing /home/airflow/.local/lib/python3.7/site-packages/airflow/example_dags/example_external_task_marker_dag.py took 0.137 seconds
[2023-06-15T12:17:47.181+0000] {processor.py:157} INFO - Started process (PID=1317) to work on /home/airflow/.local/lib/python3.7/site-packages/airflow/example_dags/example_external_task_marker_dag.py
[2023-06-15T12:17:47.182+0000] {processor.py:826} INFO - Processing file /home/airflow/.local/lib/python3.7/site-packages/airflow/example_dags/example_external_task_marker_dag.py for tasks to queue
[2023-06-15T12:17:47.183+0000] {logging_mixin.py:149} INFO - [2023-06-15T12:17:47.183+0000] {dagbag.py:541} INFO - Filling up the DagBag from /home/airflow/.local/lib/python3.7/site-packages/airflow/example_dags/example_external_task_marker_dag.py
[2023-06-15T12:17:47.191+0000] {processor.py:836} INFO - DAG(s) dict_keys(['example_external_task_marker_parent', 'example_external_task_marker_child']) retrieved from /home/airflow/.local/lib/python3.7/site-packages/airflow/example_dags/example_external_task_marker_dag.py
[2023-06-15T12:17:47.233+0000] {logging_mixin.py:149} INFO - [2023-06-15T12:17:47.233+0000] {dag.py:2726} INFO - Sync 2 DAGs
[2023-06-15T12:17:47.270+0000] {logging_mixin.py:149} INFO - [2023-06-15T12:17:47.269+0000] {dag.py:3490} INFO - Setting next_dagrun for example_external_task_marker_child to None, run_after=None
[2023-06-15T12:17:47.275+0000] {logging_mixin.py:149} INFO - [2023-06-15T12:17:47.275+0000] {dag.py:3490} INFO - Setting next_dagrun for example_external_task_marker_parent to None, run_after=None
[2023-06-15T12:17:47.300+0000] {processor.py:179} INFO - Processing /home/airflow/.local/lib/python3.7/site-packages/airflow/example_dags/example_external_task_marker_dag.py took 0.122 seconds
[2023-06-15T12:18:17.581+0000] {processor.py:157} INFO - Started process (PID=1394) to work on /home/airflow/.local/lib/python3.7/site-packages/airflow/example_dags/example_external_task_marker_dag.py
[2023-06-15T12:18:17.582+0000] {processor.py:826} INFO - Processing file /home/airflow/.local/lib/python3.7/site-packages/airflow/example_dags/example_external_task_marker_dag.py for tasks to queue
[2023-06-15T12:18:17.583+0000] {logging_mixin.py:149} INFO - [2023-06-15T12:18:17.583+0000] {dagbag.py:541} INFO - Filling up the DagBag from /home/airflow/.local/lib/python3.7/site-packages/airflow/example_dags/example_external_task_marker_dag.py
[2023-06-15T12:18:17.589+0000] {processor.py:836} INFO - DAG(s) dict_keys(['example_external_task_marker_child', 'example_external_task_marker_parent']) retrieved from /home/airflow/.local/lib/python3.7/site-packages/airflow/example_dags/example_external_task_marker_dag.py
[2023-06-15T12:18:17.635+0000] {logging_mixin.py:149} INFO - [2023-06-15T12:18:17.634+0000] {dag.py:2726} INFO - Sync 2 DAGs
[2023-06-15T12:18:17.677+0000] {logging_mixin.py:149} INFO - [2023-06-15T12:18:17.677+0000] {dag.py:3490} INFO - Setting next_dagrun for example_external_task_marker_child to None, run_after=None
[2023-06-15T12:18:17.684+0000] {logging_mixin.py:149} INFO - [2023-06-15T12:18:17.683+0000] {dag.py:3490} INFO - Setting next_dagrun for example_external_task_marker_parent to None, run_after=None
[2023-06-15T12:18:17.724+0000] {processor.py:179} INFO - Processing /home/airflow/.local/lib/python3.7/site-packages/airflow/example_dags/example_external_task_marker_dag.py took 0.148 seconds
[2023-06-15T12:18:48.402+0000] {processor.py:157} INFO - Started process (PID=1471) to work on /home/airflow/.local/lib/python3.7/site-packages/airflow/example_dags/example_external_task_marker_dag.py
[2023-06-15T12:18:48.403+0000] {processor.py:826} INFO - Processing file /home/airflow/.local/lib/python3.7/site-packages/airflow/example_dags/example_external_task_marker_dag.py for tasks to queue
[2023-06-15T12:18:48.404+0000] {logging_mixin.py:149} INFO - [2023-06-15T12:18:48.404+0000] {dagbag.py:541} INFO - Filling up the DagBag from /home/airflow/.local/lib/python3.7/site-packages/airflow/example_dags/example_external_task_marker_dag.py
[2023-06-15T12:18:48.413+0000] {processor.py:836} INFO - DAG(s) dict_keys(['example_external_task_marker_child', 'example_external_task_marker_parent']) retrieved from /home/airflow/.local/lib/python3.7/site-packages/airflow/example_dags/example_external_task_marker_dag.py
[2023-06-15T12:18:48.458+0000] {logging_mixin.py:149} INFO - [2023-06-15T12:18:48.458+0000] {dag.py:2726} INFO - Sync 2 DAGs
[2023-06-15T12:18:48.497+0000] {logging_mixin.py:149} INFO - [2023-06-15T12:18:48.497+0000] {dag.py:3490} INFO - Setting next_dagrun for example_external_task_marker_child to None, run_after=None
[2023-06-15T12:18:48.504+0000] {logging_mixin.py:149} INFO - [2023-06-15T12:18:48.504+0000] {dag.py:3490} INFO - Setting next_dagrun for example_external_task_marker_parent to None, run_after=None
[2023-06-15T12:18:48.534+0000] {processor.py:179} INFO - Processing /home/airflow/.local/lib/python3.7/site-packages/airflow/example_dags/example_external_task_marker_dag.py took 0.136 seconds
[2023-06-15T12:19:18.787+0000] {processor.py:157} INFO - Started process (PID=1535) to work on /home/airflow/.local/lib/python3.7/site-packages/airflow/example_dags/example_external_task_marker_dag.py
[2023-06-15T12:19:18.789+0000] {processor.py:826} INFO - Processing file /home/airflow/.local/lib/python3.7/site-packages/airflow/example_dags/example_external_task_marker_dag.py for tasks to queue
[2023-06-15T12:19:18.790+0000] {logging_mixin.py:149} INFO - [2023-06-15T12:19:18.790+0000] {dagbag.py:541} INFO - Filling up the DagBag from /home/airflow/.local/lib/python3.7/site-packages/airflow/example_dags/example_external_task_marker_dag.py
[2023-06-15T12:19:18.798+0000] {processor.py:836} INFO - DAG(s) dict_keys(['example_external_task_marker_child', 'example_external_task_marker_parent']) retrieved from /home/airflow/.local/lib/python3.7/site-packages/airflow/example_dags/example_external_task_marker_dag.py
[2023-06-15T12:19:18.834+0000] {logging_mixin.py:149} INFO - [2023-06-15T12:19:18.833+0000] {dag.py:2726} INFO - Sync 2 DAGs
[2023-06-15T12:19:18.876+0000] {logging_mixin.py:149} INFO - [2023-06-15T12:19:18.876+0000] {dag.py:3490} INFO - Setting next_dagrun for example_external_task_marker_child to None, run_after=None
[2023-06-15T12:19:18.882+0000] {logging_mixin.py:149} INFO - [2023-06-15T12:19:18.881+0000] {dag.py:3490} INFO - Setting next_dagrun for example_external_task_marker_parent to None, run_after=None
[2023-06-15T12:19:18.908+0000] {processor.py:179} INFO - Processing /home/airflow/.local/lib/python3.7/site-packages/airflow/example_dags/example_external_task_marker_dag.py took 0.124 seconds
[2023-06-15T12:19:49.452+0000] {processor.py:157} INFO - Started process (PID=1598) to work on /home/airflow/.local/lib/python3.7/site-packages/airflow/example_dags/example_external_task_marker_dag.py
[2023-06-15T12:19:49.453+0000] {processor.py:826} INFO - Processing file /home/airflow/.local/lib/python3.7/site-packages/airflow/example_dags/example_external_task_marker_dag.py for tasks to queue
[2023-06-15T12:19:49.455+0000] {logging_mixin.py:149} INFO - [2023-06-15T12:19:49.454+0000] {dagbag.py:541} INFO - Filling up the DagBag from /home/airflow/.local/lib/python3.7/site-packages/airflow/example_dags/example_external_task_marker_dag.py
[2023-06-15T12:19:49.463+0000] {processor.py:836} INFO - DAG(s) dict_keys(['example_external_task_marker_parent', 'example_external_task_marker_child']) retrieved from /home/airflow/.local/lib/python3.7/site-packages/airflow/example_dags/example_external_task_marker_dag.py
[2023-06-15T12:19:49.502+0000] {logging_mixin.py:149} INFO - [2023-06-15T12:19:49.502+0000] {dag.py:2726} INFO - Sync 2 DAGs
[2023-06-15T12:19:49.544+0000] {logging_mixin.py:149} INFO - [2023-06-15T12:19:49.543+0000] {dag.py:3490} INFO - Setting next_dagrun for example_external_task_marker_child to None, run_after=None
[2023-06-15T12:19:49.549+0000] {logging_mixin.py:149} INFO - [2023-06-15T12:19:49.549+0000] {dag.py:3490} INFO - Setting next_dagrun for example_external_task_marker_parent to None, run_after=None
[2023-06-15T12:19:49.573+0000] {processor.py:179} INFO - Processing /home/airflow/.local/lib/python3.7/site-packages/airflow/example_dags/example_external_task_marker_dag.py took 0.125 seconds
