[2023-06-15T12:09:30.627+0000] {processor.py:157} INFO - Started process (PID=54) to work on /home/airflow/.local/lib/python3.7/site-packages/airflow/example_dags/example_datasets.py
[2023-06-15T12:09:30.628+0000] {processor.py:826} INFO - Processing file /home/airflow/.local/lib/python3.7/site-packages/airflow/example_dags/example_datasets.py for tasks to queue
[2023-06-15T12:09:30.629+0000] {logging_mixin.py:149} INFO - [2023-06-15T12:09:30.629+0000] {dagbag.py:541} INFO - Filling up the DagBag from /home/airflow/.local/lib/python3.7/site-packages/airflow/example_dags/example_datasets.py
[2023-06-15T12:09:30.644+0000] {processor.py:836} INFO - DAG(s) dict_keys(['dataset_consumes_1_never_scheduled', 'dataset_produces_2', 'dataset_consumes_1', 'dataset_consumes_unknown_never_scheduled', 'dataset_consumes_1_and_2', 'dataset_produces_1']) retrieved from /home/airflow/.local/lib/python3.7/site-packages/airflow/example_dags/example_datasets.py
[2023-06-15T12:09:30.813+0000] {logging_mixin.py:149} INFO - [2023-06-15T12:09:30.813+0000] {dag.py:2726} INFO - Sync 6 DAGs
[2023-06-15T12:09:30.852+0000] {logging_mixin.py:149} INFO - [2023-06-15T12:09:30.851+0000] {dag.py:3490} INFO - Setting next_dagrun for dataset_consumes_1 to None, run_after=None
[2023-06-15T12:09:30.856+0000] {logging_mixin.py:149} INFO - [2023-06-15T12:09:30.856+0000] {dag.py:3490} INFO - Setting next_dagrun for dataset_consumes_1_and_2 to None, run_after=None
[2023-06-15T12:09:30.859+0000] {logging_mixin.py:149} INFO - [2023-06-15T12:09:30.859+0000] {dag.py:3490} INFO - Setting next_dagrun for dataset_consumes_1_never_scheduled to None, run_after=None
[2023-06-15T12:09:30.861+0000] {logging_mixin.py:149} INFO - [2023-06-15T12:09:30.861+0000] {dag.py:3490} INFO - Setting next_dagrun for dataset_consumes_unknown_never_scheduled to None, run_after=None
[2023-06-15T12:09:30.866+0000] {logging_mixin.py:149} INFO - [2023-06-15T12:09:30.866+0000] {dag.py:3490} INFO - Setting next_dagrun for dataset_produces_1 to 2023-06-14T00:00:00+00:00, run_after=2023-06-15T00:00:00+00:00
[2023-06-15T12:09:30.869+0000] {logging_mixin.py:149} INFO - [2023-06-15T12:09:30.869+0000] {dag.py:3490} INFO - Setting next_dagrun for dataset_produces_2 to None, run_after=None
[2023-06-15T12:09:30.929+0000] {processor.py:179} INFO - Processing /home/airflow/.local/lib/python3.7/site-packages/airflow/example_dags/example_datasets.py took 0.306 seconds
[2023-06-15T12:10:01.395+0000] {processor.py:157} INFO - Started process (PID=131) to work on /home/airflow/.local/lib/python3.7/site-packages/airflow/example_dags/example_datasets.py
[2023-06-15T12:10:01.396+0000] {processor.py:826} INFO - Processing file /home/airflow/.local/lib/python3.7/site-packages/airflow/example_dags/example_datasets.py for tasks to queue
[2023-06-15T12:10:01.397+0000] {logging_mixin.py:149} INFO - [2023-06-15T12:10:01.397+0000] {dagbag.py:541} INFO - Filling up the DagBag from /home/airflow/.local/lib/python3.7/site-packages/airflow/example_dags/example_datasets.py
[2023-06-15T12:10:01.406+0000] {processor.py:836} INFO - DAG(s) dict_keys(['dataset_consumes_1_never_scheduled', 'dataset_consumes_1', 'dataset_produces_1', 'dataset_produces_2', 'dataset_consumes_1_and_2', 'dataset_consumes_unknown_never_scheduled']) retrieved from /home/airflow/.local/lib/python3.7/site-packages/airflow/example_dags/example_datasets.py
[2023-06-15T12:10:01.452+0000] {logging_mixin.py:149} INFO - [2023-06-15T12:10:01.452+0000] {dag.py:2726} INFO - Sync 6 DAGs
[2023-06-15T12:10:01.479+0000] {logging_mixin.py:149} INFO - [2023-06-15T12:10:01.479+0000] {dag.py:3490} INFO - Setting next_dagrun for dataset_consumes_1 to None, run_after=None
[2023-06-15T12:10:01.483+0000] {logging_mixin.py:149} INFO - [2023-06-15T12:10:01.483+0000] {dag.py:3490} INFO - Setting next_dagrun for dataset_consumes_1_and_2 to None, run_after=None
[2023-06-15T12:10:01.485+0000] {logging_mixin.py:149} INFO - [2023-06-15T12:10:01.484+0000] {dag.py:3490} INFO - Setting next_dagrun for dataset_consumes_1_never_scheduled to None, run_after=None
[2023-06-15T12:10:01.486+0000] {logging_mixin.py:149} INFO - [2023-06-15T12:10:01.486+0000] {dag.py:3490} INFO - Setting next_dagrun for dataset_consumes_unknown_never_scheduled to None, run_after=None
[2023-06-15T12:10:01.489+0000] {logging_mixin.py:149} INFO - [2023-06-15T12:10:01.489+0000] {dag.py:3490} INFO - Setting next_dagrun for dataset_produces_1 to 2023-06-14T00:00:00+00:00, run_after=2023-06-15T00:00:00+00:00
[2023-06-15T12:10:01.490+0000] {logging_mixin.py:149} INFO - [2023-06-15T12:10:01.490+0000] {dag.py:3490} INFO - Setting next_dagrun for dataset_produces_2 to None, run_after=None
[2023-06-15T12:10:01.629+0000] {processor.py:179} INFO - Processing /home/airflow/.local/lib/python3.7/site-packages/airflow/example_dags/example_datasets.py took 0.237 seconds
[2023-06-15T12:10:33.226+0000] {processor.py:157} INFO - Started process (PID=208) to work on /home/airflow/.local/lib/python3.7/site-packages/airflow/example_dags/example_datasets.py
[2023-06-15T12:10:33.228+0000] {processor.py:826} INFO - Processing file /home/airflow/.local/lib/python3.7/site-packages/airflow/example_dags/example_datasets.py for tasks to queue
[2023-06-15T12:10:33.229+0000] {logging_mixin.py:149} INFO - [2023-06-15T12:10:33.229+0000] {dagbag.py:541} INFO - Filling up the DagBag from /home/airflow/.local/lib/python3.7/site-packages/airflow/example_dags/example_datasets.py
[2023-06-15T12:10:33.241+0000] {processor.py:836} INFO - DAG(s) dict_keys(['dataset_consumes_1', 'dataset_consumes_1_never_scheduled', 'dataset_produces_1', 'dataset_consumes_1_and_2', 'dataset_consumes_unknown_never_scheduled', 'dataset_produces_2']) retrieved from /home/airflow/.local/lib/python3.7/site-packages/airflow/example_dags/example_datasets.py
[2023-06-15T12:10:33.412+0000] {logging_mixin.py:149} INFO - [2023-06-15T12:10:33.412+0000] {dag.py:2726} INFO - Sync 6 DAGs
[2023-06-15T12:10:33.447+0000] {logging_mixin.py:149} INFO - [2023-06-15T12:10:33.447+0000] {dag.py:3490} INFO - Setting next_dagrun for dataset_consumes_1 to None, run_after=None
[2023-06-15T12:10:33.452+0000] {logging_mixin.py:149} INFO - [2023-06-15T12:10:33.452+0000] {dag.py:3490} INFO - Setting next_dagrun for dataset_consumes_1_and_2 to None, run_after=None
[2023-06-15T12:10:33.454+0000] {logging_mixin.py:149} INFO - [2023-06-15T12:10:33.454+0000] {dag.py:3490} INFO - Setting next_dagrun for dataset_consumes_1_never_scheduled to None, run_after=None
[2023-06-15T12:10:33.456+0000] {logging_mixin.py:149} INFO - [2023-06-15T12:10:33.456+0000] {dag.py:3490} INFO - Setting next_dagrun for dataset_consumes_unknown_never_scheduled to None, run_after=None
[2023-06-15T12:10:33.460+0000] {logging_mixin.py:149} INFO - [2023-06-15T12:10:33.460+0000] {dag.py:3490} INFO - Setting next_dagrun for dataset_produces_1 to 2023-06-14T00:00:00+00:00, run_after=2023-06-15T00:00:00+00:00
[2023-06-15T12:10:33.462+0000] {logging_mixin.py:149} INFO - [2023-06-15T12:10:33.462+0000] {dag.py:3490} INFO - Setting next_dagrun for dataset_produces_2 to None, run_after=None
[2023-06-15T12:10:33.513+0000] {processor.py:179} INFO - Processing /home/airflow/.local/lib/python3.7/site-packages/airflow/example_dags/example_datasets.py took 0.290 seconds
[2023-06-15T12:11:03.872+0000] {processor.py:157} INFO - Started process (PID=285) to work on /home/airflow/.local/lib/python3.7/site-packages/airflow/example_dags/example_datasets.py
[2023-06-15T12:11:03.873+0000] {processor.py:826} INFO - Processing file /home/airflow/.local/lib/python3.7/site-packages/airflow/example_dags/example_datasets.py for tasks to queue
[2023-06-15T12:11:03.874+0000] {logging_mixin.py:149} INFO - [2023-06-15T12:11:03.874+0000] {dagbag.py:541} INFO - Filling up the DagBag from /home/airflow/.local/lib/python3.7/site-packages/airflow/example_dags/example_datasets.py
[2023-06-15T12:11:03.887+0000] {processor.py:836} INFO - DAG(s) dict_keys(['dataset_produces_1', 'dataset_produces_2', 'dataset_consumes_unknown_never_scheduled', 'dataset_consumes_1_and_2', 'dataset_consumes_1', 'dataset_consumes_1_never_scheduled']) retrieved from /home/airflow/.local/lib/python3.7/site-packages/airflow/example_dags/example_datasets.py
[2023-06-15T12:11:03.950+0000] {logging_mixin.py:149} INFO - [2023-06-15T12:11:03.950+0000] {dag.py:2726} INFO - Sync 6 DAGs
[2023-06-15T12:11:03.994+0000] {logging_mixin.py:149} INFO - [2023-06-15T12:11:03.994+0000] {dag.py:3490} INFO - Setting next_dagrun for dataset_consumes_1 to None, run_after=None
[2023-06-15T12:11:04.000+0000] {logging_mixin.py:149} INFO - [2023-06-15T12:11:04.000+0000] {dag.py:3490} INFO - Setting next_dagrun for dataset_consumes_1_and_2 to None, run_after=None
[2023-06-15T12:11:04.002+0000] {logging_mixin.py:149} INFO - [2023-06-15T12:11:04.002+0000] {dag.py:3490} INFO - Setting next_dagrun for dataset_consumes_1_never_scheduled to None, run_after=None
[2023-06-15T12:11:04.005+0000] {logging_mixin.py:149} INFO - [2023-06-15T12:11:04.005+0000] {dag.py:3490} INFO - Setting next_dagrun for dataset_consumes_unknown_never_scheduled to None, run_after=None
[2023-06-15T12:11:04.010+0000] {logging_mixin.py:149} INFO - [2023-06-15T12:11:04.010+0000] {dag.py:3490} INFO - Setting next_dagrun for dataset_produces_1 to 2023-06-14T00:00:00+00:00, run_after=2023-06-15T00:00:00+00:00
[2023-06-15T12:11:04.013+0000] {logging_mixin.py:149} INFO - [2023-06-15T12:11:04.013+0000] {dag.py:3490} INFO - Setting next_dagrun for dataset_produces_2 to None, run_after=None
[2023-06-15T12:11:04.073+0000] {processor.py:179} INFO - Processing /home/airflow/.local/lib/python3.7/site-packages/airflow/example_dags/example_datasets.py took 0.204 seconds
[2023-06-15T12:11:34.904+0000] {processor.py:157} INFO - Started process (PID=363) to work on /home/airflow/.local/lib/python3.7/site-packages/airflow/example_dags/example_datasets.py
[2023-06-15T12:11:34.905+0000] {processor.py:826} INFO - Processing file /home/airflow/.local/lib/python3.7/site-packages/airflow/example_dags/example_datasets.py for tasks to queue
[2023-06-15T12:11:34.906+0000] {logging_mixin.py:149} INFO - [2023-06-15T12:11:34.906+0000] {dagbag.py:541} INFO - Filling up the DagBag from /home/airflow/.local/lib/python3.7/site-packages/airflow/example_dags/example_datasets.py
[2023-06-15T12:11:34.918+0000] {processor.py:836} INFO - DAG(s) dict_keys(['dataset_produces_1', 'dataset_consumes_unknown_never_scheduled', 'dataset_consumes_1', 'dataset_consumes_1_never_scheduled', 'dataset_consumes_1_and_2', 'dataset_produces_2']) retrieved from /home/airflow/.local/lib/python3.7/site-packages/airflow/example_dags/example_datasets.py
[2023-06-15T12:11:34.978+0000] {logging_mixin.py:149} INFO - [2023-06-15T12:11:34.978+0000] {dag.py:2726} INFO - Sync 6 DAGs
[2023-06-15T12:11:35.016+0000] {logging_mixin.py:149} INFO - [2023-06-15T12:11:35.015+0000] {dag.py:3490} INFO - Setting next_dagrun for dataset_consumes_1 to None, run_after=None
[2023-06-15T12:11:35.021+0000] {logging_mixin.py:149} INFO - [2023-06-15T12:11:35.021+0000] {dag.py:3490} INFO - Setting next_dagrun for dataset_consumes_1_and_2 to None, run_after=None
[2023-06-15T12:11:35.023+0000] {logging_mixin.py:149} INFO - [2023-06-15T12:11:35.023+0000] {dag.py:3490} INFO - Setting next_dagrun for dataset_consumes_1_never_scheduled to None, run_after=None
[2023-06-15T12:11:35.025+0000] {logging_mixin.py:149} INFO - [2023-06-15T12:11:35.025+0000] {dag.py:3490} INFO - Setting next_dagrun for dataset_consumes_unknown_never_scheduled to None, run_after=None
[2023-06-15T12:11:35.031+0000] {logging_mixin.py:149} INFO - [2023-06-15T12:11:35.031+0000] {dag.py:3490} INFO - Setting next_dagrun for dataset_produces_1 to 2023-06-14T00:00:00+00:00, run_after=2023-06-15T00:00:00+00:00
[2023-06-15T12:11:35.033+0000] {logging_mixin.py:149} INFO - [2023-06-15T12:11:35.033+0000] {dag.py:3490} INFO - Setting next_dagrun for dataset_produces_2 to None, run_after=None
[2023-06-15T12:11:35.091+0000] {processor.py:179} INFO - Processing /home/airflow/.local/lib/python3.7/site-packages/airflow/example_dags/example_datasets.py took 0.192 seconds
[2023-06-15T12:12:05.760+0000] {processor.py:157} INFO - Started process (PID=440) to work on /home/airflow/.local/lib/python3.7/site-packages/airflow/example_dags/example_datasets.py
[2023-06-15T12:12:05.761+0000] {processor.py:826} INFO - Processing file /home/airflow/.local/lib/python3.7/site-packages/airflow/example_dags/example_datasets.py for tasks to queue
[2023-06-15T12:12:05.762+0000] {logging_mixin.py:149} INFO - [2023-06-15T12:12:05.762+0000] {dagbag.py:541} INFO - Filling up the DagBag from /home/airflow/.local/lib/python3.7/site-packages/airflow/example_dags/example_datasets.py
[2023-06-15T12:12:05.771+0000] {processor.py:836} INFO - DAG(s) dict_keys(['dataset_consumes_1', 'dataset_consumes_1_and_2', 'dataset_produces_1', 'dataset_consumes_1_never_scheduled', 'dataset_produces_2', 'dataset_consumes_unknown_never_scheduled']) retrieved from /home/airflow/.local/lib/python3.7/site-packages/airflow/example_dags/example_datasets.py
[2023-06-15T12:12:05.816+0000] {logging_mixin.py:149} INFO - [2023-06-15T12:12:05.816+0000] {dag.py:2726} INFO - Sync 6 DAGs
[2023-06-15T12:12:05.849+0000] {logging_mixin.py:149} INFO - [2023-06-15T12:12:05.849+0000] {dag.py:3490} INFO - Setting next_dagrun for dataset_consumes_1 to None, run_after=None
[2023-06-15T12:12:05.855+0000] {logging_mixin.py:149} INFO - [2023-06-15T12:12:05.855+0000] {dag.py:3490} INFO - Setting next_dagrun for dataset_consumes_1_and_2 to None, run_after=None
[2023-06-15T12:12:05.857+0000] {logging_mixin.py:149} INFO - [2023-06-15T12:12:05.857+0000] {dag.py:3490} INFO - Setting next_dagrun for dataset_consumes_1_never_scheduled to None, run_after=None
[2023-06-15T12:12:05.858+0000] {logging_mixin.py:149} INFO - [2023-06-15T12:12:05.858+0000] {dag.py:3490} INFO - Setting next_dagrun for dataset_consumes_unknown_never_scheduled to None, run_after=None
[2023-06-15T12:12:05.862+0000] {logging_mixin.py:149} INFO - [2023-06-15T12:12:05.862+0000] {dag.py:3490} INFO - Setting next_dagrun for dataset_produces_1 to 2023-06-14T00:00:00+00:00, run_after=2023-06-15T00:00:00+00:00
[2023-06-15T12:12:05.864+0000] {logging_mixin.py:149} INFO - [2023-06-15T12:12:05.864+0000] {dag.py:3490} INFO - Setting next_dagrun for dataset_produces_2 to None, run_after=None
[2023-06-15T12:12:05.903+0000] {processor.py:179} INFO - Processing /home/airflow/.local/lib/python3.7/site-packages/airflow/example_dags/example_datasets.py took 0.146 seconds
[2023-06-15T12:12:36.623+0000] {processor.py:157} INFO - Started process (PID=517) to work on /home/airflow/.local/lib/python3.7/site-packages/airflow/example_dags/example_datasets.py
[2023-06-15T12:12:36.624+0000] {processor.py:826} INFO - Processing file /home/airflow/.local/lib/python3.7/site-packages/airflow/example_dags/example_datasets.py for tasks to queue
[2023-06-15T12:12:36.625+0000] {logging_mixin.py:149} INFO - [2023-06-15T12:12:36.625+0000] {dagbag.py:541} INFO - Filling up the DagBag from /home/airflow/.local/lib/python3.7/site-packages/airflow/example_dags/example_datasets.py
[2023-06-15T12:12:36.635+0000] {processor.py:836} INFO - DAG(s) dict_keys(['dataset_consumes_1', 'dataset_produces_2', 'dataset_consumes_unknown_never_scheduled', 'dataset_consumes_1_and_2', 'dataset_produces_1', 'dataset_consumes_1_never_scheduled']) retrieved from /home/airflow/.local/lib/python3.7/site-packages/airflow/example_dags/example_datasets.py
[2023-06-15T12:12:36.675+0000] {logging_mixin.py:149} INFO - [2023-06-15T12:12:36.675+0000] {dag.py:2726} INFO - Sync 6 DAGs
[2023-06-15T12:12:36.704+0000] {logging_mixin.py:149} INFO - [2023-06-15T12:12:36.704+0000] {dag.py:3490} INFO - Setting next_dagrun for dataset_consumes_1 to None, run_after=None
[2023-06-15T12:12:36.709+0000] {logging_mixin.py:149} INFO - [2023-06-15T12:12:36.708+0000] {dag.py:3490} INFO - Setting next_dagrun for dataset_consumes_1_and_2 to None, run_after=None
[2023-06-15T12:12:36.710+0000] {logging_mixin.py:149} INFO - [2023-06-15T12:12:36.710+0000] {dag.py:3490} INFO - Setting next_dagrun for dataset_consumes_1_never_scheduled to None, run_after=None
[2023-06-15T12:12:36.712+0000] {logging_mixin.py:149} INFO - [2023-06-15T12:12:36.712+0000] {dag.py:3490} INFO - Setting next_dagrun for dataset_consumes_unknown_never_scheduled to None, run_after=None
[2023-06-15T12:12:36.715+0000] {logging_mixin.py:149} INFO - [2023-06-15T12:12:36.715+0000] {dag.py:3490} INFO - Setting next_dagrun for dataset_produces_1 to 2023-06-14T00:00:00+00:00, run_after=2023-06-15T00:00:00+00:00
[2023-06-15T12:12:36.717+0000] {logging_mixin.py:149} INFO - [2023-06-15T12:12:36.717+0000] {dag.py:3490} INFO - Setting next_dagrun for dataset_produces_2 to None, run_after=None
[2023-06-15T12:12:36.756+0000] {processor.py:179} INFO - Processing /home/airflow/.local/lib/python3.7/site-packages/airflow/example_dags/example_datasets.py took 0.135 seconds
[2023-06-15T12:13:07.552+0000] {processor.py:157} INFO - Started process (PID=594) to work on /home/airflow/.local/lib/python3.7/site-packages/airflow/example_dags/example_datasets.py
[2023-06-15T12:13:07.553+0000] {processor.py:826} INFO - Processing file /home/airflow/.local/lib/python3.7/site-packages/airflow/example_dags/example_datasets.py for tasks to queue
[2023-06-15T12:13:07.555+0000] {logging_mixin.py:149} INFO - [2023-06-15T12:13:07.555+0000] {dagbag.py:541} INFO - Filling up the DagBag from /home/airflow/.local/lib/python3.7/site-packages/airflow/example_dags/example_datasets.py
[2023-06-15T12:13:07.566+0000] {processor.py:836} INFO - DAG(s) dict_keys(['dataset_consumes_1', 'dataset_produces_2', 'dataset_consumes_1_and_2', 'dataset_consumes_unknown_never_scheduled', 'dataset_produces_1', 'dataset_consumes_1_never_scheduled']) retrieved from /home/airflow/.local/lib/python3.7/site-packages/airflow/example_dags/example_datasets.py
[2023-06-15T12:13:07.627+0000] {logging_mixin.py:149} INFO - [2023-06-15T12:13:07.627+0000] {dag.py:2726} INFO - Sync 6 DAGs
[2023-06-15T12:13:07.668+0000] {logging_mixin.py:149} INFO - [2023-06-15T12:13:07.668+0000] {dag.py:3490} INFO - Setting next_dagrun for dataset_consumes_1 to None, run_after=None
[2023-06-15T12:13:07.673+0000] {logging_mixin.py:149} INFO - [2023-06-15T12:13:07.673+0000] {dag.py:3490} INFO - Setting next_dagrun for dataset_consumes_1_and_2 to None, run_after=None
[2023-06-15T12:13:07.676+0000] {logging_mixin.py:149} INFO - [2023-06-15T12:13:07.675+0000] {dag.py:3490} INFO - Setting next_dagrun for dataset_consumes_1_never_scheduled to None, run_after=None
[2023-06-15T12:13:07.677+0000] {logging_mixin.py:149} INFO - [2023-06-15T12:13:07.677+0000] {dag.py:3490} INFO - Setting next_dagrun for dataset_consumes_unknown_never_scheduled to None, run_after=None
[2023-06-15T12:13:07.682+0000] {logging_mixin.py:149} INFO - [2023-06-15T12:13:07.682+0000] {dag.py:3490} INFO - Setting next_dagrun for dataset_produces_1 to 2023-06-14T00:00:00+00:00, run_after=2023-06-15T00:00:00+00:00
[2023-06-15T12:13:07.684+0000] {logging_mixin.py:149} INFO - [2023-06-15T12:13:07.684+0000] {dag.py:3490} INFO - Setting next_dagrun for dataset_produces_2 to None, run_after=None
[2023-06-15T12:13:07.754+0000] {processor.py:179} INFO - Processing /home/airflow/.local/lib/python3.7/site-packages/airflow/example_dags/example_datasets.py took 0.205 seconds
[2023-06-15T12:13:38.618+0000] {processor.py:157} INFO - Started process (PID=671) to work on /home/airflow/.local/lib/python3.7/site-packages/airflow/example_dags/example_datasets.py
[2023-06-15T12:13:38.620+0000] {processor.py:826} INFO - Processing file /home/airflow/.local/lib/python3.7/site-packages/airflow/example_dags/example_datasets.py for tasks to queue
[2023-06-15T12:13:38.621+0000] {logging_mixin.py:149} INFO - [2023-06-15T12:13:38.621+0000] {dagbag.py:541} INFO - Filling up the DagBag from /home/airflow/.local/lib/python3.7/site-packages/airflow/example_dags/example_datasets.py
[2023-06-15T12:13:38.636+0000] {processor.py:836} INFO - DAG(s) dict_keys(['dataset_consumes_1', 'dataset_produces_1', 'dataset_consumes_unknown_never_scheduled', 'dataset_produces_2', 'dataset_consumes_1_never_scheduled', 'dataset_consumes_1_and_2']) retrieved from /home/airflow/.local/lib/python3.7/site-packages/airflow/example_dags/example_datasets.py
[2023-06-15T12:13:38.706+0000] {logging_mixin.py:149} INFO - [2023-06-15T12:13:38.706+0000] {dag.py:2726} INFO - Sync 6 DAGs
[2023-06-15T12:13:38.756+0000] {logging_mixin.py:149} INFO - [2023-06-15T12:13:38.755+0000] {dag.py:3490} INFO - Setting next_dagrun for dataset_consumes_1 to None, run_after=None
[2023-06-15T12:13:38.762+0000] {logging_mixin.py:149} INFO - [2023-06-15T12:13:38.762+0000] {dag.py:3490} INFO - Setting next_dagrun for dataset_consumes_1_and_2 to None, run_after=None
[2023-06-15T12:13:38.767+0000] {logging_mixin.py:149} INFO - [2023-06-15T12:13:38.767+0000] {dag.py:3490} INFO - Setting next_dagrun for dataset_consumes_1_never_scheduled to None, run_after=None
[2023-06-15T12:13:38.770+0000] {logging_mixin.py:149} INFO - [2023-06-15T12:13:38.770+0000] {dag.py:3490} INFO - Setting next_dagrun for dataset_consumes_unknown_never_scheduled to None, run_after=None
[2023-06-15T12:13:38.776+0000] {logging_mixin.py:149} INFO - [2023-06-15T12:13:38.776+0000] {dag.py:3490} INFO - Setting next_dagrun for dataset_produces_1 to 2023-06-14T00:00:00+00:00, run_after=2023-06-15T00:00:00+00:00
[2023-06-15T12:13:38.779+0000] {logging_mixin.py:149} INFO - [2023-06-15T12:13:38.779+0000] {dag.py:3490} INFO - Setting next_dagrun for dataset_produces_2 to None, run_after=None
[2023-06-15T12:13:38.838+0000] {processor.py:179} INFO - Processing /home/airflow/.local/lib/python3.7/site-packages/airflow/example_dags/example_datasets.py took 0.223 seconds
[2023-06-15T12:14:09.249+0000] {processor.py:157} INFO - Started process (PID=748) to work on /home/airflow/.local/lib/python3.7/site-packages/airflow/example_dags/example_datasets.py
[2023-06-15T12:14:09.250+0000] {processor.py:826} INFO - Processing file /home/airflow/.local/lib/python3.7/site-packages/airflow/example_dags/example_datasets.py for tasks to queue
[2023-06-15T12:14:09.251+0000] {logging_mixin.py:149} INFO - [2023-06-15T12:14:09.251+0000] {dagbag.py:541} INFO - Filling up the DagBag from /home/airflow/.local/lib/python3.7/site-packages/airflow/example_dags/example_datasets.py
[2023-06-15T12:14:09.267+0000] {processor.py:836} INFO - DAG(s) dict_keys(['dataset_consumes_1_never_scheduled', 'dataset_consumes_1_and_2', 'dataset_produces_1', 'dataset_produces_2', 'dataset_consumes_unknown_never_scheduled', 'dataset_consumes_1']) retrieved from /home/airflow/.local/lib/python3.7/site-packages/airflow/example_dags/example_datasets.py
[2023-06-15T12:14:09.333+0000] {logging_mixin.py:149} INFO - [2023-06-15T12:14:09.333+0000] {dag.py:2726} INFO - Sync 6 DAGs
[2023-06-15T12:14:09.389+0000] {logging_mixin.py:149} INFO - [2023-06-15T12:14:09.389+0000] {dag.py:3490} INFO - Setting next_dagrun for dataset_consumes_1 to None, run_after=None
[2023-06-15T12:14:09.395+0000] {logging_mixin.py:149} INFO - [2023-06-15T12:14:09.395+0000] {dag.py:3490} INFO - Setting next_dagrun for dataset_consumes_1_and_2 to None, run_after=None
[2023-06-15T12:14:09.397+0000] {logging_mixin.py:149} INFO - [2023-06-15T12:14:09.397+0000] {dag.py:3490} INFO - Setting next_dagrun for dataset_consumes_1_never_scheduled to None, run_after=None
[2023-06-15T12:14:09.399+0000] {logging_mixin.py:149} INFO - [2023-06-15T12:14:09.398+0000] {dag.py:3490} INFO - Setting next_dagrun for dataset_consumes_unknown_never_scheduled to None, run_after=None
[2023-06-15T12:14:09.405+0000] {logging_mixin.py:149} INFO - [2023-06-15T12:14:09.405+0000] {dag.py:3490} INFO - Setting next_dagrun for dataset_produces_1 to 2023-06-14T00:00:00+00:00, run_after=2023-06-15T00:00:00+00:00
[2023-06-15T12:14:09.408+0000] {logging_mixin.py:149} INFO - [2023-06-15T12:14:09.408+0000] {dag.py:3490} INFO - Setting next_dagrun for dataset_produces_2 to None, run_after=None
[2023-06-15T12:14:09.463+0000] {processor.py:179} INFO - Processing /home/airflow/.local/lib/python3.7/site-packages/airflow/example_dags/example_datasets.py took 0.218 seconds
[2023-06-15T12:14:39.658+0000] {processor.py:157} INFO - Started process (PID=824) to work on /home/airflow/.local/lib/python3.7/site-packages/airflow/example_dags/example_datasets.py
[2023-06-15T12:14:39.659+0000] {processor.py:826} INFO - Processing file /home/airflow/.local/lib/python3.7/site-packages/airflow/example_dags/example_datasets.py for tasks to queue
[2023-06-15T12:14:39.661+0000] {logging_mixin.py:149} INFO - [2023-06-15T12:14:39.660+0000] {dagbag.py:541} INFO - Filling up the DagBag from /home/airflow/.local/lib/python3.7/site-packages/airflow/example_dags/example_datasets.py
[2023-06-15T12:14:39.675+0000] {processor.py:836} INFO - DAG(s) dict_keys(['dataset_consumes_1', 'dataset_produces_1', 'dataset_produces_2', 'dataset_consumes_unknown_never_scheduled', 'dataset_consumes_1_never_scheduled', 'dataset_consumes_1_and_2']) retrieved from /home/airflow/.local/lib/python3.7/site-packages/airflow/example_dags/example_datasets.py
[2023-06-15T12:14:39.737+0000] {logging_mixin.py:149} INFO - [2023-06-15T12:14:39.737+0000] {dag.py:2726} INFO - Sync 6 DAGs
[2023-06-15T12:14:39.784+0000] {logging_mixin.py:149} INFO - [2023-06-15T12:14:39.784+0000] {dag.py:3490} INFO - Setting next_dagrun for dataset_consumes_1 to None, run_after=None
[2023-06-15T12:14:39.790+0000] {logging_mixin.py:149} INFO - [2023-06-15T12:14:39.789+0000] {dag.py:3490} INFO - Setting next_dagrun for dataset_consumes_1_and_2 to None, run_after=None
[2023-06-15T12:14:39.792+0000] {logging_mixin.py:149} INFO - [2023-06-15T12:14:39.792+0000] {dag.py:3490} INFO - Setting next_dagrun for dataset_consumes_1_never_scheduled to None, run_after=None
[2023-06-15T12:14:39.794+0000] {logging_mixin.py:149} INFO - [2023-06-15T12:14:39.794+0000] {dag.py:3490} INFO - Setting next_dagrun for dataset_consumes_unknown_never_scheduled to None, run_after=None
[2023-06-15T12:14:39.799+0000] {logging_mixin.py:149} INFO - [2023-06-15T12:14:39.798+0000] {dag.py:3490} INFO - Setting next_dagrun for dataset_produces_1 to 2023-06-14T00:00:00+00:00, run_after=2023-06-15T00:00:00+00:00
[2023-06-15T12:14:39.801+0000] {logging_mixin.py:149} INFO - [2023-06-15T12:14:39.801+0000] {dag.py:3490} INFO - Setting next_dagrun for dataset_produces_2 to None, run_after=None
[2023-06-15T12:14:39.851+0000] {processor.py:179} INFO - Processing /home/airflow/.local/lib/python3.7/site-packages/airflow/example_dags/example_datasets.py took 0.197 seconds
[2023-06-15T12:15:10.190+0000] {processor.py:157} INFO - Started process (PID=890) to work on /home/airflow/.local/lib/python3.7/site-packages/airflow/example_dags/example_datasets.py
[2023-06-15T12:15:10.191+0000] {processor.py:826} INFO - Processing file /home/airflow/.local/lib/python3.7/site-packages/airflow/example_dags/example_datasets.py for tasks to queue
[2023-06-15T12:15:10.192+0000] {logging_mixin.py:149} INFO - [2023-06-15T12:15:10.192+0000] {dagbag.py:541} INFO - Filling up the DagBag from /home/airflow/.local/lib/python3.7/site-packages/airflow/example_dags/example_datasets.py
[2023-06-15T12:15:10.207+0000] {processor.py:836} INFO - DAG(s) dict_keys(['dataset_produces_1', 'dataset_consumes_1_and_2', 'dataset_consumes_1_never_scheduled', 'dataset_consumes_1', 'dataset_consumes_unknown_never_scheduled', 'dataset_produces_2']) retrieved from /home/airflow/.local/lib/python3.7/site-packages/airflow/example_dags/example_datasets.py
[2023-06-15T12:15:10.273+0000] {logging_mixin.py:149} INFO - [2023-06-15T12:15:10.273+0000] {dag.py:2726} INFO - Sync 6 DAGs
[2023-06-15T12:15:10.362+0000] {logging_mixin.py:149} INFO - [2023-06-15T12:15:10.362+0000] {dag.py:3490} INFO - Setting next_dagrun for dataset_consumes_1 to None, run_after=None
[2023-06-15T12:15:10.367+0000] {logging_mixin.py:149} INFO - [2023-06-15T12:15:10.367+0000] {dag.py:3490} INFO - Setting next_dagrun for dataset_consumes_1_and_2 to None, run_after=None
[2023-06-15T12:15:10.369+0000] {logging_mixin.py:149} INFO - [2023-06-15T12:15:10.369+0000] {dag.py:3490} INFO - Setting next_dagrun for dataset_consumes_1_never_scheduled to None, run_after=None
[2023-06-15T12:15:10.371+0000] {logging_mixin.py:149} INFO - [2023-06-15T12:15:10.371+0000] {dag.py:3490} INFO - Setting next_dagrun for dataset_consumes_unknown_never_scheduled to None, run_after=None
[2023-06-15T12:15:10.375+0000] {logging_mixin.py:149} INFO - [2023-06-15T12:15:10.375+0000] {dag.py:3490} INFO - Setting next_dagrun for dataset_produces_1 to 2023-06-14T00:00:00+00:00, run_after=2023-06-15T00:00:00+00:00
[2023-06-15T12:15:10.377+0000] {logging_mixin.py:149} INFO - [2023-06-15T12:15:10.377+0000] {dag.py:3490} INFO - Setting next_dagrun for dataset_produces_2 to None, run_after=None
[2023-06-15T12:15:10.447+0000] {processor.py:179} INFO - Processing /home/airflow/.local/lib/python3.7/site-packages/airflow/example_dags/example_datasets.py took 0.262 seconds
[2023-06-15T12:15:40.668+0000] {processor.py:157} INFO - Started process (PID=967) to work on /home/airflow/.local/lib/python3.7/site-packages/airflow/example_dags/example_datasets.py
[2023-06-15T12:15:40.670+0000] {processor.py:826} INFO - Processing file /home/airflow/.local/lib/python3.7/site-packages/airflow/example_dags/example_datasets.py for tasks to queue
[2023-06-15T12:15:40.671+0000] {logging_mixin.py:149} INFO - [2023-06-15T12:15:40.671+0000] {dagbag.py:541} INFO - Filling up the DagBag from /home/airflow/.local/lib/python3.7/site-packages/airflow/example_dags/example_datasets.py
[2023-06-15T12:15:40.685+0000] {processor.py:836} INFO - DAG(s) dict_keys(['dataset_consumes_1_and_2', 'dataset_produces_1', 'dataset_consumes_1_never_scheduled', 'dataset_consumes_unknown_never_scheduled', 'dataset_consumes_1', 'dataset_produces_2']) retrieved from /home/airflow/.local/lib/python3.7/site-packages/airflow/example_dags/example_datasets.py
[2023-06-15T12:15:40.752+0000] {logging_mixin.py:149} INFO - [2023-06-15T12:15:40.752+0000] {dag.py:2726} INFO - Sync 6 DAGs
[2023-06-15T12:15:40.793+0000] {logging_mixin.py:149} INFO - [2023-06-15T12:15:40.793+0000] {dag.py:3490} INFO - Setting next_dagrun for dataset_consumes_1 to None, run_after=None
[2023-06-15T12:15:40.799+0000] {logging_mixin.py:149} INFO - [2023-06-15T12:15:40.799+0000] {dag.py:3490} INFO - Setting next_dagrun for dataset_consumes_1_and_2 to None, run_after=None
[2023-06-15T12:15:40.801+0000] {logging_mixin.py:149} INFO - [2023-06-15T12:15:40.801+0000] {dag.py:3490} INFO - Setting next_dagrun for dataset_consumes_1_never_scheduled to None, run_after=None
[2023-06-15T12:15:40.803+0000] {logging_mixin.py:149} INFO - [2023-06-15T12:15:40.803+0000] {dag.py:3490} INFO - Setting next_dagrun for dataset_consumes_unknown_never_scheduled to None, run_after=None
[2023-06-15T12:15:40.807+0000] {logging_mixin.py:149} INFO - [2023-06-15T12:15:40.807+0000] {dag.py:3490} INFO - Setting next_dagrun for dataset_produces_1 to 2023-06-14T00:00:00+00:00, run_after=2023-06-15T00:00:00+00:00
[2023-06-15T12:15:40.809+0000] {logging_mixin.py:149} INFO - [2023-06-15T12:15:40.809+0000] {dag.py:3490} INFO - Setting next_dagrun for dataset_produces_2 to None, run_after=None
[2023-06-15T12:15:40.862+0000] {processor.py:179} INFO - Processing /home/airflow/.local/lib/python3.7/site-packages/airflow/example_dags/example_datasets.py took 0.198 seconds
[2023-06-15T12:16:11.856+0000] {processor.py:157} INFO - Started process (PID=1045) to work on /home/airflow/.local/lib/python3.7/site-packages/airflow/example_dags/example_datasets.py
[2023-06-15T12:16:11.857+0000] {processor.py:826} INFO - Processing file /home/airflow/.local/lib/python3.7/site-packages/airflow/example_dags/example_datasets.py for tasks to queue
[2023-06-15T12:16:11.858+0000] {logging_mixin.py:149} INFO - [2023-06-15T12:16:11.858+0000] {dagbag.py:541} INFO - Filling up the DagBag from /home/airflow/.local/lib/python3.7/site-packages/airflow/example_dags/example_datasets.py
[2023-06-15T12:16:11.870+0000] {processor.py:836} INFO - DAG(s) dict_keys(['dataset_consumes_1', 'dataset_consumes_unknown_never_scheduled', 'dataset_produces_2', 'dataset_consumes_1_and_2', 'dataset_consumes_1_never_scheduled', 'dataset_produces_1']) retrieved from /home/airflow/.local/lib/python3.7/site-packages/airflow/example_dags/example_datasets.py
[2023-06-15T12:16:11.929+0000] {logging_mixin.py:149} INFO - [2023-06-15T12:16:11.928+0000] {dag.py:2726} INFO - Sync 6 DAGs
[2023-06-15T12:16:11.969+0000] {logging_mixin.py:149} INFO - [2023-06-15T12:16:11.969+0000] {dag.py:3490} INFO - Setting next_dagrun for dataset_consumes_1 to None, run_after=None
[2023-06-15T12:16:11.975+0000] {logging_mixin.py:149} INFO - [2023-06-15T12:16:11.974+0000] {dag.py:3490} INFO - Setting next_dagrun for dataset_consumes_1_and_2 to None, run_after=None
[2023-06-15T12:16:11.977+0000] {logging_mixin.py:149} INFO - [2023-06-15T12:16:11.977+0000] {dag.py:3490} INFO - Setting next_dagrun for dataset_consumes_1_never_scheduled to None, run_after=None
[2023-06-15T12:16:11.979+0000] {logging_mixin.py:149} INFO - [2023-06-15T12:16:11.979+0000] {dag.py:3490} INFO - Setting next_dagrun for dataset_consumes_unknown_never_scheduled to None, run_after=None
[2023-06-15T12:16:11.984+0000] {logging_mixin.py:149} INFO - [2023-06-15T12:16:11.984+0000] {dag.py:3490} INFO - Setting next_dagrun for dataset_produces_1 to 2023-06-14T00:00:00+00:00, run_after=2023-06-15T00:00:00+00:00
[2023-06-15T12:16:11.986+0000] {logging_mixin.py:149} INFO - [2023-06-15T12:16:11.986+0000] {dag.py:3490} INFO - Setting next_dagrun for dataset_produces_2 to None, run_after=None
[2023-06-15T12:16:12.031+0000] {processor.py:179} INFO - Processing /home/airflow/.local/lib/python3.7/site-packages/airflow/example_dags/example_datasets.py took 0.179 seconds
[2023-06-15T12:16:42.504+0000] {processor.py:157} INFO - Started process (PID=1122) to work on /home/airflow/.local/lib/python3.7/site-packages/airflow/example_dags/example_datasets.py
[2023-06-15T12:16:42.505+0000] {processor.py:826} INFO - Processing file /home/airflow/.local/lib/python3.7/site-packages/airflow/example_dags/example_datasets.py for tasks to queue
[2023-06-15T12:16:42.506+0000] {logging_mixin.py:149} INFO - [2023-06-15T12:16:42.506+0000] {dagbag.py:541} INFO - Filling up the DagBag from /home/airflow/.local/lib/python3.7/site-packages/airflow/example_dags/example_datasets.py
[2023-06-15T12:16:42.519+0000] {processor.py:836} INFO - DAG(s) dict_keys(['dataset_consumes_1_and_2', 'dataset_produces_1', 'dataset_produces_2', 'dataset_consumes_1', 'dataset_consumes_unknown_never_scheduled', 'dataset_consumes_1_never_scheduled']) retrieved from /home/airflow/.local/lib/python3.7/site-packages/airflow/example_dags/example_datasets.py
[2023-06-15T12:16:42.584+0000] {logging_mixin.py:149} INFO - [2023-06-15T12:16:42.584+0000] {dag.py:2726} INFO - Sync 6 DAGs
[2023-06-15T12:16:42.625+0000] {logging_mixin.py:149} INFO - [2023-06-15T12:16:42.625+0000] {dag.py:3490} INFO - Setting next_dagrun for dataset_consumes_1 to None, run_after=None
[2023-06-15T12:16:42.630+0000] {logging_mixin.py:149} INFO - [2023-06-15T12:16:42.630+0000] {dag.py:3490} INFO - Setting next_dagrun for dataset_consumes_1_and_2 to None, run_after=None
[2023-06-15T12:16:42.633+0000] {logging_mixin.py:149} INFO - [2023-06-15T12:16:42.633+0000] {dag.py:3490} INFO - Setting next_dagrun for dataset_consumes_1_never_scheduled to None, run_after=None
[2023-06-15T12:16:42.635+0000] {logging_mixin.py:149} INFO - [2023-06-15T12:16:42.635+0000] {dag.py:3490} INFO - Setting next_dagrun for dataset_consumes_unknown_never_scheduled to None, run_after=None
[2023-06-15T12:16:42.639+0000] {logging_mixin.py:149} INFO - [2023-06-15T12:16:42.639+0000] {dag.py:3490} INFO - Setting next_dagrun for dataset_produces_1 to 2023-06-14T00:00:00+00:00, run_after=2023-06-15T00:00:00+00:00
[2023-06-15T12:16:42.642+0000] {logging_mixin.py:149} INFO - [2023-06-15T12:16:42.641+0000] {dag.py:3490} INFO - Setting next_dagrun for dataset_produces_2 to None, run_after=None
[2023-06-15T12:16:42.697+0000] {processor.py:179} INFO - Processing /home/airflow/.local/lib/python3.7/site-packages/airflow/example_dags/example_datasets.py took 0.197 seconds
[2023-06-15T12:17:13.501+0000] {processor.py:157} INFO - Started process (PID=1199) to work on /home/airflow/.local/lib/python3.7/site-packages/airflow/example_dags/example_datasets.py
[2023-06-15T12:17:13.503+0000] {processor.py:826} INFO - Processing file /home/airflow/.local/lib/python3.7/site-packages/airflow/example_dags/example_datasets.py for tasks to queue
[2023-06-15T12:17:13.504+0000] {logging_mixin.py:149} INFO - [2023-06-15T12:17:13.504+0000] {dagbag.py:541} INFO - Filling up the DagBag from /home/airflow/.local/lib/python3.7/site-packages/airflow/example_dags/example_datasets.py
[2023-06-15T12:17:13.518+0000] {processor.py:836} INFO - DAG(s) dict_keys(['dataset_consumes_unknown_never_scheduled', 'dataset_consumes_1', 'dataset_produces_1', 'dataset_consumes_1_and_2', 'dataset_consumes_1_never_scheduled', 'dataset_produces_2']) retrieved from /home/airflow/.local/lib/python3.7/site-packages/airflow/example_dags/example_datasets.py
[2023-06-15T12:17:13.587+0000] {logging_mixin.py:149} INFO - [2023-06-15T12:17:13.587+0000] {dag.py:2726} INFO - Sync 6 DAGs
[2023-06-15T12:17:13.636+0000] {logging_mixin.py:149} INFO - [2023-06-15T12:17:13.636+0000] {dag.py:3490} INFO - Setting next_dagrun for dataset_consumes_1 to None, run_after=None
[2023-06-15T12:17:13.642+0000] {logging_mixin.py:149} INFO - [2023-06-15T12:17:13.641+0000] {dag.py:3490} INFO - Setting next_dagrun for dataset_consumes_1_and_2 to None, run_after=None
[2023-06-15T12:17:13.645+0000] {logging_mixin.py:149} INFO - [2023-06-15T12:17:13.644+0000] {dag.py:3490} INFO - Setting next_dagrun for dataset_consumes_1_never_scheduled to None, run_after=None
[2023-06-15T12:17:13.647+0000] {logging_mixin.py:149} INFO - [2023-06-15T12:17:13.647+0000] {dag.py:3490} INFO - Setting next_dagrun for dataset_consumes_unknown_never_scheduled to None, run_after=None
[2023-06-15T12:17:13.651+0000] {logging_mixin.py:149} INFO - [2023-06-15T12:17:13.651+0000] {dag.py:3490} INFO - Setting next_dagrun for dataset_produces_1 to 2023-06-14T00:00:00+00:00, run_after=2023-06-15T00:00:00+00:00
[2023-06-15T12:17:13.653+0000] {logging_mixin.py:149} INFO - [2023-06-15T12:17:13.653+0000] {dag.py:3490} INFO - Setting next_dagrun for dataset_produces_2 to None, run_after=None
[2023-06-15T12:17:13.703+0000] {processor.py:179} INFO - Processing /home/airflow/.local/lib/python3.7/site-packages/airflow/example_dags/example_datasets.py took 0.205 seconds
[2023-06-15T12:17:43.903+0000] {processor.py:157} INFO - Started process (PID=1276) to work on /home/airflow/.local/lib/python3.7/site-packages/airflow/example_dags/example_datasets.py
[2023-06-15T12:17:43.904+0000] {processor.py:826} INFO - Processing file /home/airflow/.local/lib/python3.7/site-packages/airflow/example_dags/example_datasets.py for tasks to queue
[2023-06-15T12:17:43.905+0000] {logging_mixin.py:149} INFO - [2023-06-15T12:17:43.905+0000] {dagbag.py:541} INFO - Filling up the DagBag from /home/airflow/.local/lib/python3.7/site-packages/airflow/example_dags/example_datasets.py
[2023-06-15T12:17:43.918+0000] {processor.py:836} INFO - DAG(s) dict_keys(['dataset_produces_2', 'dataset_consumes_unknown_never_scheduled', 'dataset_produces_1', 'dataset_consumes_1_and_2', 'dataset_consumes_1_never_scheduled', 'dataset_consumes_1']) retrieved from /home/airflow/.local/lib/python3.7/site-packages/airflow/example_dags/example_datasets.py
[2023-06-15T12:17:43.989+0000] {logging_mixin.py:149} INFO - [2023-06-15T12:17:43.989+0000] {dag.py:2726} INFO - Sync 6 DAGs
[2023-06-15T12:17:44.032+0000] {logging_mixin.py:149} INFO - [2023-06-15T12:17:44.032+0000] {dag.py:3490} INFO - Setting next_dagrun for dataset_consumes_1 to None, run_after=None
[2023-06-15T12:17:44.039+0000] {logging_mixin.py:149} INFO - [2023-06-15T12:17:44.039+0000] {dag.py:3490} INFO - Setting next_dagrun for dataset_consumes_1_and_2 to None, run_after=None
[2023-06-15T12:17:44.042+0000] {logging_mixin.py:149} INFO - [2023-06-15T12:17:44.041+0000] {dag.py:3490} INFO - Setting next_dagrun for dataset_consumes_1_never_scheduled to None, run_after=None
[2023-06-15T12:17:44.044+0000] {logging_mixin.py:149} INFO - [2023-06-15T12:17:44.044+0000] {dag.py:3490} INFO - Setting next_dagrun for dataset_consumes_unknown_never_scheduled to None, run_after=None
[2023-06-15T12:17:44.050+0000] {logging_mixin.py:149} INFO - [2023-06-15T12:17:44.050+0000] {dag.py:3490} INFO - Setting next_dagrun for dataset_produces_1 to 2023-06-14T00:00:00+00:00, run_after=2023-06-15T00:00:00+00:00
[2023-06-15T12:17:44.052+0000] {logging_mixin.py:149} INFO - [2023-06-15T12:17:44.052+0000] {dag.py:3490} INFO - Setting next_dagrun for dataset_produces_2 to None, run_after=None
[2023-06-15T12:17:44.116+0000] {processor.py:179} INFO - Processing /home/airflow/.local/lib/python3.7/site-packages/airflow/example_dags/example_datasets.py took 0.217 seconds
[2023-06-15T12:18:14.582+0000] {processor.py:157} INFO - Started process (PID=1353) to work on /home/airflow/.local/lib/python3.7/site-packages/airflow/example_dags/example_datasets.py
[2023-06-15T12:18:14.584+0000] {processor.py:826} INFO - Processing file /home/airflow/.local/lib/python3.7/site-packages/airflow/example_dags/example_datasets.py for tasks to queue
[2023-06-15T12:18:14.585+0000] {logging_mixin.py:149} INFO - [2023-06-15T12:18:14.585+0000] {dagbag.py:541} INFO - Filling up the DagBag from /home/airflow/.local/lib/python3.7/site-packages/airflow/example_dags/example_datasets.py
[2023-06-15T12:18:14.597+0000] {processor.py:836} INFO - DAG(s) dict_keys(['dataset_consumes_1', 'dataset_produces_1', 'dataset_consumes_unknown_never_scheduled', 'dataset_consumes_1_and_2', 'dataset_consumes_1_never_scheduled', 'dataset_produces_2']) retrieved from /home/airflow/.local/lib/python3.7/site-packages/airflow/example_dags/example_datasets.py
[2023-06-15T12:18:14.660+0000] {logging_mixin.py:149} INFO - [2023-06-15T12:18:14.660+0000] {dag.py:2726} INFO - Sync 6 DAGs
[2023-06-15T12:18:14.712+0000] {logging_mixin.py:149} INFO - [2023-06-15T12:18:14.712+0000] {dag.py:3490} INFO - Setting next_dagrun for dataset_consumes_1 to None, run_after=None
[2023-06-15T12:18:14.719+0000] {logging_mixin.py:149} INFO - [2023-06-15T12:18:14.718+0000] {dag.py:3490} INFO - Setting next_dagrun for dataset_consumes_1_and_2 to None, run_after=None
[2023-06-15T12:18:14.721+0000] {logging_mixin.py:149} INFO - [2023-06-15T12:18:14.721+0000] {dag.py:3490} INFO - Setting next_dagrun for dataset_consumes_1_never_scheduled to None, run_after=None
[2023-06-15T12:18:14.723+0000] {logging_mixin.py:149} INFO - [2023-06-15T12:18:14.723+0000] {dag.py:3490} INFO - Setting next_dagrun for dataset_consumes_unknown_never_scheduled to None, run_after=None
[2023-06-15T12:18:14.728+0000] {logging_mixin.py:149} INFO - [2023-06-15T12:18:14.728+0000] {dag.py:3490} INFO - Setting next_dagrun for dataset_produces_1 to 2023-06-14T00:00:00+00:00, run_after=2023-06-15T00:00:00+00:00
[2023-06-15T12:18:14.730+0000] {logging_mixin.py:149} INFO - [2023-06-15T12:18:14.730+0000] {dag.py:3490} INFO - Setting next_dagrun for dataset_produces_2 to None, run_after=None
[2023-06-15T12:18:14.785+0000] {processor.py:179} INFO - Processing /home/airflow/.local/lib/python3.7/site-packages/airflow/example_dags/example_datasets.py took 0.207 seconds
[2023-06-15T12:18:45.352+0000] {processor.py:157} INFO - Started process (PID=1430) to work on /home/airflow/.local/lib/python3.7/site-packages/airflow/example_dags/example_datasets.py
[2023-06-15T12:18:45.353+0000] {processor.py:826} INFO - Processing file /home/airflow/.local/lib/python3.7/site-packages/airflow/example_dags/example_datasets.py for tasks to queue
[2023-06-15T12:18:45.355+0000] {logging_mixin.py:149} INFO - [2023-06-15T12:18:45.354+0000] {dagbag.py:541} INFO - Filling up the DagBag from /home/airflow/.local/lib/python3.7/site-packages/airflow/example_dags/example_datasets.py
[2023-06-15T12:18:45.370+0000] {processor.py:836} INFO - DAG(s) dict_keys(['dataset_consumes_1', 'dataset_consumes_1_and_2', 'dataset_consumes_1_never_scheduled', 'dataset_produces_2', 'dataset_produces_1', 'dataset_consumes_unknown_never_scheduled']) retrieved from /home/airflow/.local/lib/python3.7/site-packages/airflow/example_dags/example_datasets.py
[2023-06-15T12:18:45.434+0000] {logging_mixin.py:149} INFO - [2023-06-15T12:18:45.434+0000] {dag.py:2726} INFO - Sync 6 DAGs
[2023-06-15T12:18:45.474+0000] {logging_mixin.py:149} INFO - [2023-06-15T12:18:45.474+0000] {dag.py:3490} INFO - Setting next_dagrun for dataset_consumes_1 to None, run_after=None
[2023-06-15T12:18:45.480+0000] {logging_mixin.py:149} INFO - [2023-06-15T12:18:45.479+0000] {dag.py:3490} INFO - Setting next_dagrun for dataset_consumes_1_and_2 to None, run_after=None
[2023-06-15T12:18:45.482+0000] {logging_mixin.py:149} INFO - [2023-06-15T12:18:45.481+0000] {dag.py:3490} INFO - Setting next_dagrun for dataset_consumes_1_never_scheduled to None, run_after=None
[2023-06-15T12:18:45.483+0000] {logging_mixin.py:149} INFO - [2023-06-15T12:18:45.483+0000] {dag.py:3490} INFO - Setting next_dagrun for dataset_consumes_unknown_never_scheduled to None, run_after=None
[2023-06-15T12:18:45.488+0000] {logging_mixin.py:149} INFO - [2023-06-15T12:18:45.488+0000] {dag.py:3490} INFO - Setting next_dagrun for dataset_produces_1 to 2023-06-14T00:00:00+00:00, run_after=2023-06-15T00:00:00+00:00
[2023-06-15T12:18:45.490+0000] {logging_mixin.py:149} INFO - [2023-06-15T12:18:45.490+0000] {dag.py:3490} INFO - Setting next_dagrun for dataset_produces_2 to None, run_after=None
[2023-06-15T12:18:45.556+0000] {processor.py:179} INFO - Processing /home/airflow/.local/lib/python3.7/site-packages/airflow/example_dags/example_datasets.py took 0.208 seconds
[2023-06-15T12:19:16.125+0000] {processor.py:157} INFO - Started process (PID=1507) to work on /home/airflow/.local/lib/python3.7/site-packages/airflow/example_dags/example_datasets.py
[2023-06-15T12:19:16.127+0000] {processor.py:826} INFO - Processing file /home/airflow/.local/lib/python3.7/site-packages/airflow/example_dags/example_datasets.py for tasks to queue
[2023-06-15T12:19:16.128+0000] {logging_mixin.py:149} INFO - [2023-06-15T12:19:16.128+0000] {dagbag.py:541} INFO - Filling up the DagBag from /home/airflow/.local/lib/python3.7/site-packages/airflow/example_dags/example_datasets.py
[2023-06-15T12:19:16.140+0000] {processor.py:836} INFO - DAG(s) dict_keys(['dataset_consumes_1_and_2', 'dataset_consumes_1_never_scheduled', 'dataset_consumes_unknown_never_scheduled', 'dataset_consumes_1', 'dataset_produces_1', 'dataset_produces_2']) retrieved from /home/airflow/.local/lib/python3.7/site-packages/airflow/example_dags/example_datasets.py
[2023-06-15T12:19:16.208+0000] {logging_mixin.py:149} INFO - [2023-06-15T12:19:16.207+0000] {dag.py:2726} INFO - Sync 6 DAGs
[2023-06-15T12:19:16.263+0000] {logging_mixin.py:149} INFO - [2023-06-15T12:19:16.262+0000] {dag.py:3490} INFO - Setting next_dagrun for dataset_consumes_1 to None, run_after=None
[2023-06-15T12:19:16.269+0000] {logging_mixin.py:149} INFO - [2023-06-15T12:19:16.269+0000] {dag.py:3490} INFO - Setting next_dagrun for dataset_consumes_1_and_2 to None, run_after=None
[2023-06-15T12:19:16.271+0000] {logging_mixin.py:149} INFO - [2023-06-15T12:19:16.271+0000] {dag.py:3490} INFO - Setting next_dagrun for dataset_consumes_1_never_scheduled to None, run_after=None
[2023-06-15T12:19:16.274+0000] {logging_mixin.py:149} INFO - [2023-06-15T12:19:16.273+0000] {dag.py:3490} INFO - Setting next_dagrun for dataset_consumes_unknown_never_scheduled to None, run_after=None
[2023-06-15T12:19:16.278+0000] {logging_mixin.py:149} INFO - [2023-06-15T12:19:16.278+0000] {dag.py:3490} INFO - Setting next_dagrun for dataset_produces_1 to 2023-06-14T00:00:00+00:00, run_after=2023-06-15T00:00:00+00:00
[2023-06-15T12:19:16.280+0000] {logging_mixin.py:149} INFO - [2023-06-15T12:19:16.280+0000] {dag.py:3490} INFO - Setting next_dagrun for dataset_produces_2 to None, run_after=None
[2023-06-15T12:19:16.357+0000] {processor.py:179} INFO - Processing /home/airflow/.local/lib/python3.7/site-packages/airflow/example_dags/example_datasets.py took 0.235 seconds
[2023-06-15T12:19:46.439+0000] {processor.py:157} INFO - Started process (PID=1570) to work on /home/airflow/.local/lib/python3.7/site-packages/airflow/example_dags/example_datasets.py
[2023-06-15T12:19:46.441+0000] {processor.py:826} INFO - Processing file /home/airflow/.local/lib/python3.7/site-packages/airflow/example_dags/example_datasets.py for tasks to queue
[2023-06-15T12:19:46.442+0000] {logging_mixin.py:149} INFO - [2023-06-15T12:19:46.442+0000] {dagbag.py:541} INFO - Filling up the DagBag from /home/airflow/.local/lib/python3.7/site-packages/airflow/example_dags/example_datasets.py
[2023-06-15T12:19:46.453+0000] {processor.py:836} INFO - DAG(s) dict_keys(['dataset_produces_2', 'dataset_consumes_unknown_never_scheduled', 'dataset_consumes_1_never_scheduled', 'dataset_produces_1', 'dataset_consumes_1', 'dataset_consumes_1_and_2']) retrieved from /home/airflow/.local/lib/python3.7/site-packages/airflow/example_dags/example_datasets.py
[2023-06-15T12:19:46.512+0000] {logging_mixin.py:149} INFO - [2023-06-15T12:19:46.512+0000] {dag.py:2726} INFO - Sync 6 DAGs
[2023-06-15T12:19:46.559+0000] {logging_mixin.py:149} INFO - [2023-06-15T12:19:46.559+0000] {dag.py:3490} INFO - Setting next_dagrun for dataset_consumes_1 to None, run_after=None
[2023-06-15T12:19:46.565+0000] {logging_mixin.py:149} INFO - [2023-06-15T12:19:46.565+0000] {dag.py:3490} INFO - Setting next_dagrun for dataset_consumes_1_and_2 to None, run_after=None
[2023-06-15T12:19:46.568+0000] {logging_mixin.py:149} INFO - [2023-06-15T12:19:46.568+0000] {dag.py:3490} INFO - Setting next_dagrun for dataset_consumes_1_never_scheduled to None, run_after=None
[2023-06-15T12:19:46.570+0000] {logging_mixin.py:149} INFO - [2023-06-15T12:19:46.570+0000] {dag.py:3490} INFO - Setting next_dagrun for dataset_consumes_unknown_never_scheduled to None, run_after=None
[2023-06-15T12:19:46.575+0000] {logging_mixin.py:149} INFO - [2023-06-15T12:19:46.575+0000] {dag.py:3490} INFO - Setting next_dagrun for dataset_produces_1 to 2023-06-14T00:00:00+00:00, run_after=2023-06-15T00:00:00+00:00
[2023-06-15T12:19:46.577+0000] {logging_mixin.py:149} INFO - [2023-06-15T12:19:46.577+0000] {dag.py:3490} INFO - Setting next_dagrun for dataset_produces_2 to None, run_after=None
[2023-06-15T12:19:46.652+0000] {processor.py:179} INFO - Processing /home/airflow/.local/lib/python3.7/site-packages/airflow/example_dags/example_datasets.py took 0.219 seconds
[2023-06-15T12:20:16.731+0000] {processor.py:157} INFO - Started process (PID=1633) to work on /home/airflow/.local/lib/python3.7/site-packages/airflow/example_dags/example_datasets.py
[2023-06-15T12:20:16.732+0000] {processor.py:826} INFO - Processing file /home/airflow/.local/lib/python3.7/site-packages/airflow/example_dags/example_datasets.py for tasks to queue
[2023-06-15T12:20:16.733+0000] {logging_mixin.py:149} INFO - [2023-06-15T12:20:16.733+0000] {dagbag.py:541} INFO - Filling up the DagBag from /home/airflow/.local/lib/python3.7/site-packages/airflow/example_dags/example_datasets.py
[2023-06-15T12:20:16.744+0000] {processor.py:836} INFO - DAG(s) dict_keys(['dataset_produces_2', 'dataset_consumes_1_and_2', 'dataset_consumes_1', 'dataset_produces_1', 'dataset_consumes_unknown_never_scheduled', 'dataset_consumes_1_never_scheduled']) retrieved from /home/airflow/.local/lib/python3.7/site-packages/airflow/example_dags/example_datasets.py
[2023-06-15T12:20:16.803+0000] {logging_mixin.py:149} INFO - [2023-06-15T12:20:16.803+0000] {dag.py:2726} INFO - Sync 6 DAGs
[2023-06-15T12:20:16.842+0000] {logging_mixin.py:149} INFO - [2023-06-15T12:20:16.842+0000] {dag.py:3490} INFO - Setting next_dagrun for dataset_consumes_1 to None, run_after=None
[2023-06-15T12:20:16.847+0000] {logging_mixin.py:149} INFO - [2023-06-15T12:20:16.847+0000] {dag.py:3490} INFO - Setting next_dagrun for dataset_consumes_1_and_2 to None, run_after=None
[2023-06-15T12:20:16.850+0000] {logging_mixin.py:149} INFO - [2023-06-15T12:20:16.850+0000] {dag.py:3490} INFO - Setting next_dagrun for dataset_consumes_1_never_scheduled to None, run_after=None
[2023-06-15T12:20:16.852+0000] {logging_mixin.py:149} INFO - [2023-06-15T12:20:16.852+0000] {dag.py:3490} INFO - Setting next_dagrun for dataset_consumes_unknown_never_scheduled to None, run_after=None
[2023-06-15T12:20:16.857+0000] {logging_mixin.py:149} INFO - [2023-06-15T12:20:16.856+0000] {dag.py:3490} INFO - Setting next_dagrun for dataset_produces_1 to 2023-06-14T00:00:00+00:00, run_after=2023-06-15T00:00:00+00:00
[2023-06-15T12:20:16.859+0000] {logging_mixin.py:149} INFO - [2023-06-15T12:20:16.859+0000] {dag.py:3490} INFO - Setting next_dagrun for dataset_produces_2 to None, run_after=None
[2023-06-15T12:20:16.911+0000] {processor.py:179} INFO - Processing /home/airflow/.local/lib/python3.7/site-packages/airflow/example_dags/example_datasets.py took 0.184 seconds
