[2023-06-15T12:09:30.003+0000] {processor.py:157} INFO - Started process (PID=50) to work on /home/airflow/.local/lib/python3.7/site-packages/airflow/example_dags/example_branch_labels.py
[2023-06-15T12:09:30.005+0000] {processor.py:826} INFO - Processing file /home/airflow/.local/lib/python3.7/site-packages/airflow/example_dags/example_branch_labels.py for tasks to queue
[2023-06-15T12:09:30.007+0000] {logging_mixin.py:149} INFO - [2023-06-15T12:09:30.006+0000] {dagbag.py:541} INFO - Filling up the DagBag from /home/airflow/.local/lib/python3.7/site-packages/airflow/example_dags/example_branch_labels.py
[2023-06-15T12:09:30.025+0000] {processor.py:836} INFO - DAG(s) dict_keys(['example_branch_labels']) retrieved from /home/airflow/.local/lib/python3.7/site-packages/airflow/example_dags/example_branch_labels.py
[2023-06-15T12:09:30.071+0000] {logging_mixin.py:149} INFO - [2023-06-15T12:09:30.070+0000] {dag.py:2726} INFO - Sync 1 DAGs
[2023-06-15T12:09:30.116+0000] {logging_mixin.py:149} INFO - [2023-06-15T12:09:30.115+0000] {dag.py:3490} INFO - Setting next_dagrun for example_branch_labels to 2023-06-14T00:00:00+00:00, run_after=2023-06-15T00:00:00+00:00
[2023-06-15T12:09:30.147+0000] {processor.py:179} INFO - Processing /home/airflow/.local/lib/python3.7/site-packages/airflow/example_dags/example_branch_labels.py took 0.148 seconds
[2023-06-15T12:10:00.915+0000] {processor.py:157} INFO - Started process (PID=127) to work on /home/airflow/.local/lib/python3.7/site-packages/airflow/example_dags/example_branch_labels.py
[2023-06-15T12:10:00.916+0000] {processor.py:826} INFO - Processing file /home/airflow/.local/lib/python3.7/site-packages/airflow/example_dags/example_branch_labels.py for tasks to queue
[2023-06-15T12:10:00.917+0000] {logging_mixin.py:149} INFO - [2023-06-15T12:10:00.917+0000] {dagbag.py:541} INFO - Filling up the DagBag from /home/airflow/.local/lib/python3.7/site-packages/airflow/example_dags/example_branch_labels.py
[2023-06-15T12:10:00.924+0000] {processor.py:836} INFO - DAG(s) dict_keys(['example_branch_labels']) retrieved from /home/airflow/.local/lib/python3.7/site-packages/airflow/example_dags/example_branch_labels.py
[2023-06-15T12:10:00.948+0000] {logging_mixin.py:149} INFO - [2023-06-15T12:10:00.948+0000] {dag.py:2726} INFO - Sync 1 DAGs
[2023-06-15T12:10:00.980+0000] {logging_mixin.py:149} INFO - [2023-06-15T12:10:00.980+0000] {dag.py:3490} INFO - Setting next_dagrun for example_branch_labels to 2023-06-14T00:00:00+00:00, run_after=2023-06-15T00:00:00+00:00
[2023-06-15T12:10:01.000+0000] {processor.py:179} INFO - Processing /home/airflow/.local/lib/python3.7/site-packages/airflow/example_dags/example_branch_labels.py took 0.088 seconds
[2023-06-15T12:10:32.630+0000] {processor.py:157} INFO - Started process (PID=204) to work on /home/airflow/.local/lib/python3.7/site-packages/airflow/example_dags/example_branch_labels.py
[2023-06-15T12:10:32.631+0000] {processor.py:826} INFO - Processing file /home/airflow/.local/lib/python3.7/site-packages/airflow/example_dags/example_branch_labels.py for tasks to queue
[2023-06-15T12:10:32.633+0000] {logging_mixin.py:149} INFO - [2023-06-15T12:10:32.632+0000] {dagbag.py:541} INFO - Filling up the DagBag from /home/airflow/.local/lib/python3.7/site-packages/airflow/example_dags/example_branch_labels.py
[2023-06-15T12:10:32.645+0000] {processor.py:836} INFO - DAG(s) dict_keys(['example_branch_labels']) retrieved from /home/airflow/.local/lib/python3.7/site-packages/airflow/example_dags/example_branch_labels.py
[2023-06-15T12:10:32.677+0000] {logging_mixin.py:149} INFO - [2023-06-15T12:10:32.677+0000] {dag.py:2726} INFO - Sync 1 DAGs
[2023-06-15T12:10:32.826+0000] {logging_mixin.py:149} INFO - [2023-06-15T12:10:32.826+0000] {dag.py:3490} INFO - Setting next_dagrun for example_branch_labels to 2023-06-14T00:00:00+00:00, run_after=2023-06-15T00:00:00+00:00
[2023-06-15T12:10:32.854+0000] {processor.py:179} INFO - Processing /home/airflow/.local/lib/python3.7/site-packages/airflow/example_dags/example_branch_labels.py took 0.229 seconds
[2023-06-15T12:11:03.512+0000] {processor.py:157} INFO - Started process (PID=281) to work on /home/airflow/.local/lib/python3.7/site-packages/airflow/example_dags/example_branch_labels.py
[2023-06-15T12:11:03.513+0000] {processor.py:826} INFO - Processing file /home/airflow/.local/lib/python3.7/site-packages/airflow/example_dags/example_branch_labels.py for tasks to queue
[2023-06-15T12:11:03.514+0000] {logging_mixin.py:149} INFO - [2023-06-15T12:11:03.514+0000] {dagbag.py:541} INFO - Filling up the DagBag from /home/airflow/.local/lib/python3.7/site-packages/airflow/example_dags/example_branch_labels.py
[2023-06-15T12:11:03.524+0000] {processor.py:836} INFO - DAG(s) dict_keys(['example_branch_labels']) retrieved from /home/airflow/.local/lib/python3.7/site-packages/airflow/example_dags/example_branch_labels.py
[2023-06-15T12:11:03.560+0000] {logging_mixin.py:149} INFO - [2023-06-15T12:11:03.560+0000] {dag.py:2726} INFO - Sync 1 DAGs
[2023-06-15T12:11:03.606+0000] {logging_mixin.py:149} INFO - [2023-06-15T12:11:03.605+0000] {dag.py:3490} INFO - Setting next_dagrun for example_branch_labels to 2023-06-14T00:00:00+00:00, run_after=2023-06-15T00:00:00+00:00
[2023-06-15T12:11:03.639+0000] {processor.py:179} INFO - Processing /home/airflow/.local/lib/python3.7/site-packages/airflow/example_dags/example_branch_labels.py took 0.131 seconds
[2023-06-15T12:11:34.609+0000] {processor.py:157} INFO - Started process (PID=359) to work on /home/airflow/.local/lib/python3.7/site-packages/airflow/example_dags/example_branch_labels.py
[2023-06-15T12:11:34.610+0000] {processor.py:826} INFO - Processing file /home/airflow/.local/lib/python3.7/site-packages/airflow/example_dags/example_branch_labels.py for tasks to queue
[2023-06-15T12:11:34.611+0000] {logging_mixin.py:149} INFO - [2023-06-15T12:11:34.610+0000] {dagbag.py:541} INFO - Filling up the DagBag from /home/airflow/.local/lib/python3.7/site-packages/airflow/example_dags/example_branch_labels.py
[2023-06-15T12:11:34.619+0000] {processor.py:836} INFO - DAG(s) dict_keys(['example_branch_labels']) retrieved from /home/airflow/.local/lib/python3.7/site-packages/airflow/example_dags/example_branch_labels.py
[2023-06-15T12:11:34.645+0000] {logging_mixin.py:149} INFO - [2023-06-15T12:11:34.645+0000] {dag.py:2726} INFO - Sync 1 DAGs
[2023-06-15T12:11:34.675+0000] {logging_mixin.py:149} INFO - [2023-06-15T12:11:34.675+0000] {dag.py:3490} INFO - Setting next_dagrun for example_branch_labels to 2023-06-14T00:00:00+00:00, run_after=2023-06-15T00:00:00+00:00
[2023-06-15T12:11:34.696+0000] {processor.py:179} INFO - Processing /home/airflow/.local/lib/python3.7/site-packages/airflow/example_dags/example_branch_labels.py took 0.090 seconds
[2023-06-15T12:12:05.404+0000] {processor.py:157} INFO - Started process (PID=436) to work on /home/airflow/.local/lib/python3.7/site-packages/airflow/example_dags/example_branch_labels.py
[2023-06-15T12:12:05.405+0000] {processor.py:826} INFO - Processing file /home/airflow/.local/lib/python3.7/site-packages/airflow/example_dags/example_branch_labels.py for tasks to queue
[2023-06-15T12:12:05.406+0000] {logging_mixin.py:149} INFO - [2023-06-15T12:12:05.406+0000] {dagbag.py:541} INFO - Filling up the DagBag from /home/airflow/.local/lib/python3.7/site-packages/airflow/example_dags/example_branch_labels.py
[2023-06-15T12:12:05.416+0000] {processor.py:836} INFO - DAG(s) dict_keys(['example_branch_labels']) retrieved from /home/airflow/.local/lib/python3.7/site-packages/airflow/example_dags/example_branch_labels.py
[2023-06-15T12:12:05.445+0000] {logging_mixin.py:149} INFO - [2023-06-15T12:12:05.445+0000] {dag.py:2726} INFO - Sync 1 DAGs
[2023-06-15T12:12:05.479+0000] {logging_mixin.py:149} INFO - [2023-06-15T12:12:05.479+0000] {dag.py:3490} INFO - Setting next_dagrun for example_branch_labels to 2023-06-14T00:00:00+00:00, run_after=2023-06-15T00:00:00+00:00
[2023-06-15T12:12:05.504+0000] {processor.py:179} INFO - Processing /home/airflow/.local/lib/python3.7/site-packages/airflow/example_dags/example_branch_labels.py took 0.103 seconds
[2023-06-15T12:12:36.352+0000] {processor.py:157} INFO - Started process (PID=513) to work on /home/airflow/.local/lib/python3.7/site-packages/airflow/example_dags/example_branch_labels.py
[2023-06-15T12:12:36.353+0000] {processor.py:826} INFO - Processing file /home/airflow/.local/lib/python3.7/site-packages/airflow/example_dags/example_branch_labels.py for tasks to queue
[2023-06-15T12:12:36.354+0000] {logging_mixin.py:149} INFO - [2023-06-15T12:12:36.353+0000] {dagbag.py:541} INFO - Filling up the DagBag from /home/airflow/.local/lib/python3.7/site-packages/airflow/example_dags/example_branch_labels.py
[2023-06-15T12:12:36.361+0000] {processor.py:836} INFO - DAG(s) dict_keys(['example_branch_labels']) retrieved from /home/airflow/.local/lib/python3.7/site-packages/airflow/example_dags/example_branch_labels.py
[2023-06-15T12:12:36.386+0000] {logging_mixin.py:149} INFO - [2023-06-15T12:12:36.386+0000] {dag.py:2726} INFO - Sync 1 DAGs
[2023-06-15T12:12:36.416+0000] {logging_mixin.py:149} INFO - [2023-06-15T12:12:36.416+0000] {dag.py:3490} INFO - Setting next_dagrun for example_branch_labels to 2023-06-14T00:00:00+00:00, run_after=2023-06-15T00:00:00+00:00
[2023-06-15T12:12:36.438+0000] {processor.py:179} INFO - Processing /home/airflow/.local/lib/python3.7/site-packages/airflow/example_dags/example_branch_labels.py took 0.089 seconds
[2023-06-15T12:13:07.038+0000] {processor.py:157} INFO - Started process (PID=589) to work on /home/airflow/.local/lib/python3.7/site-packages/airflow/example_dags/example_branch_labels.py
[2023-06-15T12:13:07.039+0000] {processor.py:826} INFO - Processing file /home/airflow/.local/lib/python3.7/site-packages/airflow/example_dags/example_branch_labels.py for tasks to queue
[2023-06-15T12:13:07.040+0000] {logging_mixin.py:149} INFO - [2023-06-15T12:13:07.040+0000] {dagbag.py:541} INFO - Filling up the DagBag from /home/airflow/.local/lib/python3.7/site-packages/airflow/example_dags/example_branch_labels.py
[2023-06-15T12:13:07.049+0000] {processor.py:836} INFO - DAG(s) dict_keys(['example_branch_labels']) retrieved from /home/airflow/.local/lib/python3.7/site-packages/airflow/example_dags/example_branch_labels.py
[2023-06-15T12:13:07.083+0000] {logging_mixin.py:149} INFO - [2023-06-15T12:13:07.083+0000] {dag.py:2726} INFO - Sync 1 DAGs
[2023-06-15T12:13:07.121+0000] {logging_mixin.py:149} INFO - [2023-06-15T12:13:07.120+0000] {dag.py:3490} INFO - Setting next_dagrun for example_branch_labels to 2023-06-14T00:00:00+00:00, run_after=2023-06-15T00:00:00+00:00
[2023-06-15T12:13:07.163+0000] {processor.py:179} INFO - Processing /home/airflow/.local/lib/python3.7/site-packages/airflow/example_dags/example_branch_labels.py took 0.128 seconds
[2023-06-15T12:13:37.796+0000] {processor.py:157} INFO - Started process (PID=666) to work on /home/airflow/.local/lib/python3.7/site-packages/airflow/example_dags/example_branch_labels.py
[2023-06-15T12:13:37.797+0000] {processor.py:826} INFO - Processing file /home/airflow/.local/lib/python3.7/site-packages/airflow/example_dags/example_branch_labels.py for tasks to queue
[2023-06-15T12:13:37.798+0000] {logging_mixin.py:149} INFO - [2023-06-15T12:13:37.798+0000] {dagbag.py:541} INFO - Filling up the DagBag from /home/airflow/.local/lib/python3.7/site-packages/airflow/example_dags/example_branch_labels.py
[2023-06-15T12:13:37.809+0000] {processor.py:836} INFO - DAG(s) dict_keys(['example_branch_labels']) retrieved from /home/airflow/.local/lib/python3.7/site-packages/airflow/example_dags/example_branch_labels.py
[2023-06-15T12:13:37.847+0000] {logging_mixin.py:149} INFO - [2023-06-15T12:13:37.846+0000] {dag.py:2726} INFO - Sync 1 DAGs
[2023-06-15T12:13:37.891+0000] {logging_mixin.py:149} INFO - [2023-06-15T12:13:37.891+0000] {dag.py:3490} INFO - Setting next_dagrun for example_branch_labels to 2023-06-14T00:00:00+00:00, run_after=2023-06-15T00:00:00+00:00
[2023-06-15T12:13:37.932+0000] {processor.py:179} INFO - Processing /home/airflow/.local/lib/python3.7/site-packages/airflow/example_dags/example_branch_labels.py took 0.139 seconds
[2023-06-15T12:14:08.325+0000] {processor.py:157} INFO - Started process (PID=731) to work on /home/airflow/.local/lib/python3.7/site-packages/airflow/example_dags/example_branch_labels.py
[2023-06-15T12:14:08.327+0000] {processor.py:826} INFO - Processing file /home/airflow/.local/lib/python3.7/site-packages/airflow/example_dags/example_branch_labels.py for tasks to queue
[2023-06-15T12:14:08.328+0000] {logging_mixin.py:149} INFO - [2023-06-15T12:14:08.328+0000] {dagbag.py:541} INFO - Filling up the DagBag from /home/airflow/.local/lib/python3.7/site-packages/airflow/example_dags/example_branch_labels.py
[2023-06-15T12:14:08.342+0000] {processor.py:836} INFO - DAG(s) dict_keys(['example_branch_labels']) retrieved from /home/airflow/.local/lib/python3.7/site-packages/airflow/example_dags/example_branch_labels.py
[2023-06-15T12:14:08.381+0000] {logging_mixin.py:149} INFO - [2023-06-15T12:14:08.380+0000] {dag.py:2726} INFO - Sync 1 DAGs
[2023-06-15T12:14:08.431+0000] {logging_mixin.py:149} INFO - [2023-06-15T12:14:08.431+0000] {dag.py:3490} INFO - Setting next_dagrun for example_branch_labels to 2023-06-14T00:00:00+00:00, run_after=2023-06-15T00:00:00+00:00
[2023-06-15T12:14:08.459+0000] {processor.py:179} INFO - Processing /home/airflow/.local/lib/python3.7/site-packages/airflow/example_dags/example_branch_labels.py took 0.138 seconds
[2023-06-15T12:14:38.885+0000] {processor.py:157} INFO - Started process (PID=808) to work on /home/airflow/.local/lib/python3.7/site-packages/airflow/example_dags/example_branch_labels.py
[2023-06-15T12:14:38.887+0000] {processor.py:826} INFO - Processing file /home/airflow/.local/lib/python3.7/site-packages/airflow/example_dags/example_branch_labels.py for tasks to queue
[2023-06-15T12:14:38.888+0000] {logging_mixin.py:149} INFO - [2023-06-15T12:14:38.887+0000] {dagbag.py:541} INFO - Filling up the DagBag from /home/airflow/.local/lib/python3.7/site-packages/airflow/example_dags/example_branch_labels.py
[2023-06-15T12:14:38.896+0000] {processor.py:836} INFO - DAG(s) dict_keys(['example_branch_labels']) retrieved from /home/airflow/.local/lib/python3.7/site-packages/airflow/example_dags/example_branch_labels.py
[2023-06-15T12:14:38.934+0000] {logging_mixin.py:149} INFO - [2023-06-15T12:14:38.934+0000] {dag.py:2726} INFO - Sync 1 DAGs
[2023-06-15T12:14:38.983+0000] {logging_mixin.py:149} INFO - [2023-06-15T12:14:38.983+0000] {dag.py:3490} INFO - Setting next_dagrun for example_branch_labels to 2023-06-14T00:00:00+00:00, run_after=2023-06-15T00:00:00+00:00
[2023-06-15T12:14:39.015+0000] {processor.py:179} INFO - Processing /home/airflow/.local/lib/python3.7/site-packages/airflow/example_dags/example_branch_labels.py took 0.132 seconds
[2023-06-15T12:15:09.652+0000] {processor.py:157} INFO - Started process (PID=886) to work on /home/airflow/.local/lib/python3.7/site-packages/airflow/example_dags/example_branch_labels.py
[2023-06-15T12:15:09.653+0000] {processor.py:826} INFO - Processing file /home/airflow/.local/lib/python3.7/site-packages/airflow/example_dags/example_branch_labels.py for tasks to queue
[2023-06-15T12:15:09.654+0000] {logging_mixin.py:149} INFO - [2023-06-15T12:15:09.654+0000] {dagbag.py:541} INFO - Filling up the DagBag from /home/airflow/.local/lib/python3.7/site-packages/airflow/example_dags/example_branch_labels.py
[2023-06-15T12:15:09.664+0000] {processor.py:836} INFO - DAG(s) dict_keys(['example_branch_labels']) retrieved from /home/airflow/.local/lib/python3.7/site-packages/airflow/example_dags/example_branch_labels.py
[2023-06-15T12:15:09.702+0000] {logging_mixin.py:149} INFO - [2023-06-15T12:15:09.702+0000] {dag.py:2726} INFO - Sync 1 DAGs
[2023-06-15T12:15:09.752+0000] {logging_mixin.py:149} INFO - [2023-06-15T12:15:09.751+0000] {dag.py:3490} INFO - Setting next_dagrun for example_branch_labels to 2023-06-14T00:00:00+00:00, run_after=2023-06-15T00:00:00+00:00
[2023-06-15T12:15:09.781+0000] {processor.py:179} INFO - Processing /home/airflow/.local/lib/python3.7/site-packages/airflow/example_dags/example_branch_labels.py took 0.133 seconds
[2023-06-15T12:15:39.952+0000] {processor.py:157} INFO - Started process (PID=962) to work on /home/airflow/.local/lib/python3.7/site-packages/airflow/example_dags/example_branch_labels.py
[2023-06-15T12:15:39.954+0000] {processor.py:826} INFO - Processing file /home/airflow/.local/lib/python3.7/site-packages/airflow/example_dags/example_branch_labels.py for tasks to queue
[2023-06-15T12:15:39.955+0000] {logging_mixin.py:149} INFO - [2023-06-15T12:15:39.954+0000] {dagbag.py:541} INFO - Filling up the DagBag from /home/airflow/.local/lib/python3.7/site-packages/airflow/example_dags/example_branch_labels.py
[2023-06-15T12:15:39.969+0000] {processor.py:836} INFO - DAG(s) dict_keys(['example_branch_labels']) retrieved from /home/airflow/.local/lib/python3.7/site-packages/airflow/example_dags/example_branch_labels.py
[2023-06-15T12:15:40.011+0000] {logging_mixin.py:149} INFO - [2023-06-15T12:15:40.011+0000] {dag.py:2726} INFO - Sync 1 DAGs
[2023-06-15T12:15:40.065+0000] {logging_mixin.py:149} INFO - [2023-06-15T12:15:40.065+0000] {dag.py:3490} INFO - Setting next_dagrun for example_branch_labels to 2023-06-14T00:00:00+00:00, run_after=2023-06-15T00:00:00+00:00
[2023-06-15T12:15:40.113+0000] {processor.py:179} INFO - Processing /home/airflow/.local/lib/python3.7/site-packages/airflow/example_dags/example_branch_labels.py took 0.165 seconds
[2023-06-15T12:16:10.217+0000] {processor.py:157} INFO - Started process (PID=1040) to work on /home/airflow/.local/lib/python3.7/site-packages/airflow/example_dags/example_branch_labels.py
[2023-06-15T12:16:10.219+0000] {processor.py:826} INFO - Processing file /home/airflow/.local/lib/python3.7/site-packages/airflow/example_dags/example_branch_labels.py for tasks to queue
[2023-06-15T12:16:10.220+0000] {logging_mixin.py:149} INFO - [2023-06-15T12:16:10.220+0000] {dagbag.py:541} INFO - Filling up the DagBag from /home/airflow/.local/lib/python3.7/site-packages/airflow/example_dags/example_branch_labels.py
[2023-06-15T12:16:10.233+0000] {processor.py:836} INFO - DAG(s) dict_keys(['example_branch_labels']) retrieved from /home/airflow/.local/lib/python3.7/site-packages/airflow/example_dags/example_branch_labels.py
[2023-06-15T12:16:10.274+0000] {logging_mixin.py:149} INFO - [2023-06-15T12:16:10.274+0000] {dag.py:2726} INFO - Sync 1 DAGs
[2023-06-15T12:16:10.318+0000] {logging_mixin.py:149} INFO - [2023-06-15T12:16:10.318+0000] {dag.py:3490} INFO - Setting next_dagrun for example_branch_labels to 2023-06-14T00:00:00+00:00, run_after=2023-06-15T00:00:00+00:00
[2023-06-15T12:16:10.364+0000] {processor.py:179} INFO - Processing /home/airflow/.local/lib/python3.7/site-packages/airflow/example_dags/example_branch_labels.py took 0.153 seconds
[2023-06-15T12:16:40.879+0000] {processor.py:157} INFO - Started process (PID=1117) to work on /home/airflow/.local/lib/python3.7/site-packages/airflow/example_dags/example_branch_labels.py
[2023-06-15T12:16:40.881+0000] {processor.py:826} INFO - Processing file /home/airflow/.local/lib/python3.7/site-packages/airflow/example_dags/example_branch_labels.py for tasks to queue
[2023-06-15T12:16:40.882+0000] {logging_mixin.py:149} INFO - [2023-06-15T12:16:40.882+0000] {dagbag.py:541} INFO - Filling up the DagBag from /home/airflow/.local/lib/python3.7/site-packages/airflow/example_dags/example_branch_labels.py
[2023-06-15T12:16:40.892+0000] {processor.py:836} INFO - DAG(s) dict_keys(['example_branch_labels']) retrieved from /home/airflow/.local/lib/python3.7/site-packages/airflow/example_dags/example_branch_labels.py
[2023-06-15T12:16:40.932+0000] {logging_mixin.py:149} INFO - [2023-06-15T12:16:40.932+0000] {dag.py:2726} INFO - Sync 1 DAGs
[2023-06-15T12:16:40.982+0000] {logging_mixin.py:149} INFO - [2023-06-15T12:16:40.982+0000] {dag.py:3490} INFO - Setting next_dagrun for example_branch_labels to 2023-06-14T00:00:00+00:00, run_after=2023-06-15T00:00:00+00:00
[2023-06-15T12:16:41.012+0000] {processor.py:179} INFO - Processing /home/airflow/.local/lib/python3.7/site-packages/airflow/example_dags/example_branch_labels.py took 0.137 seconds
[2023-06-15T12:17:11.824+0000] {processor.py:157} INFO - Started process (PID=1194) to work on /home/airflow/.local/lib/python3.7/site-packages/airflow/example_dags/example_branch_labels.py
[2023-06-15T12:17:11.826+0000] {processor.py:826} INFO - Processing file /home/airflow/.local/lib/python3.7/site-packages/airflow/example_dags/example_branch_labels.py for tasks to queue
[2023-06-15T12:17:11.827+0000] {logging_mixin.py:149} INFO - [2023-06-15T12:17:11.827+0000] {dagbag.py:541} INFO - Filling up the DagBag from /home/airflow/.local/lib/python3.7/site-packages/airflow/example_dags/example_branch_labels.py
[2023-06-15T12:17:11.841+0000] {processor.py:836} INFO - DAG(s) dict_keys(['example_branch_labels']) retrieved from /home/airflow/.local/lib/python3.7/site-packages/airflow/example_dags/example_branch_labels.py
[2023-06-15T12:17:11.885+0000] {logging_mixin.py:149} INFO - [2023-06-15T12:17:11.885+0000] {dag.py:2726} INFO - Sync 1 DAGs
[2023-06-15T12:17:11.935+0000] {logging_mixin.py:149} INFO - [2023-06-15T12:17:11.935+0000] {dag.py:3490} INFO - Setting next_dagrun for example_branch_labels to 2023-06-14T00:00:00+00:00, run_after=2023-06-15T00:00:00+00:00
[2023-06-15T12:17:11.986+0000] {processor.py:179} INFO - Processing /home/airflow/.local/lib/python3.7/site-packages/airflow/example_dags/example_branch_labels.py took 0.165 seconds
[2023-06-15T12:17:42.240+0000] {processor.py:157} INFO - Started process (PID=1271) to work on /home/airflow/.local/lib/python3.7/site-packages/airflow/example_dags/example_branch_labels.py
[2023-06-15T12:17:42.241+0000] {processor.py:826} INFO - Processing file /home/airflow/.local/lib/python3.7/site-packages/airflow/example_dags/example_branch_labels.py for tasks to queue
[2023-06-15T12:17:42.242+0000] {logging_mixin.py:149} INFO - [2023-06-15T12:17:42.242+0000] {dagbag.py:541} INFO - Filling up the DagBag from /home/airflow/.local/lib/python3.7/site-packages/airflow/example_dags/example_branch_labels.py
[2023-06-15T12:17:42.252+0000] {processor.py:836} INFO - DAG(s) dict_keys(['example_branch_labels']) retrieved from /home/airflow/.local/lib/python3.7/site-packages/airflow/example_dags/example_branch_labels.py
[2023-06-15T12:17:42.286+0000] {logging_mixin.py:149} INFO - [2023-06-15T12:17:42.285+0000] {dag.py:2726} INFO - Sync 1 DAGs
[2023-06-15T12:17:42.341+0000] {logging_mixin.py:149} INFO - [2023-06-15T12:17:42.340+0000] {dag.py:3490} INFO - Setting next_dagrun for example_branch_labels to 2023-06-14T00:00:00+00:00, run_after=2023-06-15T00:00:00+00:00
[2023-06-15T12:17:42.375+0000] {processor.py:179} INFO - Processing /home/airflow/.local/lib/python3.7/site-packages/airflow/example_dags/example_branch_labels.py took 0.138 seconds
[2023-06-15T12:18:12.899+0000] {processor.py:157} INFO - Started process (PID=1348) to work on /home/airflow/.local/lib/python3.7/site-packages/airflow/example_dags/example_branch_labels.py
[2023-06-15T12:18:12.901+0000] {processor.py:826} INFO - Processing file /home/airflow/.local/lib/python3.7/site-packages/airflow/example_dags/example_branch_labels.py for tasks to queue
[2023-06-15T12:18:12.902+0000] {logging_mixin.py:149} INFO - [2023-06-15T12:18:12.902+0000] {dagbag.py:541} INFO - Filling up the DagBag from /home/airflow/.local/lib/python3.7/site-packages/airflow/example_dags/example_branch_labels.py
[2023-06-15T12:18:12.915+0000] {processor.py:836} INFO - DAG(s) dict_keys(['example_branch_labels']) retrieved from /home/airflow/.local/lib/python3.7/site-packages/airflow/example_dags/example_branch_labels.py
[2023-06-15T12:18:12.957+0000] {logging_mixin.py:149} INFO - [2023-06-15T12:18:12.957+0000] {dag.py:2726} INFO - Sync 1 DAGs
[2023-06-15T12:18:13.029+0000] {logging_mixin.py:149} INFO - [2023-06-15T12:18:13.028+0000] {dag.py:3490} INFO - Setting next_dagrun for example_branch_labels to 2023-06-14T00:00:00+00:00, run_after=2023-06-15T00:00:00+00:00
[2023-06-15T12:18:13.083+0000] {processor.py:179} INFO - Processing /home/airflow/.local/lib/python3.7/site-packages/airflow/example_dags/example_branch_labels.py took 0.188 seconds
[2023-06-15T12:18:43.708+0000] {processor.py:157} INFO - Started process (PID=1425) to work on /home/airflow/.local/lib/python3.7/site-packages/airflow/example_dags/example_branch_labels.py
[2023-06-15T12:18:43.709+0000] {processor.py:826} INFO - Processing file /home/airflow/.local/lib/python3.7/site-packages/airflow/example_dags/example_branch_labels.py for tasks to queue
[2023-06-15T12:18:43.710+0000] {logging_mixin.py:149} INFO - [2023-06-15T12:18:43.710+0000] {dagbag.py:541} INFO - Filling up the DagBag from /home/airflow/.local/lib/python3.7/site-packages/airflow/example_dags/example_branch_labels.py
[2023-06-15T12:18:43.724+0000] {processor.py:836} INFO - DAG(s) dict_keys(['example_branch_labels']) retrieved from /home/airflow/.local/lib/python3.7/site-packages/airflow/example_dags/example_branch_labels.py
[2023-06-15T12:18:43.769+0000] {logging_mixin.py:149} INFO - [2023-06-15T12:18:43.769+0000] {dag.py:2726} INFO - Sync 1 DAGs
[2023-06-15T12:18:43.817+0000] {logging_mixin.py:149} INFO - [2023-06-15T12:18:43.817+0000] {dag.py:3490} INFO - Setting next_dagrun for example_branch_labels to 2023-06-14T00:00:00+00:00, run_after=2023-06-15T00:00:00+00:00
[2023-06-15T12:18:43.851+0000] {processor.py:179} INFO - Processing /home/airflow/.local/lib/python3.7/site-packages/airflow/example_dags/example_branch_labels.py took 0.148 seconds
[2023-06-15T12:19:14.465+0000] {processor.py:157} INFO - Started process (PID=1502) to work on /home/airflow/.local/lib/python3.7/site-packages/airflow/example_dags/example_branch_labels.py
[2023-06-15T12:19:14.467+0000] {processor.py:826} INFO - Processing file /home/airflow/.local/lib/python3.7/site-packages/airflow/example_dags/example_branch_labels.py for tasks to queue
[2023-06-15T12:19:14.468+0000] {logging_mixin.py:149} INFO - [2023-06-15T12:19:14.468+0000] {dagbag.py:541} INFO - Filling up the DagBag from /home/airflow/.local/lib/python3.7/site-packages/airflow/example_dags/example_branch_labels.py
[2023-06-15T12:19:14.481+0000] {processor.py:836} INFO - DAG(s) dict_keys(['example_branch_labels']) retrieved from /home/airflow/.local/lib/python3.7/site-packages/airflow/example_dags/example_branch_labels.py
[2023-06-15T12:19:14.524+0000] {logging_mixin.py:149} INFO - [2023-06-15T12:19:14.524+0000] {dag.py:2726} INFO - Sync 1 DAGs
[2023-06-15T12:19:14.571+0000] {logging_mixin.py:149} INFO - [2023-06-15T12:19:14.570+0000] {dag.py:3490} INFO - Setting next_dagrun for example_branch_labels to 2023-06-14T00:00:00+00:00, run_after=2023-06-15T00:00:00+00:00
[2023-06-15T12:19:14.619+0000] {processor.py:179} INFO - Processing /home/airflow/.local/lib/python3.7/site-packages/airflow/example_dags/example_branch_labels.py took 0.157 seconds
[2023-06-15T12:19:44.697+0000] {processor.py:157} INFO - Started process (PID=1565) to work on /home/airflow/.local/lib/python3.7/site-packages/airflow/example_dags/example_branch_labels.py
[2023-06-15T12:19:44.698+0000] {processor.py:826} INFO - Processing file /home/airflow/.local/lib/python3.7/site-packages/airflow/example_dags/example_branch_labels.py for tasks to queue
[2023-06-15T12:19:44.699+0000] {logging_mixin.py:149} INFO - [2023-06-15T12:19:44.699+0000] {dagbag.py:541} INFO - Filling up the DagBag from /home/airflow/.local/lib/python3.7/site-packages/airflow/example_dags/example_branch_labels.py
[2023-06-15T12:19:44.711+0000] {processor.py:836} INFO - DAG(s) dict_keys(['example_branch_labels']) retrieved from /home/airflow/.local/lib/python3.7/site-packages/airflow/example_dags/example_branch_labels.py
[2023-06-15T12:19:44.747+0000] {logging_mixin.py:149} INFO - [2023-06-15T12:19:44.747+0000] {dag.py:2726} INFO - Sync 1 DAGs
[2023-06-15T12:19:44.788+0000] {logging_mixin.py:149} INFO - [2023-06-15T12:19:44.788+0000] {dag.py:3490} INFO - Setting next_dagrun for example_branch_labels to 2023-06-14T00:00:00+00:00, run_after=2023-06-15T00:00:00+00:00
[2023-06-15T12:19:44.831+0000] {processor.py:179} INFO - Processing /home/airflow/.local/lib/python3.7/site-packages/airflow/example_dags/example_branch_labels.py took 0.138 seconds
[2023-06-15T12:20:15.278+0000] {processor.py:157} INFO - Started process (PID=1629) to work on /home/airflow/.local/lib/python3.7/site-packages/airflow/example_dags/example_branch_labels.py
[2023-06-15T12:20:15.280+0000] {processor.py:826} INFO - Processing file /home/airflow/.local/lib/python3.7/site-packages/airflow/example_dags/example_branch_labels.py for tasks to queue
[2023-06-15T12:20:15.281+0000] {logging_mixin.py:149} INFO - [2023-06-15T12:20:15.281+0000] {dagbag.py:541} INFO - Filling up the DagBag from /home/airflow/.local/lib/python3.7/site-packages/airflow/example_dags/example_branch_labels.py
[2023-06-15T12:20:15.294+0000] {processor.py:836} INFO - DAG(s) dict_keys(['example_branch_labels']) retrieved from /home/airflow/.local/lib/python3.7/site-packages/airflow/example_dags/example_branch_labels.py
[2023-06-15T12:20:15.341+0000] {logging_mixin.py:149} INFO - [2023-06-15T12:20:15.340+0000] {dag.py:2726} INFO - Sync 1 DAGs
[2023-06-15T12:20:15.397+0000] {logging_mixin.py:149} INFO - [2023-06-15T12:20:15.397+0000] {dag.py:3490} INFO - Setting next_dagrun for example_branch_labels to 2023-06-14T00:00:00+00:00, run_after=2023-06-15T00:00:00+00:00
[2023-06-15T12:20:15.437+0000] {processor.py:179} INFO - Processing /home/airflow/.local/lib/python3.7/site-packages/airflow/example_dags/example_branch_labels.py took 0.162 seconds
