[2023-06-15T12:09:32.287+0000] {processor.py:157} INFO - Started process (PID=73) to work on /home/airflow/.local/lib/python3.7/site-packages/airflow/example_dags/example_bash_operator.py
[2023-06-15T12:09:32.288+0000] {processor.py:826} INFO - Processing file /home/airflow/.local/lib/python3.7/site-packages/airflow/example_dags/example_bash_operator.py for tasks to queue
[2023-06-15T12:09:32.289+0000] {logging_mixin.py:149} INFO - [2023-06-15T12:09:32.288+0000] {dagbag.py:541} INFO - Filling up the DagBag from /home/airflow/.local/lib/python3.7/site-packages/airflow/example_dags/example_bash_operator.py
[2023-06-15T12:09:32.305+0000] {processor.py:836} INFO - DAG(s) dict_keys(['example_bash_operator']) retrieved from /home/airflow/.local/lib/python3.7/site-packages/airflow/example_dags/example_bash_operator.py
[2023-06-15T12:09:32.361+0000] {logging_mixin.py:149} INFO - [2023-06-15T12:09:32.361+0000] {dag.py:2726} INFO - Sync 1 DAGs
[2023-06-15T12:09:32.400+0000] {logging_mixin.py:149} INFO - [2023-06-15T12:09:32.400+0000] {dag.py:3490} INFO - Setting next_dagrun for example_bash_operator to 2023-06-14T00:00:00+00:00, run_after=2023-06-15T00:00:00+00:00
[2023-06-15T12:09:32.425+0000] {processor.py:179} INFO - Processing /home/airflow/.local/lib/python3.7/site-packages/airflow/example_dags/example_bash_operator.py took 0.141 seconds
[2023-06-15T12:10:03.072+0000] {processor.py:157} INFO - Started process (PID=150) to work on /home/airflow/.local/lib/python3.7/site-packages/airflow/example_dags/example_bash_operator.py
[2023-06-15T12:10:03.073+0000] {processor.py:826} INFO - Processing file /home/airflow/.local/lib/python3.7/site-packages/airflow/example_dags/example_bash_operator.py for tasks to queue
[2023-06-15T12:10:03.074+0000] {logging_mixin.py:149} INFO - [2023-06-15T12:10:03.074+0000] {dagbag.py:541} INFO - Filling up the DagBag from /home/airflow/.local/lib/python3.7/site-packages/airflow/example_dags/example_bash_operator.py
[2023-06-15T12:10:03.088+0000] {processor.py:836} INFO - DAG(s) dict_keys(['example_bash_operator']) retrieved from /home/airflow/.local/lib/python3.7/site-packages/airflow/example_dags/example_bash_operator.py
[2023-06-15T12:10:03.132+0000] {logging_mixin.py:149} INFO - [2023-06-15T12:10:03.132+0000] {dag.py:2726} INFO - Sync 1 DAGs
[2023-06-15T12:10:03.272+0000] {logging_mixin.py:149} INFO - [2023-06-15T12:10:03.272+0000] {dag.py:3490} INFO - Setting next_dagrun for example_bash_operator to 2023-06-14T00:00:00+00:00, run_after=2023-06-15T00:00:00+00:00
[2023-06-15T12:10:03.309+0000] {processor.py:179} INFO - Processing /home/airflow/.local/lib/python3.7/site-packages/airflow/example_dags/example_bash_operator.py took 0.240 seconds
[2023-06-15T12:10:35.731+0000] {processor.py:157} INFO - Started process (PID=227) to work on /home/airflow/.local/lib/python3.7/site-packages/airflow/example_dags/example_bash_operator.py
[2023-06-15T12:10:35.732+0000] {processor.py:826} INFO - Processing file /home/airflow/.local/lib/python3.7/site-packages/airflow/example_dags/example_bash_operator.py for tasks to queue
[2023-06-15T12:10:35.733+0000] {logging_mixin.py:149} INFO - [2023-06-15T12:10:35.733+0000] {dagbag.py:541} INFO - Filling up the DagBag from /home/airflow/.local/lib/python3.7/site-packages/airflow/example_dags/example_bash_operator.py
[2023-06-15T12:10:35.876+0000] {processor.py:836} INFO - DAG(s) dict_keys(['example_bash_operator']) retrieved from /home/airflow/.local/lib/python3.7/site-packages/airflow/example_dags/example_bash_operator.py
[2023-06-15T12:10:35.933+0000] {logging_mixin.py:149} INFO - [2023-06-15T12:10:35.933+0000] {dag.py:2726} INFO - Sync 1 DAGs
[2023-06-15T12:10:35.970+0000] {logging_mixin.py:149} INFO - [2023-06-15T12:10:35.970+0000] {dag.py:3490} INFO - Setting next_dagrun for example_bash_operator to 2023-06-14T00:00:00+00:00, run_after=2023-06-15T00:00:00+00:00
[2023-06-15T12:10:35.996+0000] {processor.py:179} INFO - Processing /home/airflow/.local/lib/python3.7/site-packages/airflow/example_dags/example_bash_operator.py took 0.268 seconds
[2023-06-15T12:11:06.042+0000] {processor.py:157} INFO - Started process (PID=304) to work on /home/airflow/.local/lib/python3.7/site-packages/airflow/example_dags/example_bash_operator.py
[2023-06-15T12:11:06.043+0000] {processor.py:826} INFO - Processing file /home/airflow/.local/lib/python3.7/site-packages/airflow/example_dags/example_bash_operator.py for tasks to queue
[2023-06-15T12:11:06.044+0000] {logging_mixin.py:149} INFO - [2023-06-15T12:11:06.044+0000] {dagbag.py:541} INFO - Filling up the DagBag from /home/airflow/.local/lib/python3.7/site-packages/airflow/example_dags/example_bash_operator.py
[2023-06-15T12:11:06.065+0000] {processor.py:836} INFO - DAG(s) dict_keys(['example_bash_operator']) retrieved from /home/airflow/.local/lib/python3.7/site-packages/airflow/example_dags/example_bash_operator.py
[2023-06-15T12:11:06.132+0000] {logging_mixin.py:149} INFO - [2023-06-15T12:11:06.131+0000] {dag.py:2726} INFO - Sync 1 DAGs
[2023-06-15T12:11:06.179+0000] {logging_mixin.py:149} INFO - [2023-06-15T12:11:06.178+0000] {dag.py:3490} INFO - Setting next_dagrun for example_bash_operator to 2023-06-14T00:00:00+00:00, run_after=2023-06-15T00:00:00+00:00
[2023-06-15T12:11:06.224+0000] {processor.py:179} INFO - Processing /home/airflow/.local/lib/python3.7/site-packages/airflow/example_dags/example_bash_operator.py took 0.186 seconds
[2023-06-15T12:11:37.171+0000] {processor.py:157} INFO - Started process (PID=382) to work on /home/airflow/.local/lib/python3.7/site-packages/airflow/example_dags/example_bash_operator.py
[2023-06-15T12:11:37.172+0000] {processor.py:826} INFO - Processing file /home/airflow/.local/lib/python3.7/site-packages/airflow/example_dags/example_bash_operator.py for tasks to queue
[2023-06-15T12:11:37.174+0000] {logging_mixin.py:149} INFO - [2023-06-15T12:11:37.174+0000] {dagbag.py:541} INFO - Filling up the DagBag from /home/airflow/.local/lib/python3.7/site-packages/airflow/example_dags/example_bash_operator.py
[2023-06-15T12:11:37.192+0000] {processor.py:836} INFO - DAG(s) dict_keys(['example_bash_operator']) retrieved from /home/airflow/.local/lib/python3.7/site-packages/airflow/example_dags/example_bash_operator.py
[2023-06-15T12:11:37.255+0000] {logging_mixin.py:149} INFO - [2023-06-15T12:11:37.255+0000] {dag.py:2726} INFO - Sync 1 DAGs
[2023-06-15T12:11:37.296+0000] {logging_mixin.py:149} INFO - [2023-06-15T12:11:37.296+0000] {dag.py:3490} INFO - Setting next_dagrun for example_bash_operator to 2023-06-14T00:00:00+00:00, run_after=2023-06-15T00:00:00+00:00
[2023-06-15T12:11:37.327+0000] {processor.py:179} INFO - Processing /home/airflow/.local/lib/python3.7/site-packages/airflow/example_dags/example_bash_operator.py took 0.159 seconds
[2023-06-15T12:12:07.994+0000] {processor.py:157} INFO - Started process (PID=459) to work on /home/airflow/.local/lib/python3.7/site-packages/airflow/example_dags/example_bash_operator.py
[2023-06-15T12:12:07.995+0000] {processor.py:826} INFO - Processing file /home/airflow/.local/lib/python3.7/site-packages/airflow/example_dags/example_bash_operator.py for tasks to queue
[2023-06-15T12:12:07.996+0000] {logging_mixin.py:149} INFO - [2023-06-15T12:12:07.996+0000] {dagbag.py:541} INFO - Filling up the DagBag from /home/airflow/.local/lib/python3.7/site-packages/airflow/example_dags/example_bash_operator.py
[2023-06-15T12:12:08.013+0000] {processor.py:836} INFO - DAG(s) dict_keys(['example_bash_operator']) retrieved from /home/airflow/.local/lib/python3.7/site-packages/airflow/example_dags/example_bash_operator.py
[2023-06-15T12:12:08.064+0000] {logging_mixin.py:149} INFO - [2023-06-15T12:12:08.063+0000] {dag.py:2726} INFO - Sync 1 DAGs
[2023-06-15T12:12:08.100+0000] {logging_mixin.py:149} INFO - [2023-06-15T12:12:08.100+0000] {dag.py:3490} INFO - Setting next_dagrun for example_bash_operator to 2023-06-14T00:00:00+00:00, run_after=2023-06-15T00:00:00+00:00
[2023-06-15T12:12:08.123+0000] {processor.py:179} INFO - Processing /home/airflow/.local/lib/python3.7/site-packages/airflow/example_dags/example_bash_operator.py took 0.133 seconds
[2023-06-15T12:12:38.831+0000] {processor.py:157} INFO - Started process (PID=536) to work on /home/airflow/.local/lib/python3.7/site-packages/airflow/example_dags/example_bash_operator.py
[2023-06-15T12:12:38.832+0000] {processor.py:826} INFO - Processing file /home/airflow/.local/lib/python3.7/site-packages/airflow/example_dags/example_bash_operator.py for tasks to queue
[2023-06-15T12:12:38.833+0000] {logging_mixin.py:149} INFO - [2023-06-15T12:12:38.833+0000] {dagbag.py:541} INFO - Filling up the DagBag from /home/airflow/.local/lib/python3.7/site-packages/airflow/example_dags/example_bash_operator.py
[2023-06-15T12:12:38.851+0000] {processor.py:836} INFO - DAG(s) dict_keys(['example_bash_operator']) retrieved from /home/airflow/.local/lib/python3.7/site-packages/airflow/example_dags/example_bash_operator.py
[2023-06-15T12:12:38.899+0000] {logging_mixin.py:149} INFO - [2023-06-15T12:12:38.899+0000] {dag.py:2726} INFO - Sync 1 DAGs
[2023-06-15T12:12:38.932+0000] {logging_mixin.py:149} INFO - [2023-06-15T12:12:38.932+0000] {dag.py:3490} INFO - Setting next_dagrun for example_bash_operator to 2023-06-14T00:00:00+00:00, run_after=2023-06-15T00:00:00+00:00
[2023-06-15T12:12:38.955+0000] {processor.py:179} INFO - Processing /home/airflow/.local/lib/python3.7/site-packages/airflow/example_dags/example_bash_operator.py took 0.127 seconds
[2023-06-15T12:13:09.427+0000] {processor.py:157} INFO - Started process (PID=613) to work on /home/airflow/.local/lib/python3.7/site-packages/airflow/example_dags/example_bash_operator.py
[2023-06-15T12:13:09.428+0000] {processor.py:826} INFO - Processing file /home/airflow/.local/lib/python3.7/site-packages/airflow/example_dags/example_bash_operator.py for tasks to queue
[2023-06-15T12:13:09.429+0000] {logging_mixin.py:149} INFO - [2023-06-15T12:13:09.429+0000] {dagbag.py:541} INFO - Filling up the DagBag from /home/airflow/.local/lib/python3.7/site-packages/airflow/example_dags/example_bash_operator.py
[2023-06-15T12:13:09.450+0000] {processor.py:836} INFO - DAG(s) dict_keys(['example_bash_operator']) retrieved from /home/airflow/.local/lib/python3.7/site-packages/airflow/example_dags/example_bash_operator.py
[2023-06-15T12:13:09.509+0000] {logging_mixin.py:149} INFO - [2023-06-15T12:13:09.508+0000] {dag.py:2726} INFO - Sync 1 DAGs
[2023-06-15T12:13:09.547+0000] {logging_mixin.py:149} INFO - [2023-06-15T12:13:09.547+0000] {dag.py:3490} INFO - Setting next_dagrun for example_bash_operator to 2023-06-14T00:00:00+00:00, run_after=2023-06-15T00:00:00+00:00
[2023-06-15T12:13:09.575+0000] {processor.py:179} INFO - Processing /home/airflow/.local/lib/python3.7/site-packages/airflow/example_dags/example_bash_operator.py took 0.152 seconds
[2023-06-15T12:13:40.095+0000] {processor.py:157} INFO - Started process (PID=690) to work on /home/airflow/.local/lib/python3.7/site-packages/airflow/example_dags/example_bash_operator.py
[2023-06-15T12:13:40.096+0000] {processor.py:826} INFO - Processing file /home/airflow/.local/lib/python3.7/site-packages/airflow/example_dags/example_bash_operator.py for tasks to queue
[2023-06-15T12:13:40.098+0000] {logging_mixin.py:149} INFO - [2023-06-15T12:13:40.097+0000] {dagbag.py:541} INFO - Filling up the DagBag from /home/airflow/.local/lib/python3.7/site-packages/airflow/example_dags/example_bash_operator.py
[2023-06-15T12:13:40.117+0000] {processor.py:836} INFO - DAG(s) dict_keys(['example_bash_operator']) retrieved from /home/airflow/.local/lib/python3.7/site-packages/airflow/example_dags/example_bash_operator.py
[2023-06-15T12:13:40.177+0000] {logging_mixin.py:149} INFO - [2023-06-15T12:13:40.176+0000] {dag.py:2726} INFO - Sync 1 DAGs
[2023-06-15T12:13:40.219+0000] {logging_mixin.py:149} INFO - [2023-06-15T12:13:40.219+0000] {dag.py:3490} INFO - Setting next_dagrun for example_bash_operator to 2023-06-14T00:00:00+00:00, run_after=2023-06-15T00:00:00+00:00
[2023-06-15T12:13:40.250+0000] {processor.py:179} INFO - Processing /home/airflow/.local/lib/python3.7/site-packages/airflow/example_dags/example_bash_operator.py took 0.160 seconds
[2023-06-15T12:14:11.027+0000] {processor.py:157} INFO - Started process (PID=767) to work on /home/airflow/.local/lib/python3.7/site-packages/airflow/example_dags/example_bash_operator.py
[2023-06-15T12:14:11.029+0000] {processor.py:826} INFO - Processing file /home/airflow/.local/lib/python3.7/site-packages/airflow/example_dags/example_bash_operator.py for tasks to queue
[2023-06-15T12:14:11.030+0000] {logging_mixin.py:149} INFO - [2023-06-15T12:14:11.030+0000] {dagbag.py:541} INFO - Filling up the DagBag from /home/airflow/.local/lib/python3.7/site-packages/airflow/example_dags/example_bash_operator.py
[2023-06-15T12:14:11.049+0000] {processor.py:836} INFO - DAG(s) dict_keys(['example_bash_operator']) retrieved from /home/airflow/.local/lib/python3.7/site-packages/airflow/example_dags/example_bash_operator.py
[2023-06-15T12:14:11.110+0000] {logging_mixin.py:149} INFO - [2023-06-15T12:14:11.110+0000] {dag.py:2726} INFO - Sync 1 DAGs
[2023-06-15T12:14:11.177+0000] {logging_mixin.py:149} INFO - [2023-06-15T12:14:11.177+0000] {dag.py:3490} INFO - Setting next_dagrun for example_bash_operator to 2023-06-14T00:00:00+00:00, run_after=2023-06-15T00:00:00+00:00
[2023-06-15T12:14:11.226+0000] {processor.py:179} INFO - Processing /home/airflow/.local/lib/python3.7/site-packages/airflow/example_dags/example_bash_operator.py took 0.202 seconds
[2023-06-15T12:14:41.459+0000] {processor.py:157} INFO - Started process (PID=844) to work on /home/airflow/.local/lib/python3.7/site-packages/airflow/example_dags/example_bash_operator.py
[2023-06-15T12:14:41.461+0000] {processor.py:826} INFO - Processing file /home/airflow/.local/lib/python3.7/site-packages/airflow/example_dags/example_bash_operator.py for tasks to queue
[2023-06-15T12:14:41.462+0000] {logging_mixin.py:149} INFO - [2023-06-15T12:14:41.462+0000] {dagbag.py:541} INFO - Filling up the DagBag from /home/airflow/.local/lib/python3.7/site-packages/airflow/example_dags/example_bash_operator.py
[2023-06-15T12:14:41.483+0000] {processor.py:836} INFO - DAG(s) dict_keys(['example_bash_operator']) retrieved from /home/airflow/.local/lib/python3.7/site-packages/airflow/example_dags/example_bash_operator.py
[2023-06-15T12:14:41.544+0000] {logging_mixin.py:149} INFO - [2023-06-15T12:14:41.544+0000] {dag.py:2726} INFO - Sync 1 DAGs
[2023-06-15T12:14:41.588+0000] {logging_mixin.py:149} INFO - [2023-06-15T12:14:41.588+0000] {dag.py:3490} INFO - Setting next_dagrun for example_bash_operator to 2023-06-14T00:00:00+00:00, run_after=2023-06-15T00:00:00+00:00
[2023-06-15T12:14:41.633+0000] {processor.py:179} INFO - Processing /home/airflow/.local/lib/python3.7/site-packages/airflow/example_dags/example_bash_operator.py took 0.177 seconds
[2023-06-15T12:15:12.313+0000] {processor.py:157} INFO - Started process (PID=922) to work on /home/airflow/.local/lib/python3.7/site-packages/airflow/example_dags/example_bash_operator.py
[2023-06-15T12:15:12.314+0000] {processor.py:826} INFO - Processing file /home/airflow/.local/lib/python3.7/site-packages/airflow/example_dags/example_bash_operator.py for tasks to queue
[2023-06-15T12:15:12.315+0000] {logging_mixin.py:149} INFO - [2023-06-15T12:15:12.315+0000] {dagbag.py:541} INFO - Filling up the DagBag from /home/airflow/.local/lib/python3.7/site-packages/airflow/example_dags/example_bash_operator.py
[2023-06-15T12:15:12.334+0000] {processor.py:836} INFO - DAG(s) dict_keys(['example_bash_operator']) retrieved from /home/airflow/.local/lib/python3.7/site-packages/airflow/example_dags/example_bash_operator.py
[2023-06-15T12:15:12.388+0000] {logging_mixin.py:149} INFO - [2023-06-15T12:15:12.388+0000] {dag.py:2726} INFO - Sync 1 DAGs
[2023-06-15T12:15:12.433+0000] {logging_mixin.py:149} INFO - [2023-06-15T12:15:12.433+0000] {dag.py:3490} INFO - Setting next_dagrun for example_bash_operator to 2023-06-14T00:00:00+00:00, run_after=2023-06-15T00:00:00+00:00
[2023-06-15T12:15:12.475+0000] {processor.py:179} INFO - Processing /home/airflow/.local/lib/python3.7/site-packages/airflow/example_dags/example_bash_operator.py took 0.166 seconds
[2023-06-15T12:15:42.616+0000] {processor.py:157} INFO - Started process (PID=999) to work on /home/airflow/.local/lib/python3.7/site-packages/airflow/example_dags/example_bash_operator.py
[2023-06-15T12:15:42.617+0000] {processor.py:826} INFO - Processing file /home/airflow/.local/lib/python3.7/site-packages/airflow/example_dags/example_bash_operator.py for tasks to queue
[2023-06-15T12:15:42.618+0000] {logging_mixin.py:149} INFO - [2023-06-15T12:15:42.618+0000] {dagbag.py:541} INFO - Filling up the DagBag from /home/airflow/.local/lib/python3.7/site-packages/airflow/example_dags/example_bash_operator.py
[2023-06-15T12:15:42.637+0000] {processor.py:836} INFO - DAG(s) dict_keys(['example_bash_operator']) retrieved from /home/airflow/.local/lib/python3.7/site-packages/airflow/example_dags/example_bash_operator.py
[2023-06-15T12:15:42.699+0000] {logging_mixin.py:149} INFO - [2023-06-15T12:15:42.698+0000] {dag.py:2726} INFO - Sync 1 DAGs
[2023-06-15T12:15:42.746+0000] {logging_mixin.py:149} INFO - [2023-06-15T12:15:42.746+0000] {dag.py:3490} INFO - Setting next_dagrun for example_bash_operator to 2023-06-14T00:00:00+00:00, run_after=2023-06-15T00:00:00+00:00
[2023-06-15T12:15:42.781+0000] {processor.py:179} INFO - Processing /home/airflow/.local/lib/python3.7/site-packages/airflow/example_dags/example_bash_operator.py took 0.168 seconds
[2023-06-15T12:16:14.096+0000] {processor.py:157} INFO - Started process (PID=1077) to work on /home/airflow/.local/lib/python3.7/site-packages/airflow/example_dags/example_bash_operator.py
[2023-06-15T12:16:14.097+0000] {processor.py:826} INFO - Processing file /home/airflow/.local/lib/python3.7/site-packages/airflow/example_dags/example_bash_operator.py for tasks to queue
[2023-06-15T12:16:14.098+0000] {logging_mixin.py:149} INFO - [2023-06-15T12:16:14.098+0000] {dagbag.py:541} INFO - Filling up the DagBag from /home/airflow/.local/lib/python3.7/site-packages/airflow/example_dags/example_bash_operator.py
[2023-06-15T12:16:14.117+0000] {processor.py:836} INFO - DAG(s) dict_keys(['example_bash_operator']) retrieved from /home/airflow/.local/lib/python3.7/site-packages/airflow/example_dags/example_bash_operator.py
[2023-06-15T12:16:14.172+0000] {logging_mixin.py:149} INFO - [2023-06-15T12:16:14.171+0000] {dag.py:2726} INFO - Sync 1 DAGs
[2023-06-15T12:16:14.217+0000] {logging_mixin.py:149} INFO - [2023-06-15T12:16:14.217+0000] {dag.py:3490} INFO - Setting next_dagrun for example_bash_operator to 2023-06-14T00:00:00+00:00, run_after=2023-06-15T00:00:00+00:00
[2023-06-15T12:16:14.253+0000] {processor.py:179} INFO - Processing /home/airflow/.local/lib/python3.7/site-packages/airflow/example_dags/example_bash_operator.py took 0.160 seconds
[2023-06-15T12:16:44.902+0000] {processor.py:157} INFO - Started process (PID=1154) to work on /home/airflow/.local/lib/python3.7/site-packages/airflow/example_dags/example_bash_operator.py
[2023-06-15T12:16:44.903+0000] {processor.py:826} INFO - Processing file /home/airflow/.local/lib/python3.7/site-packages/airflow/example_dags/example_bash_operator.py for tasks to queue
[2023-06-15T12:16:44.905+0000] {logging_mixin.py:149} INFO - [2023-06-15T12:16:44.904+0000] {dagbag.py:541} INFO - Filling up the DagBag from /home/airflow/.local/lib/python3.7/site-packages/airflow/example_dags/example_bash_operator.py
[2023-06-15T12:16:44.927+0000] {processor.py:836} INFO - DAG(s) dict_keys(['example_bash_operator']) retrieved from /home/airflow/.local/lib/python3.7/site-packages/airflow/example_dags/example_bash_operator.py
[2023-06-15T12:16:44.981+0000] {logging_mixin.py:149} INFO - [2023-06-15T12:16:44.980+0000] {dag.py:2726} INFO - Sync 1 DAGs
[2023-06-15T12:16:45.024+0000] {logging_mixin.py:149} INFO - [2023-06-15T12:16:45.023+0000] {dag.py:3490} INFO - Setting next_dagrun for example_bash_operator to 2023-06-14T00:00:00+00:00, run_after=2023-06-15T00:00:00+00:00
[2023-06-15T12:16:45.066+0000] {processor.py:179} INFO - Processing /home/airflow/.local/lib/python3.7/site-packages/airflow/example_dags/example_bash_operator.py took 0.168 seconds
[2023-06-15T12:17:15.709+0000] {processor.py:157} INFO - Started process (PID=1231) to work on /home/airflow/.local/lib/python3.7/site-packages/airflow/example_dags/example_bash_operator.py
[2023-06-15T12:17:15.710+0000] {processor.py:826} INFO - Processing file /home/airflow/.local/lib/python3.7/site-packages/airflow/example_dags/example_bash_operator.py for tasks to queue
[2023-06-15T12:17:15.711+0000] {logging_mixin.py:149} INFO - [2023-06-15T12:17:15.711+0000] {dagbag.py:541} INFO - Filling up the DagBag from /home/airflow/.local/lib/python3.7/site-packages/airflow/example_dags/example_bash_operator.py
[2023-06-15T12:17:15.728+0000] {processor.py:836} INFO - DAG(s) dict_keys(['example_bash_operator']) retrieved from /home/airflow/.local/lib/python3.7/site-packages/airflow/example_dags/example_bash_operator.py
[2023-06-15T12:17:15.784+0000] {logging_mixin.py:149} INFO - [2023-06-15T12:17:15.784+0000] {dag.py:2726} INFO - Sync 1 DAGs
[2023-06-15T12:17:15.822+0000] {logging_mixin.py:149} INFO - [2023-06-15T12:17:15.822+0000] {dag.py:3490} INFO - Setting next_dagrun for example_bash_operator to 2023-06-14T00:00:00+00:00, run_after=2023-06-15T00:00:00+00:00
[2023-06-15T12:17:15.868+0000] {processor.py:179} INFO - Processing /home/airflow/.local/lib/python3.7/site-packages/airflow/example_dags/example_bash_operator.py took 0.162 seconds
[2023-06-15T12:17:46.121+0000] {processor.py:157} INFO - Started process (PID=1308) to work on /home/airflow/.local/lib/python3.7/site-packages/airflow/example_dags/example_bash_operator.py
[2023-06-15T12:17:46.122+0000] {processor.py:826} INFO - Processing file /home/airflow/.local/lib/python3.7/site-packages/airflow/example_dags/example_bash_operator.py for tasks to queue
[2023-06-15T12:17:46.123+0000] {logging_mixin.py:149} INFO - [2023-06-15T12:17:46.123+0000] {dagbag.py:541} INFO - Filling up the DagBag from /home/airflow/.local/lib/python3.7/site-packages/airflow/example_dags/example_bash_operator.py
[2023-06-15T12:17:46.142+0000] {processor.py:836} INFO - DAG(s) dict_keys(['example_bash_operator']) retrieved from /home/airflow/.local/lib/python3.7/site-packages/airflow/example_dags/example_bash_operator.py
[2023-06-15T12:17:46.202+0000] {logging_mixin.py:149} INFO - [2023-06-15T12:17:46.201+0000] {dag.py:2726} INFO - Sync 1 DAGs
[2023-06-15T12:17:46.241+0000] {logging_mixin.py:149} INFO - [2023-06-15T12:17:46.241+0000] {dag.py:3490} INFO - Setting next_dagrun for example_bash_operator to 2023-06-14T00:00:00+00:00, run_after=2023-06-15T00:00:00+00:00
[2023-06-15T12:17:46.272+0000] {processor.py:179} INFO - Processing /home/airflow/.local/lib/python3.7/site-packages/airflow/example_dags/example_bash_operator.py took 0.155 seconds
[2023-06-15T12:18:16.576+0000] {processor.py:157} INFO - Started process (PID=1385) to work on /home/airflow/.local/lib/python3.7/site-packages/airflow/example_dags/example_bash_operator.py
[2023-06-15T12:18:16.577+0000] {processor.py:826} INFO - Processing file /home/airflow/.local/lib/python3.7/site-packages/airflow/example_dags/example_bash_operator.py for tasks to queue
[2023-06-15T12:18:16.578+0000] {logging_mixin.py:149} INFO - [2023-06-15T12:18:16.578+0000] {dagbag.py:541} INFO - Filling up the DagBag from /home/airflow/.local/lib/python3.7/site-packages/airflow/example_dags/example_bash_operator.py
[2023-06-15T12:18:16.601+0000] {processor.py:836} INFO - DAG(s) dict_keys(['example_bash_operator']) retrieved from /home/airflow/.local/lib/python3.7/site-packages/airflow/example_dags/example_bash_operator.py
[2023-06-15T12:18:16.665+0000] {logging_mixin.py:149} INFO - [2023-06-15T12:18:16.664+0000] {dag.py:2726} INFO - Sync 1 DAGs
[2023-06-15T12:18:16.717+0000] {logging_mixin.py:149} INFO - [2023-06-15T12:18:16.717+0000] {dag.py:3490} INFO - Setting next_dagrun for example_bash_operator to 2023-06-14T00:00:00+00:00, run_after=2023-06-15T00:00:00+00:00
[2023-06-15T12:18:16.746+0000] {processor.py:179} INFO - Processing /home/airflow/.local/lib/python3.7/site-packages/airflow/example_dags/example_bash_operator.py took 0.174 seconds
[2023-06-15T12:18:47.138+0000] {processor.py:157} INFO - Started process (PID=1461) to work on /home/airflow/.local/lib/python3.7/site-packages/airflow/example_dags/example_bash_operator.py
[2023-06-15T12:18:47.142+0000] {processor.py:826} INFO - Processing file /home/airflow/.local/lib/python3.7/site-packages/airflow/example_dags/example_bash_operator.py for tasks to queue
[2023-06-15T12:18:47.144+0000] {logging_mixin.py:149} INFO - [2023-06-15T12:18:47.143+0000] {dagbag.py:541} INFO - Filling up the DagBag from /home/airflow/.local/lib/python3.7/site-packages/airflow/example_dags/example_bash_operator.py
[2023-06-15T12:18:47.168+0000] {processor.py:836} INFO - DAG(s) dict_keys(['example_bash_operator']) retrieved from /home/airflow/.local/lib/python3.7/site-packages/airflow/example_dags/example_bash_operator.py
[2023-06-15T12:18:47.227+0000] {logging_mixin.py:149} INFO - [2023-06-15T12:18:47.227+0000] {dag.py:2726} INFO - Sync 1 DAGs
[2023-06-15T12:18:47.264+0000] {logging_mixin.py:149} INFO - [2023-06-15T12:18:47.264+0000] {dag.py:3490} INFO - Setting next_dagrun for example_bash_operator to 2023-06-14T00:00:00+00:00, run_after=2023-06-15T00:00:00+00:00
[2023-06-15T12:18:47.290+0000] {processor.py:179} INFO - Processing /home/airflow/.local/lib/python3.7/site-packages/airflow/example_dags/example_bash_operator.py took 0.159 seconds
[2023-06-15T12:19:18.001+0000] {processor.py:157} INFO - Started process (PID=1526) to work on /home/airflow/.local/lib/python3.7/site-packages/airflow/example_dags/example_bash_operator.py
[2023-06-15T12:19:18.002+0000] {processor.py:826} INFO - Processing file /home/airflow/.local/lib/python3.7/site-packages/airflow/example_dags/example_bash_operator.py for tasks to queue
[2023-06-15T12:19:18.004+0000] {logging_mixin.py:149} INFO - [2023-06-15T12:19:18.004+0000] {dagbag.py:541} INFO - Filling up the DagBag from /home/airflow/.local/lib/python3.7/site-packages/airflow/example_dags/example_bash_operator.py
[2023-06-15T12:19:18.028+0000] {processor.py:836} INFO - DAG(s) dict_keys(['example_bash_operator']) retrieved from /home/airflow/.local/lib/python3.7/site-packages/airflow/example_dags/example_bash_operator.py
[2023-06-15T12:19:18.100+0000] {logging_mixin.py:149} INFO - [2023-06-15T12:19:18.100+0000] {dag.py:2726} INFO - Sync 1 DAGs
[2023-06-15T12:19:18.148+0000] {logging_mixin.py:149} INFO - [2023-06-15T12:19:18.148+0000] {dag.py:3490} INFO - Setting next_dagrun for example_bash_operator to 2023-06-14T00:00:00+00:00, run_after=2023-06-15T00:00:00+00:00
[2023-06-15T12:19:18.184+0000] {processor.py:179} INFO - Processing /home/airflow/.local/lib/python3.7/site-packages/airflow/example_dags/example_bash_operator.py took 0.187 seconds
[2023-06-15T12:19:48.384+0000] {processor.py:157} INFO - Started process (PID=1589) to work on /home/airflow/.local/lib/python3.7/site-packages/airflow/example_dags/example_bash_operator.py
[2023-06-15T12:19:48.385+0000] {processor.py:826} INFO - Processing file /home/airflow/.local/lib/python3.7/site-packages/airflow/example_dags/example_bash_operator.py for tasks to queue
[2023-06-15T12:19:48.386+0000] {logging_mixin.py:149} INFO - [2023-06-15T12:19:48.386+0000] {dagbag.py:541} INFO - Filling up the DagBag from /home/airflow/.local/lib/python3.7/site-packages/airflow/example_dags/example_bash_operator.py
[2023-06-15T12:19:48.407+0000] {processor.py:836} INFO - DAG(s) dict_keys(['example_bash_operator']) retrieved from /home/airflow/.local/lib/python3.7/site-packages/airflow/example_dags/example_bash_operator.py
[2023-06-15T12:19:48.464+0000] {logging_mixin.py:149} INFO - [2023-06-15T12:19:48.464+0000] {dag.py:2726} INFO - Sync 1 DAGs
[2023-06-15T12:19:48.511+0000] {logging_mixin.py:149} INFO - [2023-06-15T12:19:48.510+0000] {dag.py:3490} INFO - Setting next_dagrun for example_bash_operator to 2023-06-14T00:00:00+00:00, run_after=2023-06-15T00:00:00+00:00
[2023-06-15T12:19:48.538+0000] {processor.py:179} INFO - Processing /home/airflow/.local/lib/python3.7/site-packages/airflow/example_dags/example_bash_operator.py took 0.158 seconds
