[2023-06-15T12:09:32.497+0000] {processor.py:157} INFO - Started process (PID=76) to work on /home/airflow/.local/lib/python3.7/site-packages/airflow/example_dags/example_branch_python_dop_operator_3.py
[2023-06-15T12:09:32.498+0000] {processor.py:826} INFO - Processing file /home/airflow/.local/lib/python3.7/site-packages/airflow/example_dags/example_branch_python_dop_operator_3.py for tasks to queue
[2023-06-15T12:09:32.499+0000] {logging_mixin.py:149} INFO - [2023-06-15T12:09:32.499+0000] {dagbag.py:541} INFO - Filling up the DagBag from /home/airflow/.local/lib/python3.7/site-packages/airflow/example_dags/example_branch_python_dop_operator_3.py
[2023-06-15T12:09:32.509+0000] {processor.py:836} INFO - DAG(s) dict_keys(['example_branch_dop_operator_v3']) retrieved from /home/airflow/.local/lib/python3.7/site-packages/airflow/example_dags/example_branch_python_dop_operator_3.py
[2023-06-15T12:09:32.541+0000] {logging_mixin.py:149} INFO - [2023-06-15T12:09:32.541+0000] {dag.py:2726} INFO - Sync 1 DAGs
[2023-06-15T12:09:32.578+0000] {logging_mixin.py:149} INFO - [2023-06-15T12:09:32.578+0000] {dag.py:3490} INFO - Setting next_dagrun for example_branch_dop_operator_v3 to 2023-06-15T12:08:00+00:00, run_after=2023-06-15T12:09:00+00:00
[2023-06-15T12:09:32.604+0000] {processor.py:179} INFO - Processing /home/airflow/.local/lib/python3.7/site-packages/airflow/example_dags/example_branch_python_dop_operator_3.py took 0.110 seconds
[2023-06-15T12:10:03.378+0000] {processor.py:157} INFO - Started process (PID=153) to work on /home/airflow/.local/lib/python3.7/site-packages/airflow/example_dags/example_branch_python_dop_operator_3.py
[2023-06-15T12:10:03.379+0000] {processor.py:826} INFO - Processing file /home/airflow/.local/lib/python3.7/site-packages/airflow/example_dags/example_branch_python_dop_operator_3.py for tasks to queue
[2023-06-15T12:10:03.380+0000] {logging_mixin.py:149} INFO - [2023-06-15T12:10:03.380+0000] {dagbag.py:541} INFO - Filling up the DagBag from /home/airflow/.local/lib/python3.7/site-packages/airflow/example_dags/example_branch_python_dop_operator_3.py
[2023-06-15T12:10:03.391+0000] {processor.py:836} INFO - DAG(s) dict_keys(['example_branch_dop_operator_v3']) retrieved from /home/airflow/.local/lib/python3.7/site-packages/airflow/example_dags/example_branch_python_dop_operator_3.py
[2023-06-15T12:10:03.416+0000] {logging_mixin.py:149} INFO - [2023-06-15T12:10:03.415+0000] {dag.py:2726} INFO - Sync 1 DAGs
[2023-06-15T12:10:03.457+0000] {logging_mixin.py:149} INFO - [2023-06-15T12:10:03.457+0000] {dag.py:3490} INFO - Setting next_dagrun for example_branch_dop_operator_v3 to 2023-06-15T12:09:00+00:00, run_after=2023-06-15T12:10:00+00:00
[2023-06-15T12:10:03.579+0000] {processor.py:179} INFO - Processing /home/airflow/.local/lib/python3.7/site-packages/airflow/example_dags/example_branch_python_dop_operator_3.py took 0.204 seconds
[2023-06-15T12:10:36.090+0000] {processor.py:157} INFO - Started process (PID=230) to work on /home/airflow/.local/lib/python3.7/site-packages/airflow/example_dags/example_branch_python_dop_operator_3.py
[2023-06-15T12:10:36.091+0000] {processor.py:826} INFO - Processing file /home/airflow/.local/lib/python3.7/site-packages/airflow/example_dags/example_branch_python_dop_operator_3.py for tasks to queue
[2023-06-15T12:10:36.093+0000] {logging_mixin.py:149} INFO - [2023-06-15T12:10:36.092+0000] {dagbag.py:541} INFO - Filling up the DagBag from /home/airflow/.local/lib/python3.7/site-packages/airflow/example_dags/example_branch_python_dop_operator_3.py
[2023-06-15T12:10:36.102+0000] {processor.py:836} INFO - DAG(s) dict_keys(['example_branch_dop_operator_v3']) retrieved from /home/airflow/.local/lib/python3.7/site-packages/airflow/example_dags/example_branch_python_dop_operator_3.py
[2023-06-15T12:10:36.248+0000] {logging_mixin.py:149} INFO - [2023-06-15T12:10:36.248+0000] {dag.py:2726} INFO - Sync 1 DAGs
[2023-06-15T12:10:36.289+0000] {logging_mixin.py:149} INFO - [2023-06-15T12:10:36.289+0000] {dag.py:3490} INFO - Setting next_dagrun for example_branch_dop_operator_v3 to 2023-06-15T12:09:00+00:00, run_after=2023-06-15T12:10:00+00:00
[2023-06-15T12:10:36.318+0000] {processor.py:179} INFO - Processing /home/airflow/.local/lib/python3.7/site-packages/airflow/example_dags/example_branch_python_dop_operator_3.py took 0.231 seconds
[2023-06-15T12:11:06.474+0000] {processor.py:157} INFO - Started process (PID=307) to work on /home/airflow/.local/lib/python3.7/site-packages/airflow/example_dags/example_branch_python_dop_operator_3.py
[2023-06-15T12:11:06.475+0000] {processor.py:826} INFO - Processing file /home/airflow/.local/lib/python3.7/site-packages/airflow/example_dags/example_branch_python_dop_operator_3.py for tasks to queue
[2023-06-15T12:11:06.476+0000] {logging_mixin.py:149} INFO - [2023-06-15T12:11:06.476+0000] {dagbag.py:541} INFO - Filling up the DagBag from /home/airflow/.local/lib/python3.7/site-packages/airflow/example_dags/example_branch_python_dop_operator_3.py
[2023-06-15T12:11:06.489+0000] {processor.py:836} INFO - DAG(s) dict_keys(['example_branch_dop_operator_v3']) retrieved from /home/airflow/.local/lib/python3.7/site-packages/airflow/example_dags/example_branch_python_dop_operator_3.py
[2023-06-15T12:11:06.524+0000] {logging_mixin.py:149} INFO - [2023-06-15T12:11:06.524+0000] {dag.py:2726} INFO - Sync 1 DAGs
[2023-06-15T12:11:06.575+0000] {logging_mixin.py:149} INFO - [2023-06-15T12:11:06.575+0000] {dag.py:3490} INFO - Setting next_dagrun for example_branch_dop_operator_v3 to 2023-06-15T12:10:00+00:00, run_after=2023-06-15T12:11:00+00:00
[2023-06-15T12:11:06.624+0000] {processor.py:179} INFO - Processing /home/airflow/.local/lib/python3.7/site-packages/airflow/example_dags/example_branch_python_dop_operator_3.py took 0.154 seconds
[2023-06-15T12:11:37.555+0000] {processor.py:157} INFO - Started process (PID=385) to work on /home/airflow/.local/lib/python3.7/site-packages/airflow/example_dags/example_branch_python_dop_operator_3.py
[2023-06-15T12:11:37.556+0000] {processor.py:826} INFO - Processing file /home/airflow/.local/lib/python3.7/site-packages/airflow/example_dags/example_branch_python_dop_operator_3.py for tasks to queue
[2023-06-15T12:11:37.557+0000] {logging_mixin.py:149} INFO - [2023-06-15T12:11:37.557+0000] {dagbag.py:541} INFO - Filling up the DagBag from /home/airflow/.local/lib/python3.7/site-packages/airflow/example_dags/example_branch_python_dop_operator_3.py
[2023-06-15T12:11:37.569+0000] {processor.py:836} INFO - DAG(s) dict_keys(['example_branch_dop_operator_v3']) retrieved from /home/airflow/.local/lib/python3.7/site-packages/airflow/example_dags/example_branch_python_dop_operator_3.py
[2023-06-15T12:11:37.602+0000] {logging_mixin.py:149} INFO - [2023-06-15T12:11:37.601+0000] {dag.py:2726} INFO - Sync 1 DAGs
[2023-06-15T12:11:37.652+0000] {logging_mixin.py:149} INFO - [2023-06-15T12:11:37.652+0000] {dag.py:3490} INFO - Setting next_dagrun for example_branch_dop_operator_v3 to 2023-06-15T12:10:00+00:00, run_after=2023-06-15T12:11:00+00:00
[2023-06-15T12:11:37.683+0000] {processor.py:179} INFO - Processing /home/airflow/.local/lib/python3.7/site-packages/airflow/example_dags/example_branch_python_dop_operator_3.py took 0.131 seconds
[2023-06-15T12:12:08.293+0000] {processor.py:157} INFO - Started process (PID=462) to work on /home/airflow/.local/lib/python3.7/site-packages/airflow/example_dags/example_branch_python_dop_operator_3.py
[2023-06-15T12:12:08.294+0000] {processor.py:826} INFO - Processing file /home/airflow/.local/lib/python3.7/site-packages/airflow/example_dags/example_branch_python_dop_operator_3.py for tasks to queue
[2023-06-15T12:12:08.295+0000] {logging_mixin.py:149} INFO - [2023-06-15T12:12:08.295+0000] {dagbag.py:541} INFO - Filling up the DagBag from /home/airflow/.local/lib/python3.7/site-packages/airflow/example_dags/example_branch_python_dop_operator_3.py
[2023-06-15T12:12:08.307+0000] {processor.py:836} INFO - DAG(s) dict_keys(['example_branch_dop_operator_v3']) retrieved from /home/airflow/.local/lib/python3.7/site-packages/airflow/example_dags/example_branch_python_dop_operator_3.py
[2023-06-15T12:12:08.345+0000] {logging_mixin.py:149} INFO - [2023-06-15T12:12:08.344+0000] {dag.py:2726} INFO - Sync 1 DAGs
[2023-06-15T12:12:08.415+0000] {logging_mixin.py:149} INFO - [2023-06-15T12:12:08.414+0000] {dag.py:3490} INFO - Setting next_dagrun for example_branch_dop_operator_v3 to 2023-06-15T12:11:00+00:00, run_after=2023-06-15T12:12:00+00:00
[2023-06-15T12:12:08.453+0000] {processor.py:179} INFO - Processing /home/airflow/.local/lib/python3.7/site-packages/airflow/example_dags/example_branch_python_dop_operator_3.py took 0.164 seconds
[2023-06-15T12:12:39.127+0000] {processor.py:157} INFO - Started process (PID=539) to work on /home/airflow/.local/lib/python3.7/site-packages/airflow/example_dags/example_branch_python_dop_operator_3.py
[2023-06-15T12:12:39.128+0000] {processor.py:826} INFO - Processing file /home/airflow/.local/lib/python3.7/site-packages/airflow/example_dags/example_branch_python_dop_operator_3.py for tasks to queue
[2023-06-15T12:12:39.130+0000] {logging_mixin.py:149} INFO - [2023-06-15T12:12:39.129+0000] {dagbag.py:541} INFO - Filling up the DagBag from /home/airflow/.local/lib/python3.7/site-packages/airflow/example_dags/example_branch_python_dop_operator_3.py
[2023-06-15T12:12:39.138+0000] {processor.py:836} INFO - DAG(s) dict_keys(['example_branch_dop_operator_v3']) retrieved from /home/airflow/.local/lib/python3.7/site-packages/airflow/example_dags/example_branch_python_dop_operator_3.py
[2023-06-15T12:12:39.167+0000] {logging_mixin.py:149} INFO - [2023-06-15T12:12:39.167+0000] {dag.py:2726} INFO - Sync 1 DAGs
[2023-06-15T12:12:39.209+0000] {logging_mixin.py:149} INFO - [2023-06-15T12:12:39.209+0000] {dag.py:3490} INFO - Setting next_dagrun for example_branch_dop_operator_v3 to 2023-06-15T12:11:00+00:00, run_after=2023-06-15T12:12:00+00:00
[2023-06-15T12:12:39.237+0000] {processor.py:179} INFO - Processing /home/airflow/.local/lib/python3.7/site-packages/airflow/example_dags/example_branch_python_dop_operator_3.py took 0.113 seconds
[2023-06-15T12:13:09.770+0000] {processor.py:157} INFO - Started process (PID=616) to work on /home/airflow/.local/lib/python3.7/site-packages/airflow/example_dags/example_branch_python_dop_operator_3.py
[2023-06-15T12:13:09.771+0000] {processor.py:826} INFO - Processing file /home/airflow/.local/lib/python3.7/site-packages/airflow/example_dags/example_branch_python_dop_operator_3.py for tasks to queue
[2023-06-15T12:13:09.772+0000] {logging_mixin.py:149} INFO - [2023-06-15T12:13:09.772+0000] {dagbag.py:541} INFO - Filling up the DagBag from /home/airflow/.local/lib/python3.7/site-packages/airflow/example_dags/example_branch_python_dop_operator_3.py
[2023-06-15T12:13:09.782+0000] {processor.py:836} INFO - DAG(s) dict_keys(['example_branch_dop_operator_v3']) retrieved from /home/airflow/.local/lib/python3.7/site-packages/airflow/example_dags/example_branch_python_dop_operator_3.py
[2023-06-15T12:13:09.814+0000] {logging_mixin.py:149} INFO - [2023-06-15T12:13:09.814+0000] {dag.py:2726} INFO - Sync 1 DAGs
[2023-06-15T12:13:09.863+0000] {logging_mixin.py:149} INFO - [2023-06-15T12:13:09.863+0000] {dag.py:3490} INFO - Setting next_dagrun for example_branch_dop_operator_v3 to 2023-06-15T12:12:00+00:00, run_after=2023-06-15T12:13:00+00:00
[2023-06-15T12:13:09.895+0000] {processor.py:179} INFO - Processing /home/airflow/.local/lib/python3.7/site-packages/airflow/example_dags/example_branch_python_dop_operator_3.py took 0.128 seconds
[2023-06-15T12:13:40.335+0000] {processor.py:157} INFO - Started process (PID=693) to work on /home/airflow/.local/lib/python3.7/site-packages/airflow/example_dags/example_branch_python_dop_operator_3.py
[2023-06-15T12:13:40.336+0000] {processor.py:826} INFO - Processing file /home/airflow/.local/lib/python3.7/site-packages/airflow/example_dags/example_branch_python_dop_operator_3.py for tasks to queue
[2023-06-15T12:13:40.337+0000] {logging_mixin.py:149} INFO - [2023-06-15T12:13:40.337+0000] {dagbag.py:541} INFO - Filling up the DagBag from /home/airflow/.local/lib/python3.7/site-packages/airflow/example_dags/example_branch_python_dop_operator_3.py
[2023-06-15T12:13:40.347+0000] {processor.py:836} INFO - DAG(s) dict_keys(['example_branch_dop_operator_v3']) retrieved from /home/airflow/.local/lib/python3.7/site-packages/airflow/example_dags/example_branch_python_dop_operator_3.py
[2023-06-15T12:13:40.381+0000] {logging_mixin.py:149} INFO - [2023-06-15T12:13:40.381+0000] {dag.py:2726} INFO - Sync 1 DAGs
[2023-06-15T12:13:40.432+0000] {logging_mixin.py:149} INFO - [2023-06-15T12:13:40.432+0000] {dag.py:3490} INFO - Setting next_dagrun for example_branch_dop_operator_v3 to 2023-06-15T12:12:00+00:00, run_after=2023-06-15T12:13:00+00:00
[2023-06-15T12:13:40.465+0000] {processor.py:179} INFO - Processing /home/airflow/.local/lib/python3.7/site-packages/airflow/example_dags/example_branch_python_dop_operator_3.py took 0.133 seconds
[2023-06-15T12:14:11.453+0000] {processor.py:157} INFO - Started process (PID=770) to work on /home/airflow/.local/lib/python3.7/site-packages/airflow/example_dags/example_branch_python_dop_operator_3.py
[2023-06-15T12:14:11.454+0000] {processor.py:826} INFO - Processing file /home/airflow/.local/lib/python3.7/site-packages/airflow/example_dags/example_branch_python_dop_operator_3.py for tasks to queue
[2023-06-15T12:14:11.455+0000] {logging_mixin.py:149} INFO - [2023-06-15T12:14:11.455+0000] {dagbag.py:541} INFO - Filling up the DagBag from /home/airflow/.local/lib/python3.7/site-packages/airflow/example_dags/example_branch_python_dop_operator_3.py
[2023-06-15T12:14:11.465+0000] {processor.py:836} INFO - DAG(s) dict_keys(['example_branch_dop_operator_v3']) retrieved from /home/airflow/.local/lib/python3.7/site-packages/airflow/example_dags/example_branch_python_dop_operator_3.py
[2023-06-15T12:14:11.502+0000] {logging_mixin.py:149} INFO - [2023-06-15T12:14:11.502+0000] {dag.py:2726} INFO - Sync 1 DAGs
[2023-06-15T12:14:11.561+0000] {logging_mixin.py:149} INFO - [2023-06-15T12:14:11.561+0000] {dag.py:3490} INFO - Setting next_dagrun for example_branch_dop_operator_v3 to 2023-06-15T12:13:00+00:00, run_after=2023-06-15T12:14:00+00:00
[2023-06-15T12:14:11.614+0000] {processor.py:179} INFO - Processing /home/airflow/.local/lib/python3.7/site-packages/airflow/example_dags/example_branch_python_dop_operator_3.py took 0.165 seconds
[2023-06-15T12:14:41.709+0000] {processor.py:157} INFO - Started process (PID=847) to work on /home/airflow/.local/lib/python3.7/site-packages/airflow/example_dags/example_branch_python_dop_operator_3.py
[2023-06-15T12:14:41.710+0000] {processor.py:826} INFO - Processing file /home/airflow/.local/lib/python3.7/site-packages/airflow/example_dags/example_branch_python_dop_operator_3.py for tasks to queue
[2023-06-15T12:14:41.711+0000] {logging_mixin.py:149} INFO - [2023-06-15T12:14:41.711+0000] {dagbag.py:541} INFO - Filling up the DagBag from /home/airflow/.local/lib/python3.7/site-packages/airflow/example_dags/example_branch_python_dop_operator_3.py
[2023-06-15T12:14:41.720+0000] {processor.py:836} INFO - DAG(s) dict_keys(['example_branch_dop_operator_v3']) retrieved from /home/airflow/.local/lib/python3.7/site-packages/airflow/example_dags/example_branch_python_dop_operator_3.py
[2023-06-15T12:14:41.750+0000] {logging_mixin.py:149} INFO - [2023-06-15T12:14:41.750+0000] {dag.py:2726} INFO - Sync 1 DAGs
[2023-06-15T12:14:41.798+0000] {logging_mixin.py:149} INFO - [2023-06-15T12:14:41.797+0000] {dag.py:3490} INFO - Setting next_dagrun for example_branch_dop_operator_v3 to 2023-06-15T12:13:00+00:00, run_after=2023-06-15T12:14:00+00:00
[2023-06-15T12:14:41.827+0000] {processor.py:179} INFO - Processing /home/airflow/.local/lib/python3.7/site-packages/airflow/example_dags/example_branch_python_dop_operator_3.py took 0.122 seconds
[2023-06-15T12:15:12.671+0000] {processor.py:157} INFO - Started process (PID=925) to work on /home/airflow/.local/lib/python3.7/site-packages/airflow/example_dags/example_branch_python_dop_operator_3.py
[2023-06-15T12:15:12.672+0000] {processor.py:826} INFO - Processing file /home/airflow/.local/lib/python3.7/site-packages/airflow/example_dags/example_branch_python_dop_operator_3.py for tasks to queue
[2023-06-15T12:15:12.673+0000] {logging_mixin.py:149} INFO - [2023-06-15T12:15:12.673+0000] {dagbag.py:541} INFO - Filling up the DagBag from /home/airflow/.local/lib/python3.7/site-packages/airflow/example_dags/example_branch_python_dop_operator_3.py
[2023-06-15T12:15:12.682+0000] {processor.py:836} INFO - DAG(s) dict_keys(['example_branch_dop_operator_v3']) retrieved from /home/airflow/.local/lib/python3.7/site-packages/airflow/example_dags/example_branch_python_dop_operator_3.py
[2023-06-15T12:15:12.716+0000] {logging_mixin.py:149} INFO - [2023-06-15T12:15:12.716+0000] {dag.py:2726} INFO - Sync 1 DAGs
[2023-06-15T12:15:12.756+0000] {logging_mixin.py:149} INFO - [2023-06-15T12:15:12.756+0000] {dag.py:3490} INFO - Setting next_dagrun for example_branch_dop_operator_v3 to 2023-06-15T12:14:00+00:00, run_after=2023-06-15T12:15:00+00:00
[2023-06-15T12:15:12.798+0000] {processor.py:179} INFO - Processing /home/airflow/.local/lib/python3.7/site-packages/airflow/example_dags/example_branch_python_dop_operator_3.py took 0.130 seconds
[2023-06-15T12:15:42.935+0000] {processor.py:157} INFO - Started process (PID=1002) to work on /home/airflow/.local/lib/python3.7/site-packages/airflow/example_dags/example_branch_python_dop_operator_3.py
[2023-06-15T12:15:42.936+0000] {processor.py:826} INFO - Processing file /home/airflow/.local/lib/python3.7/site-packages/airflow/example_dags/example_branch_python_dop_operator_3.py for tasks to queue
[2023-06-15T12:15:42.938+0000] {logging_mixin.py:149} INFO - [2023-06-15T12:15:42.937+0000] {dagbag.py:541} INFO - Filling up the DagBag from /home/airflow/.local/lib/python3.7/site-packages/airflow/example_dags/example_branch_python_dop_operator_3.py
[2023-06-15T12:15:42.950+0000] {processor.py:836} INFO - DAG(s) dict_keys(['example_branch_dop_operator_v3']) retrieved from /home/airflow/.local/lib/python3.7/site-packages/airflow/example_dags/example_branch_python_dop_operator_3.py
[2023-06-15T12:15:42.983+0000] {logging_mixin.py:149} INFO - [2023-06-15T12:15:42.983+0000] {dag.py:2726} INFO - Sync 1 DAGs
[2023-06-15T12:15:43.041+0000] {logging_mixin.py:149} INFO - [2023-06-15T12:15:43.041+0000] {dag.py:3490} INFO - Setting next_dagrun for example_branch_dop_operator_v3 to 2023-06-15T12:14:00+00:00, run_after=2023-06-15T12:15:00+00:00
[2023-06-15T12:15:43.071+0000] {processor.py:179} INFO - Processing /home/airflow/.local/lib/python3.7/site-packages/airflow/example_dags/example_branch_python_dop_operator_3.py took 0.139 seconds
[2023-06-15T12:16:14.466+0000] {processor.py:157} INFO - Started process (PID=1080) to work on /home/airflow/.local/lib/python3.7/site-packages/airflow/example_dags/example_branch_python_dop_operator_3.py
[2023-06-15T12:16:14.467+0000] {processor.py:826} INFO - Processing file /home/airflow/.local/lib/python3.7/site-packages/airflow/example_dags/example_branch_python_dop_operator_3.py for tasks to queue
[2023-06-15T12:16:14.468+0000] {logging_mixin.py:149} INFO - [2023-06-15T12:16:14.468+0000] {dagbag.py:541} INFO - Filling up the DagBag from /home/airflow/.local/lib/python3.7/site-packages/airflow/example_dags/example_branch_python_dop_operator_3.py
[2023-06-15T12:16:14.478+0000] {processor.py:836} INFO - DAG(s) dict_keys(['example_branch_dop_operator_v3']) retrieved from /home/airflow/.local/lib/python3.7/site-packages/airflow/example_dags/example_branch_python_dop_operator_3.py
[2023-06-15T12:16:14.512+0000] {logging_mixin.py:149} INFO - [2023-06-15T12:16:14.512+0000] {dag.py:2726} INFO - Sync 1 DAGs
[2023-06-15T12:16:14.556+0000] {logging_mixin.py:149} INFO - [2023-06-15T12:16:14.556+0000] {dag.py:3490} INFO - Setting next_dagrun for example_branch_dop_operator_v3 to 2023-06-15T12:15:00+00:00, run_after=2023-06-15T12:16:00+00:00
[2023-06-15T12:16:14.596+0000] {processor.py:179} INFO - Processing /home/airflow/.local/lib/python3.7/site-packages/airflow/example_dags/example_branch_python_dop_operator_3.py took 0.133 seconds
[2023-06-15T12:16:45.274+0000] {processor.py:157} INFO - Started process (PID=1157) to work on /home/airflow/.local/lib/python3.7/site-packages/airflow/example_dags/example_branch_python_dop_operator_3.py
[2023-06-15T12:16:45.275+0000] {processor.py:826} INFO - Processing file /home/airflow/.local/lib/python3.7/site-packages/airflow/example_dags/example_branch_python_dop_operator_3.py for tasks to queue
[2023-06-15T12:16:45.276+0000] {logging_mixin.py:149} INFO - [2023-06-15T12:16:45.276+0000] {dagbag.py:541} INFO - Filling up the DagBag from /home/airflow/.local/lib/python3.7/site-packages/airflow/example_dags/example_branch_python_dop_operator_3.py
[2023-06-15T12:16:45.288+0000] {processor.py:836} INFO - DAG(s) dict_keys(['example_branch_dop_operator_v3']) retrieved from /home/airflow/.local/lib/python3.7/site-packages/airflow/example_dags/example_branch_python_dop_operator_3.py
[2023-06-15T12:16:45.317+0000] {logging_mixin.py:149} INFO - [2023-06-15T12:16:45.317+0000] {dag.py:2726} INFO - Sync 1 DAGs
[2023-06-15T12:16:45.359+0000] {logging_mixin.py:149} INFO - [2023-06-15T12:16:45.359+0000] {dag.py:3490} INFO - Setting next_dagrun for example_branch_dop_operator_v3 to 2023-06-15T12:15:00+00:00, run_after=2023-06-15T12:16:00+00:00
[2023-06-15T12:16:45.395+0000] {processor.py:179} INFO - Processing /home/airflow/.local/lib/python3.7/site-packages/airflow/example_dags/example_branch_python_dop_operator_3.py took 0.126 seconds
[2023-06-15T12:17:16.125+0000] {processor.py:157} INFO - Started process (PID=1234) to work on /home/airflow/.local/lib/python3.7/site-packages/airflow/example_dags/example_branch_python_dop_operator_3.py
[2023-06-15T12:17:16.126+0000] {processor.py:826} INFO - Processing file /home/airflow/.local/lib/python3.7/site-packages/airflow/example_dags/example_branch_python_dop_operator_3.py for tasks to queue
[2023-06-15T12:17:16.128+0000] {logging_mixin.py:149} INFO - [2023-06-15T12:17:16.128+0000] {dagbag.py:541} INFO - Filling up the DagBag from /home/airflow/.local/lib/python3.7/site-packages/airflow/example_dags/example_branch_python_dop_operator_3.py
[2023-06-15T12:17:16.138+0000] {processor.py:836} INFO - DAG(s) dict_keys(['example_branch_dop_operator_v3']) retrieved from /home/airflow/.local/lib/python3.7/site-packages/airflow/example_dags/example_branch_python_dop_operator_3.py
[2023-06-15T12:17:16.171+0000] {logging_mixin.py:149} INFO - [2023-06-15T12:17:16.171+0000] {dag.py:2726} INFO - Sync 1 DAGs
[2023-06-15T12:17:16.216+0000] {logging_mixin.py:149} INFO - [2023-06-15T12:17:16.216+0000] {dag.py:3490} INFO - Setting next_dagrun for example_branch_dop_operator_v3 to 2023-06-15T12:16:00+00:00, run_after=2023-06-15T12:17:00+00:00
[2023-06-15T12:17:16.263+0000] {processor.py:179} INFO - Processing /home/airflow/.local/lib/python3.7/site-packages/airflow/example_dags/example_branch_python_dop_operator_3.py took 0.141 seconds
[2023-06-15T12:17:46.547+0000] {processor.py:157} INFO - Started process (PID=1311) to work on /home/airflow/.local/lib/python3.7/site-packages/airflow/example_dags/example_branch_python_dop_operator_3.py
[2023-06-15T12:17:46.548+0000] {processor.py:826} INFO - Processing file /home/airflow/.local/lib/python3.7/site-packages/airflow/example_dags/example_branch_python_dop_operator_3.py for tasks to queue
[2023-06-15T12:17:46.549+0000] {logging_mixin.py:149} INFO - [2023-06-15T12:17:46.549+0000] {dagbag.py:541} INFO - Filling up the DagBag from /home/airflow/.local/lib/python3.7/site-packages/airflow/example_dags/example_branch_python_dop_operator_3.py
[2023-06-15T12:17:46.558+0000] {processor.py:836} INFO - DAG(s) dict_keys(['example_branch_dop_operator_v3']) retrieved from /home/airflow/.local/lib/python3.7/site-packages/airflow/example_dags/example_branch_python_dop_operator_3.py
[2023-06-15T12:17:46.591+0000] {logging_mixin.py:149} INFO - [2023-06-15T12:17:46.591+0000] {dag.py:2726} INFO - Sync 1 DAGs
[2023-06-15T12:17:46.635+0000] {logging_mixin.py:149} INFO - [2023-06-15T12:17:46.634+0000] {dag.py:3490} INFO - Setting next_dagrun for example_branch_dop_operator_v3 to 2023-06-15T12:16:00+00:00, run_after=2023-06-15T12:17:00+00:00
[2023-06-15T12:17:46.663+0000] {processor.py:179} INFO - Processing /home/airflow/.local/lib/python3.7/site-packages/airflow/example_dags/example_branch_python_dop_operator_3.py took 0.120 seconds
[2023-06-15T12:18:16.909+0000] {processor.py:157} INFO - Started process (PID=1388) to work on /home/airflow/.local/lib/python3.7/site-packages/airflow/example_dags/example_branch_python_dop_operator_3.py
[2023-06-15T12:18:16.910+0000] {processor.py:826} INFO - Processing file /home/airflow/.local/lib/python3.7/site-packages/airflow/example_dags/example_branch_python_dop_operator_3.py for tasks to queue
[2023-06-15T12:18:16.911+0000] {logging_mixin.py:149} INFO - [2023-06-15T12:18:16.911+0000] {dagbag.py:541} INFO - Filling up the DagBag from /home/airflow/.local/lib/python3.7/site-packages/airflow/example_dags/example_branch_python_dop_operator_3.py
[2023-06-15T12:18:16.924+0000] {processor.py:836} INFO - DAG(s) dict_keys(['example_branch_dop_operator_v3']) retrieved from /home/airflow/.local/lib/python3.7/site-packages/airflow/example_dags/example_branch_python_dop_operator_3.py
[2023-06-15T12:18:16.957+0000] {logging_mixin.py:149} INFO - [2023-06-15T12:18:16.957+0000] {dag.py:2726} INFO - Sync 1 DAGs
[2023-06-15T12:18:17.010+0000] {logging_mixin.py:149} INFO - [2023-06-15T12:18:17.010+0000] {dag.py:3490} INFO - Setting next_dagrun for example_branch_dop_operator_v3 to 2023-06-15T12:17:00+00:00, run_after=2023-06-15T12:18:00+00:00
[2023-06-15T12:18:17.041+0000] {processor.py:179} INFO - Processing /home/airflow/.local/lib/python3.7/site-packages/airflow/example_dags/example_branch_python_dop_operator_3.py took 0.137 seconds
[2023-06-15T12:18:47.696+0000] {processor.py:157} INFO - Started process (PID=1465) to work on /home/airflow/.local/lib/python3.7/site-packages/airflow/example_dags/example_branch_python_dop_operator_3.py
[2023-06-15T12:18:47.697+0000] {processor.py:826} INFO - Processing file /home/airflow/.local/lib/python3.7/site-packages/airflow/example_dags/example_branch_python_dop_operator_3.py for tasks to queue
[2023-06-15T12:18:47.698+0000] {logging_mixin.py:149} INFO - [2023-06-15T12:18:47.698+0000] {dagbag.py:541} INFO - Filling up the DagBag from /home/airflow/.local/lib/python3.7/site-packages/airflow/example_dags/example_branch_python_dop_operator_3.py
[2023-06-15T12:18:47.711+0000] {processor.py:836} INFO - DAG(s) dict_keys(['example_branch_dop_operator_v3']) retrieved from /home/airflow/.local/lib/python3.7/site-packages/airflow/example_dags/example_branch_python_dop_operator_3.py
[2023-06-15T12:18:47.747+0000] {logging_mixin.py:149} INFO - [2023-06-15T12:18:47.747+0000] {dag.py:2726} INFO - Sync 1 DAGs
[2023-06-15T12:18:47.800+0000] {logging_mixin.py:149} INFO - [2023-06-15T12:18:47.799+0000] {dag.py:3490} INFO - Setting next_dagrun for example_branch_dop_operator_v3 to 2023-06-15T12:17:00+00:00, run_after=2023-06-15T12:18:00+00:00
[2023-06-15T12:18:47.844+0000] {processor.py:179} INFO - Processing /home/airflow/.local/lib/python3.7/site-packages/airflow/example_dags/example_branch_python_dop_operator_3.py took 0.153 seconds
[2023-06-15T12:19:18.362+0000] {processor.py:157} INFO - Started process (PID=1529) to work on /home/airflow/.local/lib/python3.7/site-packages/airflow/example_dags/example_branch_python_dop_operator_3.py
[2023-06-15T12:19:18.363+0000] {processor.py:826} INFO - Processing file /home/airflow/.local/lib/python3.7/site-packages/airflow/example_dags/example_branch_python_dop_operator_3.py for tasks to queue
[2023-06-15T12:19:18.364+0000] {logging_mixin.py:149} INFO - [2023-06-15T12:19:18.364+0000] {dagbag.py:541} INFO - Filling up the DagBag from /home/airflow/.local/lib/python3.7/site-packages/airflow/example_dags/example_branch_python_dop_operator_3.py
[2023-06-15T12:19:18.374+0000] {processor.py:836} INFO - DAG(s) dict_keys(['example_branch_dop_operator_v3']) retrieved from /home/airflow/.local/lib/python3.7/site-packages/airflow/example_dags/example_branch_python_dop_operator_3.py
[2023-06-15T12:19:18.404+0000] {logging_mixin.py:149} INFO - [2023-06-15T12:19:18.403+0000] {dag.py:2726} INFO - Sync 1 DAGs
[2023-06-15T12:19:18.448+0000] {logging_mixin.py:149} INFO - [2023-06-15T12:19:18.448+0000] {dag.py:3490} INFO - Setting next_dagrun for example_branch_dop_operator_v3 to 2023-06-15T12:18:00+00:00, run_after=2023-06-15T12:19:00+00:00
[2023-06-15T12:19:18.478+0000] {processor.py:179} INFO - Processing /home/airflow/.local/lib/python3.7/site-packages/airflow/example_dags/example_branch_python_dop_operator_3.py took 0.120 seconds
[2023-06-15T12:19:48.773+0000] {processor.py:157} INFO - Started process (PID=1592) to work on /home/airflow/.local/lib/python3.7/site-packages/airflow/example_dags/example_branch_python_dop_operator_3.py
[2023-06-15T12:19:48.774+0000] {processor.py:826} INFO - Processing file /home/airflow/.local/lib/python3.7/site-packages/airflow/example_dags/example_branch_python_dop_operator_3.py for tasks to queue
[2023-06-15T12:19:48.775+0000] {logging_mixin.py:149} INFO - [2023-06-15T12:19:48.775+0000] {dagbag.py:541} INFO - Filling up the DagBag from /home/airflow/.local/lib/python3.7/site-packages/airflow/example_dags/example_branch_python_dop_operator_3.py
[2023-06-15T12:19:48.787+0000] {processor.py:836} INFO - DAG(s) dict_keys(['example_branch_dop_operator_v3']) retrieved from /home/airflow/.local/lib/python3.7/site-packages/airflow/example_dags/example_branch_python_dop_operator_3.py
[2023-06-15T12:19:48.820+0000] {logging_mixin.py:149} INFO - [2023-06-15T12:19:48.820+0000] {dag.py:2726} INFO - Sync 1 DAGs
[2023-06-15T12:19:48.872+0000] {logging_mixin.py:149} INFO - [2023-06-15T12:19:48.872+0000] {dag.py:3490} INFO - Setting next_dagrun for example_branch_dop_operator_v3 to 2023-06-15T12:18:00+00:00, run_after=2023-06-15T12:19:00+00:00
[2023-06-15T12:19:48.899+0000] {processor.py:179} INFO - Processing /home/airflow/.local/lib/python3.7/site-packages/airflow/example_dags/example_branch_python_dop_operator_3.py took 0.129 seconds
