[2023-06-15T12:09:31.956+0000] {processor.py:157} INFO - Started process (PID=69) to work on /home/airflow/.local/lib/python3.7/site-packages/airflow/example_dags/example_sla_dag.py
[2023-06-15T12:09:31.957+0000] {processor.py:826} INFO - Processing file /home/airflow/.local/lib/python3.7/site-packages/airflow/example_dags/example_sla_dag.py for tasks to queue
[2023-06-15T12:09:31.959+0000] {logging_mixin.py:149} INFO - [2023-06-15T12:09:31.958+0000] {dagbag.py:541} INFO - Filling up the DagBag from /home/airflow/.local/lib/python3.7/site-packages/airflow/example_dags/example_sla_dag.py
[2023-06-15T12:09:31.969+0000] {processor.py:836} INFO - DAG(s) dict_keys(['example_sla_dag']) retrieved from /home/airflow/.local/lib/python3.7/site-packages/airflow/example_dags/example_sla_dag.py
[2023-06-15T12:09:32.006+0000] {logging_mixin.py:149} INFO - [2023-06-15T12:09:32.006+0000] {dag.py:2726} INFO - Sync 1 DAGs
[2023-06-15T12:09:32.067+0000] {logging_mixin.py:149} INFO - [2023-06-15T12:09:32.066+0000] {dag.py:3490} INFO - Setting next_dagrun for example_sla_dag to 2023-06-15T12:06:00+00:00, run_after=2023-06-15T12:08:00+00:00
[2023-06-15T12:09:32.098+0000] {processor.py:179} INFO - Processing /home/airflow/.local/lib/python3.7/site-packages/airflow/example_dags/example_sla_dag.py took 0.146 seconds
[2023-06-15T12:10:02.631+0000] {processor.py:157} INFO - Started process (PID=146) to work on /home/airflow/.local/lib/python3.7/site-packages/airflow/example_dags/example_sla_dag.py
[2023-06-15T12:10:02.632+0000] {processor.py:826} INFO - Processing file /home/airflow/.local/lib/python3.7/site-packages/airflow/example_dags/example_sla_dag.py for tasks to queue
[2023-06-15T12:10:02.633+0000] {logging_mixin.py:149} INFO - [2023-06-15T12:10:02.632+0000] {dagbag.py:541} INFO - Filling up the DagBag from /home/airflow/.local/lib/python3.7/site-packages/airflow/example_dags/example_sla_dag.py
[2023-06-15T12:10:02.639+0000] {processor.py:836} INFO - DAG(s) dict_keys(['example_sla_dag']) retrieved from /home/airflow/.local/lib/python3.7/site-packages/airflow/example_dags/example_sla_dag.py
[2023-06-15T12:10:02.663+0000] {logging_mixin.py:149} INFO - [2023-06-15T12:10:02.663+0000] {dag.py:2726} INFO - Sync 1 DAGs
[2023-06-15T12:10:02.698+0000] {logging_mixin.py:149} INFO - [2023-06-15T12:10:02.698+0000] {dag.py:3490} INFO - Setting next_dagrun for example_sla_dag to 2023-06-15T12:08:00+00:00, run_after=2023-06-15T12:10:00+00:00
[2023-06-15T12:10:02.830+0000] {processor.py:179} INFO - Processing /home/airflow/.local/lib/python3.7/site-packages/airflow/example_dags/example_sla_dag.py took 0.201 seconds
[2023-06-15T12:10:35.182+0000] {processor.py:157} INFO - Started process (PID=223) to work on /home/airflow/.local/lib/python3.7/site-packages/airflow/example_dags/example_sla_dag.py
[2023-06-15T12:10:35.183+0000] {processor.py:826} INFO - Processing file /home/airflow/.local/lib/python3.7/site-packages/airflow/example_dags/example_sla_dag.py for tasks to queue
[2023-06-15T12:10:35.184+0000] {logging_mixin.py:149} INFO - [2023-06-15T12:10:35.184+0000] {dagbag.py:541} INFO - Filling up the DagBag from /home/airflow/.local/lib/python3.7/site-packages/airflow/example_dags/example_sla_dag.py
[2023-06-15T12:10:35.194+0000] {processor.py:836} INFO - DAG(s) dict_keys(['example_sla_dag']) retrieved from /home/airflow/.local/lib/python3.7/site-packages/airflow/example_dags/example_sla_dag.py
[2023-06-15T12:10:35.335+0000] {logging_mixin.py:149} INFO - [2023-06-15T12:10:35.335+0000] {dag.py:2726} INFO - Sync 1 DAGs
[2023-06-15T12:10:35.377+0000] {logging_mixin.py:149} INFO - [2023-06-15T12:10:35.377+0000] {dag.py:3490} INFO - Setting next_dagrun for example_sla_dag to 2023-06-15T12:08:00+00:00, run_after=2023-06-15T12:10:00+00:00
[2023-06-15T12:10:35.421+0000] {processor.py:179} INFO - Processing /home/airflow/.local/lib/python3.7/site-packages/airflow/example_dags/example_sla_dag.py took 0.243 seconds
[2023-06-15T12:11:05.474+0000] {processor.py:157} INFO - Started process (PID=300) to work on /home/airflow/.local/lib/python3.7/site-packages/airflow/example_dags/example_sla_dag.py
[2023-06-15T12:11:05.475+0000] {processor.py:826} INFO - Processing file /home/airflow/.local/lib/python3.7/site-packages/airflow/example_dags/example_sla_dag.py for tasks to queue
[2023-06-15T12:11:05.476+0000] {logging_mixin.py:149} INFO - [2023-06-15T12:11:05.476+0000] {dagbag.py:541} INFO - Filling up the DagBag from /home/airflow/.local/lib/python3.7/site-packages/airflow/example_dags/example_sla_dag.py
[2023-06-15T12:11:05.485+0000] {processor.py:836} INFO - DAG(s) dict_keys(['example_sla_dag']) retrieved from /home/airflow/.local/lib/python3.7/site-packages/airflow/example_dags/example_sla_dag.py
[2023-06-15T12:11:05.517+0000] {logging_mixin.py:149} INFO - [2023-06-15T12:11:05.516+0000] {dag.py:2726} INFO - Sync 1 DAGs
[2023-06-15T12:11:05.571+0000] {logging_mixin.py:149} INFO - [2023-06-15T12:11:05.571+0000] {dag.py:3490} INFO - Setting next_dagrun for example_sla_dag to 2023-06-15T12:08:00+00:00, run_after=2023-06-15T12:10:00+00:00
[2023-06-15T12:11:05.598+0000] {processor.py:179} INFO - Processing /home/airflow/.local/lib/python3.7/site-packages/airflow/example_dags/example_sla_dag.py took 0.127 seconds
[2023-06-15T12:11:35.825+0000] {processor.py:157} INFO - Started process (PID=378) to work on /home/airflow/.local/lib/python3.7/site-packages/airflow/example_dags/example_sla_dag.py
[2023-06-15T12:11:35.826+0000] {processor.py:826} INFO - Processing file /home/airflow/.local/lib/python3.7/site-packages/airflow/example_dags/example_sla_dag.py for tasks to queue
[2023-06-15T12:11:35.827+0000] {logging_mixin.py:149} INFO - [2023-06-15T12:11:35.827+0000] {dagbag.py:541} INFO - Filling up the DagBag from /home/airflow/.local/lib/python3.7/site-packages/airflow/example_dags/example_sla_dag.py
[2023-06-15T12:11:35.834+0000] {processor.py:836} INFO - DAG(s) dict_keys(['example_sla_dag']) retrieved from /home/airflow/.local/lib/python3.7/site-packages/airflow/example_dags/example_sla_dag.py
[2023-06-15T12:11:35.858+0000] {logging_mixin.py:149} INFO - [2023-06-15T12:11:35.857+0000] {dag.py:2726} INFO - Sync 1 DAGs
[2023-06-15T12:11:35.889+0000] {logging_mixin.py:149} INFO - [2023-06-15T12:11:35.889+0000] {dag.py:3490} INFO - Setting next_dagrun for example_sla_dag to 2023-06-15T12:08:00+00:00, run_after=2023-06-15T12:10:00+00:00
[2023-06-15T12:11:35.913+0000] {processor.py:179} INFO - Processing /home/airflow/.local/lib/python3.7/site-packages/airflow/example_dags/example_sla_dag.py took 0.090 seconds
[2023-06-15T12:12:06.745+0000] {processor.py:157} INFO - Started process (PID=455) to work on /home/airflow/.local/lib/python3.7/site-packages/airflow/example_dags/example_sla_dag.py
[2023-06-15T12:12:06.746+0000] {processor.py:826} INFO - Processing file /home/airflow/.local/lib/python3.7/site-packages/airflow/example_dags/example_sla_dag.py for tasks to queue
[2023-06-15T12:12:06.747+0000] {logging_mixin.py:149} INFO - [2023-06-15T12:12:06.747+0000] {dagbag.py:541} INFO - Filling up the DagBag from /home/airflow/.local/lib/python3.7/site-packages/airflow/example_dags/example_sla_dag.py
[2023-06-15T12:12:06.757+0000] {processor.py:836} INFO - DAG(s) dict_keys(['example_sla_dag']) retrieved from /home/airflow/.local/lib/python3.7/site-packages/airflow/example_dags/example_sla_dag.py
[2023-06-15T12:12:06.780+0000] {logging_mixin.py:149} INFO - [2023-06-15T12:12:06.780+0000] {dag.py:2726} INFO - Sync 1 DAGs
[2023-06-15T12:12:06.811+0000] {logging_mixin.py:149} INFO - [2023-06-15T12:12:06.811+0000] {dag.py:3490} INFO - Setting next_dagrun for example_sla_dag to 2023-06-15T12:10:00+00:00, run_after=2023-06-15T12:12:00+00:00
[2023-06-15T12:12:06.835+0000] {processor.py:179} INFO - Processing /home/airflow/.local/lib/python3.7/site-packages/airflow/example_dags/example_sla_dag.py took 0.094 seconds
[2023-06-15T12:12:37.567+0000] {processor.py:157} INFO - Started process (PID=532) to work on /home/airflow/.local/lib/python3.7/site-packages/airflow/example_dags/example_sla_dag.py
[2023-06-15T12:12:37.568+0000] {processor.py:826} INFO - Processing file /home/airflow/.local/lib/python3.7/site-packages/airflow/example_dags/example_sla_dag.py for tasks to queue
[2023-06-15T12:12:37.569+0000] {logging_mixin.py:149} INFO - [2023-06-15T12:12:37.569+0000] {dagbag.py:541} INFO - Filling up the DagBag from /home/airflow/.local/lib/python3.7/site-packages/airflow/example_dags/example_sla_dag.py
[2023-06-15T12:12:37.577+0000] {processor.py:836} INFO - DAG(s) dict_keys(['example_sla_dag']) retrieved from /home/airflow/.local/lib/python3.7/site-packages/airflow/example_dags/example_sla_dag.py
[2023-06-15T12:12:37.607+0000] {logging_mixin.py:149} INFO - [2023-06-15T12:12:37.607+0000] {dag.py:2726} INFO - Sync 1 DAGs
[2023-06-15T12:12:37.643+0000] {logging_mixin.py:149} INFO - [2023-06-15T12:12:37.643+0000] {dag.py:3490} INFO - Setting next_dagrun for example_sla_dag to 2023-06-15T12:10:00+00:00, run_after=2023-06-15T12:12:00+00:00
[2023-06-15T12:12:37.665+0000] {processor.py:179} INFO - Processing /home/airflow/.local/lib/python3.7/site-packages/airflow/example_dags/example_sla_dag.py took 0.102 seconds
[2023-06-15T12:13:08.916+0000] {processor.py:157} INFO - Started process (PID=609) to work on /home/airflow/.local/lib/python3.7/site-packages/airflow/example_dags/example_sla_dag.py
[2023-06-15T12:13:08.918+0000] {processor.py:826} INFO - Processing file /home/airflow/.local/lib/python3.7/site-packages/airflow/example_dags/example_sla_dag.py for tasks to queue
[2023-06-15T12:13:08.919+0000] {logging_mixin.py:149} INFO - [2023-06-15T12:13:08.919+0000] {dagbag.py:541} INFO - Filling up the DagBag from /home/airflow/.local/lib/python3.7/site-packages/airflow/example_dags/example_sla_dag.py
[2023-06-15T12:13:08.928+0000] {processor.py:836} INFO - DAG(s) dict_keys(['example_sla_dag']) retrieved from /home/airflow/.local/lib/python3.7/site-packages/airflow/example_dags/example_sla_dag.py
[2023-06-15T12:13:08.959+0000] {logging_mixin.py:149} INFO - [2023-06-15T12:13:08.959+0000] {dag.py:2726} INFO - Sync 1 DAGs
[2023-06-15T12:13:09.004+0000] {logging_mixin.py:149} INFO - [2023-06-15T12:13:09.004+0000] {dag.py:3490} INFO - Setting next_dagrun for example_sla_dag to 2023-06-15T12:10:00+00:00, run_after=2023-06-15T12:12:00+00:00
[2023-06-15T12:13:09.032+0000] {processor.py:179} INFO - Processing /home/airflow/.local/lib/python3.7/site-packages/airflow/example_dags/example_sla_dag.py took 0.119 seconds
[2023-06-15T12:13:39.790+0000] {processor.py:157} INFO - Started process (PID=686) to work on /home/airflow/.local/lib/python3.7/site-packages/airflow/example_dags/example_sla_dag.py
[2023-06-15T12:13:39.791+0000] {processor.py:826} INFO - Processing file /home/airflow/.local/lib/python3.7/site-packages/airflow/example_dags/example_sla_dag.py for tasks to queue
[2023-06-15T12:13:39.792+0000] {logging_mixin.py:149} INFO - [2023-06-15T12:13:39.792+0000] {dagbag.py:541} INFO - Filling up the DagBag from /home/airflow/.local/lib/python3.7/site-packages/airflow/example_dags/example_sla_dag.py
[2023-06-15T12:13:39.803+0000] {processor.py:836} INFO - DAG(s) dict_keys(['example_sla_dag']) retrieved from /home/airflow/.local/lib/python3.7/site-packages/airflow/example_dags/example_sla_dag.py
[2023-06-15T12:13:39.834+0000] {logging_mixin.py:149} INFO - [2023-06-15T12:13:39.834+0000] {dag.py:2726} INFO - Sync 1 DAGs
[2023-06-15T12:13:39.881+0000] {logging_mixin.py:149} INFO - [2023-06-15T12:13:39.881+0000] {dag.py:3490} INFO - Setting next_dagrun for example_sla_dag to 2023-06-15T12:10:00+00:00, run_after=2023-06-15T12:12:00+00:00
[2023-06-15T12:13:39.908+0000] {processor.py:179} INFO - Processing /home/airflow/.local/lib/python3.7/site-packages/airflow/example_dags/example_sla_dag.py took 0.121 seconds
[2023-06-15T12:14:10.717+0000] {processor.py:157} INFO - Started process (PID=763) to work on /home/airflow/.local/lib/python3.7/site-packages/airflow/example_dags/example_sla_dag.py
[2023-06-15T12:14:10.718+0000] {processor.py:826} INFO - Processing file /home/airflow/.local/lib/python3.7/site-packages/airflow/example_dags/example_sla_dag.py for tasks to queue
[2023-06-15T12:14:10.720+0000] {logging_mixin.py:149} INFO - [2023-06-15T12:14:10.719+0000] {dagbag.py:541} INFO - Filling up the DagBag from /home/airflow/.local/lib/python3.7/site-packages/airflow/example_dags/example_sla_dag.py
[2023-06-15T12:14:10.731+0000] {processor.py:836} INFO - DAG(s) dict_keys(['example_sla_dag']) retrieved from /home/airflow/.local/lib/python3.7/site-packages/airflow/example_dags/example_sla_dag.py
[2023-06-15T12:14:10.762+0000] {logging_mixin.py:149} INFO - [2023-06-15T12:14:10.762+0000] {dag.py:2726} INFO - Sync 1 DAGs
[2023-06-15T12:14:10.806+0000] {logging_mixin.py:149} INFO - [2023-06-15T12:14:10.806+0000] {dag.py:3490} INFO - Setting next_dagrun for example_sla_dag to 2023-06-15T12:12:00+00:00, run_after=2023-06-15T12:14:00+00:00
[2023-06-15T12:14:10.838+0000] {processor.py:179} INFO - Processing /home/airflow/.local/lib/python3.7/site-packages/airflow/example_dags/example_sla_dag.py took 0.125 seconds
[2023-06-15T12:14:41.161+0000] {processor.py:157} INFO - Started process (PID=840) to work on /home/airflow/.local/lib/python3.7/site-packages/airflow/example_dags/example_sla_dag.py
[2023-06-15T12:14:41.162+0000] {processor.py:826} INFO - Processing file /home/airflow/.local/lib/python3.7/site-packages/airflow/example_dags/example_sla_dag.py for tasks to queue
[2023-06-15T12:14:41.164+0000] {logging_mixin.py:149} INFO - [2023-06-15T12:14:41.163+0000] {dagbag.py:541} INFO - Filling up the DagBag from /home/airflow/.local/lib/python3.7/site-packages/airflow/example_dags/example_sla_dag.py
[2023-06-15T12:14:41.174+0000] {processor.py:836} INFO - DAG(s) dict_keys(['example_sla_dag']) retrieved from /home/airflow/.local/lib/python3.7/site-packages/airflow/example_dags/example_sla_dag.py
[2023-06-15T12:14:41.203+0000] {logging_mixin.py:149} INFO - [2023-06-15T12:14:41.203+0000] {dag.py:2726} INFO - Sync 1 DAGs
[2023-06-15T12:14:41.247+0000] {logging_mixin.py:149} INFO - [2023-06-15T12:14:41.246+0000] {dag.py:3490} INFO - Setting next_dagrun for example_sla_dag to 2023-06-15T12:12:00+00:00, run_after=2023-06-15T12:14:00+00:00
[2023-06-15T12:14:41.280+0000] {processor.py:179} INFO - Processing /home/airflow/.local/lib/python3.7/site-packages/airflow/example_dags/example_sla_dag.py took 0.122 seconds
[2023-06-15T12:15:11.864+0000] {processor.py:157} INFO - Started process (PID=918) to work on /home/airflow/.local/lib/python3.7/site-packages/airflow/example_dags/example_sla_dag.py
[2023-06-15T12:15:11.865+0000] {processor.py:826} INFO - Processing file /home/airflow/.local/lib/python3.7/site-packages/airflow/example_dags/example_sla_dag.py for tasks to queue
[2023-06-15T12:15:11.866+0000] {logging_mixin.py:149} INFO - [2023-06-15T12:15:11.866+0000] {dagbag.py:541} INFO - Filling up the DagBag from /home/airflow/.local/lib/python3.7/site-packages/airflow/example_dags/example_sla_dag.py
[2023-06-15T12:15:11.876+0000] {processor.py:836} INFO - DAG(s) dict_keys(['example_sla_dag']) retrieved from /home/airflow/.local/lib/python3.7/site-packages/airflow/example_dags/example_sla_dag.py
[2023-06-15T12:15:11.904+0000] {logging_mixin.py:149} INFO - [2023-06-15T12:15:11.903+0000] {dag.py:2726} INFO - Sync 1 DAGs
[2023-06-15T12:15:11.955+0000] {logging_mixin.py:149} INFO - [2023-06-15T12:15:11.955+0000] {dag.py:3490} INFO - Setting next_dagrun for example_sla_dag to 2023-06-15T12:12:00+00:00, run_after=2023-06-15T12:14:00+00:00
[2023-06-15T12:15:11.997+0000] {processor.py:179} INFO - Processing /home/airflow/.local/lib/python3.7/site-packages/airflow/example_dags/example_sla_dag.py took 0.136 seconds
[2023-06-15T12:15:42.290+0000] {processor.py:157} INFO - Started process (PID=995) to work on /home/airflow/.local/lib/python3.7/site-packages/airflow/example_dags/example_sla_dag.py
[2023-06-15T12:15:42.291+0000] {processor.py:826} INFO - Processing file /home/airflow/.local/lib/python3.7/site-packages/airflow/example_dags/example_sla_dag.py for tasks to queue
[2023-06-15T12:15:42.292+0000] {logging_mixin.py:149} INFO - [2023-06-15T12:15:42.292+0000] {dagbag.py:541} INFO - Filling up the DagBag from /home/airflow/.local/lib/python3.7/site-packages/airflow/example_dags/example_sla_dag.py
[2023-06-15T12:15:42.303+0000] {processor.py:836} INFO - DAG(s) dict_keys(['example_sla_dag']) retrieved from /home/airflow/.local/lib/python3.7/site-packages/airflow/example_dags/example_sla_dag.py
[2023-06-15T12:15:42.341+0000] {logging_mixin.py:149} INFO - [2023-06-15T12:15:42.341+0000] {dag.py:2726} INFO - Sync 1 DAGs
[2023-06-15T12:15:42.395+0000] {logging_mixin.py:149} INFO - [2023-06-15T12:15:42.395+0000] {dag.py:3490} INFO - Setting next_dagrun for example_sla_dag to 2023-06-15T12:12:00+00:00, run_after=2023-06-15T12:14:00+00:00
[2023-06-15T12:15:42.429+0000] {processor.py:179} INFO - Processing /home/airflow/.local/lib/python3.7/site-packages/airflow/example_dags/example_sla_dag.py took 0.143 seconds
[2023-06-15T12:16:13.554+0000] {processor.py:157} INFO - Started process (PID=1073) to work on /home/airflow/.local/lib/python3.7/site-packages/airflow/example_dags/example_sla_dag.py
[2023-06-15T12:16:13.555+0000] {processor.py:826} INFO - Processing file /home/airflow/.local/lib/python3.7/site-packages/airflow/example_dags/example_sla_dag.py for tasks to queue
[2023-06-15T12:16:13.556+0000] {logging_mixin.py:149} INFO - [2023-06-15T12:16:13.555+0000] {dagbag.py:541} INFO - Filling up the DagBag from /home/airflow/.local/lib/python3.7/site-packages/airflow/example_dags/example_sla_dag.py
[2023-06-15T12:16:13.565+0000] {processor.py:836} INFO - DAG(s) dict_keys(['example_sla_dag']) retrieved from /home/airflow/.local/lib/python3.7/site-packages/airflow/example_dags/example_sla_dag.py
[2023-06-15T12:16:13.596+0000] {logging_mixin.py:149} INFO - [2023-06-15T12:16:13.596+0000] {dag.py:2726} INFO - Sync 1 DAGs
[2023-06-15T12:16:13.642+0000] {logging_mixin.py:149} INFO - [2023-06-15T12:16:13.641+0000] {dag.py:3490} INFO - Setting next_dagrun for example_sla_dag to 2023-06-15T12:14:00+00:00, run_after=2023-06-15T12:16:00+00:00
[2023-06-15T12:16:13.674+0000] {processor.py:179} INFO - Processing /home/airflow/.local/lib/python3.7/site-packages/airflow/example_dags/example_sla_dag.py took 0.124 seconds
[2023-06-15T12:16:44.456+0000] {processor.py:157} INFO - Started process (PID=1150) to work on /home/airflow/.local/lib/python3.7/site-packages/airflow/example_dags/example_sla_dag.py
[2023-06-15T12:16:44.458+0000] {processor.py:826} INFO - Processing file /home/airflow/.local/lib/python3.7/site-packages/airflow/example_dags/example_sla_dag.py for tasks to queue
[2023-06-15T12:16:44.459+0000] {logging_mixin.py:149} INFO - [2023-06-15T12:16:44.459+0000] {dagbag.py:541} INFO - Filling up the DagBag from /home/airflow/.local/lib/python3.7/site-packages/airflow/example_dags/example_sla_dag.py
[2023-06-15T12:16:44.468+0000] {processor.py:836} INFO - DAG(s) dict_keys(['example_sla_dag']) retrieved from /home/airflow/.local/lib/python3.7/site-packages/airflow/example_dags/example_sla_dag.py
[2023-06-15T12:16:44.497+0000] {logging_mixin.py:149} INFO - [2023-06-15T12:16:44.497+0000] {dag.py:2726} INFO - Sync 1 DAGs
[2023-06-15T12:16:44.536+0000] {logging_mixin.py:149} INFO - [2023-06-15T12:16:44.536+0000] {dag.py:3490} INFO - Setting next_dagrun for example_sla_dag to 2023-06-15T12:14:00+00:00, run_after=2023-06-15T12:16:00+00:00
[2023-06-15T12:16:44.563+0000] {processor.py:179} INFO - Processing /home/airflow/.local/lib/python3.7/site-packages/airflow/example_dags/example_sla_dag.py took 0.110 seconds
[2023-06-15T12:17:15.378+0000] {processor.py:157} INFO - Started process (PID=1227) to work on /home/airflow/.local/lib/python3.7/site-packages/airflow/example_dags/example_sla_dag.py
[2023-06-15T12:17:15.379+0000] {processor.py:826} INFO - Processing file /home/airflow/.local/lib/python3.7/site-packages/airflow/example_dags/example_sla_dag.py for tasks to queue
[2023-06-15T12:17:15.380+0000] {logging_mixin.py:149} INFO - [2023-06-15T12:17:15.380+0000] {dagbag.py:541} INFO - Filling up the DagBag from /home/airflow/.local/lib/python3.7/site-packages/airflow/example_dags/example_sla_dag.py
[2023-06-15T12:17:15.390+0000] {processor.py:836} INFO - DAG(s) dict_keys(['example_sla_dag']) retrieved from /home/airflow/.local/lib/python3.7/site-packages/airflow/example_dags/example_sla_dag.py
[2023-06-15T12:17:15.418+0000] {logging_mixin.py:149} INFO - [2023-06-15T12:17:15.418+0000] {dag.py:2726} INFO - Sync 1 DAGs
[2023-06-15T12:17:15.465+0000] {logging_mixin.py:149} INFO - [2023-06-15T12:17:15.464+0000] {dag.py:3490} INFO - Setting next_dagrun for example_sla_dag to 2023-06-15T12:14:00+00:00, run_after=2023-06-15T12:16:00+00:00
[2023-06-15T12:17:15.492+0000] {processor.py:179} INFO - Processing /home/airflow/.local/lib/python3.7/site-packages/airflow/example_dags/example_sla_dag.py took 0.117 seconds
[2023-06-15T12:17:45.649+0000] {processor.py:157} INFO - Started process (PID=1304) to work on /home/airflow/.local/lib/python3.7/site-packages/airflow/example_dags/example_sla_dag.py
[2023-06-15T12:17:45.651+0000] {processor.py:826} INFO - Processing file /home/airflow/.local/lib/python3.7/site-packages/airflow/example_dags/example_sla_dag.py for tasks to queue
[2023-06-15T12:17:45.652+0000] {logging_mixin.py:149} INFO - [2023-06-15T12:17:45.652+0000] {dagbag.py:541} INFO - Filling up the DagBag from /home/airflow/.local/lib/python3.7/site-packages/airflow/example_dags/example_sla_dag.py
[2023-06-15T12:17:45.666+0000] {processor.py:836} INFO - DAG(s) dict_keys(['example_sla_dag']) retrieved from /home/airflow/.local/lib/python3.7/site-packages/airflow/example_dags/example_sla_dag.py
[2023-06-15T12:17:45.697+0000] {logging_mixin.py:149} INFO - [2023-06-15T12:17:45.697+0000] {dag.py:2726} INFO - Sync 1 DAGs
[2023-06-15T12:17:45.745+0000] {logging_mixin.py:149} INFO - [2023-06-15T12:17:45.744+0000] {dag.py:3490} INFO - Setting next_dagrun for example_sla_dag to 2023-06-15T12:14:00+00:00, run_after=2023-06-15T12:16:00+00:00
[2023-06-15T12:17:45.791+0000] {processor.py:179} INFO - Processing /home/airflow/.local/lib/python3.7/site-packages/airflow/example_dags/example_sla_dag.py took 0.145 seconds
[2023-06-15T12:18:15.898+0000] {processor.py:157} INFO - Started process (PID=1368) to work on /home/airflow/.local/lib/python3.7/site-packages/airflow/example_dags/example_sla_dag.py
[2023-06-15T12:18:15.899+0000] {processor.py:826} INFO - Processing file /home/airflow/.local/lib/python3.7/site-packages/airflow/example_dags/example_sla_dag.py for tasks to queue
[2023-06-15T12:18:15.900+0000] {logging_mixin.py:149} INFO - [2023-06-15T12:18:15.899+0000] {dagbag.py:541} INFO - Filling up the DagBag from /home/airflow/.local/lib/python3.7/site-packages/airflow/example_dags/example_sla_dag.py
[2023-06-15T12:18:15.909+0000] {processor.py:836} INFO - DAG(s) dict_keys(['example_sla_dag']) retrieved from /home/airflow/.local/lib/python3.7/site-packages/airflow/example_dags/example_sla_dag.py
[2023-06-15T12:18:15.936+0000] {logging_mixin.py:149} INFO - [2023-06-15T12:18:15.936+0000] {dag.py:2726} INFO - Sync 1 DAGs
[2023-06-15T12:18:15.976+0000] {logging_mixin.py:149} INFO - [2023-06-15T12:18:15.976+0000] {dag.py:3490} INFO - Setting next_dagrun for example_sla_dag to 2023-06-15T12:16:00+00:00, run_after=2023-06-15T12:18:00+00:00
[2023-06-15T12:18:16.007+0000] {processor.py:179} INFO - Processing /home/airflow/.local/lib/python3.7/site-packages/airflow/example_dags/example_sla_dag.py took 0.113 seconds
[2023-06-15T12:18:46.562+0000] {processor.py:157} INFO - Started process (PID=1445) to work on /home/airflow/.local/lib/python3.7/site-packages/airflow/example_dags/example_sla_dag.py
[2023-06-15T12:18:46.563+0000] {processor.py:826} INFO - Processing file /home/airflow/.local/lib/python3.7/site-packages/airflow/example_dags/example_sla_dag.py for tasks to queue
[2023-06-15T12:18:46.565+0000] {logging_mixin.py:149} INFO - [2023-06-15T12:18:46.565+0000] {dagbag.py:541} INFO - Filling up the DagBag from /home/airflow/.local/lib/python3.7/site-packages/airflow/example_dags/example_sla_dag.py
[2023-06-15T12:18:46.578+0000] {processor.py:836} INFO - DAG(s) dict_keys(['example_sla_dag']) retrieved from /home/airflow/.local/lib/python3.7/site-packages/airflow/example_dags/example_sla_dag.py
[2023-06-15T12:18:46.683+0000] {logging_mixin.py:149} INFO - [2023-06-15T12:18:46.682+0000] {dag.py:2726} INFO - Sync 1 DAGs
[2023-06-15T12:18:46.732+0000] {logging_mixin.py:149} INFO - [2023-06-15T12:18:46.732+0000] {dag.py:3490} INFO - Setting next_dagrun for example_sla_dag to 2023-06-15T12:16:00+00:00, run_after=2023-06-15T12:18:00+00:00
[2023-06-15T12:18:46.764+0000] {processor.py:179} INFO - Processing /home/airflow/.local/lib/python3.7/site-packages/airflow/example_dags/example_sla_dag.py took 0.206 seconds
[2023-06-15T12:19:17.623+0000] {processor.py:157} INFO - Started process (PID=1522) to work on /home/airflow/.local/lib/python3.7/site-packages/airflow/example_dags/example_sla_dag.py
[2023-06-15T12:19:17.624+0000] {processor.py:826} INFO - Processing file /home/airflow/.local/lib/python3.7/site-packages/airflow/example_dags/example_sla_dag.py for tasks to queue
[2023-06-15T12:19:17.625+0000] {logging_mixin.py:149} INFO - [2023-06-15T12:19:17.625+0000] {dagbag.py:541} INFO - Filling up the DagBag from /home/airflow/.local/lib/python3.7/site-packages/airflow/example_dags/example_sla_dag.py
[2023-06-15T12:19:17.639+0000] {processor.py:836} INFO - DAG(s) dict_keys(['example_sla_dag']) retrieved from /home/airflow/.local/lib/python3.7/site-packages/airflow/example_dags/example_sla_dag.py
[2023-06-15T12:19:17.677+0000] {logging_mixin.py:149} INFO - [2023-06-15T12:19:17.677+0000] {dag.py:2726} INFO - Sync 1 DAGs
[2023-06-15T12:19:17.732+0000] {logging_mixin.py:149} INFO - [2023-06-15T12:19:17.732+0000] {dag.py:3490} INFO - Setting next_dagrun for example_sla_dag to 2023-06-15T12:16:00+00:00, run_after=2023-06-15T12:18:00+00:00
[2023-06-15T12:19:17.761+0000] {processor.py:179} INFO - Processing /home/airflow/.local/lib/python3.7/site-packages/airflow/example_dags/example_sla_dag.py took 0.149 seconds
[2023-06-15T12:19:47.792+0000] {processor.py:157} INFO - Started process (PID=1584) to work on /home/airflow/.local/lib/python3.7/site-packages/airflow/example_dags/example_sla_dag.py
[2023-06-15T12:19:47.793+0000] {processor.py:826} INFO - Processing file /home/airflow/.local/lib/python3.7/site-packages/airflow/example_dags/example_sla_dag.py for tasks to queue
[2023-06-15T12:19:47.794+0000] {logging_mixin.py:149} INFO - [2023-06-15T12:19:47.794+0000] {dagbag.py:541} INFO - Filling up the DagBag from /home/airflow/.local/lib/python3.7/site-packages/airflow/example_dags/example_sla_dag.py
[2023-06-15T12:19:47.805+0000] {processor.py:836} INFO - DAG(s) dict_keys(['example_sla_dag']) retrieved from /home/airflow/.local/lib/python3.7/site-packages/airflow/example_dags/example_sla_dag.py
[2023-06-15T12:19:47.840+0000] {logging_mixin.py:149} INFO - [2023-06-15T12:19:47.840+0000] {dag.py:2726} INFO - Sync 1 DAGs
[2023-06-15T12:19:47.883+0000] {logging_mixin.py:149} INFO - [2023-06-15T12:19:47.883+0000] {dag.py:3490} INFO - Setting next_dagrun for example_sla_dag to 2023-06-15T12:16:00+00:00, run_after=2023-06-15T12:18:00+00:00
[2023-06-15T12:19:47.912+0000] {processor.py:179} INFO - Processing /home/airflow/.local/lib/python3.7/site-packages/airflow/example_dags/example_sla_dag.py took 0.125 seconds
