[2023-06-15T12:09:29.634+0000] {processor.py:157} INFO - Started process (PID=48) to work on /home/airflow/.local/lib/python3.7/site-packages/airflow/example_dags/example_kubernetes_executor.py
[2023-06-15T12:09:29.635+0000] {processor.py:826} INFO - Processing file /home/airflow/.local/lib/python3.7/site-packages/airflow/example_dags/example_kubernetes_executor.py for tasks to queue
[2023-06-15T12:09:29.636+0000] {logging_mixin.py:149} INFO - [2023-06-15T12:09:29.636+0000] {dagbag.py:541} INFO - Filling up the DagBag from /home/airflow/.local/lib/python3.7/site-packages/airflow/example_dags/example_kubernetes_executor.py
[2023-06-15T12:09:30.392+0000] {processor.py:836} INFO - DAG(s) dict_keys(['example_kubernetes_executor']) retrieved from /home/airflow/.local/lib/python3.7/site-packages/airflow/example_dags/example_kubernetes_executor.py
[2023-06-15T12:09:30.459+0000] {logging_mixin.py:149} INFO - [2023-06-15T12:09:30.458+0000] {dag.py:2726} INFO - Sync 1 DAGs
[2023-06-15T12:09:30.496+0000] {logging_mixin.py:149} INFO - [2023-06-15T12:09:30.496+0000] {dag.py:3490} INFO - Setting next_dagrun for example_kubernetes_executor to None, run_after=None
[2023-06-15T12:09:30.531+0000] {processor.py:179} INFO - Processing /home/airflow/.local/lib/python3.7/site-packages/airflow/example_dags/example_kubernetes_executor.py took 0.901 seconds
[2023-06-15T12:10:00.858+0000] {processor.py:157} INFO - Started process (PID=126) to work on /home/airflow/.local/lib/python3.7/site-packages/airflow/example_dags/example_kubernetes_executor.py
[2023-06-15T12:10:00.859+0000] {processor.py:826} INFO - Processing file /home/airflow/.local/lib/python3.7/site-packages/airflow/example_dags/example_kubernetes_executor.py for tasks to queue
[2023-06-15T12:10:00.860+0000] {logging_mixin.py:149} INFO - [2023-06-15T12:10:00.860+0000] {dagbag.py:541} INFO - Filling up the DagBag from /home/airflow/.local/lib/python3.7/site-packages/airflow/example_dags/example_kubernetes_executor.py
[2023-06-15T12:10:01.175+0000] {processor.py:836} INFO - DAG(s) dict_keys(['example_kubernetes_executor']) retrieved from /home/airflow/.local/lib/python3.7/site-packages/airflow/example_dags/example_kubernetes_executor.py
[2023-06-15T12:10:01.213+0000] {logging_mixin.py:149} INFO - [2023-06-15T12:10:01.212+0000] {dag.py:2726} INFO - Sync 1 DAGs
[2023-06-15T12:10:01.238+0000] {logging_mixin.py:149} INFO - [2023-06-15T12:10:01.238+0000] {dag.py:3490} INFO - Setting next_dagrun for example_kubernetes_executor to None, run_after=None
[2023-06-15T12:10:01.275+0000] {processor.py:179} INFO - Processing /home/airflow/.local/lib/python3.7/site-packages/airflow/example_dags/example_kubernetes_executor.py took 0.419 seconds
[2023-06-15T12:10:31.618+0000] {processor.py:157} INFO - Started process (PID=201) to work on /home/airflow/.local/lib/python3.7/site-packages/airflow/example_dags/example_kubernetes_executor.py
[2023-06-15T12:10:31.620+0000] {processor.py:826} INFO - Processing file /home/airflow/.local/lib/python3.7/site-packages/airflow/example_dags/example_kubernetes_executor.py for tasks to queue
[2023-06-15T12:10:31.621+0000] {logging_mixin.py:149} INFO - [2023-06-15T12:10:31.621+0000] {dagbag.py:541} INFO - Filling up the DagBag from /home/airflow/.local/lib/python3.7/site-packages/airflow/example_dags/example_kubernetes_executor.py
[2023-06-15T12:10:32.108+0000] {processor.py:836} INFO - DAG(s) dict_keys(['example_kubernetes_executor']) retrieved from /home/airflow/.local/lib/python3.7/site-packages/airflow/example_dags/example_kubernetes_executor.py
[2023-06-15T12:10:32.165+0000] {logging_mixin.py:149} INFO - [2023-06-15T12:10:32.165+0000] {dag.py:2726} INFO - Sync 1 DAGs
[2023-06-15T12:10:32.205+0000] {logging_mixin.py:149} INFO - [2023-06-15T12:10:32.204+0000] {dag.py:3490} INFO - Setting next_dagrun for example_kubernetes_executor to None, run_after=None
[2023-06-15T12:10:32.252+0000] {processor.py:179} INFO - Processing /home/airflow/.local/lib/python3.7/site-packages/airflow/example_dags/example_kubernetes_executor.py took 0.640 seconds
[2023-06-15T12:11:02.796+0000] {processor.py:157} INFO - Started process (PID=267) to work on /home/airflow/.local/lib/python3.7/site-packages/airflow/example_dags/example_kubernetes_executor.py
[2023-06-15T12:11:02.797+0000] {processor.py:826} INFO - Processing file /home/airflow/.local/lib/python3.7/site-packages/airflow/example_dags/example_kubernetes_executor.py for tasks to queue
[2023-06-15T12:11:02.799+0000] {logging_mixin.py:149} INFO - [2023-06-15T12:11:02.798+0000] {dagbag.py:541} INFO - Filling up the DagBag from /home/airflow/.local/lib/python3.7/site-packages/airflow/example_dags/example_kubernetes_executor.py
[2023-06-15T12:11:03.157+0000] {processor.py:836} INFO - DAG(s) dict_keys(['example_kubernetes_executor']) retrieved from /home/airflow/.local/lib/python3.7/site-packages/airflow/example_dags/example_kubernetes_executor.py
[2023-06-15T12:11:03.231+0000] {logging_mixin.py:149} INFO - [2023-06-15T12:11:03.231+0000] {dag.py:2726} INFO - Sync 1 DAGs
[2023-06-15T12:11:03.287+0000] {logging_mixin.py:149} INFO - [2023-06-15T12:11:03.287+0000] {dag.py:3490} INFO - Setting next_dagrun for example_kubernetes_executor to None, run_after=None
[2023-06-15T12:11:03.324+0000] {processor.py:179} INFO - Processing /home/airflow/.local/lib/python3.7/site-packages/airflow/example_dags/example_kubernetes_executor.py took 0.533 seconds
[2023-06-15T12:11:34.039+0000] {processor.py:157} INFO - Started process (PID=345) to work on /home/airflow/.local/lib/python3.7/site-packages/airflow/example_dags/example_kubernetes_executor.py
[2023-06-15T12:11:34.040+0000] {processor.py:826} INFO - Processing file /home/airflow/.local/lib/python3.7/site-packages/airflow/example_dags/example_kubernetes_executor.py for tasks to queue
[2023-06-15T12:11:34.042+0000] {logging_mixin.py:149} INFO - [2023-06-15T12:11:34.042+0000] {dagbag.py:541} INFO - Filling up the DagBag from /home/airflow/.local/lib/python3.7/site-packages/airflow/example_dags/example_kubernetes_executor.py
[2023-06-15T12:11:34.372+0000] {processor.py:836} INFO - DAG(s) dict_keys(['example_kubernetes_executor']) retrieved from /home/airflow/.local/lib/python3.7/site-packages/airflow/example_dags/example_kubernetes_executor.py
[2023-06-15T12:11:34.417+0000] {logging_mixin.py:149} INFO - [2023-06-15T12:11:34.417+0000] {dag.py:2726} INFO - Sync 1 DAGs
[2023-06-15T12:11:34.446+0000] {logging_mixin.py:149} INFO - [2023-06-15T12:11:34.446+0000] {dag.py:3490} INFO - Setting next_dagrun for example_kubernetes_executor to None, run_after=None
[2023-06-15T12:11:34.471+0000] {processor.py:179} INFO - Processing /home/airflow/.local/lib/python3.7/site-packages/airflow/example_dags/example_kubernetes_executor.py took 0.436 seconds
[2023-06-15T12:12:04.577+0000] {processor.py:157} INFO - Started process (PID=421) to work on /home/airflow/.local/lib/python3.7/site-packages/airflow/example_dags/example_kubernetes_executor.py
[2023-06-15T12:12:04.581+0000] {processor.py:826} INFO - Processing file /home/airflow/.local/lib/python3.7/site-packages/airflow/example_dags/example_kubernetes_executor.py for tasks to queue
[2023-06-15T12:12:04.584+0000] {logging_mixin.py:149} INFO - [2023-06-15T12:12:04.584+0000] {dagbag.py:541} INFO - Filling up the DagBag from /home/airflow/.local/lib/python3.7/site-packages/airflow/example_dags/example_kubernetes_executor.py
[2023-06-15T12:12:05.089+0000] {processor.py:836} INFO - DAG(s) dict_keys(['example_kubernetes_executor']) retrieved from /home/airflow/.local/lib/python3.7/site-packages/airflow/example_dags/example_kubernetes_executor.py
[2023-06-15T12:12:05.144+0000] {logging_mixin.py:149} INFO - [2023-06-15T12:12:05.143+0000] {dag.py:2726} INFO - Sync 1 DAGs
[2023-06-15T12:12:05.184+0000] {logging_mixin.py:149} INFO - [2023-06-15T12:12:05.184+0000] {dag.py:3490} INFO - Setting next_dagrun for example_kubernetes_executor to None, run_after=None
[2023-06-15T12:12:05.215+0000] {processor.py:179} INFO - Processing /home/airflow/.local/lib/python3.7/site-packages/airflow/example_dags/example_kubernetes_executor.py took 0.645 seconds
[2023-06-15T12:12:35.807+0000] {processor.py:157} INFO - Started process (PID=499) to work on /home/airflow/.local/lib/python3.7/site-packages/airflow/example_dags/example_kubernetes_executor.py
[2023-06-15T12:12:35.808+0000] {processor.py:826} INFO - Processing file /home/airflow/.local/lib/python3.7/site-packages/airflow/example_dags/example_kubernetes_executor.py for tasks to queue
[2023-06-15T12:12:35.809+0000] {logging_mixin.py:149} INFO - [2023-06-15T12:12:35.809+0000] {dagbag.py:541} INFO - Filling up the DagBag from /home/airflow/.local/lib/python3.7/site-packages/airflow/example_dags/example_kubernetes_executor.py
[2023-06-15T12:12:36.110+0000] {processor.py:836} INFO - DAG(s) dict_keys(['example_kubernetes_executor']) retrieved from /home/airflow/.local/lib/python3.7/site-packages/airflow/example_dags/example_kubernetes_executor.py
[2023-06-15T12:12:36.158+0000] {logging_mixin.py:149} INFO - [2023-06-15T12:12:36.157+0000] {dag.py:2726} INFO - Sync 1 DAGs
[2023-06-15T12:12:36.195+0000] {logging_mixin.py:149} INFO - [2023-06-15T12:12:36.194+0000] {dag.py:3490} INFO - Setting next_dagrun for example_kubernetes_executor to None, run_after=None
[2023-06-15T12:12:36.219+0000] {processor.py:179} INFO - Processing /home/airflow/.local/lib/python3.7/site-packages/airflow/example_dags/example_kubernetes_executor.py took 0.416 seconds
[2023-06-15T12:13:06.306+0000] {processor.py:157} INFO - Started process (PID=575) to work on /home/airflow/.local/lib/python3.7/site-packages/airflow/example_dags/example_kubernetes_executor.py
[2023-06-15T12:13:06.308+0000] {processor.py:826} INFO - Processing file /home/airflow/.local/lib/python3.7/site-packages/airflow/example_dags/example_kubernetes_executor.py for tasks to queue
[2023-06-15T12:13:06.309+0000] {logging_mixin.py:149} INFO - [2023-06-15T12:13:06.309+0000] {dagbag.py:541} INFO - Filling up the DagBag from /home/airflow/.local/lib/python3.7/site-packages/airflow/example_dags/example_kubernetes_executor.py
[2023-06-15T12:13:06.601+0000] {processor.py:836} INFO - DAG(s) dict_keys(['example_kubernetes_executor']) retrieved from /home/airflow/.local/lib/python3.7/site-packages/airflow/example_dags/example_kubernetes_executor.py
[2023-06-15T12:13:06.667+0000] {logging_mixin.py:149} INFO - [2023-06-15T12:13:06.667+0000] {dag.py:2726} INFO - Sync 1 DAGs
[2023-06-15T12:13:06.711+0000] {logging_mixin.py:149} INFO - [2023-06-15T12:13:06.711+0000] {dag.py:3490} INFO - Setting next_dagrun for example_kubernetes_executor to None, run_after=None
[2023-06-15T12:13:06.760+0000] {processor.py:179} INFO - Processing /home/airflow/.local/lib/python3.7/site-packages/airflow/example_dags/example_kubernetes_executor.py took 0.458 seconds
[2023-06-15T12:13:37.019+0000] {processor.py:157} INFO - Started process (PID=652) to work on /home/airflow/.local/lib/python3.7/site-packages/airflow/example_dags/example_kubernetes_executor.py
[2023-06-15T12:13:37.020+0000] {processor.py:826} INFO - Processing file /home/airflow/.local/lib/python3.7/site-packages/airflow/example_dags/example_kubernetes_executor.py for tasks to queue
[2023-06-15T12:13:37.022+0000] {logging_mixin.py:149} INFO - [2023-06-15T12:13:37.021+0000] {dagbag.py:541} INFO - Filling up the DagBag from /home/airflow/.local/lib/python3.7/site-packages/airflow/example_dags/example_kubernetes_executor.py
[2023-06-15T12:13:37.401+0000] {processor.py:836} INFO - DAG(s) dict_keys(['example_kubernetes_executor']) retrieved from /home/airflow/.local/lib/python3.7/site-packages/airflow/example_dags/example_kubernetes_executor.py
[2023-06-15T12:13:37.469+0000] {logging_mixin.py:149} INFO - [2023-06-15T12:13:37.469+0000] {dag.py:2726} INFO - Sync 1 DAGs
[2023-06-15T12:13:37.513+0000] {logging_mixin.py:149} INFO - [2023-06-15T12:13:37.512+0000] {dag.py:3490} INFO - Setting next_dagrun for example_kubernetes_executor to None, run_after=None
[2023-06-15T12:13:37.553+0000] {processor.py:179} INFO - Processing /home/airflow/.local/lib/python3.7/site-packages/airflow/example_dags/example_kubernetes_executor.py took 0.539 seconds
[2023-06-15T12:14:08.152+0000] {processor.py:157} INFO - Started process (PID=729) to work on /home/airflow/.local/lib/python3.7/site-packages/airflow/example_dags/example_kubernetes_executor.py
[2023-06-15T12:14:08.154+0000] {processor.py:826} INFO - Processing file /home/airflow/.local/lib/python3.7/site-packages/airflow/example_dags/example_kubernetes_executor.py for tasks to queue
[2023-06-15T12:14:08.155+0000] {logging_mixin.py:149} INFO - [2023-06-15T12:14:08.155+0000] {dagbag.py:541} INFO - Filling up the DagBag from /home/airflow/.local/lib/python3.7/site-packages/airflow/example_dags/example_kubernetes_executor.py
[2023-06-15T12:14:08.512+0000] {processor.py:836} INFO - DAG(s) dict_keys(['example_kubernetes_executor']) retrieved from /home/airflow/.local/lib/python3.7/site-packages/airflow/example_dags/example_kubernetes_executor.py
[2023-06-15T12:14:08.613+0000] {logging_mixin.py:149} INFO - [2023-06-15T12:14:08.613+0000] {dag.py:2726} INFO - Sync 1 DAGs
[2023-06-15T12:14:08.654+0000] {logging_mixin.py:149} INFO - [2023-06-15T12:14:08.654+0000] {dag.py:3490} INFO - Setting next_dagrun for example_kubernetes_executor to None, run_after=None
[2023-06-15T12:14:08.686+0000] {processor.py:179} INFO - Processing /home/airflow/.local/lib/python3.7/site-packages/airflow/example_dags/example_kubernetes_executor.py took 0.541 seconds
[2023-06-15T12:14:38.732+0000] {processor.py:157} INFO - Started process (PID=806) to work on /home/airflow/.local/lib/python3.7/site-packages/airflow/example_dags/example_kubernetes_executor.py
[2023-06-15T12:14:38.734+0000] {processor.py:826} INFO - Processing file /home/airflow/.local/lib/python3.7/site-packages/airflow/example_dags/example_kubernetes_executor.py for tasks to queue
[2023-06-15T12:14:38.735+0000] {logging_mixin.py:149} INFO - [2023-06-15T12:14:38.735+0000] {dagbag.py:541} INFO - Filling up the DagBag from /home/airflow/.local/lib/python3.7/site-packages/airflow/example_dags/example_kubernetes_executor.py
[2023-06-15T12:14:39.060+0000] {processor.py:836} INFO - DAG(s) dict_keys(['example_kubernetes_executor']) retrieved from /home/airflow/.local/lib/python3.7/site-packages/airflow/example_dags/example_kubernetes_executor.py
[2023-06-15T12:14:39.112+0000] {logging_mixin.py:149} INFO - [2023-06-15T12:14:39.111+0000] {dag.py:2726} INFO - Sync 1 DAGs
[2023-06-15T12:14:39.148+0000] {logging_mixin.py:149} INFO - [2023-06-15T12:14:39.148+0000] {dag.py:3490} INFO - Setting next_dagrun for example_kubernetes_executor to None, run_after=None
[2023-06-15T12:14:39.179+0000] {processor.py:179} INFO - Processing /home/airflow/.local/lib/python3.7/site-packages/airflow/example_dags/example_kubernetes_executor.py took 0.450 seconds
[2023-06-15T12:15:09.486+0000] {processor.py:157} INFO - Started process (PID=884) to work on /home/airflow/.local/lib/python3.7/site-packages/airflow/example_dags/example_kubernetes_executor.py
[2023-06-15T12:15:09.487+0000] {processor.py:826} INFO - Processing file /home/airflow/.local/lib/python3.7/site-packages/airflow/example_dags/example_kubernetes_executor.py for tasks to queue
[2023-06-15T12:15:09.488+0000] {logging_mixin.py:149} INFO - [2023-06-15T12:15:09.488+0000] {dagbag.py:541} INFO - Filling up the DagBag from /home/airflow/.local/lib/python3.7/site-packages/airflow/example_dags/example_kubernetes_executor.py
[2023-06-15T12:15:09.836+0000] {processor.py:836} INFO - DAG(s) dict_keys(['example_kubernetes_executor']) retrieved from /home/airflow/.local/lib/python3.7/site-packages/airflow/example_dags/example_kubernetes_executor.py
[2023-06-15T12:15:09.898+0000] {logging_mixin.py:149} INFO - [2023-06-15T12:15:09.898+0000] {dag.py:2726} INFO - Sync 1 DAGs
[2023-06-15T12:15:09.938+0000] {logging_mixin.py:149} INFO - [2023-06-15T12:15:09.938+0000] {dag.py:3490} INFO - Setting next_dagrun for example_kubernetes_executor to None, run_after=None
[2023-06-15T12:15:09.974+0000] {processor.py:179} INFO - Processing /home/airflow/.local/lib/python3.7/site-packages/airflow/example_dags/example_kubernetes_executor.py took 0.492 seconds
[2023-06-15T12:15:40.149+0000] {processor.py:157} INFO - Started process (PID=963) to work on /home/airflow/.local/lib/python3.7/site-packages/airflow/example_dags/example_kubernetes_executor.py
[2023-06-15T12:15:40.150+0000] {processor.py:826} INFO - Processing file /home/airflow/.local/lib/python3.7/site-packages/airflow/example_dags/example_kubernetes_executor.py for tasks to queue
[2023-06-15T12:15:40.152+0000] {logging_mixin.py:149} INFO - [2023-06-15T12:15:40.151+0000] {dagbag.py:541} INFO - Filling up the DagBag from /home/airflow/.local/lib/python3.7/site-packages/airflow/example_dags/example_kubernetes_executor.py
[2023-06-15T12:15:40.474+0000] {processor.py:836} INFO - DAG(s) dict_keys(['example_kubernetes_executor']) retrieved from /home/airflow/.local/lib/python3.7/site-packages/airflow/example_dags/example_kubernetes_executor.py
[2023-06-15T12:15:40.545+0000] {logging_mixin.py:149} INFO - [2023-06-15T12:15:40.544+0000] {dag.py:2726} INFO - Sync 1 DAGs
[2023-06-15T12:15:40.599+0000] {logging_mixin.py:149} INFO - [2023-06-15T12:15:40.598+0000] {dag.py:3490} INFO - Setting next_dagrun for example_kubernetes_executor to None, run_after=None
[2023-06-15T12:15:40.630+0000] {processor.py:179} INFO - Processing /home/airflow/.local/lib/python3.7/site-packages/airflow/example_dags/example_kubernetes_executor.py took 0.485 seconds
[2023-06-15T12:16:11.428+0000] {processor.py:157} INFO - Started process (PID=1042) to work on /home/airflow/.local/lib/python3.7/site-packages/airflow/example_dags/example_kubernetes_executor.py
[2023-06-15T12:16:11.429+0000] {processor.py:826} INFO - Processing file /home/airflow/.local/lib/python3.7/site-packages/airflow/example_dags/example_kubernetes_executor.py for tasks to queue
[2023-06-15T12:16:11.430+0000] {logging_mixin.py:149} INFO - [2023-06-15T12:16:11.430+0000] {dagbag.py:541} INFO - Filling up the DagBag from /home/airflow/.local/lib/python3.7/site-packages/airflow/example_dags/example_kubernetes_executor.py
[2023-06-15T12:16:11.776+0000] {processor.py:836} INFO - DAG(s) dict_keys(['example_kubernetes_executor']) retrieved from /home/airflow/.local/lib/python3.7/site-packages/airflow/example_dags/example_kubernetes_executor.py
[2023-06-15T12:16:11.839+0000] {logging_mixin.py:149} INFO - [2023-06-15T12:16:11.838+0000] {dag.py:2726} INFO - Sync 1 DAGs
[2023-06-15T12:16:11.886+0000] {logging_mixin.py:149} INFO - [2023-06-15T12:16:11.886+0000] {dag.py:3490} INFO - Setting next_dagrun for example_kubernetes_executor to None, run_after=None
[2023-06-15T12:16:11.915+0000] {processor.py:179} INFO - Processing /home/airflow/.local/lib/python3.7/site-packages/airflow/example_dags/example_kubernetes_executor.py took 0.491 seconds
[2023-06-15T12:16:42.071+0000] {processor.py:157} INFO - Started process (PID=1119) to work on /home/airflow/.local/lib/python3.7/site-packages/airflow/example_dags/example_kubernetes_executor.py
[2023-06-15T12:16:42.072+0000] {processor.py:826} INFO - Processing file /home/airflow/.local/lib/python3.7/site-packages/airflow/example_dags/example_kubernetes_executor.py for tasks to queue
[2023-06-15T12:16:42.074+0000] {logging_mixin.py:149} INFO - [2023-06-15T12:16:42.073+0000] {dagbag.py:541} INFO - Filling up the DagBag from /home/airflow/.local/lib/python3.7/site-packages/airflow/example_dags/example_kubernetes_executor.py
[2023-06-15T12:16:42.419+0000] {processor.py:836} INFO - DAG(s) dict_keys(['example_kubernetes_executor']) retrieved from /home/airflow/.local/lib/python3.7/site-packages/airflow/example_dags/example_kubernetes_executor.py
[2023-06-15T12:16:42.477+0000] {logging_mixin.py:149} INFO - [2023-06-15T12:16:42.476+0000] {dag.py:2726} INFO - Sync 1 DAGs
[2023-06-15T12:16:42.515+0000] {logging_mixin.py:149} INFO - [2023-06-15T12:16:42.515+0000] {dag.py:3490} INFO - Setting next_dagrun for example_kubernetes_executor to None, run_after=None
[2023-06-15T12:16:42.546+0000] {processor.py:179} INFO - Processing /home/airflow/.local/lib/python3.7/site-packages/airflow/example_dags/example_kubernetes_executor.py took 0.480 seconds
[2023-06-15T12:17:13.054+0000] {processor.py:157} INFO - Started process (PID=1196) to work on /home/airflow/.local/lib/python3.7/site-packages/airflow/example_dags/example_kubernetes_executor.py
[2023-06-15T12:17:13.055+0000] {processor.py:826} INFO - Processing file /home/airflow/.local/lib/python3.7/site-packages/airflow/example_dags/example_kubernetes_executor.py for tasks to queue
[2023-06-15T12:17:13.057+0000] {logging_mixin.py:149} INFO - [2023-06-15T12:17:13.056+0000] {dagbag.py:541} INFO - Filling up the DagBag from /home/airflow/.local/lib/python3.7/site-packages/airflow/example_dags/example_kubernetes_executor.py
[2023-06-15T12:17:13.410+0000] {processor.py:836} INFO - DAG(s) dict_keys(['example_kubernetes_executor']) retrieved from /home/airflow/.local/lib/python3.7/site-packages/airflow/example_dags/example_kubernetes_executor.py
[2023-06-15T12:17:13.473+0000] {logging_mixin.py:149} INFO - [2023-06-15T12:17:13.473+0000] {dag.py:2726} INFO - Sync 1 DAGs
[2023-06-15T12:17:13.517+0000] {logging_mixin.py:149} INFO - [2023-06-15T12:17:13.517+0000] {dag.py:3490} INFO - Setting next_dagrun for example_kubernetes_executor to None, run_after=None
[2023-06-15T12:17:13.549+0000] {processor.py:179} INFO - Processing /home/airflow/.local/lib/python3.7/site-packages/airflow/example_dags/example_kubernetes_executor.py took 0.499 seconds
[2023-06-15T12:17:43.593+0000] {processor.py:157} INFO - Started process (PID=1274) to work on /home/airflow/.local/lib/python3.7/site-packages/airflow/example_dags/example_kubernetes_executor.py
[2023-06-15T12:17:43.595+0000] {processor.py:826} INFO - Processing file /home/airflow/.local/lib/python3.7/site-packages/airflow/example_dags/example_kubernetes_executor.py for tasks to queue
[2023-06-15T12:17:43.596+0000] {logging_mixin.py:149} INFO - [2023-06-15T12:17:43.596+0000] {dagbag.py:541} INFO - Filling up the DagBag from /home/airflow/.local/lib/python3.7/site-packages/airflow/example_dags/example_kubernetes_executor.py
[2023-06-15T12:17:43.935+0000] {processor.py:836} INFO - DAG(s) dict_keys(['example_kubernetes_executor']) retrieved from /home/airflow/.local/lib/python3.7/site-packages/airflow/example_dags/example_kubernetes_executor.py
[2023-06-15T12:17:43.998+0000] {logging_mixin.py:149} INFO - [2023-06-15T12:17:43.998+0000] {dag.py:2726} INFO - Sync 1 DAGs
[2023-06-15T12:17:44.039+0000] {logging_mixin.py:149} INFO - [2023-06-15T12:17:44.039+0000] {dag.py:3490} INFO - Setting next_dagrun for example_kubernetes_executor to None, run_after=None
[2023-06-15T12:17:44.089+0000] {processor.py:179} INFO - Processing /home/airflow/.local/lib/python3.7/site-packages/airflow/example_dags/example_kubernetes_executor.py took 0.500 seconds
[2023-06-15T12:18:14.161+0000] {processor.py:157} INFO - Started process (PID=1350) to work on /home/airflow/.local/lib/python3.7/site-packages/airflow/example_dags/example_kubernetes_executor.py
[2023-06-15T12:18:14.162+0000] {processor.py:826} INFO - Processing file /home/airflow/.local/lib/python3.7/site-packages/airflow/example_dags/example_kubernetes_executor.py for tasks to queue
[2023-06-15T12:18:14.164+0000] {logging_mixin.py:149} INFO - [2023-06-15T12:18:14.163+0000] {dagbag.py:541} INFO - Filling up the DagBag from /home/airflow/.local/lib/python3.7/site-packages/airflow/example_dags/example_kubernetes_executor.py
[2023-06-15T12:18:14.518+0000] {processor.py:836} INFO - DAG(s) dict_keys(['example_kubernetes_executor']) retrieved from /home/airflow/.local/lib/python3.7/site-packages/airflow/example_dags/example_kubernetes_executor.py
[2023-06-15T12:18:14.575+0000] {logging_mixin.py:149} INFO - [2023-06-15T12:18:14.575+0000] {dag.py:2726} INFO - Sync 1 DAGs
[2023-06-15T12:18:14.622+0000] {logging_mixin.py:149} INFO - [2023-06-15T12:18:14.622+0000] {dag.py:3490} INFO - Setting next_dagrun for example_kubernetes_executor to None, run_after=None
[2023-06-15T12:18:14.653+0000] {processor.py:179} INFO - Processing /home/airflow/.local/lib/python3.7/site-packages/airflow/example_dags/example_kubernetes_executor.py took 0.496 seconds
[2023-06-15T12:18:44.906+0000] {processor.py:157} INFO - Started process (PID=1427) to work on /home/airflow/.local/lib/python3.7/site-packages/airflow/example_dags/example_kubernetes_executor.py
[2023-06-15T12:18:44.908+0000] {processor.py:826} INFO - Processing file /home/airflow/.local/lib/python3.7/site-packages/airflow/example_dags/example_kubernetes_executor.py for tasks to queue
[2023-06-15T12:18:44.909+0000] {logging_mixin.py:149} INFO - [2023-06-15T12:18:44.909+0000] {dagbag.py:541} INFO - Filling up the DagBag from /home/airflow/.local/lib/python3.7/site-packages/airflow/example_dags/example_kubernetes_executor.py
[2023-06-15T12:18:45.254+0000] {processor.py:836} INFO - DAG(s) dict_keys(['example_kubernetes_executor']) retrieved from /home/airflow/.local/lib/python3.7/site-packages/airflow/example_dags/example_kubernetes_executor.py
[2023-06-15T12:18:45.316+0000] {logging_mixin.py:149} INFO - [2023-06-15T12:18:45.316+0000] {dag.py:2726} INFO - Sync 1 DAGs
[2023-06-15T12:18:45.357+0000] {logging_mixin.py:149} INFO - [2023-06-15T12:18:45.357+0000] {dag.py:3490} INFO - Setting next_dagrun for example_kubernetes_executor to None, run_after=None
[2023-06-15T12:18:45.387+0000] {processor.py:179} INFO - Processing /home/airflow/.local/lib/python3.7/site-packages/airflow/example_dags/example_kubernetes_executor.py took 0.487 seconds
[2023-06-15T12:19:15.683+0000] {processor.py:157} INFO - Started process (PID=1504) to work on /home/airflow/.local/lib/python3.7/site-packages/airflow/example_dags/example_kubernetes_executor.py
[2023-06-15T12:19:15.684+0000] {processor.py:826} INFO - Processing file /home/airflow/.local/lib/python3.7/site-packages/airflow/example_dags/example_kubernetes_executor.py for tasks to queue
[2023-06-15T12:19:15.685+0000] {logging_mixin.py:149} INFO - [2023-06-15T12:19:15.685+0000] {dagbag.py:541} INFO - Filling up the DagBag from /home/airflow/.local/lib/python3.7/site-packages/airflow/example_dags/example_kubernetes_executor.py
[2023-06-15T12:19:16.029+0000] {processor.py:836} INFO - DAG(s) dict_keys(['example_kubernetes_executor']) retrieved from /home/airflow/.local/lib/python3.7/site-packages/airflow/example_dags/example_kubernetes_executor.py
[2023-06-15T12:19:16.090+0000] {logging_mixin.py:149} INFO - [2023-06-15T12:19:16.090+0000] {dag.py:2726} INFO - Sync 1 DAGs
[2023-06-15T12:19:16.134+0000] {logging_mixin.py:149} INFO - [2023-06-15T12:19:16.133+0000] {dag.py:3490} INFO - Setting next_dagrun for example_kubernetes_executor to None, run_after=None
[2023-06-15T12:19:16.164+0000] {processor.py:179} INFO - Processing /home/airflow/.local/lib/python3.7/site-packages/airflow/example_dags/example_kubernetes_executor.py took 0.486 seconds
[2023-06-15T12:19:46.285+0000] {processor.py:157} INFO - Started process (PID=1568) to work on /home/airflow/.local/lib/python3.7/site-packages/airflow/example_dags/example_kubernetes_executor.py
[2023-06-15T12:19:46.286+0000] {processor.py:826} INFO - Processing file /home/airflow/.local/lib/python3.7/site-packages/airflow/example_dags/example_kubernetes_executor.py for tasks to queue
[2023-06-15T12:19:46.287+0000] {logging_mixin.py:149} INFO - [2023-06-15T12:19:46.287+0000] {dagbag.py:541} INFO - Filling up the DagBag from /home/airflow/.local/lib/python3.7/site-packages/airflow/example_dags/example_kubernetes_executor.py
[2023-06-15T12:19:46.622+0000] {processor.py:836} INFO - DAG(s) dict_keys(['example_kubernetes_executor']) retrieved from /home/airflow/.local/lib/python3.7/site-packages/airflow/example_dags/example_kubernetes_executor.py
[2023-06-15T12:19:46.723+0000] {logging_mixin.py:149} INFO - [2023-06-15T12:19:46.723+0000] {dag.py:2726} INFO - Sync 1 DAGs
[2023-06-15T12:19:46.760+0000] {logging_mixin.py:149} INFO - [2023-06-15T12:19:46.760+0000] {dag.py:3490} INFO - Setting next_dagrun for example_kubernetes_executor to None, run_after=None
[2023-06-15T12:19:46.785+0000] {processor.py:179} INFO - Processing /home/airflow/.local/lib/python3.7/site-packages/airflow/example_dags/example_kubernetes_executor.py took 0.508 seconds
[2023-06-15T12:20:16.956+0000] {processor.py:157} INFO - Started process (PID=1634) to work on /home/airflow/.local/lib/python3.7/site-packages/airflow/example_dags/example_kubernetes_executor.py
[2023-06-15T12:20:16.957+0000] {processor.py:826} INFO - Processing file /home/airflow/.local/lib/python3.7/site-packages/airflow/example_dags/example_kubernetes_executor.py for tasks to queue
[2023-06-15T12:20:16.958+0000] {logging_mixin.py:149} INFO - [2023-06-15T12:20:16.958+0000] {dagbag.py:541} INFO - Filling up the DagBag from /home/airflow/.local/lib/python3.7/site-packages/airflow/example_dags/example_kubernetes_executor.py
