[2023-06-15T12:09:32.594+0000] {processor.py:157} INFO - Started process (PID=77) to work on /home/airflow/.local/lib/python3.7/site-packages/airflow/example_dags/example_local_kubernetes_executor.py
[2023-06-15T12:09:32.595+0000] {processor.py:826} INFO - Processing file /home/airflow/.local/lib/python3.7/site-packages/airflow/example_dags/example_local_kubernetes_executor.py for tasks to queue
[2023-06-15T12:09:32.596+0000] {logging_mixin.py:149} INFO - [2023-06-15T12:09:32.596+0000] {dagbag.py:541} INFO - Filling up the DagBag from /home/airflow/.local/lib/python3.7/site-packages/airflow/example_dags/example_local_kubernetes_executor.py
[2023-06-15T12:09:33.029+0000] {processor.py:836} INFO - DAG(s) dict_keys(['example_local_kubernetes_executor']) retrieved from /home/airflow/.local/lib/python3.7/site-packages/airflow/example_dags/example_local_kubernetes_executor.py
[2023-06-15T12:09:33.091+0000] {logging_mixin.py:149} INFO - [2023-06-15T12:09:33.091+0000] {dag.py:2726} INFO - Sync 1 DAGs
[2023-06-15T12:09:33.130+0000] {logging_mixin.py:149} INFO - [2023-06-15T12:09:33.129+0000] {dag.py:3490} INFO - Setting next_dagrun for example_local_kubernetes_executor to None, run_after=None
[2023-06-15T12:09:33.158+0000] {processor.py:179} INFO - Processing /home/airflow/.local/lib/python3.7/site-packages/airflow/example_dags/example_local_kubernetes_executor.py took 0.568 seconds
[2023-06-15T12:10:03.807+0000] {processor.py:157} INFO - Started process (PID=157) to work on /home/airflow/.local/lib/python3.7/site-packages/airflow/example_dags/example_local_kubernetes_executor.py
[2023-06-15T12:10:03.808+0000] {processor.py:826} INFO - Processing file /home/airflow/.local/lib/python3.7/site-packages/airflow/example_dags/example_local_kubernetes_executor.py for tasks to queue
[2023-06-15T12:10:03.809+0000] {logging_mixin.py:149} INFO - [2023-06-15T12:10:03.809+0000] {dagbag.py:541} INFO - Filling up the DagBag from /home/airflow/.local/lib/python3.7/site-packages/airflow/example_dags/example_local_kubernetes_executor.py
[2023-06-15T12:10:04.124+0000] {processor.py:836} INFO - DAG(s) dict_keys(['example_local_kubernetes_executor']) retrieved from /home/airflow/.local/lib/python3.7/site-packages/airflow/example_dags/example_local_kubernetes_executor.py
[2023-06-15T12:10:04.158+0000] {logging_mixin.py:149} INFO - [2023-06-15T12:10:04.158+0000] {dag.py:2726} INFO - Sync 1 DAGs
[2023-06-15T12:10:04.187+0000] {logging_mixin.py:149} INFO - [2023-06-15T12:10:04.187+0000] {dag.py:3490} INFO - Setting next_dagrun for example_local_kubernetes_executor to None, run_after=None
[2023-06-15T12:10:04.207+0000] {processor.py:179} INFO - Processing /home/airflow/.local/lib/python3.7/site-packages/airflow/example_dags/example_local_kubernetes_executor.py took 0.403 seconds
[2023-06-15T12:10:36.305+0000] {processor.py:157} INFO - Started process (PID=231) to work on /home/airflow/.local/lib/python3.7/site-packages/airflow/example_dags/example_local_kubernetes_executor.py
[2023-06-15T12:10:36.306+0000] {processor.py:826} INFO - Processing file /home/airflow/.local/lib/python3.7/site-packages/airflow/example_dags/example_local_kubernetes_executor.py for tasks to queue
[2023-06-15T12:10:36.307+0000] {logging_mixin.py:149} INFO - [2023-06-15T12:10:36.307+0000] {dagbag.py:541} INFO - Filling up the DagBag from /home/airflow/.local/lib/python3.7/site-packages/airflow/example_dags/example_local_kubernetes_executor.py
[2023-06-15T12:10:36.747+0000] {processor.py:836} INFO - DAG(s) dict_keys(['example_local_kubernetes_executor']) retrieved from /home/airflow/.local/lib/python3.7/site-packages/airflow/example_dags/example_local_kubernetes_executor.py
[2023-06-15T12:10:36.792+0000] {logging_mixin.py:149} INFO - [2023-06-15T12:10:36.792+0000] {dag.py:2726} INFO - Sync 1 DAGs
[2023-06-15T12:10:36.832+0000] {logging_mixin.py:149} INFO - [2023-06-15T12:10:36.832+0000] {dag.py:3490} INFO - Setting next_dagrun for example_local_kubernetes_executor to None, run_after=None
[2023-06-15T12:10:36.861+0000] {processor.py:179} INFO - Processing /home/airflow/.local/lib/python3.7/site-packages/airflow/example_dags/example_local_kubernetes_executor.py took 0.559 seconds
[2023-06-15T12:11:07.677+0000] {processor.py:157} INFO - Started process (PID=309) to work on /home/airflow/.local/lib/python3.7/site-packages/airflow/example_dags/example_local_kubernetes_executor.py
[2023-06-15T12:11:07.678+0000] {processor.py:826} INFO - Processing file /home/airflow/.local/lib/python3.7/site-packages/airflow/example_dags/example_local_kubernetes_executor.py for tasks to queue
[2023-06-15T12:11:07.680+0000] {logging_mixin.py:149} INFO - [2023-06-15T12:11:07.679+0000] {dagbag.py:541} INFO - Filling up the DagBag from /home/airflow/.local/lib/python3.7/site-packages/airflow/example_dags/example_local_kubernetes_executor.py
[2023-06-15T12:11:07.952+0000] {processor.py:836} INFO - DAG(s) dict_keys(['example_local_kubernetes_executor']) retrieved from /home/airflow/.local/lib/python3.7/site-packages/airflow/example_dags/example_local_kubernetes_executor.py
[2023-06-15T12:11:07.991+0000] {logging_mixin.py:149} INFO - [2023-06-15T12:11:07.991+0000] {dag.py:2726} INFO - Sync 1 DAGs
[2023-06-15T12:11:08.022+0000] {logging_mixin.py:149} INFO - [2023-06-15T12:11:08.022+0000] {dag.py:3490} INFO - Setting next_dagrun for example_local_kubernetes_executor to None, run_after=None
[2023-06-15T12:11:08.061+0000] {processor.py:179} INFO - Processing /home/airflow/.local/lib/python3.7/site-packages/airflow/example_dags/example_local_kubernetes_executor.py took 0.388 seconds
[2023-06-15T12:11:38.578+0000] {processor.py:157} INFO - Started process (PID=387) to work on /home/airflow/.local/lib/python3.7/site-packages/airflow/example_dags/example_local_kubernetes_executor.py
[2023-06-15T12:11:38.580+0000] {processor.py:826} INFO - Processing file /home/airflow/.local/lib/python3.7/site-packages/airflow/example_dags/example_local_kubernetes_executor.py for tasks to queue
[2023-06-15T12:11:38.581+0000] {logging_mixin.py:149} INFO - [2023-06-15T12:11:38.581+0000] {dagbag.py:541} INFO - Filling up the DagBag from /home/airflow/.local/lib/python3.7/site-packages/airflow/example_dags/example_local_kubernetes_executor.py
[2023-06-15T12:11:38.891+0000] {processor.py:836} INFO - DAG(s) dict_keys(['example_local_kubernetes_executor']) retrieved from /home/airflow/.local/lib/python3.7/site-packages/airflow/example_dags/example_local_kubernetes_executor.py
[2023-06-15T12:11:38.940+0000] {logging_mixin.py:149} INFO - [2023-06-15T12:11:38.940+0000] {dag.py:2726} INFO - Sync 1 DAGs
[2023-06-15T12:11:38.979+0000] {logging_mixin.py:149} INFO - [2023-06-15T12:11:38.979+0000] {dag.py:3490} INFO - Setting next_dagrun for example_local_kubernetes_executor to None, run_after=None
[2023-06-15T12:11:39.014+0000] {processor.py:179} INFO - Processing /home/airflow/.local/lib/python3.7/site-packages/airflow/example_dags/example_local_kubernetes_executor.py took 0.440 seconds
[2023-06-15T12:12:09.486+0000] {processor.py:157} INFO - Started process (PID=464) to work on /home/airflow/.local/lib/python3.7/site-packages/airflow/example_dags/example_local_kubernetes_executor.py
[2023-06-15T12:12:09.487+0000] {processor.py:826} INFO - Processing file /home/airflow/.local/lib/python3.7/site-packages/airflow/example_dags/example_local_kubernetes_executor.py for tasks to queue
[2023-06-15T12:12:09.488+0000] {logging_mixin.py:149} INFO - [2023-06-15T12:12:09.488+0000] {dagbag.py:541} INFO - Filling up the DagBag from /home/airflow/.local/lib/python3.7/site-packages/airflow/example_dags/example_local_kubernetes_executor.py
[2023-06-15T12:12:09.777+0000] {processor.py:836} INFO - DAG(s) dict_keys(['example_local_kubernetes_executor']) retrieved from /home/airflow/.local/lib/python3.7/site-packages/airflow/example_dags/example_local_kubernetes_executor.py
[2023-06-15T12:12:09.818+0000] {logging_mixin.py:149} INFO - [2023-06-15T12:12:09.818+0000] {dag.py:2726} INFO - Sync 1 DAGs
[2023-06-15T12:12:09.848+0000] {logging_mixin.py:149} INFO - [2023-06-15T12:12:09.848+0000] {dag.py:3490} INFO - Setting next_dagrun for example_local_kubernetes_executor to None, run_after=None
[2023-06-15T12:12:09.871+0000] {processor.py:179} INFO - Processing /home/airflow/.local/lib/python3.7/site-packages/airflow/example_dags/example_local_kubernetes_executor.py took 0.390 seconds
[2023-06-15T12:12:40.263+0000] {processor.py:157} INFO - Started process (PID=541) to work on /home/airflow/.local/lib/python3.7/site-packages/airflow/example_dags/example_local_kubernetes_executor.py
[2023-06-15T12:12:40.264+0000] {processor.py:826} INFO - Processing file /home/airflow/.local/lib/python3.7/site-packages/airflow/example_dags/example_local_kubernetes_executor.py for tasks to queue
[2023-06-15T12:12:40.265+0000] {logging_mixin.py:149} INFO - [2023-06-15T12:12:40.265+0000] {dagbag.py:541} INFO - Filling up the DagBag from /home/airflow/.local/lib/python3.7/site-packages/airflow/example_dags/example_local_kubernetes_executor.py
[2023-06-15T12:12:40.521+0000] {processor.py:836} INFO - DAG(s) dict_keys(['example_local_kubernetes_executor']) retrieved from /home/airflow/.local/lib/python3.7/site-packages/airflow/example_dags/example_local_kubernetes_executor.py
[2023-06-15T12:12:40.559+0000] {logging_mixin.py:149} INFO - [2023-06-15T12:12:40.559+0000] {dag.py:2726} INFO - Sync 1 DAGs
[2023-06-15T12:12:40.590+0000] {logging_mixin.py:149} INFO - [2023-06-15T12:12:40.590+0000] {dag.py:3490} INFO - Setting next_dagrun for example_local_kubernetes_executor to None, run_after=None
[2023-06-15T12:12:40.614+0000] {processor.py:179} INFO - Processing /home/airflow/.local/lib/python3.7/site-packages/airflow/example_dags/example_local_kubernetes_executor.py took 0.355 seconds
[2023-06-15T12:13:10.792+0000] {processor.py:157} INFO - Started process (PID=618) to work on /home/airflow/.local/lib/python3.7/site-packages/airflow/example_dags/example_local_kubernetes_executor.py
[2023-06-15T12:13:10.793+0000] {processor.py:826} INFO - Processing file /home/airflow/.local/lib/python3.7/site-packages/airflow/example_dags/example_local_kubernetes_executor.py for tasks to queue
[2023-06-15T12:13:10.794+0000] {logging_mixin.py:149} INFO - [2023-06-15T12:13:10.794+0000] {dagbag.py:541} INFO - Filling up the DagBag from /home/airflow/.local/lib/python3.7/site-packages/airflow/example_dags/example_local_kubernetes_executor.py
[2023-06-15T12:13:11.093+0000] {processor.py:836} INFO - DAG(s) dict_keys(['example_local_kubernetes_executor']) retrieved from /home/airflow/.local/lib/python3.7/site-packages/airflow/example_dags/example_local_kubernetes_executor.py
[2023-06-15T12:13:11.141+0000] {logging_mixin.py:149} INFO - [2023-06-15T12:13:11.141+0000] {dag.py:2726} INFO - Sync 1 DAGs
[2023-06-15T12:13:11.177+0000] {logging_mixin.py:149} INFO - [2023-06-15T12:13:11.177+0000] {dag.py:3490} INFO - Setting next_dagrun for example_local_kubernetes_executor to None, run_after=None
[2023-06-15T12:13:11.207+0000] {processor.py:179} INFO - Processing /home/airflow/.local/lib/python3.7/site-packages/airflow/example_dags/example_local_kubernetes_executor.py took 0.420 seconds
[2023-06-15T12:13:41.521+0000] {processor.py:157} INFO - Started process (PID=695) to work on /home/airflow/.local/lib/python3.7/site-packages/airflow/example_dags/example_local_kubernetes_executor.py
[2023-06-15T12:13:41.522+0000] {processor.py:826} INFO - Processing file /home/airflow/.local/lib/python3.7/site-packages/airflow/example_dags/example_local_kubernetes_executor.py for tasks to queue
[2023-06-15T12:13:41.523+0000] {logging_mixin.py:149} INFO - [2023-06-15T12:13:41.523+0000] {dagbag.py:541} INFO - Filling up the DagBag from /home/airflow/.local/lib/python3.7/site-packages/airflow/example_dags/example_local_kubernetes_executor.py
[2023-06-15T12:13:41.861+0000] {processor.py:836} INFO - DAG(s) dict_keys(['example_local_kubernetes_executor']) retrieved from /home/airflow/.local/lib/python3.7/site-packages/airflow/example_dags/example_local_kubernetes_executor.py
[2023-06-15T12:13:41.910+0000] {logging_mixin.py:149} INFO - [2023-06-15T12:13:41.909+0000] {dag.py:2726} INFO - Sync 1 DAGs
[2023-06-15T12:13:41.945+0000] {logging_mixin.py:149} INFO - [2023-06-15T12:13:41.945+0000] {dag.py:3490} INFO - Setting next_dagrun for example_local_kubernetes_executor to None, run_after=None
[2023-06-15T12:13:41.974+0000] {processor.py:179} INFO - Processing /home/airflow/.local/lib/python3.7/site-packages/airflow/example_dags/example_local_kubernetes_executor.py took 0.457 seconds
[2023-06-15T12:14:12.109+0000] {processor.py:157} INFO - Started process (PID=774) to work on /home/airflow/.local/lib/python3.7/site-packages/airflow/example_dags/example_local_kubernetes_executor.py
[2023-06-15T12:14:12.110+0000] {processor.py:826} INFO - Processing file /home/airflow/.local/lib/python3.7/site-packages/airflow/example_dags/example_local_kubernetes_executor.py for tasks to queue
[2023-06-15T12:14:12.111+0000] {logging_mixin.py:149} INFO - [2023-06-15T12:14:12.111+0000] {dagbag.py:541} INFO - Filling up the DagBag from /home/airflow/.local/lib/python3.7/site-packages/airflow/example_dags/example_local_kubernetes_executor.py
[2023-06-15T12:14:12.364+0000] {processor.py:836} INFO - DAG(s) dict_keys(['example_local_kubernetes_executor']) retrieved from /home/airflow/.local/lib/python3.7/site-packages/airflow/example_dags/example_local_kubernetes_executor.py
[2023-06-15T12:14:12.405+0000] {logging_mixin.py:149} INFO - [2023-06-15T12:14:12.405+0000] {dag.py:2726} INFO - Sync 1 DAGs
[2023-06-15T12:14:12.447+0000] {logging_mixin.py:149} INFO - [2023-06-15T12:14:12.447+0000] {dag.py:3490} INFO - Setting next_dagrun for example_local_kubernetes_executor to None, run_after=None
[2023-06-15T12:14:12.479+0000] {processor.py:179} INFO - Processing /home/airflow/.local/lib/python3.7/site-packages/airflow/example_dags/example_local_kubernetes_executor.py took 0.374 seconds
[2023-06-15T12:14:43.343+0000] {processor.py:157} INFO - Started process (PID=852) to work on /home/airflow/.local/lib/python3.7/site-packages/airflow/example_dags/example_local_kubernetes_executor.py
[2023-06-15T12:14:43.345+0000] {processor.py:826} INFO - Processing file /home/airflow/.local/lib/python3.7/site-packages/airflow/example_dags/example_local_kubernetes_executor.py for tasks to queue
[2023-06-15T12:14:43.346+0000] {logging_mixin.py:149} INFO - [2023-06-15T12:14:43.346+0000] {dagbag.py:541} INFO - Filling up the DagBag from /home/airflow/.local/lib/python3.7/site-packages/airflow/example_dags/example_local_kubernetes_executor.py
[2023-06-15T12:14:43.681+0000] {processor.py:836} INFO - DAG(s) dict_keys(['example_local_kubernetes_executor']) retrieved from /home/airflow/.local/lib/python3.7/site-packages/airflow/example_dags/example_local_kubernetes_executor.py
[2023-06-15T12:14:43.736+0000] {logging_mixin.py:149} INFO - [2023-06-15T12:14:43.736+0000] {dag.py:2726} INFO - Sync 1 DAGs
[2023-06-15T12:14:43.778+0000] {logging_mixin.py:149} INFO - [2023-06-15T12:14:43.778+0000] {dag.py:3490} INFO - Setting next_dagrun for example_local_kubernetes_executor to None, run_after=None
[2023-06-15T12:14:43.807+0000] {processor.py:179} INFO - Processing /home/airflow/.local/lib/python3.7/site-packages/airflow/example_dags/example_local_kubernetes_executor.py took 0.468 seconds
[2023-06-15T12:15:14.181+0000] {processor.py:157} INFO - Started process (PID=930) to work on /home/airflow/.local/lib/python3.7/site-packages/airflow/example_dags/example_local_kubernetes_executor.py
[2023-06-15T12:15:14.184+0000] {processor.py:826} INFO - Processing file /home/airflow/.local/lib/python3.7/site-packages/airflow/example_dags/example_local_kubernetes_executor.py for tasks to queue
[2023-06-15T12:15:14.186+0000] {logging_mixin.py:149} INFO - [2023-06-15T12:15:14.185+0000] {dagbag.py:541} INFO - Filling up the DagBag from /home/airflow/.local/lib/python3.7/site-packages/airflow/example_dags/example_local_kubernetes_executor.py
[2023-06-15T12:15:14.533+0000] {processor.py:836} INFO - DAG(s) dict_keys(['example_local_kubernetes_executor']) retrieved from /home/airflow/.local/lib/python3.7/site-packages/airflow/example_dags/example_local_kubernetes_executor.py
[2023-06-15T12:15:14.587+0000] {logging_mixin.py:149} INFO - [2023-06-15T12:15:14.586+0000] {dag.py:2726} INFO - Sync 1 DAGs
[2023-06-15T12:15:14.632+0000] {logging_mixin.py:149} INFO - [2023-06-15T12:15:14.631+0000] {dag.py:3490} INFO - Setting next_dagrun for example_local_kubernetes_executor to None, run_after=None
[2023-06-15T12:15:14.661+0000] {processor.py:179} INFO - Processing /home/airflow/.local/lib/python3.7/site-packages/airflow/example_dags/example_local_kubernetes_executor.py took 0.484 seconds
[2023-06-15T12:15:44.797+0000] {processor.py:157} INFO - Started process (PID=1009) to work on /home/airflow/.local/lib/python3.7/site-packages/airflow/example_dags/example_local_kubernetes_executor.py
[2023-06-15T12:15:44.799+0000] {processor.py:826} INFO - Processing file /home/airflow/.local/lib/python3.7/site-packages/airflow/example_dags/example_local_kubernetes_executor.py for tasks to queue
[2023-06-15T12:15:44.800+0000] {logging_mixin.py:149} INFO - [2023-06-15T12:15:44.800+0000] {dagbag.py:541} INFO - Filling up the DagBag from /home/airflow/.local/lib/python3.7/site-packages/airflow/example_dags/example_local_kubernetes_executor.py
[2023-06-15T12:15:45.162+0000] {processor.py:836} INFO - DAG(s) dict_keys(['example_local_kubernetes_executor']) retrieved from /home/airflow/.local/lib/python3.7/site-packages/airflow/example_dags/example_local_kubernetes_executor.py
[2023-06-15T12:15:45.210+0000] {logging_mixin.py:149} INFO - [2023-06-15T12:15:45.210+0000] {dag.py:2726} INFO - Sync 1 DAGs
[2023-06-15T12:15:45.248+0000] {logging_mixin.py:149} INFO - [2023-06-15T12:15:45.248+0000] {dag.py:3490} INFO - Setting next_dagrun for example_local_kubernetes_executor to None, run_after=None
[2023-06-15T12:15:45.293+0000] {processor.py:179} INFO - Processing /home/airflow/.local/lib/python3.7/site-packages/airflow/example_dags/example_local_kubernetes_executor.py took 0.500 seconds
[2023-06-15T12:16:15.427+0000] {processor.py:157} INFO - Started process (PID=1090) to work on /home/airflow/.local/lib/python3.7/site-packages/airflow/example_dags/example_local_kubernetes_executor.py
[2023-06-15T12:16:15.428+0000] {processor.py:826} INFO - Processing file /home/airflow/.local/lib/python3.7/site-packages/airflow/example_dags/example_local_kubernetes_executor.py for tasks to queue
[2023-06-15T12:16:15.429+0000] {logging_mixin.py:149} INFO - [2023-06-15T12:16:15.429+0000] {dagbag.py:541} INFO - Filling up the DagBag from /home/airflow/.local/lib/python3.7/site-packages/airflow/example_dags/example_local_kubernetes_executor.py
[2023-06-15T12:16:15.728+0000] {processor.py:836} INFO - DAG(s) dict_keys(['example_local_kubernetes_executor']) retrieved from /home/airflow/.local/lib/python3.7/site-packages/airflow/example_dags/example_local_kubernetes_executor.py
[2023-06-15T12:16:15.781+0000] {logging_mixin.py:149} INFO - [2023-06-15T12:16:15.781+0000] {dag.py:2726} INFO - Sync 1 DAGs
[2023-06-15T12:16:15.824+0000] {logging_mixin.py:149} INFO - [2023-06-15T12:16:15.824+0000] {dag.py:3490} INFO - Setting next_dagrun for example_local_kubernetes_executor to None, run_after=None
[2023-06-15T12:16:15.869+0000] {processor.py:179} INFO - Processing /home/airflow/.local/lib/python3.7/site-packages/airflow/example_dags/example_local_kubernetes_executor.py took 0.446 seconds
[2023-06-15T12:16:46.275+0000] {processor.py:157} INFO - Started process (PID=1168) to work on /home/airflow/.local/lib/python3.7/site-packages/airflow/example_dags/example_local_kubernetes_executor.py
[2023-06-15T12:16:46.277+0000] {processor.py:826} INFO - Processing file /home/airflow/.local/lib/python3.7/site-packages/airflow/example_dags/example_local_kubernetes_executor.py for tasks to queue
[2023-06-15T12:16:46.278+0000] {logging_mixin.py:149} INFO - [2023-06-15T12:16:46.277+0000] {dagbag.py:541} INFO - Filling up the DagBag from /home/airflow/.local/lib/python3.7/site-packages/airflow/example_dags/example_local_kubernetes_executor.py
[2023-06-15T12:16:46.557+0000] {processor.py:836} INFO - DAG(s) dict_keys(['example_local_kubernetes_executor']) retrieved from /home/airflow/.local/lib/python3.7/site-packages/airflow/example_dags/example_local_kubernetes_executor.py
[2023-06-15T12:16:46.611+0000] {logging_mixin.py:149} INFO - [2023-06-15T12:16:46.610+0000] {dag.py:2726} INFO - Sync 1 DAGs
[2023-06-15T12:16:46.658+0000] {logging_mixin.py:149} INFO - [2023-06-15T12:16:46.658+0000] {dag.py:3490} INFO - Setting next_dagrun for example_local_kubernetes_executor to None, run_after=None
[2023-06-15T12:16:46.701+0000] {processor.py:179} INFO - Processing /home/airflow/.local/lib/python3.7/site-packages/airflow/example_dags/example_local_kubernetes_executor.py took 0.429 seconds
[2023-06-15T12:17:16.761+0000] {processor.py:157} INFO - Started process (PID=1240) to work on /home/airflow/.local/lib/python3.7/site-packages/airflow/example_dags/example_local_kubernetes_executor.py
[2023-06-15T12:17:16.762+0000] {processor.py:826} INFO - Processing file /home/airflow/.local/lib/python3.7/site-packages/airflow/example_dags/example_local_kubernetes_executor.py for tasks to queue
[2023-06-15T12:17:16.763+0000] {logging_mixin.py:149} INFO - [2023-06-15T12:17:16.763+0000] {dagbag.py:541} INFO - Filling up the DagBag from /home/airflow/.local/lib/python3.7/site-packages/airflow/example_dags/example_local_kubernetes_executor.py
[2023-06-15T12:17:17.103+0000] {processor.py:836} INFO - DAG(s) dict_keys(['example_local_kubernetes_executor']) retrieved from /home/airflow/.local/lib/python3.7/site-packages/airflow/example_dags/example_local_kubernetes_executor.py
[2023-06-15T12:17:17.159+0000] {logging_mixin.py:149} INFO - [2023-06-15T12:17:17.158+0000] {dag.py:2726} INFO - Sync 1 DAGs
[2023-06-15T12:17:17.210+0000] {logging_mixin.py:149} INFO - [2023-06-15T12:17:17.209+0000] {dag.py:3490} INFO - Setting next_dagrun for example_local_kubernetes_executor to None, run_after=None
[2023-06-15T12:17:17.259+0000] {processor.py:179} INFO - Processing /home/airflow/.local/lib/python3.7/site-packages/airflow/example_dags/example_local_kubernetes_executor.py took 0.502 seconds
[2023-06-15T12:17:47.386+0000] {processor.py:157} INFO - Started process (PID=1320) to work on /home/airflow/.local/lib/python3.7/site-packages/airflow/example_dags/example_local_kubernetes_executor.py
[2023-06-15T12:17:47.387+0000] {processor.py:826} INFO - Processing file /home/airflow/.local/lib/python3.7/site-packages/airflow/example_dags/example_local_kubernetes_executor.py for tasks to queue
[2023-06-15T12:17:47.389+0000] {logging_mixin.py:149} INFO - [2023-06-15T12:17:47.388+0000] {dagbag.py:541} INFO - Filling up the DagBag from /home/airflow/.local/lib/python3.7/site-packages/airflow/example_dags/example_local_kubernetes_executor.py
[2023-06-15T12:17:47.691+0000] {processor.py:836} INFO - DAG(s) dict_keys(['example_local_kubernetes_executor']) retrieved from /home/airflow/.local/lib/python3.7/site-packages/airflow/example_dags/example_local_kubernetes_executor.py
[2023-06-15T12:17:47.739+0000] {logging_mixin.py:149} INFO - [2023-06-15T12:17:47.739+0000] {dag.py:2726} INFO - Sync 1 DAGs
[2023-06-15T12:17:47.784+0000] {logging_mixin.py:149} INFO - [2023-06-15T12:17:47.784+0000] {dag.py:3490} INFO - Setting next_dagrun for example_local_kubernetes_executor to None, run_after=None
[2023-06-15T12:17:47.815+0000] {processor.py:179} INFO - Processing /home/airflow/.local/lib/python3.7/site-packages/airflow/example_dags/example_local_kubernetes_executor.py took 0.433 seconds
[2023-06-15T12:18:18.782+0000] {processor.py:157} INFO - Started process (PID=1397) to work on /home/airflow/.local/lib/python3.7/site-packages/airflow/example_dags/example_local_kubernetes_executor.py
[2023-06-15T12:18:18.783+0000] {processor.py:826} INFO - Processing file /home/airflow/.local/lib/python3.7/site-packages/airflow/example_dags/example_local_kubernetes_executor.py for tasks to queue
[2023-06-15T12:18:18.785+0000] {logging_mixin.py:149} INFO - [2023-06-15T12:18:18.784+0000] {dagbag.py:541} INFO - Filling up the DagBag from /home/airflow/.local/lib/python3.7/site-packages/airflow/example_dags/example_local_kubernetes_executor.py
[2023-06-15T12:18:19.143+0000] {processor.py:836} INFO - DAG(s) dict_keys(['example_local_kubernetes_executor']) retrieved from /home/airflow/.local/lib/python3.7/site-packages/airflow/example_dags/example_local_kubernetes_executor.py
[2023-06-15T12:18:19.200+0000] {logging_mixin.py:149} INFO - [2023-06-15T12:18:19.199+0000] {dag.py:2726} INFO - Sync 1 DAGs
[2023-06-15T12:18:19.240+0000] {logging_mixin.py:149} INFO - [2023-06-15T12:18:19.240+0000] {dag.py:3490} INFO - Setting next_dagrun for example_local_kubernetes_executor to None, run_after=None
[2023-06-15T12:18:19.273+0000] {processor.py:179} INFO - Processing /home/airflow/.local/lib/python3.7/site-packages/airflow/example_dags/example_local_kubernetes_executor.py took 0.497 seconds
[2023-06-15T12:18:49.585+0000] {processor.py:157} INFO - Started process (PID=1474) to work on /home/airflow/.local/lib/python3.7/site-packages/airflow/example_dags/example_local_kubernetes_executor.py
[2023-06-15T12:18:49.586+0000] {processor.py:826} INFO - Processing file /home/airflow/.local/lib/python3.7/site-packages/airflow/example_dags/example_local_kubernetes_executor.py for tasks to queue
[2023-06-15T12:18:49.587+0000] {logging_mixin.py:149} INFO - [2023-06-15T12:18:49.587+0000] {dagbag.py:541} INFO - Filling up the DagBag from /home/airflow/.local/lib/python3.7/site-packages/airflow/example_dags/example_local_kubernetes_executor.py
[2023-06-15T12:18:49.920+0000] {processor.py:836} INFO - DAG(s) dict_keys(['example_local_kubernetes_executor']) retrieved from /home/airflow/.local/lib/python3.7/site-packages/airflow/example_dags/example_local_kubernetes_executor.py
[2023-06-15T12:18:49.967+0000] {logging_mixin.py:149} INFO - [2023-06-15T12:18:49.967+0000] {dag.py:2726} INFO - Sync 1 DAGs
[2023-06-15T12:18:50.005+0000] {logging_mixin.py:149} INFO - [2023-06-15T12:18:50.005+0000] {dag.py:3490} INFO - Setting next_dagrun for example_local_kubernetes_executor to None, run_after=None
[2023-06-15T12:18:50.049+0000] {processor.py:179} INFO - Processing /home/airflow/.local/lib/python3.7/site-packages/airflow/example_dags/example_local_kubernetes_executor.py took 0.468 seconds
[2023-06-15T12:19:21.049+0000] {processor.py:157} INFO - Started process (PID=1540) to work on /home/airflow/.local/lib/python3.7/site-packages/airflow/example_dags/example_local_kubernetes_executor.py
[2023-06-15T12:19:21.050+0000] {processor.py:826} INFO - Processing file /home/airflow/.local/lib/python3.7/site-packages/airflow/example_dags/example_local_kubernetes_executor.py for tasks to queue
[2023-06-15T12:19:21.052+0000] {logging_mixin.py:149} INFO - [2023-06-15T12:19:21.051+0000] {dagbag.py:541} INFO - Filling up the DagBag from /home/airflow/.local/lib/python3.7/site-packages/airflow/example_dags/example_local_kubernetes_executor.py
[2023-06-15T12:19:21.371+0000] {processor.py:836} INFO - DAG(s) dict_keys(['example_local_kubernetes_executor']) retrieved from /home/airflow/.local/lib/python3.7/site-packages/airflow/example_dags/example_local_kubernetes_executor.py
[2023-06-15T12:19:21.424+0000] {logging_mixin.py:149} INFO - [2023-06-15T12:19:21.424+0000] {dag.py:2726} INFO - Sync 1 DAGs
[2023-06-15T12:19:21.467+0000] {logging_mixin.py:149} INFO - [2023-06-15T12:19:21.467+0000] {dag.py:3490} INFO - Setting next_dagrun for example_local_kubernetes_executor to None, run_after=None
[2023-06-15T12:19:21.495+0000] {processor.py:179} INFO - Processing /home/airflow/.local/lib/python3.7/site-packages/airflow/example_dags/example_local_kubernetes_executor.py took 0.450 seconds
[2023-06-15T12:19:51.693+0000] {processor.py:157} INFO - Started process (PID=1603) to work on /home/airflow/.local/lib/python3.7/site-packages/airflow/example_dags/example_local_kubernetes_executor.py
[2023-06-15T12:19:51.694+0000] {processor.py:826} INFO - Processing file /home/airflow/.local/lib/python3.7/site-packages/airflow/example_dags/example_local_kubernetes_executor.py for tasks to queue
[2023-06-15T12:19:51.695+0000] {logging_mixin.py:149} INFO - [2023-06-15T12:19:51.695+0000] {dagbag.py:541} INFO - Filling up the DagBag from /home/airflow/.local/lib/python3.7/site-packages/airflow/example_dags/example_local_kubernetes_executor.py
[2023-06-15T12:19:51.986+0000] {processor.py:836} INFO - DAG(s) dict_keys(['example_local_kubernetes_executor']) retrieved from /home/airflow/.local/lib/python3.7/site-packages/airflow/example_dags/example_local_kubernetes_executor.py
[2023-06-15T12:19:52.045+0000] {logging_mixin.py:149} INFO - [2023-06-15T12:19:52.045+0000] {dag.py:2726} INFO - Sync 1 DAGs
[2023-06-15T12:19:52.090+0000] {logging_mixin.py:149} INFO - [2023-06-15T12:19:52.090+0000] {dag.py:3490} INFO - Setting next_dagrun for example_local_kubernetes_executor to None, run_after=None
[2023-06-15T12:19:52.143+0000] {processor.py:179} INFO - Processing /home/airflow/.local/lib/python3.7/site-packages/airflow/example_dags/example_local_kubernetes_executor.py took 0.454 seconds
