[2023-06-15T12:09:30.962+0000] {processor.py:157} INFO - Started process (PID=57) to work on /home/airflow/.local/lib/python3.7/site-packages/airflow/example_dags/example_sensors.py
[2023-06-15T12:09:30.964+0000] {processor.py:826} INFO - Processing file /home/airflow/.local/lib/python3.7/site-packages/airflow/example_dags/example_sensors.py for tasks to queue
[2023-06-15T12:09:30.965+0000] {logging_mixin.py:149} INFO - [2023-06-15T12:09:30.964+0000] {dagbag.py:541} INFO - Filling up the DagBag from /home/airflow/.local/lib/python3.7/site-packages/airflow/example_dags/example_sensors.py
[2023-06-15T12:09:30.981+0000] {processor.py:836} INFO - DAG(s) dict_keys(['example_sensors']) retrieved from /home/airflow/.local/lib/python3.7/site-packages/airflow/example_dags/example_sensors.py
[2023-06-15T12:09:31.038+0000] {logging_mixin.py:149} INFO - [2023-06-15T12:09:31.038+0000] {dag.py:2726} INFO - Sync 1 DAGs
[2023-06-15T12:09:31.079+0000] {logging_mixin.py:149} INFO - [2023-06-15T12:09:31.079+0000] {dag.py:3490} INFO - Setting next_dagrun for example_sensors to None, run_after=None
[2023-06-15T12:09:31.105+0000] {processor.py:179} INFO - Processing /home/airflow/.local/lib/python3.7/site-packages/airflow/example_dags/example_sensors.py took 0.146 seconds
[2023-06-15T12:10:01.657+0000] {processor.py:157} INFO - Started process (PID=134) to work on /home/airflow/.local/lib/python3.7/site-packages/airflow/example_dags/example_sensors.py
[2023-06-15T12:10:01.658+0000] {processor.py:826} INFO - Processing file /home/airflow/.local/lib/python3.7/site-packages/airflow/example_dags/example_sensors.py for tasks to queue
[2023-06-15T12:10:01.660+0000] {logging_mixin.py:149} INFO - [2023-06-15T12:10:01.660+0000] {dagbag.py:541} INFO - Filling up the DagBag from /home/airflow/.local/lib/python3.7/site-packages/airflow/example_dags/example_sensors.py
[2023-06-15T12:10:01.668+0000] {processor.py:836} INFO - DAG(s) dict_keys(['example_sensors']) retrieved from /home/airflow/.local/lib/python3.7/site-packages/airflow/example_dags/example_sensors.py
[2023-06-15T12:10:01.703+0000] {logging_mixin.py:149} INFO - [2023-06-15T12:10:01.703+0000] {dag.py:2726} INFO - Sync 1 DAGs
[2023-06-15T12:10:01.728+0000] {logging_mixin.py:149} INFO - [2023-06-15T12:10:01.728+0000] {dag.py:3490} INFO - Setting next_dagrun for example_sensors to None, run_after=None
[2023-06-15T12:10:01.747+0000] {processor.py:179} INFO - Processing /home/airflow/.local/lib/python3.7/site-packages/airflow/example_dags/example_sensors.py took 0.093 seconds
[2023-06-15T12:10:33.770+0000] {processor.py:157} INFO - Started process (PID=211) to work on /home/airflow/.local/lib/python3.7/site-packages/airflow/example_dags/example_sensors.py
[2023-06-15T12:10:33.771+0000] {processor.py:826} INFO - Processing file /home/airflow/.local/lib/python3.7/site-packages/airflow/example_dags/example_sensors.py for tasks to queue
[2023-06-15T12:10:33.772+0000] {logging_mixin.py:149} INFO - [2023-06-15T12:10:33.772+0000] {dagbag.py:541} INFO - Filling up the DagBag from /home/airflow/.local/lib/python3.7/site-packages/airflow/example_dags/example_sensors.py
[2023-06-15T12:10:33.786+0000] {processor.py:836} INFO - DAG(s) dict_keys(['example_sensors']) retrieved from /home/airflow/.local/lib/python3.7/site-packages/airflow/example_dags/example_sensors.py
[2023-06-15T12:10:33.934+0000] {logging_mixin.py:149} INFO - [2023-06-15T12:10:33.934+0000] {dag.py:2726} INFO - Sync 1 DAGs
[2023-06-15T12:10:33.968+0000] {logging_mixin.py:149} INFO - [2023-06-15T12:10:33.968+0000] {dag.py:3490} INFO - Setting next_dagrun for example_sensors to None, run_after=None
[2023-06-15T12:10:34.009+0000] {processor.py:179} INFO - Processing /home/airflow/.local/lib/python3.7/site-packages/airflow/example_dags/example_sensors.py took 0.242 seconds
[2023-06-15T12:11:04.293+0000] {processor.py:157} INFO - Started process (PID=288) to work on /home/airflow/.local/lib/python3.7/site-packages/airflow/example_dags/example_sensors.py
[2023-06-15T12:11:04.294+0000] {processor.py:826} INFO - Processing file /home/airflow/.local/lib/python3.7/site-packages/airflow/example_dags/example_sensors.py for tasks to queue
[2023-06-15T12:11:04.295+0000] {logging_mixin.py:149} INFO - [2023-06-15T12:11:04.295+0000] {dagbag.py:541} INFO - Filling up the DagBag from /home/airflow/.local/lib/python3.7/site-packages/airflow/example_dags/example_sensors.py
[2023-06-15T12:11:04.307+0000] {processor.py:836} INFO - DAG(s) dict_keys(['example_sensors']) retrieved from /home/airflow/.local/lib/python3.7/site-packages/airflow/example_dags/example_sensors.py
[2023-06-15T12:11:04.350+0000] {logging_mixin.py:149} INFO - [2023-06-15T12:11:04.349+0000] {dag.py:2726} INFO - Sync 1 DAGs
[2023-06-15T12:11:04.390+0000] {logging_mixin.py:149} INFO - [2023-06-15T12:11:04.390+0000] {dag.py:3490} INFO - Setting next_dagrun for example_sensors to None, run_after=None
[2023-06-15T12:11:04.435+0000] {processor.py:179} INFO - Processing /home/airflow/.local/lib/python3.7/site-packages/airflow/example_dags/example_sensors.py took 0.146 seconds
[2023-06-15T12:11:35.239+0000] {processor.py:157} INFO - Started process (PID=366) to work on /home/airflow/.local/lib/python3.7/site-packages/airflow/example_dags/example_sensors.py
[2023-06-15T12:11:35.240+0000] {processor.py:826} INFO - Processing file /home/airflow/.local/lib/python3.7/site-packages/airflow/example_dags/example_sensors.py for tasks to queue
[2023-06-15T12:11:35.241+0000] {logging_mixin.py:149} INFO - [2023-06-15T12:11:35.241+0000] {dagbag.py:541} INFO - Filling up the DagBag from /home/airflow/.local/lib/python3.7/site-packages/airflow/example_dags/example_sensors.py
[2023-06-15T12:11:35.251+0000] {processor.py:836} INFO - DAG(s) dict_keys(['example_sensors']) retrieved from /home/airflow/.local/lib/python3.7/site-packages/airflow/example_dags/example_sensors.py
[2023-06-15T12:11:35.282+0000] {logging_mixin.py:149} INFO - [2023-06-15T12:11:35.282+0000] {dag.py:2726} INFO - Sync 1 DAGs
[2023-06-15T12:11:35.310+0000] {logging_mixin.py:149} INFO - [2023-06-15T12:11:35.309+0000] {dag.py:3490} INFO - Setting next_dagrun for example_sensors to None, run_after=None
[2023-06-15T12:11:35.347+0000] {processor.py:179} INFO - Processing /home/airflow/.local/lib/python3.7/site-packages/airflow/example_dags/example_sensors.py took 0.111 seconds
[2023-06-15T12:12:06.052+0000] {processor.py:157} INFO - Started process (PID=443) to work on /home/airflow/.local/lib/python3.7/site-packages/airflow/example_dags/example_sensors.py
[2023-06-15T12:12:06.054+0000] {processor.py:826} INFO - Processing file /home/airflow/.local/lib/python3.7/site-packages/airflow/example_dags/example_sensors.py for tasks to queue
[2023-06-15T12:12:06.055+0000] {logging_mixin.py:149} INFO - [2023-06-15T12:12:06.054+0000] {dagbag.py:541} INFO - Filling up the DagBag from /home/airflow/.local/lib/python3.7/site-packages/airflow/example_dags/example_sensors.py
[2023-06-15T12:12:06.063+0000] {processor.py:836} INFO - DAG(s) dict_keys(['example_sensors']) retrieved from /home/airflow/.local/lib/python3.7/site-packages/airflow/example_dags/example_sensors.py
[2023-06-15T12:12:06.096+0000] {logging_mixin.py:149} INFO - [2023-06-15T12:12:06.095+0000] {dag.py:2726} INFO - Sync 1 DAGs
[2023-06-15T12:12:06.126+0000] {logging_mixin.py:149} INFO - [2023-06-15T12:12:06.126+0000] {dag.py:3490} INFO - Setting next_dagrun for example_sensors to None, run_after=None
[2023-06-15T12:12:06.149+0000] {processor.py:179} INFO - Processing /home/airflow/.local/lib/python3.7/site-packages/airflow/example_dags/example_sensors.py took 0.100 seconds
[2023-06-15T12:12:36.918+0000] {processor.py:157} INFO - Started process (PID=520) to work on /home/airflow/.local/lib/python3.7/site-packages/airflow/example_dags/example_sensors.py
[2023-06-15T12:12:36.919+0000] {processor.py:826} INFO - Processing file /home/airflow/.local/lib/python3.7/site-packages/airflow/example_dags/example_sensors.py for tasks to queue
[2023-06-15T12:12:36.920+0000] {logging_mixin.py:149} INFO - [2023-06-15T12:12:36.919+0000] {dagbag.py:541} INFO - Filling up the DagBag from /home/airflow/.local/lib/python3.7/site-packages/airflow/example_dags/example_sensors.py
[2023-06-15T12:12:36.930+0000] {processor.py:836} INFO - DAG(s) dict_keys(['example_sensors']) retrieved from /home/airflow/.local/lib/python3.7/site-packages/airflow/example_dags/example_sensors.py
[2023-06-15T12:12:36.965+0000] {logging_mixin.py:149} INFO - [2023-06-15T12:12:36.965+0000] {dag.py:2726} INFO - Sync 1 DAGs
[2023-06-15T12:12:36.995+0000] {logging_mixin.py:149} INFO - [2023-06-15T12:12:36.995+0000] {dag.py:3490} INFO - Setting next_dagrun for example_sensors to None, run_after=None
[2023-06-15T12:12:37.019+0000] {processor.py:179} INFO - Processing /home/airflow/.local/lib/python3.7/site-packages/airflow/example_dags/example_sensors.py took 0.104 seconds
[2023-06-15T12:13:07.982+0000] {processor.py:157} INFO - Started process (PID=597) to work on /home/airflow/.local/lib/python3.7/site-packages/airflow/example_dags/example_sensors.py
[2023-06-15T12:13:07.984+0000] {processor.py:826} INFO - Processing file /home/airflow/.local/lib/python3.7/site-packages/airflow/example_dags/example_sensors.py for tasks to queue
[2023-06-15T12:13:07.985+0000] {logging_mixin.py:149} INFO - [2023-06-15T12:13:07.985+0000] {dagbag.py:541} INFO - Filling up the DagBag from /home/airflow/.local/lib/python3.7/site-packages/airflow/example_dags/example_sensors.py
[2023-06-15T12:13:07.997+0000] {processor.py:836} INFO - DAG(s) dict_keys(['example_sensors']) retrieved from /home/airflow/.local/lib/python3.7/site-packages/airflow/example_dags/example_sensors.py
[2023-06-15T12:13:08.037+0000] {logging_mixin.py:149} INFO - [2023-06-15T12:13:08.037+0000] {dag.py:2726} INFO - Sync 1 DAGs
[2023-06-15T12:13:08.075+0000] {logging_mixin.py:149} INFO - [2023-06-15T12:13:08.075+0000] {dag.py:3490} INFO - Setting next_dagrun for example_sensors to None, run_after=None
[2023-06-15T12:13:08.102+0000] {processor.py:179} INFO - Processing /home/airflow/.local/lib/python3.7/site-packages/airflow/example_dags/example_sensors.py took 0.123 seconds
[2023-06-15T12:13:38.876+0000] {processor.py:157} INFO - Started process (PID=674) to work on /home/airflow/.local/lib/python3.7/site-packages/airflow/example_dags/example_sensors.py
[2023-06-15T12:13:38.877+0000] {processor.py:826} INFO - Processing file /home/airflow/.local/lib/python3.7/site-packages/airflow/example_dags/example_sensors.py for tasks to queue
[2023-06-15T12:13:38.879+0000] {logging_mixin.py:149} INFO - [2023-06-15T12:13:38.879+0000] {dagbag.py:541} INFO - Filling up the DagBag from /home/airflow/.local/lib/python3.7/site-packages/airflow/example_dags/example_sensors.py
[2023-06-15T12:13:38.893+0000] {processor.py:836} INFO - DAG(s) dict_keys(['example_sensors']) retrieved from /home/airflow/.local/lib/python3.7/site-packages/airflow/example_dags/example_sensors.py
[2023-06-15T12:13:38.941+0000] {logging_mixin.py:149} INFO - [2023-06-15T12:13:38.940+0000] {dag.py:2726} INFO - Sync 1 DAGs
[2023-06-15T12:13:38.984+0000] {logging_mixin.py:149} INFO - [2023-06-15T12:13:38.983+0000] {dag.py:3490} INFO - Setting next_dagrun for example_sensors to None, run_after=None
[2023-06-15T12:13:39.017+0000] {processor.py:179} INFO - Processing /home/airflow/.local/lib/python3.7/site-packages/airflow/example_dags/example_sensors.py took 0.147 seconds
[2023-06-15T12:14:09.666+0000] {processor.py:157} INFO - Started process (PID=751) to work on /home/airflow/.local/lib/python3.7/site-packages/airflow/example_dags/example_sensors.py
[2023-06-15T12:14:09.667+0000] {processor.py:826} INFO - Processing file /home/airflow/.local/lib/python3.7/site-packages/airflow/example_dags/example_sensors.py for tasks to queue
[2023-06-15T12:14:09.669+0000] {logging_mixin.py:149} INFO - [2023-06-15T12:14:09.669+0000] {dagbag.py:541} INFO - Filling up the DagBag from /home/airflow/.local/lib/python3.7/site-packages/airflow/example_dags/example_sensors.py
[2023-06-15T12:14:09.688+0000] {processor.py:836} INFO - DAG(s) dict_keys(['example_sensors']) retrieved from /home/airflow/.local/lib/python3.7/site-packages/airflow/example_dags/example_sensors.py
[2023-06-15T12:14:09.738+0000] {logging_mixin.py:149} INFO - [2023-06-15T12:14:09.738+0000] {dag.py:2726} INFO - Sync 1 DAGs
[2023-06-15T12:14:09.775+0000] {logging_mixin.py:149} INFO - [2023-06-15T12:14:09.775+0000] {dag.py:3490} INFO - Setting next_dagrun for example_sensors to None, run_after=None
[2023-06-15T12:14:09.808+0000] {processor.py:179} INFO - Processing /home/airflow/.local/lib/python3.7/site-packages/airflow/example_dags/example_sensors.py took 0.146 seconds
[2023-06-15T12:14:40.171+0000] {processor.py:157} INFO - Started process (PID=828) to work on /home/airflow/.local/lib/python3.7/site-packages/airflow/example_dags/example_sensors.py
[2023-06-15T12:14:40.172+0000] {processor.py:826} INFO - Processing file /home/airflow/.local/lib/python3.7/site-packages/airflow/example_dags/example_sensors.py for tasks to queue
[2023-06-15T12:14:40.173+0000] {logging_mixin.py:149} INFO - [2023-06-15T12:14:40.173+0000] {dagbag.py:541} INFO - Filling up the DagBag from /home/airflow/.local/lib/python3.7/site-packages/airflow/example_dags/example_sensors.py
[2023-06-15T12:14:40.185+0000] {processor.py:836} INFO - DAG(s) dict_keys(['example_sensors']) retrieved from /home/airflow/.local/lib/python3.7/site-packages/airflow/example_dags/example_sensors.py
[2023-06-15T12:14:40.225+0000] {logging_mixin.py:149} INFO - [2023-06-15T12:14:40.224+0000] {dag.py:2726} INFO - Sync 1 DAGs
[2023-06-15T12:14:40.271+0000] {logging_mixin.py:149} INFO - [2023-06-15T12:14:40.271+0000] {dag.py:3490} INFO - Setting next_dagrun for example_sensors to None, run_after=None
[2023-06-15T12:14:40.300+0000] {processor.py:179} INFO - Processing /home/airflow/.local/lib/python3.7/site-packages/airflow/example_dags/example_sensors.py took 0.133 seconds
[2023-06-15T12:15:10.822+0000] {processor.py:157} INFO - Started process (PID=906) to work on /home/airflow/.local/lib/python3.7/site-packages/airflow/example_dags/example_sensors.py
[2023-06-15T12:15:10.823+0000] {processor.py:826} INFO - Processing file /home/airflow/.local/lib/python3.7/site-packages/airflow/example_dags/example_sensors.py for tasks to queue
[2023-06-15T12:15:10.824+0000] {logging_mixin.py:149} INFO - [2023-06-15T12:15:10.824+0000] {dagbag.py:541} INFO - Filling up the DagBag from /home/airflow/.local/lib/python3.7/site-packages/airflow/example_dags/example_sensors.py
[2023-06-15T12:15:10.835+0000] {processor.py:836} INFO - DAG(s) dict_keys(['example_sensors']) retrieved from /home/airflow/.local/lib/python3.7/site-packages/airflow/example_dags/example_sensors.py
[2023-06-15T12:15:10.874+0000] {logging_mixin.py:149} INFO - [2023-06-15T12:15:10.874+0000] {dag.py:2726} INFO - Sync 1 DAGs
[2023-06-15T12:15:10.919+0000] {logging_mixin.py:149} INFO - [2023-06-15T12:15:10.919+0000] {dag.py:3490} INFO - Setting next_dagrun for example_sensors to None, run_after=None
[2023-06-15T12:15:10.954+0000] {processor.py:179} INFO - Processing /home/airflow/.local/lib/python3.7/site-packages/airflow/example_dags/example_sensors.py took 0.135 seconds
[2023-06-15T12:15:41.129+0000] {processor.py:157} INFO - Started process (PID=982) to work on /home/airflow/.local/lib/python3.7/site-packages/airflow/example_dags/example_sensors.py
[2023-06-15T12:15:41.130+0000] {processor.py:826} INFO - Processing file /home/airflow/.local/lib/python3.7/site-packages/airflow/example_dags/example_sensors.py for tasks to queue
[2023-06-15T12:15:41.132+0000] {logging_mixin.py:149} INFO - [2023-06-15T12:15:41.132+0000] {dagbag.py:541} INFO - Filling up the DagBag from /home/airflow/.local/lib/python3.7/site-packages/airflow/example_dags/example_sensors.py
[2023-06-15T12:15:41.145+0000] {processor.py:836} INFO - DAG(s) dict_keys(['example_sensors']) retrieved from /home/airflow/.local/lib/python3.7/site-packages/airflow/example_dags/example_sensors.py
[2023-06-15T12:15:41.184+0000] {logging_mixin.py:149} INFO - [2023-06-15T12:15:41.184+0000] {dag.py:2726} INFO - Sync 1 DAGs
[2023-06-15T12:15:41.229+0000] {logging_mixin.py:149} INFO - [2023-06-15T12:15:41.229+0000] {dag.py:3490} INFO - Setting next_dagrun for example_sensors to None, run_after=None
[2023-06-15T12:15:41.260+0000] {processor.py:179} INFO - Processing /home/airflow/.local/lib/python3.7/site-packages/airflow/example_dags/example_sensors.py took 0.134 seconds
[2023-06-15T12:16:12.111+0000] {processor.py:157} INFO - Started process (PID=1048) to work on /home/airflow/.local/lib/python3.7/site-packages/airflow/example_dags/example_sensors.py
[2023-06-15T12:16:12.112+0000] {processor.py:826} INFO - Processing file /home/airflow/.local/lib/python3.7/site-packages/airflow/example_dags/example_sensors.py for tasks to queue
[2023-06-15T12:16:12.113+0000] {logging_mixin.py:149} INFO - [2023-06-15T12:16:12.113+0000] {dagbag.py:541} INFO - Filling up the DagBag from /home/airflow/.local/lib/python3.7/site-packages/airflow/example_dags/example_sensors.py
[2023-06-15T12:16:12.125+0000] {processor.py:836} INFO - DAG(s) dict_keys(['example_sensors']) retrieved from /home/airflow/.local/lib/python3.7/site-packages/airflow/example_dags/example_sensors.py
[2023-06-15T12:16:12.163+0000] {logging_mixin.py:149} INFO - [2023-06-15T12:16:12.163+0000] {dag.py:2726} INFO - Sync 1 DAGs
[2023-06-15T12:16:12.213+0000] {logging_mixin.py:149} INFO - [2023-06-15T12:16:12.213+0000] {dag.py:3490} INFO - Setting next_dagrun for example_sensors to None, run_after=None
[2023-06-15T12:16:12.251+0000] {processor.py:179} INFO - Processing /home/airflow/.local/lib/python3.7/site-packages/airflow/example_dags/example_sensors.py took 0.143 seconds
[2023-06-15T12:16:42.774+0000] {processor.py:157} INFO - Started process (PID=1125) to work on /home/airflow/.local/lib/python3.7/site-packages/airflow/example_dags/example_sensors.py
[2023-06-15T12:16:42.775+0000] {processor.py:826} INFO - Processing file /home/airflow/.local/lib/python3.7/site-packages/airflow/example_dags/example_sensors.py for tasks to queue
[2023-06-15T12:16:42.776+0000] {logging_mixin.py:149} INFO - [2023-06-15T12:16:42.776+0000] {dagbag.py:541} INFO - Filling up the DagBag from /home/airflow/.local/lib/python3.7/site-packages/airflow/example_dags/example_sensors.py
[2023-06-15T12:16:42.790+0000] {processor.py:836} INFO - DAG(s) dict_keys(['example_sensors']) retrieved from /home/airflow/.local/lib/python3.7/site-packages/airflow/example_dags/example_sensors.py
[2023-06-15T12:16:42.839+0000] {logging_mixin.py:149} INFO - [2023-06-15T12:16:42.839+0000] {dag.py:2726} INFO - Sync 1 DAGs
[2023-06-15T12:16:42.888+0000] {logging_mixin.py:149} INFO - [2023-06-15T12:16:42.888+0000] {dag.py:3490} INFO - Setting next_dagrun for example_sensors to None, run_after=None
[2023-06-15T12:16:42.919+0000] {processor.py:179} INFO - Processing /home/airflow/.local/lib/python3.7/site-packages/airflow/example_dags/example_sensors.py took 0.150 seconds
[2023-06-15T12:17:13.791+0000] {processor.py:157} INFO - Started process (PID=1202) to work on /home/airflow/.local/lib/python3.7/site-packages/airflow/example_dags/example_sensors.py
[2023-06-15T12:17:13.792+0000] {processor.py:826} INFO - Processing file /home/airflow/.local/lib/python3.7/site-packages/airflow/example_dags/example_sensors.py for tasks to queue
[2023-06-15T12:17:13.793+0000] {logging_mixin.py:149} INFO - [2023-06-15T12:17:13.793+0000] {dagbag.py:541} INFO - Filling up the DagBag from /home/airflow/.local/lib/python3.7/site-packages/airflow/example_dags/example_sensors.py
[2023-06-15T12:17:13.809+0000] {processor.py:836} INFO - DAG(s) dict_keys(['example_sensors']) retrieved from /home/airflow/.local/lib/python3.7/site-packages/airflow/example_dags/example_sensors.py
[2023-06-15T12:17:13.852+0000] {logging_mixin.py:149} INFO - [2023-06-15T12:17:13.851+0000] {dag.py:2726} INFO - Sync 1 DAGs
[2023-06-15T12:17:13.896+0000] {logging_mixin.py:149} INFO - [2023-06-15T12:17:13.895+0000] {dag.py:3490} INFO - Setting next_dagrun for example_sensors to None, run_after=None
[2023-06-15T12:17:13.930+0000] {processor.py:179} INFO - Processing /home/airflow/.local/lib/python3.7/site-packages/airflow/example_dags/example_sensors.py took 0.142 seconds
[2023-06-15T12:17:44.308+0000] {processor.py:157} INFO - Started process (PID=1279) to work on /home/airflow/.local/lib/python3.7/site-packages/airflow/example_dags/example_sensors.py
[2023-06-15T12:17:44.309+0000] {processor.py:826} INFO - Processing file /home/airflow/.local/lib/python3.7/site-packages/airflow/example_dags/example_sensors.py for tasks to queue
[2023-06-15T12:17:44.310+0000] {logging_mixin.py:149} INFO - [2023-06-15T12:17:44.310+0000] {dagbag.py:541} INFO - Filling up the DagBag from /home/airflow/.local/lib/python3.7/site-packages/airflow/example_dags/example_sensors.py
[2023-06-15T12:17:44.321+0000] {processor.py:836} INFO - DAG(s) dict_keys(['example_sensors']) retrieved from /home/airflow/.local/lib/python3.7/site-packages/airflow/example_dags/example_sensors.py
[2023-06-15T12:17:44.358+0000] {logging_mixin.py:149} INFO - [2023-06-15T12:17:44.358+0000] {dag.py:2726} INFO - Sync 1 DAGs
[2023-06-15T12:17:44.398+0000] {logging_mixin.py:149} INFO - [2023-06-15T12:17:44.398+0000] {dag.py:3490} INFO - Setting next_dagrun for example_sensors to None, run_after=None
[2023-06-15T12:17:44.443+0000] {processor.py:179} INFO - Processing /home/airflow/.local/lib/python3.7/site-packages/airflow/example_dags/example_sensors.py took 0.138 seconds
[2023-06-15T12:18:14.883+0000] {processor.py:157} INFO - Started process (PID=1356) to work on /home/airflow/.local/lib/python3.7/site-packages/airflow/example_dags/example_sensors.py
[2023-06-15T12:18:14.884+0000] {processor.py:826} INFO - Processing file /home/airflow/.local/lib/python3.7/site-packages/airflow/example_dags/example_sensors.py for tasks to queue
[2023-06-15T12:18:14.886+0000] {logging_mixin.py:149} INFO - [2023-06-15T12:18:14.886+0000] {dagbag.py:541} INFO - Filling up the DagBag from /home/airflow/.local/lib/python3.7/site-packages/airflow/example_dags/example_sensors.py
[2023-06-15T12:18:14.899+0000] {processor.py:836} INFO - DAG(s) dict_keys(['example_sensors']) retrieved from /home/airflow/.local/lib/python3.7/site-packages/airflow/example_dags/example_sensors.py
[2023-06-15T12:18:14.944+0000] {logging_mixin.py:149} INFO - [2023-06-15T12:18:14.943+0000] {dag.py:2726} INFO - Sync 1 DAGs
[2023-06-15T12:18:14.987+0000] {logging_mixin.py:149} INFO - [2023-06-15T12:18:14.987+0000] {dag.py:3490} INFO - Setting next_dagrun for example_sensors to None, run_after=None
[2023-06-15T12:18:15.024+0000] {processor.py:179} INFO - Processing /home/airflow/.local/lib/python3.7/site-packages/airflow/example_dags/example_sensors.py took 0.145 seconds
[2023-06-15T12:18:45.766+0000] {processor.py:157} INFO - Started process (PID=1433) to work on /home/airflow/.local/lib/python3.7/site-packages/airflow/example_dags/example_sensors.py
[2023-06-15T12:18:45.767+0000] {processor.py:826} INFO - Processing file /home/airflow/.local/lib/python3.7/site-packages/airflow/example_dags/example_sensors.py for tasks to queue
[2023-06-15T12:18:45.768+0000] {logging_mixin.py:149} INFO - [2023-06-15T12:18:45.768+0000] {dagbag.py:541} INFO - Filling up the DagBag from /home/airflow/.local/lib/python3.7/site-packages/airflow/example_dags/example_sensors.py
[2023-06-15T12:18:45.781+0000] {processor.py:836} INFO - DAG(s) dict_keys(['example_sensors']) retrieved from /home/airflow/.local/lib/python3.7/site-packages/airflow/example_dags/example_sensors.py
[2023-06-15T12:18:45.839+0000] {logging_mixin.py:149} INFO - [2023-06-15T12:18:45.839+0000] {dag.py:2726} INFO - Sync 1 DAGs
[2023-06-15T12:18:45.888+0000] {logging_mixin.py:149} INFO - [2023-06-15T12:18:45.887+0000] {dag.py:3490} INFO - Setting next_dagrun for example_sensors to None, run_after=None
[2023-06-15T12:18:45.922+0000] {processor.py:179} INFO - Processing /home/airflow/.local/lib/python3.7/site-packages/airflow/example_dags/example_sensors.py took 0.160 seconds
[2023-06-15T12:19:16.569+0000] {processor.py:157} INFO - Started process (PID=1510) to work on /home/airflow/.local/lib/python3.7/site-packages/airflow/example_dags/example_sensors.py
[2023-06-15T12:19:16.570+0000] {processor.py:826} INFO - Processing file /home/airflow/.local/lib/python3.7/site-packages/airflow/example_dags/example_sensors.py for tasks to queue
[2023-06-15T12:19:16.571+0000] {logging_mixin.py:149} INFO - [2023-06-15T12:19:16.571+0000] {dagbag.py:541} INFO - Filling up the DagBag from /home/airflow/.local/lib/python3.7/site-packages/airflow/example_dags/example_sensors.py
[2023-06-15T12:19:16.582+0000] {processor.py:836} INFO - DAG(s) dict_keys(['example_sensors']) retrieved from /home/airflow/.local/lib/python3.7/site-packages/airflow/example_dags/example_sensors.py
[2023-06-15T12:19:16.626+0000] {logging_mixin.py:149} INFO - [2023-06-15T12:19:16.626+0000] {dag.py:2726} INFO - Sync 1 DAGs
[2023-06-15T12:19:16.665+0000] {logging_mixin.py:149} INFO - [2023-06-15T12:19:16.665+0000] {dag.py:3490} INFO - Setting next_dagrun for example_sensors to None, run_after=None
[2023-06-15T12:19:16.698+0000] {processor.py:179} INFO - Processing /home/airflow/.local/lib/python3.7/site-packages/airflow/example_dags/example_sensors.py took 0.133 seconds
[2023-06-15T12:19:46.871+0000] {processor.py:157} INFO - Started process (PID=1573) to work on /home/airflow/.local/lib/python3.7/site-packages/airflow/example_dags/example_sensors.py
[2023-06-15T12:19:46.873+0000] {processor.py:826} INFO - Processing file /home/airflow/.local/lib/python3.7/site-packages/airflow/example_dags/example_sensors.py for tasks to queue
[2023-06-15T12:19:46.874+0000] {logging_mixin.py:149} INFO - [2023-06-15T12:19:46.874+0000] {dagbag.py:541} INFO - Filling up the DagBag from /home/airflow/.local/lib/python3.7/site-packages/airflow/example_dags/example_sensors.py
[2023-06-15T12:19:46.888+0000] {processor.py:836} INFO - DAG(s) dict_keys(['example_sensors']) retrieved from /home/airflow/.local/lib/python3.7/site-packages/airflow/example_dags/example_sensors.py
[2023-06-15T12:19:46.927+0000] {logging_mixin.py:149} INFO - [2023-06-15T12:19:46.927+0000] {dag.py:2726} INFO - Sync 1 DAGs
[2023-06-15T12:19:46.971+0000] {logging_mixin.py:149} INFO - [2023-06-15T12:19:46.971+0000] {dag.py:3490} INFO - Setting next_dagrun for example_sensors to None, run_after=None
[2023-06-15T12:19:47.003+0000] {processor.py:179} INFO - Processing /home/airflow/.local/lib/python3.7/site-packages/airflow/example_dags/example_sensors.py took 0.135 seconds
