[2023-06-15T12:09:31.131+0000] {processor.py:157} INFO - Started process (PID=59) to work on /home/airflow/.local/lib/python3.7/site-packages/airflow/example_dags/example_setup_teardown_taskflow.py
[2023-06-15T12:09:31.133+0000] {processor.py:826} INFO - Processing file /home/airflow/.local/lib/python3.7/site-packages/airflow/example_dags/example_setup_teardown_taskflow.py for tasks to queue
[2023-06-15T12:09:31.134+0000] {logging_mixin.py:149} INFO - [2023-06-15T12:09:31.134+0000] {dagbag.py:541} INFO - Filling up the DagBag from /home/airflow/.local/lib/python3.7/site-packages/airflow/example_dags/example_setup_teardown_taskflow.py
[2023-06-15T12:09:31.136+0000] {processor.py:838} WARNING - No viable dags retrieved from /home/airflow/.local/lib/python3.7/site-packages/airflow/example_dags/example_setup_teardown_taskflow.py
[2023-06-15T12:09:31.153+0000] {processor.py:179} INFO - Processing /home/airflow/.local/lib/python3.7/site-packages/airflow/example_dags/example_setup_teardown_taskflow.py took 0.025 seconds
[2023-06-15T12:10:01.774+0000] {processor.py:157} INFO - Started process (PID=136) to work on /home/airflow/.local/lib/python3.7/site-packages/airflow/example_dags/example_setup_teardown_taskflow.py
[2023-06-15T12:10:01.775+0000] {processor.py:826} INFO - Processing file /home/airflow/.local/lib/python3.7/site-packages/airflow/example_dags/example_setup_teardown_taskflow.py for tasks to queue
[2023-06-15T12:10:01.775+0000] {logging_mixin.py:149} INFO - [2023-06-15T12:10:01.775+0000] {dagbag.py:541} INFO - Filling up the DagBag from /home/airflow/.local/lib/python3.7/site-packages/airflow/example_dags/example_setup_teardown_taskflow.py
[2023-06-15T12:10:01.777+0000] {processor.py:838} WARNING - No viable dags retrieved from /home/airflow/.local/lib/python3.7/site-packages/airflow/example_dags/example_setup_teardown_taskflow.py
[2023-06-15T12:10:01.789+0000] {processor.py:179} INFO - Processing /home/airflow/.local/lib/python3.7/site-packages/airflow/example_dags/example_setup_teardown_taskflow.py took 0.019 seconds
[2023-06-15T12:10:34.037+0000] {processor.py:157} INFO - Started process (PID=213) to work on /home/airflow/.local/lib/python3.7/site-packages/airflow/example_dags/example_setup_teardown_taskflow.py
[2023-06-15T12:10:34.038+0000] {processor.py:826} INFO - Processing file /home/airflow/.local/lib/python3.7/site-packages/airflow/example_dags/example_setup_teardown_taskflow.py for tasks to queue
[2023-06-15T12:10:34.039+0000] {logging_mixin.py:149} INFO - [2023-06-15T12:10:34.039+0000] {dagbag.py:541} INFO - Filling up the DagBag from /home/airflow/.local/lib/python3.7/site-packages/airflow/example_dags/example_setup_teardown_taskflow.py
[2023-06-15T12:10:34.041+0000] {processor.py:838} WARNING - No viable dags retrieved from /home/airflow/.local/lib/python3.7/site-packages/airflow/example_dags/example_setup_teardown_taskflow.py
[2023-06-15T12:10:34.057+0000] {processor.py:179} INFO - Processing /home/airflow/.local/lib/python3.7/site-packages/airflow/example_dags/example_setup_teardown_taskflow.py took 0.023 seconds
[2023-06-15T12:11:04.464+0000] {processor.py:157} INFO - Started process (PID=290) to work on /home/airflow/.local/lib/python3.7/site-packages/airflow/example_dags/example_setup_teardown_taskflow.py
[2023-06-15T12:11:04.466+0000] {processor.py:826} INFO - Processing file /home/airflow/.local/lib/python3.7/site-packages/airflow/example_dags/example_setup_teardown_taskflow.py for tasks to queue
[2023-06-15T12:11:04.467+0000] {logging_mixin.py:149} INFO - [2023-06-15T12:11:04.467+0000] {dagbag.py:541} INFO - Filling up the DagBag from /home/airflow/.local/lib/python3.7/site-packages/airflow/example_dags/example_setup_teardown_taskflow.py
[2023-06-15T12:11:04.469+0000] {processor.py:838} WARNING - No viable dags retrieved from /home/airflow/.local/lib/python3.7/site-packages/airflow/example_dags/example_setup_teardown_taskflow.py
[2023-06-15T12:11:04.486+0000] {processor.py:179} INFO - Processing /home/airflow/.local/lib/python3.7/site-packages/airflow/example_dags/example_setup_teardown_taskflow.py took 0.025 seconds
[2023-06-15T12:11:35.369+0000] {processor.py:157} INFO - Started process (PID=368) to work on /home/airflow/.local/lib/python3.7/site-packages/airflow/example_dags/example_setup_teardown_taskflow.py
[2023-06-15T12:11:35.370+0000] {processor.py:826} INFO - Processing file /home/airflow/.local/lib/python3.7/site-packages/airflow/example_dags/example_setup_teardown_taskflow.py for tasks to queue
[2023-06-15T12:11:35.371+0000] {logging_mixin.py:149} INFO - [2023-06-15T12:11:35.370+0000] {dagbag.py:541} INFO - Filling up the DagBag from /home/airflow/.local/lib/python3.7/site-packages/airflow/example_dags/example_setup_teardown_taskflow.py
[2023-06-15T12:11:35.372+0000] {processor.py:838} WARNING - No viable dags retrieved from /home/airflow/.local/lib/python3.7/site-packages/airflow/example_dags/example_setup_teardown_taskflow.py
[2023-06-15T12:11:35.384+0000] {processor.py:179} INFO - Processing /home/airflow/.local/lib/python3.7/site-packages/airflow/example_dags/example_setup_teardown_taskflow.py took 0.018 seconds
[2023-06-15T12:12:06.174+0000] {processor.py:157} INFO - Started process (PID=445) to work on /home/airflow/.local/lib/python3.7/site-packages/airflow/example_dags/example_setup_teardown_taskflow.py
[2023-06-15T12:12:06.175+0000] {processor.py:826} INFO - Processing file /home/airflow/.local/lib/python3.7/site-packages/airflow/example_dags/example_setup_teardown_taskflow.py for tasks to queue
[2023-06-15T12:12:06.176+0000] {logging_mixin.py:149} INFO - [2023-06-15T12:12:06.176+0000] {dagbag.py:541} INFO - Filling up the DagBag from /home/airflow/.local/lib/python3.7/site-packages/airflow/example_dags/example_setup_teardown_taskflow.py
[2023-06-15T12:12:06.178+0000] {processor.py:838} WARNING - No viable dags retrieved from /home/airflow/.local/lib/python3.7/site-packages/airflow/example_dags/example_setup_teardown_taskflow.py
[2023-06-15T12:12:06.191+0000] {processor.py:179} INFO - Processing /home/airflow/.local/lib/python3.7/site-packages/airflow/example_dags/example_setup_teardown_taskflow.py took 0.020 seconds
[2023-06-15T12:12:37.041+0000] {processor.py:157} INFO - Started process (PID=522) to work on /home/airflow/.local/lib/python3.7/site-packages/airflow/example_dags/example_setup_teardown_taskflow.py
[2023-06-15T12:12:37.042+0000] {processor.py:826} INFO - Processing file /home/airflow/.local/lib/python3.7/site-packages/airflow/example_dags/example_setup_teardown_taskflow.py for tasks to queue
[2023-06-15T12:12:37.043+0000] {logging_mixin.py:149} INFO - [2023-06-15T12:12:37.043+0000] {dagbag.py:541} INFO - Filling up the DagBag from /home/airflow/.local/lib/python3.7/site-packages/airflow/example_dags/example_setup_teardown_taskflow.py
[2023-06-15T12:12:37.044+0000] {processor.py:838} WARNING - No viable dags retrieved from /home/airflow/.local/lib/python3.7/site-packages/airflow/example_dags/example_setup_teardown_taskflow.py
[2023-06-15T12:12:37.057+0000] {processor.py:179} INFO - Processing /home/airflow/.local/lib/python3.7/site-packages/airflow/example_dags/example_setup_teardown_taskflow.py took 0.019 seconds
[2023-06-15T12:13:08.130+0000] {processor.py:157} INFO - Started process (PID=599) to work on /home/airflow/.local/lib/python3.7/site-packages/airflow/example_dags/example_setup_teardown_taskflow.py
[2023-06-15T12:13:08.131+0000] {processor.py:826} INFO - Processing file /home/airflow/.local/lib/python3.7/site-packages/airflow/example_dags/example_setup_teardown_taskflow.py for tasks to queue
[2023-06-15T12:13:08.132+0000] {logging_mixin.py:149} INFO - [2023-06-15T12:13:08.132+0000] {dagbag.py:541} INFO - Filling up the DagBag from /home/airflow/.local/lib/python3.7/site-packages/airflow/example_dags/example_setup_teardown_taskflow.py
[2023-06-15T12:13:08.134+0000] {processor.py:838} WARNING - No viable dags retrieved from /home/airflow/.local/lib/python3.7/site-packages/airflow/example_dags/example_setup_teardown_taskflow.py
[2023-06-15T12:13:08.150+0000] {processor.py:179} INFO - Processing /home/airflow/.local/lib/python3.7/site-packages/airflow/example_dags/example_setup_teardown_taskflow.py took 0.023 seconds
[2023-06-15T12:13:39.049+0000] {processor.py:157} INFO - Started process (PID=676) to work on /home/airflow/.local/lib/python3.7/site-packages/airflow/example_dags/example_setup_teardown_taskflow.py
[2023-06-15T12:13:39.050+0000] {processor.py:826} INFO - Processing file /home/airflow/.local/lib/python3.7/site-packages/airflow/example_dags/example_setup_teardown_taskflow.py for tasks to queue
[2023-06-15T12:13:39.051+0000] {logging_mixin.py:149} INFO - [2023-06-15T12:13:39.051+0000] {dagbag.py:541} INFO - Filling up the DagBag from /home/airflow/.local/lib/python3.7/site-packages/airflow/example_dags/example_setup_teardown_taskflow.py
[2023-06-15T12:13:39.053+0000] {processor.py:838} WARNING - No viable dags retrieved from /home/airflow/.local/lib/python3.7/site-packages/airflow/example_dags/example_setup_teardown_taskflow.py
[2023-06-15T12:13:39.071+0000] {processor.py:179} INFO - Processing /home/airflow/.local/lib/python3.7/site-packages/airflow/example_dags/example_setup_teardown_taskflow.py took 0.026 seconds
[2023-06-15T12:14:09.666+0000] {processor.py:157} INFO - Started process (PID=752) to work on /home/airflow/.local/lib/python3.7/site-packages/airflow/example_dags/example_setup_teardown_taskflow.py
[2023-06-15T12:14:09.668+0000] {processor.py:826} INFO - Processing file /home/airflow/.local/lib/python3.7/site-packages/airflow/example_dags/example_setup_teardown_taskflow.py for tasks to queue
[2023-06-15T12:14:09.669+0000] {logging_mixin.py:149} INFO - [2023-06-15T12:14:09.669+0000] {dagbag.py:541} INFO - Filling up the DagBag from /home/airflow/.local/lib/python3.7/site-packages/airflow/example_dags/example_setup_teardown_taskflow.py
[2023-06-15T12:14:09.671+0000] {processor.py:838} WARNING - No viable dags retrieved from /home/airflow/.local/lib/python3.7/site-packages/airflow/example_dags/example_setup_teardown_taskflow.py
[2023-06-15T12:14:09.690+0000] {processor.py:179} INFO - Processing /home/airflow/.local/lib/python3.7/site-packages/airflow/example_dags/example_setup_teardown_taskflow.py took 0.028 seconds
[2023-06-15T12:14:40.328+0000] {processor.py:157} INFO - Started process (PID=830) to work on /home/airflow/.local/lib/python3.7/site-packages/airflow/example_dags/example_setup_teardown_taskflow.py
[2023-06-15T12:14:40.329+0000] {processor.py:826} INFO - Processing file /home/airflow/.local/lib/python3.7/site-packages/airflow/example_dags/example_setup_teardown_taskflow.py for tasks to queue
[2023-06-15T12:14:40.330+0000] {logging_mixin.py:149} INFO - [2023-06-15T12:14:40.329+0000] {dagbag.py:541} INFO - Filling up the DagBag from /home/airflow/.local/lib/python3.7/site-packages/airflow/example_dags/example_setup_teardown_taskflow.py
[2023-06-15T12:14:40.331+0000] {processor.py:838} WARNING - No viable dags retrieved from /home/airflow/.local/lib/python3.7/site-packages/airflow/example_dags/example_setup_teardown_taskflow.py
[2023-06-15T12:14:40.346+0000] {processor.py:179} INFO - Processing /home/airflow/.local/lib/python3.7/site-packages/airflow/example_dags/example_setup_teardown_taskflow.py took 0.022 seconds
[2023-06-15T12:15:10.984+0000] {processor.py:157} INFO - Started process (PID=908) to work on /home/airflow/.local/lib/python3.7/site-packages/airflow/example_dags/example_setup_teardown_taskflow.py
[2023-06-15T12:15:10.985+0000] {processor.py:826} INFO - Processing file /home/airflow/.local/lib/python3.7/site-packages/airflow/example_dags/example_setup_teardown_taskflow.py for tasks to queue
[2023-06-15T12:15:10.986+0000] {logging_mixin.py:149} INFO - [2023-06-15T12:15:10.986+0000] {dagbag.py:541} INFO - Filling up the DagBag from /home/airflow/.local/lib/python3.7/site-packages/airflow/example_dags/example_setup_teardown_taskflow.py
[2023-06-15T12:15:10.988+0000] {processor.py:838} WARNING - No viable dags retrieved from /home/airflow/.local/lib/python3.7/site-packages/airflow/example_dags/example_setup_teardown_taskflow.py
[2023-06-15T12:15:11.005+0000] {processor.py:179} INFO - Processing /home/airflow/.local/lib/python3.7/site-packages/airflow/example_dags/example_setup_teardown_taskflow.py took 0.025 seconds
[2023-06-15T12:15:41.294+0000] {processor.py:157} INFO - Started process (PID=984) to work on /home/airflow/.local/lib/python3.7/site-packages/airflow/example_dags/example_setup_teardown_taskflow.py
[2023-06-15T12:15:41.295+0000] {processor.py:826} INFO - Processing file /home/airflow/.local/lib/python3.7/site-packages/airflow/example_dags/example_setup_teardown_taskflow.py for tasks to queue
[2023-06-15T12:15:41.297+0000] {logging_mixin.py:149} INFO - [2023-06-15T12:15:41.296+0000] {dagbag.py:541} INFO - Filling up the DagBag from /home/airflow/.local/lib/python3.7/site-packages/airflow/example_dags/example_setup_teardown_taskflow.py
[2023-06-15T12:15:41.298+0000] {processor.py:838} WARNING - No viable dags retrieved from /home/airflow/.local/lib/python3.7/site-packages/airflow/example_dags/example_setup_teardown_taskflow.py
[2023-06-15T12:15:41.317+0000] {processor.py:179} INFO - Processing /home/airflow/.local/lib/python3.7/site-packages/airflow/example_dags/example_setup_teardown_taskflow.py took 0.026 seconds
[2023-06-15T12:16:12.198+0000] {processor.py:157} INFO - Started process (PID=1049) to work on /home/airflow/.local/lib/python3.7/site-packages/airflow/example_dags/example_setup_teardown_taskflow.py
[2023-06-15T12:16:12.199+0000] {processor.py:826} INFO - Processing file /home/airflow/.local/lib/python3.7/site-packages/airflow/example_dags/example_setup_teardown_taskflow.py for tasks to queue
[2023-06-15T12:16:12.201+0000] {logging_mixin.py:149} INFO - [2023-06-15T12:16:12.200+0000] {dagbag.py:541} INFO - Filling up the DagBag from /home/airflow/.local/lib/python3.7/site-packages/airflow/example_dags/example_setup_teardown_taskflow.py
[2023-06-15T12:16:12.203+0000] {processor.py:838} WARNING - No viable dags retrieved from /home/airflow/.local/lib/python3.7/site-packages/airflow/example_dags/example_setup_teardown_taskflow.py
[2023-06-15T12:16:12.220+0000] {processor.py:179} INFO - Processing /home/airflow/.local/lib/python3.7/site-packages/airflow/example_dags/example_setup_teardown_taskflow.py took 0.027 seconds
[2023-06-15T12:16:42.886+0000] {processor.py:157} INFO - Started process (PID=1126) to work on /home/airflow/.local/lib/python3.7/site-packages/airflow/example_dags/example_setup_teardown_taskflow.py
[2023-06-15T12:16:42.887+0000] {processor.py:826} INFO - Processing file /home/airflow/.local/lib/python3.7/site-packages/airflow/example_dags/example_setup_teardown_taskflow.py for tasks to queue
[2023-06-15T12:16:42.888+0000] {logging_mixin.py:149} INFO - [2023-06-15T12:16:42.888+0000] {dagbag.py:541} INFO - Filling up the DagBag from /home/airflow/.local/lib/python3.7/site-packages/airflow/example_dags/example_setup_teardown_taskflow.py
[2023-06-15T12:16:42.890+0000] {processor.py:838} WARNING - No viable dags retrieved from /home/airflow/.local/lib/python3.7/site-packages/airflow/example_dags/example_setup_teardown_taskflow.py
[2023-06-15T12:16:42.907+0000] {processor.py:179} INFO - Processing /home/airflow/.local/lib/python3.7/site-packages/airflow/example_dags/example_setup_teardown_taskflow.py took 0.026 seconds
[2023-06-15T12:17:13.905+0000] {processor.py:157} INFO - Started process (PID=1203) to work on /home/airflow/.local/lib/python3.7/site-packages/airflow/example_dags/example_setup_teardown_taskflow.py
[2023-06-15T12:17:13.907+0000] {processor.py:826} INFO - Processing file /home/airflow/.local/lib/python3.7/site-packages/airflow/example_dags/example_setup_teardown_taskflow.py for tasks to queue
[2023-06-15T12:17:13.908+0000] {logging_mixin.py:149} INFO - [2023-06-15T12:17:13.908+0000] {dagbag.py:541} INFO - Filling up the DagBag from /home/airflow/.local/lib/python3.7/site-packages/airflow/example_dags/example_setup_teardown_taskflow.py
[2023-06-15T12:17:13.911+0000] {processor.py:838} WARNING - No viable dags retrieved from /home/airflow/.local/lib/python3.7/site-packages/airflow/example_dags/example_setup_teardown_taskflow.py
[2023-06-15T12:17:13.928+0000] {processor.py:179} INFO - Processing /home/airflow/.local/lib/python3.7/site-packages/airflow/example_dags/example_setup_teardown_taskflow.py took 0.027 seconds
[2023-06-15T12:17:44.480+0000] {processor.py:157} INFO - Started process (PID=1281) to work on /home/airflow/.local/lib/python3.7/site-packages/airflow/example_dags/example_setup_teardown_taskflow.py
[2023-06-15T12:17:44.481+0000] {processor.py:826} INFO - Processing file /home/airflow/.local/lib/python3.7/site-packages/airflow/example_dags/example_setup_teardown_taskflow.py for tasks to queue
[2023-06-15T12:17:44.482+0000] {logging_mixin.py:149} INFO - [2023-06-15T12:17:44.482+0000] {dagbag.py:541} INFO - Filling up the DagBag from /home/airflow/.local/lib/python3.7/site-packages/airflow/example_dags/example_setup_teardown_taskflow.py
[2023-06-15T12:17:44.484+0000] {processor.py:838} WARNING - No viable dags retrieved from /home/airflow/.local/lib/python3.7/site-packages/airflow/example_dags/example_setup_teardown_taskflow.py
[2023-06-15T12:17:44.502+0000] {processor.py:179} INFO - Processing /home/airflow/.local/lib/python3.7/site-packages/airflow/example_dags/example_setup_teardown_taskflow.py took 0.026 seconds
[2023-06-15T12:18:14.973+0000] {processor.py:157} INFO - Started process (PID=1357) to work on /home/airflow/.local/lib/python3.7/site-packages/airflow/example_dags/example_setup_teardown_taskflow.py
[2023-06-15T12:18:14.974+0000] {processor.py:826} INFO - Processing file /home/airflow/.local/lib/python3.7/site-packages/airflow/example_dags/example_setup_teardown_taskflow.py for tasks to queue
[2023-06-15T12:18:14.975+0000] {logging_mixin.py:149} INFO - [2023-06-15T12:18:14.975+0000] {dagbag.py:541} INFO - Filling up the DagBag from /home/airflow/.local/lib/python3.7/site-packages/airflow/example_dags/example_setup_teardown_taskflow.py
[2023-06-15T12:18:14.977+0000] {processor.py:838} WARNING - No viable dags retrieved from /home/airflow/.local/lib/python3.7/site-packages/airflow/example_dags/example_setup_teardown_taskflow.py
[2023-06-15T12:18:14.993+0000] {processor.py:179} INFO - Processing /home/airflow/.local/lib/python3.7/site-packages/airflow/example_dags/example_setup_teardown_taskflow.py took 0.023 seconds
[2023-06-15T12:18:45.972+0000] {processor.py:157} INFO - Started process (PID=1435) to work on /home/airflow/.local/lib/python3.7/site-packages/airflow/example_dags/example_setup_teardown_taskflow.py
[2023-06-15T12:18:45.974+0000] {processor.py:826} INFO - Processing file /home/airflow/.local/lib/python3.7/site-packages/airflow/example_dags/example_setup_teardown_taskflow.py for tasks to queue
[2023-06-15T12:18:45.975+0000] {logging_mixin.py:149} INFO - [2023-06-15T12:18:45.975+0000] {dagbag.py:541} INFO - Filling up the DagBag from /home/airflow/.local/lib/python3.7/site-packages/airflow/example_dags/example_setup_teardown_taskflow.py
[2023-06-15T12:18:45.977+0000] {processor.py:838} WARNING - No viable dags retrieved from /home/airflow/.local/lib/python3.7/site-packages/airflow/example_dags/example_setup_teardown_taskflow.py
[2023-06-15T12:18:45.995+0000] {processor.py:179} INFO - Processing /home/airflow/.local/lib/python3.7/site-packages/airflow/example_dags/example_setup_teardown_taskflow.py took 0.027 seconds
[2023-06-15T12:19:16.725+0000] {processor.py:157} INFO - Started process (PID=1512) to work on /home/airflow/.local/lib/python3.7/site-packages/airflow/example_dags/example_setup_teardown_taskflow.py
[2023-06-15T12:19:16.726+0000] {processor.py:826} INFO - Processing file /home/airflow/.local/lib/python3.7/site-packages/airflow/example_dags/example_setup_teardown_taskflow.py for tasks to queue
[2023-06-15T12:19:16.727+0000] {logging_mixin.py:149} INFO - [2023-06-15T12:19:16.726+0000] {dagbag.py:541} INFO - Filling up the DagBag from /home/airflow/.local/lib/python3.7/site-packages/airflow/example_dags/example_setup_teardown_taskflow.py
[2023-06-15T12:19:16.728+0000] {processor.py:838} WARNING - No viable dags retrieved from /home/airflow/.local/lib/python3.7/site-packages/airflow/example_dags/example_setup_teardown_taskflow.py
[2023-06-15T12:19:16.743+0000] {processor.py:179} INFO - Processing /home/airflow/.local/lib/python3.7/site-packages/airflow/example_dags/example_setup_teardown_taskflow.py took 0.021 seconds
[2023-06-15T12:19:46.957+0000] {processor.py:157} INFO - Started process (PID=1574) to work on /home/airflow/.local/lib/python3.7/site-packages/airflow/example_dags/example_setup_teardown_taskflow.py
[2023-06-15T12:19:46.958+0000] {processor.py:826} INFO - Processing file /home/airflow/.local/lib/python3.7/site-packages/airflow/example_dags/example_setup_teardown_taskflow.py for tasks to queue
[2023-06-15T12:19:46.959+0000] {logging_mixin.py:149} INFO - [2023-06-15T12:19:46.959+0000] {dagbag.py:541} INFO - Filling up the DagBag from /home/airflow/.local/lib/python3.7/site-packages/airflow/example_dags/example_setup_teardown_taskflow.py
[2023-06-15T12:19:46.961+0000] {processor.py:838} WARNING - No viable dags retrieved from /home/airflow/.local/lib/python3.7/site-packages/airflow/example_dags/example_setup_teardown_taskflow.py
[2023-06-15T12:19:46.975+0000] {processor.py:179} INFO - Processing /home/airflow/.local/lib/python3.7/site-packages/airflow/example_dags/example_setup_teardown_taskflow.py took 0.022 seconds
