[2023-06-15T12:09:30.918+0000] {processor.py:157} INFO - Started process (PID=56) to work on /home/airflow/.local/lib/python3.7/site-packages/airflow/example_dags/example_skip_dag.py
[2023-06-15T12:09:30.920+0000] {processor.py:826} INFO - Processing file /home/airflow/.local/lib/python3.7/site-packages/airflow/example_dags/example_skip_dag.py for tasks to queue
[2023-06-15T12:09:30.921+0000] {logging_mixin.py:149} INFO - [2023-06-15T12:09:30.921+0000] {dagbag.py:541} INFO - Filling up the DagBag from /home/airflow/.local/lib/python3.7/site-packages/airflow/example_dags/example_skip_dag.py
[2023-06-15T12:09:30.932+0000] {processor.py:836} INFO - DAG(s) dict_keys(['example_skip_dag']) retrieved from /home/airflow/.local/lib/python3.7/site-packages/airflow/example_dags/example_skip_dag.py
[2023-06-15T12:09:30.974+0000] {logging_mixin.py:149} INFO - [2023-06-15T12:09:30.974+0000] {dag.py:2726} INFO - Sync 1 DAGs
[2023-06-15T12:09:31.025+0000] {logging_mixin.py:149} INFO - [2023-06-15T12:09:31.025+0000] {dag.py:3490} INFO - Setting next_dagrun for example_skip_dag to 2023-06-14T12:09:31.025172+00:00, run_after=2023-06-15T12:09:31.025172+00:00
[2023-06-15T12:09:31.056+0000] {processor.py:179} INFO - Processing /home/airflow/.local/lib/python3.7/site-packages/airflow/example_dags/example_skip_dag.py took 0.140 seconds
[2023-06-15T12:10:01.538+0000] {processor.py:157} INFO - Started process (PID=133) to work on /home/airflow/.local/lib/python3.7/site-packages/airflow/example_dags/example_skip_dag.py
[2023-06-15T12:10:01.539+0000] {processor.py:826} INFO - Processing file /home/airflow/.local/lib/python3.7/site-packages/airflow/example_dags/example_skip_dag.py for tasks to queue
[2023-06-15T12:10:01.540+0000] {logging_mixin.py:149} INFO - [2023-06-15T12:10:01.540+0000] {dagbag.py:541} INFO - Filling up the DagBag from /home/airflow/.local/lib/python3.7/site-packages/airflow/example_dags/example_skip_dag.py
[2023-06-15T12:10:01.547+0000] {processor.py:836} INFO - DAG(s) dict_keys(['example_skip_dag']) retrieved from /home/airflow/.local/lib/python3.7/site-packages/airflow/example_dags/example_skip_dag.py
[2023-06-15T12:10:01.574+0000] {logging_mixin.py:149} INFO - [2023-06-15T12:10:01.574+0000] {dag.py:2726} INFO - Sync 1 DAGs
[2023-06-15T12:10:01.608+0000] {logging_mixin.py:149} INFO - [2023-06-15T12:10:01.608+0000] {dag.py:3490} INFO - Setting next_dagrun for example_skip_dag to 2023-06-14T12:10:01.608307+00:00, run_after=2023-06-15T12:10:01.608307+00:00
[2023-06-15T12:10:01.630+0000] {processor.py:179} INFO - Processing /home/airflow/.local/lib/python3.7/site-packages/airflow/example_dags/example_skip_dag.py took 0.093 seconds
[2023-06-15T12:10:33.542+0000] {processor.py:157} INFO - Started process (PID=210) to work on /home/airflow/.local/lib/python3.7/site-packages/airflow/example_dags/example_skip_dag.py
[2023-06-15T12:10:33.543+0000] {processor.py:826} INFO - Processing file /home/airflow/.local/lib/python3.7/site-packages/airflow/example_dags/example_skip_dag.py for tasks to queue
[2023-06-15T12:10:33.545+0000] {logging_mixin.py:149} INFO - [2023-06-15T12:10:33.544+0000] {dagbag.py:541} INFO - Filling up the DagBag from /home/airflow/.local/lib/python3.7/site-packages/airflow/example_dags/example_skip_dag.py
[2023-06-15T12:10:33.552+0000] {processor.py:836} INFO - DAG(s) dict_keys(['example_skip_dag']) retrieved from /home/airflow/.local/lib/python3.7/site-packages/airflow/example_dags/example_skip_dag.py
[2023-06-15T12:10:33.700+0000] {logging_mixin.py:149} INFO - [2023-06-15T12:10:33.700+0000] {dag.py:2726} INFO - Sync 1 DAGs
[2023-06-15T12:10:33.732+0000] {logging_mixin.py:149} INFO - [2023-06-15T12:10:33.732+0000] {dag.py:3490} INFO - Setting next_dagrun for example_skip_dag to 2023-06-14T12:10:33.732039+00:00, run_after=2023-06-15T12:10:33.732039+00:00
[2023-06-15T12:10:33.758+0000] {processor.py:179} INFO - Processing /home/airflow/.local/lib/python3.7/site-packages/airflow/example_dags/example_skip_dag.py took 0.219 seconds
[2023-06-15T12:11:04.113+0000] {processor.py:157} INFO - Started process (PID=287) to work on /home/airflow/.local/lib/python3.7/site-packages/airflow/example_dags/example_skip_dag.py
[2023-06-15T12:11:04.114+0000] {processor.py:826} INFO - Processing file /home/airflow/.local/lib/python3.7/site-packages/airflow/example_dags/example_skip_dag.py for tasks to queue
[2023-06-15T12:11:04.115+0000] {logging_mixin.py:149} INFO - [2023-06-15T12:11:04.115+0000] {dagbag.py:541} INFO - Filling up the DagBag from /home/airflow/.local/lib/python3.7/site-packages/airflow/example_dags/example_skip_dag.py
[2023-06-15T12:11:04.125+0000] {processor.py:836} INFO - DAG(s) dict_keys(['example_skip_dag']) retrieved from /home/airflow/.local/lib/python3.7/site-packages/airflow/example_dags/example_skip_dag.py
[2023-06-15T12:11:04.160+0000] {logging_mixin.py:149} INFO - [2023-06-15T12:11:04.160+0000] {dag.py:2726} INFO - Sync 1 DAGs
[2023-06-15T12:11:04.202+0000] {logging_mixin.py:149} INFO - [2023-06-15T12:11:04.202+0000] {dag.py:3490} INFO - Setting next_dagrun for example_skip_dag to 2023-06-14T12:11:04.201732+00:00, run_after=2023-06-15T12:11:04.201732+00:00
[2023-06-15T12:11:04.248+0000] {processor.py:179} INFO - Processing /home/airflow/.local/lib/python3.7/site-packages/airflow/example_dags/example_skip_dag.py took 0.139 seconds
[2023-06-15T12:11:35.119+0000] {processor.py:157} INFO - Started process (PID=365) to work on /home/airflow/.local/lib/python3.7/site-packages/airflow/example_dags/example_skip_dag.py
[2023-06-15T12:11:35.120+0000] {processor.py:826} INFO - Processing file /home/airflow/.local/lib/python3.7/site-packages/airflow/example_dags/example_skip_dag.py for tasks to queue
[2023-06-15T12:11:35.121+0000] {logging_mixin.py:149} INFO - [2023-06-15T12:11:35.121+0000] {dagbag.py:541} INFO - Filling up the DagBag from /home/airflow/.local/lib/python3.7/site-packages/airflow/example_dags/example_skip_dag.py
[2023-06-15T12:11:35.127+0000] {processor.py:836} INFO - DAG(s) dict_keys(['example_skip_dag']) retrieved from /home/airflow/.local/lib/python3.7/site-packages/airflow/example_dags/example_skip_dag.py
[2023-06-15T12:11:35.151+0000] {logging_mixin.py:149} INFO - [2023-06-15T12:11:35.150+0000] {dag.py:2726} INFO - Sync 1 DAGs
[2023-06-15T12:11:35.178+0000] {logging_mixin.py:149} INFO - [2023-06-15T12:11:35.178+0000] {dag.py:3490} INFO - Setting next_dagrun for example_skip_dag to 2023-06-14T12:11:35.178195+00:00, run_after=2023-06-15T12:11:35.178195+00:00
[2023-06-15T12:11:35.206+0000] {processor.py:179} INFO - Processing /home/airflow/.local/lib/python3.7/site-packages/airflow/example_dags/example_skip_dag.py took 0.089 seconds
[2023-06-15T12:12:05.929+0000] {processor.py:157} INFO - Started process (PID=442) to work on /home/airflow/.local/lib/python3.7/site-packages/airflow/example_dags/example_skip_dag.py
[2023-06-15T12:12:05.930+0000] {processor.py:826} INFO - Processing file /home/airflow/.local/lib/python3.7/site-packages/airflow/example_dags/example_skip_dag.py for tasks to queue
[2023-06-15T12:12:05.931+0000] {logging_mixin.py:149} INFO - [2023-06-15T12:12:05.931+0000] {dagbag.py:541} INFO - Filling up the DagBag from /home/airflow/.local/lib/python3.7/site-packages/airflow/example_dags/example_skip_dag.py
[2023-06-15T12:12:05.937+0000] {processor.py:836} INFO - DAG(s) dict_keys(['example_skip_dag']) retrieved from /home/airflow/.local/lib/python3.7/site-packages/airflow/example_dags/example_skip_dag.py
[2023-06-15T12:12:05.966+0000] {logging_mixin.py:149} INFO - [2023-06-15T12:12:05.966+0000] {dag.py:2726} INFO - Sync 1 DAGs
[2023-06-15T12:12:05.998+0000] {logging_mixin.py:149} INFO - [2023-06-15T12:12:05.998+0000] {dag.py:3490} INFO - Setting next_dagrun for example_skip_dag to 2023-06-14T12:12:05.998156+00:00, run_after=2023-06-15T12:12:05.998156+00:00
[2023-06-15T12:12:06.022+0000] {processor.py:179} INFO - Processing /home/airflow/.local/lib/python3.7/site-packages/airflow/example_dags/example_skip_dag.py took 0.095 seconds
[2023-06-15T12:12:36.786+0000] {processor.py:157} INFO - Started process (PID=519) to work on /home/airflow/.local/lib/python3.7/site-packages/airflow/example_dags/example_skip_dag.py
[2023-06-15T12:12:36.787+0000] {processor.py:826} INFO - Processing file /home/airflow/.local/lib/python3.7/site-packages/airflow/example_dags/example_skip_dag.py for tasks to queue
[2023-06-15T12:12:36.788+0000] {logging_mixin.py:149} INFO - [2023-06-15T12:12:36.788+0000] {dagbag.py:541} INFO - Filling up the DagBag from /home/airflow/.local/lib/python3.7/site-packages/airflow/example_dags/example_skip_dag.py
[2023-06-15T12:12:36.794+0000] {processor.py:836} INFO - DAG(s) dict_keys(['example_skip_dag']) retrieved from /home/airflow/.local/lib/python3.7/site-packages/airflow/example_dags/example_skip_dag.py
[2023-06-15T12:12:36.827+0000] {logging_mixin.py:149} INFO - [2023-06-15T12:12:36.827+0000] {dag.py:2726} INFO - Sync 1 DAGs
[2023-06-15T12:12:36.863+0000] {logging_mixin.py:149} INFO - [2023-06-15T12:12:36.863+0000] {dag.py:3490} INFO - Setting next_dagrun for example_skip_dag to 2023-06-14T12:12:36.862726+00:00, run_after=2023-06-15T12:12:36.862726+00:00
[2023-06-15T12:12:36.889+0000] {processor.py:179} INFO - Processing /home/airflow/.local/lib/python3.7/site-packages/airflow/example_dags/example_skip_dag.py took 0.105 seconds
[2023-06-15T12:13:07.801+0000] {processor.py:157} INFO - Started process (PID=596) to work on /home/airflow/.local/lib/python3.7/site-packages/airflow/example_dags/example_skip_dag.py
[2023-06-15T12:13:07.802+0000] {processor.py:826} INFO - Processing file /home/airflow/.local/lib/python3.7/site-packages/airflow/example_dags/example_skip_dag.py for tasks to queue
[2023-06-15T12:13:07.804+0000] {logging_mixin.py:149} INFO - [2023-06-15T12:13:07.803+0000] {dagbag.py:541} INFO - Filling up the DagBag from /home/airflow/.local/lib/python3.7/site-packages/airflow/example_dags/example_skip_dag.py
[2023-06-15T12:13:07.813+0000] {processor.py:836} INFO - DAG(s) dict_keys(['example_skip_dag']) retrieved from /home/airflow/.local/lib/python3.7/site-packages/airflow/example_dags/example_skip_dag.py
[2023-06-15T12:13:07.851+0000] {logging_mixin.py:149} INFO - [2023-06-15T12:13:07.851+0000] {dag.py:2726} INFO - Sync 1 DAGs
[2023-06-15T12:13:07.891+0000] {logging_mixin.py:149} INFO - [2023-06-15T12:13:07.891+0000] {dag.py:3490} INFO - Setting next_dagrun for example_skip_dag to 2023-06-14T12:13:07.891217+00:00, run_after=2023-06-15T12:13:07.891217+00:00
[2023-06-15T12:13:07.943+0000] {processor.py:179} INFO - Processing /home/airflow/.local/lib/python3.7/site-packages/airflow/example_dags/example_skip_dag.py took 0.145 seconds
[2023-06-15T12:13:38.822+0000] {processor.py:157} INFO - Started process (PID=673) to work on /home/airflow/.local/lib/python3.7/site-packages/airflow/example_dags/example_skip_dag.py
[2023-06-15T12:13:38.824+0000] {processor.py:826} INFO - Processing file /home/airflow/.local/lib/python3.7/site-packages/airflow/example_dags/example_skip_dag.py for tasks to queue
[2023-06-15T12:13:38.825+0000] {logging_mixin.py:149} INFO - [2023-06-15T12:13:38.824+0000] {dagbag.py:541} INFO - Filling up the DagBag from /home/airflow/.local/lib/python3.7/site-packages/airflow/example_dags/example_skip_dag.py
[2023-06-15T12:13:38.833+0000] {processor.py:836} INFO - DAG(s) dict_keys(['example_skip_dag']) retrieved from /home/airflow/.local/lib/python3.7/site-packages/airflow/example_dags/example_skip_dag.py
[2023-06-15T12:13:38.881+0000] {logging_mixin.py:149} INFO - [2023-06-15T12:13:38.880+0000] {dag.py:2726} INFO - Sync 1 DAGs
[2023-06-15T12:13:38.934+0000] {logging_mixin.py:149} INFO - [2023-06-15T12:13:38.934+0000] {dag.py:3490} INFO - Setting next_dagrun for example_skip_dag to 2023-06-14T12:13:38.933762+00:00, run_after=2023-06-15T12:13:38.933762+00:00
[2023-06-15T12:13:38.964+0000] {processor.py:179} INFO - Processing /home/airflow/.local/lib/python3.7/site-packages/airflow/example_dags/example_skip_dag.py took 0.146 seconds
[2023-06-15T12:14:09.504+0000] {processor.py:157} INFO - Started process (PID=750) to work on /home/airflow/.local/lib/python3.7/site-packages/airflow/example_dags/example_skip_dag.py
[2023-06-15T12:14:09.505+0000] {processor.py:826} INFO - Processing file /home/airflow/.local/lib/python3.7/site-packages/airflow/example_dags/example_skip_dag.py for tasks to queue
[2023-06-15T12:14:09.506+0000] {logging_mixin.py:149} INFO - [2023-06-15T12:14:09.506+0000] {dagbag.py:541} INFO - Filling up the DagBag from /home/airflow/.local/lib/python3.7/site-packages/airflow/example_dags/example_skip_dag.py
[2023-06-15T12:14:09.514+0000] {processor.py:836} INFO - DAG(s) dict_keys(['example_skip_dag']) retrieved from /home/airflow/.local/lib/python3.7/site-packages/airflow/example_dags/example_skip_dag.py
[2023-06-15T12:14:09.552+0000] {logging_mixin.py:149} INFO - [2023-06-15T12:14:09.552+0000] {dag.py:2726} INFO - Sync 1 DAGs
[2023-06-15T12:14:09.592+0000] {logging_mixin.py:149} INFO - [2023-06-15T12:14:09.591+0000] {dag.py:3490} INFO - Setting next_dagrun for example_skip_dag to 2023-06-14T12:14:09.591540+00:00, run_after=2023-06-15T12:14:09.591540+00:00
[2023-06-15T12:14:09.626+0000] {processor.py:179} INFO - Processing /home/airflow/.local/lib/python3.7/site-packages/airflow/example_dags/example_skip_dag.py took 0.126 seconds
[2023-06-15T12:14:40.086+0000] {processor.py:157} INFO - Started process (PID=827) to work on /home/airflow/.local/lib/python3.7/site-packages/airflow/example_dags/example_skip_dag.py
[2023-06-15T12:14:40.087+0000] {processor.py:826} INFO - Processing file /home/airflow/.local/lib/python3.7/site-packages/airflow/example_dags/example_skip_dag.py for tasks to queue
[2023-06-15T12:14:40.088+0000] {logging_mixin.py:149} INFO - [2023-06-15T12:14:40.088+0000] {dagbag.py:541} INFO - Filling up the DagBag from /home/airflow/.local/lib/python3.7/site-packages/airflow/example_dags/example_skip_dag.py
[2023-06-15T12:14:40.096+0000] {processor.py:836} INFO - DAG(s) dict_keys(['example_skip_dag']) retrieved from /home/airflow/.local/lib/python3.7/site-packages/airflow/example_dags/example_skip_dag.py
[2023-06-15T12:14:40.127+0000] {logging_mixin.py:149} INFO - [2023-06-15T12:14:40.126+0000] {dag.py:2726} INFO - Sync 1 DAGs
[2023-06-15T12:14:40.171+0000] {logging_mixin.py:149} INFO - [2023-06-15T12:14:40.171+0000] {dag.py:3490} INFO - Setting next_dagrun for example_skip_dag to 2023-06-14T12:14:40.170839+00:00, run_after=2023-06-15T12:14:40.170839+00:00
[2023-06-15T12:14:40.200+0000] {processor.py:179} INFO - Processing /home/airflow/.local/lib/python3.7/site-packages/airflow/example_dags/example_skip_dag.py took 0.118 seconds
[2023-06-15T12:15:10.663+0000] {processor.py:157} INFO - Started process (PID=905) to work on /home/airflow/.local/lib/python3.7/site-packages/airflow/example_dags/example_skip_dag.py
[2023-06-15T12:15:10.665+0000] {processor.py:826} INFO - Processing file /home/airflow/.local/lib/python3.7/site-packages/airflow/example_dags/example_skip_dag.py for tasks to queue
[2023-06-15T12:15:10.666+0000] {logging_mixin.py:149} INFO - [2023-06-15T12:15:10.665+0000] {dagbag.py:541} INFO - Filling up the DagBag from /home/airflow/.local/lib/python3.7/site-packages/airflow/example_dags/example_skip_dag.py
[2023-06-15T12:15:10.675+0000] {processor.py:836} INFO - DAG(s) dict_keys(['example_skip_dag']) retrieved from /home/airflow/.local/lib/python3.7/site-packages/airflow/example_dags/example_skip_dag.py
[2023-06-15T12:15:10.708+0000] {logging_mixin.py:149} INFO - [2023-06-15T12:15:10.708+0000] {dag.py:2726} INFO - Sync 1 DAGs
[2023-06-15T12:15:10.752+0000] {logging_mixin.py:149} INFO - [2023-06-15T12:15:10.752+0000] {dag.py:3490} INFO - Setting next_dagrun for example_skip_dag to 2023-06-14T12:15:10.751959+00:00, run_after=2023-06-15T12:15:10.751959+00:00
[2023-06-15T12:15:10.786+0000] {processor.py:179} INFO - Processing /home/airflow/.local/lib/python3.7/site-packages/airflow/example_dags/example_skip_dag.py took 0.127 seconds
[2023-06-15T12:15:40.895+0000] {processor.py:157} INFO - Started process (PID=969) to work on /home/airflow/.local/lib/python3.7/site-packages/airflow/example_dags/example_skip_dag.py
[2023-06-15T12:15:40.896+0000] {processor.py:826} INFO - Processing file /home/airflow/.local/lib/python3.7/site-packages/airflow/example_dags/example_skip_dag.py for tasks to queue
[2023-06-15T12:15:40.897+0000] {logging_mixin.py:149} INFO - [2023-06-15T12:15:40.897+0000] {dagbag.py:541} INFO - Filling up the DagBag from /home/airflow/.local/lib/python3.7/site-packages/airflow/example_dags/example_skip_dag.py
[2023-06-15T12:15:40.906+0000] {processor.py:836} INFO - DAG(s) dict_keys(['example_skip_dag']) retrieved from /home/airflow/.local/lib/python3.7/site-packages/airflow/example_dags/example_skip_dag.py
[2023-06-15T12:15:40.946+0000] {logging_mixin.py:149} INFO - [2023-06-15T12:15:40.945+0000] {dag.py:2726} INFO - Sync 1 DAGs
[2023-06-15T12:15:41.003+0000] {logging_mixin.py:149} INFO - [2023-06-15T12:15:41.003+0000] {dag.py:3490} INFO - Setting next_dagrun for example_skip_dag to 2023-06-14T12:15:41.003314+00:00, run_after=2023-06-15T12:15:41.003314+00:00
[2023-06-15T12:15:41.082+0000] {processor.py:179} INFO - Processing /home/airflow/.local/lib/python3.7/site-packages/airflow/example_dags/example_skip_dag.py took 0.192 seconds
[2023-06-15T12:16:12.057+0000] {processor.py:157} INFO - Started process (PID=1047) to work on /home/airflow/.local/lib/python3.7/site-packages/airflow/example_dags/example_skip_dag.py
[2023-06-15T12:16:12.058+0000] {processor.py:826} INFO - Processing file /home/airflow/.local/lib/python3.7/site-packages/airflow/example_dags/example_skip_dag.py for tasks to queue
[2023-06-15T12:16:12.059+0000] {logging_mixin.py:149} INFO - [2023-06-15T12:16:12.059+0000] {dagbag.py:541} INFO - Filling up the DagBag from /home/airflow/.local/lib/python3.7/site-packages/airflow/example_dags/example_skip_dag.py
[2023-06-15T12:16:12.068+0000] {processor.py:836} INFO - DAG(s) dict_keys(['example_skip_dag']) retrieved from /home/airflow/.local/lib/python3.7/site-packages/airflow/example_dags/example_skip_dag.py
[2023-06-15T12:16:12.099+0000] {logging_mixin.py:149} INFO - [2023-06-15T12:16:12.099+0000] {dag.py:2726} INFO - Sync 1 DAGs
[2023-06-15T12:16:12.136+0000] {logging_mixin.py:149} INFO - [2023-06-15T12:16:12.136+0000] {dag.py:3490} INFO - Setting next_dagrun for example_skip_dag to 2023-06-14T12:16:12.136321+00:00, run_after=2023-06-15T12:16:12.136321+00:00
[2023-06-15T12:16:12.163+0000] {processor.py:179} INFO - Processing /home/airflow/.local/lib/python3.7/site-packages/airflow/example_dags/example_skip_dag.py took 0.109 seconds
[2023-06-15T12:16:42.733+0000] {processor.py:157} INFO - Started process (PID=1124) to work on /home/airflow/.local/lib/python3.7/site-packages/airflow/example_dags/example_skip_dag.py
[2023-06-15T12:16:42.735+0000] {processor.py:826} INFO - Processing file /home/airflow/.local/lib/python3.7/site-packages/airflow/example_dags/example_skip_dag.py for tasks to queue
[2023-06-15T12:16:42.736+0000] {logging_mixin.py:149} INFO - [2023-06-15T12:16:42.736+0000] {dagbag.py:541} INFO - Filling up the DagBag from /home/airflow/.local/lib/python3.7/site-packages/airflow/example_dags/example_skip_dag.py
[2023-06-15T12:16:42.744+0000] {processor.py:836} INFO - DAG(s) dict_keys(['example_skip_dag']) retrieved from /home/airflow/.local/lib/python3.7/site-packages/airflow/example_dags/example_skip_dag.py
[2023-06-15T12:16:42.781+0000] {logging_mixin.py:149} INFO - [2023-06-15T12:16:42.780+0000] {dag.py:2726} INFO - Sync 1 DAGs
[2023-06-15T12:16:42.822+0000] {logging_mixin.py:149} INFO - [2023-06-15T12:16:42.821+0000] {dag.py:3490} INFO - Setting next_dagrun for example_skip_dag to 2023-06-14T12:16:42.821598+00:00, run_after=2023-06-15T12:16:42.821598+00:00
[2023-06-15T12:16:42.850+0000] {processor.py:179} INFO - Processing /home/airflow/.local/lib/python3.7/site-packages/airflow/example_dags/example_skip_dag.py took 0.120 seconds
[2023-06-15T12:17:13.740+0000] {processor.py:157} INFO - Started process (PID=1201) to work on /home/airflow/.local/lib/python3.7/site-packages/airflow/example_dags/example_skip_dag.py
[2023-06-15T12:17:13.741+0000] {processor.py:826} INFO - Processing file /home/airflow/.local/lib/python3.7/site-packages/airflow/example_dags/example_skip_dag.py for tasks to queue
[2023-06-15T12:17:13.743+0000] {logging_mixin.py:149} INFO - [2023-06-15T12:17:13.742+0000] {dagbag.py:541} INFO - Filling up the DagBag from /home/airflow/.local/lib/python3.7/site-packages/airflow/example_dags/example_skip_dag.py
[2023-06-15T12:17:13.752+0000] {processor.py:836} INFO - DAG(s) dict_keys(['example_skip_dag']) retrieved from /home/airflow/.local/lib/python3.7/site-packages/airflow/example_dags/example_skip_dag.py
[2023-06-15T12:17:13.795+0000] {logging_mixin.py:149} INFO - [2023-06-15T12:17:13.794+0000] {dag.py:2726} INFO - Sync 1 DAGs
[2023-06-15T12:17:13.837+0000] {logging_mixin.py:149} INFO - [2023-06-15T12:17:13.836+0000] {dag.py:3490} INFO - Setting next_dagrun for example_skip_dag to 2023-06-14T12:17:13.836600+00:00, run_after=2023-06-15T12:17:13.836600+00:00
[2023-06-15T12:17:13.869+0000] {processor.py:179} INFO - Processing /home/airflow/.local/lib/python3.7/site-packages/airflow/example_dags/example_skip_dag.py took 0.133 seconds
[2023-06-15T12:17:44.150+0000] {processor.py:157} INFO - Started process (PID=1278) to work on /home/airflow/.local/lib/python3.7/site-packages/airflow/example_dags/example_skip_dag.py
[2023-06-15T12:17:44.151+0000] {processor.py:826} INFO - Processing file /home/airflow/.local/lib/python3.7/site-packages/airflow/example_dags/example_skip_dag.py for tasks to queue
[2023-06-15T12:17:44.151+0000] {logging_mixin.py:149} INFO - [2023-06-15T12:17:44.151+0000] {dagbag.py:541} INFO - Filling up the DagBag from /home/airflow/.local/lib/python3.7/site-packages/airflow/example_dags/example_skip_dag.py
[2023-06-15T12:17:44.159+0000] {processor.py:836} INFO - DAG(s) dict_keys(['example_skip_dag']) retrieved from /home/airflow/.local/lib/python3.7/site-packages/airflow/example_dags/example_skip_dag.py
[2023-06-15T12:17:44.196+0000] {logging_mixin.py:149} INFO - [2023-06-15T12:17:44.196+0000] {dag.py:2726} INFO - Sync 1 DAGs
[2023-06-15T12:17:44.242+0000] {logging_mixin.py:149} INFO - [2023-06-15T12:17:44.242+0000] {dag.py:3490} INFO - Setting next_dagrun for example_skip_dag to 2023-06-14T12:17:44.241899+00:00, run_after=2023-06-15T12:17:44.241899+00:00
[2023-06-15T12:17:44.273+0000] {processor.py:179} INFO - Processing /home/airflow/.local/lib/python3.7/site-packages/airflow/example_dags/example_skip_dag.py took 0.127 seconds
[2023-06-15T12:18:14.819+0000] {processor.py:157} INFO - Started process (PID=1355) to work on /home/airflow/.local/lib/python3.7/site-packages/airflow/example_dags/example_skip_dag.py
[2023-06-15T12:18:14.820+0000] {processor.py:826} INFO - Processing file /home/airflow/.local/lib/python3.7/site-packages/airflow/example_dags/example_skip_dag.py for tasks to queue
[2023-06-15T12:18:14.822+0000] {logging_mixin.py:149} INFO - [2023-06-15T12:18:14.821+0000] {dagbag.py:541} INFO - Filling up the DagBag from /home/airflow/.local/lib/python3.7/site-packages/airflow/example_dags/example_skip_dag.py
[2023-06-15T12:18:14.832+0000] {processor.py:836} INFO - DAG(s) dict_keys(['example_skip_dag']) retrieved from /home/airflow/.local/lib/python3.7/site-packages/airflow/example_dags/example_skip_dag.py
[2023-06-15T12:18:14.867+0000] {logging_mixin.py:149} INFO - [2023-06-15T12:18:14.867+0000] {dag.py:2726} INFO - Sync 1 DAGs
[2023-06-15T12:18:14.915+0000] {logging_mixin.py:149} INFO - [2023-06-15T12:18:14.915+0000] {dag.py:3490} INFO - Setting next_dagrun for example_skip_dag to 2023-06-14T12:18:14.914769+00:00, run_after=2023-06-15T12:18:14.914769+00:00
[2023-06-15T12:18:14.946+0000] {processor.py:179} INFO - Processing /home/airflow/.local/lib/python3.7/site-packages/airflow/example_dags/example_skip_dag.py took 0.131 seconds
[2023-06-15T12:18:45.601+0000] {processor.py:157} INFO - Started process (PID=1432) to work on /home/airflow/.local/lib/python3.7/site-packages/airflow/example_dags/example_skip_dag.py
[2023-06-15T12:18:45.602+0000] {processor.py:826} INFO - Processing file /home/airflow/.local/lib/python3.7/site-packages/airflow/example_dags/example_skip_dag.py for tasks to queue
[2023-06-15T12:18:45.603+0000] {logging_mixin.py:149} INFO - [2023-06-15T12:18:45.603+0000] {dagbag.py:541} INFO - Filling up the DagBag from /home/airflow/.local/lib/python3.7/site-packages/airflow/example_dags/example_skip_dag.py
[2023-06-15T12:18:45.612+0000] {processor.py:836} INFO - DAG(s) dict_keys(['example_skip_dag']) retrieved from /home/airflow/.local/lib/python3.7/site-packages/airflow/example_dags/example_skip_dag.py
[2023-06-15T12:18:45.649+0000] {logging_mixin.py:149} INFO - [2023-06-15T12:18:45.648+0000] {dag.py:2726} INFO - Sync 1 DAGs
[2023-06-15T12:18:45.686+0000] {logging_mixin.py:149} INFO - [2023-06-15T12:18:45.686+0000] {dag.py:3490} INFO - Setting next_dagrun for example_skip_dag to 2023-06-14T12:18:45.685874+00:00, run_after=2023-06-15T12:18:45.685874+00:00
[2023-06-15T12:18:45.717+0000] {processor.py:179} INFO - Processing /home/airflow/.local/lib/python3.7/site-packages/airflow/example_dags/example_skip_dag.py took 0.121 seconds
[2023-06-15T12:19:16.406+0000] {processor.py:157} INFO - Started process (PID=1509) to work on /home/airflow/.local/lib/python3.7/site-packages/airflow/example_dags/example_skip_dag.py
[2023-06-15T12:19:16.407+0000] {processor.py:826} INFO - Processing file /home/airflow/.local/lib/python3.7/site-packages/airflow/example_dags/example_skip_dag.py for tasks to queue
[2023-06-15T12:19:16.408+0000] {logging_mixin.py:149} INFO - [2023-06-15T12:19:16.408+0000] {dagbag.py:541} INFO - Filling up the DagBag from /home/airflow/.local/lib/python3.7/site-packages/airflow/example_dags/example_skip_dag.py
[2023-06-15T12:19:16.417+0000] {processor.py:836} INFO - DAG(s) dict_keys(['example_skip_dag']) retrieved from /home/airflow/.local/lib/python3.7/site-packages/airflow/example_dags/example_skip_dag.py
[2023-06-15T12:19:16.450+0000] {logging_mixin.py:149} INFO - [2023-06-15T12:19:16.450+0000] {dag.py:2726} INFO - Sync 1 DAGs
[2023-06-15T12:19:16.487+0000] {logging_mixin.py:149} INFO - [2023-06-15T12:19:16.487+0000] {dag.py:3490} INFO - Setting next_dagrun for example_skip_dag to 2023-06-14T12:19:16.487018+00:00, run_after=2023-06-15T12:19:16.487018+00:00
[2023-06-15T12:19:16.528+0000] {processor.py:179} INFO - Processing /home/airflow/.local/lib/python3.7/site-packages/airflow/example_dags/example_skip_dag.py took 0.128 seconds
[2023-06-15T12:19:46.817+0000] {processor.py:157} INFO - Started process (PID=1572) to work on /home/airflow/.local/lib/python3.7/site-packages/airflow/example_dags/example_skip_dag.py
[2023-06-15T12:19:46.818+0000] {processor.py:826} INFO - Processing file /home/airflow/.local/lib/python3.7/site-packages/airflow/example_dags/example_skip_dag.py for tasks to queue
[2023-06-15T12:19:46.819+0000] {logging_mixin.py:149} INFO - [2023-06-15T12:19:46.818+0000] {dagbag.py:541} INFO - Filling up the DagBag from /home/airflow/.local/lib/python3.7/site-packages/airflow/example_dags/example_skip_dag.py
[2023-06-15T12:19:46.827+0000] {processor.py:836} INFO - DAG(s) dict_keys(['example_skip_dag']) retrieved from /home/airflow/.local/lib/python3.7/site-packages/airflow/example_dags/example_skip_dag.py
[2023-06-15T12:19:46.860+0000] {logging_mixin.py:149} INFO - [2023-06-15T12:19:46.860+0000] {dag.py:2726} INFO - Sync 1 DAGs
[2023-06-15T12:19:46.900+0000] {logging_mixin.py:149} INFO - [2023-06-15T12:19:46.900+0000] {dag.py:3490} INFO - Setting next_dagrun for example_skip_dag to 2023-06-14T12:19:46.900099+00:00, run_after=2023-06-15T12:19:46.900099+00:00
[2023-06-15T12:19:46.929+0000] {processor.py:179} INFO - Processing /home/airflow/.local/lib/python3.7/site-packages/airflow/example_dags/example_skip_dag.py took 0.115 seconds
[2023-06-15T12:20:17.212+0000] {processor.py:157} INFO - Started process (PID=1636) to work on /home/airflow/.local/lib/python3.7/site-packages/airflow/example_dags/example_skip_dag.py
[2023-06-15T12:20:17.213+0000] {processor.py:826} INFO - Processing file /home/airflow/.local/lib/python3.7/site-packages/airflow/example_dags/example_skip_dag.py for tasks to queue
[2023-06-15T12:20:17.214+0000] {logging_mixin.py:149} INFO - [2023-06-15T12:20:17.214+0000] {dagbag.py:541} INFO - Filling up the DagBag from /home/airflow/.local/lib/python3.7/site-packages/airflow/example_dags/example_skip_dag.py
[2023-06-15T12:20:17.222+0000] {processor.py:836} INFO - DAG(s) dict_keys(['example_skip_dag']) retrieved from /home/airflow/.local/lib/python3.7/site-packages/airflow/example_dags/example_skip_dag.py
[2023-06-15T12:20:17.266+0000] {logging_mixin.py:149} INFO - [2023-06-15T12:20:17.266+0000] {dag.py:2726} INFO - Sync 1 DAGs
