[2023-06-15T12:09:31.530+0000] {processor.py:157} INFO - Started process (PID=64) to work on /home/airflow/.local/lib/python3.7/site-packages/airflow/example_dags/example_short_circuit_decorator.py
[2023-06-15T12:09:31.531+0000] {processor.py:826} INFO - Processing file /home/airflow/.local/lib/python3.7/site-packages/airflow/example_dags/example_short_circuit_decorator.py for tasks to queue
[2023-06-15T12:09:31.532+0000] {logging_mixin.py:149} INFO - [2023-06-15T12:09:31.532+0000] {dagbag.py:541} INFO - Filling up the DagBag from /home/airflow/.local/lib/python3.7/site-packages/airflow/example_dags/example_short_circuit_decorator.py
[2023-06-15T12:09:31.545+0000] {processor.py:836} INFO - DAG(s) dict_keys(['example_short_circuit_decorator']) retrieved from /home/airflow/.local/lib/python3.7/site-packages/airflow/example_dags/example_short_circuit_decorator.py
[2023-06-15T12:09:31.580+0000] {logging_mixin.py:149} INFO - [2023-06-15T12:09:31.580+0000] {dag.py:2726} INFO - Sync 1 DAGs
[2023-06-15T12:09:31.618+0000] {logging_mixin.py:149} INFO - [2023-06-15T12:09:31.618+0000] {dag.py:3490} INFO - Setting next_dagrun for example_short_circuit_decorator to 2023-06-14T12:09:31.618277+00:00, run_after=2023-06-15T12:09:31.618277+00:00
[2023-06-15T12:09:31.646+0000] {processor.py:179} INFO - Processing /home/airflow/.local/lib/python3.7/site-packages/airflow/example_dags/example_short_circuit_decorator.py took 0.119 seconds
[2023-06-15T12:10:02.178+0000] {processor.py:157} INFO - Started process (PID=141) to work on /home/airflow/.local/lib/python3.7/site-packages/airflow/example_dags/example_short_circuit_decorator.py
[2023-06-15T12:10:02.179+0000] {processor.py:826} INFO - Processing file /home/airflow/.local/lib/python3.7/site-packages/airflow/example_dags/example_short_circuit_decorator.py for tasks to queue
[2023-06-15T12:10:02.180+0000] {logging_mixin.py:149} INFO - [2023-06-15T12:10:02.180+0000] {dagbag.py:541} INFO - Filling up the DagBag from /home/airflow/.local/lib/python3.7/site-packages/airflow/example_dags/example_short_circuit_decorator.py
[2023-06-15T12:10:02.189+0000] {processor.py:836} INFO - DAG(s) dict_keys(['example_short_circuit_decorator']) retrieved from /home/airflow/.local/lib/python3.7/site-packages/airflow/example_dags/example_short_circuit_decorator.py
[2023-06-15T12:10:02.220+0000] {logging_mixin.py:149} INFO - [2023-06-15T12:10:02.219+0000] {dag.py:2726} INFO - Sync 1 DAGs
[2023-06-15T12:10:02.254+0000] {logging_mixin.py:149} INFO - [2023-06-15T12:10:02.254+0000] {dag.py:3490} INFO - Setting next_dagrun for example_short_circuit_decorator to 2023-06-14T12:10:02.253837+00:00, run_after=2023-06-15T12:10:02.253837+00:00
[2023-06-15T12:10:02.382+0000] {processor.py:179} INFO - Processing /home/airflow/.local/lib/python3.7/site-packages/airflow/example_dags/example_short_circuit_decorator.py took 0.206 seconds
[2023-06-15T12:10:34.460+0000] {processor.py:157} INFO - Started process (PID=218) to work on /home/airflow/.local/lib/python3.7/site-packages/airflow/example_dags/example_short_circuit_decorator.py
[2023-06-15T12:10:34.461+0000] {processor.py:826} INFO - Processing file /home/airflow/.local/lib/python3.7/site-packages/airflow/example_dags/example_short_circuit_decorator.py for tasks to queue
[2023-06-15T12:10:34.463+0000] {logging_mixin.py:149} INFO - [2023-06-15T12:10:34.462+0000] {dagbag.py:541} INFO - Filling up the DagBag from /home/airflow/.local/lib/python3.7/site-packages/airflow/example_dags/example_short_circuit_decorator.py
[2023-06-15T12:10:34.473+0000] {processor.py:836} INFO - DAG(s) dict_keys(['example_short_circuit_decorator']) retrieved from /home/airflow/.local/lib/python3.7/site-packages/airflow/example_dags/example_short_circuit_decorator.py
[2023-06-15T12:10:34.622+0000] {logging_mixin.py:149} INFO - [2023-06-15T12:10:34.622+0000] {dag.py:2726} INFO - Sync 1 DAGs
[2023-06-15T12:10:34.656+0000] {logging_mixin.py:149} INFO - [2023-06-15T12:10:34.655+0000] {dag.py:3490} INFO - Setting next_dagrun for example_short_circuit_decorator to 2023-06-14T12:10:34.655605+00:00, run_after=2023-06-15T12:10:34.655605+00:00
[2023-06-15T12:10:34.683+0000] {processor.py:179} INFO - Processing /home/airflow/.local/lib/python3.7/site-packages/airflow/example_dags/example_short_circuit_decorator.py took 0.226 seconds
[2023-06-15T12:11:04.913+0000] {processor.py:157} INFO - Started process (PID=295) to work on /home/airflow/.local/lib/python3.7/site-packages/airflow/example_dags/example_short_circuit_decorator.py
[2023-06-15T12:11:04.915+0000] {processor.py:826} INFO - Processing file /home/airflow/.local/lib/python3.7/site-packages/airflow/example_dags/example_short_circuit_decorator.py for tasks to queue
[2023-06-15T12:11:04.916+0000] {logging_mixin.py:149} INFO - [2023-06-15T12:11:04.916+0000] {dagbag.py:541} INFO - Filling up the DagBag from /home/airflow/.local/lib/python3.7/site-packages/airflow/example_dags/example_short_circuit_decorator.py
[2023-06-15T12:11:04.927+0000] {processor.py:836} INFO - DAG(s) dict_keys(['example_short_circuit_decorator']) retrieved from /home/airflow/.local/lib/python3.7/site-packages/airflow/example_dags/example_short_circuit_decorator.py
[2023-06-15T12:11:04.962+0000] {logging_mixin.py:149} INFO - [2023-06-15T12:11:04.962+0000] {dag.py:2726} INFO - Sync 1 DAGs
[2023-06-15T12:11:05.001+0000] {logging_mixin.py:149} INFO - [2023-06-15T12:11:05.000+0000] {dag.py:3490} INFO - Setting next_dagrun for example_short_circuit_decorator to 2023-06-14T12:11:05.000623+00:00, run_after=2023-06-15T12:11:05.000623+00:00
[2023-06-15T12:11:05.049+0000] {processor.py:179} INFO - Processing /home/airflow/.local/lib/python3.7/site-packages/airflow/example_dags/example_short_circuit_decorator.py took 0.139 seconds
[2023-06-15T12:11:35.591+0000] {processor.py:157} INFO - Started process (PID=373) to work on /home/airflow/.local/lib/python3.7/site-packages/airflow/example_dags/example_short_circuit_decorator.py
[2023-06-15T12:11:35.592+0000] {processor.py:826} INFO - Processing file /home/airflow/.local/lib/python3.7/site-packages/airflow/example_dags/example_short_circuit_decorator.py for tasks to queue
[2023-06-15T12:11:35.593+0000] {logging_mixin.py:149} INFO - [2023-06-15T12:11:35.593+0000] {dagbag.py:541} INFO - Filling up the DagBag from /home/airflow/.local/lib/python3.7/site-packages/airflow/example_dags/example_short_circuit_decorator.py
[2023-06-15T12:11:35.603+0000] {processor.py:836} INFO - DAG(s) dict_keys(['example_short_circuit_decorator']) retrieved from /home/airflow/.local/lib/python3.7/site-packages/airflow/example_dags/example_short_circuit_decorator.py
[2023-06-15T12:11:35.633+0000] {logging_mixin.py:149} INFO - [2023-06-15T12:11:35.633+0000] {dag.py:2726} INFO - Sync 1 DAGs
[2023-06-15T12:11:35.663+0000] {logging_mixin.py:149} INFO - [2023-06-15T12:11:35.663+0000] {dag.py:3490} INFO - Setting next_dagrun for example_short_circuit_decorator to 2023-06-14T12:11:35.662824+00:00, run_after=2023-06-15T12:11:35.662824+00:00
[2023-06-15T12:11:35.683+0000] {processor.py:179} INFO - Processing /home/airflow/.local/lib/python3.7/site-packages/airflow/example_dags/example_short_circuit_decorator.py took 0.094 seconds
[2023-06-15T12:12:06.494+0000] {processor.py:157} INFO - Started process (PID=450) to work on /home/airflow/.local/lib/python3.7/site-packages/airflow/example_dags/example_short_circuit_decorator.py
[2023-06-15T12:12:06.495+0000] {processor.py:826} INFO - Processing file /home/airflow/.local/lib/python3.7/site-packages/airflow/example_dags/example_short_circuit_decorator.py for tasks to queue
[2023-06-15T12:12:06.497+0000] {logging_mixin.py:149} INFO - [2023-06-15T12:12:06.496+0000] {dagbag.py:541} INFO - Filling up the DagBag from /home/airflow/.local/lib/python3.7/site-packages/airflow/example_dags/example_short_circuit_decorator.py
[2023-06-15T12:12:06.507+0000] {processor.py:836} INFO - DAG(s) dict_keys(['example_short_circuit_decorator']) retrieved from /home/airflow/.local/lib/python3.7/site-packages/airflow/example_dags/example_short_circuit_decorator.py
[2023-06-15T12:12:06.534+0000] {logging_mixin.py:149} INFO - [2023-06-15T12:12:06.534+0000] {dag.py:2726} INFO - Sync 1 DAGs
[2023-06-15T12:12:06.563+0000] {logging_mixin.py:149} INFO - [2023-06-15T12:12:06.563+0000] {dag.py:3490} INFO - Setting next_dagrun for example_short_circuit_decorator to 2023-06-14T12:12:06.563412+00:00, run_after=2023-06-15T12:12:06.563412+00:00
[2023-06-15T12:12:06.586+0000] {processor.py:179} INFO - Processing /home/airflow/.local/lib/python3.7/site-packages/airflow/example_dags/example_short_circuit_decorator.py took 0.095 seconds
[2023-06-15T12:12:37.246+0000] {processor.py:157} INFO - Started process (PID=527) to work on /home/airflow/.local/lib/python3.7/site-packages/airflow/example_dags/example_short_circuit_decorator.py
[2023-06-15T12:12:37.247+0000] {processor.py:826} INFO - Processing file /home/airflow/.local/lib/python3.7/site-packages/airflow/example_dags/example_short_circuit_decorator.py for tasks to queue
[2023-06-15T12:12:37.248+0000] {logging_mixin.py:149} INFO - [2023-06-15T12:12:37.248+0000] {dagbag.py:541} INFO - Filling up the DagBag from /home/airflow/.local/lib/python3.7/site-packages/airflow/example_dags/example_short_circuit_decorator.py
[2023-06-15T12:12:37.258+0000] {processor.py:836} INFO - DAG(s) dict_keys(['example_short_circuit_decorator']) retrieved from /home/airflow/.local/lib/python3.7/site-packages/airflow/example_dags/example_short_circuit_decorator.py
[2023-06-15T12:12:37.286+0000] {logging_mixin.py:149} INFO - [2023-06-15T12:12:37.286+0000] {dag.py:2726} INFO - Sync 1 DAGs
[2023-06-15T12:12:37.320+0000] {logging_mixin.py:149} INFO - [2023-06-15T12:12:37.319+0000] {dag.py:3490} INFO - Setting next_dagrun for example_short_circuit_decorator to 2023-06-14T12:12:37.319544+00:00, run_after=2023-06-15T12:12:37.319544+00:00
[2023-06-15T12:12:37.346+0000] {processor.py:179} INFO - Processing /home/airflow/.local/lib/python3.7/site-packages/airflow/example_dags/example_short_circuit_decorator.py took 0.103 seconds
[2023-06-15T12:13:08.428+0000] {processor.py:157} INFO - Started process (PID=604) to work on /home/airflow/.local/lib/python3.7/site-packages/airflow/example_dags/example_short_circuit_decorator.py
[2023-06-15T12:13:08.429+0000] {processor.py:826} INFO - Processing file /home/airflow/.local/lib/python3.7/site-packages/airflow/example_dags/example_short_circuit_decorator.py for tasks to queue
[2023-06-15T12:13:08.431+0000] {logging_mixin.py:149} INFO - [2023-06-15T12:13:08.430+0000] {dagbag.py:541} INFO - Filling up the DagBag from /home/airflow/.local/lib/python3.7/site-packages/airflow/example_dags/example_short_circuit_decorator.py
[2023-06-15T12:13:08.444+0000] {processor.py:836} INFO - DAG(s) dict_keys(['example_short_circuit_decorator']) retrieved from /home/airflow/.local/lib/python3.7/site-packages/airflow/example_dags/example_short_circuit_decorator.py
[2023-06-15T12:13:08.479+0000] {logging_mixin.py:149} INFO - [2023-06-15T12:13:08.479+0000] {dag.py:2726} INFO - Sync 1 DAGs
[2023-06-15T12:13:08.515+0000] {logging_mixin.py:149} INFO - [2023-06-15T12:13:08.515+0000] {dag.py:3490} INFO - Setting next_dagrun for example_short_circuit_decorator to 2023-06-14T12:13:08.514741+00:00, run_after=2023-06-15T12:13:08.514741+00:00
[2023-06-15T12:13:08.557+0000] {processor.py:179} INFO - Processing /home/airflow/.local/lib/python3.7/site-packages/airflow/example_dags/example_short_circuit_decorator.py took 0.133 seconds
[2023-06-15T12:13:39.402+0000] {processor.py:157} INFO - Started process (PID=681) to work on /home/airflow/.local/lib/python3.7/site-packages/airflow/example_dags/example_short_circuit_decorator.py
[2023-06-15T12:13:39.403+0000] {processor.py:826} INFO - Processing file /home/airflow/.local/lib/python3.7/site-packages/airflow/example_dags/example_short_circuit_decorator.py for tasks to queue
[2023-06-15T12:13:39.404+0000] {logging_mixin.py:149} INFO - [2023-06-15T12:13:39.404+0000] {dagbag.py:541} INFO - Filling up the DagBag from /home/airflow/.local/lib/python3.7/site-packages/airflow/example_dags/example_short_circuit_decorator.py
[2023-06-15T12:13:39.418+0000] {processor.py:836} INFO - DAG(s) dict_keys(['example_short_circuit_decorator']) retrieved from /home/airflow/.local/lib/python3.7/site-packages/airflow/example_dags/example_short_circuit_decorator.py
[2023-06-15T12:13:39.454+0000] {logging_mixin.py:149} INFO - [2023-06-15T12:13:39.454+0000] {dag.py:2726} INFO - Sync 1 DAGs
[2023-06-15T12:13:39.494+0000] {logging_mixin.py:149} INFO - [2023-06-15T12:13:39.494+0000] {dag.py:3490} INFO - Setting next_dagrun for example_short_circuit_decorator to 2023-06-14T12:13:39.494173+00:00, run_after=2023-06-15T12:13:39.494173+00:00
[2023-06-15T12:13:39.525+0000] {processor.py:179} INFO - Processing /home/airflow/.local/lib/python3.7/site-packages/airflow/example_dags/example_short_circuit_decorator.py took 0.126 seconds
[2023-06-15T12:14:10.250+0000] {processor.py:157} INFO - Started process (PID=758) to work on /home/airflow/.local/lib/python3.7/site-packages/airflow/example_dags/example_short_circuit_decorator.py
[2023-06-15T12:14:10.252+0000] {processor.py:826} INFO - Processing file /home/airflow/.local/lib/python3.7/site-packages/airflow/example_dags/example_short_circuit_decorator.py for tasks to queue
[2023-06-15T12:14:10.253+0000] {logging_mixin.py:149} INFO - [2023-06-15T12:14:10.253+0000] {dagbag.py:541} INFO - Filling up the DagBag from /home/airflow/.local/lib/python3.7/site-packages/airflow/example_dags/example_short_circuit_decorator.py
[2023-06-15T12:14:10.266+0000] {processor.py:836} INFO - DAG(s) dict_keys(['example_short_circuit_decorator']) retrieved from /home/airflow/.local/lib/python3.7/site-packages/airflow/example_dags/example_short_circuit_decorator.py
[2023-06-15T12:14:10.304+0000] {logging_mixin.py:149} INFO - [2023-06-15T12:14:10.304+0000] {dag.py:2726} INFO - Sync 1 DAGs
[2023-06-15T12:14:10.344+0000] {logging_mixin.py:149} INFO - [2023-06-15T12:14:10.344+0000] {dag.py:3490} INFO - Setting next_dagrun for example_short_circuit_decorator to 2023-06-14T12:14:10.343883+00:00, run_after=2023-06-15T12:14:10.343883+00:00
[2023-06-15T12:14:10.374+0000] {processor.py:179} INFO - Processing /home/airflow/.local/lib/python3.7/site-packages/airflow/example_dags/example_short_circuit_decorator.py took 0.128 seconds
[2023-06-15T12:14:40.756+0000] {processor.py:157} INFO - Started process (PID=835) to work on /home/airflow/.local/lib/python3.7/site-packages/airflow/example_dags/example_short_circuit_decorator.py
[2023-06-15T12:14:40.757+0000] {processor.py:826} INFO - Processing file /home/airflow/.local/lib/python3.7/site-packages/airflow/example_dags/example_short_circuit_decorator.py for tasks to queue
[2023-06-15T12:14:40.758+0000] {logging_mixin.py:149} INFO - [2023-06-15T12:14:40.758+0000] {dagbag.py:541} INFO - Filling up the DagBag from /home/airflow/.local/lib/python3.7/site-packages/airflow/example_dags/example_short_circuit_decorator.py
[2023-06-15T12:14:40.781+0000] {processor.py:836} INFO - DAG(s) dict_keys(['example_short_circuit_decorator']) retrieved from /home/airflow/.local/lib/python3.7/site-packages/airflow/example_dags/example_short_circuit_decorator.py
[2023-06-15T12:14:40.824+0000] {logging_mixin.py:149} INFO - [2023-06-15T12:14:40.824+0000] {dag.py:2726} INFO - Sync 1 DAGs
[2023-06-15T12:14:40.873+0000] {logging_mixin.py:149} INFO - [2023-06-15T12:14:40.873+0000] {dag.py:3490} INFO - Setting next_dagrun for example_short_circuit_decorator to 2023-06-14T12:14:40.873355+00:00, run_after=2023-06-15T12:14:40.873355+00:00
[2023-06-15T12:14:40.904+0000] {processor.py:179} INFO - Processing /home/airflow/.local/lib/python3.7/site-packages/airflow/example_dags/example_short_circuit_decorator.py took 0.152 seconds
[2023-06-15T12:15:11.401+0000] {processor.py:157} INFO - Started process (PID=913) to work on /home/airflow/.local/lib/python3.7/site-packages/airflow/example_dags/example_short_circuit_decorator.py
[2023-06-15T12:15:11.402+0000] {processor.py:826} INFO - Processing file /home/airflow/.local/lib/python3.7/site-packages/airflow/example_dags/example_short_circuit_decorator.py for tasks to queue
[2023-06-15T12:15:11.403+0000] {logging_mixin.py:149} INFO - [2023-06-15T12:15:11.403+0000] {dagbag.py:541} INFO - Filling up the DagBag from /home/airflow/.local/lib/python3.7/site-packages/airflow/example_dags/example_short_circuit_decorator.py
[2023-06-15T12:15:11.415+0000] {processor.py:836} INFO - DAG(s) dict_keys(['example_short_circuit_decorator']) retrieved from /home/airflow/.local/lib/python3.7/site-packages/airflow/example_dags/example_short_circuit_decorator.py
[2023-06-15T12:15:11.450+0000] {logging_mixin.py:149} INFO - [2023-06-15T12:15:11.450+0000] {dag.py:2726} INFO - Sync 1 DAGs
[2023-06-15T12:15:11.486+0000] {logging_mixin.py:149} INFO - [2023-06-15T12:15:11.486+0000] {dag.py:3490} INFO - Setting next_dagrun for example_short_circuit_decorator to 2023-06-14T12:15:11.486264+00:00, run_after=2023-06-15T12:15:11.486264+00:00
[2023-06-15T12:15:11.533+0000] {processor.py:179} INFO - Processing /home/airflow/.local/lib/python3.7/site-packages/airflow/example_dags/example_short_circuit_decorator.py took 0.135 seconds
[2023-06-15T12:15:41.917+0000] {processor.py:157} INFO - Started process (PID=990) to work on /home/airflow/.local/lib/python3.7/site-packages/airflow/example_dags/example_short_circuit_decorator.py
[2023-06-15T12:15:41.918+0000] {processor.py:826} INFO - Processing file /home/airflow/.local/lib/python3.7/site-packages/airflow/example_dags/example_short_circuit_decorator.py for tasks to queue
[2023-06-15T12:15:41.920+0000] {logging_mixin.py:149} INFO - [2023-06-15T12:15:41.920+0000] {dagbag.py:541} INFO - Filling up the DagBag from /home/airflow/.local/lib/python3.7/site-packages/airflow/example_dags/example_short_circuit_decorator.py
[2023-06-15T12:15:41.934+0000] {processor.py:836} INFO - DAG(s) dict_keys(['example_short_circuit_decorator']) retrieved from /home/airflow/.local/lib/python3.7/site-packages/airflow/example_dags/example_short_circuit_decorator.py
[2023-06-15T12:15:41.974+0000] {logging_mixin.py:149} INFO - [2023-06-15T12:15:41.973+0000] {dag.py:2726} INFO - Sync 1 DAGs
[2023-06-15T12:15:42.022+0000] {logging_mixin.py:149} INFO - [2023-06-15T12:15:42.022+0000] {dag.py:3490} INFO - Setting next_dagrun for example_short_circuit_decorator to 2023-06-14T12:15:42.021667+00:00, run_after=2023-06-15T12:15:42.021667+00:00
[2023-06-15T12:15:42.055+0000] {processor.py:179} INFO - Processing /home/airflow/.local/lib/python3.7/site-packages/airflow/example_dags/example_short_circuit_decorator.py took 0.142 seconds
[2023-06-15T12:16:13.214+0000] {processor.py:157} INFO - Started process (PID=1068) to work on /home/airflow/.local/lib/python3.7/site-packages/airflow/example_dags/example_short_circuit_decorator.py
[2023-06-15T12:16:13.215+0000] {processor.py:826} INFO - Processing file /home/airflow/.local/lib/python3.7/site-packages/airflow/example_dags/example_short_circuit_decorator.py for tasks to queue
[2023-06-15T12:16:13.217+0000] {logging_mixin.py:149} INFO - [2023-06-15T12:16:13.216+0000] {dagbag.py:541} INFO - Filling up the DagBag from /home/airflow/.local/lib/python3.7/site-packages/airflow/example_dags/example_short_circuit_decorator.py
[2023-06-15T12:16:13.232+0000] {processor.py:836} INFO - DAG(s) dict_keys(['example_short_circuit_decorator']) retrieved from /home/airflow/.local/lib/python3.7/site-packages/airflow/example_dags/example_short_circuit_decorator.py
[2023-06-15T12:16:13.270+0000] {logging_mixin.py:149} INFO - [2023-06-15T12:16:13.270+0000] {dag.py:2726} INFO - Sync 1 DAGs
[2023-06-15T12:16:13.308+0000] {logging_mixin.py:149} INFO - [2023-06-15T12:16:13.308+0000] {dag.py:3490} INFO - Setting next_dagrun for example_short_circuit_decorator to 2023-06-14T12:16:13.308511+00:00, run_after=2023-06-15T12:16:13.308511+00:00
[2023-06-15T12:16:13.352+0000] {processor.py:179} INFO - Processing /home/airflow/.local/lib/python3.7/site-packages/airflow/example_dags/example_short_circuit_decorator.py took 0.141 seconds
[2023-06-15T12:16:43.938+0000] {processor.py:157} INFO - Started process (PID=1145) to work on /home/airflow/.local/lib/python3.7/site-packages/airflow/example_dags/example_short_circuit_decorator.py
[2023-06-15T12:16:43.939+0000] {processor.py:826} INFO - Processing file /home/airflow/.local/lib/python3.7/site-packages/airflow/example_dags/example_short_circuit_decorator.py for tasks to queue
[2023-06-15T12:16:43.940+0000] {logging_mixin.py:149} INFO - [2023-06-15T12:16:43.940+0000] {dagbag.py:541} INFO - Filling up the DagBag from /home/airflow/.local/lib/python3.7/site-packages/airflow/example_dags/example_short_circuit_decorator.py
[2023-06-15T12:16:43.955+0000] {processor.py:836} INFO - DAG(s) dict_keys(['example_short_circuit_decorator']) retrieved from /home/airflow/.local/lib/python3.7/site-packages/airflow/example_dags/example_short_circuit_decorator.py
[2023-06-15T12:16:43.992+0000] {logging_mixin.py:149} INFO - [2023-06-15T12:16:43.992+0000] {dag.py:2726} INFO - Sync 1 DAGs
[2023-06-15T12:16:44.038+0000] {logging_mixin.py:149} INFO - [2023-06-15T12:16:44.038+0000] {dag.py:3490} INFO - Setting next_dagrun for example_short_circuit_decorator to 2023-06-14T12:16:44.038034+00:00, run_after=2023-06-15T12:16:44.038034+00:00
[2023-06-15T12:16:44.090+0000] {processor.py:179} INFO - Processing /home/airflow/.local/lib/python3.7/site-packages/airflow/example_dags/example_short_circuit_decorator.py took 0.156 seconds
[2023-06-15T12:17:14.518+0000] {processor.py:157} INFO - Started process (PID=1210) to work on /home/airflow/.local/lib/python3.7/site-packages/airflow/example_dags/example_short_circuit_decorator.py
[2023-06-15T12:17:14.519+0000] {processor.py:826} INFO - Processing file /home/airflow/.local/lib/python3.7/site-packages/airflow/example_dags/example_short_circuit_decorator.py for tasks to queue
[2023-06-15T12:17:14.520+0000] {logging_mixin.py:149} INFO - [2023-06-15T12:17:14.520+0000] {dagbag.py:541} INFO - Filling up the DagBag from /home/airflow/.local/lib/python3.7/site-packages/airflow/example_dags/example_short_circuit_decorator.py
[2023-06-15T12:17:14.532+0000] {processor.py:836} INFO - DAG(s) dict_keys(['example_short_circuit_decorator']) retrieved from /home/airflow/.local/lib/python3.7/site-packages/airflow/example_dags/example_short_circuit_decorator.py
[2023-06-15T12:17:14.621+0000] {logging_mixin.py:149} INFO - [2023-06-15T12:17:14.621+0000] {dag.py:2726} INFO - Sync 1 DAGs
[2023-06-15T12:17:14.666+0000] {logging_mixin.py:149} INFO - [2023-06-15T12:17:14.666+0000] {dag.py:3490} INFO - Setting next_dagrun for example_short_circuit_decorator to 2023-06-14T12:17:14.665760+00:00, run_after=2023-06-15T12:17:14.665760+00:00
[2023-06-15T12:17:14.694+0000] {processor.py:179} INFO - Processing /home/airflow/.local/lib/python3.7/site-packages/airflow/example_dags/example_short_circuit_decorator.py took 0.181 seconds
[2023-06-15T12:17:44.875+0000] {processor.py:157} INFO - Started process (PID=1286) to work on /home/airflow/.local/lib/python3.7/site-packages/airflow/example_dags/example_short_circuit_decorator.py
[2023-06-15T12:17:44.876+0000] {processor.py:826} INFO - Processing file /home/airflow/.local/lib/python3.7/site-packages/airflow/example_dags/example_short_circuit_decorator.py for tasks to queue
[2023-06-15T12:17:44.877+0000] {logging_mixin.py:149} INFO - [2023-06-15T12:17:44.877+0000] {dagbag.py:541} INFO - Filling up the DagBag from /home/airflow/.local/lib/python3.7/site-packages/airflow/example_dags/example_short_circuit_decorator.py
[2023-06-15T12:17:44.890+0000] {processor.py:836} INFO - DAG(s) dict_keys(['example_short_circuit_decorator']) retrieved from /home/airflow/.local/lib/python3.7/site-packages/airflow/example_dags/example_short_circuit_decorator.py
[2023-06-15T12:17:44.928+0000] {logging_mixin.py:149} INFO - [2023-06-15T12:17:44.928+0000] {dag.py:2726} INFO - Sync 1 DAGs
[2023-06-15T12:17:44.970+0000] {logging_mixin.py:149} INFO - [2023-06-15T12:17:44.970+0000] {dag.py:3490} INFO - Setting next_dagrun for example_short_circuit_decorator to 2023-06-14T12:17:44.969679+00:00, run_after=2023-06-15T12:17:44.969679+00:00
[2023-06-15T12:17:45.013+0000] {processor.py:179} INFO - Processing /home/airflow/.local/lib/python3.7/site-packages/airflow/example_dags/example_short_circuit_decorator.py took 0.141 seconds
[2023-06-15T12:18:15.561+0000] {processor.py:157} INFO - Started process (PID=1363) to work on /home/airflow/.local/lib/python3.7/site-packages/airflow/example_dags/example_short_circuit_decorator.py
[2023-06-15T12:18:15.562+0000] {processor.py:826} INFO - Processing file /home/airflow/.local/lib/python3.7/site-packages/airflow/example_dags/example_short_circuit_decorator.py for tasks to queue
[2023-06-15T12:18:15.563+0000] {logging_mixin.py:149} INFO - [2023-06-15T12:18:15.563+0000] {dagbag.py:541} INFO - Filling up the DagBag from /home/airflow/.local/lib/python3.7/site-packages/airflow/example_dags/example_short_circuit_decorator.py
[2023-06-15T12:18:15.579+0000] {processor.py:836} INFO - DAG(s) dict_keys(['example_short_circuit_decorator']) retrieved from /home/airflow/.local/lib/python3.7/site-packages/airflow/example_dags/example_short_circuit_decorator.py
[2023-06-15T12:18:15.617+0000] {logging_mixin.py:149} INFO - [2023-06-15T12:18:15.617+0000] {dag.py:2726} INFO - Sync 1 DAGs
[2023-06-15T12:18:15.657+0000] {logging_mixin.py:149} INFO - [2023-06-15T12:18:15.657+0000] {dag.py:3490} INFO - Setting next_dagrun for example_short_circuit_decorator to 2023-06-14T12:18:15.656702+00:00, run_after=2023-06-15T12:18:15.656702+00:00
[2023-06-15T12:18:15.687+0000] {processor.py:179} INFO - Processing /home/airflow/.local/lib/python3.7/site-packages/airflow/example_dags/example_short_circuit_decorator.py took 0.130 seconds
[2023-06-15T12:18:46.264+0000] {processor.py:157} INFO - Started process (PID=1440) to work on /home/airflow/.local/lib/python3.7/site-packages/airflow/example_dags/example_short_circuit_decorator.py
[2023-06-15T12:18:46.265+0000] {processor.py:826} INFO - Processing file /home/airflow/.local/lib/python3.7/site-packages/airflow/example_dags/example_short_circuit_decorator.py for tasks to queue
[2023-06-15T12:18:46.266+0000] {logging_mixin.py:149} INFO - [2023-06-15T12:18:46.266+0000] {dagbag.py:541} INFO - Filling up the DagBag from /home/airflow/.local/lib/python3.7/site-packages/airflow/example_dags/example_short_circuit_decorator.py
[2023-06-15T12:18:46.281+0000] {processor.py:836} INFO - DAG(s) dict_keys(['example_short_circuit_decorator']) retrieved from /home/airflow/.local/lib/python3.7/site-packages/airflow/example_dags/example_short_circuit_decorator.py
[2023-06-15T12:18:46.316+0000] {logging_mixin.py:149} INFO - [2023-06-15T12:18:46.315+0000] {dag.py:2726} INFO - Sync 1 DAGs
[2023-06-15T12:18:46.351+0000] {logging_mixin.py:149} INFO - [2023-06-15T12:18:46.351+0000] {dag.py:3490} INFO - Setting next_dagrun for example_short_circuit_decorator to 2023-06-14T12:18:46.350968+00:00, run_after=2023-06-15T12:18:46.350968+00:00
[2023-06-15T12:18:46.379+0000] {processor.py:179} INFO - Processing /home/airflow/.local/lib/python3.7/site-packages/airflow/example_dags/example_short_circuit_decorator.py took 0.118 seconds
[2023-06-15T12:19:17.040+0000] {processor.py:157} INFO - Started process (PID=1517) to work on /home/airflow/.local/lib/python3.7/site-packages/airflow/example_dags/example_short_circuit_decorator.py
[2023-06-15T12:19:17.042+0000] {processor.py:826} INFO - Processing file /home/airflow/.local/lib/python3.7/site-packages/airflow/example_dags/example_short_circuit_decorator.py for tasks to queue
[2023-06-15T12:19:17.043+0000] {logging_mixin.py:149} INFO - [2023-06-15T12:19:17.043+0000] {dagbag.py:541} INFO - Filling up the DagBag from /home/airflow/.local/lib/python3.7/site-packages/airflow/example_dags/example_short_circuit_decorator.py
[2023-06-15T12:19:17.055+0000] {processor.py:836} INFO - DAG(s) dict_keys(['example_short_circuit_decorator']) retrieved from /home/airflow/.local/lib/python3.7/site-packages/airflow/example_dags/example_short_circuit_decorator.py
[2023-06-15T12:19:17.092+0000] {logging_mixin.py:149} INFO - [2023-06-15T12:19:17.091+0000] {dag.py:2726} INFO - Sync 1 DAGs
[2023-06-15T12:19:17.127+0000] {logging_mixin.py:149} INFO - [2023-06-15T12:19:17.127+0000] {dag.py:3490} INFO - Setting next_dagrun for example_short_circuit_decorator to 2023-06-14T12:19:17.127397+00:00, run_after=2023-06-15T12:19:17.127397+00:00
[2023-06-15T12:19:17.173+0000] {processor.py:179} INFO - Processing /home/airflow/.local/lib/python3.7/site-packages/airflow/example_dags/example_short_circuit_decorator.py took 0.135 seconds
[2023-06-15T12:19:47.482+0000] {processor.py:157} INFO - Started process (PID=1580) to work on /home/airflow/.local/lib/python3.7/site-packages/airflow/example_dags/example_short_circuit_decorator.py
[2023-06-15T12:19:47.483+0000] {processor.py:826} INFO - Processing file /home/airflow/.local/lib/python3.7/site-packages/airflow/example_dags/example_short_circuit_decorator.py for tasks to queue
[2023-06-15T12:19:47.484+0000] {logging_mixin.py:149} INFO - [2023-06-15T12:19:47.484+0000] {dagbag.py:541} INFO - Filling up the DagBag from /home/airflow/.local/lib/python3.7/site-packages/airflow/example_dags/example_short_circuit_decorator.py
[2023-06-15T12:19:47.498+0000] {processor.py:836} INFO - DAG(s) dict_keys(['example_short_circuit_decorator']) retrieved from /home/airflow/.local/lib/python3.7/site-packages/airflow/example_dags/example_short_circuit_decorator.py
[2023-06-15T12:19:47.539+0000] {logging_mixin.py:149} INFO - [2023-06-15T12:19:47.539+0000] {dag.py:2726} INFO - Sync 1 DAGs
[2023-06-15T12:19:47.584+0000] {logging_mixin.py:149} INFO - [2023-06-15T12:19:47.584+0000] {dag.py:3490} INFO - Setting next_dagrun for example_short_circuit_decorator to 2023-06-14T12:19:47.583669+00:00, run_after=2023-06-15T12:19:47.583669+00:00
[2023-06-15T12:19:47.614+0000] {processor.py:179} INFO - Processing /home/airflow/.local/lib/python3.7/site-packages/airflow/example_dags/example_short_circuit_decorator.py took 0.136 seconds
