[2023-06-15T12:09:32.928+0000] {processor.py:157} INFO - Started process (PID=80) to work on /home/airflow/.local/lib/python3.7/site-packages/airflow/example_dags/example_latest_only_with_trigger.py
[2023-06-15T12:09:32.929+0000] {processor.py:826} INFO - Processing file /home/airflow/.local/lib/python3.7/site-packages/airflow/example_dags/example_latest_only_with_trigger.py for tasks to queue
[2023-06-15T12:09:32.930+0000] {logging_mixin.py:149} INFO - [2023-06-15T12:09:32.930+0000] {dagbag.py:541} INFO - Filling up the DagBag from /home/airflow/.local/lib/python3.7/site-packages/airflow/example_dags/example_latest_only_with_trigger.py
[2023-06-15T12:09:32.939+0000] {processor.py:836} INFO - DAG(s) dict_keys(['latest_only_with_trigger']) retrieved from /home/airflow/.local/lib/python3.7/site-packages/airflow/example_dags/example_latest_only_with_trigger.py
[2023-06-15T12:09:32.969+0000] {logging_mixin.py:149} INFO - [2023-06-15T12:09:32.969+0000] {dag.py:2726} INFO - Sync 1 DAGs
[2023-06-15T12:09:33.007+0000] {logging_mixin.py:149} INFO - [2023-06-15T12:09:33.007+0000] {dag.py:3490} INFO - Setting next_dagrun for latest_only_with_trigger to 2023-06-15T08:09:33.006784+00:00, run_after=2023-06-15T12:09:33.006784+00:00
[2023-06-15T12:09:33.042+0000] {processor.py:179} INFO - Processing /home/airflow/.local/lib/python3.7/site-packages/airflow/example_dags/example_latest_only_with_trigger.py took 0.117 seconds
[2023-06-15T12:10:03.779+0000] {processor.py:157} INFO - Started process (PID=156) to work on /home/airflow/.local/lib/python3.7/site-packages/airflow/example_dags/example_latest_only_with_trigger.py
[2023-06-15T12:10:03.780+0000] {processor.py:826} INFO - Processing file /home/airflow/.local/lib/python3.7/site-packages/airflow/example_dags/example_latest_only_with_trigger.py for tasks to queue
[2023-06-15T12:10:03.781+0000] {logging_mixin.py:149} INFO - [2023-06-15T12:10:03.781+0000] {dagbag.py:541} INFO - Filling up the DagBag from /home/airflow/.local/lib/python3.7/site-packages/airflow/example_dags/example_latest_only_with_trigger.py
[2023-06-15T12:10:03.787+0000] {processor.py:836} INFO - DAG(s) dict_keys(['latest_only_with_trigger']) retrieved from /home/airflow/.local/lib/python3.7/site-packages/airflow/example_dags/example_latest_only_with_trigger.py
[2023-06-15T12:10:03.812+0000] {logging_mixin.py:149} INFO - [2023-06-15T12:10:03.812+0000] {dag.py:2726} INFO - Sync 1 DAGs
[2023-06-15T12:10:03.840+0000] {logging_mixin.py:149} INFO - [2023-06-15T12:10:03.839+0000] {dag.py:3490} INFO - Setting next_dagrun for latest_only_with_trigger to 2023-06-15T08:10:03.839738+00:00, run_after=2023-06-15T12:10:03.839738+00:00
[2023-06-15T12:10:03.965+0000] {processor.py:179} INFO - Processing /home/airflow/.local/lib/python3.7/site-packages/airflow/example_dags/example_latest_only_with_trigger.py took 0.188 seconds
[2023-06-15T12:10:36.860+0000] {processor.py:157} INFO - Started process (PID=234) to work on /home/airflow/.local/lib/python3.7/site-packages/airflow/example_dags/example_latest_only_with_trigger.py
[2023-06-15T12:10:36.861+0000] {processor.py:826} INFO - Processing file /home/airflow/.local/lib/python3.7/site-packages/airflow/example_dags/example_latest_only_with_trigger.py for tasks to queue
[2023-06-15T12:10:36.863+0000] {logging_mixin.py:149} INFO - [2023-06-15T12:10:36.862+0000] {dagbag.py:541} INFO - Filling up the DagBag from /home/airflow/.local/lib/python3.7/site-packages/airflow/example_dags/example_latest_only_with_trigger.py
[2023-06-15T12:10:36.870+0000] {processor.py:836} INFO - DAG(s) dict_keys(['latest_only_with_trigger']) retrieved from /home/airflow/.local/lib/python3.7/site-packages/airflow/example_dags/example_latest_only_with_trigger.py
[2023-06-15T12:10:37.029+0000] {logging_mixin.py:149} INFO - [2023-06-15T12:10:37.028+0000] {dag.py:2726} INFO - Sync 1 DAGs
[2023-06-15T12:10:37.070+0000] {logging_mixin.py:149} INFO - [2023-06-15T12:10:37.070+0000] {dag.py:3490} INFO - Setting next_dagrun for latest_only_with_trigger to 2023-06-15T08:10:37.070384+00:00, run_after=2023-06-15T12:10:37.070384+00:00
[2023-06-15T12:10:37.098+0000] {processor.py:179} INFO - Processing /home/airflow/.local/lib/python3.7/site-packages/airflow/example_dags/example_latest_only_with_trigger.py took 0.241 seconds
[2023-06-15T12:11:08.091+0000] {processor.py:157} INFO - Started process (PID=311) to work on /home/airflow/.local/lib/python3.7/site-packages/airflow/example_dags/example_latest_only_with_trigger.py
[2023-06-15T12:11:08.092+0000] {processor.py:826} INFO - Processing file /home/airflow/.local/lib/python3.7/site-packages/airflow/example_dags/example_latest_only_with_trigger.py for tasks to queue
[2023-06-15T12:11:08.093+0000] {logging_mixin.py:149} INFO - [2023-06-15T12:11:08.093+0000] {dagbag.py:541} INFO - Filling up the DagBag from /home/airflow/.local/lib/python3.7/site-packages/airflow/example_dags/example_latest_only_with_trigger.py
[2023-06-15T12:11:08.100+0000] {processor.py:836} INFO - DAG(s) dict_keys(['latest_only_with_trigger']) retrieved from /home/airflow/.local/lib/python3.7/site-packages/airflow/example_dags/example_latest_only_with_trigger.py
[2023-06-15T12:11:08.132+0000] {logging_mixin.py:149} INFO - [2023-06-15T12:11:08.131+0000] {dag.py:2726} INFO - Sync 1 DAGs
[2023-06-15T12:11:08.172+0000] {logging_mixin.py:149} INFO - [2023-06-15T12:11:08.172+0000] {dag.py:3490} INFO - Setting next_dagrun for latest_only_with_trigger to 2023-06-15T08:11:08.171975+00:00, run_after=2023-06-15T12:11:08.171975+00:00
[2023-06-15T12:11:08.195+0000] {processor.py:179} INFO - Processing /home/airflow/.local/lib/python3.7/site-packages/airflow/example_dags/example_latest_only_with_trigger.py took 0.107 seconds
[2023-06-15T12:11:38.723+0000] {processor.py:157} INFO - Started process (PID=389) to work on /home/airflow/.local/lib/python3.7/site-packages/airflow/example_dags/example_latest_only_with_trigger.py
[2023-06-15T12:11:38.724+0000] {processor.py:826} INFO - Processing file /home/airflow/.local/lib/python3.7/site-packages/airflow/example_dags/example_latest_only_with_trigger.py for tasks to queue
[2023-06-15T12:11:38.726+0000] {logging_mixin.py:149} INFO - [2023-06-15T12:11:38.725+0000] {dagbag.py:541} INFO - Filling up the DagBag from /home/airflow/.local/lib/python3.7/site-packages/airflow/example_dags/example_latest_only_with_trigger.py
[2023-06-15T12:11:38.733+0000] {processor.py:836} INFO - DAG(s) dict_keys(['latest_only_with_trigger']) retrieved from /home/airflow/.local/lib/python3.7/site-packages/airflow/example_dags/example_latest_only_with_trigger.py
[2023-06-15T12:11:38.766+0000] {logging_mixin.py:149} INFO - [2023-06-15T12:11:38.766+0000] {dag.py:2726} INFO - Sync 1 DAGs
[2023-06-15T12:11:38.803+0000] {logging_mixin.py:149} INFO - [2023-06-15T12:11:38.803+0000] {dag.py:3490} INFO - Setting next_dagrun for latest_only_with_trigger to 2023-06-15T08:11:38.802744+00:00, run_after=2023-06-15T12:11:38.802744+00:00
[2023-06-15T12:11:38.850+0000] {processor.py:179} INFO - Processing /home/airflow/.local/lib/python3.7/site-packages/airflow/example_dags/example_latest_only_with_trigger.py took 0.131 seconds
[2023-06-15T12:12:09.619+0000] {processor.py:157} INFO - Started process (PID=466) to work on /home/airflow/.local/lib/python3.7/site-packages/airflow/example_dags/example_latest_only_with_trigger.py
[2023-06-15T12:12:09.620+0000] {processor.py:826} INFO - Processing file /home/airflow/.local/lib/python3.7/site-packages/airflow/example_dags/example_latest_only_with_trigger.py for tasks to queue
[2023-06-15T12:12:09.621+0000] {logging_mixin.py:149} INFO - [2023-06-15T12:12:09.620+0000] {dagbag.py:541} INFO - Filling up the DagBag from /home/airflow/.local/lib/python3.7/site-packages/airflow/example_dags/example_latest_only_with_trigger.py
[2023-06-15T12:12:09.627+0000] {processor.py:836} INFO - DAG(s) dict_keys(['latest_only_with_trigger']) retrieved from /home/airflow/.local/lib/python3.7/site-packages/airflow/example_dags/example_latest_only_with_trigger.py
[2023-06-15T12:12:09.659+0000] {logging_mixin.py:149} INFO - [2023-06-15T12:12:09.659+0000] {dag.py:2726} INFO - Sync 1 DAGs
[2023-06-15T12:12:09.697+0000] {logging_mixin.py:149} INFO - [2023-06-15T12:12:09.697+0000] {dag.py:3490} INFO - Setting next_dagrun for latest_only_with_trigger to 2023-06-15T08:12:09.697247+00:00, run_after=2023-06-15T12:12:09.697247+00:00
[2023-06-15T12:12:09.722+0000] {processor.py:179} INFO - Processing /home/airflow/.local/lib/python3.7/site-packages/airflow/example_dags/example_latest_only_with_trigger.py took 0.107 seconds
[2023-06-15T12:12:40.400+0000] {processor.py:157} INFO - Started process (PID=543) to work on /home/airflow/.local/lib/python3.7/site-packages/airflow/example_dags/example_latest_only_with_trigger.py
[2023-06-15T12:12:40.401+0000] {processor.py:826} INFO - Processing file /home/airflow/.local/lib/python3.7/site-packages/airflow/example_dags/example_latest_only_with_trigger.py for tasks to queue
[2023-06-15T12:12:40.401+0000] {logging_mixin.py:149} INFO - [2023-06-15T12:12:40.401+0000] {dagbag.py:541} INFO - Filling up the DagBag from /home/airflow/.local/lib/python3.7/site-packages/airflow/example_dags/example_latest_only_with_trigger.py
[2023-06-15T12:12:40.407+0000] {processor.py:836} INFO - DAG(s) dict_keys(['latest_only_with_trigger']) retrieved from /home/airflow/.local/lib/python3.7/site-packages/airflow/example_dags/example_latest_only_with_trigger.py
[2023-06-15T12:12:40.432+0000] {logging_mixin.py:149} INFO - [2023-06-15T12:12:40.432+0000] {dag.py:2726} INFO - Sync 1 DAGs
[2023-06-15T12:12:40.463+0000] {logging_mixin.py:149} INFO - [2023-06-15T12:12:40.463+0000] {dag.py:3490} INFO - Setting next_dagrun for latest_only_with_trigger to 2023-06-15T08:12:40.463475+00:00, run_after=2023-06-15T12:12:40.463475+00:00
[2023-06-15T12:12:40.490+0000] {processor.py:179} INFO - Processing /home/airflow/.local/lib/python3.7/site-packages/airflow/example_dags/example_latest_only_with_trigger.py took 0.093 seconds
[2023-06-15T12:13:10.924+0000] {processor.py:157} INFO - Started process (PID=620) to work on /home/airflow/.local/lib/python3.7/site-packages/airflow/example_dags/example_latest_only_with_trigger.py
[2023-06-15T12:13:10.925+0000] {processor.py:826} INFO - Processing file /home/airflow/.local/lib/python3.7/site-packages/airflow/example_dags/example_latest_only_with_trigger.py for tasks to queue
[2023-06-15T12:13:10.926+0000] {logging_mixin.py:149} INFO - [2023-06-15T12:13:10.926+0000] {dagbag.py:541} INFO - Filling up the DagBag from /home/airflow/.local/lib/python3.7/site-packages/airflow/example_dags/example_latest_only_with_trigger.py
[2023-06-15T12:13:10.933+0000] {processor.py:836} INFO - DAG(s) dict_keys(['latest_only_with_trigger']) retrieved from /home/airflow/.local/lib/python3.7/site-packages/airflow/example_dags/example_latest_only_with_trigger.py
[2023-06-15T12:13:10.965+0000] {logging_mixin.py:149} INFO - [2023-06-15T12:13:10.965+0000] {dag.py:2726} INFO - Sync 1 DAGs
[2023-06-15T12:13:11.003+0000] {logging_mixin.py:149} INFO - [2023-06-15T12:13:11.003+0000] {dag.py:3490} INFO - Setting next_dagrun for latest_only_with_trigger to 2023-06-15T08:13:11.003331+00:00, run_after=2023-06-15T12:13:11.003331+00:00
[2023-06-15T12:13:11.034+0000] {processor.py:179} INFO - Processing /home/airflow/.local/lib/python3.7/site-packages/airflow/example_dags/example_latest_only_with_trigger.py took 0.113 seconds
[2023-06-15T12:13:41.688+0000] {processor.py:157} INFO - Started process (PID=697) to work on /home/airflow/.local/lib/python3.7/site-packages/airflow/example_dags/example_latest_only_with_trigger.py
[2023-06-15T12:13:41.689+0000] {processor.py:826} INFO - Processing file /home/airflow/.local/lib/python3.7/site-packages/airflow/example_dags/example_latest_only_with_trigger.py for tasks to queue
[2023-06-15T12:13:41.690+0000] {logging_mixin.py:149} INFO - [2023-06-15T12:13:41.690+0000] {dagbag.py:541} INFO - Filling up the DagBag from /home/airflow/.local/lib/python3.7/site-packages/airflow/example_dags/example_latest_only_with_trigger.py
[2023-06-15T12:13:41.699+0000] {processor.py:836} INFO - DAG(s) dict_keys(['latest_only_with_trigger']) retrieved from /home/airflow/.local/lib/python3.7/site-packages/airflow/example_dags/example_latest_only_with_trigger.py
[2023-06-15T12:13:41.742+0000] {logging_mixin.py:149} INFO - [2023-06-15T12:13:41.741+0000] {dag.py:2726} INFO - Sync 1 DAGs
[2023-06-15T12:13:41.789+0000] {logging_mixin.py:149} INFO - [2023-06-15T12:13:41.788+0000] {dag.py:3490} INFO - Setting next_dagrun for latest_only_with_trigger to 2023-06-15T08:13:41.788670+00:00, run_after=2023-06-15T12:13:41.788670+00:00
[2023-06-15T12:13:41.816+0000] {processor.py:179} INFO - Processing /home/airflow/.local/lib/python3.7/site-packages/airflow/example_dags/example_latest_only_with_trigger.py took 0.135 seconds
[2023-06-15T12:14:11.966+0000] {processor.py:157} INFO - Started process (PID=773) to work on /home/airflow/.local/lib/python3.7/site-packages/airflow/example_dags/example_latest_only_with_trigger.py
[2023-06-15T12:14:11.967+0000] {processor.py:826} INFO - Processing file /home/airflow/.local/lib/python3.7/site-packages/airflow/example_dags/example_latest_only_with_trigger.py for tasks to queue
[2023-06-15T12:14:11.968+0000] {logging_mixin.py:149} INFO - [2023-06-15T12:14:11.968+0000] {dagbag.py:541} INFO - Filling up the DagBag from /home/airflow/.local/lib/python3.7/site-packages/airflow/example_dags/example_latest_only_with_trigger.py
[2023-06-15T12:14:11.975+0000] {processor.py:836} INFO - DAG(s) dict_keys(['latest_only_with_trigger']) retrieved from /home/airflow/.local/lib/python3.7/site-packages/airflow/example_dags/example_latest_only_with_trigger.py
[2023-06-15T12:14:12.003+0000] {logging_mixin.py:149} INFO - [2023-06-15T12:14:12.002+0000] {dag.py:2726} INFO - Sync 1 DAGs
[2023-06-15T12:14:12.033+0000] {logging_mixin.py:149} INFO - [2023-06-15T12:14:12.033+0000] {dag.py:3490} INFO - Setting next_dagrun for latest_only_with_trigger to 2023-06-15T08:14:12.033337+00:00, run_after=2023-06-15T12:14:12.033337+00:00
[2023-06-15T12:14:12.076+0000] {processor.py:179} INFO - Processing /home/airflow/.local/lib/python3.7/site-packages/airflow/example_dags/example_latest_only_with_trigger.py took 0.113 seconds
[2023-06-15T12:14:42.119+0000] {processor.py:157} INFO - Started process (PID=850) to work on /home/airflow/.local/lib/python3.7/site-packages/airflow/example_dags/example_latest_only_with_trigger.py
[2023-06-15T12:14:42.121+0000] {processor.py:826} INFO - Processing file /home/airflow/.local/lib/python3.7/site-packages/airflow/example_dags/example_latest_only_with_trigger.py for tasks to queue
[2023-06-15T12:14:42.122+0000] {logging_mixin.py:149} INFO - [2023-06-15T12:14:42.122+0000] {dagbag.py:541} INFO - Filling up the DagBag from /home/airflow/.local/lib/python3.7/site-packages/airflow/example_dags/example_latest_only_with_trigger.py
[2023-06-15T12:14:42.129+0000] {processor.py:836} INFO - DAG(s) dict_keys(['latest_only_with_trigger']) retrieved from /home/airflow/.local/lib/python3.7/site-packages/airflow/example_dags/example_latest_only_with_trigger.py
[2023-06-15T12:14:42.164+0000] {logging_mixin.py:149} INFO - [2023-06-15T12:14:42.164+0000] {dag.py:2726} INFO - Sync 1 DAGs
[2023-06-15T12:14:42.252+0000] {logging_mixin.py:149} INFO - [2023-06-15T12:14:42.252+0000] {dag.py:3490} INFO - Setting next_dagrun for latest_only_with_trigger to 2023-06-15T08:14:42.251627+00:00, run_after=2023-06-15T12:14:42.251627+00:00
[2023-06-15T12:14:42.288+0000] {processor.py:179} INFO - Processing /home/airflow/.local/lib/python3.7/site-packages/airflow/example_dags/example_latest_only_with_trigger.py took 0.172 seconds
[2023-06-15T12:15:12.998+0000] {processor.py:157} INFO - Started process (PID=928) to work on /home/airflow/.local/lib/python3.7/site-packages/airflow/example_dags/example_latest_only_with_trigger.py
[2023-06-15T12:15:12.999+0000] {processor.py:826} INFO - Processing file /home/airflow/.local/lib/python3.7/site-packages/airflow/example_dags/example_latest_only_with_trigger.py for tasks to queue
[2023-06-15T12:15:13.000+0000] {logging_mixin.py:149} INFO - [2023-06-15T12:15:13.000+0000] {dagbag.py:541} INFO - Filling up the DagBag from /home/airflow/.local/lib/python3.7/site-packages/airflow/example_dags/example_latest_only_with_trigger.py
[2023-06-15T12:15:13.006+0000] {processor.py:836} INFO - DAG(s) dict_keys(['latest_only_with_trigger']) retrieved from /home/airflow/.local/lib/python3.7/site-packages/airflow/example_dags/example_latest_only_with_trigger.py
[2023-06-15T12:15:13.039+0000] {logging_mixin.py:149} INFO - [2023-06-15T12:15:13.039+0000] {dag.py:2726} INFO - Sync 1 DAGs
[2023-06-15T12:15:13.076+0000] {logging_mixin.py:149} INFO - [2023-06-15T12:15:13.076+0000] {dag.py:3490} INFO - Setting next_dagrun for latest_only_with_trigger to 2023-06-15T08:15:13.076003+00:00, run_after=2023-06-15T12:15:13.076003+00:00
[2023-06-15T12:15:13.123+0000] {processor.py:179} INFO - Processing /home/airflow/.local/lib/python3.7/site-packages/airflow/example_dags/example_latest_only_with_trigger.py took 0.128 seconds
[2023-06-15T12:15:43.262+0000] {processor.py:157} INFO - Started process (PID=1005) to work on /home/airflow/.local/lib/python3.7/site-packages/airflow/example_dags/example_latest_only_with_trigger.py
[2023-06-15T12:15:43.263+0000] {processor.py:826} INFO - Processing file /home/airflow/.local/lib/python3.7/site-packages/airflow/example_dags/example_latest_only_with_trigger.py for tasks to queue
[2023-06-15T12:15:43.264+0000] {logging_mixin.py:149} INFO - [2023-06-15T12:15:43.264+0000] {dagbag.py:541} INFO - Filling up the DagBag from /home/airflow/.local/lib/python3.7/site-packages/airflow/example_dags/example_latest_only_with_trigger.py
[2023-06-15T12:15:43.272+0000] {processor.py:836} INFO - DAG(s) dict_keys(['latest_only_with_trigger']) retrieved from /home/airflow/.local/lib/python3.7/site-packages/airflow/example_dags/example_latest_only_with_trigger.py
[2023-06-15T12:15:43.306+0000] {logging_mixin.py:149} INFO - [2023-06-15T12:15:43.306+0000] {dag.py:2726} INFO - Sync 1 DAGs
[2023-06-15T12:15:43.347+0000] {logging_mixin.py:149} INFO - [2023-06-15T12:15:43.347+0000] {dag.py:3490} INFO - Setting next_dagrun for latest_only_with_trigger to 2023-06-15T08:15:43.347311+00:00, run_after=2023-06-15T12:15:43.347311+00:00
[2023-06-15T12:15:43.379+0000] {processor.py:179} INFO - Processing /home/airflow/.local/lib/python3.7/site-packages/airflow/example_dags/example_latest_only_with_trigger.py took 0.122 seconds
[2023-06-15T12:16:14.783+0000] {processor.py:157} INFO - Started process (PID=1083) to work on /home/airflow/.local/lib/python3.7/site-packages/airflow/example_dags/example_latest_only_with_trigger.py
[2023-06-15T12:16:14.784+0000] {processor.py:826} INFO - Processing file /home/airflow/.local/lib/python3.7/site-packages/airflow/example_dags/example_latest_only_with_trigger.py for tasks to queue
[2023-06-15T12:16:14.785+0000] {logging_mixin.py:149} INFO - [2023-06-15T12:16:14.785+0000] {dagbag.py:541} INFO - Filling up the DagBag from /home/airflow/.local/lib/python3.7/site-packages/airflow/example_dags/example_latest_only_with_trigger.py
[2023-06-15T12:16:14.792+0000] {processor.py:836} INFO - DAG(s) dict_keys(['latest_only_with_trigger']) retrieved from /home/airflow/.local/lib/python3.7/site-packages/airflow/example_dags/example_latest_only_with_trigger.py
[2023-06-15T12:16:14.824+0000] {logging_mixin.py:149} INFO - [2023-06-15T12:16:14.824+0000] {dag.py:2726} INFO - Sync 1 DAGs
[2023-06-15T12:16:14.862+0000] {logging_mixin.py:149} INFO - [2023-06-15T12:16:14.862+0000] {dag.py:3490} INFO - Setting next_dagrun for latest_only_with_trigger to 2023-06-15T08:16:14.861978+00:00, run_after=2023-06-15T12:16:14.861978+00:00
[2023-06-15T12:16:14.906+0000] {processor.py:179} INFO - Processing /home/airflow/.local/lib/python3.7/site-packages/airflow/example_dags/example_latest_only_with_trigger.py took 0.126 seconds
[2023-06-15T12:16:45.581+0000] {processor.py:157} INFO - Started process (PID=1160) to work on /home/airflow/.local/lib/python3.7/site-packages/airflow/example_dags/example_latest_only_with_trigger.py
[2023-06-15T12:16:45.583+0000] {processor.py:826} INFO - Processing file /home/airflow/.local/lib/python3.7/site-packages/airflow/example_dags/example_latest_only_with_trigger.py for tasks to queue
[2023-06-15T12:16:45.584+0000] {logging_mixin.py:149} INFO - [2023-06-15T12:16:45.584+0000] {dagbag.py:541} INFO - Filling up the DagBag from /home/airflow/.local/lib/python3.7/site-packages/airflow/example_dags/example_latest_only_with_trigger.py
[2023-06-15T12:16:45.592+0000] {processor.py:836} INFO - DAG(s) dict_keys(['latest_only_with_trigger']) retrieved from /home/airflow/.local/lib/python3.7/site-packages/airflow/example_dags/example_latest_only_with_trigger.py
[2023-06-15T12:16:45.662+0000] {logging_mixin.py:149} INFO - [2023-06-15T12:16:45.662+0000] {dag.py:2726} INFO - Sync 1 DAGs
[2023-06-15T12:16:45.706+0000] {logging_mixin.py:149} INFO - [2023-06-15T12:16:45.706+0000] {dag.py:3490} INFO - Setting next_dagrun for latest_only_with_trigger to 2023-06-15T08:16:45.705894+00:00, run_after=2023-06-15T12:16:45.705894+00:00
[2023-06-15T12:16:45.736+0000] {processor.py:179} INFO - Processing /home/airflow/.local/lib/python3.7/site-packages/airflow/example_dags/example_latest_only_with_trigger.py took 0.159 seconds
[2023-06-15T12:17:16.467+0000] {processor.py:157} INFO - Started process (PID=1237) to work on /home/airflow/.local/lib/python3.7/site-packages/airflow/example_dags/example_latest_only_with_trigger.py
[2023-06-15T12:17:16.468+0000] {processor.py:826} INFO - Processing file /home/airflow/.local/lib/python3.7/site-packages/airflow/example_dags/example_latest_only_with_trigger.py for tasks to queue
[2023-06-15T12:17:16.469+0000] {logging_mixin.py:149} INFO - [2023-06-15T12:17:16.469+0000] {dagbag.py:541} INFO - Filling up the DagBag from /home/airflow/.local/lib/python3.7/site-packages/airflow/example_dags/example_latest_only_with_trigger.py
[2023-06-15T12:17:16.475+0000] {processor.py:836} INFO - DAG(s) dict_keys(['latest_only_with_trigger']) retrieved from /home/airflow/.local/lib/python3.7/site-packages/airflow/example_dags/example_latest_only_with_trigger.py
[2023-06-15T12:17:16.509+0000] {logging_mixin.py:149} INFO - [2023-06-15T12:17:16.509+0000] {dag.py:2726} INFO - Sync 1 DAGs
[2023-06-15T12:17:16.545+0000] {logging_mixin.py:149} INFO - [2023-06-15T12:17:16.545+0000] {dag.py:3490} INFO - Setting next_dagrun for latest_only_with_trigger to 2023-06-15T08:17:16.544904+00:00, run_after=2023-06-15T12:17:16.544904+00:00
[2023-06-15T12:17:16.588+0000] {processor.py:179} INFO - Processing /home/airflow/.local/lib/python3.7/site-packages/airflow/example_dags/example_latest_only_with_trigger.py took 0.125 seconds
[2023-06-15T12:17:46.851+0000] {processor.py:157} INFO - Started process (PID=1314) to work on /home/airflow/.local/lib/python3.7/site-packages/airflow/example_dags/example_latest_only_with_trigger.py
[2023-06-15T12:17:46.852+0000] {processor.py:826} INFO - Processing file /home/airflow/.local/lib/python3.7/site-packages/airflow/example_dags/example_latest_only_with_trigger.py for tasks to queue
[2023-06-15T12:17:46.854+0000] {logging_mixin.py:149} INFO - [2023-06-15T12:17:46.853+0000] {dagbag.py:541} INFO - Filling up the DagBag from /home/airflow/.local/lib/python3.7/site-packages/airflow/example_dags/example_latest_only_with_trigger.py
[2023-06-15T12:17:46.864+0000] {processor.py:836} INFO - DAG(s) dict_keys(['latest_only_with_trigger']) retrieved from /home/airflow/.local/lib/python3.7/site-packages/airflow/example_dags/example_latest_only_with_trigger.py
[2023-06-15T12:17:46.899+0000] {logging_mixin.py:149} INFO - [2023-06-15T12:17:46.898+0000] {dag.py:2726} INFO - Sync 1 DAGs
[2023-06-15T12:17:46.937+0000] {logging_mixin.py:149} INFO - [2023-06-15T12:17:46.936+0000] {dag.py:3490} INFO - Setting next_dagrun for latest_only_with_trigger to 2023-06-15T08:17:46.936601+00:00, run_after=2023-06-15T12:17:46.936601+00:00
[2023-06-15T12:17:46.977+0000] {processor.py:179} INFO - Processing /home/airflow/.local/lib/python3.7/site-packages/airflow/example_dags/example_latest_only_with_trigger.py took 0.129 seconds
[2023-06-15T12:18:17.236+0000] {processor.py:157} INFO - Started process (PID=1391) to work on /home/airflow/.local/lib/python3.7/site-packages/airflow/example_dags/example_latest_only_with_trigger.py
[2023-06-15T12:18:17.237+0000] {processor.py:826} INFO - Processing file /home/airflow/.local/lib/python3.7/site-packages/airflow/example_dags/example_latest_only_with_trigger.py for tasks to queue
[2023-06-15T12:18:17.239+0000] {logging_mixin.py:149} INFO - [2023-06-15T12:18:17.239+0000] {dagbag.py:541} INFO - Filling up the DagBag from /home/airflow/.local/lib/python3.7/site-packages/airflow/example_dags/example_latest_only_with_trigger.py
[2023-06-15T12:18:17.245+0000] {processor.py:836} INFO - DAG(s) dict_keys(['latest_only_with_trigger']) retrieved from /home/airflow/.local/lib/python3.7/site-packages/airflow/example_dags/example_latest_only_with_trigger.py
[2023-06-15T12:18:17.277+0000] {logging_mixin.py:149} INFO - [2023-06-15T12:18:17.277+0000] {dag.py:2726} INFO - Sync 1 DAGs
[2023-06-15T12:18:17.315+0000] {logging_mixin.py:149} INFO - [2023-06-15T12:18:17.314+0000] {dag.py:3490} INFO - Setting next_dagrun for latest_only_with_trigger to 2023-06-15T08:18:17.314586+00:00, run_after=2023-06-15T12:18:17.314586+00:00
[2023-06-15T12:18:17.354+0000] {processor.py:179} INFO - Processing /home/airflow/.local/lib/python3.7/site-packages/airflow/example_dags/example_latest_only_with_trigger.py took 0.121 seconds
[2023-06-15T12:18:48.029+0000] {processor.py:157} INFO - Started process (PID=1468) to work on /home/airflow/.local/lib/python3.7/site-packages/airflow/example_dags/example_latest_only_with_trigger.py
[2023-06-15T12:18:48.030+0000] {processor.py:826} INFO - Processing file /home/airflow/.local/lib/python3.7/site-packages/airflow/example_dags/example_latest_only_with_trigger.py for tasks to queue
[2023-06-15T12:18:48.032+0000] {logging_mixin.py:149} INFO - [2023-06-15T12:18:48.032+0000] {dagbag.py:541} INFO - Filling up the DagBag from /home/airflow/.local/lib/python3.7/site-packages/airflow/example_dags/example_latest_only_with_trigger.py
[2023-06-15T12:18:48.039+0000] {processor.py:836} INFO - DAG(s) dict_keys(['latest_only_with_trigger']) retrieved from /home/airflow/.local/lib/python3.7/site-packages/airflow/example_dags/example_latest_only_with_trigger.py
[2023-06-15T12:18:48.078+0000] {logging_mixin.py:149} INFO - [2023-06-15T12:18:48.078+0000] {dag.py:2726} INFO - Sync 1 DAGs
[2023-06-15T12:18:48.121+0000] {logging_mixin.py:149} INFO - [2023-06-15T12:18:48.120+0000] {dag.py:3490} INFO - Setting next_dagrun for latest_only_with_trigger to 2023-06-15T08:18:48.120564+00:00, run_after=2023-06-15T12:18:48.120564+00:00
[2023-06-15T12:18:48.151+0000] {processor.py:179} INFO - Processing /home/airflow/.local/lib/python3.7/site-packages/airflow/example_dags/example_latest_only_with_trigger.py took 0.126 seconds
[2023-06-15T12:19:18.528+0000] {processor.py:157} INFO - Started process (PID=1532) to work on /home/airflow/.local/lib/python3.7/site-packages/airflow/example_dags/example_latest_only_with_trigger.py
[2023-06-15T12:19:18.529+0000] {processor.py:826} INFO - Processing file /home/airflow/.local/lib/python3.7/site-packages/airflow/example_dags/example_latest_only_with_trigger.py for tasks to queue
[2023-06-15T12:19:18.530+0000] {logging_mixin.py:149} INFO - [2023-06-15T12:19:18.530+0000] {dagbag.py:541} INFO - Filling up the DagBag from /home/airflow/.local/lib/python3.7/site-packages/airflow/example_dags/example_latest_only_with_trigger.py
[2023-06-15T12:19:18.537+0000] {processor.py:836} INFO - DAG(s) dict_keys(['latest_only_with_trigger']) retrieved from /home/airflow/.local/lib/python3.7/site-packages/airflow/example_dags/example_latest_only_with_trigger.py
[2023-06-15T12:19:18.568+0000] {logging_mixin.py:149} INFO - [2023-06-15T12:19:18.568+0000] {dag.py:2726} INFO - Sync 1 DAGs
[2023-06-15T12:19:18.608+0000] {logging_mixin.py:149} INFO - [2023-06-15T12:19:18.608+0000] {dag.py:3490} INFO - Setting next_dagrun for latest_only_with_trigger to 2023-06-15T08:19:18.607944+00:00, run_after=2023-06-15T12:19:18.607944+00:00
[2023-06-15T12:19:18.641+0000] {processor.py:179} INFO - Processing /home/airflow/.local/lib/python3.7/site-packages/airflow/example_dags/example_latest_only_with_trigger.py took 0.117 seconds
[2023-06-15T12:19:49.083+0000] {processor.py:157} INFO - Started process (PID=1595) to work on /home/airflow/.local/lib/python3.7/site-packages/airflow/example_dags/example_latest_only_with_trigger.py
[2023-06-15T12:19:49.085+0000] {processor.py:826} INFO - Processing file /home/airflow/.local/lib/python3.7/site-packages/airflow/example_dags/example_latest_only_with_trigger.py for tasks to queue
[2023-06-15T12:19:49.086+0000] {logging_mixin.py:149} INFO - [2023-06-15T12:19:49.086+0000] {dagbag.py:541} INFO - Filling up the DagBag from /home/airflow/.local/lib/python3.7/site-packages/airflow/example_dags/example_latest_only_with_trigger.py
[2023-06-15T12:19:49.092+0000] {processor.py:836} INFO - DAG(s) dict_keys(['latest_only_with_trigger']) retrieved from /home/airflow/.local/lib/python3.7/site-packages/airflow/example_dags/example_latest_only_with_trigger.py
[2023-06-15T12:19:49.122+0000] {logging_mixin.py:149} INFO - [2023-06-15T12:19:49.122+0000] {dag.py:2726} INFO - Sync 1 DAGs
[2023-06-15T12:19:49.157+0000] {logging_mixin.py:149} INFO - [2023-06-15T12:19:49.157+0000] {dag.py:3490} INFO - Setting next_dagrun for latest_only_with_trigger to 2023-06-15T08:19:49.156704+00:00, run_after=2023-06-15T12:19:49.156704+00:00
[2023-06-15T12:19:49.193+0000] {processor.py:179} INFO - Processing /home/airflow/.local/lib/python3.7/site-packages/airflow/example_dags/example_latest_only_with_trigger.py took 0.113 seconds
