[2023-06-15T12:09:29.023+0000] {processor.py:157} INFO - Started process (PID=44) to work on /home/airflow/.local/lib/python3.7/site-packages/airflow/example_dags/example_params_ui_tutorial.py
[2023-06-15T12:09:29.024+0000] {processor.py:826} INFO - Processing file /home/airflow/.local/lib/python3.7/site-packages/airflow/example_dags/example_params_ui_tutorial.py for tasks to queue
[2023-06-15T12:09:29.026+0000] {logging_mixin.py:149} INFO - [2023-06-15T12:09:29.025+0000] {dagbag.py:541} INFO - Filling up the DagBag from /home/airflow/.local/lib/python3.7/site-packages/airflow/example_dags/example_params_ui_tutorial.py
[2023-06-15T12:09:29.079+0000] {processor.py:836} INFO - DAG(s) dict_keys(['example_params_ui_tutorial']) retrieved from /home/airflow/.local/lib/python3.7/site-packages/airflow/example_dags/example_params_ui_tutorial.py
[2023-06-15T12:09:29.239+0000] {logging_mixin.py:149} INFO - [2023-06-15T12:09:29.239+0000] {dag.py:2726} INFO - Sync 1 DAGs
[2023-06-15T12:09:29.273+0000] {logging_mixin.py:149} INFO - [2023-06-15T12:09:29.273+0000] {dag.py:3490} INFO - Setting next_dagrun for example_params_ui_tutorial to None, run_after=None
[2023-06-15T12:09:29.305+0000] {processor.py:179} INFO - Processing /home/airflow/.local/lib/python3.7/site-packages/airflow/example_dags/example_params_ui_tutorial.py took 0.284 seconds
[2023-06-15T12:10:00.194+0000] {processor.py:157} INFO - Started process (PID=110) to work on /home/airflow/.local/lib/python3.7/site-packages/airflow/example_dags/example_params_ui_tutorial.py
[2023-06-15T12:10:00.195+0000] {processor.py:826} INFO - Processing file /home/airflow/.local/lib/python3.7/site-packages/airflow/example_dags/example_params_ui_tutorial.py for tasks to queue
[2023-06-15T12:10:00.197+0000] {logging_mixin.py:149} INFO - [2023-06-15T12:10:00.196+0000] {dagbag.py:541} INFO - Filling up the DagBag from /home/airflow/.local/lib/python3.7/site-packages/airflow/example_dags/example_params_ui_tutorial.py
[2023-06-15T12:10:00.286+0000] {processor.py:836} INFO - DAG(s) dict_keys(['example_params_ui_tutorial']) retrieved from /home/airflow/.local/lib/python3.7/site-packages/airflow/example_dags/example_params_ui_tutorial.py
[2023-06-15T12:10:00.388+0000] {logging_mixin.py:149} INFO - [2023-06-15T12:10:00.388+0000] {dag.py:2726} INFO - Sync 1 DAGs
[2023-06-15T12:10:00.421+0000] {logging_mixin.py:149} INFO - [2023-06-15T12:10:00.421+0000] {dag.py:3490} INFO - Setting next_dagrun for example_params_ui_tutorial to None, run_after=None
[2023-06-15T12:10:00.551+0000] {processor.py:179} INFO - Processing /home/airflow/.local/lib/python3.7/site-packages/airflow/example_dags/example_params_ui_tutorial.py took 0.360 seconds
[2023-06-15T12:10:30.835+0000] {processor.py:157} INFO - Started process (PID=186) to work on /home/airflow/.local/lib/python3.7/site-packages/airflow/example_dags/example_params_ui_tutorial.py
[2023-06-15T12:10:30.836+0000] {processor.py:826} INFO - Processing file /home/airflow/.local/lib/python3.7/site-packages/airflow/example_dags/example_params_ui_tutorial.py for tasks to queue
[2023-06-15T12:10:30.837+0000] {logging_mixin.py:149} INFO - [2023-06-15T12:10:30.837+0000] {dagbag.py:541} INFO - Filling up the DagBag from /home/airflow/.local/lib/python3.7/site-packages/airflow/example_dags/example_params_ui_tutorial.py
[2023-06-15T12:10:30.901+0000] {processor.py:836} INFO - DAG(s) dict_keys(['example_params_ui_tutorial']) retrieved from /home/airflow/.local/lib/python3.7/site-packages/airflow/example_dags/example_params_ui_tutorial.py
[2023-06-15T12:10:31.202+0000] {logging_mixin.py:149} INFO - [2023-06-15T12:10:31.202+0000] {dag.py:2726} INFO - Sync 1 DAGs
[2023-06-15T12:10:31.241+0000] {logging_mixin.py:149} INFO - [2023-06-15T12:10:31.241+0000] {dag.py:3490} INFO - Setting next_dagrun for example_params_ui_tutorial to None, run_after=None
[2023-06-15T12:10:31.268+0000] {processor.py:179} INFO - Processing /home/airflow/.local/lib/python3.7/site-packages/airflow/example_dags/example_params_ui_tutorial.py took 0.437 seconds
[2023-06-15T12:11:01.447+0000] {processor.py:157} INFO - Started process (PID=264) to work on /home/airflow/.local/lib/python3.7/site-packages/airflow/example_dags/example_params_ui_tutorial.py
[2023-06-15T12:11:01.449+0000] {processor.py:826} INFO - Processing file /home/airflow/.local/lib/python3.7/site-packages/airflow/example_dags/example_params_ui_tutorial.py for tasks to queue
[2023-06-15T12:11:01.450+0000] {logging_mixin.py:149} INFO - [2023-06-15T12:11:01.450+0000] {dagbag.py:541} INFO - Filling up the DagBag from /home/airflow/.local/lib/python3.7/site-packages/airflow/example_dags/example_params_ui_tutorial.py
[2023-06-15T12:11:01.516+0000] {processor.py:836} INFO - DAG(s) dict_keys(['example_params_ui_tutorial']) retrieved from /home/airflow/.local/lib/python3.7/site-packages/airflow/example_dags/example_params_ui_tutorial.py
[2023-06-15T12:11:01.644+0000] {logging_mixin.py:149} INFO - [2023-06-15T12:11:01.644+0000] {dag.py:2726} INFO - Sync 1 DAGs
[2023-06-15T12:11:01.693+0000] {logging_mixin.py:149} INFO - [2023-06-15T12:11:01.693+0000] {dag.py:3490} INFO - Setting next_dagrun for example_params_ui_tutorial to None, run_after=None
[2023-06-15T12:11:01.725+0000] {processor.py:179} INFO - Processing /home/airflow/.local/lib/python3.7/site-packages/airflow/example_dags/example_params_ui_tutorial.py took 0.282 seconds
[2023-06-15T12:11:31.851+0000] {processor.py:157} INFO - Started process (PID=341) to work on /home/airflow/.local/lib/python3.7/site-packages/airflow/example_dags/example_params_ui_tutorial.py
[2023-06-15T12:11:31.853+0000] {processor.py:826} INFO - Processing file /home/airflow/.local/lib/python3.7/site-packages/airflow/example_dags/example_params_ui_tutorial.py for tasks to queue
[2023-06-15T12:11:31.854+0000] {logging_mixin.py:149} INFO - [2023-06-15T12:11:31.854+0000] {dagbag.py:541} INFO - Filling up the DagBag from /home/airflow/.local/lib/python3.7/site-packages/airflow/example_dags/example_params_ui_tutorial.py
[2023-06-15T12:11:31.939+0000] {processor.py:836} INFO - DAG(s) dict_keys(['example_params_ui_tutorial']) retrieved from /home/airflow/.local/lib/python3.7/site-packages/airflow/example_dags/example_params_ui_tutorial.py
[2023-06-15T12:11:32.047+0000] {logging_mixin.py:149} INFO - [2023-06-15T12:11:32.046+0000] {dag.py:2726} INFO - Sync 1 DAGs
[2023-06-15T12:11:32.084+0000] {logging_mixin.py:149} INFO - [2023-06-15T12:11:32.084+0000] {dag.py:3490} INFO - Setting next_dagrun for example_params_ui_tutorial to None, run_after=None
[2023-06-15T12:11:32.115+0000] {processor.py:179} INFO - Processing /home/airflow/.local/lib/python3.7/site-packages/airflow/example_dags/example_params_ui_tutorial.py took 0.272 seconds
[2023-06-15T12:12:02.340+0000] {processor.py:157} INFO - Started process (PID=419) to work on /home/airflow/.local/lib/python3.7/site-packages/airflow/example_dags/example_params_ui_tutorial.py
[2023-06-15T12:12:02.342+0000] {processor.py:826} INFO - Processing file /home/airflow/.local/lib/python3.7/site-packages/airflow/example_dags/example_params_ui_tutorial.py for tasks to queue
[2023-06-15T12:12:02.345+0000] {logging_mixin.py:149} INFO - [2023-06-15T12:12:02.344+0000] {dagbag.py:541} INFO - Filling up the DagBag from /home/airflow/.local/lib/python3.7/site-packages/airflow/example_dags/example_params_ui_tutorial.py
[2023-06-15T12:12:02.423+0000] {processor.py:836} INFO - DAG(s) dict_keys(['example_params_ui_tutorial']) retrieved from /home/airflow/.local/lib/python3.7/site-packages/airflow/example_dags/example_params_ui_tutorial.py
[2023-06-15T12:12:02.528+0000] {logging_mixin.py:149} INFO - [2023-06-15T12:12:02.528+0000] {dag.py:2726} INFO - Sync 1 DAGs
[2023-06-15T12:12:02.569+0000] {logging_mixin.py:149} INFO - [2023-06-15T12:12:02.569+0000] {dag.py:3490} INFO - Setting next_dagrun for example_params_ui_tutorial to None, run_after=None
[2023-06-15T12:12:02.740+0000] {processor.py:179} INFO - Processing /home/airflow/.local/lib/python3.7/site-packages/airflow/example_dags/example_params_ui_tutorial.py took 0.404 seconds
[2023-06-15T12:12:33.629+0000] {processor.py:157} INFO - Started process (PID=497) to work on /home/airflow/.local/lib/python3.7/site-packages/airflow/example_dags/example_params_ui_tutorial.py
[2023-06-15T12:12:33.630+0000] {processor.py:826} INFO - Processing file /home/airflow/.local/lib/python3.7/site-packages/airflow/example_dags/example_params_ui_tutorial.py for tasks to queue
[2023-06-15T12:12:33.631+0000] {logging_mixin.py:149} INFO - [2023-06-15T12:12:33.631+0000] {dagbag.py:541} INFO - Filling up the DagBag from /home/airflow/.local/lib/python3.7/site-packages/airflow/example_dags/example_params_ui_tutorial.py
[2023-06-15T12:12:33.695+0000] {processor.py:836} INFO - DAG(s) dict_keys(['example_params_ui_tutorial']) retrieved from /home/airflow/.local/lib/python3.7/site-packages/airflow/example_dags/example_params_ui_tutorial.py
[2023-06-15T12:12:33.821+0000] {logging_mixin.py:149} INFO - [2023-06-15T12:12:33.820+0000] {dag.py:2726} INFO - Sync 1 DAGs
[2023-06-15T12:12:33.866+0000] {logging_mixin.py:149} INFO - [2023-06-15T12:12:33.865+0000] {dag.py:3490} INFO - Setting next_dagrun for example_params_ui_tutorial to None, run_after=None
[2023-06-15T12:12:33.894+0000] {processor.py:179} INFO - Processing /home/airflow/.local/lib/python3.7/site-packages/airflow/example_dags/example_params_ui_tutorial.py took 0.269 seconds
[2023-06-15T12:13:04.055+0000] {processor.py:157} INFO - Started process (PID=574) to work on /home/airflow/.local/lib/python3.7/site-packages/airflow/example_dags/example_params_ui_tutorial.py
[2023-06-15T12:13:04.056+0000] {processor.py:826} INFO - Processing file /home/airflow/.local/lib/python3.7/site-packages/airflow/example_dags/example_params_ui_tutorial.py for tasks to queue
[2023-06-15T12:13:04.057+0000] {logging_mixin.py:149} INFO - [2023-06-15T12:13:04.057+0000] {dagbag.py:541} INFO - Filling up the DagBag from /home/airflow/.local/lib/python3.7/site-packages/airflow/example_dags/example_params_ui_tutorial.py
[2023-06-15T12:13:04.101+0000] {processor.py:836} INFO - DAG(s) dict_keys(['example_params_ui_tutorial']) retrieved from /home/airflow/.local/lib/python3.7/site-packages/airflow/example_dags/example_params_ui_tutorial.py
[2023-06-15T12:13:04.187+0000] {logging_mixin.py:149} INFO - [2023-06-15T12:13:04.186+0000] {dag.py:2726} INFO - Sync 1 DAGs
[2023-06-15T12:13:04.215+0000] {logging_mixin.py:149} INFO - [2023-06-15T12:13:04.215+0000] {dag.py:3490} INFO - Setting next_dagrun for example_params_ui_tutorial to None, run_after=None
[2023-06-15T12:13:04.251+0000] {processor.py:179} INFO - Processing /home/airflow/.local/lib/python3.7/site-packages/airflow/example_dags/example_params_ui_tutorial.py took 0.199 seconds
[2023-06-15T12:13:34.680+0000] {processor.py:157} INFO - Started process (PID=651) to work on /home/airflow/.local/lib/python3.7/site-packages/airflow/example_dags/example_params_ui_tutorial.py
[2023-06-15T12:13:34.682+0000] {processor.py:826} INFO - Processing file /home/airflow/.local/lib/python3.7/site-packages/airflow/example_dags/example_params_ui_tutorial.py for tasks to queue
[2023-06-15T12:13:34.683+0000] {logging_mixin.py:149} INFO - [2023-06-15T12:13:34.683+0000] {dagbag.py:541} INFO - Filling up the DagBag from /home/airflow/.local/lib/python3.7/site-packages/airflow/example_dags/example_params_ui_tutorial.py
[2023-06-15T12:13:34.756+0000] {processor.py:836} INFO - DAG(s) dict_keys(['example_params_ui_tutorial']) retrieved from /home/airflow/.local/lib/python3.7/site-packages/airflow/example_dags/example_params_ui_tutorial.py
[2023-06-15T12:13:34.883+0000] {logging_mixin.py:149} INFO - [2023-06-15T12:13:34.883+0000] {dag.py:2726} INFO - Sync 1 DAGs
[2023-06-15T12:13:34.928+0000] {logging_mixin.py:149} INFO - [2023-06-15T12:13:34.928+0000] {dag.py:3490} INFO - Setting next_dagrun for example_params_ui_tutorial to None, run_after=None
[2023-06-15T12:13:34.957+0000] {processor.py:179} INFO - Processing /home/airflow/.local/lib/python3.7/site-packages/airflow/example_dags/example_params_ui_tutorial.py took 0.280 seconds
[2023-06-15T12:14:05.115+0000] {processor.py:157} INFO - Started process (PID=728) to work on /home/airflow/.local/lib/python3.7/site-packages/airflow/example_dags/example_params_ui_tutorial.py
[2023-06-15T12:14:05.117+0000] {processor.py:826} INFO - Processing file /home/airflow/.local/lib/python3.7/site-packages/airflow/example_dags/example_params_ui_tutorial.py for tasks to queue
[2023-06-15T12:14:05.118+0000] {logging_mixin.py:149} INFO - [2023-06-15T12:14:05.118+0000] {dagbag.py:541} INFO - Filling up the DagBag from /home/airflow/.local/lib/python3.7/site-packages/airflow/example_dags/example_params_ui_tutorial.py
[2023-06-15T12:14:05.202+0000] {processor.py:836} INFO - DAG(s) dict_keys(['example_params_ui_tutorial']) retrieved from /home/airflow/.local/lib/python3.7/site-packages/airflow/example_dags/example_params_ui_tutorial.py
[2023-06-15T12:14:05.346+0000] {logging_mixin.py:149} INFO - [2023-06-15T12:14:05.346+0000] {dag.py:2726} INFO - Sync 1 DAGs
[2023-06-15T12:14:05.385+0000] {logging_mixin.py:149} INFO - [2023-06-15T12:14:05.384+0000] {dag.py:3490} INFO - Setting next_dagrun for example_params_ui_tutorial to None, run_after=None
[2023-06-15T12:14:05.415+0000] {processor.py:179} INFO - Processing /home/airflow/.local/lib/python3.7/site-packages/airflow/example_dags/example_params_ui_tutorial.py took 0.306 seconds
[2023-06-15T12:14:35.544+0000] {processor.py:157} INFO - Started process (PID=805) to work on /home/airflow/.local/lib/python3.7/site-packages/airflow/example_dags/example_params_ui_tutorial.py
[2023-06-15T12:14:35.545+0000] {processor.py:826} INFO - Processing file /home/airflow/.local/lib/python3.7/site-packages/airflow/example_dags/example_params_ui_tutorial.py for tasks to queue
[2023-06-15T12:14:35.547+0000] {logging_mixin.py:149} INFO - [2023-06-15T12:14:35.547+0000] {dagbag.py:541} INFO - Filling up the DagBag from /home/airflow/.local/lib/python3.7/site-packages/airflow/example_dags/example_params_ui_tutorial.py
[2023-06-15T12:14:35.626+0000] {processor.py:836} INFO - DAG(s) dict_keys(['example_params_ui_tutorial']) retrieved from /home/airflow/.local/lib/python3.7/site-packages/airflow/example_dags/example_params_ui_tutorial.py
[2023-06-15T12:14:35.764+0000] {logging_mixin.py:149} INFO - [2023-06-15T12:14:35.764+0000] {dag.py:2726} INFO - Sync 1 DAGs
[2023-06-15T12:14:35.809+0000] {logging_mixin.py:149} INFO - [2023-06-15T12:14:35.809+0000] {dag.py:3490} INFO - Setting next_dagrun for example_params_ui_tutorial to None, run_after=None
[2023-06-15T12:14:35.847+0000] {processor.py:179} INFO - Processing /home/airflow/.local/lib/python3.7/site-packages/airflow/example_dags/example_params_ui_tutorial.py took 0.307 seconds
[2023-06-15T12:15:06.320+0000] {processor.py:157} INFO - Started process (PID=883) to work on /home/airflow/.local/lib/python3.7/site-packages/airflow/example_dags/example_params_ui_tutorial.py
[2023-06-15T12:15:06.321+0000] {processor.py:826} INFO - Processing file /home/airflow/.local/lib/python3.7/site-packages/airflow/example_dags/example_params_ui_tutorial.py for tasks to queue
[2023-06-15T12:15:06.322+0000] {logging_mixin.py:149} INFO - [2023-06-15T12:15:06.322+0000] {dagbag.py:541} INFO - Filling up the DagBag from /home/airflow/.local/lib/python3.7/site-packages/airflow/example_dags/example_params_ui_tutorial.py
[2023-06-15T12:15:06.382+0000] {processor.py:836} INFO - DAG(s) dict_keys(['example_params_ui_tutorial']) retrieved from /home/airflow/.local/lib/python3.7/site-packages/airflow/example_dags/example_params_ui_tutorial.py
[2023-06-15T12:15:06.486+0000] {logging_mixin.py:149} INFO - [2023-06-15T12:15:06.486+0000] {dag.py:2726} INFO - Sync 1 DAGs
[2023-06-15T12:15:06.534+0000] {logging_mixin.py:149} INFO - [2023-06-15T12:15:06.534+0000] {dag.py:3490} INFO - Setting next_dagrun for example_params_ui_tutorial to None, run_after=None
[2023-06-15T12:15:06.563+0000] {processor.py:179} INFO - Processing /home/airflow/.local/lib/python3.7/site-packages/airflow/example_dags/example_params_ui_tutorial.py took 0.248 seconds
[2023-06-15T12:15:36.737+0000] {processor.py:157} INFO - Started process (PID=960) to work on /home/airflow/.local/lib/python3.7/site-packages/airflow/example_dags/example_params_ui_tutorial.py
[2023-06-15T12:15:36.738+0000] {processor.py:826} INFO - Processing file /home/airflow/.local/lib/python3.7/site-packages/airflow/example_dags/example_params_ui_tutorial.py for tasks to queue
[2023-06-15T12:15:36.739+0000] {logging_mixin.py:149} INFO - [2023-06-15T12:15:36.739+0000] {dagbag.py:541} INFO - Filling up the DagBag from /home/airflow/.local/lib/python3.7/site-packages/airflow/example_dags/example_params_ui_tutorial.py
[2023-06-15T12:15:36.812+0000] {processor.py:836} INFO - DAG(s) dict_keys(['example_params_ui_tutorial']) retrieved from /home/airflow/.local/lib/python3.7/site-packages/airflow/example_dags/example_params_ui_tutorial.py
[2023-06-15T12:15:36.949+0000] {logging_mixin.py:149} INFO - [2023-06-15T12:15:36.949+0000] {dag.py:2726} INFO - Sync 1 DAGs
[2023-06-15T12:15:36.986+0000] {logging_mixin.py:149} INFO - [2023-06-15T12:15:36.986+0000] {dag.py:3490} INFO - Setting next_dagrun for example_params_ui_tutorial to None, run_after=None
[2023-06-15T12:15:37.016+0000] {processor.py:179} INFO - Processing /home/airflow/.local/lib/python3.7/site-packages/airflow/example_dags/example_params_ui_tutorial.py took 0.284 seconds
[2023-06-15T12:16:07.176+0000] {processor.py:157} INFO - Started process (PID=1038) to work on /home/airflow/.local/lib/python3.7/site-packages/airflow/example_dags/example_params_ui_tutorial.py
[2023-06-15T12:16:07.178+0000] {processor.py:826} INFO - Processing file /home/airflow/.local/lib/python3.7/site-packages/airflow/example_dags/example_params_ui_tutorial.py for tasks to queue
[2023-06-15T12:16:07.179+0000] {logging_mixin.py:149} INFO - [2023-06-15T12:16:07.179+0000] {dagbag.py:541} INFO - Filling up the DagBag from /home/airflow/.local/lib/python3.7/site-packages/airflow/example_dags/example_params_ui_tutorial.py
[2023-06-15T12:16:07.250+0000] {processor.py:836} INFO - DAG(s) dict_keys(['example_params_ui_tutorial']) retrieved from /home/airflow/.local/lib/python3.7/site-packages/airflow/example_dags/example_params_ui_tutorial.py
[2023-06-15T12:16:07.380+0000] {logging_mixin.py:149} INFO - [2023-06-15T12:16:07.380+0000] {dag.py:2726} INFO - Sync 1 DAGs
[2023-06-15T12:16:07.421+0000] {logging_mixin.py:149} INFO - [2023-06-15T12:16:07.421+0000] {dag.py:3490} INFO - Setting next_dagrun for example_params_ui_tutorial to None, run_after=None
[2023-06-15T12:16:07.455+0000] {processor.py:179} INFO - Processing /home/airflow/.local/lib/python3.7/site-packages/airflow/example_dags/example_params_ui_tutorial.py took 0.283 seconds
[2023-06-15T12:16:37.835+0000] {processor.py:157} INFO - Started process (PID=1115) to work on /home/airflow/.local/lib/python3.7/site-packages/airflow/example_dags/example_params_ui_tutorial.py
[2023-06-15T12:16:37.837+0000] {processor.py:826} INFO - Processing file /home/airflow/.local/lib/python3.7/site-packages/airflow/example_dags/example_params_ui_tutorial.py for tasks to queue
[2023-06-15T12:16:37.838+0000] {logging_mixin.py:149} INFO - [2023-06-15T12:16:37.837+0000] {dagbag.py:541} INFO - Filling up the DagBag from /home/airflow/.local/lib/python3.7/site-packages/airflow/example_dags/example_params_ui_tutorial.py
[2023-06-15T12:16:37.920+0000] {processor.py:836} INFO - DAG(s) dict_keys(['example_params_ui_tutorial']) retrieved from /home/airflow/.local/lib/python3.7/site-packages/airflow/example_dags/example_params_ui_tutorial.py
[2023-06-15T12:16:38.040+0000] {logging_mixin.py:149} INFO - [2023-06-15T12:16:38.040+0000] {dag.py:2726} INFO - Sync 1 DAGs
[2023-06-15T12:16:38.080+0000] {logging_mixin.py:149} INFO - [2023-06-15T12:16:38.079+0000] {dag.py:3490} INFO - Setting next_dagrun for example_params_ui_tutorial to None, run_after=None
[2023-06-15T12:16:38.108+0000] {processor.py:179} INFO - Processing /home/airflow/.local/lib/python3.7/site-packages/airflow/example_dags/example_params_ui_tutorial.py took 0.276 seconds
[2023-06-15T12:17:08.636+0000] {processor.py:157} INFO - Started process (PID=1192) to work on /home/airflow/.local/lib/python3.7/site-packages/airflow/example_dags/example_params_ui_tutorial.py
[2023-06-15T12:17:08.637+0000] {processor.py:826} INFO - Processing file /home/airflow/.local/lib/python3.7/site-packages/airflow/example_dags/example_params_ui_tutorial.py for tasks to queue
[2023-06-15T12:17:08.639+0000] {logging_mixin.py:149} INFO - [2023-06-15T12:17:08.638+0000] {dagbag.py:541} INFO - Filling up the DagBag from /home/airflow/.local/lib/python3.7/site-packages/airflow/example_dags/example_params_ui_tutorial.py
[2023-06-15T12:17:08.722+0000] {processor.py:836} INFO - DAG(s) dict_keys(['example_params_ui_tutorial']) retrieved from /home/airflow/.local/lib/python3.7/site-packages/airflow/example_dags/example_params_ui_tutorial.py
[2023-06-15T12:17:08.845+0000] {logging_mixin.py:149} INFO - [2023-06-15T12:17:08.845+0000] {dag.py:2726} INFO - Sync 1 DAGs
[2023-06-15T12:17:08.899+0000] {logging_mixin.py:149} INFO - [2023-06-15T12:17:08.899+0000] {dag.py:3490} INFO - Setting next_dagrun for example_params_ui_tutorial to None, run_after=None
[2023-06-15T12:17:08.933+0000] {processor.py:179} INFO - Processing /home/airflow/.local/lib/python3.7/site-packages/airflow/example_dags/example_params_ui_tutorial.py took 0.299 seconds
[2023-06-15T12:17:39.204+0000] {processor.py:157} INFO - Started process (PID=1269) to work on /home/airflow/.local/lib/python3.7/site-packages/airflow/example_dags/example_params_ui_tutorial.py
[2023-06-15T12:17:39.206+0000] {processor.py:826} INFO - Processing file /home/airflow/.local/lib/python3.7/site-packages/airflow/example_dags/example_params_ui_tutorial.py for tasks to queue
[2023-06-15T12:17:39.207+0000] {logging_mixin.py:149} INFO - [2023-06-15T12:17:39.207+0000] {dagbag.py:541} INFO - Filling up the DagBag from /home/airflow/.local/lib/python3.7/site-packages/airflow/example_dags/example_params_ui_tutorial.py
[2023-06-15T12:17:39.273+0000] {processor.py:836} INFO - DAG(s) dict_keys(['example_params_ui_tutorial']) retrieved from /home/airflow/.local/lib/python3.7/site-packages/airflow/example_dags/example_params_ui_tutorial.py
[2023-06-15T12:17:39.435+0000] {logging_mixin.py:149} INFO - [2023-06-15T12:17:39.435+0000] {dag.py:2726} INFO - Sync 1 DAGs
[2023-06-15T12:17:39.490+0000] {logging_mixin.py:149} INFO - [2023-06-15T12:17:39.490+0000] {dag.py:3490} INFO - Setting next_dagrun for example_params_ui_tutorial to None, run_after=None
[2023-06-15T12:17:39.529+0000] {processor.py:179} INFO - Processing /home/airflow/.local/lib/python3.7/site-packages/airflow/example_dags/example_params_ui_tutorial.py took 0.328 seconds
[2023-06-15T12:18:09.702+0000] {processor.py:157} INFO - Started process (PID=1346) to work on /home/airflow/.local/lib/python3.7/site-packages/airflow/example_dags/example_params_ui_tutorial.py
[2023-06-15T12:18:09.703+0000] {processor.py:826} INFO - Processing file /home/airflow/.local/lib/python3.7/site-packages/airflow/example_dags/example_params_ui_tutorial.py for tasks to queue
[2023-06-15T12:18:09.704+0000] {logging_mixin.py:149} INFO - [2023-06-15T12:18:09.704+0000] {dagbag.py:541} INFO - Filling up the DagBag from /home/airflow/.local/lib/python3.7/site-packages/airflow/example_dags/example_params_ui_tutorial.py
[2023-06-15T12:18:09.764+0000] {processor.py:836} INFO - DAG(s) dict_keys(['example_params_ui_tutorial']) retrieved from /home/airflow/.local/lib/python3.7/site-packages/airflow/example_dags/example_params_ui_tutorial.py
[2023-06-15T12:18:09.883+0000] {logging_mixin.py:149} INFO - [2023-06-15T12:18:09.883+0000] {dag.py:2726} INFO - Sync 1 DAGs
[2023-06-15T12:18:09.926+0000] {logging_mixin.py:149} INFO - [2023-06-15T12:18:09.926+0000] {dag.py:3490} INFO - Setting next_dagrun for example_params_ui_tutorial to None, run_after=None
[2023-06-15T12:18:09.970+0000] {processor.py:179} INFO - Processing /home/airflow/.local/lib/python3.7/site-packages/airflow/example_dags/example_params_ui_tutorial.py took 0.271 seconds
[2023-06-15T12:18:40.656+0000] {processor.py:157} INFO - Started process (PID=1423) to work on /home/airflow/.local/lib/python3.7/site-packages/airflow/example_dags/example_params_ui_tutorial.py
[2023-06-15T12:18:40.657+0000] {processor.py:826} INFO - Processing file /home/airflow/.local/lib/python3.7/site-packages/airflow/example_dags/example_params_ui_tutorial.py for tasks to queue
[2023-06-15T12:18:40.659+0000] {logging_mixin.py:149} INFO - [2023-06-15T12:18:40.658+0000] {dagbag.py:541} INFO - Filling up the DagBag from /home/airflow/.local/lib/python3.7/site-packages/airflow/example_dags/example_params_ui_tutorial.py
[2023-06-15T12:18:40.716+0000] {processor.py:836} INFO - DAG(s) dict_keys(['example_params_ui_tutorial']) retrieved from /home/airflow/.local/lib/python3.7/site-packages/airflow/example_dags/example_params_ui_tutorial.py
[2023-06-15T12:18:40.816+0000] {logging_mixin.py:149} INFO - [2023-06-15T12:18:40.816+0000] {dag.py:2726} INFO - Sync 1 DAGs
[2023-06-15T12:18:40.855+0000] {logging_mixin.py:149} INFO - [2023-06-15T12:18:40.855+0000] {dag.py:3490} INFO - Setting next_dagrun for example_params_ui_tutorial to None, run_after=None
[2023-06-15T12:18:40.896+0000] {processor.py:179} INFO - Processing /home/airflow/.local/lib/python3.7/site-packages/airflow/example_dags/example_params_ui_tutorial.py took 0.243 seconds
[2023-06-15T12:19:11.413+0000] {processor.py:157} INFO - Started process (PID=1500) to work on /home/airflow/.local/lib/python3.7/site-packages/airflow/example_dags/example_params_ui_tutorial.py
[2023-06-15T12:19:11.414+0000] {processor.py:826} INFO - Processing file /home/airflow/.local/lib/python3.7/site-packages/airflow/example_dags/example_params_ui_tutorial.py for tasks to queue
[2023-06-15T12:19:11.415+0000] {logging_mixin.py:149} INFO - [2023-06-15T12:19:11.415+0000] {dagbag.py:541} INFO - Filling up the DagBag from /home/airflow/.local/lib/python3.7/site-packages/airflow/example_dags/example_params_ui_tutorial.py
[2023-06-15T12:19:11.480+0000] {processor.py:836} INFO - DAG(s) dict_keys(['example_params_ui_tutorial']) retrieved from /home/airflow/.local/lib/python3.7/site-packages/airflow/example_dags/example_params_ui_tutorial.py
[2023-06-15T12:19:11.591+0000] {logging_mixin.py:149} INFO - [2023-06-15T12:19:11.591+0000] {dag.py:2726} INFO - Sync 1 DAGs
[2023-06-15T12:19:11.630+0000] {logging_mixin.py:149} INFO - [2023-06-15T12:19:11.630+0000] {dag.py:3490} INFO - Setting next_dagrun for example_params_ui_tutorial to None, run_after=None
[2023-06-15T12:19:11.678+0000] {processor.py:179} INFO - Processing /home/airflow/.local/lib/python3.7/site-packages/airflow/example_dags/example_params_ui_tutorial.py took 0.268 seconds
[2023-06-15T12:19:42.510+0000] {processor.py:157} INFO - Started process (PID=1563) to work on /home/airflow/.local/lib/python3.7/site-packages/airflow/example_dags/example_params_ui_tutorial.py
[2023-06-15T12:19:42.512+0000] {processor.py:826} INFO - Processing file /home/airflow/.local/lib/python3.7/site-packages/airflow/example_dags/example_params_ui_tutorial.py for tasks to queue
[2023-06-15T12:19:42.513+0000] {logging_mixin.py:149} INFO - [2023-06-15T12:19:42.513+0000] {dagbag.py:541} INFO - Filling up the DagBag from /home/airflow/.local/lib/python3.7/site-packages/airflow/example_dags/example_params_ui_tutorial.py
[2023-06-15T12:19:42.577+0000] {processor.py:836} INFO - DAG(s) dict_keys(['example_params_ui_tutorial']) retrieved from /home/airflow/.local/lib/python3.7/site-packages/airflow/example_dags/example_params_ui_tutorial.py
[2023-06-15T12:19:42.685+0000] {logging_mixin.py:149} INFO - [2023-06-15T12:19:42.684+0000] {dag.py:2726} INFO - Sync 1 DAGs
[2023-06-15T12:19:42.728+0000] {logging_mixin.py:149} INFO - [2023-06-15T12:19:42.727+0000] {dag.py:3490} INFO - Setting next_dagrun for example_params_ui_tutorial to None, run_after=None
[2023-06-15T12:19:42.770+0000] {processor.py:179} INFO - Processing /home/airflow/.local/lib/python3.7/site-packages/airflow/example_dags/example_params_ui_tutorial.py took 0.264 seconds
[2023-06-15T12:20:13.089+0000] {processor.py:157} INFO - Started process (PID=1627) to work on /home/airflow/.local/lib/python3.7/site-packages/airflow/example_dags/example_params_ui_tutorial.py
[2023-06-15T12:20:13.090+0000] {processor.py:826} INFO - Processing file /home/airflow/.local/lib/python3.7/site-packages/airflow/example_dags/example_params_ui_tutorial.py for tasks to queue
[2023-06-15T12:20:13.091+0000] {logging_mixin.py:149} INFO - [2023-06-15T12:20:13.091+0000] {dagbag.py:541} INFO - Filling up the DagBag from /home/airflow/.local/lib/python3.7/site-packages/airflow/example_dags/example_params_ui_tutorial.py
[2023-06-15T12:20:13.162+0000] {processor.py:836} INFO - DAG(s) dict_keys(['example_params_ui_tutorial']) retrieved from /home/airflow/.local/lib/python3.7/site-packages/airflow/example_dags/example_params_ui_tutorial.py
[2023-06-15T12:20:13.283+0000] {logging_mixin.py:149} INFO - [2023-06-15T12:20:13.282+0000] {dag.py:2726} INFO - Sync 1 DAGs
[2023-06-15T12:20:13.322+0000] {logging_mixin.py:149} INFO - [2023-06-15T12:20:13.322+0000] {dag.py:3490} INFO - Setting next_dagrun for example_params_ui_tutorial to None, run_after=None
[2023-06-15T12:20:13.369+0000] {processor.py:179} INFO - Processing /home/airflow/.local/lib/python3.7/site-packages/airflow/example_dags/example_params_ui_tutorial.py took 0.284 seconds
