[2023-06-15T12:09:31.838+0000] {processor.py:157} INFO - Started process (PID=68) to work on /home/airflow/.local/lib/python3.7/site-packages/airflow/example_dags/example_python_operator.py
[2023-06-15T12:09:31.840+0000] {processor.py:826} INFO - Processing file /home/airflow/.local/lib/python3.7/site-packages/airflow/example_dags/example_python_operator.py for tasks to queue
[2023-06-15T12:09:31.841+0000] {logging_mixin.py:149} INFO - [2023-06-15T12:09:31.841+0000] {dagbag.py:541} INFO - Filling up the DagBag from /home/airflow/.local/lib/python3.7/site-packages/airflow/example_dags/example_python_operator.py
[2023-06-15T12:09:31.851+0000] {logging_mixin.py:149} INFO - [2023-06-15T12:09:31.850+0000] {taskmixin.py:211} WARNING - Dependency <Task(_PythonDecoratedOperator): print_the_context>, log_sql_query already registered for DAG: example_python_operator
[2023-06-15T12:09:31.852+0000] {logging_mixin.py:149} INFO - [2023-06-15T12:09:31.851+0000] {taskmixin.py:211} WARNING - Dependency <Task(_PythonDecoratedOperator): log_sql_query>, print_the_context already registered for DAG: example_python_operator
[2023-06-15T12:09:31.853+0000] {logging_mixin.py:149} INFO - [2023-06-15T12:09:31.853+0000] {taskmixin.py:211} WARNING - Dependency <Task(_PythonDecoratedOperator): print_the_context>, log_sql_query already registered for DAG: example_python_operator
[2023-06-15T12:09:31.853+0000] {logging_mixin.py:149} INFO - [2023-06-15T12:09:31.853+0000] {taskmixin.py:211} WARNING - Dependency <Task(_PythonDecoratedOperator): log_sql_query>, print_the_context already registered for DAG: example_python_operator
[2023-06-15T12:09:31.855+0000] {logging_mixin.py:149} INFO - [2023-06-15T12:09:31.854+0000] {taskmixin.py:211} WARNING - Dependency <Task(_PythonDecoratedOperator): print_the_context>, log_sql_query already registered for DAG: example_python_operator
[2023-06-15T12:09:31.855+0000] {logging_mixin.py:149} INFO - [2023-06-15T12:09:31.855+0000] {taskmixin.py:211} WARNING - Dependency <Task(_PythonDecoratedOperator): log_sql_query>, print_the_context already registered for DAG: example_python_operator
[2023-06-15T12:09:31.857+0000] {logging_mixin.py:149} INFO - [2023-06-15T12:09:31.856+0000] {taskmixin.py:211} WARNING - Dependency <Task(_PythonDecoratedOperator): print_the_context>, log_sql_query already registered for DAG: example_python_operator
[2023-06-15T12:09:31.857+0000] {logging_mixin.py:149} INFO - [2023-06-15T12:09:31.857+0000] {taskmixin.py:211} WARNING - Dependency <Task(_PythonDecoratedOperator): log_sql_query>, print_the_context already registered for DAG: example_python_operator
[2023-06-15T12:09:31.863+0000] {processor.py:836} INFO - DAG(s) dict_keys(['example_python_operator']) retrieved from /home/airflow/.local/lib/python3.7/site-packages/airflow/example_dags/example_python_operator.py
[2023-06-15T12:09:31.966+0000] {logging_mixin.py:149} INFO - [2023-06-15T12:09:31.966+0000] {dag.py:2726} INFO - Sync 1 DAGs
[2023-06-15T12:09:32.001+0000] {logging_mixin.py:149} INFO - [2023-06-15T12:09:32.001+0000] {dag.py:3490} INFO - Setting next_dagrun for example_python_operator to None, run_after=None
[2023-06-15T12:09:32.039+0000] {processor.py:179} INFO - Processing /home/airflow/.local/lib/python3.7/site-packages/airflow/example_dags/example_python_operator.py took 0.204 seconds
[2023-06-15T12:10:02.479+0000] {processor.py:157} INFO - Started process (PID=145) to work on /home/airflow/.local/lib/python3.7/site-packages/airflow/example_dags/example_python_operator.py
[2023-06-15T12:10:02.480+0000] {processor.py:826} INFO - Processing file /home/airflow/.local/lib/python3.7/site-packages/airflow/example_dags/example_python_operator.py for tasks to queue
[2023-06-15T12:10:02.481+0000] {logging_mixin.py:149} INFO - [2023-06-15T12:10:02.481+0000] {dagbag.py:541} INFO - Filling up the DagBag from /home/airflow/.local/lib/python3.7/site-packages/airflow/example_dags/example_python_operator.py
[2023-06-15T12:10:02.490+0000] {logging_mixin.py:149} INFO - [2023-06-15T12:10:02.490+0000] {taskmixin.py:211} WARNING - Dependency <Task(_PythonDecoratedOperator): print_the_context>, log_sql_query already registered for DAG: example_python_operator
[2023-06-15T12:10:02.491+0000] {logging_mixin.py:149} INFO - [2023-06-15T12:10:02.491+0000] {taskmixin.py:211} WARNING - Dependency <Task(_PythonDecoratedOperator): log_sql_query>, print_the_context already registered for DAG: example_python_operator
[2023-06-15T12:10:02.492+0000] {logging_mixin.py:149} INFO - [2023-06-15T12:10:02.492+0000] {taskmixin.py:211} WARNING - Dependency <Task(_PythonDecoratedOperator): print_the_context>, log_sql_query already registered for DAG: example_python_operator
[2023-06-15T12:10:02.492+0000] {logging_mixin.py:149} INFO - [2023-06-15T12:10:02.492+0000] {taskmixin.py:211} WARNING - Dependency <Task(_PythonDecoratedOperator): log_sql_query>, print_the_context already registered for DAG: example_python_operator
[2023-06-15T12:10:02.493+0000] {logging_mixin.py:149} INFO - [2023-06-15T12:10:02.493+0000] {taskmixin.py:211} WARNING - Dependency <Task(_PythonDecoratedOperator): print_the_context>, log_sql_query already registered for DAG: example_python_operator
[2023-06-15T12:10:02.494+0000] {logging_mixin.py:149} INFO - [2023-06-15T12:10:02.494+0000] {taskmixin.py:211} WARNING - Dependency <Task(_PythonDecoratedOperator): log_sql_query>, print_the_context already registered for DAG: example_python_operator
[2023-06-15T12:10:02.495+0000] {logging_mixin.py:149} INFO - [2023-06-15T12:10:02.495+0000] {taskmixin.py:211} WARNING - Dependency <Task(_PythonDecoratedOperator): print_the_context>, log_sql_query already registered for DAG: example_python_operator
[2023-06-15T12:10:02.496+0000] {logging_mixin.py:149} INFO - [2023-06-15T12:10:02.495+0000] {taskmixin.py:211} WARNING - Dependency <Task(_PythonDecoratedOperator): log_sql_query>, print_the_context already registered for DAG: example_python_operator
[2023-06-15T12:10:02.499+0000] {processor.py:836} INFO - DAG(s) dict_keys(['example_python_operator']) retrieved from /home/airflow/.local/lib/python3.7/site-packages/airflow/example_dags/example_python_operator.py
[2023-06-15T12:10:02.535+0000] {logging_mixin.py:149} INFO - [2023-06-15T12:10:02.535+0000] {dag.py:2726} INFO - Sync 1 DAGs
[2023-06-15T12:10:02.567+0000] {logging_mixin.py:149} INFO - [2023-06-15T12:10:02.567+0000] {dag.py:3490} INFO - Setting next_dagrun for example_python_operator to None, run_after=None
[2023-06-15T12:10:02.688+0000] {processor.py:179} INFO - Processing /home/airflow/.local/lib/python3.7/site-packages/airflow/example_dags/example_python_operator.py took 0.211 seconds
[2023-06-15T12:10:34.985+0000] {processor.py:157} INFO - Started process (PID=222) to work on /home/airflow/.local/lib/python3.7/site-packages/airflow/example_dags/example_python_operator.py
[2023-06-15T12:10:34.986+0000] {processor.py:826} INFO - Processing file /home/airflow/.local/lib/python3.7/site-packages/airflow/example_dags/example_python_operator.py for tasks to queue
[2023-06-15T12:10:34.987+0000] {logging_mixin.py:149} INFO - [2023-06-15T12:10:34.987+0000] {dagbag.py:541} INFO - Filling up the DagBag from /home/airflow/.local/lib/python3.7/site-packages/airflow/example_dags/example_python_operator.py
[2023-06-15T12:10:34.995+0000] {logging_mixin.py:149} INFO - [2023-06-15T12:10:34.995+0000] {taskmixin.py:211} WARNING - Dependency <Task(_PythonDecoratedOperator): print_the_context>, log_sql_query already registered for DAG: example_python_operator
[2023-06-15T12:10:34.996+0000] {logging_mixin.py:149} INFO - [2023-06-15T12:10:34.995+0000] {taskmixin.py:211} WARNING - Dependency <Task(_PythonDecoratedOperator): log_sql_query>, print_the_context already registered for DAG: example_python_operator
[2023-06-15T12:10:34.997+0000] {logging_mixin.py:149} INFO - [2023-06-15T12:10:34.997+0000] {taskmixin.py:211} WARNING - Dependency <Task(_PythonDecoratedOperator): print_the_context>, log_sql_query already registered for DAG: example_python_operator
[2023-06-15T12:10:34.997+0000] {logging_mixin.py:149} INFO - [2023-06-15T12:10:34.997+0000] {taskmixin.py:211} WARNING - Dependency <Task(_PythonDecoratedOperator): log_sql_query>, print_the_context already registered for DAG: example_python_operator
[2023-06-15T12:10:34.999+0000] {logging_mixin.py:149} INFO - [2023-06-15T12:10:34.999+0000] {taskmixin.py:211} WARNING - Dependency <Task(_PythonDecoratedOperator): print_the_context>, log_sql_query already registered for DAG: example_python_operator
[2023-06-15T12:10:34.999+0000] {logging_mixin.py:149} INFO - [2023-06-15T12:10:34.999+0000] {taskmixin.py:211} WARNING - Dependency <Task(_PythonDecoratedOperator): log_sql_query>, print_the_context already registered for DAG: example_python_operator
[2023-06-15T12:10:35.001+0000] {logging_mixin.py:149} INFO - [2023-06-15T12:10:35.001+0000] {taskmixin.py:211} WARNING - Dependency <Task(_PythonDecoratedOperator): print_the_context>, log_sql_query already registered for DAG: example_python_operator
[2023-06-15T12:10:35.002+0000] {logging_mixin.py:149} INFO - [2023-06-15T12:10:35.002+0000] {taskmixin.py:211} WARNING - Dependency <Task(_PythonDecoratedOperator): log_sql_query>, print_the_context already registered for DAG: example_python_operator
[2023-06-15T12:10:35.007+0000] {processor.py:836} INFO - DAG(s) dict_keys(['example_python_operator']) retrieved from /home/airflow/.local/lib/python3.7/site-packages/airflow/example_dags/example_python_operator.py
[2023-06-15T12:10:35.190+0000] {logging_mixin.py:149} INFO - [2023-06-15T12:10:35.190+0000] {dag.py:2726} INFO - Sync 1 DAGs
[2023-06-15T12:10:35.224+0000] {logging_mixin.py:149} INFO - [2023-06-15T12:10:35.224+0000] {dag.py:3490} INFO - Setting next_dagrun for example_python_operator to None, run_after=None
[2023-06-15T12:10:35.249+0000] {processor.py:179} INFO - Processing /home/airflow/.local/lib/python3.7/site-packages/airflow/example_dags/example_python_operator.py took 0.268 seconds
[2023-06-15T12:11:05.473+0000] {processor.py:157} INFO - Started process (PID=299) to work on /home/airflow/.local/lib/python3.7/site-packages/airflow/example_dags/example_python_operator.py
[2023-06-15T12:11:05.474+0000] {processor.py:826} INFO - Processing file /home/airflow/.local/lib/python3.7/site-packages/airflow/example_dags/example_python_operator.py for tasks to queue
[2023-06-15T12:11:05.475+0000] {logging_mixin.py:149} INFO - [2023-06-15T12:11:05.475+0000] {dagbag.py:541} INFO - Filling up the DagBag from /home/airflow/.local/lib/python3.7/site-packages/airflow/example_dags/example_python_operator.py
[2023-06-15T12:11:05.483+0000] {logging_mixin.py:149} INFO - [2023-06-15T12:11:05.483+0000] {taskmixin.py:211} WARNING - Dependency <Task(_PythonDecoratedOperator): print_the_context>, log_sql_query already registered for DAG: example_python_operator
[2023-06-15T12:11:05.484+0000] {logging_mixin.py:149} INFO - [2023-06-15T12:11:05.484+0000] {taskmixin.py:211} WARNING - Dependency <Task(_PythonDecoratedOperator): log_sql_query>, print_the_context already registered for DAG: example_python_operator
[2023-06-15T12:11:05.485+0000] {logging_mixin.py:149} INFO - [2023-06-15T12:11:05.485+0000] {taskmixin.py:211} WARNING - Dependency <Task(_PythonDecoratedOperator): print_the_context>, log_sql_query already registered for DAG: example_python_operator
[2023-06-15T12:11:05.486+0000] {logging_mixin.py:149} INFO - [2023-06-15T12:11:05.486+0000] {taskmixin.py:211} WARNING - Dependency <Task(_PythonDecoratedOperator): log_sql_query>, print_the_context already registered for DAG: example_python_operator
[2023-06-15T12:11:05.487+0000] {logging_mixin.py:149} INFO - [2023-06-15T12:11:05.487+0000] {taskmixin.py:211} WARNING - Dependency <Task(_PythonDecoratedOperator): print_the_context>, log_sql_query already registered for DAG: example_python_operator
[2023-06-15T12:11:05.488+0000] {logging_mixin.py:149} INFO - [2023-06-15T12:11:05.488+0000] {taskmixin.py:211} WARNING - Dependency <Task(_PythonDecoratedOperator): log_sql_query>, print_the_context already registered for DAG: example_python_operator
[2023-06-15T12:11:05.489+0000] {logging_mixin.py:149} INFO - [2023-06-15T12:11:05.489+0000] {taskmixin.py:211} WARNING - Dependency <Task(_PythonDecoratedOperator): print_the_context>, log_sql_query already registered for DAG: example_python_operator
[2023-06-15T12:11:05.490+0000] {logging_mixin.py:149} INFO - [2023-06-15T12:11:05.489+0000] {taskmixin.py:211} WARNING - Dependency <Task(_PythonDecoratedOperator): log_sql_query>, print_the_context already registered for DAG: example_python_operator
[2023-06-15T12:11:05.494+0000] {processor.py:836} INFO - DAG(s) dict_keys(['example_python_operator']) retrieved from /home/airflow/.local/lib/python3.7/site-packages/airflow/example_dags/example_python_operator.py
[2023-06-15T12:11:05.531+0000] {logging_mixin.py:149} INFO - [2023-06-15T12:11:05.531+0000] {dag.py:2726} INFO - Sync 1 DAGs
[2023-06-15T12:11:05.576+0000] {logging_mixin.py:149} INFO - [2023-06-15T12:11:05.576+0000] {dag.py:3490} INFO - Setting next_dagrun for example_python_operator to None, run_after=None
[2023-06-15T12:11:05.604+0000] {processor.py:179} INFO - Processing /home/airflow/.local/lib/python3.7/site-packages/airflow/example_dags/example_python_operator.py took 0.134 seconds
[2023-06-15T12:11:35.808+0000] {processor.py:157} INFO - Started process (PID=377) to work on /home/airflow/.local/lib/python3.7/site-packages/airflow/example_dags/example_python_operator.py
[2023-06-15T12:11:35.809+0000] {processor.py:826} INFO - Processing file /home/airflow/.local/lib/python3.7/site-packages/airflow/example_dags/example_python_operator.py for tasks to queue
[2023-06-15T12:11:35.809+0000] {logging_mixin.py:149} INFO - [2023-06-15T12:11:35.809+0000] {dagbag.py:541} INFO - Filling up the DagBag from /home/airflow/.local/lib/python3.7/site-packages/airflow/example_dags/example_python_operator.py
[2023-06-15T12:11:35.815+0000] {logging_mixin.py:149} INFO - [2023-06-15T12:11:35.815+0000] {taskmixin.py:211} WARNING - Dependency <Task(_PythonDecoratedOperator): print_the_context>, log_sql_query already registered for DAG: example_python_operator
[2023-06-15T12:11:35.816+0000] {logging_mixin.py:149} INFO - [2023-06-15T12:11:35.816+0000] {taskmixin.py:211} WARNING - Dependency <Task(_PythonDecoratedOperator): log_sql_query>, print_the_context already registered for DAG: example_python_operator
[2023-06-15T12:11:35.817+0000] {logging_mixin.py:149} INFO - [2023-06-15T12:11:35.817+0000] {taskmixin.py:211} WARNING - Dependency <Task(_PythonDecoratedOperator): print_the_context>, log_sql_query already registered for DAG: example_python_operator
[2023-06-15T12:11:35.817+0000] {logging_mixin.py:149} INFO - [2023-06-15T12:11:35.817+0000] {taskmixin.py:211} WARNING - Dependency <Task(_PythonDecoratedOperator): log_sql_query>, print_the_context already registered for DAG: example_python_operator
[2023-06-15T12:11:35.818+0000] {logging_mixin.py:149} INFO - [2023-06-15T12:11:35.818+0000] {taskmixin.py:211} WARNING - Dependency <Task(_PythonDecoratedOperator): print_the_context>, log_sql_query already registered for DAG: example_python_operator
[2023-06-15T12:11:35.819+0000] {logging_mixin.py:149} INFO - [2023-06-15T12:11:35.819+0000] {taskmixin.py:211} WARNING - Dependency <Task(_PythonDecoratedOperator): log_sql_query>, print_the_context already registered for DAG: example_python_operator
[2023-06-15T12:11:35.820+0000] {logging_mixin.py:149} INFO - [2023-06-15T12:11:35.820+0000] {taskmixin.py:211} WARNING - Dependency <Task(_PythonDecoratedOperator): print_the_context>, log_sql_query already registered for DAG: example_python_operator
[2023-06-15T12:11:35.820+0000] {logging_mixin.py:149} INFO - [2023-06-15T12:11:35.820+0000] {taskmixin.py:211} WARNING - Dependency <Task(_PythonDecoratedOperator): log_sql_query>, print_the_context already registered for DAG: example_python_operator
[2023-06-15T12:11:35.823+0000] {processor.py:836} INFO - DAG(s) dict_keys(['example_python_operator']) retrieved from /home/airflow/.local/lib/python3.7/site-packages/airflow/example_dags/example_python_operator.py
[2023-06-15T12:11:35.851+0000] {logging_mixin.py:149} INFO - [2023-06-15T12:11:35.851+0000] {dag.py:2726} INFO - Sync 1 DAGs
[2023-06-15T12:11:35.878+0000] {logging_mixin.py:149} INFO - [2023-06-15T12:11:35.878+0000] {dag.py:3490} INFO - Setting next_dagrun for example_python_operator to None, run_after=None
[2023-06-15T12:11:35.901+0000] {processor.py:179} INFO - Processing /home/airflow/.local/lib/python3.7/site-packages/airflow/example_dags/example_python_operator.py took 0.096 seconds
[2023-06-15T12:12:06.725+0000] {processor.py:157} INFO - Started process (PID=454) to work on /home/airflow/.local/lib/python3.7/site-packages/airflow/example_dags/example_python_operator.py
[2023-06-15T12:12:06.726+0000] {processor.py:826} INFO - Processing file /home/airflow/.local/lib/python3.7/site-packages/airflow/example_dags/example_python_operator.py for tasks to queue
[2023-06-15T12:12:06.727+0000] {logging_mixin.py:149} INFO - [2023-06-15T12:12:06.727+0000] {dagbag.py:541} INFO - Filling up the DagBag from /home/airflow/.local/lib/python3.7/site-packages/airflow/example_dags/example_python_operator.py
[2023-06-15T12:12:06.736+0000] {logging_mixin.py:149} INFO - [2023-06-15T12:12:06.736+0000] {taskmixin.py:211} WARNING - Dependency <Task(_PythonDecoratedOperator): print_the_context>, log_sql_query already registered for DAG: example_python_operator
[2023-06-15T12:12:06.737+0000] {logging_mixin.py:149} INFO - [2023-06-15T12:12:06.736+0000] {taskmixin.py:211} WARNING - Dependency <Task(_PythonDecoratedOperator): log_sql_query>, print_the_context already registered for DAG: example_python_operator
[2023-06-15T12:12:06.738+0000] {logging_mixin.py:149} INFO - [2023-06-15T12:12:06.737+0000] {taskmixin.py:211} WARNING - Dependency <Task(_PythonDecoratedOperator): print_the_context>, log_sql_query already registered for DAG: example_python_operator
[2023-06-15T12:12:06.738+0000] {logging_mixin.py:149} INFO - [2023-06-15T12:12:06.738+0000] {taskmixin.py:211} WARNING - Dependency <Task(_PythonDecoratedOperator): log_sql_query>, print_the_context already registered for DAG: example_python_operator
[2023-06-15T12:12:06.739+0000] {logging_mixin.py:149} INFO - [2023-06-15T12:12:06.739+0000] {taskmixin.py:211} WARNING - Dependency <Task(_PythonDecoratedOperator): print_the_context>, log_sql_query already registered for DAG: example_python_operator
[2023-06-15T12:12:06.740+0000] {logging_mixin.py:149} INFO - [2023-06-15T12:12:06.740+0000] {taskmixin.py:211} WARNING - Dependency <Task(_PythonDecoratedOperator): log_sql_query>, print_the_context already registered for DAG: example_python_operator
[2023-06-15T12:12:06.741+0000] {logging_mixin.py:149} INFO - [2023-06-15T12:12:06.741+0000] {taskmixin.py:211} WARNING - Dependency <Task(_PythonDecoratedOperator): print_the_context>, log_sql_query already registered for DAG: example_python_operator
[2023-06-15T12:12:06.741+0000] {logging_mixin.py:149} INFO - [2023-06-15T12:12:06.741+0000] {taskmixin.py:211} WARNING - Dependency <Task(_PythonDecoratedOperator): log_sql_query>, print_the_context already registered for DAG: example_python_operator
[2023-06-15T12:12:06.744+0000] {processor.py:836} INFO - DAG(s) dict_keys(['example_python_operator']) retrieved from /home/airflow/.local/lib/python3.7/site-packages/airflow/example_dags/example_python_operator.py
[2023-06-15T12:12:06.773+0000] {logging_mixin.py:149} INFO - [2023-06-15T12:12:06.773+0000] {dag.py:2726} INFO - Sync 1 DAGs
[2023-06-15T12:12:06.801+0000] {logging_mixin.py:149} INFO - [2023-06-15T12:12:06.801+0000] {dag.py:3490} INFO - Setting next_dagrun for example_python_operator to None, run_after=None
[2023-06-15T12:12:06.822+0000] {processor.py:179} INFO - Processing /home/airflow/.local/lib/python3.7/site-packages/airflow/example_dags/example_python_operator.py took 0.100 seconds
[2023-06-15T12:12:37.483+0000] {processor.py:157} INFO - Started process (PID=531) to work on /home/airflow/.local/lib/python3.7/site-packages/airflow/example_dags/example_python_operator.py
[2023-06-15T12:12:37.484+0000] {processor.py:826} INFO - Processing file /home/airflow/.local/lib/python3.7/site-packages/airflow/example_dags/example_python_operator.py for tasks to queue
[2023-06-15T12:12:37.485+0000] {logging_mixin.py:149} INFO - [2023-06-15T12:12:37.485+0000] {dagbag.py:541} INFO - Filling up the DagBag from /home/airflow/.local/lib/python3.7/site-packages/airflow/example_dags/example_python_operator.py
[2023-06-15T12:12:37.492+0000] {logging_mixin.py:149} INFO - [2023-06-15T12:12:37.492+0000] {taskmixin.py:211} WARNING - Dependency <Task(_PythonDecoratedOperator): print_the_context>, log_sql_query already registered for DAG: example_python_operator
[2023-06-15T12:12:37.493+0000] {logging_mixin.py:149} INFO - [2023-06-15T12:12:37.493+0000] {taskmixin.py:211} WARNING - Dependency <Task(_PythonDecoratedOperator): log_sql_query>, print_the_context already registered for DAG: example_python_operator
[2023-06-15T12:12:37.494+0000] {logging_mixin.py:149} INFO - [2023-06-15T12:12:37.494+0000] {taskmixin.py:211} WARNING - Dependency <Task(_PythonDecoratedOperator): print_the_context>, log_sql_query already registered for DAG: example_python_operator
[2023-06-15T12:12:37.494+0000] {logging_mixin.py:149} INFO - [2023-06-15T12:12:37.494+0000] {taskmixin.py:211} WARNING - Dependency <Task(_PythonDecoratedOperator): log_sql_query>, print_the_context already registered for DAG: example_python_operator
[2023-06-15T12:12:37.496+0000] {logging_mixin.py:149} INFO - [2023-06-15T12:12:37.496+0000] {taskmixin.py:211} WARNING - Dependency <Task(_PythonDecoratedOperator): print_the_context>, log_sql_query already registered for DAG: example_python_operator
[2023-06-15T12:12:37.496+0000] {logging_mixin.py:149} INFO - [2023-06-15T12:12:37.496+0000] {taskmixin.py:211} WARNING - Dependency <Task(_PythonDecoratedOperator): log_sql_query>, print_the_context already registered for DAG: example_python_operator
[2023-06-15T12:12:37.497+0000] {logging_mixin.py:149} INFO - [2023-06-15T12:12:37.497+0000] {taskmixin.py:211} WARNING - Dependency <Task(_PythonDecoratedOperator): print_the_context>, log_sql_query already registered for DAG: example_python_operator
[2023-06-15T12:12:37.497+0000] {logging_mixin.py:149} INFO - [2023-06-15T12:12:37.497+0000] {taskmixin.py:211} WARNING - Dependency <Task(_PythonDecoratedOperator): log_sql_query>, print_the_context already registered for DAG: example_python_operator
[2023-06-15T12:12:37.500+0000] {processor.py:836} INFO - DAG(s) dict_keys(['example_python_operator']) retrieved from /home/airflow/.local/lib/python3.7/site-packages/airflow/example_dags/example_python_operator.py
[2023-06-15T12:12:37.527+0000] {logging_mixin.py:149} INFO - [2023-06-15T12:12:37.526+0000] {dag.py:2726} INFO - Sync 1 DAGs
[2023-06-15T12:12:37.557+0000] {logging_mixin.py:149} INFO - [2023-06-15T12:12:37.556+0000] {dag.py:3490} INFO - Setting next_dagrun for example_python_operator to None, run_after=None
[2023-06-15T12:12:37.579+0000] {processor.py:179} INFO - Processing /home/airflow/.local/lib/python3.7/site-packages/airflow/example_dags/example_python_operator.py took 0.100 seconds
[2023-06-15T12:13:08.753+0000] {processor.py:157} INFO - Started process (PID=608) to work on /home/airflow/.local/lib/python3.7/site-packages/airflow/example_dags/example_python_operator.py
[2023-06-15T12:13:08.754+0000] {processor.py:826} INFO - Processing file /home/airflow/.local/lib/python3.7/site-packages/airflow/example_dags/example_python_operator.py for tasks to queue
[2023-06-15T12:13:08.755+0000] {logging_mixin.py:149} INFO - [2023-06-15T12:13:08.755+0000] {dagbag.py:541} INFO - Filling up the DagBag from /home/airflow/.local/lib/python3.7/site-packages/airflow/example_dags/example_python_operator.py
[2023-06-15T12:13:08.763+0000] {logging_mixin.py:149} INFO - [2023-06-15T12:13:08.763+0000] {taskmixin.py:211} WARNING - Dependency <Task(_PythonDecoratedOperator): print_the_context>, log_sql_query already registered for DAG: example_python_operator
[2023-06-15T12:13:08.764+0000] {logging_mixin.py:149} INFO - [2023-06-15T12:13:08.763+0000] {taskmixin.py:211} WARNING - Dependency <Task(_PythonDecoratedOperator): log_sql_query>, print_the_context already registered for DAG: example_python_operator
[2023-06-15T12:13:08.765+0000] {logging_mixin.py:149} INFO - [2023-06-15T12:13:08.765+0000] {taskmixin.py:211} WARNING - Dependency <Task(_PythonDecoratedOperator): print_the_context>, log_sql_query already registered for DAG: example_python_operator
[2023-06-15T12:13:08.766+0000] {logging_mixin.py:149} INFO - [2023-06-15T12:13:08.766+0000] {taskmixin.py:211} WARNING - Dependency <Task(_PythonDecoratedOperator): log_sql_query>, print_the_context already registered for DAG: example_python_operator
[2023-06-15T12:13:08.767+0000] {logging_mixin.py:149} INFO - [2023-06-15T12:13:08.767+0000] {taskmixin.py:211} WARNING - Dependency <Task(_PythonDecoratedOperator): print_the_context>, log_sql_query already registered for DAG: example_python_operator
[2023-06-15T12:13:08.768+0000] {logging_mixin.py:149} INFO - [2023-06-15T12:13:08.767+0000] {taskmixin.py:211} WARNING - Dependency <Task(_PythonDecoratedOperator): log_sql_query>, print_the_context already registered for DAG: example_python_operator
[2023-06-15T12:13:08.769+0000] {logging_mixin.py:149} INFO - [2023-06-15T12:13:08.769+0000] {taskmixin.py:211} WARNING - Dependency <Task(_PythonDecoratedOperator): print_the_context>, log_sql_query already registered for DAG: example_python_operator
[2023-06-15T12:13:08.770+0000] {logging_mixin.py:149} INFO - [2023-06-15T12:13:08.769+0000] {taskmixin.py:211} WARNING - Dependency <Task(_PythonDecoratedOperator): log_sql_query>, print_the_context already registered for DAG: example_python_operator
[2023-06-15T12:13:08.773+0000] {processor.py:836} INFO - DAG(s) dict_keys(['example_python_operator']) retrieved from /home/airflow/.local/lib/python3.7/site-packages/airflow/example_dags/example_python_operator.py
[2023-06-15T12:13:08.811+0000] {logging_mixin.py:149} INFO - [2023-06-15T12:13:08.811+0000] {dag.py:2726} INFO - Sync 1 DAGs
[2023-06-15T12:13:08.847+0000] {logging_mixin.py:149} INFO - [2023-06-15T12:13:08.847+0000] {dag.py:3490} INFO - Setting next_dagrun for example_python_operator to None, run_after=None
[2023-06-15T12:13:08.876+0000] {processor.py:179} INFO - Processing /home/airflow/.local/lib/python3.7/site-packages/airflow/example_dags/example_python_operator.py took 0.127 seconds
[2023-06-15T12:13:39.702+0000] {processor.py:157} INFO - Started process (PID=685) to work on /home/airflow/.local/lib/python3.7/site-packages/airflow/example_dags/example_python_operator.py
[2023-06-15T12:13:39.703+0000] {processor.py:826} INFO - Processing file /home/airflow/.local/lib/python3.7/site-packages/airflow/example_dags/example_python_operator.py for tasks to queue
[2023-06-15T12:13:39.704+0000] {logging_mixin.py:149} INFO - [2023-06-15T12:13:39.704+0000] {dagbag.py:541} INFO - Filling up the DagBag from /home/airflow/.local/lib/python3.7/site-packages/airflow/example_dags/example_python_operator.py
[2023-06-15T12:13:39.712+0000] {logging_mixin.py:149} INFO - [2023-06-15T12:13:39.712+0000] {taskmixin.py:211} WARNING - Dependency <Task(_PythonDecoratedOperator): print_the_context>, log_sql_query already registered for DAG: example_python_operator
[2023-06-15T12:13:39.713+0000] {logging_mixin.py:149} INFO - [2023-06-15T12:13:39.713+0000] {taskmixin.py:211} WARNING - Dependency <Task(_PythonDecoratedOperator): log_sql_query>, print_the_context already registered for DAG: example_python_operator
[2023-06-15T12:13:39.715+0000] {logging_mixin.py:149} INFO - [2023-06-15T12:13:39.714+0000] {taskmixin.py:211} WARNING - Dependency <Task(_PythonDecoratedOperator): print_the_context>, log_sql_query already registered for DAG: example_python_operator
[2023-06-15T12:13:39.715+0000] {logging_mixin.py:149} INFO - [2023-06-15T12:13:39.715+0000] {taskmixin.py:211} WARNING - Dependency <Task(_PythonDecoratedOperator): log_sql_query>, print_the_context already registered for DAG: example_python_operator
[2023-06-15T12:13:39.717+0000] {logging_mixin.py:149} INFO - [2023-06-15T12:13:39.717+0000] {taskmixin.py:211} WARNING - Dependency <Task(_PythonDecoratedOperator): print_the_context>, log_sql_query already registered for DAG: example_python_operator
[2023-06-15T12:13:39.718+0000] {logging_mixin.py:149} INFO - [2023-06-15T12:13:39.717+0000] {taskmixin.py:211} WARNING - Dependency <Task(_PythonDecoratedOperator): log_sql_query>, print_the_context already registered for DAG: example_python_operator
[2023-06-15T12:13:39.719+0000] {logging_mixin.py:149} INFO - [2023-06-15T12:13:39.719+0000] {taskmixin.py:211} WARNING - Dependency <Task(_PythonDecoratedOperator): print_the_context>, log_sql_query already registered for DAG: example_python_operator
[2023-06-15T12:13:39.720+0000] {logging_mixin.py:149} INFO - [2023-06-15T12:13:39.720+0000] {taskmixin.py:211} WARNING - Dependency <Task(_PythonDecoratedOperator): log_sql_query>, print_the_context already registered for DAG: example_python_operator
[2023-06-15T12:13:39.724+0000] {processor.py:836} INFO - DAG(s) dict_keys(['example_python_operator']) retrieved from /home/airflow/.local/lib/python3.7/site-packages/airflow/example_dags/example_python_operator.py
[2023-06-15T12:13:39.761+0000] {logging_mixin.py:149} INFO - [2023-06-15T12:13:39.760+0000] {dag.py:2726} INFO - Sync 1 DAGs
[2023-06-15T12:13:39.799+0000] {logging_mixin.py:149} INFO - [2023-06-15T12:13:39.799+0000] {dag.py:3490} INFO - Setting next_dagrun for example_python_operator to None, run_after=None
[2023-06-15T12:13:39.828+0000] {processor.py:179} INFO - Processing /home/airflow/.local/lib/python3.7/site-packages/airflow/example_dags/example_python_operator.py took 0.129 seconds
[2023-06-15T12:14:10.566+0000] {processor.py:157} INFO - Started process (PID=762) to work on /home/airflow/.local/lib/python3.7/site-packages/airflow/example_dags/example_python_operator.py
[2023-06-15T12:14:10.567+0000] {processor.py:826} INFO - Processing file /home/airflow/.local/lib/python3.7/site-packages/airflow/example_dags/example_python_operator.py for tasks to queue
[2023-06-15T12:14:10.569+0000] {logging_mixin.py:149} INFO - [2023-06-15T12:14:10.568+0000] {dagbag.py:541} INFO - Filling up the DagBag from /home/airflow/.local/lib/python3.7/site-packages/airflow/example_dags/example_python_operator.py
[2023-06-15T12:14:10.579+0000] {logging_mixin.py:149} INFO - [2023-06-15T12:14:10.578+0000] {taskmixin.py:211} WARNING - Dependency <Task(_PythonDecoratedOperator): print_the_context>, log_sql_query already registered for DAG: example_python_operator
[2023-06-15T12:14:10.579+0000] {logging_mixin.py:149} INFO - [2023-06-15T12:14:10.579+0000] {taskmixin.py:211} WARNING - Dependency <Task(_PythonDecoratedOperator): log_sql_query>, print_the_context already registered for DAG: example_python_operator
[2023-06-15T12:14:10.581+0000] {logging_mixin.py:149} INFO - [2023-06-15T12:14:10.581+0000] {taskmixin.py:211} WARNING - Dependency <Task(_PythonDecoratedOperator): print_the_context>, log_sql_query already registered for DAG: example_python_operator
[2023-06-15T12:14:10.582+0000] {logging_mixin.py:149} INFO - [2023-06-15T12:14:10.582+0000] {taskmixin.py:211} WARNING - Dependency <Task(_PythonDecoratedOperator): log_sql_query>, print_the_context already registered for DAG: example_python_operator
[2023-06-15T12:14:10.583+0000] {logging_mixin.py:149} INFO - [2023-06-15T12:14:10.583+0000] {taskmixin.py:211} WARNING - Dependency <Task(_PythonDecoratedOperator): print_the_context>, log_sql_query already registered for DAG: example_python_operator
[2023-06-15T12:14:10.584+0000] {logging_mixin.py:149} INFO - [2023-06-15T12:14:10.583+0000] {taskmixin.py:211} WARNING - Dependency <Task(_PythonDecoratedOperator): log_sql_query>, print_the_context already registered for DAG: example_python_operator
[2023-06-15T12:14:10.585+0000] {logging_mixin.py:149} INFO - [2023-06-15T12:14:10.585+0000] {taskmixin.py:211} WARNING - Dependency <Task(_PythonDecoratedOperator): print_the_context>, log_sql_query already registered for DAG: example_python_operator
[2023-06-15T12:14:10.586+0000] {logging_mixin.py:149} INFO - [2023-06-15T12:14:10.586+0000] {taskmixin.py:211} WARNING - Dependency <Task(_PythonDecoratedOperator): log_sql_query>, print_the_context already registered for DAG: example_python_operator
[2023-06-15T12:14:10.590+0000] {processor.py:836} INFO - DAG(s) dict_keys(['example_python_operator']) retrieved from /home/airflow/.local/lib/python3.7/site-packages/airflow/example_dags/example_python_operator.py
[2023-06-15T12:14:10.630+0000] {logging_mixin.py:149} INFO - [2023-06-15T12:14:10.630+0000] {dag.py:2726} INFO - Sync 1 DAGs
[2023-06-15T12:14:10.672+0000] {logging_mixin.py:149} INFO - [2023-06-15T12:14:10.672+0000] {dag.py:3490} INFO - Setting next_dagrun for example_python_operator to None, run_after=None
[2023-06-15T12:14:10.701+0000] {processor.py:179} INFO - Processing /home/airflow/.local/lib/python3.7/site-packages/airflow/example_dags/example_python_operator.py took 0.138 seconds
[2023-06-15T12:14:41.082+0000] {processor.py:157} INFO - Started process (PID=839) to work on /home/airflow/.local/lib/python3.7/site-packages/airflow/example_dags/example_python_operator.py
[2023-06-15T12:14:41.083+0000] {processor.py:826} INFO - Processing file /home/airflow/.local/lib/python3.7/site-packages/airflow/example_dags/example_python_operator.py for tasks to queue
[2023-06-15T12:14:41.084+0000] {logging_mixin.py:149} INFO - [2023-06-15T12:14:41.084+0000] {dagbag.py:541} INFO - Filling up the DagBag from /home/airflow/.local/lib/python3.7/site-packages/airflow/example_dags/example_python_operator.py
[2023-06-15T12:14:41.094+0000] {logging_mixin.py:149} INFO - [2023-06-15T12:14:41.094+0000] {taskmixin.py:211} WARNING - Dependency <Task(_PythonDecoratedOperator): print_the_context>, log_sql_query already registered for DAG: example_python_operator
[2023-06-15T12:14:41.095+0000] {logging_mixin.py:149} INFO - [2023-06-15T12:14:41.095+0000] {taskmixin.py:211} WARNING - Dependency <Task(_PythonDecoratedOperator): log_sql_query>, print_the_context already registered for DAG: example_python_operator
[2023-06-15T12:14:41.096+0000] {logging_mixin.py:149} INFO - [2023-06-15T12:14:41.096+0000] {taskmixin.py:211} WARNING - Dependency <Task(_PythonDecoratedOperator): print_the_context>, log_sql_query already registered for DAG: example_python_operator
[2023-06-15T12:14:41.097+0000] {logging_mixin.py:149} INFO - [2023-06-15T12:14:41.096+0000] {taskmixin.py:211} WARNING - Dependency <Task(_PythonDecoratedOperator): log_sql_query>, print_the_context already registered for DAG: example_python_operator
[2023-06-15T12:14:41.098+0000] {logging_mixin.py:149} INFO - [2023-06-15T12:14:41.098+0000] {taskmixin.py:211} WARNING - Dependency <Task(_PythonDecoratedOperator): print_the_context>, log_sql_query already registered for DAG: example_python_operator
[2023-06-15T12:14:41.098+0000] {logging_mixin.py:149} INFO - [2023-06-15T12:14:41.098+0000] {taskmixin.py:211} WARNING - Dependency <Task(_PythonDecoratedOperator): log_sql_query>, print_the_context already registered for DAG: example_python_operator
[2023-06-15T12:14:41.100+0000] {logging_mixin.py:149} INFO - [2023-06-15T12:14:41.100+0000] {taskmixin.py:211} WARNING - Dependency <Task(_PythonDecoratedOperator): print_the_context>, log_sql_query already registered for DAG: example_python_operator
[2023-06-15T12:14:41.100+0000] {logging_mixin.py:149} INFO - [2023-06-15T12:14:41.100+0000] {taskmixin.py:211} WARNING - Dependency <Task(_PythonDecoratedOperator): log_sql_query>, print_the_context already registered for DAG: example_python_operator
[2023-06-15T12:14:41.104+0000] {processor.py:836} INFO - DAG(s) dict_keys(['example_python_operator']) retrieved from /home/airflow/.local/lib/python3.7/site-packages/airflow/example_dags/example_python_operator.py
[2023-06-15T12:14:41.140+0000] {logging_mixin.py:149} INFO - [2023-06-15T12:14:41.140+0000] {dag.py:2726} INFO - Sync 1 DAGs
[2023-06-15T12:14:41.184+0000] {logging_mixin.py:149} INFO - [2023-06-15T12:14:41.184+0000] {dag.py:3490} INFO - Setting next_dagrun for example_python_operator to None, run_after=None
[2023-06-15T12:14:41.210+0000] {processor.py:179} INFO - Processing /home/airflow/.local/lib/python3.7/site-packages/airflow/example_dags/example_python_operator.py took 0.132 seconds
[2023-06-15T12:15:11.862+0000] {processor.py:157} INFO - Started process (PID=917) to work on /home/airflow/.local/lib/python3.7/site-packages/airflow/example_dags/example_python_operator.py
[2023-06-15T12:15:11.863+0000] {processor.py:826} INFO - Processing file /home/airflow/.local/lib/python3.7/site-packages/airflow/example_dags/example_python_operator.py for tasks to queue
[2023-06-15T12:15:11.865+0000] {logging_mixin.py:149} INFO - [2023-06-15T12:15:11.865+0000] {dagbag.py:541} INFO - Filling up the DagBag from /home/airflow/.local/lib/python3.7/site-packages/airflow/example_dags/example_python_operator.py
[2023-06-15T12:15:11.872+0000] {logging_mixin.py:149} INFO - [2023-06-15T12:15:11.872+0000] {taskmixin.py:211} WARNING - Dependency <Task(_PythonDecoratedOperator): print_the_context>, log_sql_query already registered for DAG: example_python_operator
[2023-06-15T12:15:11.873+0000] {logging_mixin.py:149} INFO - [2023-06-15T12:15:11.873+0000] {taskmixin.py:211} WARNING - Dependency <Task(_PythonDecoratedOperator): log_sql_query>, print_the_context already registered for DAG: example_python_operator
[2023-06-15T12:15:11.874+0000] {logging_mixin.py:149} INFO - [2023-06-15T12:15:11.874+0000] {taskmixin.py:211} WARNING - Dependency <Task(_PythonDecoratedOperator): print_the_context>, log_sql_query already registered for DAG: example_python_operator
[2023-06-15T12:15:11.875+0000] {logging_mixin.py:149} INFO - [2023-06-15T12:15:11.875+0000] {taskmixin.py:211} WARNING - Dependency <Task(_PythonDecoratedOperator): log_sql_query>, print_the_context already registered for DAG: example_python_operator
[2023-06-15T12:15:11.876+0000] {logging_mixin.py:149} INFO - [2023-06-15T12:15:11.876+0000] {taskmixin.py:211} WARNING - Dependency <Task(_PythonDecoratedOperator): print_the_context>, log_sql_query already registered for DAG: example_python_operator
[2023-06-15T12:15:11.877+0000] {logging_mixin.py:149} INFO - [2023-06-15T12:15:11.877+0000] {taskmixin.py:211} WARNING - Dependency <Task(_PythonDecoratedOperator): log_sql_query>, print_the_context already registered for DAG: example_python_operator
[2023-06-15T12:15:11.878+0000] {logging_mixin.py:149} INFO - [2023-06-15T12:15:11.878+0000] {taskmixin.py:211} WARNING - Dependency <Task(_PythonDecoratedOperator): print_the_context>, log_sql_query already registered for DAG: example_python_operator
[2023-06-15T12:15:11.879+0000] {logging_mixin.py:149} INFO - [2023-06-15T12:15:11.878+0000] {taskmixin.py:211} WARNING - Dependency <Task(_PythonDecoratedOperator): log_sql_query>, print_the_context already registered for DAG: example_python_operator
[2023-06-15T12:15:11.883+0000] {processor.py:836} INFO - DAG(s) dict_keys(['example_python_operator']) retrieved from /home/airflow/.local/lib/python3.7/site-packages/airflow/example_dags/example_python_operator.py
[2023-06-15T12:15:11.922+0000] {logging_mixin.py:149} INFO - [2023-06-15T12:15:11.921+0000] {dag.py:2726} INFO - Sync 1 DAGs
[2023-06-15T12:15:11.963+0000] {logging_mixin.py:149} INFO - [2023-06-15T12:15:11.963+0000] {dag.py:3490} INFO - Setting next_dagrun for example_python_operator to None, run_after=None
[2023-06-15T12:15:11.999+0000] {processor.py:179} INFO - Processing /home/airflow/.local/lib/python3.7/site-packages/airflow/example_dags/example_python_operator.py took 0.140 seconds
[2023-06-15T12:15:42.225+0000] {processor.py:157} INFO - Started process (PID=994) to work on /home/airflow/.local/lib/python3.7/site-packages/airflow/example_dags/example_python_operator.py
[2023-06-15T12:15:42.226+0000] {processor.py:826} INFO - Processing file /home/airflow/.local/lib/python3.7/site-packages/airflow/example_dags/example_python_operator.py for tasks to queue
[2023-06-15T12:15:42.228+0000] {logging_mixin.py:149} INFO - [2023-06-15T12:15:42.227+0000] {dagbag.py:541} INFO - Filling up the DagBag from /home/airflow/.local/lib/python3.7/site-packages/airflow/example_dags/example_python_operator.py
[2023-06-15T12:15:42.236+0000] {logging_mixin.py:149} INFO - [2023-06-15T12:15:42.236+0000] {taskmixin.py:211} WARNING - Dependency <Task(_PythonDecoratedOperator): print_the_context>, log_sql_query already registered for DAG: example_python_operator
[2023-06-15T12:15:42.237+0000] {logging_mixin.py:149} INFO - [2023-06-15T12:15:42.237+0000] {taskmixin.py:211} WARNING - Dependency <Task(_PythonDecoratedOperator): log_sql_query>, print_the_context already registered for DAG: example_python_operator
[2023-06-15T12:15:42.239+0000] {logging_mixin.py:149} INFO - [2023-06-15T12:15:42.239+0000] {taskmixin.py:211} WARNING - Dependency <Task(_PythonDecoratedOperator): print_the_context>, log_sql_query already registered for DAG: example_python_operator
[2023-06-15T12:15:42.239+0000] {logging_mixin.py:149} INFO - [2023-06-15T12:15:42.239+0000] {taskmixin.py:211} WARNING - Dependency <Task(_PythonDecoratedOperator): log_sql_query>, print_the_context already registered for DAG: example_python_operator
[2023-06-15T12:15:42.241+0000] {logging_mixin.py:149} INFO - [2023-06-15T12:15:42.241+0000] {taskmixin.py:211} WARNING - Dependency <Task(_PythonDecoratedOperator): print_the_context>, log_sql_query already registered for DAG: example_python_operator
[2023-06-15T12:15:42.241+0000] {logging_mixin.py:149} INFO - [2023-06-15T12:15:42.241+0000] {taskmixin.py:211} WARNING - Dependency <Task(_PythonDecoratedOperator): log_sql_query>, print_the_context already registered for DAG: example_python_operator
[2023-06-15T12:15:42.243+0000] {logging_mixin.py:149} INFO - [2023-06-15T12:15:42.243+0000] {taskmixin.py:211} WARNING - Dependency <Task(_PythonDecoratedOperator): print_the_context>, log_sql_query already registered for DAG: example_python_operator
[2023-06-15T12:15:42.244+0000] {logging_mixin.py:149} INFO - [2023-06-15T12:15:42.244+0000] {taskmixin.py:211} WARNING - Dependency <Task(_PythonDecoratedOperator): log_sql_query>, print_the_context already registered for DAG: example_python_operator
[2023-06-15T12:15:42.249+0000] {processor.py:836} INFO - DAG(s) dict_keys(['example_python_operator']) retrieved from /home/airflow/.local/lib/python3.7/site-packages/airflow/example_dags/example_python_operator.py
[2023-06-15T12:15:42.289+0000] {logging_mixin.py:149} INFO - [2023-06-15T12:15:42.289+0000] {dag.py:2726} INFO - Sync 1 DAGs
[2023-06-15T12:15:42.339+0000] {logging_mixin.py:149} INFO - [2023-06-15T12:15:42.338+0000] {dag.py:3490} INFO - Setting next_dagrun for example_python_operator to None, run_after=None
[2023-06-15T12:15:42.389+0000] {processor.py:179} INFO - Processing /home/airflow/.local/lib/python3.7/site-packages/airflow/example_dags/example_python_operator.py took 0.167 seconds
[2023-06-15T12:16:13.526+0000] {processor.py:157} INFO - Started process (PID=1072) to work on /home/airflow/.local/lib/python3.7/site-packages/airflow/example_dags/example_python_operator.py
[2023-06-15T12:16:13.527+0000] {processor.py:826} INFO - Processing file /home/airflow/.local/lib/python3.7/site-packages/airflow/example_dags/example_python_operator.py for tasks to queue
[2023-06-15T12:16:13.528+0000] {logging_mixin.py:149} INFO - [2023-06-15T12:16:13.528+0000] {dagbag.py:541} INFO - Filling up the DagBag from /home/airflow/.local/lib/python3.7/site-packages/airflow/example_dags/example_python_operator.py
[2023-06-15T12:16:13.537+0000] {logging_mixin.py:149} INFO - [2023-06-15T12:16:13.537+0000] {taskmixin.py:211} WARNING - Dependency <Task(_PythonDecoratedOperator): print_the_context>, log_sql_query already registered for DAG: example_python_operator
[2023-06-15T12:16:13.538+0000] {logging_mixin.py:149} INFO - [2023-06-15T12:16:13.538+0000] {taskmixin.py:211} WARNING - Dependency <Task(_PythonDecoratedOperator): log_sql_query>, print_the_context already registered for DAG: example_python_operator
[2023-06-15T12:16:13.540+0000] {logging_mixin.py:149} INFO - [2023-06-15T12:16:13.539+0000] {taskmixin.py:211} WARNING - Dependency <Task(_PythonDecoratedOperator): print_the_context>, log_sql_query already registered for DAG: example_python_operator
[2023-06-15T12:16:13.540+0000] {logging_mixin.py:149} INFO - [2023-06-15T12:16:13.540+0000] {taskmixin.py:211} WARNING - Dependency <Task(_PythonDecoratedOperator): log_sql_query>, print_the_context already registered for DAG: example_python_operator
[2023-06-15T12:16:13.541+0000] {logging_mixin.py:149} INFO - [2023-06-15T12:16:13.541+0000] {taskmixin.py:211} WARNING - Dependency <Task(_PythonDecoratedOperator): print_the_context>, log_sql_query already registered for DAG: example_python_operator
[2023-06-15T12:16:13.542+0000] {logging_mixin.py:149} INFO - [2023-06-15T12:16:13.542+0000] {taskmixin.py:211} WARNING - Dependency <Task(_PythonDecoratedOperator): log_sql_query>, print_the_context already registered for DAG: example_python_operator
[2023-06-15T12:16:13.543+0000] {logging_mixin.py:149} INFO - [2023-06-15T12:16:13.543+0000] {taskmixin.py:211} WARNING - Dependency <Task(_PythonDecoratedOperator): print_the_context>, log_sql_query already registered for DAG: example_python_operator
[2023-06-15T12:16:13.544+0000] {logging_mixin.py:149} INFO - [2023-06-15T12:16:13.544+0000] {taskmixin.py:211} WARNING - Dependency <Task(_PythonDecoratedOperator): log_sql_query>, print_the_context already registered for DAG: example_python_operator
[2023-06-15T12:16:13.549+0000] {processor.py:836} INFO - DAG(s) dict_keys(['example_python_operator']) retrieved from /home/airflow/.local/lib/python3.7/site-packages/airflow/example_dags/example_python_operator.py
[2023-06-15T12:16:13.585+0000] {logging_mixin.py:149} INFO - [2023-06-15T12:16:13.585+0000] {dag.py:2726} INFO - Sync 1 DAGs
[2023-06-15T12:16:13.624+0000] {logging_mixin.py:149} INFO - [2023-06-15T12:16:13.624+0000] {dag.py:3490} INFO - Setting next_dagrun for example_python_operator to None, run_after=None
[2023-06-15T12:16:13.653+0000] {processor.py:179} INFO - Processing /home/airflow/.local/lib/python3.7/site-packages/airflow/example_dags/example_python_operator.py took 0.131 seconds
[2023-06-15T12:16:44.457+0000] {processor.py:157} INFO - Started process (PID=1149) to work on /home/airflow/.local/lib/python3.7/site-packages/airflow/example_dags/example_python_operator.py
[2023-06-15T12:16:44.458+0000] {processor.py:826} INFO - Processing file /home/airflow/.local/lib/python3.7/site-packages/airflow/example_dags/example_python_operator.py for tasks to queue
[2023-06-15T12:16:44.459+0000] {logging_mixin.py:149} INFO - [2023-06-15T12:16:44.459+0000] {dagbag.py:541} INFO - Filling up the DagBag from /home/airflow/.local/lib/python3.7/site-packages/airflow/example_dags/example_python_operator.py
[2023-06-15T12:16:44.466+0000] {logging_mixin.py:149} INFO - [2023-06-15T12:16:44.466+0000] {taskmixin.py:211} WARNING - Dependency <Task(_PythonDecoratedOperator): print_the_context>, log_sql_query already registered for DAG: example_python_operator
[2023-06-15T12:16:44.467+0000] {logging_mixin.py:149} INFO - [2023-06-15T12:16:44.467+0000] {taskmixin.py:211} WARNING - Dependency <Task(_PythonDecoratedOperator): log_sql_query>, print_the_context already registered for DAG: example_python_operator
[2023-06-15T12:16:44.468+0000] {logging_mixin.py:149} INFO - [2023-06-15T12:16:44.468+0000] {taskmixin.py:211} WARNING - Dependency <Task(_PythonDecoratedOperator): print_the_context>, log_sql_query already registered for DAG: example_python_operator
[2023-06-15T12:16:44.469+0000] {logging_mixin.py:149} INFO - [2023-06-15T12:16:44.469+0000] {taskmixin.py:211} WARNING - Dependency <Task(_PythonDecoratedOperator): log_sql_query>, print_the_context already registered for DAG: example_python_operator
[2023-06-15T12:16:44.470+0000] {logging_mixin.py:149} INFO - [2023-06-15T12:16:44.470+0000] {taskmixin.py:211} WARNING - Dependency <Task(_PythonDecoratedOperator): print_the_context>, log_sql_query already registered for DAG: example_python_operator
[2023-06-15T12:16:44.471+0000] {logging_mixin.py:149} INFO - [2023-06-15T12:16:44.471+0000] {taskmixin.py:211} WARNING - Dependency <Task(_PythonDecoratedOperator): log_sql_query>, print_the_context already registered for DAG: example_python_operator
[2023-06-15T12:16:44.473+0000] {logging_mixin.py:149} INFO - [2023-06-15T12:16:44.472+0000] {taskmixin.py:211} WARNING - Dependency <Task(_PythonDecoratedOperator): print_the_context>, log_sql_query already registered for DAG: example_python_operator
[2023-06-15T12:16:44.473+0000] {logging_mixin.py:149} INFO - [2023-06-15T12:16:44.473+0000] {taskmixin.py:211} WARNING - Dependency <Task(_PythonDecoratedOperator): log_sql_query>, print_the_context already registered for DAG: example_python_operator
[2023-06-15T12:16:44.477+0000] {processor.py:836} INFO - DAG(s) dict_keys(['example_python_operator']) retrieved from /home/airflow/.local/lib/python3.7/site-packages/airflow/example_dags/example_python_operator.py
[2023-06-15T12:16:44.510+0000] {logging_mixin.py:149} INFO - [2023-06-15T12:16:44.510+0000] {dag.py:2726} INFO - Sync 1 DAGs
[2023-06-15T12:16:44.547+0000] {logging_mixin.py:149} INFO - [2023-06-15T12:16:44.547+0000] {dag.py:3490} INFO - Setting next_dagrun for example_python_operator to None, run_after=None
[2023-06-15T12:16:44.575+0000] {processor.py:179} INFO - Processing /home/airflow/.local/lib/python3.7/site-packages/airflow/example_dags/example_python_operator.py took 0.123 seconds
[2023-06-15T12:17:15.211+0000] {processor.py:157} INFO - Started process (PID=1226) to work on /home/airflow/.local/lib/python3.7/site-packages/airflow/example_dags/example_python_operator.py
[2023-06-15T12:17:15.212+0000] {processor.py:826} INFO - Processing file /home/airflow/.local/lib/python3.7/site-packages/airflow/example_dags/example_python_operator.py for tasks to queue
[2023-06-15T12:17:15.213+0000] {logging_mixin.py:149} INFO - [2023-06-15T12:17:15.213+0000] {dagbag.py:541} INFO - Filling up the DagBag from /home/airflow/.local/lib/python3.7/site-packages/airflow/example_dags/example_python_operator.py
[2023-06-15T12:17:15.221+0000] {logging_mixin.py:149} INFO - [2023-06-15T12:17:15.221+0000] {taskmixin.py:211} WARNING - Dependency <Task(_PythonDecoratedOperator): print_the_context>, log_sql_query already registered for DAG: example_python_operator
[2023-06-15T12:17:15.222+0000] {logging_mixin.py:149} INFO - [2023-06-15T12:17:15.221+0000] {taskmixin.py:211} WARNING - Dependency <Task(_PythonDecoratedOperator): log_sql_query>, print_the_context already registered for DAG: example_python_operator
[2023-06-15T12:17:15.223+0000] {logging_mixin.py:149} INFO - [2023-06-15T12:17:15.223+0000] {taskmixin.py:211} WARNING - Dependency <Task(_PythonDecoratedOperator): print_the_context>, log_sql_query already registered for DAG: example_python_operator
[2023-06-15T12:17:15.224+0000] {logging_mixin.py:149} INFO - [2023-06-15T12:17:15.224+0000] {taskmixin.py:211} WARNING - Dependency <Task(_PythonDecoratedOperator): log_sql_query>, print_the_context already registered for DAG: example_python_operator
[2023-06-15T12:17:15.225+0000] {logging_mixin.py:149} INFO - [2023-06-15T12:17:15.225+0000] {taskmixin.py:211} WARNING - Dependency <Task(_PythonDecoratedOperator): print_the_context>, log_sql_query already registered for DAG: example_python_operator
[2023-06-15T12:17:15.226+0000] {logging_mixin.py:149} INFO - [2023-06-15T12:17:15.226+0000] {taskmixin.py:211} WARNING - Dependency <Task(_PythonDecoratedOperator): log_sql_query>, print_the_context already registered for DAG: example_python_operator
[2023-06-15T12:17:15.227+0000] {logging_mixin.py:149} INFO - [2023-06-15T12:17:15.227+0000] {taskmixin.py:211} WARNING - Dependency <Task(_PythonDecoratedOperator): print_the_context>, log_sql_query already registered for DAG: example_python_operator
[2023-06-15T12:17:15.228+0000] {logging_mixin.py:149} INFO - [2023-06-15T12:17:15.227+0000] {taskmixin.py:211} WARNING - Dependency <Task(_PythonDecoratedOperator): log_sql_query>, print_the_context already registered for DAG: example_python_operator
[2023-06-15T12:17:15.234+0000] {processor.py:836} INFO - DAG(s) dict_keys(['example_python_operator']) retrieved from /home/airflow/.local/lib/python3.7/site-packages/airflow/example_dags/example_python_operator.py
[2023-06-15T12:17:15.270+0000] {logging_mixin.py:149} INFO - [2023-06-15T12:17:15.269+0000] {dag.py:2726} INFO - Sync 1 DAGs
[2023-06-15T12:17:15.308+0000] {logging_mixin.py:149} INFO - [2023-06-15T12:17:15.308+0000] {dag.py:3490} INFO - Setting next_dagrun for example_python_operator to None, run_after=None
[2023-06-15T12:17:15.338+0000] {processor.py:179} INFO - Processing /home/airflow/.local/lib/python3.7/site-packages/airflow/example_dags/example_python_operator.py took 0.130 seconds
[2023-06-15T12:17:45.468+0000] {processor.py:157} INFO - Started process (PID=1302) to work on /home/airflow/.local/lib/python3.7/site-packages/airflow/example_dags/example_python_operator.py
[2023-06-15T12:17:45.469+0000] {processor.py:826} INFO - Processing file /home/airflow/.local/lib/python3.7/site-packages/airflow/example_dags/example_python_operator.py for tasks to queue
[2023-06-15T12:17:45.470+0000] {logging_mixin.py:149} INFO - [2023-06-15T12:17:45.470+0000] {dagbag.py:541} INFO - Filling up the DagBag from /home/airflow/.local/lib/python3.7/site-packages/airflow/example_dags/example_python_operator.py
[2023-06-15T12:17:45.478+0000] {logging_mixin.py:149} INFO - [2023-06-15T12:17:45.478+0000] {taskmixin.py:211} WARNING - Dependency <Task(_PythonDecoratedOperator): print_the_context>, log_sql_query already registered for DAG: example_python_operator
[2023-06-15T12:17:45.479+0000] {logging_mixin.py:149} INFO - [2023-06-15T12:17:45.479+0000] {taskmixin.py:211} WARNING - Dependency <Task(_PythonDecoratedOperator): log_sql_query>, print_the_context already registered for DAG: example_python_operator
[2023-06-15T12:17:45.481+0000] {logging_mixin.py:149} INFO - [2023-06-15T12:17:45.481+0000] {taskmixin.py:211} WARNING - Dependency <Task(_PythonDecoratedOperator): print_the_context>, log_sql_query already registered for DAG: example_python_operator
[2023-06-15T12:17:45.482+0000] {logging_mixin.py:149} INFO - [2023-06-15T12:17:45.481+0000] {taskmixin.py:211} WARNING - Dependency <Task(_PythonDecoratedOperator): log_sql_query>, print_the_context already registered for DAG: example_python_operator
[2023-06-15T12:17:45.483+0000] {logging_mixin.py:149} INFO - [2023-06-15T12:17:45.483+0000] {taskmixin.py:211} WARNING - Dependency <Task(_PythonDecoratedOperator): print_the_context>, log_sql_query already registered for DAG: example_python_operator
[2023-06-15T12:17:45.484+0000] {logging_mixin.py:149} INFO - [2023-06-15T12:17:45.484+0000] {taskmixin.py:211} WARNING - Dependency <Task(_PythonDecoratedOperator): log_sql_query>, print_the_context already registered for DAG: example_python_operator
[2023-06-15T12:17:45.485+0000] {logging_mixin.py:149} INFO - [2023-06-15T12:17:45.485+0000] {taskmixin.py:211} WARNING - Dependency <Task(_PythonDecoratedOperator): print_the_context>, log_sql_query already registered for DAG: example_python_operator
[2023-06-15T12:17:45.486+0000] {logging_mixin.py:149} INFO - [2023-06-15T12:17:45.486+0000] {taskmixin.py:211} WARNING - Dependency <Task(_PythonDecoratedOperator): log_sql_query>, print_the_context already registered for DAG: example_python_operator
[2023-06-15T12:17:45.491+0000] {processor.py:836} INFO - DAG(s) dict_keys(['example_python_operator']) retrieved from /home/airflow/.local/lib/python3.7/site-packages/airflow/example_dags/example_python_operator.py
[2023-06-15T12:17:45.530+0000] {logging_mixin.py:149} INFO - [2023-06-15T12:17:45.530+0000] {dag.py:2726} INFO - Sync 1 DAGs
[2023-06-15T12:17:45.581+0000] {logging_mixin.py:149} INFO - [2023-06-15T12:17:45.581+0000] {dag.py:3490} INFO - Setting next_dagrun for example_python_operator to None, run_after=None
[2023-06-15T12:17:45.610+0000] {processor.py:179} INFO - Processing /home/airflow/.local/lib/python3.7/site-packages/airflow/example_dags/example_python_operator.py took 0.145 seconds
[2023-06-15T12:18:15.863+0000] {processor.py:157} INFO - Started process (PID=1367) to work on /home/airflow/.local/lib/python3.7/site-packages/airflow/example_dags/example_python_operator.py
[2023-06-15T12:18:15.864+0000] {processor.py:826} INFO - Processing file /home/airflow/.local/lib/python3.7/site-packages/airflow/example_dags/example_python_operator.py for tasks to queue
[2023-06-15T12:18:15.865+0000] {logging_mixin.py:149} INFO - [2023-06-15T12:18:15.865+0000] {dagbag.py:541} INFO - Filling up the DagBag from /home/airflow/.local/lib/python3.7/site-packages/airflow/example_dags/example_python_operator.py
[2023-06-15T12:18:15.876+0000] {logging_mixin.py:149} INFO - [2023-06-15T12:18:15.876+0000] {taskmixin.py:211} WARNING - Dependency <Task(_PythonDecoratedOperator): print_the_context>, log_sql_query already registered for DAG: example_python_operator
[2023-06-15T12:18:15.877+0000] {logging_mixin.py:149} INFO - [2023-06-15T12:18:15.877+0000] {taskmixin.py:211} WARNING - Dependency <Task(_PythonDecoratedOperator): log_sql_query>, print_the_context already registered for DAG: example_python_operator
[2023-06-15T12:18:15.879+0000] {logging_mixin.py:149} INFO - [2023-06-15T12:18:15.879+0000] {taskmixin.py:211} WARNING - Dependency <Task(_PythonDecoratedOperator): print_the_context>, log_sql_query already registered for DAG: example_python_operator
[2023-06-15T12:18:15.879+0000] {logging_mixin.py:149} INFO - [2023-06-15T12:18:15.879+0000] {taskmixin.py:211} WARNING - Dependency <Task(_PythonDecoratedOperator): log_sql_query>, print_the_context already registered for DAG: example_python_operator
[2023-06-15T12:18:15.881+0000] {logging_mixin.py:149} INFO - [2023-06-15T12:18:15.880+0000] {taskmixin.py:211} WARNING - Dependency <Task(_PythonDecoratedOperator): print_the_context>, log_sql_query already registered for DAG: example_python_operator
[2023-06-15T12:18:15.881+0000] {logging_mixin.py:149} INFO - [2023-06-15T12:18:15.881+0000] {taskmixin.py:211} WARNING - Dependency <Task(_PythonDecoratedOperator): log_sql_query>, print_the_context already registered for DAG: example_python_operator
[2023-06-15T12:18:15.882+0000] {logging_mixin.py:149} INFO - [2023-06-15T12:18:15.882+0000] {taskmixin.py:211} WARNING - Dependency <Task(_PythonDecoratedOperator): print_the_context>, log_sql_query already registered for DAG: example_python_operator
[2023-06-15T12:18:15.883+0000] {logging_mixin.py:149} INFO - [2023-06-15T12:18:15.883+0000] {taskmixin.py:211} WARNING - Dependency <Task(_PythonDecoratedOperator): log_sql_query>, print_the_context already registered for DAG: example_python_operator
[2023-06-15T12:18:15.890+0000] {processor.py:836} INFO - DAG(s) dict_keys(['example_python_operator']) retrieved from /home/airflow/.local/lib/python3.7/site-packages/airflow/example_dags/example_python_operator.py
[2023-06-15T12:18:15.926+0000] {logging_mixin.py:149} INFO - [2023-06-15T12:18:15.926+0000] {dag.py:2726} INFO - Sync 1 DAGs
[2023-06-15T12:18:15.961+0000] {logging_mixin.py:149} INFO - [2023-06-15T12:18:15.961+0000] {dag.py:3490} INFO - Setting next_dagrun for example_python_operator to None, run_after=None
[2023-06-15T12:18:15.988+0000] {processor.py:179} INFO - Processing /home/airflow/.local/lib/python3.7/site-packages/airflow/example_dags/example_python_operator.py took 0.128 seconds
[2023-06-15T12:18:46.538+0000] {processor.py:157} INFO - Started process (PID=1444) to work on /home/airflow/.local/lib/python3.7/site-packages/airflow/example_dags/example_python_operator.py
[2023-06-15T12:18:46.539+0000] {processor.py:826} INFO - Processing file /home/airflow/.local/lib/python3.7/site-packages/airflow/example_dags/example_python_operator.py for tasks to queue
[2023-06-15T12:18:46.540+0000] {logging_mixin.py:149} INFO - [2023-06-15T12:18:46.540+0000] {dagbag.py:541} INFO - Filling up the DagBag from /home/airflow/.local/lib/python3.7/site-packages/airflow/example_dags/example_python_operator.py
[2023-06-15T12:18:46.548+0000] {logging_mixin.py:149} INFO - [2023-06-15T12:18:46.548+0000] {taskmixin.py:211} WARNING - Dependency <Task(_PythonDecoratedOperator): print_the_context>, log_sql_query already registered for DAG: example_python_operator
[2023-06-15T12:18:46.549+0000] {logging_mixin.py:149} INFO - [2023-06-15T12:18:46.549+0000] {taskmixin.py:211} WARNING - Dependency <Task(_PythonDecoratedOperator): log_sql_query>, print_the_context already registered for DAG: example_python_operator
[2023-06-15T12:18:46.551+0000] {logging_mixin.py:149} INFO - [2023-06-15T12:18:46.551+0000] {taskmixin.py:211} WARNING - Dependency <Task(_PythonDecoratedOperator): print_the_context>, log_sql_query already registered for DAG: example_python_operator
[2023-06-15T12:18:46.551+0000] {logging_mixin.py:149} INFO - [2023-06-15T12:18:46.551+0000] {taskmixin.py:211} WARNING - Dependency <Task(_PythonDecoratedOperator): log_sql_query>, print_the_context already registered for DAG: example_python_operator
[2023-06-15T12:18:46.553+0000] {logging_mixin.py:149} INFO - [2023-06-15T12:18:46.553+0000] {taskmixin.py:211} WARNING - Dependency <Task(_PythonDecoratedOperator): print_the_context>, log_sql_query already registered for DAG: example_python_operator
[2023-06-15T12:18:46.554+0000] {logging_mixin.py:149} INFO - [2023-06-15T12:18:46.553+0000] {taskmixin.py:211} WARNING - Dependency <Task(_PythonDecoratedOperator): log_sql_query>, print_the_context already registered for DAG: example_python_operator
[2023-06-15T12:18:46.555+0000] {logging_mixin.py:149} INFO - [2023-06-15T12:18:46.555+0000] {taskmixin.py:211} WARNING - Dependency <Task(_PythonDecoratedOperator): print_the_context>, log_sql_query already registered for DAG: example_python_operator
[2023-06-15T12:18:46.556+0000] {logging_mixin.py:149} INFO - [2023-06-15T12:18:46.556+0000] {taskmixin.py:211} WARNING - Dependency <Task(_PythonDecoratedOperator): log_sql_query>, print_the_context already registered for DAG: example_python_operator
[2023-06-15T12:18:46.561+0000] {processor.py:836} INFO - DAG(s) dict_keys(['example_python_operator']) retrieved from /home/airflow/.local/lib/python3.7/site-packages/airflow/example_dags/example_python_operator.py
[2023-06-15T12:18:46.602+0000] {logging_mixin.py:149} INFO - [2023-06-15T12:18:46.601+0000] {dag.py:2726} INFO - Sync 1 DAGs
[2023-06-15T12:18:46.639+0000] {logging_mixin.py:149} INFO - [2023-06-15T12:18:46.639+0000] {dag.py:3490} INFO - Setting next_dagrun for example_python_operator to None, run_after=None
[2023-06-15T12:18:46.669+0000] {processor.py:179} INFO - Processing /home/airflow/.local/lib/python3.7/site-packages/airflow/example_dags/example_python_operator.py took 0.134 seconds
[2023-06-15T12:19:17.621+0000] {processor.py:157} INFO - Started process (PID=1521) to work on /home/airflow/.local/lib/python3.7/site-packages/airflow/example_dags/example_python_operator.py
[2023-06-15T12:19:17.623+0000] {processor.py:826} INFO - Processing file /home/airflow/.local/lib/python3.7/site-packages/airflow/example_dags/example_python_operator.py for tasks to queue
[2023-06-15T12:19:17.624+0000] {logging_mixin.py:149} INFO - [2023-06-15T12:19:17.624+0000] {dagbag.py:541} INFO - Filling up the DagBag from /home/airflow/.local/lib/python3.7/site-packages/airflow/example_dags/example_python_operator.py
[2023-06-15T12:19:17.636+0000] {logging_mixin.py:149} INFO - [2023-06-15T12:19:17.636+0000] {taskmixin.py:211} WARNING - Dependency <Task(_PythonDecoratedOperator): print_the_context>, log_sql_query already registered for DAG: example_python_operator
[2023-06-15T12:19:17.637+0000] {logging_mixin.py:149} INFO - [2023-06-15T12:19:17.637+0000] {taskmixin.py:211} WARNING - Dependency <Task(_PythonDecoratedOperator): log_sql_query>, print_the_context already registered for DAG: example_python_operator
[2023-06-15T12:19:17.638+0000] {logging_mixin.py:149} INFO - [2023-06-15T12:19:17.638+0000] {taskmixin.py:211} WARNING - Dependency <Task(_PythonDecoratedOperator): print_the_context>, log_sql_query already registered for DAG: example_python_operator
[2023-06-15T12:19:17.639+0000] {logging_mixin.py:149} INFO - [2023-06-15T12:19:17.639+0000] {taskmixin.py:211} WARNING - Dependency <Task(_PythonDecoratedOperator): log_sql_query>, print_the_context already registered for DAG: example_python_operator
[2023-06-15T12:19:17.641+0000] {logging_mixin.py:149} INFO - [2023-06-15T12:19:17.640+0000] {taskmixin.py:211} WARNING - Dependency <Task(_PythonDecoratedOperator): print_the_context>, log_sql_query already registered for DAG: example_python_operator
[2023-06-15T12:19:17.641+0000] {logging_mixin.py:149} INFO - [2023-06-15T12:19:17.641+0000] {taskmixin.py:211} WARNING - Dependency <Task(_PythonDecoratedOperator): log_sql_query>, print_the_context already registered for DAG: example_python_operator
[2023-06-15T12:19:17.643+0000] {logging_mixin.py:149} INFO - [2023-06-15T12:19:17.643+0000] {taskmixin.py:211} WARNING - Dependency <Task(_PythonDecoratedOperator): print_the_context>, log_sql_query already registered for DAG: example_python_operator
[2023-06-15T12:19:17.644+0000] {logging_mixin.py:149} INFO - [2023-06-15T12:19:17.644+0000] {taskmixin.py:211} WARNING - Dependency <Task(_PythonDecoratedOperator): log_sql_query>, print_the_context already registered for DAG: example_python_operator
[2023-06-15T12:19:17.650+0000] {processor.py:836} INFO - DAG(s) dict_keys(['example_python_operator']) retrieved from /home/airflow/.local/lib/python3.7/site-packages/airflow/example_dags/example_python_operator.py
[2023-06-15T12:19:17.698+0000] {logging_mixin.py:149} INFO - [2023-06-15T12:19:17.698+0000] {dag.py:2726} INFO - Sync 1 DAGs
[2023-06-15T12:19:17.742+0000] {logging_mixin.py:149} INFO - [2023-06-15T12:19:17.742+0000] {dag.py:3490} INFO - Setting next_dagrun for example_python_operator to None, run_after=None
[2023-06-15T12:19:17.772+0000] {processor.py:179} INFO - Processing /home/airflow/.local/lib/python3.7/site-packages/airflow/example_dags/example_python_operator.py took 0.160 seconds
[2023-06-15T12:19:47.840+0000] {processor.py:157} INFO - Started process (PID=1585) to work on /home/airflow/.local/lib/python3.7/site-packages/airflow/example_dags/example_python_operator.py
[2023-06-15T12:19:47.841+0000] {processor.py:826} INFO - Processing file /home/airflow/.local/lib/python3.7/site-packages/airflow/example_dags/example_python_operator.py for tasks to queue
[2023-06-15T12:19:47.842+0000] {logging_mixin.py:149} INFO - [2023-06-15T12:19:47.842+0000] {dagbag.py:541} INFO - Filling up the DagBag from /home/airflow/.local/lib/python3.7/site-packages/airflow/example_dags/example_python_operator.py
[2023-06-15T12:19:47.850+0000] {logging_mixin.py:149} INFO - [2023-06-15T12:19:47.850+0000] {taskmixin.py:211} WARNING - Dependency <Task(_PythonDecoratedOperator): print_the_context>, log_sql_query already registered for DAG: example_python_operator
[2023-06-15T12:19:47.851+0000] {logging_mixin.py:149} INFO - [2023-06-15T12:19:47.851+0000] {taskmixin.py:211} WARNING - Dependency <Task(_PythonDecoratedOperator): log_sql_query>, print_the_context already registered for DAG: example_python_operator
[2023-06-15T12:19:47.852+0000] {logging_mixin.py:149} INFO - [2023-06-15T12:19:47.852+0000] {taskmixin.py:211} WARNING - Dependency <Task(_PythonDecoratedOperator): print_the_context>, log_sql_query already registered for DAG: example_python_operator
[2023-06-15T12:19:47.853+0000] {logging_mixin.py:149} INFO - [2023-06-15T12:19:47.853+0000] {taskmixin.py:211} WARNING - Dependency <Task(_PythonDecoratedOperator): log_sql_query>, print_the_context already registered for DAG: example_python_operator
[2023-06-15T12:19:47.854+0000] {logging_mixin.py:149} INFO - [2023-06-15T12:19:47.854+0000] {taskmixin.py:211} WARNING - Dependency <Task(_PythonDecoratedOperator): print_the_context>, log_sql_query already registered for DAG: example_python_operator
[2023-06-15T12:19:47.855+0000] {logging_mixin.py:149} INFO - [2023-06-15T12:19:47.855+0000] {taskmixin.py:211} WARNING - Dependency <Task(_PythonDecoratedOperator): log_sql_query>, print_the_context already registered for DAG: example_python_operator
[2023-06-15T12:19:47.856+0000] {logging_mixin.py:149} INFO - [2023-06-15T12:19:47.856+0000] {taskmixin.py:211} WARNING - Dependency <Task(_PythonDecoratedOperator): print_the_context>, log_sql_query already registered for DAG: example_python_operator
[2023-06-15T12:19:47.857+0000] {logging_mixin.py:149} INFO - [2023-06-15T12:19:47.857+0000] {taskmixin.py:211} WARNING - Dependency <Task(_PythonDecoratedOperator): log_sql_query>, print_the_context already registered for DAG: example_python_operator
[2023-06-15T12:19:47.861+0000] {processor.py:836} INFO - DAG(s) dict_keys(['example_python_operator']) retrieved from /home/airflow/.local/lib/python3.7/site-packages/airflow/example_dags/example_python_operator.py
[2023-06-15T12:19:47.899+0000] {logging_mixin.py:149} INFO - [2023-06-15T12:19:47.899+0000] {dag.py:2726} INFO - Sync 1 DAGs
[2023-06-15T12:19:47.946+0000] {logging_mixin.py:149} INFO - [2023-06-15T12:19:47.946+0000] {dag.py:3490} INFO - Setting next_dagrun for example_python_operator to None, run_after=None
[2023-06-15T12:19:47.975+0000] {processor.py:179} INFO - Processing /home/airflow/.local/lib/python3.7/site-packages/airflow/example_dags/example_python_operator.py took 0.138 seconds
