[2023-06-15T12:09:32.449+0000] {processor.py:157} INFO - Started process (PID=75) to work on /home/airflow/.local/lib/python3.7/site-packages/airflow/example_dags/example_task_group_decorator.py
[2023-06-15T12:09:32.450+0000] {processor.py:826} INFO - Processing file /home/airflow/.local/lib/python3.7/site-packages/airflow/example_dags/example_task_group_decorator.py for tasks to queue
[2023-06-15T12:09:32.451+0000] {logging_mixin.py:149} INFO - [2023-06-15T12:09:32.451+0000] {dagbag.py:541} INFO - Filling up the DagBag from /home/airflow/.local/lib/python3.7/site-packages/airflow/example_dags/example_task_group_decorator.py
[2023-06-15T12:09:32.470+0000] {processor.py:836} INFO - DAG(s) dict_keys(['example_task_group_decorator']) retrieved from /home/airflow/.local/lib/python3.7/site-packages/airflow/example_dags/example_task_group_decorator.py
[2023-06-15T12:09:32.511+0000] {logging_mixin.py:149} INFO - [2023-06-15T12:09:32.511+0000] {dag.py:2726} INFO - Sync 1 DAGs
[2023-06-15T12:09:32.543+0000] {logging_mixin.py:149} INFO - [2023-06-15T12:09:32.543+0000] {dag.py:3490} INFO - Setting next_dagrun for example_task_group_decorator to 2023-06-14T12:09:32.543053+00:00, run_after=2023-06-15T12:09:32.543053+00:00
[2023-06-15T12:09:32.567+0000] {processor.py:179} INFO - Processing /home/airflow/.local/lib/python3.7/site-packages/airflow/example_dags/example_task_group_decorator.py took 0.121 seconds
[2023-06-15T12:10:03.336+0000] {processor.py:157} INFO - Started process (PID=152) to work on /home/airflow/.local/lib/python3.7/site-packages/airflow/example_dags/example_task_group_decorator.py
[2023-06-15T12:10:03.337+0000] {processor.py:826} INFO - Processing file /home/airflow/.local/lib/python3.7/site-packages/airflow/example_dags/example_task_group_decorator.py for tasks to queue
[2023-06-15T12:10:03.338+0000] {logging_mixin.py:149} INFO - [2023-06-15T12:10:03.338+0000] {dagbag.py:541} INFO - Filling up the DagBag from /home/airflow/.local/lib/python3.7/site-packages/airflow/example_dags/example_task_group_decorator.py
[2023-06-15T12:10:03.352+0000] {processor.py:836} INFO - DAG(s) dict_keys(['example_task_group_decorator']) retrieved from /home/airflow/.local/lib/python3.7/site-packages/airflow/example_dags/example_task_group_decorator.py
[2023-06-15T12:10:03.387+0000] {logging_mixin.py:149} INFO - [2023-06-15T12:10:03.386+0000] {dag.py:2726} INFO - Sync 1 DAGs
[2023-06-15T12:10:03.418+0000] {logging_mixin.py:149} INFO - [2023-06-15T12:10:03.418+0000] {dag.py:3490} INFO - Setting next_dagrun for example_task_group_decorator to 2023-06-14T12:10:03.417753+00:00, run_after=2023-06-15T12:10:03.417753+00:00
[2023-06-15T12:10:03.549+0000] {processor.py:179} INFO - Processing /home/airflow/.local/lib/python3.7/site-packages/airflow/example_dags/example_task_group_decorator.py took 0.216 seconds
[2023-06-15T12:10:36.026+0000] {processor.py:157} INFO - Started process (PID=229) to work on /home/airflow/.local/lib/python3.7/site-packages/airflow/example_dags/example_task_group_decorator.py
[2023-06-15T12:10:36.028+0000] {processor.py:826} INFO - Processing file /home/airflow/.local/lib/python3.7/site-packages/airflow/example_dags/example_task_group_decorator.py for tasks to queue
[2023-06-15T12:10:36.029+0000] {logging_mixin.py:149} INFO - [2023-06-15T12:10:36.029+0000] {dagbag.py:541} INFO - Filling up the DagBag from /home/airflow/.local/lib/python3.7/site-packages/airflow/example_dags/example_task_group_decorator.py
[2023-06-15T12:10:36.172+0000] {processor.py:836} INFO - DAG(s) dict_keys(['example_task_group_decorator']) retrieved from /home/airflow/.local/lib/python3.7/site-packages/airflow/example_dags/example_task_group_decorator.py
[2023-06-15T12:10:36.213+0000] {logging_mixin.py:149} INFO - [2023-06-15T12:10:36.213+0000] {dag.py:2726} INFO - Sync 1 DAGs
[2023-06-15T12:10:36.250+0000] {logging_mixin.py:149} INFO - [2023-06-15T12:10:36.250+0000] {dag.py:3490} INFO - Setting next_dagrun for example_task_group_decorator to 2023-06-14T12:10:36.249859+00:00, run_after=2023-06-15T12:10:36.249859+00:00
[2023-06-15T12:10:36.276+0000] {processor.py:179} INFO - Processing /home/airflow/.local/lib/python3.7/site-packages/airflow/example_dags/example_task_group_decorator.py took 0.252 seconds
[2023-06-15T12:11:06.474+0000] {processor.py:157} INFO - Started process (PID=306) to work on /home/airflow/.local/lib/python3.7/site-packages/airflow/example_dags/example_task_group_decorator.py
[2023-06-15T12:11:06.475+0000] {processor.py:826} INFO - Processing file /home/airflow/.local/lib/python3.7/site-packages/airflow/example_dags/example_task_group_decorator.py for tasks to queue
[2023-06-15T12:11:06.476+0000] {logging_mixin.py:149} INFO - [2023-06-15T12:11:06.476+0000] {dagbag.py:541} INFO - Filling up the DagBag from /home/airflow/.local/lib/python3.7/site-packages/airflow/example_dags/example_task_group_decorator.py
[2023-06-15T12:11:06.496+0000] {processor.py:836} INFO - DAG(s) dict_keys(['example_task_group_decorator']) retrieved from /home/airflow/.local/lib/python3.7/site-packages/airflow/example_dags/example_task_group_decorator.py
[2023-06-15T12:11:06.540+0000] {logging_mixin.py:149} INFO - [2023-06-15T12:11:06.539+0000] {dag.py:2726} INFO - Sync 1 DAGs
[2023-06-15T12:11:06.582+0000] {logging_mixin.py:149} INFO - [2023-06-15T12:11:06.582+0000] {dag.py:3490} INFO - Setting next_dagrun for example_task_group_decorator to 2023-06-14T12:11:06.581959+00:00, run_after=2023-06-15T12:11:06.581959+00:00
[2023-06-15T12:11:06.628+0000] {processor.py:179} INFO - Processing /home/airflow/.local/lib/python3.7/site-packages/airflow/example_dags/example_task_group_decorator.py took 0.158 seconds
[2023-06-15T12:11:37.363+0000] {processor.py:157} INFO - Started process (PID=384) to work on /home/airflow/.local/lib/python3.7/site-packages/airflow/example_dags/example_task_group_decorator.py
[2023-06-15T12:11:37.364+0000] {processor.py:826} INFO - Processing file /home/airflow/.local/lib/python3.7/site-packages/airflow/example_dags/example_task_group_decorator.py for tasks to queue
[2023-06-15T12:11:37.365+0000] {logging_mixin.py:149} INFO - [2023-06-15T12:11:37.365+0000] {dagbag.py:541} INFO - Filling up the DagBag from /home/airflow/.local/lib/python3.7/site-packages/airflow/example_dags/example_task_group_decorator.py
[2023-06-15T12:11:37.385+0000] {processor.py:836} INFO - DAG(s) dict_keys(['example_task_group_decorator']) retrieved from /home/airflow/.local/lib/python3.7/site-packages/airflow/example_dags/example_task_group_decorator.py
[2023-06-15T12:11:37.427+0000] {logging_mixin.py:149} INFO - [2023-06-15T12:11:37.427+0000] {dag.py:2726} INFO - Sync 1 DAGs
[2023-06-15T12:11:37.465+0000] {logging_mixin.py:149} INFO - [2023-06-15T12:11:37.465+0000] {dag.py:3490} INFO - Setting next_dagrun for example_task_group_decorator to 2023-06-14T12:11:37.465362+00:00, run_after=2023-06-15T12:11:37.465362+00:00
[2023-06-15T12:11:37.513+0000] {processor.py:179} INFO - Processing /home/airflow/.local/lib/python3.7/site-packages/airflow/example_dags/example_task_group_decorator.py took 0.154 seconds
[2023-06-15T12:12:08.154+0000] {processor.py:157} INFO - Started process (PID=461) to work on /home/airflow/.local/lib/python3.7/site-packages/airflow/example_dags/example_task_group_decorator.py
[2023-06-15T12:12:08.155+0000] {processor.py:826} INFO - Processing file /home/airflow/.local/lib/python3.7/site-packages/airflow/example_dags/example_task_group_decorator.py for tasks to queue
[2023-06-15T12:12:08.156+0000] {logging_mixin.py:149} INFO - [2023-06-15T12:12:08.156+0000] {dagbag.py:541} INFO - Filling up the DagBag from /home/airflow/.local/lib/python3.7/site-packages/airflow/example_dags/example_task_group_decorator.py
[2023-06-15T12:12:08.172+0000] {processor.py:836} INFO - DAG(s) dict_keys(['example_task_group_decorator']) retrieved from /home/airflow/.local/lib/python3.7/site-packages/airflow/example_dags/example_task_group_decorator.py
[2023-06-15T12:12:08.206+0000] {logging_mixin.py:149} INFO - [2023-06-15T12:12:08.205+0000] {dag.py:2726} INFO - Sync 1 DAGs
[2023-06-15T12:12:08.237+0000] {logging_mixin.py:149} INFO - [2023-06-15T12:12:08.236+0000] {dag.py:3490} INFO - Setting next_dagrun for example_task_group_decorator to 2023-06-14T12:12:08.236595+00:00, run_after=2023-06-15T12:12:08.236595+00:00
[2023-06-15T12:12:08.259+0000] {processor.py:179} INFO - Processing /home/airflow/.local/lib/python3.7/site-packages/airflow/example_dags/example_task_group_decorator.py took 0.107 seconds
[2023-06-15T12:12:38.984+0000] {processor.py:157} INFO - Started process (PID=538) to work on /home/airflow/.local/lib/python3.7/site-packages/airflow/example_dags/example_task_group_decorator.py
[2023-06-15T12:12:38.985+0000] {processor.py:826} INFO - Processing file /home/airflow/.local/lib/python3.7/site-packages/airflow/example_dags/example_task_group_decorator.py for tasks to queue
[2023-06-15T12:12:38.986+0000] {logging_mixin.py:149} INFO - [2023-06-15T12:12:38.986+0000] {dagbag.py:541} INFO - Filling up the DagBag from /home/airflow/.local/lib/python3.7/site-packages/airflow/example_dags/example_task_group_decorator.py
[2023-06-15T12:12:39.000+0000] {processor.py:836} INFO - DAG(s) dict_keys(['example_task_group_decorator']) retrieved from /home/airflow/.local/lib/python3.7/site-packages/airflow/example_dags/example_task_group_decorator.py
[2023-06-15T12:12:39.033+0000] {logging_mixin.py:149} INFO - [2023-06-15T12:12:39.032+0000] {dag.py:2726} INFO - Sync 1 DAGs
[2023-06-15T12:12:39.069+0000] {logging_mixin.py:149} INFO - [2023-06-15T12:12:39.069+0000] {dag.py:3490} INFO - Setting next_dagrun for example_task_group_decorator to 2023-06-14T12:12:39.069474+00:00, run_after=2023-06-15T12:12:39.069474+00:00
[2023-06-15T12:12:39.097+0000] {processor.py:179} INFO - Processing /home/airflow/.local/lib/python3.7/site-packages/airflow/example_dags/example_task_group_decorator.py took 0.115 seconds
[2023-06-15T12:13:09.607+0000] {processor.py:157} INFO - Started process (PID=615) to work on /home/airflow/.local/lib/python3.7/site-packages/airflow/example_dags/example_task_group_decorator.py
[2023-06-15T12:13:09.608+0000] {processor.py:826} INFO - Processing file /home/airflow/.local/lib/python3.7/site-packages/airflow/example_dags/example_task_group_decorator.py for tasks to queue
[2023-06-15T12:13:09.609+0000] {logging_mixin.py:149} INFO - [2023-06-15T12:13:09.609+0000] {dagbag.py:541} INFO - Filling up the DagBag from /home/airflow/.local/lib/python3.7/site-packages/airflow/example_dags/example_task_group_decorator.py
[2023-06-15T12:13:09.628+0000] {processor.py:836} INFO - DAG(s) dict_keys(['example_task_group_decorator']) retrieved from /home/airflow/.local/lib/python3.7/site-packages/airflow/example_dags/example_task_group_decorator.py
[2023-06-15T12:13:09.672+0000] {logging_mixin.py:149} INFO - [2023-06-15T12:13:09.672+0000] {dag.py:2726} INFO - Sync 1 DAGs
[2023-06-15T12:13:09.706+0000] {logging_mixin.py:149} INFO - [2023-06-15T12:13:09.706+0000] {dag.py:3490} INFO - Setting next_dagrun for example_task_group_decorator to 2023-06-14T12:13:09.706094+00:00, run_after=2023-06-15T12:13:09.706094+00:00
[2023-06-15T12:13:09.733+0000] {processor.py:179} INFO - Processing /home/airflow/.local/lib/python3.7/site-packages/airflow/example_dags/example_task_group_decorator.py took 0.130 seconds
[2023-06-15T12:13:40.279+0000] {processor.py:157} INFO - Started process (PID=692) to work on /home/airflow/.local/lib/python3.7/site-packages/airflow/example_dags/example_task_group_decorator.py
[2023-06-15T12:13:40.281+0000] {processor.py:826} INFO - Processing file /home/airflow/.local/lib/python3.7/site-packages/airflow/example_dags/example_task_group_decorator.py for tasks to queue
[2023-06-15T12:13:40.283+0000] {logging_mixin.py:149} INFO - [2023-06-15T12:13:40.283+0000] {dagbag.py:541} INFO - Filling up the DagBag from /home/airflow/.local/lib/python3.7/site-packages/airflow/example_dags/example_task_group_decorator.py
[2023-06-15T12:13:40.302+0000] {processor.py:836} INFO - DAG(s) dict_keys(['example_task_group_decorator']) retrieved from /home/airflow/.local/lib/python3.7/site-packages/airflow/example_dags/example_task_group_decorator.py
[2023-06-15T12:13:40.339+0000] {logging_mixin.py:149} INFO - [2023-06-15T12:13:40.339+0000] {dag.py:2726} INFO - Sync 1 DAGs
[2023-06-15T12:13:40.379+0000] {logging_mixin.py:149} INFO - [2023-06-15T12:13:40.379+0000] {dag.py:3490} INFO - Setting next_dagrun for example_task_group_decorator to 2023-06-14T12:13:40.379177+00:00, run_after=2023-06-15T12:13:40.379177+00:00
[2023-06-15T12:13:40.412+0000] {processor.py:179} INFO - Processing /home/airflow/.local/lib/python3.7/site-packages/airflow/example_dags/example_task_group_decorator.py took 0.136 seconds
[2023-06-15T12:14:11.262+0000] {processor.py:157} INFO - Started process (PID=769) to work on /home/airflow/.local/lib/python3.7/site-packages/airflow/example_dags/example_task_group_decorator.py
[2023-06-15T12:14:11.264+0000] {processor.py:826} INFO - Processing file /home/airflow/.local/lib/python3.7/site-packages/airflow/example_dags/example_task_group_decorator.py for tasks to queue
[2023-06-15T12:14:11.265+0000] {logging_mixin.py:149} INFO - [2023-06-15T12:14:11.265+0000] {dagbag.py:541} INFO - Filling up the DagBag from /home/airflow/.local/lib/python3.7/site-packages/airflow/example_dags/example_task_group_decorator.py
[2023-06-15T12:14:11.282+0000] {processor.py:836} INFO - DAG(s) dict_keys(['example_task_group_decorator']) retrieved from /home/airflow/.local/lib/python3.7/site-packages/airflow/example_dags/example_task_group_decorator.py
[2023-06-15T12:14:11.321+0000] {logging_mixin.py:149} INFO - [2023-06-15T12:14:11.321+0000] {dag.py:2726} INFO - Sync 1 DAGs
[2023-06-15T12:14:11.360+0000] {logging_mixin.py:149} INFO - [2023-06-15T12:14:11.360+0000] {dag.py:3490} INFO - Setting next_dagrun for example_task_group_decorator to 2023-06-14T12:14:11.359941+00:00, run_after=2023-06-15T12:14:11.359941+00:00
[2023-06-15T12:14:11.411+0000] {processor.py:179} INFO - Processing /home/airflow/.local/lib/python3.7/site-packages/airflow/example_dags/example_task_group_decorator.py took 0.152 seconds
[2023-06-15T12:14:41.661+0000] {processor.py:157} INFO - Started process (PID=846) to work on /home/airflow/.local/lib/python3.7/site-packages/airflow/example_dags/example_task_group_decorator.py
[2023-06-15T12:14:41.662+0000] {processor.py:826} INFO - Processing file /home/airflow/.local/lib/python3.7/site-packages/airflow/example_dags/example_task_group_decorator.py for tasks to queue
[2023-06-15T12:14:41.664+0000] {logging_mixin.py:149} INFO - [2023-06-15T12:14:41.663+0000] {dagbag.py:541} INFO - Filling up the DagBag from /home/airflow/.local/lib/python3.7/site-packages/airflow/example_dags/example_task_group_decorator.py
[2023-06-15T12:14:41.681+0000] {processor.py:836} INFO - DAG(s) dict_keys(['example_task_group_decorator']) retrieved from /home/airflow/.local/lib/python3.7/site-packages/airflow/example_dags/example_task_group_decorator.py
[2023-06-15T12:14:41.719+0000] {logging_mixin.py:149} INFO - [2023-06-15T12:14:41.719+0000] {dag.py:2726} INFO - Sync 1 DAGs
[2023-06-15T12:14:41.753+0000] {logging_mixin.py:149} INFO - [2023-06-15T12:14:41.753+0000] {dag.py:3490} INFO - Setting next_dagrun for example_task_group_decorator to 2023-06-14T12:14:41.753282+00:00, run_after=2023-06-15T12:14:41.753282+00:00
[2023-06-15T12:14:41.780+0000] {processor.py:179} INFO - Processing /home/airflow/.local/lib/python3.7/site-packages/airflow/example_dags/example_task_group_decorator.py took 0.122 seconds
[2023-06-15T12:15:12.512+0000] {processor.py:157} INFO - Started process (PID=924) to work on /home/airflow/.local/lib/python3.7/site-packages/airflow/example_dags/example_task_group_decorator.py
[2023-06-15T12:15:12.513+0000] {processor.py:826} INFO - Processing file /home/airflow/.local/lib/python3.7/site-packages/airflow/example_dags/example_task_group_decorator.py for tasks to queue
[2023-06-15T12:15:12.514+0000] {logging_mixin.py:149} INFO - [2023-06-15T12:15:12.514+0000] {dagbag.py:541} INFO - Filling up the DagBag from /home/airflow/.local/lib/python3.7/site-packages/airflow/example_dags/example_task_group_decorator.py
[2023-06-15T12:15:12.532+0000] {processor.py:836} INFO - DAG(s) dict_keys(['example_task_group_decorator']) retrieved from /home/airflow/.local/lib/python3.7/site-packages/airflow/example_dags/example_task_group_decorator.py
[2023-06-15T12:15:12.571+0000] {logging_mixin.py:149} INFO - [2023-06-15T12:15:12.571+0000] {dag.py:2726} INFO - Sync 1 DAGs
[2023-06-15T12:15:12.610+0000] {logging_mixin.py:149} INFO - [2023-06-15T12:15:12.610+0000] {dag.py:3490} INFO - Setting next_dagrun for example_task_group_decorator to 2023-06-14T12:15:12.610040+00:00, run_after=2023-06-15T12:15:12.610040+00:00
[2023-06-15T12:15:12.637+0000] {processor.py:179} INFO - Processing /home/airflow/.local/lib/python3.7/site-packages/airflow/example_dags/example_task_group_decorator.py took 0.128 seconds
[2023-06-15T12:15:42.812+0000] {processor.py:157} INFO - Started process (PID=1001) to work on /home/airflow/.local/lib/python3.7/site-packages/airflow/example_dags/example_task_group_decorator.py
[2023-06-15T12:15:42.813+0000] {processor.py:826} INFO - Processing file /home/airflow/.local/lib/python3.7/site-packages/airflow/example_dags/example_task_group_decorator.py for tasks to queue
[2023-06-15T12:15:42.814+0000] {logging_mixin.py:149} INFO - [2023-06-15T12:15:42.814+0000] {dagbag.py:541} INFO - Filling up the DagBag from /home/airflow/.local/lib/python3.7/site-packages/airflow/example_dags/example_task_group_decorator.py
[2023-06-15T12:15:42.835+0000] {processor.py:836} INFO - DAG(s) dict_keys(['example_task_group_decorator']) retrieved from /home/airflow/.local/lib/python3.7/site-packages/airflow/example_dags/example_task_group_decorator.py
[2023-06-15T12:15:42.879+0000] {logging_mixin.py:149} INFO - [2023-06-15T12:15:42.879+0000] {dag.py:2726} INFO - Sync 1 DAGs
[2023-06-15T12:15:42.930+0000] {logging_mixin.py:149} INFO - [2023-06-15T12:15:42.929+0000] {dag.py:3490} INFO - Setting next_dagrun for example_task_group_decorator to 2023-06-14T12:15:42.929642+00:00, run_after=2023-06-15T12:15:42.929642+00:00
[2023-06-15T12:15:42.962+0000] {processor.py:179} INFO - Processing /home/airflow/.local/lib/python3.7/site-packages/airflow/example_dags/example_task_group_decorator.py took 0.154 seconds
[2023-06-15T12:16:14.290+0000] {processor.py:157} INFO - Started process (PID=1079) to work on /home/airflow/.local/lib/python3.7/site-packages/airflow/example_dags/example_task_group_decorator.py
[2023-06-15T12:16:14.291+0000] {processor.py:826} INFO - Processing file /home/airflow/.local/lib/python3.7/site-packages/airflow/example_dags/example_task_group_decorator.py for tasks to queue
[2023-06-15T12:16:14.292+0000] {logging_mixin.py:149} INFO - [2023-06-15T12:16:14.292+0000] {dagbag.py:541} INFO - Filling up the DagBag from /home/airflow/.local/lib/python3.7/site-packages/airflow/example_dags/example_task_group_decorator.py
[2023-06-15T12:16:14.311+0000] {processor.py:836} INFO - DAG(s) dict_keys(['example_task_group_decorator']) retrieved from /home/airflow/.local/lib/python3.7/site-packages/airflow/example_dags/example_task_group_decorator.py
[2023-06-15T12:16:14.349+0000] {logging_mixin.py:149} INFO - [2023-06-15T12:16:14.348+0000] {dag.py:2726} INFO - Sync 1 DAGs
[2023-06-15T12:16:14.392+0000] {logging_mixin.py:149} INFO - [2023-06-15T12:16:14.392+0000] {dag.py:3490} INFO - Setting next_dagrun for example_task_group_decorator to 2023-06-14T12:16:14.392368+00:00, run_after=2023-06-15T12:16:14.392368+00:00
[2023-06-15T12:16:14.426+0000] {processor.py:179} INFO - Processing /home/airflow/.local/lib/python3.7/site-packages/airflow/example_dags/example_task_group_decorator.py took 0.140 seconds
[2023-06-15T12:16:45.099+0000] {processor.py:157} INFO - Started process (PID=1156) to work on /home/airflow/.local/lib/python3.7/site-packages/airflow/example_dags/example_task_group_decorator.py
[2023-06-15T12:16:45.100+0000] {processor.py:826} INFO - Processing file /home/airflow/.local/lib/python3.7/site-packages/airflow/example_dags/example_task_group_decorator.py for tasks to queue
[2023-06-15T12:16:45.101+0000] {logging_mixin.py:149} INFO - [2023-06-15T12:16:45.101+0000] {dagbag.py:541} INFO - Filling up the DagBag from /home/airflow/.local/lib/python3.7/site-packages/airflow/example_dags/example_task_group_decorator.py
[2023-06-15T12:16:45.121+0000] {processor.py:836} INFO - DAG(s) dict_keys(['example_task_group_decorator']) retrieved from /home/airflow/.local/lib/python3.7/site-packages/airflow/example_dags/example_task_group_decorator.py
[2023-06-15T12:16:45.158+0000] {logging_mixin.py:149} INFO - [2023-06-15T12:16:45.158+0000] {dag.py:2726} INFO - Sync 1 DAGs
[2023-06-15T12:16:45.200+0000] {logging_mixin.py:149} INFO - [2023-06-15T12:16:45.200+0000] {dag.py:3490} INFO - Setting next_dagrun for example_task_group_decorator to 2023-06-14T12:16:45.200407+00:00, run_after=2023-06-15T12:16:45.200407+00:00
[2023-06-15T12:16:45.238+0000] {processor.py:179} INFO - Processing /home/airflow/.local/lib/python3.7/site-packages/airflow/example_dags/example_task_group_decorator.py took 0.142 seconds
[2023-06-15T12:17:16.125+0000] {processor.py:157} INFO - Started process (PID=1233) to work on /home/airflow/.local/lib/python3.7/site-packages/airflow/example_dags/example_task_group_decorator.py
[2023-06-15T12:17:16.127+0000] {processor.py:826} INFO - Processing file /home/airflow/.local/lib/python3.7/site-packages/airflow/example_dags/example_task_group_decorator.py for tasks to queue
[2023-06-15T12:17:16.128+0000] {logging_mixin.py:149} INFO - [2023-06-15T12:17:16.127+0000] {dagbag.py:541} INFO - Filling up the DagBag from /home/airflow/.local/lib/python3.7/site-packages/airflow/example_dags/example_task_group_decorator.py
[2023-06-15T12:17:16.147+0000] {processor.py:836} INFO - DAG(s) dict_keys(['example_task_group_decorator']) retrieved from /home/airflow/.local/lib/python3.7/site-packages/airflow/example_dags/example_task_group_decorator.py
[2023-06-15T12:17:16.188+0000] {logging_mixin.py:149} INFO - [2023-06-15T12:17:16.187+0000] {dag.py:2726} INFO - Sync 1 DAGs
[2023-06-15T12:17:16.224+0000] {logging_mixin.py:149} INFO - [2023-06-15T12:17:16.223+0000] {dag.py:3490} INFO - Setting next_dagrun for example_task_group_decorator to 2023-06-14T12:17:16.223686+00:00, run_after=2023-06-15T12:17:16.223686+00:00
[2023-06-15T12:17:16.265+0000] {processor.py:179} INFO - Processing /home/airflow/.local/lib/python3.7/site-packages/airflow/example_dags/example_task_group_decorator.py took 0.143 seconds
[2023-06-15T12:17:46.367+0000] {processor.py:157} INFO - Started process (PID=1310) to work on /home/airflow/.local/lib/python3.7/site-packages/airflow/example_dags/example_task_group_decorator.py
[2023-06-15T12:17:46.369+0000] {processor.py:826} INFO - Processing file /home/airflow/.local/lib/python3.7/site-packages/airflow/example_dags/example_task_group_decorator.py for tasks to queue
[2023-06-15T12:17:46.370+0000] {logging_mixin.py:149} INFO - [2023-06-15T12:17:46.369+0000] {dagbag.py:541} INFO - Filling up the DagBag from /home/airflow/.local/lib/python3.7/site-packages/airflow/example_dags/example_task_group_decorator.py
[2023-06-15T12:17:46.388+0000] {processor.py:836} INFO - DAG(s) dict_keys(['example_task_group_decorator']) retrieved from /home/airflow/.local/lib/python3.7/site-packages/airflow/example_dags/example_task_group_decorator.py
[2023-06-15T12:17:46.432+0000] {logging_mixin.py:149} INFO - [2023-06-15T12:17:46.432+0000] {dag.py:2726} INFO - Sync 1 DAGs
[2023-06-15T12:17:46.469+0000] {logging_mixin.py:149} INFO - [2023-06-15T12:17:46.469+0000] {dag.py:3490} INFO - Setting next_dagrun for example_task_group_decorator to 2023-06-14T12:17:46.469184+00:00, run_after=2023-06-15T12:17:46.469184+00:00
[2023-06-15T12:17:46.501+0000] {processor.py:179} INFO - Processing /home/airflow/.local/lib/python3.7/site-packages/airflow/example_dags/example_task_group_decorator.py took 0.138 seconds
[2023-06-15T12:18:16.776+0000] {processor.py:157} INFO - Started process (PID=1387) to work on /home/airflow/.local/lib/python3.7/site-packages/airflow/example_dags/example_task_group_decorator.py
[2023-06-15T12:18:16.777+0000] {processor.py:826} INFO - Processing file /home/airflow/.local/lib/python3.7/site-packages/airflow/example_dags/example_task_group_decorator.py for tasks to queue
[2023-06-15T12:18:16.778+0000] {logging_mixin.py:149} INFO - [2023-06-15T12:18:16.778+0000] {dagbag.py:541} INFO - Filling up the DagBag from /home/airflow/.local/lib/python3.7/site-packages/airflow/example_dags/example_task_group_decorator.py
[2023-06-15T12:18:16.796+0000] {processor.py:836} INFO - DAG(s) dict_keys(['example_task_group_decorator']) retrieved from /home/airflow/.local/lib/python3.7/site-packages/airflow/example_dags/example_task_group_decorator.py
[2023-06-15T12:18:16.838+0000] {logging_mixin.py:149} INFO - [2023-06-15T12:18:16.838+0000] {dag.py:2726} INFO - Sync 1 DAGs
[2023-06-15T12:18:16.874+0000] {logging_mixin.py:149} INFO - [2023-06-15T12:18:16.873+0000] {dag.py:3490} INFO - Setting next_dagrun for example_task_group_decorator to 2023-06-14T12:18:16.873503+00:00, run_after=2023-06-15T12:18:16.873503+00:00
[2023-06-15T12:18:16.910+0000] {processor.py:179} INFO - Processing /home/airflow/.local/lib/python3.7/site-packages/airflow/example_dags/example_task_group_decorator.py took 0.137 seconds
[2023-06-15T12:18:47.510+0000] {processor.py:157} INFO - Started process (PID=1464) to work on /home/airflow/.local/lib/python3.7/site-packages/airflow/example_dags/example_task_group_decorator.py
[2023-06-15T12:18:47.511+0000] {processor.py:826} INFO - Processing file /home/airflow/.local/lib/python3.7/site-packages/airflow/example_dags/example_task_group_decorator.py for tasks to queue
[2023-06-15T12:18:47.512+0000] {logging_mixin.py:149} INFO - [2023-06-15T12:18:47.512+0000] {dagbag.py:541} INFO - Filling up the DagBag from /home/airflow/.local/lib/python3.7/site-packages/airflow/example_dags/example_task_group_decorator.py
[2023-06-15T12:18:47.533+0000] {processor.py:836} INFO - DAG(s) dict_keys(['example_task_group_decorator']) retrieved from /home/airflow/.local/lib/python3.7/site-packages/airflow/example_dags/example_task_group_decorator.py
[2023-06-15T12:18:47.587+0000] {logging_mixin.py:149} INFO - [2023-06-15T12:18:47.586+0000] {dag.py:2726} INFO - Sync 1 DAGs
[2023-06-15T12:18:47.626+0000] {logging_mixin.py:149} INFO - [2023-06-15T12:18:47.626+0000] {dag.py:3490} INFO - Setting next_dagrun for example_task_group_decorator to 2023-06-14T12:18:47.626361+00:00, run_after=2023-06-15T12:18:47.626361+00:00
[2023-06-15T12:18:47.657+0000] {processor.py:179} INFO - Processing /home/airflow/.local/lib/python3.7/site-packages/airflow/example_dags/example_task_group_decorator.py took 0.151 seconds
[2023-06-15T12:19:18.215+0000] {processor.py:157} INFO - Started process (PID=1528) to work on /home/airflow/.local/lib/python3.7/site-packages/airflow/example_dags/example_task_group_decorator.py
[2023-06-15T12:19:18.216+0000] {processor.py:826} INFO - Processing file /home/airflow/.local/lib/python3.7/site-packages/airflow/example_dags/example_task_group_decorator.py for tasks to queue
[2023-06-15T12:19:18.218+0000] {logging_mixin.py:149} INFO - [2023-06-15T12:19:18.217+0000] {dagbag.py:541} INFO - Filling up the DagBag from /home/airflow/.local/lib/python3.7/site-packages/airflow/example_dags/example_task_group_decorator.py
[2023-06-15T12:19:18.241+0000] {processor.py:836} INFO - DAG(s) dict_keys(['example_task_group_decorator']) retrieved from /home/airflow/.local/lib/python3.7/site-packages/airflow/example_dags/example_task_group_decorator.py
[2023-06-15T12:19:18.291+0000] {logging_mixin.py:149} INFO - [2023-06-15T12:19:18.291+0000] {dag.py:2726} INFO - Sync 1 DAGs
[2023-06-15T12:19:18.331+0000] {logging_mixin.py:149} INFO - [2023-06-15T12:19:18.331+0000] {dag.py:3490} INFO - Setting next_dagrun for example_task_group_decorator to 2023-06-14T12:19:18.331237+00:00, run_after=2023-06-15T12:19:18.331237+00:00
[2023-06-15T12:19:18.361+0000] {processor.py:179} INFO - Processing /home/airflow/.local/lib/python3.7/site-packages/airflow/example_dags/example_task_group_decorator.py took 0.149 seconds
[2023-06-15T12:19:48.579+0000] {processor.py:157} INFO - Started process (PID=1591) to work on /home/airflow/.local/lib/python3.7/site-packages/airflow/example_dags/example_task_group_decorator.py
[2023-06-15T12:19:48.580+0000] {processor.py:826} INFO - Processing file /home/airflow/.local/lib/python3.7/site-packages/airflow/example_dags/example_task_group_decorator.py for tasks to queue
[2023-06-15T12:19:48.581+0000] {logging_mixin.py:149} INFO - [2023-06-15T12:19:48.581+0000] {dagbag.py:541} INFO - Filling up the DagBag from /home/airflow/.local/lib/python3.7/site-packages/airflow/example_dags/example_task_group_decorator.py
[2023-06-15T12:19:48.604+0000] {processor.py:836} INFO - DAG(s) dict_keys(['example_task_group_decorator']) retrieved from /home/airflow/.local/lib/python3.7/site-packages/airflow/example_dags/example_task_group_decorator.py
[2023-06-15T12:19:48.644+0000] {logging_mixin.py:149} INFO - [2023-06-15T12:19:48.644+0000] {dag.py:2726} INFO - Sync 1 DAGs
[2023-06-15T12:19:48.688+0000] {logging_mixin.py:149} INFO - [2023-06-15T12:19:48.688+0000] {dag.py:3490} INFO - Setting next_dagrun for example_task_group_decorator to 2023-06-14T12:19:48.687937+00:00, run_after=2023-06-15T12:19:48.687937+00:00
[2023-06-15T12:19:48.734+0000] {processor.py:179} INFO - Processing /home/airflow/.local/lib/python3.7/site-packages/airflow/example_dags/example_task_group_decorator.py took 0.159 seconds
