[2023-06-15T12:09:31.310+0000] {processor.py:157} INFO - Started process (PID=61) to work on /home/airflow/.local/lib/python3.7/site-packages/airflow/example_dags/tutorial.py
[2023-06-15T12:09:31.311+0000] {processor.py:826} INFO - Processing file /home/airflow/.local/lib/python3.7/site-packages/airflow/example_dags/tutorial.py for tasks to queue
[2023-06-15T12:09:31.312+0000] {logging_mixin.py:149} INFO - [2023-06-15T12:09:31.312+0000] {dagbag.py:541} INFO - Filling up the DagBag from /home/airflow/.local/lib/python3.7/site-packages/airflow/example_dags/tutorial.py
[2023-06-15T12:09:31.323+0000] {processor.py:836} INFO - DAG(s) dict_keys(['tutorial']) retrieved from /home/airflow/.local/lib/python3.7/site-packages/airflow/example_dags/tutorial.py
[2023-06-15T12:09:31.359+0000] {logging_mixin.py:149} INFO - [2023-06-15T12:09:31.359+0000] {dag.py:2726} INFO - Sync 1 DAGs
[2023-06-15T12:09:31.393+0000] {logging_mixin.py:149} INFO - [2023-06-15T12:09:31.392+0000] {dag.py:3490} INFO - Setting next_dagrun for tutorial to 2023-06-14T12:09:31.392603+00:00, run_after=2023-06-15T12:09:31.392603+00:00
[2023-06-15T12:09:31.429+0000] {processor.py:179} INFO - Processing /home/airflow/.local/lib/python3.7/site-packages/airflow/example_dags/tutorial.py took 0.122 seconds
[2023-06-15T12:10:01.935+0000] {processor.py:157} INFO - Started process (PID=138) to work on /home/airflow/.local/lib/python3.7/site-packages/airflow/example_dags/tutorial.py
[2023-06-15T12:10:01.936+0000] {processor.py:826} INFO - Processing file /home/airflow/.local/lib/python3.7/site-packages/airflow/example_dags/tutorial.py for tasks to queue
[2023-06-15T12:10:01.936+0000] {logging_mixin.py:149} INFO - [2023-06-15T12:10:01.936+0000] {dagbag.py:541} INFO - Filling up the DagBag from /home/airflow/.local/lib/python3.7/site-packages/airflow/example_dags/tutorial.py
[2023-06-15T12:10:01.941+0000] {processor.py:836} INFO - DAG(s) dict_keys(['tutorial']) retrieved from /home/airflow/.local/lib/python3.7/site-packages/airflow/example_dags/tutorial.py
[2023-06-15T12:10:01.965+0000] {logging_mixin.py:149} INFO - [2023-06-15T12:10:01.965+0000] {dag.py:2726} INFO - Sync 1 DAGs
[2023-06-15T12:10:01.994+0000] {logging_mixin.py:149} INFO - [2023-06-15T12:10:01.994+0000] {dag.py:3490} INFO - Setting next_dagrun for tutorial to 2023-06-14T12:10:01.994257+00:00, run_after=2023-06-15T12:10:01.994257+00:00
[2023-06-15T12:10:02.115+0000] {processor.py:179} INFO - Processing /home/airflow/.local/lib/python3.7/site-packages/airflow/example_dags/tutorial.py took 0.183 seconds
[2023-06-15T12:10:34.164+0000] {processor.py:157} INFO - Started process (PID=215) to work on /home/airflow/.local/lib/python3.7/site-packages/airflow/example_dags/tutorial.py
[2023-06-15T12:10:34.165+0000] {processor.py:826} INFO - Processing file /home/airflow/.local/lib/python3.7/site-packages/airflow/example_dags/tutorial.py for tasks to queue
[2023-06-15T12:10:34.166+0000] {logging_mixin.py:149} INFO - [2023-06-15T12:10:34.166+0000] {dagbag.py:541} INFO - Filling up the DagBag from /home/airflow/.local/lib/python3.7/site-packages/airflow/example_dags/tutorial.py
[2023-06-15T12:10:34.173+0000] {processor.py:836} INFO - DAG(s) dict_keys(['tutorial']) retrieved from /home/airflow/.local/lib/python3.7/site-packages/airflow/example_dags/tutorial.py
[2023-06-15T12:10:34.312+0000] {logging_mixin.py:149} INFO - [2023-06-15T12:10:34.312+0000] {dag.py:2726} INFO - Sync 1 DAGs
[2023-06-15T12:10:34.357+0000] {logging_mixin.py:149} INFO - [2023-06-15T12:10:34.357+0000] {dag.py:3490} INFO - Setting next_dagrun for tutorial to 2023-06-14T12:10:34.357038+00:00, run_after=2023-06-15T12:10:34.357038+00:00
[2023-06-15T12:10:34.385+0000] {processor.py:179} INFO - Processing /home/airflow/.local/lib/python3.7/site-packages/airflow/example_dags/tutorial.py took 0.225 seconds
[2023-06-15T12:11:04.574+0000] {processor.py:157} INFO - Started process (PID=292) to work on /home/airflow/.local/lib/python3.7/site-packages/airflow/example_dags/tutorial.py
[2023-06-15T12:11:04.575+0000] {processor.py:826} INFO - Processing file /home/airflow/.local/lib/python3.7/site-packages/airflow/example_dags/tutorial.py for tasks to queue
[2023-06-15T12:11:04.576+0000] {logging_mixin.py:149} INFO - [2023-06-15T12:11:04.576+0000] {dagbag.py:541} INFO - Filling up the DagBag from /home/airflow/.local/lib/python3.7/site-packages/airflow/example_dags/tutorial.py
[2023-06-15T12:11:04.584+0000] {processor.py:836} INFO - DAG(s) dict_keys(['tutorial']) retrieved from /home/airflow/.local/lib/python3.7/site-packages/airflow/example_dags/tutorial.py
[2023-06-15T12:11:04.619+0000] {logging_mixin.py:149} INFO - [2023-06-15T12:11:04.619+0000] {dag.py:2726} INFO - Sync 1 DAGs
[2023-06-15T12:11:04.661+0000] {logging_mixin.py:149} INFO - [2023-06-15T12:11:04.660+0000] {dag.py:3490} INFO - Setting next_dagrun for tutorial to 2023-06-14T12:11:04.660544+00:00, run_after=2023-06-15T12:11:04.660544+00:00
[2023-06-15T12:11:04.691+0000] {processor.py:179} INFO - Processing /home/airflow/.local/lib/python3.7/site-packages/airflow/example_dags/tutorial.py took 0.121 seconds
[2023-06-15T12:11:35.448+0000] {processor.py:157} INFO - Started process (PID=370) to work on /home/airflow/.local/lib/python3.7/site-packages/airflow/example_dags/tutorial.py
[2023-06-15T12:11:35.449+0000] {processor.py:826} INFO - Processing file /home/airflow/.local/lib/python3.7/site-packages/airflow/example_dags/tutorial.py for tasks to queue
[2023-06-15T12:11:35.450+0000] {logging_mixin.py:149} INFO - [2023-06-15T12:11:35.449+0000] {dagbag.py:541} INFO - Filling up the DagBag from /home/airflow/.local/lib/python3.7/site-packages/airflow/example_dags/tutorial.py
[2023-06-15T12:11:35.455+0000] {processor.py:836} INFO - DAG(s) dict_keys(['tutorial']) retrieved from /home/airflow/.local/lib/python3.7/site-packages/airflow/example_dags/tutorial.py
[2023-06-15T12:11:35.477+0000] {logging_mixin.py:149} INFO - [2023-06-15T12:11:35.477+0000] {dag.py:2726} INFO - Sync 1 DAGs
[2023-06-15T12:11:35.508+0000] {logging_mixin.py:149} INFO - [2023-06-15T12:11:35.508+0000] {dag.py:3490} INFO - Setting next_dagrun for tutorial to 2023-06-14T12:11:35.508334+00:00, run_after=2023-06-15T12:11:35.508334+00:00
[2023-06-15T12:11:35.529+0000] {processor.py:179} INFO - Processing /home/airflow/.local/lib/python3.7/site-packages/airflow/example_dags/tutorial.py took 0.084 seconds
[2023-06-15T12:12:06.285+0000] {processor.py:157} INFO - Started process (PID=447) to work on /home/airflow/.local/lib/python3.7/site-packages/airflow/example_dags/tutorial.py
[2023-06-15T12:12:06.286+0000] {processor.py:826} INFO - Processing file /home/airflow/.local/lib/python3.7/site-packages/airflow/example_dags/tutorial.py for tasks to queue
[2023-06-15T12:12:06.287+0000] {logging_mixin.py:149} INFO - [2023-06-15T12:12:06.287+0000] {dagbag.py:541} INFO - Filling up the DagBag from /home/airflow/.local/lib/python3.7/site-packages/airflow/example_dags/tutorial.py
[2023-06-15T12:12:06.294+0000] {processor.py:836} INFO - DAG(s) dict_keys(['tutorial']) retrieved from /home/airflow/.local/lib/python3.7/site-packages/airflow/example_dags/tutorial.py
[2023-06-15T12:12:06.325+0000] {logging_mixin.py:149} INFO - [2023-06-15T12:12:06.325+0000] {dag.py:2726} INFO - Sync 1 DAGs
[2023-06-15T12:12:06.383+0000] {logging_mixin.py:149} INFO - [2023-06-15T12:12:06.382+0000] {dag.py:3490} INFO - Setting next_dagrun for tutorial to 2023-06-14T12:12:06.382524+00:00, run_after=2023-06-15T12:12:06.382524+00:00
[2023-06-15T12:12:06.421+0000] {processor.py:179} INFO - Processing /home/airflow/.local/lib/python3.7/site-packages/airflow/example_dags/tutorial.py took 0.139 seconds
[2023-06-15T12:12:37.140+0000] {processor.py:157} INFO - Started process (PID=524) to work on /home/airflow/.local/lib/python3.7/site-packages/airflow/example_dags/tutorial.py
[2023-06-15T12:12:37.140+0000] {processor.py:826} INFO - Processing file /home/airflow/.local/lib/python3.7/site-packages/airflow/example_dags/tutorial.py for tasks to queue
[2023-06-15T12:12:37.141+0000] {logging_mixin.py:149} INFO - [2023-06-15T12:12:37.141+0000] {dagbag.py:541} INFO - Filling up the DagBag from /home/airflow/.local/lib/python3.7/site-packages/airflow/example_dags/tutorial.py
[2023-06-15T12:12:37.147+0000] {processor.py:836} INFO - DAG(s) dict_keys(['tutorial']) retrieved from /home/airflow/.local/lib/python3.7/site-packages/airflow/example_dags/tutorial.py
[2023-06-15T12:12:37.170+0000] {logging_mixin.py:149} INFO - [2023-06-15T12:12:37.170+0000] {dag.py:2726} INFO - Sync 1 DAGs
[2023-06-15T12:12:37.200+0000] {logging_mixin.py:149} INFO - [2023-06-15T12:12:37.200+0000] {dag.py:3490} INFO - Setting next_dagrun for tutorial to 2023-06-14T12:12:37.200209+00:00, run_after=2023-06-15T12:12:37.200209+00:00
[2023-06-15T12:12:37.223+0000] {processor.py:179} INFO - Processing /home/airflow/.local/lib/python3.7/site-packages/airflow/example_dags/tutorial.py took 0.086 seconds
[2023-06-15T12:13:08.247+0000] {processor.py:157} INFO - Started process (PID=601) to work on /home/airflow/.local/lib/python3.7/site-packages/airflow/example_dags/tutorial.py
[2023-06-15T12:13:08.248+0000] {processor.py:826} INFO - Processing file /home/airflow/.local/lib/python3.7/site-packages/airflow/example_dags/tutorial.py for tasks to queue
[2023-06-15T12:13:08.249+0000] {logging_mixin.py:149} INFO - [2023-06-15T12:13:08.249+0000] {dagbag.py:541} INFO - Filling up the DagBag from /home/airflow/.local/lib/python3.7/site-packages/airflow/example_dags/tutorial.py
[2023-06-15T12:13:08.257+0000] {processor.py:836} INFO - DAG(s) dict_keys(['tutorial']) retrieved from /home/airflow/.local/lib/python3.7/site-packages/airflow/example_dags/tutorial.py
[2023-06-15T12:13:08.286+0000] {logging_mixin.py:149} INFO - [2023-06-15T12:13:08.286+0000] {dag.py:2726} INFO - Sync 1 DAGs
[2023-06-15T12:13:08.324+0000] {logging_mixin.py:149} INFO - [2023-06-15T12:13:08.324+0000] {dag.py:3490} INFO - Setting next_dagrun for tutorial to 2023-06-14T12:13:08.323981+00:00, run_after=2023-06-15T12:13:08.323981+00:00
[2023-06-15T12:13:08.351+0000] {processor.py:179} INFO - Processing /home/airflow/.local/lib/python3.7/site-packages/airflow/example_dags/tutorial.py took 0.107 seconds
[2023-06-15T12:13:39.259+0000] {processor.py:157} INFO - Started process (PID=678) to work on /home/airflow/.local/lib/python3.7/site-packages/airflow/example_dags/tutorial.py
[2023-06-15T12:13:39.260+0000] {processor.py:826} INFO - Processing file /home/airflow/.local/lib/python3.7/site-packages/airflow/example_dags/tutorial.py for tasks to queue
[2023-06-15T12:13:39.261+0000] {logging_mixin.py:149} INFO - [2023-06-15T12:13:39.261+0000] {dagbag.py:541} INFO - Filling up the DagBag from /home/airflow/.local/lib/python3.7/site-packages/airflow/example_dags/tutorial.py
[2023-06-15T12:13:39.270+0000] {processor.py:836} INFO - DAG(s) dict_keys(['tutorial']) retrieved from /home/airflow/.local/lib/python3.7/site-packages/airflow/example_dags/tutorial.py
[2023-06-15T12:13:39.303+0000] {logging_mixin.py:149} INFO - [2023-06-15T12:13:39.303+0000] {dag.py:2726} INFO - Sync 1 DAGs
[2023-06-15T12:13:39.342+0000] {logging_mixin.py:149} INFO - [2023-06-15T12:13:39.342+0000] {dag.py:3490} INFO - Setting next_dagrun for tutorial to 2023-06-14T12:13:39.341971+00:00, run_after=2023-06-15T12:13:39.341971+00:00
[2023-06-15T12:13:39.373+0000] {processor.py:179} INFO - Processing /home/airflow/.local/lib/python3.7/site-packages/airflow/example_dags/tutorial.py took 0.118 seconds
[2023-06-15T12:14:09.980+0000] {processor.py:157} INFO - Started process (PID=755) to work on /home/airflow/.local/lib/python3.7/site-packages/airflow/example_dags/tutorial.py
[2023-06-15T12:14:09.981+0000] {processor.py:826} INFO - Processing file /home/airflow/.local/lib/python3.7/site-packages/airflow/example_dags/tutorial.py for tasks to queue
[2023-06-15T12:14:09.982+0000] {logging_mixin.py:149} INFO - [2023-06-15T12:14:09.982+0000] {dagbag.py:541} INFO - Filling up the DagBag from /home/airflow/.local/lib/python3.7/site-packages/airflow/example_dags/tutorial.py
[2023-06-15T12:14:09.990+0000] {processor.py:836} INFO - DAG(s) dict_keys(['tutorial']) retrieved from /home/airflow/.local/lib/python3.7/site-packages/airflow/example_dags/tutorial.py
[2023-06-15T12:14:10.020+0000] {logging_mixin.py:149} INFO - [2023-06-15T12:14:10.020+0000] {dag.py:2726} INFO - Sync 1 DAGs
[2023-06-15T12:14:10.069+0000] {logging_mixin.py:149} INFO - [2023-06-15T12:14:10.069+0000] {dag.py:3490} INFO - Setting next_dagrun for tutorial to 2023-06-14T12:14:10.069335+00:00, run_after=2023-06-15T12:14:10.069335+00:00
[2023-06-15T12:14:10.101+0000] {processor.py:179} INFO - Processing /home/airflow/.local/lib/python3.7/site-packages/airflow/example_dags/tutorial.py took 0.125 seconds
[2023-06-15T12:14:40.530+0000] {processor.py:157} INFO - Started process (PID=832) to work on /home/airflow/.local/lib/python3.7/site-packages/airflow/example_dags/tutorial.py
[2023-06-15T12:14:40.531+0000] {processor.py:826} INFO - Processing file /home/airflow/.local/lib/python3.7/site-packages/airflow/example_dags/tutorial.py for tasks to queue
[2023-06-15T12:14:40.532+0000] {logging_mixin.py:149} INFO - [2023-06-15T12:14:40.532+0000] {dagbag.py:541} INFO - Filling up the DagBag from /home/airflow/.local/lib/python3.7/site-packages/airflow/example_dags/tutorial.py
[2023-06-15T12:14:40.541+0000] {processor.py:836} INFO - DAG(s) dict_keys(['tutorial']) retrieved from /home/airflow/.local/lib/python3.7/site-packages/airflow/example_dags/tutorial.py
[2023-06-15T12:14:40.579+0000] {logging_mixin.py:149} INFO - [2023-06-15T12:14:40.579+0000] {dag.py:2726} INFO - Sync 1 DAGs
[2023-06-15T12:14:40.619+0000] {logging_mixin.py:149} INFO - [2023-06-15T12:14:40.619+0000] {dag.py:3490} INFO - Setting next_dagrun for tutorial to 2023-06-14T12:14:40.618974+00:00, run_after=2023-06-15T12:14:40.618974+00:00
[2023-06-15T12:14:40.663+0000] {processor.py:179} INFO - Processing /home/airflow/.local/lib/python3.7/site-packages/airflow/example_dags/tutorial.py took 0.136 seconds
[2023-06-15T12:15:11.191+0000] {processor.py:157} INFO - Started process (PID=910) to work on /home/airflow/.local/lib/python3.7/site-packages/airflow/example_dags/tutorial.py
[2023-06-15T12:15:11.192+0000] {processor.py:826} INFO - Processing file /home/airflow/.local/lib/python3.7/site-packages/airflow/example_dags/tutorial.py for tasks to queue
[2023-06-15T12:15:11.194+0000] {logging_mixin.py:149} INFO - [2023-06-15T12:15:11.193+0000] {dagbag.py:541} INFO - Filling up the DagBag from /home/airflow/.local/lib/python3.7/site-packages/airflow/example_dags/tutorial.py
[2023-06-15T12:15:11.201+0000] {processor.py:836} INFO - DAG(s) dict_keys(['tutorial']) retrieved from /home/airflow/.local/lib/python3.7/site-packages/airflow/example_dags/tutorial.py
[2023-06-15T12:15:11.241+0000] {logging_mixin.py:149} INFO - [2023-06-15T12:15:11.240+0000] {dag.py:2726} INFO - Sync 1 DAGs
[2023-06-15T12:15:11.288+0000] {logging_mixin.py:149} INFO - [2023-06-15T12:15:11.287+0000] {dag.py:3490} INFO - Setting next_dagrun for tutorial to 2023-06-14T12:15:11.287475+00:00, run_after=2023-06-15T12:15:11.287475+00:00
[2023-06-15T12:15:11.315+0000] {processor.py:179} INFO - Processing /home/airflow/.local/lib/python3.7/site-packages/airflow/example_dags/tutorial.py took 0.127 seconds
[2023-06-15T12:15:41.719+0000] {processor.py:157} INFO - Started process (PID=987) to work on /home/airflow/.local/lib/python3.7/site-packages/airflow/example_dags/tutorial.py
[2023-06-15T12:15:41.721+0000] {processor.py:826} INFO - Processing file /home/airflow/.local/lib/python3.7/site-packages/airflow/example_dags/tutorial.py for tasks to queue
[2023-06-15T12:15:41.722+0000] {logging_mixin.py:149} INFO - [2023-06-15T12:15:41.722+0000] {dagbag.py:541} INFO - Filling up the DagBag from /home/airflow/.local/lib/python3.7/site-packages/airflow/example_dags/tutorial.py
[2023-06-15T12:15:41.729+0000] {processor.py:836} INFO - DAG(s) dict_keys(['tutorial']) retrieved from /home/airflow/.local/lib/python3.7/site-packages/airflow/example_dags/tutorial.py
[2023-06-15T12:15:41.762+0000] {logging_mixin.py:149} INFO - [2023-06-15T12:15:41.762+0000] {dag.py:2726} INFO - Sync 1 DAGs
[2023-06-15T12:15:41.799+0000] {logging_mixin.py:149} INFO - [2023-06-15T12:15:41.799+0000] {dag.py:3490} INFO - Setting next_dagrun for tutorial to 2023-06-14T12:15:41.798758+00:00, run_after=2023-06-15T12:15:41.798758+00:00
[2023-06-15T12:15:41.834+0000] {processor.py:179} INFO - Processing /home/airflow/.local/lib/python3.7/site-packages/airflow/example_dags/tutorial.py took 0.119 seconds
[2023-06-15T12:16:12.864+0000] {processor.py:157} INFO - Started process (PID=1065) to work on /home/airflow/.local/lib/python3.7/site-packages/airflow/example_dags/tutorial.py
[2023-06-15T12:16:12.865+0000] {processor.py:826} INFO - Processing file /home/airflow/.local/lib/python3.7/site-packages/airflow/example_dags/tutorial.py for tasks to queue
[2023-06-15T12:16:12.866+0000] {logging_mixin.py:149} INFO - [2023-06-15T12:16:12.866+0000] {dagbag.py:541} INFO - Filling up the DagBag from /home/airflow/.local/lib/python3.7/site-packages/airflow/example_dags/tutorial.py
[2023-06-15T12:16:12.874+0000] {processor.py:836} INFO - DAG(s) dict_keys(['tutorial']) retrieved from /home/airflow/.local/lib/python3.7/site-packages/airflow/example_dags/tutorial.py
[2023-06-15T12:16:12.910+0000] {logging_mixin.py:149} INFO - [2023-06-15T12:16:12.909+0000] {dag.py:2726} INFO - Sync 1 DAGs
[2023-06-15T12:16:12.949+0000] {logging_mixin.py:149} INFO - [2023-06-15T12:16:12.949+0000] {dag.py:3490} INFO - Setting next_dagrun for tutorial to 2023-06-14T12:16:12.949299+00:00, run_after=2023-06-15T12:16:12.949299+00:00
[2023-06-15T12:16:13.001+0000] {processor.py:179} INFO - Processing /home/airflow/.local/lib/python3.7/site-packages/airflow/example_dags/tutorial.py took 0.141 seconds
[2023-06-15T12:16:43.459+0000] {processor.py:157} INFO - Started process (PID=1130) to work on /home/airflow/.local/lib/python3.7/site-packages/airflow/example_dags/tutorial.py
[2023-06-15T12:16:43.461+0000] {processor.py:826} INFO - Processing file /home/airflow/.local/lib/python3.7/site-packages/airflow/example_dags/tutorial.py for tasks to queue
[2023-06-15T12:16:43.462+0000] {logging_mixin.py:149} INFO - [2023-06-15T12:16:43.462+0000] {dagbag.py:541} INFO - Filling up the DagBag from /home/airflow/.local/lib/python3.7/site-packages/airflow/example_dags/tutorial.py
[2023-06-15T12:16:43.470+0000] {processor.py:836} INFO - DAG(s) dict_keys(['tutorial']) retrieved from /home/airflow/.local/lib/python3.7/site-packages/airflow/example_dags/tutorial.py
[2023-06-15T12:16:43.551+0000] {logging_mixin.py:149} INFO - [2023-06-15T12:16:43.550+0000] {dag.py:2726} INFO - Sync 1 DAGs
[2023-06-15T12:16:43.610+0000] {logging_mixin.py:149} INFO - [2023-06-15T12:16:43.609+0000] {dag.py:3490} INFO - Setting next_dagrun for tutorial to 2023-06-14T12:16:43.609479+00:00, run_after=2023-06-15T12:16:43.609479+00:00
[2023-06-15T12:16:43.644+0000] {processor.py:179} INFO - Processing /home/airflow/.local/lib/python3.7/site-packages/airflow/example_dags/tutorial.py took 0.193 seconds
[2023-06-15T12:17:14.138+0000] {processor.py:157} INFO - Started process (PID=1206) to work on /home/airflow/.local/lib/python3.7/site-packages/airflow/example_dags/tutorial.py
[2023-06-15T12:17:14.139+0000] {processor.py:826} INFO - Processing file /home/airflow/.local/lib/python3.7/site-packages/airflow/example_dags/tutorial.py for tasks to queue
[2023-06-15T12:17:14.140+0000] {logging_mixin.py:149} INFO - [2023-06-15T12:17:14.140+0000] {dagbag.py:541} INFO - Filling up the DagBag from /home/airflow/.local/lib/python3.7/site-packages/airflow/example_dags/tutorial.py
[2023-06-15T12:17:14.147+0000] {processor.py:836} INFO - DAG(s) dict_keys(['tutorial']) retrieved from /home/airflow/.local/lib/python3.7/site-packages/airflow/example_dags/tutorial.py
[2023-06-15T12:17:14.177+0000] {logging_mixin.py:149} INFO - [2023-06-15T12:17:14.177+0000] {dag.py:2726} INFO - Sync 1 DAGs
[2023-06-15T12:17:14.214+0000] {logging_mixin.py:149} INFO - [2023-06-15T12:17:14.214+0000] {dag.py:3490} INFO - Setting next_dagrun for tutorial to 2023-06-14T12:17:14.214139+00:00, run_after=2023-06-15T12:17:14.214139+00:00
[2023-06-15T12:17:14.258+0000] {processor.py:179} INFO - Processing /home/airflow/.local/lib/python3.7/site-packages/airflow/example_dags/tutorial.py took 0.122 seconds
[2023-06-15T12:17:44.689+0000] {processor.py:157} INFO - Started process (PID=1283) to work on /home/airflow/.local/lib/python3.7/site-packages/airflow/example_dags/tutorial.py
[2023-06-15T12:17:44.690+0000] {processor.py:826} INFO - Processing file /home/airflow/.local/lib/python3.7/site-packages/airflow/example_dags/tutorial.py for tasks to queue
[2023-06-15T12:17:44.691+0000] {logging_mixin.py:149} INFO - [2023-06-15T12:17:44.691+0000] {dagbag.py:541} INFO - Filling up the DagBag from /home/airflow/.local/lib/python3.7/site-packages/airflow/example_dags/tutorial.py
[2023-06-15T12:17:44.698+0000] {processor.py:836} INFO - DAG(s) dict_keys(['tutorial']) retrieved from /home/airflow/.local/lib/python3.7/site-packages/airflow/example_dags/tutorial.py
[2023-06-15T12:17:44.729+0000] {logging_mixin.py:149} INFO - [2023-06-15T12:17:44.729+0000] {dag.py:2726} INFO - Sync 1 DAGs
[2023-06-15T12:17:44.769+0000] {logging_mixin.py:149} INFO - [2023-06-15T12:17:44.769+0000] {dag.py:3490} INFO - Setting next_dagrun for tutorial to 2023-06-14T12:17:44.769348+00:00, run_after=2023-06-15T12:17:44.769348+00:00
[2023-06-15T12:17:44.798+0000] {processor.py:179} INFO - Processing /home/airflow/.local/lib/python3.7/site-packages/airflow/example_dags/tutorial.py took 0.112 seconds
[2023-06-15T12:18:15.183+0000] {processor.py:157} INFO - Started process (PID=1360) to work on /home/airflow/.local/lib/python3.7/site-packages/airflow/example_dags/tutorial.py
[2023-06-15T12:18:15.185+0000] {processor.py:826} INFO - Processing file /home/airflow/.local/lib/python3.7/site-packages/airflow/example_dags/tutorial.py for tasks to queue
[2023-06-15T12:18:15.186+0000] {logging_mixin.py:149} INFO - [2023-06-15T12:18:15.186+0000] {dagbag.py:541} INFO - Filling up the DagBag from /home/airflow/.local/lib/python3.7/site-packages/airflow/example_dags/tutorial.py
[2023-06-15T12:18:15.194+0000] {processor.py:836} INFO - DAG(s) dict_keys(['tutorial']) retrieved from /home/airflow/.local/lib/python3.7/site-packages/airflow/example_dags/tutorial.py
[2023-06-15T12:18:15.226+0000] {logging_mixin.py:149} INFO - [2023-06-15T12:18:15.226+0000] {dag.py:2726} INFO - Sync 1 DAGs
[2023-06-15T12:18:15.270+0000] {logging_mixin.py:149} INFO - [2023-06-15T12:18:15.270+0000] {dag.py:3490} INFO - Setting next_dagrun for tutorial to 2023-06-14T12:18:15.269892+00:00, run_after=2023-06-15T12:18:15.269892+00:00
[2023-06-15T12:18:15.313+0000] {processor.py:179} INFO - Processing /home/airflow/.local/lib/python3.7/site-packages/airflow/example_dags/tutorial.py took 0.134 seconds
[2023-06-15T12:18:46.090+0000] {processor.py:157} INFO - Started process (PID=1437) to work on /home/airflow/.local/lib/python3.7/site-packages/airflow/example_dags/tutorial.py
[2023-06-15T12:18:46.092+0000] {processor.py:826} INFO - Processing file /home/airflow/.local/lib/python3.7/site-packages/airflow/example_dags/tutorial.py for tasks to queue
[2023-06-15T12:18:46.092+0000] {logging_mixin.py:149} INFO - [2023-06-15T12:18:46.092+0000] {dagbag.py:541} INFO - Filling up the DagBag from /home/airflow/.local/lib/python3.7/site-packages/airflow/example_dags/tutorial.py
[2023-06-15T12:18:46.100+0000] {processor.py:836} INFO - DAG(s) dict_keys(['tutorial']) retrieved from /home/airflow/.local/lib/python3.7/site-packages/airflow/example_dags/tutorial.py
[2023-06-15T12:18:46.129+0000] {logging_mixin.py:149} INFO - [2023-06-15T12:18:46.129+0000] {dag.py:2726} INFO - Sync 1 DAGs
[2023-06-15T12:18:46.167+0000] {logging_mixin.py:149} INFO - [2023-06-15T12:18:46.167+0000] {dag.py:3490} INFO - Setting next_dagrun for tutorial to 2023-06-14T12:18:46.167207+00:00, run_after=2023-06-15T12:18:46.167207+00:00
[2023-06-15T12:18:46.193+0000] {processor.py:179} INFO - Processing /home/airflow/.local/lib/python3.7/site-packages/airflow/example_dags/tutorial.py took 0.106 seconds
[2023-06-15T12:19:16.847+0000] {processor.py:157} INFO - Started process (PID=1514) to work on /home/airflow/.local/lib/python3.7/site-packages/airflow/example_dags/tutorial.py
[2023-06-15T12:19:16.848+0000] {processor.py:826} INFO - Processing file /home/airflow/.local/lib/python3.7/site-packages/airflow/example_dags/tutorial.py for tasks to queue
[2023-06-15T12:19:16.849+0000] {logging_mixin.py:149} INFO - [2023-06-15T12:19:16.848+0000] {dagbag.py:541} INFO - Filling up the DagBag from /home/airflow/.local/lib/python3.7/site-packages/airflow/example_dags/tutorial.py
[2023-06-15T12:19:16.855+0000] {processor.py:836} INFO - DAG(s) dict_keys(['tutorial']) retrieved from /home/airflow/.local/lib/python3.7/site-packages/airflow/example_dags/tutorial.py
[2023-06-15T12:19:16.886+0000] {logging_mixin.py:149} INFO - [2023-06-15T12:19:16.886+0000] {dag.py:2726} INFO - Sync 1 DAGs
[2023-06-15T12:19:16.924+0000] {logging_mixin.py:149} INFO - [2023-06-15T12:19:16.923+0000] {dag.py:3490} INFO - Setting next_dagrun for tutorial to 2023-06-14T12:19:16.923539+00:00, run_after=2023-06-15T12:19:16.923539+00:00
[2023-06-15T12:19:16.952+0000] {processor.py:179} INFO - Processing /home/airflow/.local/lib/python3.7/site-packages/airflow/example_dags/tutorial.py took 0.109 seconds
[2023-06-15T12:19:47.175+0000] {processor.py:157} INFO - Started process (PID=1577) to work on /home/airflow/.local/lib/python3.7/site-packages/airflow/example_dags/tutorial.py
[2023-06-15T12:19:47.176+0000] {processor.py:826} INFO - Processing file /home/airflow/.local/lib/python3.7/site-packages/airflow/example_dags/tutorial.py for tasks to queue
[2023-06-15T12:19:47.177+0000] {logging_mixin.py:149} INFO - [2023-06-15T12:19:47.177+0000] {dagbag.py:541} INFO - Filling up the DagBag from /home/airflow/.local/lib/python3.7/site-packages/airflow/example_dags/tutorial.py
[2023-06-15T12:19:47.184+0000] {processor.py:836} INFO - DAG(s) dict_keys(['tutorial']) retrieved from /home/airflow/.local/lib/python3.7/site-packages/airflow/example_dags/tutorial.py
[2023-06-15T12:19:47.216+0000] {logging_mixin.py:149} INFO - [2023-06-15T12:19:47.215+0000] {dag.py:2726} INFO - Sync 1 DAGs
[2023-06-15T12:19:47.254+0000] {logging_mixin.py:149} INFO - [2023-06-15T12:19:47.254+0000] {dag.py:3490} INFO - Setting next_dagrun for tutorial to 2023-06-14T12:19:47.254013+00:00, run_after=2023-06-15T12:19:47.254013+00:00
[2023-06-15T12:19:47.281+0000] {processor.py:179} INFO - Processing /home/airflow/.local/lib/python3.7/site-packages/airflow/example_dags/tutorial.py took 0.110 seconds
