[2023-06-15T12:09:28.776+0000] {processor.py:157} INFO - Started process (PID=31) to work on /opt/airflow/dags/amazon_sale_report_dags.py
[2023-06-15T12:09:28.778+0000] {processor.py:826} INFO - Processing file /opt/airflow/dags/amazon_sale_report_dags.py for tasks to queue
[2023-06-15T12:09:28.779+0000] {logging_mixin.py:149} INFO - [2023-06-15T12:09:28.779+0000] {dagbag.py:541} INFO - Filling up the DagBag from /opt/airflow/dags/amazon_sale_report_dags.py
[2023-06-15T12:09:29.704+0000] {processor.py:836} INFO - DAG(s) dict_keys(['pull_data_from_postgresql']) retrieved from /opt/airflow/dags/amazon_sale_report_dags.py
[2023-06-15T12:09:29.756+0000] {logging_mixin.py:149} INFO - [2023-06-15T12:09:29.755+0000] {dag.py:2726} INFO - Sync 1 DAGs
[2023-06-15T12:09:29.798+0000] {logging_mixin.py:149} INFO - [2023-06-15T12:09:29.798+0000] {dag.py:3490} INFO - Setting next_dagrun for pull_data_from_postgresql to 2023-06-14T00:00:00+00:00, run_after=2023-06-15T00:00:00+00:00
[2023-06-15T12:09:29.820+0000] {processor.py:179} INFO - Processing /opt/airflow/dags/amazon_sale_report_dags.py took 1.052 seconds
[2023-06-15T12:10:00.191+0000] {processor.py:157} INFO - Started process (PID=109) to work on /opt/airflow/dags/amazon_sale_report_dags.py
[2023-06-15T12:10:00.192+0000] {processor.py:826} INFO - Processing file /opt/airflow/dags/amazon_sale_report_dags.py for tasks to queue
[2023-06-15T12:10:00.193+0000] {logging_mixin.py:149} INFO - [2023-06-15T12:10:00.192+0000] {dagbag.py:541} INFO - Filling up the DagBag from /opt/airflow/dags/amazon_sale_report_dags.py
[2023-06-15T12:10:00.759+0000] {processor.py:836} INFO - DAG(s) dict_keys(['pull_data_from_postgresql']) retrieved from /opt/airflow/dags/amazon_sale_report_dags.py
[2023-06-15T12:10:00.780+0000] {logging_mixin.py:149} INFO - [2023-06-15T12:10:00.779+0000] {dag.py:2726} INFO - Sync 1 DAGs
[2023-06-15T12:10:00.810+0000] {logging_mixin.py:149} INFO - [2023-06-15T12:10:00.810+0000] {dag.py:3490} INFO - Setting next_dagrun for pull_data_from_postgresql to 2023-06-14T00:00:00+00:00, run_after=2023-06-15T00:00:00+00:00
[2023-06-15T12:10:00.831+0000] {processor.py:179} INFO - Processing /opt/airflow/dags/amazon_sale_report_dags.py took 0.644 seconds
[2023-06-15T12:10:31.314+0000] {processor.py:157} INFO - Started process (PID=189) to work on /opt/airflow/dags/amazon_sale_report_dags.py
[2023-06-15T12:10:31.316+0000] {processor.py:826} INFO - Processing file /opt/airflow/dags/amazon_sale_report_dags.py for tasks to queue
[2023-06-15T12:10:31.317+0000] {logging_mixin.py:149} INFO - [2023-06-15T12:10:31.317+0000] {dagbag.py:541} INFO - Filling up the DagBag from /opt/airflow/dags/amazon_sale_report_dags.py
[2023-06-15T12:10:32.131+0000] {processor.py:836} INFO - DAG(s) dict_keys(['pull_data_from_postgresql']) retrieved from /opt/airflow/dags/amazon_sale_report_dags.py
[2023-06-15T12:10:32.163+0000] {logging_mixin.py:149} INFO - [2023-06-15T12:10:32.162+0000] {dag.py:2726} INFO - Sync 1 DAGs
[2023-06-15T12:10:32.207+0000] {logging_mixin.py:149} INFO - [2023-06-15T12:10:32.207+0000] {dag.py:3490} INFO - Setting next_dagrun for pull_data_from_postgresql to 2023-06-14T00:00:00+00:00, run_after=2023-06-15T00:00:00+00:00
[2023-06-15T12:10:32.253+0000] {processor.py:179} INFO - Processing /opt/airflow/dags/amazon_sale_report_dags.py took 0.943 seconds
[2023-06-15T12:11:02.788+0000] {processor.py:157} INFO - Started process (PID=266) to work on /opt/airflow/dags/amazon_sale_report_dags.py
[2023-06-15T12:11:02.789+0000] {processor.py:826} INFO - Processing file /opt/airflow/dags/amazon_sale_report_dags.py for tasks to queue
[2023-06-15T12:11:02.790+0000] {logging_mixin.py:149} INFO - [2023-06-15T12:11:02.790+0000] {dagbag.py:541} INFO - Filling up the DagBag from /opt/airflow/dags/amazon_sale_report_dags.py
[2023-06-15T12:11:03.388+0000] {processor.py:836} INFO - DAG(s) dict_keys(['pull_data_from_postgresql']) retrieved from /opt/airflow/dags/amazon_sale_report_dags.py
[2023-06-15T12:11:03.418+0000] {logging_mixin.py:149} INFO - [2023-06-15T12:11:03.417+0000] {dag.py:2726} INFO - Sync 1 DAGs
[2023-06-15T12:11:03.461+0000] {logging_mixin.py:149} INFO - [2023-06-15T12:11:03.461+0000] {dag.py:3490} INFO - Setting next_dagrun for pull_data_from_postgresql to 2023-06-14T00:00:00+00:00, run_after=2023-06-15T00:00:00+00:00
[2023-06-15T12:11:03.492+0000] {processor.py:179} INFO - Processing /opt/airflow/dags/amazon_sale_report_dags.py took 0.709 seconds
[2023-06-15T12:11:34.030+0000] {processor.py:157} INFO - Started process (PID=344) to work on /opt/airflow/dags/amazon_sale_report_dags.py
[2023-06-15T12:11:34.032+0000] {processor.py:826} INFO - Processing file /opt/airflow/dags/amazon_sale_report_dags.py for tasks to queue
[2023-06-15T12:11:34.033+0000] {logging_mixin.py:149} INFO - [2023-06-15T12:11:34.033+0000] {dagbag.py:541} INFO - Filling up the DagBag from /opt/airflow/dags/amazon_sale_report_dags.py
[2023-06-15T12:11:34.500+0000] {processor.py:836} INFO - DAG(s) dict_keys(['pull_data_from_postgresql']) retrieved from /opt/airflow/dags/amazon_sale_report_dags.py
[2023-06-15T12:11:34.526+0000] {logging_mixin.py:149} INFO - [2023-06-15T12:11:34.526+0000] {dag.py:2726} INFO - Sync 1 DAGs
[2023-06-15T12:11:34.557+0000] {logging_mixin.py:149} INFO - [2023-06-15T12:11:34.557+0000] {dag.py:3490} INFO - Setting next_dagrun for pull_data_from_postgresql to 2023-06-14T00:00:00+00:00, run_after=2023-06-15T00:00:00+00:00
[2023-06-15T12:11:34.579+0000] {processor.py:179} INFO - Processing /opt/airflow/dags/amazon_sale_report_dags.py took 0.554 seconds
[2023-06-15T12:12:04.839+0000] {processor.py:157} INFO - Started process (PID=422) to work on /opt/airflow/dags/amazon_sale_report_dags.py
[2023-06-15T12:12:04.842+0000] {processor.py:826} INFO - Processing file /opt/airflow/dags/amazon_sale_report_dags.py for tasks to queue
[2023-06-15T12:12:04.848+0000] {logging_mixin.py:149} INFO - [2023-06-15T12:12:04.847+0000] {dagbag.py:541} INFO - Filling up the DagBag from /opt/airflow/dags/amazon_sale_report_dags.py
[2023-06-15T12:12:05.447+0000] {processor.py:836} INFO - DAG(s) dict_keys(['pull_data_from_postgresql']) retrieved from /opt/airflow/dags/amazon_sale_report_dags.py
[2023-06-15T12:12:05.471+0000] {logging_mixin.py:149} INFO - [2023-06-15T12:12:05.471+0000] {dag.py:2726} INFO - Sync 1 DAGs
[2023-06-15T12:12:05.507+0000] {logging_mixin.py:149} INFO - [2023-06-15T12:12:05.507+0000] {dag.py:3490} INFO - Setting next_dagrun for pull_data_from_postgresql to 2023-06-14T00:00:00+00:00, run_after=2023-06-15T00:00:00+00:00
[2023-06-15T12:12:05.540+0000] {processor.py:179} INFO - Processing /opt/airflow/dags/amazon_sale_report_dags.py took 0.705 seconds
[2023-06-15T12:12:35.797+0000] {processor.py:157} INFO - Started process (PID=498) to work on /opt/airflow/dags/amazon_sale_report_dags.py
[2023-06-15T12:12:35.798+0000] {processor.py:826} INFO - Processing file /opt/airflow/dags/amazon_sale_report_dags.py for tasks to queue
[2023-06-15T12:12:35.800+0000] {logging_mixin.py:149} INFO - [2023-06-15T12:12:35.800+0000] {dagbag.py:541} INFO - Filling up the DagBag from /opt/airflow/dags/amazon_sale_report_dags.py
[2023-06-15T12:12:36.271+0000] {processor.py:836} INFO - DAG(s) dict_keys(['pull_data_from_postgresql']) retrieved from /opt/airflow/dags/amazon_sale_report_dags.py
[2023-06-15T12:12:36.297+0000] {logging_mixin.py:149} INFO - [2023-06-15T12:12:36.296+0000] {dag.py:2726} INFO - Sync 1 DAGs
[2023-06-15T12:12:36.326+0000] {logging_mixin.py:149} INFO - [2023-06-15T12:12:36.326+0000] {dag.py:3490} INFO - Setting next_dagrun for pull_data_from_postgresql to 2023-06-14T00:00:00+00:00, run_after=2023-06-15T00:00:00+00:00
[2023-06-15T12:12:36.350+0000] {processor.py:179} INFO - Processing /opt/airflow/dags/amazon_sale_report_dags.py took 0.557 seconds
[2023-06-15T12:13:06.808+0000] {processor.py:157} INFO - Started process (PID=576) to work on /opt/airflow/dags/amazon_sale_report_dags.py
[2023-06-15T12:13:06.809+0000] {processor.py:826} INFO - Processing file /opt/airflow/dags/amazon_sale_report_dags.py for tasks to queue
[2023-06-15T12:13:06.811+0000] {logging_mixin.py:149} INFO - [2023-06-15T12:13:06.810+0000] {dagbag.py:541} INFO - Filling up the DagBag from /opt/airflow/dags/amazon_sale_report_dags.py
[2023-06-15T12:13:07.341+0000] {processor.py:836} INFO - DAG(s) dict_keys(['pull_data_from_postgresql']) retrieved from /opt/airflow/dags/amazon_sale_report_dags.py
[2023-06-15T12:13:07.366+0000] {logging_mixin.py:149} INFO - [2023-06-15T12:13:07.365+0000] {dag.py:2726} INFO - Sync 1 DAGs
[2023-06-15T12:13:07.402+0000] {logging_mixin.py:149} INFO - [2023-06-15T12:13:07.402+0000] {dag.py:3490} INFO - Setting next_dagrun for pull_data_from_postgresql to 2023-06-14T00:00:00+00:00, run_after=2023-06-15T00:00:00+00:00
[2023-06-15T12:13:07.432+0000] {processor.py:179} INFO - Processing /opt/airflow/dags/amazon_sale_report_dags.py took 0.629 seconds
[2023-06-15T12:13:37.598+0000] {processor.py:157} INFO - Started process (PID=653) to work on /opt/airflow/dags/amazon_sale_report_dags.py
[2023-06-15T12:13:37.599+0000] {processor.py:826} INFO - Processing file /opt/airflow/dags/amazon_sale_report_dags.py for tasks to queue
[2023-06-15T12:13:37.600+0000] {logging_mixin.py:149} INFO - [2023-06-15T12:13:37.600+0000] {dagbag.py:541} INFO - Filling up the DagBag from /opt/airflow/dags/amazon_sale_report_dags.py
[2023-06-15T12:13:38.260+0000] {processor.py:836} INFO - DAG(s) dict_keys(['pull_data_from_postgresql']) retrieved from /opt/airflow/dags/amazon_sale_report_dags.py
[2023-06-15T12:13:38.302+0000] {logging_mixin.py:149} INFO - [2023-06-15T12:13:38.301+0000] {dag.py:2726} INFO - Sync 1 DAGs
[2023-06-15T12:13:38.356+0000] {logging_mixin.py:149} INFO - [2023-06-15T12:13:38.355+0000] {dag.py:3490} INFO - Setting next_dagrun for pull_data_from_postgresql to 2023-06-14T00:00:00+00:00, run_after=2023-06-15T00:00:00+00:00
[2023-06-15T12:13:38.392+0000] {processor.py:179} INFO - Processing /opt/airflow/dags/amazon_sale_report_dags.py took 0.798 seconds
[2023-06-15T12:14:08.496+0000] {processor.py:157} INFO - Started process (PID=732) to work on /opt/airflow/dags/amazon_sale_report_dags.py
[2023-06-15T12:14:08.497+0000] {processor.py:826} INFO - Processing file /opt/airflow/dags/amazon_sale_report_dags.py for tasks to queue
[2023-06-15T12:14:08.498+0000] {logging_mixin.py:149} INFO - [2023-06-15T12:14:08.498+0000] {dagbag.py:541} INFO - Filling up the DagBag from /opt/airflow/dags/amazon_sale_report_dags.py
[2023-06-15T12:14:09.097+0000] {processor.py:836} INFO - DAG(s) dict_keys(['pull_data_from_postgresql']) retrieved from /opt/airflow/dags/amazon_sale_report_dags.py
[2023-06-15T12:14:09.130+0000] {logging_mixin.py:149} INFO - [2023-06-15T12:14:09.129+0000] {dag.py:2726} INFO - Sync 1 DAGs
[2023-06-15T12:14:09.178+0000] {logging_mixin.py:149} INFO - [2023-06-15T12:14:09.178+0000] {dag.py:3490} INFO - Setting next_dagrun for pull_data_from_postgresql to 2023-06-14T00:00:00+00:00, run_after=2023-06-15T00:00:00+00:00
[2023-06-15T12:14:09.210+0000] {processor.py:179} INFO - Processing /opt/airflow/dags/amazon_sale_report_dags.py took 0.718 seconds
[2023-06-15T12:14:39.434+0000] {processor.py:157} INFO - Started process (PID=811) to work on /opt/airflow/dags/amazon_sale_report_dags.py
[2023-06-15T12:14:39.436+0000] {processor.py:826} INFO - Processing file /opt/airflow/dags/amazon_sale_report_dags.py for tasks to queue
[2023-06-15T12:14:39.437+0000] {logging_mixin.py:149} INFO - [2023-06-15T12:14:39.437+0000] {dagbag.py:541} INFO - Filling up the DagBag from /opt/airflow/dags/amazon_sale_report_dags.py
[2023-06-15T12:14:40.034+0000] {processor.py:836} INFO - DAG(s) dict_keys(['pull_data_from_postgresql']) retrieved from /opt/airflow/dags/amazon_sale_report_dags.py
[2023-06-15T12:14:40.065+0000] {logging_mixin.py:149} INFO - [2023-06-15T12:14:40.065+0000] {dag.py:2726} INFO - Sync 1 DAGs
[2023-06-15T12:14:40.106+0000] {logging_mixin.py:149} INFO - [2023-06-15T12:14:40.105+0000] {dag.py:3490} INFO - Setting next_dagrun for pull_data_from_postgresql to 2023-06-14T00:00:00+00:00, run_after=2023-06-15T00:00:00+00:00
[2023-06-15T12:14:40.135+0000] {processor.py:179} INFO - Processing /opt/airflow/dags/amazon_sale_report_dags.py took 0.705 seconds
[2023-06-15T12:15:10.223+0000] {processor.py:157} INFO - Started process (PID=891) to work on /opt/airflow/dags/amazon_sale_report_dags.py
[2023-06-15T12:15:10.224+0000] {processor.py:826} INFO - Processing file /opt/airflow/dags/amazon_sale_report_dags.py for tasks to queue
[2023-06-15T12:15:10.226+0000] {logging_mixin.py:149} INFO - [2023-06-15T12:15:10.225+0000] {dagbag.py:541} INFO - Filling up the DagBag from /opt/airflow/dags/amazon_sale_report_dags.py
[2023-06-15T12:15:10.779+0000] {processor.py:836} INFO - DAG(s) dict_keys(['pull_data_from_postgresql']) retrieved from /opt/airflow/dags/amazon_sale_report_dags.py
[2023-06-15T12:15:10.819+0000] {logging_mixin.py:149} INFO - [2023-06-15T12:15:10.818+0000] {dag.py:2726} INFO - Sync 1 DAGs
[2023-06-15T12:15:10.864+0000] {logging_mixin.py:149} INFO - [2023-06-15T12:15:10.863+0000] {dag.py:3490} INFO - Setting next_dagrun for pull_data_from_postgresql to 2023-06-14T00:00:00+00:00, run_after=2023-06-15T00:00:00+00:00
[2023-06-15T12:15:10.892+0000] {processor.py:179} INFO - Processing /opt/airflow/dags/amazon_sale_report_dags.py took 0.672 seconds
[2023-06-15T12:15:40.952+0000] {processor.py:157} INFO - Started process (PID=970) to work on /opt/airflow/dags/amazon_sale_report_dags.py
[2023-06-15T12:15:40.953+0000] {processor.py:826} INFO - Processing file /opt/airflow/dags/amazon_sale_report_dags.py for tasks to queue
[2023-06-15T12:15:40.954+0000] {logging_mixin.py:149} INFO - [2023-06-15T12:15:40.954+0000] {dagbag.py:541} INFO - Filling up the DagBag from /opt/airflow/dags/amazon_sale_report_dags.py
[2023-06-15T12:15:41.560+0000] {processor.py:836} INFO - DAG(s) dict_keys(['pull_data_from_postgresql']) retrieved from /opt/airflow/dags/amazon_sale_report_dags.py
[2023-06-15T12:15:41.594+0000] {logging_mixin.py:149} INFO - [2023-06-15T12:15:41.593+0000] {dag.py:2726} INFO - Sync 1 DAGs
[2023-06-15T12:15:41.649+0000] {logging_mixin.py:149} INFO - [2023-06-15T12:15:41.649+0000] {dag.py:3490} INFO - Setting next_dagrun for pull_data_from_postgresql to 2023-06-14T00:00:00+00:00, run_after=2023-06-15T00:00:00+00:00
[2023-06-15T12:15:41.683+0000] {processor.py:179} INFO - Processing /opt/airflow/dags/amazon_sale_report_dags.py took 0.734 seconds
[2023-06-15T12:16:12.256+0000] {processor.py:157} INFO - Started process (PID=1050) to work on /opt/airflow/dags/amazon_sale_report_dags.py
[2023-06-15T12:16:12.257+0000] {processor.py:826} INFO - Processing file /opt/airflow/dags/amazon_sale_report_dags.py for tasks to queue
[2023-06-15T12:16:12.258+0000] {logging_mixin.py:149} INFO - [2023-06-15T12:16:12.258+0000] {dagbag.py:541} INFO - Filling up the DagBag from /opt/airflow/dags/amazon_sale_report_dags.py
[2023-06-15T12:16:12.883+0000] {processor.py:836} INFO - DAG(s) dict_keys(['pull_data_from_postgresql']) retrieved from /opt/airflow/dags/amazon_sale_report_dags.py
[2023-06-15T12:16:12.917+0000] {logging_mixin.py:149} INFO - [2023-06-15T12:16:12.916+0000] {dag.py:2726} INFO - Sync 1 DAGs
[2023-06-15T12:16:12.964+0000] {logging_mixin.py:149} INFO - [2023-06-15T12:16:12.964+0000] {dag.py:3490} INFO - Setting next_dagrun for pull_data_from_postgresql to 2023-06-14T00:00:00+00:00, run_after=2023-06-15T00:00:00+00:00
[2023-06-15T12:16:13.002+0000] {processor.py:179} INFO - Processing /opt/airflow/dags/amazon_sale_report_dags.py took 0.750 seconds
[2023-06-15T12:16:43.446+0000] {processor.py:157} INFO - Started process (PID=1129) to work on /opt/airflow/dags/amazon_sale_report_dags.py
[2023-06-15T12:16:43.447+0000] {processor.py:826} INFO - Processing file /opt/airflow/dags/amazon_sale_report_dags.py for tasks to queue
[2023-06-15T12:16:43.448+0000] {logging_mixin.py:149} INFO - [2023-06-15T12:16:43.448+0000] {dagbag.py:541} INFO - Filling up the DagBag from /opt/airflow/dags/amazon_sale_report_dags.py
[2023-06-15T12:16:44.106+0000] {processor.py:836} INFO - DAG(s) dict_keys(['pull_data_from_postgresql']) retrieved from /opt/airflow/dags/amazon_sale_report_dags.py
[2023-06-15T12:16:44.146+0000] {logging_mixin.py:149} INFO - [2023-06-15T12:16:44.145+0000] {dag.py:2726} INFO - Sync 1 DAGs
[2023-06-15T12:16:44.196+0000] {logging_mixin.py:149} INFO - [2023-06-15T12:16:44.196+0000] {dag.py:3490} INFO - Setting next_dagrun for pull_data_from_postgresql to 2023-06-14T00:00:00+00:00, run_after=2023-06-15T00:00:00+00:00
[2023-06-15T12:16:44.228+0000] {processor.py:179} INFO - Processing /opt/airflow/dags/amazon_sale_report_dags.py took 0.787 seconds
[2023-06-15T12:17:14.508+0000] {processor.py:157} INFO - Started process (PID=1209) to work on /opt/airflow/dags/amazon_sale_report_dags.py
[2023-06-15T12:17:14.510+0000] {processor.py:826} INFO - Processing file /opt/airflow/dags/amazon_sale_report_dags.py for tasks to queue
[2023-06-15T12:17:14.511+0000] {logging_mixin.py:149} INFO - [2023-06-15T12:17:14.511+0000] {dagbag.py:541} INFO - Filling up the DagBag from /opt/airflow/dags/amazon_sale_report_dags.py
[2023-06-15T12:17:15.049+0000] {processor.py:836} INFO - DAG(s) dict_keys(['pull_data_from_postgresql']) retrieved from /opt/airflow/dags/amazon_sale_report_dags.py
[2023-06-15T12:17:15.080+0000] {logging_mixin.py:149} INFO - [2023-06-15T12:17:15.079+0000] {dag.py:2726} INFO - Sync 1 DAGs
[2023-06-15T12:17:15.118+0000] {logging_mixin.py:149} INFO - [2023-06-15T12:17:15.118+0000] {dag.py:3490} INFO - Setting next_dagrun for pull_data_from_postgresql to 2023-06-14T00:00:00+00:00, run_after=2023-06-15T00:00:00+00:00
[2023-06-15T12:17:15.161+0000] {processor.py:179} INFO - Processing /opt/airflow/dags/amazon_sale_report_dags.py took 0.657 seconds
[2023-06-15T12:17:45.274+0000] {processor.py:157} INFO - Started process (PID=1289) to work on /opt/airflow/dags/amazon_sale_report_dags.py
[2023-06-15T12:17:45.275+0000] {processor.py:826} INFO - Processing file /opt/airflow/dags/amazon_sale_report_dags.py for tasks to queue
[2023-06-15T12:17:45.276+0000] {logging_mixin.py:149} INFO - [2023-06-15T12:17:45.276+0000] {dagbag.py:541} INFO - Filling up the DagBag from /opt/airflow/dags/amazon_sale_report_dags.py
[2023-06-15T12:17:45.803+0000] {processor.py:836} INFO - DAG(s) dict_keys(['pull_data_from_postgresql']) retrieved from /opt/airflow/dags/amazon_sale_report_dags.py
[2023-06-15T12:17:45.842+0000] {logging_mixin.py:149} INFO - [2023-06-15T12:17:45.841+0000] {dag.py:2726} INFO - Sync 1 DAGs
[2023-06-15T12:17:45.882+0000] {logging_mixin.py:149} INFO - [2023-06-15T12:17:45.882+0000] {dag.py:3490} INFO - Setting next_dagrun for pull_data_from_postgresql to 2023-06-14T00:00:00+00:00, run_after=2023-06-15T00:00:00+00:00
[2023-06-15T12:17:45.914+0000] {processor.py:179} INFO - Processing /opt/airflow/dags/amazon_sale_report_dags.py took 0.645 seconds
[2023-06-15T12:18:16.028+0000] {processor.py:157} INFO - Started process (PID=1369) to work on /opt/airflow/dags/amazon_sale_report_dags.py
[2023-06-15T12:18:16.029+0000] {processor.py:826} INFO - Processing file /opt/airflow/dags/amazon_sale_report_dags.py for tasks to queue
[2023-06-15T12:18:16.030+0000] {logging_mixin.py:149} INFO - [2023-06-15T12:18:16.030+0000] {dagbag.py:541} INFO - Filling up the DagBag from /opt/airflow/dags/amazon_sale_report_dags.py
[2023-06-15T12:18:16.567+0000] {processor.py:836} INFO - DAG(s) dict_keys(['pull_data_from_postgresql']) retrieved from /opt/airflow/dags/amazon_sale_report_dags.py
[2023-06-15T12:18:16.602+0000] {logging_mixin.py:149} INFO - [2023-06-15T12:18:16.601+0000] {dag.py:2726} INFO - Sync 1 DAGs
[2023-06-15T12:18:16.649+0000] {logging_mixin.py:149} INFO - [2023-06-15T12:18:16.649+0000] {dag.py:3490} INFO - Setting next_dagrun for pull_data_from_postgresql to 2023-06-14T00:00:00+00:00, run_after=2023-06-15T00:00:00+00:00
[2023-06-15T12:18:16.698+0000] {processor.py:179} INFO - Processing /opt/airflow/dags/amazon_sale_report_dags.py took 0.674 seconds
[2023-06-15T12:18:46.957+0000] {processor.py:157} INFO - Started process (PID=1449) to work on /opt/airflow/dags/amazon_sale_report_dags.py
[2023-06-15T12:18:46.958+0000] {processor.py:826} INFO - Processing file /opt/airflow/dags/amazon_sale_report_dags.py for tasks to queue
[2023-06-15T12:18:46.959+0000] {logging_mixin.py:149} INFO - [2023-06-15T12:18:46.958+0000] {dagbag.py:541} INFO - Filling up the DagBag from /opt/airflow/dags/amazon_sale_report_dags.py
[2023-06-15T12:18:47.566+0000] {processor.py:836} INFO - DAG(s) dict_keys(['pull_data_from_postgresql']) retrieved from /opt/airflow/dags/amazon_sale_report_dags.py
[2023-06-15T12:18:47.600+0000] {logging_mixin.py:149} INFO - [2023-06-15T12:18:47.599+0000] {dag.py:2726} INFO - Sync 1 DAGs
[2023-06-15T12:18:47.650+0000] {logging_mixin.py:149} INFO - [2023-06-15T12:18:47.650+0000] {dag.py:3490} INFO - Setting next_dagrun for pull_data_from_postgresql to 2023-06-14T00:00:00+00:00, run_after=2023-06-15T00:00:00+00:00
[2023-06-15T12:18:47.686+0000] {processor.py:179} INFO - Processing /opt/airflow/dags/amazon_sale_report_dags.py took 0.734 seconds
