[2023-06-14T16:06:12.402+0000] {processor.py:157} INFO - Started process (PID=75) to work on /home/airflow/.local/lib/python3.7/site-packages/airflow/example_dags/example_task_group_decorator.py
[2023-06-14T16:06:12.402+0000] {processor.py:826} INFO - Processing file /home/airflow/.local/lib/python3.7/site-packages/airflow/example_dags/example_task_group_decorator.py for tasks to queue
[2023-06-14T16:06:12.403+0000] {logging_mixin.py:149} INFO - [2023-06-14T16:06:12.403+0000] {dagbag.py:541} INFO - Filling up the DagBag from /home/airflow/.local/lib/python3.7/site-packages/airflow/example_dags/example_task_group_decorator.py
[2023-06-14T16:06:12.418+0000] {processor.py:836} INFO - DAG(s) dict_keys(['example_task_group_decorator']) retrieved from /home/airflow/.local/lib/python3.7/site-packages/airflow/example_dags/example_task_group_decorator.py
[2023-06-14T16:06:12.451+0000] {logging_mixin.py:149} INFO - [2023-06-14T16:06:12.451+0000] {dag.py:2726} INFO - Sync 1 DAGs
[2023-06-14T16:06:12.481+0000] {logging_mixin.py:149} INFO - [2023-06-14T16:06:12.481+0000] {dag.py:3490} INFO - Setting next_dagrun for example_task_group_decorator to 2023-06-13T16:06:12.481089+00:00, run_after=2023-06-14T16:06:12.481089+00:00
[2023-06-14T16:06:12.502+0000] {processor.py:179} INFO - Processing /home/airflow/.local/lib/python3.7/site-packages/airflow/example_dags/example_task_group_decorator.py took 0.103 seconds
[2023-06-14T16:06:43.234+0000] {processor.py:157} INFO - Started process (PID=152) to work on /home/airflow/.local/lib/python3.7/site-packages/airflow/example_dags/example_task_group_decorator.py
[2023-06-14T16:06:43.236+0000] {processor.py:826} INFO - Processing file /home/airflow/.local/lib/python3.7/site-packages/airflow/example_dags/example_task_group_decorator.py for tasks to queue
[2023-06-14T16:06:43.237+0000] {logging_mixin.py:149} INFO - [2023-06-14T16:06:43.237+0000] {dagbag.py:541} INFO - Filling up the DagBag from /home/airflow/.local/lib/python3.7/site-packages/airflow/example_dags/example_task_group_decorator.py
[2023-06-14T16:06:43.254+0000] {processor.py:836} INFO - DAG(s) dict_keys(['example_task_group_decorator']) retrieved from /home/airflow/.local/lib/python3.7/site-packages/airflow/example_dags/example_task_group_decorator.py
[2023-06-14T16:06:43.287+0000] {logging_mixin.py:149} INFO - [2023-06-14T16:06:43.287+0000] {dag.py:2726} INFO - Sync 1 DAGs
[2023-06-14T16:06:43.311+0000] {logging_mixin.py:149} INFO - [2023-06-14T16:06:43.311+0000] {dag.py:3490} INFO - Setting next_dagrun for example_task_group_decorator to 2023-06-13T16:06:43.311341+00:00, run_after=2023-06-14T16:06:43.311341+00:00
[2023-06-14T16:06:43.441+0000] {processor.py:179} INFO - Processing /home/airflow/.local/lib/python3.7/site-packages/airflow/example_dags/example_task_group_decorator.py took 0.212 seconds
[2023-06-14T16:07:14.415+0000] {processor.py:157} INFO - Started process (PID=229) to work on /home/airflow/.local/lib/python3.7/site-packages/airflow/example_dags/example_task_group_decorator.py
[2023-06-14T16:07:14.416+0000] {processor.py:826} INFO - Processing file /home/airflow/.local/lib/python3.7/site-packages/airflow/example_dags/example_task_group_decorator.py for tasks to queue
[2023-06-14T16:07:14.417+0000] {logging_mixin.py:149} INFO - [2023-06-14T16:07:14.417+0000] {dagbag.py:541} INFO - Filling up the DagBag from /home/airflow/.local/lib/python3.7/site-packages/airflow/example_dags/example_task_group_decorator.py
[2023-06-14T16:07:14.438+0000] {processor.py:836} INFO - DAG(s) dict_keys(['example_task_group_decorator']) retrieved from /home/airflow/.local/lib/python3.7/site-packages/airflow/example_dags/example_task_group_decorator.py
[2023-06-14T16:07:14.575+0000] {logging_mixin.py:149} INFO - [2023-06-14T16:07:14.574+0000] {dag.py:2726} INFO - Sync 1 DAGs
[2023-06-14T16:07:14.601+0000] {logging_mixin.py:149} INFO - [2023-06-14T16:07:14.601+0000] {dag.py:3490} INFO - Setting next_dagrun for example_task_group_decorator to 2023-06-13T16:07:14.601115+00:00, run_after=2023-06-14T16:07:14.601115+00:00
[2023-06-14T16:07:14.624+0000] {processor.py:179} INFO - Processing /home/airflow/.local/lib/python3.7/site-packages/airflow/example_dags/example_task_group_decorator.py took 0.213 seconds
[2023-06-14T16:07:45.358+0000] {processor.py:157} INFO - Started process (PID=306) to work on /home/airflow/.local/lib/python3.7/site-packages/airflow/example_dags/example_task_group_decorator.py
[2023-06-14T16:07:45.359+0000] {processor.py:826} INFO - Processing file /home/airflow/.local/lib/python3.7/site-packages/airflow/example_dags/example_task_group_decorator.py for tasks to queue
[2023-06-14T16:07:45.359+0000] {logging_mixin.py:149} INFO - [2023-06-14T16:07:45.359+0000] {dagbag.py:541} INFO - Filling up the DagBag from /home/airflow/.local/lib/python3.7/site-packages/airflow/example_dags/example_task_group_decorator.py
[2023-06-14T16:07:45.371+0000] {processor.py:836} INFO - DAG(s) dict_keys(['example_task_group_decorator']) retrieved from /home/airflow/.local/lib/python3.7/site-packages/airflow/example_dags/example_task_group_decorator.py
[2023-06-14T16:07:45.395+0000] {logging_mixin.py:149} INFO - [2023-06-14T16:07:45.395+0000] {dag.py:2726} INFO - Sync 1 DAGs
[2023-06-14T16:07:45.418+0000] {logging_mixin.py:149} INFO - [2023-06-14T16:07:45.418+0000] {dag.py:3490} INFO - Setting next_dagrun for example_task_group_decorator to 2023-06-13T16:07:45.418477+00:00, run_after=2023-06-14T16:07:45.418477+00:00
[2023-06-14T16:07:45.436+0000] {processor.py:179} INFO - Processing /home/airflow/.local/lib/python3.7/site-packages/airflow/example_dags/example_task_group_decorator.py took 0.080 seconds
[2023-06-14T16:08:16.266+0000] {processor.py:157} INFO - Started process (PID=370) to work on /home/airflow/.local/lib/python3.7/site-packages/airflow/example_dags/example_task_group_decorator.py
[2023-06-14T16:08:16.267+0000] {processor.py:826} INFO - Processing file /home/airflow/.local/lib/python3.7/site-packages/airflow/example_dags/example_task_group_decorator.py for tasks to queue
[2023-06-14T16:08:16.268+0000] {logging_mixin.py:149} INFO - [2023-06-14T16:08:16.268+0000] {dagbag.py:541} INFO - Filling up the DagBag from /home/airflow/.local/lib/python3.7/site-packages/airflow/example_dags/example_task_group_decorator.py
[2023-06-14T16:08:16.282+0000] {processor.py:836} INFO - DAG(s) dict_keys(['example_task_group_decorator']) retrieved from /home/airflow/.local/lib/python3.7/site-packages/airflow/example_dags/example_task_group_decorator.py
[2023-06-14T16:08:16.311+0000] {logging_mixin.py:149} INFO - [2023-06-14T16:08:16.311+0000] {dag.py:2726} INFO - Sync 1 DAGs
[2023-06-14T16:08:16.336+0000] {logging_mixin.py:149} INFO - [2023-06-14T16:08:16.336+0000] {dag.py:3490} INFO - Setting next_dagrun for example_task_group_decorator to 2023-06-13T16:08:16.336446+00:00, run_after=2023-06-14T16:08:16.336446+00:00
[2023-06-14T16:08:16.360+0000] {processor.py:179} INFO - Processing /home/airflow/.local/lib/python3.7/site-packages/airflow/example_dags/example_task_group_decorator.py took 0.096 seconds
[2023-06-14T16:08:46.627+0000] {processor.py:157} INFO - Started process (PID=434) to work on /home/airflow/.local/lib/python3.7/site-packages/airflow/example_dags/example_task_group_decorator.py
[2023-06-14T16:08:46.628+0000] {processor.py:826} INFO - Processing file /home/airflow/.local/lib/python3.7/site-packages/airflow/example_dags/example_task_group_decorator.py for tasks to queue
[2023-06-14T16:08:46.629+0000] {logging_mixin.py:149} INFO - [2023-06-14T16:08:46.629+0000] {dagbag.py:541} INFO - Filling up the DagBag from /home/airflow/.local/lib/python3.7/site-packages/airflow/example_dags/example_task_group_decorator.py
[2023-06-14T16:08:46.643+0000] {processor.py:836} INFO - DAG(s) dict_keys(['example_task_group_decorator']) retrieved from /home/airflow/.local/lib/python3.7/site-packages/airflow/example_dags/example_task_group_decorator.py
[2023-06-14T16:08:46.671+0000] {logging_mixin.py:149} INFO - [2023-06-14T16:08:46.671+0000] {dag.py:2726} INFO - Sync 1 DAGs
[2023-06-14T16:08:46.699+0000] {logging_mixin.py:149} INFO - [2023-06-14T16:08:46.698+0000] {dag.py:3490} INFO - Setting next_dagrun for example_task_group_decorator to 2023-06-13T16:08:46.698608+00:00, run_after=2023-06-14T16:08:46.698608+00:00
[2023-06-14T16:08:46.720+0000] {processor.py:179} INFO - Processing /home/airflow/.local/lib/python3.7/site-packages/airflow/example_dags/example_task_group_decorator.py took 0.095 seconds
[2023-06-14T16:09:16.890+0000] {processor.py:157} INFO - Started process (PID=498) to work on /home/airflow/.local/lib/python3.7/site-packages/airflow/example_dags/example_task_group_decorator.py
[2023-06-14T16:09:16.890+0000] {processor.py:826} INFO - Processing file /home/airflow/.local/lib/python3.7/site-packages/airflow/example_dags/example_task_group_decorator.py for tasks to queue
[2023-06-14T16:09:16.891+0000] {logging_mixin.py:149} INFO - [2023-06-14T16:09:16.891+0000] {dagbag.py:541} INFO - Filling up the DagBag from /home/airflow/.local/lib/python3.7/site-packages/airflow/example_dags/example_task_group_decorator.py
[2023-06-14T16:09:16.904+0000] {processor.py:836} INFO - DAG(s) dict_keys(['example_task_group_decorator']) retrieved from /home/airflow/.local/lib/python3.7/site-packages/airflow/example_dags/example_task_group_decorator.py
[2023-06-14T16:09:16.930+0000] {logging_mixin.py:149} INFO - [2023-06-14T16:09:16.930+0000] {dag.py:2726} INFO - Sync 1 DAGs
[2023-06-14T16:09:16.955+0000] {logging_mixin.py:149} INFO - [2023-06-14T16:09:16.955+0000] {dag.py:3490} INFO - Setting next_dagrun for example_task_group_decorator to 2023-06-13T16:09:16.955270+00:00, run_after=2023-06-14T16:09:16.955270+00:00
[2023-06-14T16:09:16.979+0000] {processor.py:179} INFO - Processing /home/airflow/.local/lib/python3.7/site-packages/airflow/example_dags/example_task_group_decorator.py took 0.092 seconds
[2023-06-14T16:09:47.067+0000] {processor.py:157} INFO - Started process (PID=562) to work on /home/airflow/.local/lib/python3.7/site-packages/airflow/example_dags/example_task_group_decorator.py
[2023-06-14T16:09:47.068+0000] {processor.py:826} INFO - Processing file /home/airflow/.local/lib/python3.7/site-packages/airflow/example_dags/example_task_group_decorator.py for tasks to queue
[2023-06-14T16:09:47.069+0000] {logging_mixin.py:149} INFO - [2023-06-14T16:09:47.068+0000] {dagbag.py:541} INFO - Filling up the DagBag from /home/airflow/.local/lib/python3.7/site-packages/airflow/example_dags/example_task_group_decorator.py
[2023-06-14T16:09:47.081+0000] {processor.py:836} INFO - DAG(s) dict_keys(['example_task_group_decorator']) retrieved from /home/airflow/.local/lib/python3.7/site-packages/airflow/example_dags/example_task_group_decorator.py
[2023-06-14T16:09:47.111+0000] {logging_mixin.py:149} INFO - [2023-06-14T16:09:47.111+0000] {dag.py:2726} INFO - Sync 1 DAGs
[2023-06-14T16:09:47.144+0000] {logging_mixin.py:149} INFO - [2023-06-14T16:09:47.144+0000] {dag.py:3490} INFO - Setting next_dagrun for example_task_group_decorator to 2023-06-13T16:09:47.143865+00:00, run_after=2023-06-14T16:09:47.143865+00:00
[2023-06-14T16:09:47.165+0000] {processor.py:179} INFO - Processing /home/airflow/.local/lib/python3.7/site-packages/airflow/example_dags/example_task_group_decorator.py took 0.101 seconds
[2023-06-14T16:10:17.478+0000] {processor.py:157} INFO - Started process (PID=626) to work on /home/airflow/.local/lib/python3.7/site-packages/airflow/example_dags/example_task_group_decorator.py
[2023-06-14T16:10:17.479+0000] {processor.py:826} INFO - Processing file /home/airflow/.local/lib/python3.7/site-packages/airflow/example_dags/example_task_group_decorator.py for tasks to queue
[2023-06-14T16:10:17.479+0000] {logging_mixin.py:149} INFO - [2023-06-14T16:10:17.479+0000] {dagbag.py:541} INFO - Filling up the DagBag from /home/airflow/.local/lib/python3.7/site-packages/airflow/example_dags/example_task_group_decorator.py
[2023-06-14T16:10:17.492+0000] {processor.py:836} INFO - DAG(s) dict_keys(['example_task_group_decorator']) retrieved from /home/airflow/.local/lib/python3.7/site-packages/airflow/example_dags/example_task_group_decorator.py
[2023-06-14T16:10:17.519+0000] {logging_mixin.py:149} INFO - [2023-06-14T16:10:17.519+0000] {dag.py:2726} INFO - Sync 1 DAGs
[2023-06-14T16:10:17.542+0000] {logging_mixin.py:149} INFO - [2023-06-14T16:10:17.542+0000] {dag.py:3490} INFO - Setting next_dagrun for example_task_group_decorator to 2023-06-13T16:10:17.542193+00:00, run_after=2023-06-14T16:10:17.542193+00:00
[2023-06-14T16:10:17.559+0000] {processor.py:179} INFO - Processing /home/airflow/.local/lib/python3.7/site-packages/airflow/example_dags/example_task_group_decorator.py took 0.083 seconds
[2023-06-14T16:10:48.063+0000] {processor.py:157} INFO - Started process (PID=690) to work on /home/airflow/.local/lib/python3.7/site-packages/airflow/example_dags/example_task_group_decorator.py
[2023-06-14T16:10:48.064+0000] {processor.py:826} INFO - Processing file /home/airflow/.local/lib/python3.7/site-packages/airflow/example_dags/example_task_group_decorator.py for tasks to queue
[2023-06-14T16:10:48.065+0000] {logging_mixin.py:149} INFO - [2023-06-14T16:10:48.065+0000] {dagbag.py:541} INFO - Filling up the DagBag from /home/airflow/.local/lib/python3.7/site-packages/airflow/example_dags/example_task_group_decorator.py
[2023-06-14T16:10:48.079+0000] {processor.py:836} INFO - DAG(s) dict_keys(['example_task_group_decorator']) retrieved from /home/airflow/.local/lib/python3.7/site-packages/airflow/example_dags/example_task_group_decorator.py
[2023-06-14T16:10:48.105+0000] {logging_mixin.py:149} INFO - [2023-06-14T16:10:48.105+0000] {dag.py:2726} INFO - Sync 1 DAGs
[2023-06-14T16:10:48.130+0000] {logging_mixin.py:149} INFO - [2023-06-14T16:10:48.129+0000] {dag.py:3490} INFO - Setting next_dagrun for example_task_group_decorator to 2023-06-13T16:10:48.129648+00:00, run_after=2023-06-14T16:10:48.129648+00:00
[2023-06-14T16:10:48.151+0000] {processor.py:179} INFO - Processing /home/airflow/.local/lib/python3.7/site-packages/airflow/example_dags/example_task_group_decorator.py took 0.090 seconds
[2023-06-14T16:11:18.307+0000] {processor.py:157} INFO - Started process (PID=767) to work on /home/airflow/.local/lib/python3.7/site-packages/airflow/example_dags/example_task_group_decorator.py
[2023-06-14T16:11:18.308+0000] {processor.py:826} INFO - Processing file /home/airflow/.local/lib/python3.7/site-packages/airflow/example_dags/example_task_group_decorator.py for tasks to queue
[2023-06-14T16:11:18.309+0000] {logging_mixin.py:149} INFO - [2023-06-14T16:11:18.309+0000] {dagbag.py:541} INFO - Filling up the DagBag from /home/airflow/.local/lib/python3.7/site-packages/airflow/example_dags/example_task_group_decorator.py
[2023-06-14T16:11:18.326+0000] {processor.py:836} INFO - DAG(s) dict_keys(['example_task_group_decorator']) retrieved from /home/airflow/.local/lib/python3.7/site-packages/airflow/example_dags/example_task_group_decorator.py
[2023-06-14T16:11:18.360+0000] {logging_mixin.py:149} INFO - [2023-06-14T16:11:18.359+0000] {dag.py:2726} INFO - Sync 1 DAGs
[2023-06-14T16:11:18.390+0000] {logging_mixin.py:149} INFO - [2023-06-14T16:11:18.389+0000] {dag.py:3490} INFO - Setting next_dagrun for example_task_group_decorator to 2023-06-13T16:11:18.389638+00:00, run_after=2023-06-14T16:11:18.389638+00:00
[2023-06-14T16:11:18.411+0000] {processor.py:179} INFO - Processing /home/airflow/.local/lib/python3.7/site-packages/airflow/example_dags/example_task_group_decorator.py took 0.107 seconds
[2023-06-14T16:11:48.586+0000] {processor.py:157} INFO - Started process (PID=844) to work on /home/airflow/.local/lib/python3.7/site-packages/airflow/example_dags/example_task_group_decorator.py
[2023-06-14T16:11:48.586+0000] {processor.py:826} INFO - Processing file /home/airflow/.local/lib/python3.7/site-packages/airflow/example_dags/example_task_group_decorator.py for tasks to queue
[2023-06-14T16:11:48.587+0000] {logging_mixin.py:149} INFO - [2023-06-14T16:11:48.587+0000] {dagbag.py:541} INFO - Filling up the DagBag from /home/airflow/.local/lib/python3.7/site-packages/airflow/example_dags/example_task_group_decorator.py
[2023-06-14T16:11:48.603+0000] {processor.py:836} INFO - DAG(s) dict_keys(['example_task_group_decorator']) retrieved from /home/airflow/.local/lib/python3.7/site-packages/airflow/example_dags/example_task_group_decorator.py
[2023-06-14T16:11:48.640+0000] {logging_mixin.py:149} INFO - [2023-06-14T16:11:48.640+0000] {dag.py:2726} INFO - Sync 1 DAGs
[2023-06-14T16:11:48.668+0000] {logging_mixin.py:149} INFO - [2023-06-14T16:11:48.668+0000] {dag.py:3490} INFO - Setting next_dagrun for example_task_group_decorator to 2023-06-13T16:11:48.668358+00:00, run_after=2023-06-14T16:11:48.668358+00:00
[2023-06-14T16:11:48.687+0000] {processor.py:179} INFO - Processing /home/airflow/.local/lib/python3.7/site-packages/airflow/example_dags/example_task_group_decorator.py took 0.104 seconds
[2023-06-14T16:12:18.956+0000] {processor.py:157} INFO - Started process (PID=921) to work on /home/airflow/.local/lib/python3.7/site-packages/airflow/example_dags/example_task_group_decorator.py
[2023-06-14T16:12:18.958+0000] {processor.py:826} INFO - Processing file /home/airflow/.local/lib/python3.7/site-packages/airflow/example_dags/example_task_group_decorator.py for tasks to queue
[2023-06-14T16:12:18.958+0000] {logging_mixin.py:149} INFO - [2023-06-14T16:12:18.958+0000] {dagbag.py:541} INFO - Filling up the DagBag from /home/airflow/.local/lib/python3.7/site-packages/airflow/example_dags/example_task_group_decorator.py
[2023-06-14T16:12:18.971+0000] {processor.py:836} INFO - DAG(s) dict_keys(['example_task_group_decorator']) retrieved from /home/airflow/.local/lib/python3.7/site-packages/airflow/example_dags/example_task_group_decorator.py
[2023-06-14T16:12:18.999+0000] {logging_mixin.py:149} INFO - [2023-06-14T16:12:18.999+0000] {dag.py:2726} INFO - Sync 1 DAGs
[2023-06-14T16:12:19.024+0000] {logging_mixin.py:149} INFO - [2023-06-14T16:12:19.024+0000] {dag.py:3490} INFO - Setting next_dagrun for example_task_group_decorator to 2023-06-13T16:12:19.024279+00:00, run_after=2023-06-14T16:12:19.024279+00:00
[2023-06-14T16:12:19.042+0000] {processor.py:179} INFO - Processing /home/airflow/.local/lib/python3.7/site-packages/airflow/example_dags/example_task_group_decorator.py took 0.088 seconds
[2023-06-14T16:12:49.480+0000] {processor.py:157} INFO - Started process (PID=998) to work on /home/airflow/.local/lib/python3.7/site-packages/airflow/example_dags/example_task_group_decorator.py
[2023-06-14T16:12:49.480+0000] {processor.py:826} INFO - Processing file /home/airflow/.local/lib/python3.7/site-packages/airflow/example_dags/example_task_group_decorator.py for tasks to queue
[2023-06-14T16:12:49.481+0000] {logging_mixin.py:149} INFO - [2023-06-14T16:12:49.481+0000] {dagbag.py:541} INFO - Filling up the DagBag from /home/airflow/.local/lib/python3.7/site-packages/airflow/example_dags/example_task_group_decorator.py
[2023-06-14T16:12:49.494+0000] {processor.py:836} INFO - DAG(s) dict_keys(['example_task_group_decorator']) retrieved from /home/airflow/.local/lib/python3.7/site-packages/airflow/example_dags/example_task_group_decorator.py
[2023-06-14T16:12:49.522+0000] {logging_mixin.py:149} INFO - [2023-06-14T16:12:49.522+0000] {dag.py:2726} INFO - Sync 1 DAGs
[2023-06-14T16:12:49.548+0000] {logging_mixin.py:149} INFO - [2023-06-14T16:12:49.548+0000] {dag.py:3490} INFO - Setting next_dagrun for example_task_group_decorator to 2023-06-13T16:12:49.548555+00:00, run_after=2023-06-14T16:12:49.548555+00:00
[2023-06-14T16:12:49.569+0000] {processor.py:179} INFO - Processing /home/airflow/.local/lib/python3.7/site-packages/airflow/example_dags/example_task_group_decorator.py took 0.092 seconds
[2023-06-14T16:13:19.848+0000] {processor.py:157} INFO - Started process (PID=1076) to work on /home/airflow/.local/lib/python3.7/site-packages/airflow/example_dags/example_task_group_decorator.py
[2023-06-14T16:13:19.849+0000] {processor.py:826} INFO - Processing file /home/airflow/.local/lib/python3.7/site-packages/airflow/example_dags/example_task_group_decorator.py for tasks to queue
[2023-06-14T16:13:19.850+0000] {logging_mixin.py:149} INFO - [2023-06-14T16:13:19.850+0000] {dagbag.py:541} INFO - Filling up the DagBag from /home/airflow/.local/lib/python3.7/site-packages/airflow/example_dags/example_task_group_decorator.py
[2023-06-14T16:13:19.864+0000] {processor.py:836} INFO - DAG(s) dict_keys(['example_task_group_decorator']) retrieved from /home/airflow/.local/lib/python3.7/site-packages/airflow/example_dags/example_task_group_decorator.py
[2023-06-14T16:13:19.899+0000] {logging_mixin.py:149} INFO - [2023-06-14T16:13:19.899+0000] {dag.py:2726} INFO - Sync 1 DAGs
[2023-06-14T16:13:19.927+0000] {logging_mixin.py:149} INFO - [2023-06-14T16:13:19.927+0000] {dag.py:3490} INFO - Setting next_dagrun for example_task_group_decorator to 2023-06-13T16:13:19.927108+00:00, run_after=2023-06-14T16:13:19.927108+00:00
[2023-06-14T16:13:19.946+0000] {processor.py:179} INFO - Processing /home/airflow/.local/lib/python3.7/site-packages/airflow/example_dags/example_task_group_decorator.py took 0.100 seconds
[2023-06-14T16:13:50.263+0000] {processor.py:157} INFO - Started process (PID=1153) to work on /home/airflow/.local/lib/python3.7/site-packages/airflow/example_dags/example_task_group_decorator.py
[2023-06-14T16:13:50.263+0000] {processor.py:826} INFO - Processing file /home/airflow/.local/lib/python3.7/site-packages/airflow/example_dags/example_task_group_decorator.py for tasks to queue
[2023-06-14T16:13:50.264+0000] {logging_mixin.py:149} INFO - [2023-06-14T16:13:50.264+0000] {dagbag.py:541} INFO - Filling up the DagBag from /home/airflow/.local/lib/python3.7/site-packages/airflow/example_dags/example_task_group_decorator.py
[2023-06-14T16:13:50.277+0000] {processor.py:836} INFO - DAG(s) dict_keys(['example_task_group_decorator']) retrieved from /home/airflow/.local/lib/python3.7/site-packages/airflow/example_dags/example_task_group_decorator.py
[2023-06-14T16:13:50.302+0000] {logging_mixin.py:149} INFO - [2023-06-14T16:13:50.302+0000] {dag.py:2726} INFO - Sync 1 DAGs
[2023-06-14T16:13:50.327+0000] {logging_mixin.py:149} INFO - [2023-06-14T16:13:50.327+0000] {dag.py:3490} INFO - Setting next_dagrun for example_task_group_decorator to 2023-06-13T16:13:50.326877+00:00, run_after=2023-06-14T16:13:50.326877+00:00
[2023-06-14T16:13:50.343+0000] {processor.py:179} INFO - Processing /home/airflow/.local/lib/python3.7/site-packages/airflow/example_dags/example_task_group_decorator.py took 0.083 seconds
[2023-06-14T16:14:20.475+0000] {processor.py:157} INFO - Started process (PID=1230) to work on /home/airflow/.local/lib/python3.7/site-packages/airflow/example_dags/example_task_group_decorator.py
[2023-06-14T16:14:20.476+0000] {processor.py:826} INFO - Processing file /home/airflow/.local/lib/python3.7/site-packages/airflow/example_dags/example_task_group_decorator.py for tasks to queue
[2023-06-14T16:14:20.477+0000] {logging_mixin.py:149} INFO - [2023-06-14T16:14:20.477+0000] {dagbag.py:541} INFO - Filling up the DagBag from /home/airflow/.local/lib/python3.7/site-packages/airflow/example_dags/example_task_group_decorator.py
[2023-06-14T16:14:20.494+0000] {processor.py:836} INFO - DAG(s) dict_keys(['example_task_group_decorator']) retrieved from /home/airflow/.local/lib/python3.7/site-packages/airflow/example_dags/example_task_group_decorator.py
[2023-06-14T16:14:20.526+0000] {logging_mixin.py:149} INFO - [2023-06-14T16:14:20.526+0000] {dag.py:2726} INFO - Sync 1 DAGs
[2023-06-14T16:14:20.553+0000] {logging_mixin.py:149} INFO - [2023-06-14T16:14:20.552+0000] {dag.py:3490} INFO - Setting next_dagrun for example_task_group_decorator to 2023-06-13T16:14:20.552759+00:00, run_after=2023-06-14T16:14:20.552759+00:00
[2023-06-14T16:14:20.575+0000] {processor.py:179} INFO - Processing /home/airflow/.local/lib/python3.7/site-packages/airflow/example_dags/example_task_group_decorator.py took 0.103 seconds
[2023-06-14T16:14:50.955+0000] {processor.py:157} INFO - Started process (PID=1307) to work on /home/airflow/.local/lib/python3.7/site-packages/airflow/example_dags/example_task_group_decorator.py
[2023-06-14T16:14:50.956+0000] {processor.py:826} INFO - Processing file /home/airflow/.local/lib/python3.7/site-packages/airflow/example_dags/example_task_group_decorator.py for tasks to queue
[2023-06-14T16:14:50.956+0000] {logging_mixin.py:149} INFO - [2023-06-14T16:14:50.956+0000] {dagbag.py:541} INFO - Filling up the DagBag from /home/airflow/.local/lib/python3.7/site-packages/airflow/example_dags/example_task_group_decorator.py
[2023-06-14T16:14:50.970+0000] {processor.py:836} INFO - DAG(s) dict_keys(['example_task_group_decorator']) retrieved from /home/airflow/.local/lib/python3.7/site-packages/airflow/example_dags/example_task_group_decorator.py
[2023-06-14T16:14:50.999+0000] {logging_mixin.py:149} INFO - [2023-06-14T16:14:50.999+0000] {dag.py:2726} INFO - Sync 1 DAGs
[2023-06-14T16:14:51.028+0000] {logging_mixin.py:149} INFO - [2023-06-14T16:14:51.028+0000] {dag.py:3490} INFO - Setting next_dagrun for example_task_group_decorator to 2023-06-13T16:14:51.028523+00:00, run_after=2023-06-14T16:14:51.028523+00:00
[2023-06-14T16:14:51.046+0000] {processor.py:179} INFO - Processing /home/airflow/.local/lib/python3.7/site-packages/airflow/example_dags/example_task_group_decorator.py took 0.094 seconds
[2023-06-14T16:15:21.264+0000] {processor.py:157} INFO - Started process (PID=1384) to work on /home/airflow/.local/lib/python3.7/site-packages/airflow/example_dags/example_task_group_decorator.py
[2023-06-14T16:15:21.265+0000] {processor.py:826} INFO - Processing file /home/airflow/.local/lib/python3.7/site-packages/airflow/example_dags/example_task_group_decorator.py for tasks to queue
[2023-06-14T16:15:21.266+0000] {logging_mixin.py:149} INFO - [2023-06-14T16:15:21.266+0000] {dagbag.py:541} INFO - Filling up the DagBag from /home/airflow/.local/lib/python3.7/site-packages/airflow/example_dags/example_task_group_decorator.py
[2023-06-14T16:15:21.278+0000] {processor.py:836} INFO - DAG(s) dict_keys(['example_task_group_decorator']) retrieved from /home/airflow/.local/lib/python3.7/site-packages/airflow/example_dags/example_task_group_decorator.py
[2023-06-14T16:15:21.302+0000] {logging_mixin.py:149} INFO - [2023-06-14T16:15:21.302+0000] {dag.py:2726} INFO - Sync 1 DAGs
[2023-06-14T16:15:21.328+0000] {logging_mixin.py:149} INFO - [2023-06-14T16:15:21.327+0000] {dag.py:3490} INFO - Setting next_dagrun for example_task_group_decorator to 2023-06-13T16:15:21.327722+00:00, run_after=2023-06-14T16:15:21.327722+00:00
[2023-06-14T16:15:21.346+0000] {processor.py:179} INFO - Processing /home/airflow/.local/lib/python3.7/site-packages/airflow/example_dags/example_task_group_decorator.py took 0.084 seconds
[2023-06-14T16:15:52.321+0000] {processor.py:157} INFO - Started process (PID=1461) to work on /home/airflow/.local/lib/python3.7/site-packages/airflow/example_dags/example_task_group_decorator.py
[2023-06-14T16:15:52.322+0000] {processor.py:826} INFO - Processing file /home/airflow/.local/lib/python3.7/site-packages/airflow/example_dags/example_task_group_decorator.py for tasks to queue
[2023-06-14T16:15:52.323+0000] {logging_mixin.py:149} INFO - [2023-06-14T16:15:52.323+0000] {dagbag.py:541} INFO - Filling up the DagBag from /home/airflow/.local/lib/python3.7/site-packages/airflow/example_dags/example_task_group_decorator.py
[2023-06-14T16:15:52.345+0000] {processor.py:836} INFO - DAG(s) dict_keys(['example_task_group_decorator']) retrieved from /home/airflow/.local/lib/python3.7/site-packages/airflow/example_dags/example_task_group_decorator.py
[2023-06-14T16:15:52.378+0000] {logging_mixin.py:149} INFO - [2023-06-14T16:15:52.378+0000] {dag.py:2726} INFO - Sync 1 DAGs
[2023-06-14T16:15:52.407+0000] {logging_mixin.py:149} INFO - [2023-06-14T16:15:52.407+0000] {dag.py:3490} INFO - Setting next_dagrun for example_task_group_decorator to 2023-06-13T16:15:52.407321+00:00, run_after=2023-06-14T16:15:52.407321+00:00
[2023-06-14T16:15:52.429+0000] {processor.py:179} INFO - Processing /home/airflow/.local/lib/python3.7/site-packages/airflow/example_dags/example_task_group_decorator.py took 0.112 seconds
[2023-06-14T16:16:22.468+0000] {processor.py:157} INFO - Started process (PID=1538) to work on /home/airflow/.local/lib/python3.7/site-packages/airflow/example_dags/example_task_group_decorator.py
[2023-06-14T16:16:22.469+0000] {processor.py:826} INFO - Processing file /home/airflow/.local/lib/python3.7/site-packages/airflow/example_dags/example_task_group_decorator.py for tasks to queue
[2023-06-14T16:16:22.470+0000] {logging_mixin.py:149} INFO - [2023-06-14T16:16:22.469+0000] {dagbag.py:541} INFO - Filling up the DagBag from /home/airflow/.local/lib/python3.7/site-packages/airflow/example_dags/example_task_group_decorator.py
[2023-06-14T16:16:22.484+0000] {processor.py:836} INFO - DAG(s) dict_keys(['example_task_group_decorator']) retrieved from /home/airflow/.local/lib/python3.7/site-packages/airflow/example_dags/example_task_group_decorator.py
[2023-06-14T16:16:22.518+0000] {logging_mixin.py:149} INFO - [2023-06-14T16:16:22.517+0000] {dag.py:2726} INFO - Sync 1 DAGs
[2023-06-14T16:16:22.542+0000] {logging_mixin.py:149} INFO - [2023-06-14T16:16:22.542+0000] {dag.py:3490} INFO - Setting next_dagrun for example_task_group_decorator to 2023-06-13T16:16:22.542411+00:00, run_after=2023-06-14T16:16:22.542411+00:00
[2023-06-14T16:16:22.559+0000] {processor.py:179} INFO - Processing /home/airflow/.local/lib/python3.7/site-packages/airflow/example_dags/example_task_group_decorator.py took 0.094 seconds
