[2023-06-14T16:06:10.368+0000] {processor.py:157} INFO - Started process (PID=50) to work on /home/airflow/.local/lib/python3.7/site-packages/airflow/example_dags/example_branch_labels.py
[2023-06-14T16:06:10.369+0000] {processor.py:826} INFO - Processing file /home/airflow/.local/lib/python3.7/site-packages/airflow/example_dags/example_branch_labels.py for tasks to queue
[2023-06-14T16:06:10.371+0000] {logging_mixin.py:149} INFO - [2023-06-14T16:06:10.370+0000] {dagbag.py:541} INFO - Filling up the DagBag from /home/airflow/.local/lib/python3.7/site-packages/airflow/example_dags/example_branch_labels.py
[2023-06-14T16:06:10.383+0000] {processor.py:836} INFO - DAG(s) dict_keys(['example_branch_labels']) retrieved from /home/airflow/.local/lib/python3.7/site-packages/airflow/example_dags/example_branch_labels.py
[2023-06-14T16:06:10.432+0000] {logging_mixin.py:149} INFO - [2023-06-14T16:06:10.432+0000] {dag.py:2726} INFO - Sync 1 DAGs
[2023-06-14T16:06:10.469+0000] {logging_mixin.py:149} INFO - [2023-06-14T16:06:10.469+0000] {dag.py:3490} INFO - Setting next_dagrun for example_branch_labels to 2023-06-13T00:00:00+00:00, run_after=2023-06-14T00:00:00+00:00
[2023-06-14T16:06:10.494+0000] {processor.py:179} INFO - Processing /home/airflow/.local/lib/python3.7/site-packages/airflow/example_dags/example_branch_labels.py took 0.129 seconds
[2023-06-14T16:06:41.084+0000] {processor.py:157} INFO - Started process (PID=127) to work on /home/airflow/.local/lib/python3.7/site-packages/airflow/example_dags/example_branch_labels.py
[2023-06-14T16:06:41.085+0000] {processor.py:826} INFO - Processing file /home/airflow/.local/lib/python3.7/site-packages/airflow/example_dags/example_branch_labels.py for tasks to queue
[2023-06-14T16:06:41.085+0000] {logging_mixin.py:149} INFO - [2023-06-14T16:06:41.085+0000] {dagbag.py:541} INFO - Filling up the DagBag from /home/airflow/.local/lib/python3.7/site-packages/airflow/example_dags/example_branch_labels.py
[2023-06-14T16:06:41.092+0000] {processor.py:836} INFO - DAG(s) dict_keys(['example_branch_labels']) retrieved from /home/airflow/.local/lib/python3.7/site-packages/airflow/example_dags/example_branch_labels.py
[2023-06-14T16:06:41.116+0000] {logging_mixin.py:149} INFO - [2023-06-14T16:06:41.115+0000] {dag.py:2726} INFO - Sync 1 DAGs
[2023-06-14T16:06:41.151+0000] {logging_mixin.py:149} INFO - [2023-06-14T16:06:41.151+0000] {dag.py:3490} INFO - Setting next_dagrun for example_branch_labels to 2023-06-13T00:00:00+00:00, run_after=2023-06-14T00:00:00+00:00
[2023-06-14T16:06:41.175+0000] {processor.py:179} INFO - Processing /home/airflow/.local/lib/python3.7/site-packages/airflow/example_dags/example_branch_labels.py took 0.094 seconds
[2023-06-14T16:07:11.779+0000] {processor.py:157} INFO - Started process (PID=204) to work on /home/airflow/.local/lib/python3.7/site-packages/airflow/example_dags/example_branch_labels.py
[2023-06-14T16:07:11.779+0000] {processor.py:826} INFO - Processing file /home/airflow/.local/lib/python3.7/site-packages/airflow/example_dags/example_branch_labels.py for tasks to queue
[2023-06-14T16:07:11.780+0000] {logging_mixin.py:149} INFO - [2023-06-14T16:07:11.780+0000] {dagbag.py:541} INFO - Filling up the DagBag from /home/airflow/.local/lib/python3.7/site-packages/airflow/example_dags/example_branch_labels.py
[2023-06-14T16:07:11.786+0000] {processor.py:836} INFO - DAG(s) dict_keys(['example_branch_labels']) retrieved from /home/airflow/.local/lib/python3.7/site-packages/airflow/example_dags/example_branch_labels.py
[2023-06-14T16:07:11.808+0000] {logging_mixin.py:149} INFO - [2023-06-14T16:07:11.808+0000] {dag.py:2726} INFO - Sync 1 DAGs
[2023-06-14T16:07:11.940+0000] {logging_mixin.py:149} INFO - [2023-06-14T16:07:11.940+0000] {dag.py:3490} INFO - Setting next_dagrun for example_branch_labels to 2023-06-13T00:00:00+00:00, run_after=2023-06-14T00:00:00+00:00
[2023-06-14T16:07:11.958+0000] {processor.py:179} INFO - Processing /home/airflow/.local/lib/python3.7/site-packages/airflow/example_dags/example_branch_labels.py took 0.182 seconds
[2023-06-14T16:07:43.004+0000] {processor.py:157} INFO - Started process (PID=281) to work on /home/airflow/.local/lib/python3.7/site-packages/airflow/example_dags/example_branch_labels.py
[2023-06-14T16:07:43.005+0000] {processor.py:826} INFO - Processing file /home/airflow/.local/lib/python3.7/site-packages/airflow/example_dags/example_branch_labels.py for tasks to queue
[2023-06-14T16:07:43.005+0000] {logging_mixin.py:149} INFO - [2023-06-14T16:07:43.005+0000] {dagbag.py:541} INFO - Filling up the DagBag from /home/airflow/.local/lib/python3.7/site-packages/airflow/example_dags/example_branch_labels.py
[2023-06-14T16:07:43.011+0000] {processor.py:836} INFO - DAG(s) dict_keys(['example_branch_labels']) retrieved from /home/airflow/.local/lib/python3.7/site-packages/airflow/example_dags/example_branch_labels.py
[2023-06-14T16:07:43.032+0000] {logging_mixin.py:149} INFO - [2023-06-14T16:07:43.032+0000] {dag.py:2726} INFO - Sync 1 DAGs
[2023-06-14T16:07:43.059+0000] {logging_mixin.py:149} INFO - [2023-06-14T16:07:43.059+0000] {dag.py:3490} INFO - Setting next_dagrun for example_branch_labels to 2023-06-13T00:00:00+00:00, run_after=2023-06-14T00:00:00+00:00
[2023-06-14T16:07:43.077+0000] {processor.py:179} INFO - Processing /home/airflow/.local/lib/python3.7/site-packages/airflow/example_dags/example_branch_labels.py took 0.076 seconds
[2023-06-14T16:08:13.753+0000] {processor.py:157} INFO - Started process (PID=345) to work on /home/airflow/.local/lib/python3.7/site-packages/airflow/example_dags/example_branch_labels.py
[2023-06-14T16:08:13.754+0000] {processor.py:826} INFO - Processing file /home/airflow/.local/lib/python3.7/site-packages/airflow/example_dags/example_branch_labels.py for tasks to queue
[2023-06-14T16:08:13.755+0000] {logging_mixin.py:149} INFO - [2023-06-14T16:08:13.755+0000] {dagbag.py:541} INFO - Filling up the DagBag from /home/airflow/.local/lib/python3.7/site-packages/airflow/example_dags/example_branch_labels.py
[2023-06-14T16:08:13.764+0000] {processor.py:836} INFO - DAG(s) dict_keys(['example_branch_labels']) retrieved from /home/airflow/.local/lib/python3.7/site-packages/airflow/example_dags/example_branch_labels.py
[2023-06-14T16:08:13.789+0000] {logging_mixin.py:149} INFO - [2023-06-14T16:08:13.788+0000] {dag.py:2726} INFO - Sync 1 DAGs
[2023-06-14T16:08:13.818+0000] {logging_mixin.py:149} INFO - [2023-06-14T16:08:13.818+0000] {dag.py:3490} INFO - Setting next_dagrun for example_branch_labels to 2023-06-13T00:00:00+00:00, run_after=2023-06-14T00:00:00+00:00
[2023-06-14T16:08:13.840+0000] {processor.py:179} INFO - Processing /home/airflow/.local/lib/python3.7/site-packages/airflow/example_dags/example_branch_labels.py took 0.090 seconds
[2023-06-14T16:08:44.117+0000] {processor.py:157} INFO - Started process (PID=409) to work on /home/airflow/.local/lib/python3.7/site-packages/airflow/example_dags/example_branch_labels.py
[2023-06-14T16:08:44.118+0000] {processor.py:826} INFO - Processing file /home/airflow/.local/lib/python3.7/site-packages/airflow/example_dags/example_branch_labels.py for tasks to queue
[2023-06-14T16:08:44.119+0000] {logging_mixin.py:149} INFO - [2023-06-14T16:08:44.119+0000] {dagbag.py:541} INFO - Filling up the DagBag from /home/airflow/.local/lib/python3.7/site-packages/airflow/example_dags/example_branch_labels.py
[2023-06-14T16:08:44.127+0000] {processor.py:836} INFO - DAG(s) dict_keys(['example_branch_labels']) retrieved from /home/airflow/.local/lib/python3.7/site-packages/airflow/example_dags/example_branch_labels.py
[2023-06-14T16:08:44.150+0000] {logging_mixin.py:149} INFO - [2023-06-14T16:08:44.149+0000] {dag.py:2726} INFO - Sync 1 DAGs
[2023-06-14T16:08:44.179+0000] {logging_mixin.py:149} INFO - [2023-06-14T16:08:44.179+0000] {dag.py:3490} INFO - Setting next_dagrun for example_branch_labels to 2023-06-13T00:00:00+00:00, run_after=2023-06-14T00:00:00+00:00
[2023-06-14T16:08:44.198+0000] {processor.py:179} INFO - Processing /home/airflow/.local/lib/python3.7/site-packages/airflow/example_dags/example_branch_labels.py took 0.084 seconds
[2023-06-14T16:09:14.268+0000] {processor.py:157} INFO - Started process (PID=472) to work on /home/airflow/.local/lib/python3.7/site-packages/airflow/example_dags/example_branch_labels.py
[2023-06-14T16:09:14.269+0000] {processor.py:826} INFO - Processing file /home/airflow/.local/lib/python3.7/site-packages/airflow/example_dags/example_branch_labels.py for tasks to queue
[2023-06-14T16:09:14.270+0000] {logging_mixin.py:149} INFO - [2023-06-14T16:09:14.270+0000] {dagbag.py:541} INFO - Filling up the DagBag from /home/airflow/.local/lib/python3.7/site-packages/airflow/example_dags/example_branch_labels.py
[2023-06-14T16:09:14.279+0000] {processor.py:836} INFO - DAG(s) dict_keys(['example_branch_labels']) retrieved from /home/airflow/.local/lib/python3.7/site-packages/airflow/example_dags/example_branch_labels.py
[2023-06-14T16:09:14.304+0000] {logging_mixin.py:149} INFO - [2023-06-14T16:09:14.304+0000] {dag.py:2726} INFO - Sync 1 DAGs
[2023-06-14T16:09:14.332+0000] {logging_mixin.py:149} INFO - [2023-06-14T16:09:14.332+0000] {dag.py:3490} INFO - Setting next_dagrun for example_branch_labels to 2023-06-13T00:00:00+00:00, run_after=2023-06-14T00:00:00+00:00
[2023-06-14T16:09:14.351+0000] {processor.py:179} INFO - Processing /home/airflow/.local/lib/python3.7/site-packages/airflow/example_dags/example_branch_labels.py took 0.087 seconds
