[2023-06-14T16:06:13.208+0000] {processor.py:157} INFO - Started process (PID=84) to work on /home/airflow/.local/lib/python3.7/site-packages/airflow/example_dags/example_xcomargs.py
[2023-06-14T16:06:13.209+0000] {processor.py:826} INFO - Processing file /home/airflow/.local/lib/python3.7/site-packages/airflow/example_dags/example_xcomargs.py for tasks to queue
[2023-06-14T16:06:13.210+0000] {logging_mixin.py:149} INFO - [2023-06-14T16:06:13.209+0000] {dagbag.py:541} INFO - Filling up the DagBag from /home/airflow/.local/lib/python3.7/site-packages/airflow/example_dags/example_xcomargs.py
[2023-06-14T16:06:13.217+0000] {processor.py:836} INFO - DAG(s) dict_keys(['example_xcom_args', 'example_xcom_args_with_operators']) retrieved from /home/airflow/.local/lib/python3.7/site-packages/airflow/example_dags/example_xcomargs.py
[2023-06-14T16:06:13.245+0000] {logging_mixin.py:149} INFO - [2023-06-14T16:06:13.245+0000] {dag.py:2726} INFO - Sync 2 DAGs
[2023-06-14T16:06:13.279+0000] {logging_mixin.py:149} INFO - [2023-06-14T16:06:13.278+0000] {dag.py:3490} INFO - Setting next_dagrun for example_xcom_args to None, run_after=None
[2023-06-14T16:06:13.282+0000] {logging_mixin.py:149} INFO - [2023-06-14T16:06:13.282+0000] {dag.py:3490} INFO - Setting next_dagrun for example_xcom_args_with_operators to None, run_after=None
[2023-06-14T16:06:13.303+0000] {processor.py:179} INFO - Processing /home/airflow/.local/lib/python3.7/site-packages/airflow/example_dags/example_xcomargs.py took 0.098 seconds
[2023-06-14T16:06:44.310+0000] {processor.py:157} INFO - Started process (PID=161) to work on /home/airflow/.local/lib/python3.7/site-packages/airflow/example_dags/example_xcomargs.py
[2023-06-14T16:06:44.313+0000] {processor.py:826} INFO - Processing file /home/airflow/.local/lib/python3.7/site-packages/airflow/example_dags/example_xcomargs.py for tasks to queue
[2023-06-14T16:06:44.314+0000] {logging_mixin.py:149} INFO - [2023-06-14T16:06:44.313+0000] {dagbag.py:541} INFO - Filling up the DagBag from /home/airflow/.local/lib/python3.7/site-packages/airflow/example_dags/example_xcomargs.py
[2023-06-14T16:06:44.321+0000] {processor.py:836} INFO - DAG(s) dict_keys(['example_xcom_args', 'example_xcom_args_with_operators']) retrieved from /home/airflow/.local/lib/python3.7/site-packages/airflow/example_dags/example_xcomargs.py
[2023-06-14T16:06:44.347+0000] {logging_mixin.py:149} INFO - [2023-06-14T16:06:44.346+0000] {dag.py:2726} INFO - Sync 2 DAGs
[2023-06-14T16:06:44.370+0000] {logging_mixin.py:149} INFO - [2023-06-14T16:06:44.370+0000] {dag.py:3490} INFO - Setting next_dagrun for example_xcom_args to None, run_after=None
[2023-06-14T16:06:44.374+0000] {logging_mixin.py:149} INFO - [2023-06-14T16:06:44.374+0000] {dag.py:3490} INFO - Setting next_dagrun for example_xcom_args_with_operators to None, run_after=None
[2023-06-14T16:06:44.508+0000] {processor.py:179} INFO - Processing /home/airflow/.local/lib/python3.7/site-packages/airflow/example_dags/example_xcomargs.py took 0.203 seconds
[2023-06-14T16:07:15.512+0000] {processor.py:157} INFO - Started process (PID=238) to work on /home/airflow/.local/lib/python3.7/site-packages/airflow/example_dags/example_xcomargs.py
[2023-06-14T16:07:15.513+0000] {processor.py:826} INFO - Processing file /home/airflow/.local/lib/python3.7/site-packages/airflow/example_dags/example_xcomargs.py for tasks to queue
[2023-06-14T16:07:15.514+0000] {logging_mixin.py:149} INFO - [2023-06-14T16:07:15.514+0000] {dagbag.py:541} INFO - Filling up the DagBag from /home/airflow/.local/lib/python3.7/site-packages/airflow/example_dags/example_xcomargs.py
[2023-06-14T16:07:15.523+0000] {processor.py:836} INFO - DAG(s) dict_keys(['example_xcom_args', 'example_xcom_args_with_operators']) retrieved from /home/airflow/.local/lib/python3.7/site-packages/airflow/example_dags/example_xcomargs.py
[2023-06-14T16:07:15.662+0000] {logging_mixin.py:149} INFO - [2023-06-14T16:07:15.662+0000] {dag.py:2726} INFO - Sync 2 DAGs
[2023-06-14T16:07:15.692+0000] {logging_mixin.py:149} INFO - [2023-06-14T16:07:15.692+0000] {dag.py:3490} INFO - Setting next_dagrun for example_xcom_args to None, run_after=None
[2023-06-14T16:07:15.697+0000] {logging_mixin.py:149} INFO - [2023-06-14T16:07:15.697+0000] {dag.py:3490} INFO - Setting next_dagrun for example_xcom_args_with_operators to None, run_after=None
[2023-06-14T16:07:15.716+0000] {processor.py:179} INFO - Processing /home/airflow/.local/lib/python3.7/site-packages/airflow/example_dags/example_xcomargs.py took 0.207 seconds
[2023-06-14T16:07:45.951+0000] {processor.py:157} INFO - Started process (PID=315) to work on /home/airflow/.local/lib/python3.7/site-packages/airflow/example_dags/example_xcomargs.py
[2023-06-14T16:07:45.952+0000] {processor.py:826} INFO - Processing file /home/airflow/.local/lib/python3.7/site-packages/airflow/example_dags/example_xcomargs.py for tasks to queue
[2023-06-14T16:07:45.952+0000] {logging_mixin.py:149} INFO - [2023-06-14T16:07:45.952+0000] {dagbag.py:541} INFO - Filling up the DagBag from /home/airflow/.local/lib/python3.7/site-packages/airflow/example_dags/example_xcomargs.py
[2023-06-14T16:07:45.959+0000] {processor.py:836} INFO - DAG(s) dict_keys(['example_xcom_args_with_operators', 'example_xcom_args']) retrieved from /home/airflow/.local/lib/python3.7/site-packages/airflow/example_dags/example_xcomargs.py
[2023-06-14T16:07:45.984+0000] {logging_mixin.py:149} INFO - [2023-06-14T16:07:45.983+0000] {dag.py:2726} INFO - Sync 2 DAGs
[2023-06-14T16:07:46.008+0000] {logging_mixin.py:149} INFO - [2023-06-14T16:07:46.008+0000] {dag.py:3490} INFO - Setting next_dagrun for example_xcom_args to None, run_after=None
[2023-06-14T16:07:46.011+0000] {logging_mixin.py:149} INFO - [2023-06-14T16:07:46.011+0000] {dag.py:3490} INFO - Setting next_dagrun for example_xcom_args_with_operators to None, run_after=None
[2023-06-14T16:07:46.029+0000] {processor.py:179} INFO - Processing /home/airflow/.local/lib/python3.7/site-packages/airflow/example_dags/example_xcomargs.py took 0.081 seconds
[2023-06-14T16:08:16.936+0000] {processor.py:157} INFO - Started process (PID=379) to work on /home/airflow/.local/lib/python3.7/site-packages/airflow/example_dags/example_xcomargs.py
[2023-06-14T16:08:16.937+0000] {processor.py:826} INFO - Processing file /home/airflow/.local/lib/python3.7/site-packages/airflow/example_dags/example_xcomargs.py for tasks to queue
[2023-06-14T16:08:16.938+0000] {logging_mixin.py:149} INFO - [2023-06-14T16:08:16.938+0000] {dagbag.py:541} INFO - Filling up the DagBag from /home/airflow/.local/lib/python3.7/site-packages/airflow/example_dags/example_xcomargs.py
[2023-06-14T16:08:16.947+0000] {processor.py:836} INFO - DAG(s) dict_keys(['example_xcom_args_with_operators', 'example_xcom_args']) retrieved from /home/airflow/.local/lib/python3.7/site-packages/airflow/example_dags/example_xcomargs.py
[2023-06-14T16:08:16.979+0000] {logging_mixin.py:149} INFO - [2023-06-14T16:08:16.979+0000] {dag.py:2726} INFO - Sync 2 DAGs
[2023-06-14T16:08:17.012+0000] {logging_mixin.py:149} INFO - [2023-06-14T16:08:17.012+0000] {dag.py:3490} INFO - Setting next_dagrun for example_xcom_args to None, run_after=None
[2023-06-14T16:08:17.016+0000] {logging_mixin.py:149} INFO - [2023-06-14T16:08:17.016+0000] {dag.py:3490} INFO - Setting next_dagrun for example_xcom_args_with_operators to None, run_after=None
[2023-06-14T16:08:17.039+0000] {processor.py:179} INFO - Processing /home/airflow/.local/lib/python3.7/site-packages/airflow/example_dags/example_xcomargs.py took 0.106 seconds
[2023-06-14T16:08:47.191+0000] {processor.py:157} INFO - Started process (PID=443) to work on /home/airflow/.local/lib/python3.7/site-packages/airflow/example_dags/example_xcomargs.py
[2023-06-14T16:08:47.192+0000] {processor.py:826} INFO - Processing file /home/airflow/.local/lib/python3.7/site-packages/airflow/example_dags/example_xcomargs.py for tasks to queue
[2023-06-14T16:08:47.193+0000] {logging_mixin.py:149} INFO - [2023-06-14T16:08:47.193+0000] {dagbag.py:541} INFO - Filling up the DagBag from /home/airflow/.local/lib/python3.7/site-packages/airflow/example_dags/example_xcomargs.py
[2023-06-14T16:08:47.200+0000] {processor.py:836} INFO - DAG(s) dict_keys(['example_xcom_args_with_operators', 'example_xcom_args']) retrieved from /home/airflow/.local/lib/python3.7/site-packages/airflow/example_dags/example_xcomargs.py
[2023-06-14T16:08:47.227+0000] {logging_mixin.py:149} INFO - [2023-06-14T16:08:47.227+0000] {dag.py:2726} INFO - Sync 2 DAGs
[2023-06-14T16:08:47.253+0000] {logging_mixin.py:149} INFO - [2023-06-14T16:08:47.253+0000] {dag.py:3490} INFO - Setting next_dagrun for example_xcom_args to None, run_after=None
[2023-06-14T16:08:47.257+0000] {logging_mixin.py:149} INFO - [2023-06-14T16:08:47.257+0000] {dag.py:3490} INFO - Setting next_dagrun for example_xcom_args_with_operators to None, run_after=None
[2023-06-14T16:08:47.274+0000] {processor.py:179} INFO - Processing /home/airflow/.local/lib/python3.7/site-packages/airflow/example_dags/example_xcomargs.py took 0.086 seconds
[2023-06-14T16:09:17.486+0000] {processor.py:157} INFO - Started process (PID=508) to work on /home/airflow/.local/lib/python3.7/site-packages/airflow/example_dags/example_xcomargs.py
[2023-06-14T16:09:17.487+0000] {processor.py:826} INFO - Processing file /home/airflow/.local/lib/python3.7/site-packages/airflow/example_dags/example_xcomargs.py for tasks to queue
[2023-06-14T16:09:17.488+0000] {logging_mixin.py:149} INFO - [2023-06-14T16:09:17.487+0000] {dagbag.py:541} INFO - Filling up the DagBag from /home/airflow/.local/lib/python3.7/site-packages/airflow/example_dags/example_xcomargs.py
[2023-06-14T16:09:17.494+0000] {processor.py:836} INFO - DAG(s) dict_keys(['example_xcom_args_with_operators', 'example_xcom_args']) retrieved from /home/airflow/.local/lib/python3.7/site-packages/airflow/example_dags/example_xcomargs.py
[2023-06-14T16:09:17.524+0000] {logging_mixin.py:149} INFO - [2023-06-14T16:09:17.524+0000] {dag.py:2726} INFO - Sync 2 DAGs
[2023-06-14T16:09:17.552+0000] {logging_mixin.py:149} INFO - [2023-06-14T16:09:17.551+0000] {dag.py:3490} INFO - Setting next_dagrun for example_xcom_args to None, run_after=None
[2023-06-14T16:09:17.555+0000] {logging_mixin.py:149} INFO - [2023-06-14T16:09:17.555+0000] {dag.py:3490} INFO - Setting next_dagrun for example_xcom_args_with_operators to None, run_after=None
[2023-06-14T16:09:17.572+0000] {processor.py:179} INFO - Processing /home/airflow/.local/lib/python3.7/site-packages/airflow/example_dags/example_xcomargs.py took 0.089 seconds
