[2023-06-14T16:06:10.020+0000] {processor.py:157} INFO - Started process (PID=48) to work on /home/airflow/.local/lib/python3.7/site-packages/airflow/example_dags/example_kubernetes_executor.py
[2023-06-14T16:06:10.021+0000] {processor.py:826} INFO - Processing file /home/airflow/.local/lib/python3.7/site-packages/airflow/example_dags/example_kubernetes_executor.py for tasks to queue
[2023-06-14T16:06:10.022+0000] {logging_mixin.py:149} INFO - [2023-06-14T16:06:10.022+0000] {dagbag.py:541} INFO - Filling up the DagBag from /home/airflow/.local/lib/python3.7/site-packages/airflow/example_dags/example_kubernetes_executor.py
[2023-06-14T16:06:10.688+0000] {processor.py:836} INFO - DAG(s) dict_keys(['example_kubernetes_executor']) retrieved from /home/airflow/.local/lib/python3.7/site-packages/airflow/example_dags/example_kubernetes_executor.py
[2023-06-14T16:06:10.745+0000] {logging_mixin.py:149} INFO - [2023-06-14T16:06:10.745+0000] {dag.py:2726} INFO - Sync 1 DAGs
[2023-06-14T16:06:10.769+0000] {logging_mixin.py:149} INFO - [2023-06-14T16:06:10.769+0000] {dag.py:3490} INFO - Setting next_dagrun for example_kubernetes_executor to None, run_after=None
[2023-06-14T16:06:10.792+0000] {processor.py:179} INFO - Processing /home/airflow/.local/lib/python3.7/site-packages/airflow/example_dags/example_kubernetes_executor.py took 0.774 seconds
[2023-06-14T16:06:40.937+0000] {processor.py:157} INFO - Started process (PID=125) to work on /home/airflow/.local/lib/python3.7/site-packages/airflow/example_dags/example_kubernetes_executor.py
[2023-06-14T16:06:40.938+0000] {processor.py:826} INFO - Processing file /home/airflow/.local/lib/python3.7/site-packages/airflow/example_dags/example_kubernetes_executor.py for tasks to queue
[2023-06-14T16:06:40.939+0000] {logging_mixin.py:149} INFO - [2023-06-14T16:06:40.938+0000] {dagbag.py:541} INFO - Filling up the DagBag from /home/airflow/.local/lib/python3.7/site-packages/airflow/example_dags/example_kubernetes_executor.py
[2023-06-14T16:06:41.266+0000] {processor.py:836} INFO - DAG(s) dict_keys(['example_kubernetes_executor']) retrieved from /home/airflow/.local/lib/python3.7/site-packages/airflow/example_dags/example_kubernetes_executor.py
[2023-06-14T16:06:41.303+0000] {logging_mixin.py:149} INFO - [2023-06-14T16:06:41.303+0000] {dag.py:2726} INFO - Sync 1 DAGs
[2023-06-14T16:06:41.327+0000] {logging_mixin.py:149} INFO - [2023-06-14T16:06:41.326+0000] {dag.py:3490} INFO - Setting next_dagrun for example_kubernetes_executor to None, run_after=None
[2023-06-14T16:06:41.351+0000] {processor.py:179} INFO - Processing /home/airflow/.local/lib/python3.7/site-packages/airflow/example_dags/example_kubernetes_executor.py took 0.417 seconds
[2023-06-14T16:07:11.560+0000] {processor.py:157} INFO - Started process (PID=202) to work on /home/airflow/.local/lib/python3.7/site-packages/airflow/example_dags/example_kubernetes_executor.py
[2023-06-14T16:07:11.561+0000] {processor.py:826} INFO - Processing file /home/airflow/.local/lib/python3.7/site-packages/airflow/example_dags/example_kubernetes_executor.py for tasks to queue
[2023-06-14T16:07:11.561+0000] {logging_mixin.py:149} INFO - [2023-06-14T16:07:11.561+0000] {dagbag.py:541} INFO - Filling up the DagBag from /home/airflow/.local/lib/python3.7/site-packages/airflow/example_dags/example_kubernetes_executor.py
[2023-06-14T16:07:11.887+0000] {processor.py:836} INFO - DAG(s) dict_keys(['example_kubernetes_executor']) retrieved from /home/airflow/.local/lib/python3.7/site-packages/airflow/example_dags/example_kubernetes_executor.py
[2023-06-14T16:07:11.922+0000] {logging_mixin.py:149} INFO - [2023-06-14T16:07:11.922+0000] {dag.py:2726} INFO - Sync 1 DAGs
[2023-06-14T16:07:11.947+0000] {logging_mixin.py:149} INFO - [2023-06-14T16:07:11.947+0000] {dag.py:3490} INFO - Setting next_dagrun for example_kubernetes_executor to None, run_after=None
[2023-06-14T16:07:11.965+0000] {processor.py:179} INFO - Processing /home/airflow/.local/lib/python3.7/site-packages/airflow/example_dags/example_kubernetes_executor.py took 0.408 seconds
[2023-06-14T16:07:42.544+0000] {processor.py:157} INFO - Started process (PID=278) to work on /home/airflow/.local/lib/python3.7/site-packages/airflow/example_dags/example_kubernetes_executor.py
[2023-06-14T16:07:42.545+0000] {processor.py:826} INFO - Processing file /home/airflow/.local/lib/python3.7/site-packages/airflow/example_dags/example_kubernetes_executor.py for tasks to queue
[2023-06-14T16:07:42.546+0000] {logging_mixin.py:149} INFO - [2023-06-14T16:07:42.546+0000] {dagbag.py:541} INFO - Filling up the DagBag from /home/airflow/.local/lib/python3.7/site-packages/airflow/example_dags/example_kubernetes_executor.py
[2023-06-14T16:07:42.777+0000] {processor.py:836} INFO - DAG(s) dict_keys(['example_kubernetes_executor']) retrieved from /home/airflow/.local/lib/python3.7/site-packages/airflow/example_dags/example_kubernetes_executor.py
[2023-06-14T16:07:42.817+0000] {logging_mixin.py:149} INFO - [2023-06-14T16:07:42.816+0000] {dag.py:2726} INFO - Sync 1 DAGs
[2023-06-14T16:07:42.843+0000] {logging_mixin.py:149} INFO - [2023-06-14T16:07:42.842+0000] {dag.py:3490} INFO - Setting next_dagrun for example_kubernetes_executor to None, run_after=None
[2023-06-14T16:07:42.876+0000] {processor.py:179} INFO - Processing /home/airflow/.local/lib/python3.7/site-packages/airflow/example_dags/example_kubernetes_executor.py took 0.335 seconds
[2023-06-14T16:08:13.651+0000] {processor.py:157} INFO - Started process (PID=343) to work on /home/airflow/.local/lib/python3.7/site-packages/airflow/example_dags/example_kubernetes_executor.py
[2023-06-14T16:08:13.652+0000] {processor.py:826} INFO - Processing file /home/airflow/.local/lib/python3.7/site-packages/airflow/example_dags/example_kubernetes_executor.py for tasks to queue
[2023-06-14T16:08:13.653+0000] {logging_mixin.py:149} INFO - [2023-06-14T16:08:13.653+0000] {dagbag.py:541} INFO - Filling up the DagBag from /home/airflow/.local/lib/python3.7/site-packages/airflow/example_dags/example_kubernetes_executor.py
[2023-06-14T16:08:13.886+0000] {processor.py:836} INFO - DAG(s) dict_keys(['example_kubernetes_executor']) retrieved from /home/airflow/.local/lib/python3.7/site-packages/airflow/example_dags/example_kubernetes_executor.py
[2023-06-14T16:08:13.925+0000] {logging_mixin.py:149} INFO - [2023-06-14T16:08:13.924+0000] {dag.py:2726} INFO - Sync 1 DAGs
[2023-06-14T16:08:13.950+0000] {logging_mixin.py:149} INFO - [2023-06-14T16:08:13.950+0000] {dag.py:3490} INFO - Setting next_dagrun for example_kubernetes_executor to None, run_after=None
[2023-06-14T16:08:13.970+0000] {processor.py:179} INFO - Processing /home/airflow/.local/lib/python3.7/site-packages/airflow/example_dags/example_kubernetes_executor.py took 0.322 seconds
[2023-06-14T16:08:43.998+0000] {processor.py:157} INFO - Started process (PID=407) to work on /home/airflow/.local/lib/python3.7/site-packages/airflow/example_dags/example_kubernetes_executor.py
[2023-06-14T16:08:43.999+0000] {processor.py:826} INFO - Processing file /home/airflow/.local/lib/python3.7/site-packages/airflow/example_dags/example_kubernetes_executor.py for tasks to queue
[2023-06-14T16:08:44.000+0000] {logging_mixin.py:149} INFO - [2023-06-14T16:08:44.000+0000] {dagbag.py:541} INFO - Filling up the DagBag from /home/airflow/.local/lib/python3.7/site-packages/airflow/example_dags/example_kubernetes_executor.py
[2023-06-14T16:08:44.232+0000] {processor.py:836} INFO - DAG(s) dict_keys(['example_kubernetes_executor']) retrieved from /home/airflow/.local/lib/python3.7/site-packages/airflow/example_dags/example_kubernetes_executor.py
[2023-06-14T16:08:44.268+0000] {logging_mixin.py:149} INFO - [2023-06-14T16:08:44.268+0000] {dag.py:2726} INFO - Sync 1 DAGs
[2023-06-14T16:08:44.294+0000] {logging_mixin.py:149} INFO - [2023-06-14T16:08:44.294+0000] {dag.py:3490} INFO - Setting next_dagrun for example_kubernetes_executor to None, run_after=None
[2023-06-14T16:08:44.314+0000] {processor.py:179} INFO - Processing /home/airflow/.local/lib/python3.7/site-packages/airflow/example_dags/example_kubernetes_executor.py took 0.318 seconds
[2023-06-14T16:09:14.384+0000] {processor.py:157} INFO - Started process (PID=473) to work on /home/airflow/.local/lib/python3.7/site-packages/airflow/example_dags/example_kubernetes_executor.py
[2023-06-14T16:09:14.385+0000] {processor.py:826} INFO - Processing file /home/airflow/.local/lib/python3.7/site-packages/airflow/example_dags/example_kubernetes_executor.py for tasks to queue
[2023-06-14T16:09:14.386+0000] {logging_mixin.py:149} INFO - [2023-06-14T16:09:14.386+0000] {dagbag.py:541} INFO - Filling up the DagBag from /home/airflow/.local/lib/python3.7/site-packages/airflow/example_dags/example_kubernetes_executor.py
[2023-06-14T16:09:14.628+0000] {processor.py:836} INFO - DAG(s) dict_keys(['example_kubernetes_executor']) retrieved from /home/airflow/.local/lib/python3.7/site-packages/airflow/example_dags/example_kubernetes_executor.py
[2023-06-14T16:09:14.677+0000] {logging_mixin.py:149} INFO - [2023-06-14T16:09:14.677+0000] {dag.py:2726} INFO - Sync 1 DAGs
[2023-06-14T16:09:14.705+0000] {logging_mixin.py:149} INFO - [2023-06-14T16:09:14.705+0000] {dag.py:3490} INFO - Setting next_dagrun for example_kubernetes_executor to None, run_after=None
[2023-06-14T16:09:14.729+0000] {processor.py:179} INFO - Processing /home/airflow/.local/lib/python3.7/site-packages/airflow/example_dags/example_kubernetes_executor.py took 0.348 seconds
[2023-06-14T16:09:45.566+0000] {processor.py:157} INFO - Started process (PID=538) to work on /home/airflow/.local/lib/python3.7/site-packages/airflow/example_dags/example_kubernetes_executor.py
[2023-06-14T16:09:45.567+0000] {processor.py:826} INFO - Processing file /home/airflow/.local/lib/python3.7/site-packages/airflow/example_dags/example_kubernetes_executor.py for tasks to queue
[2023-06-14T16:09:45.568+0000] {logging_mixin.py:149} INFO - [2023-06-14T16:09:45.568+0000] {dagbag.py:541} INFO - Filling up the DagBag from /home/airflow/.local/lib/python3.7/site-packages/airflow/example_dags/example_kubernetes_executor.py
[2023-06-14T16:09:45.780+0000] {processor.py:836} INFO - DAG(s) dict_keys(['example_kubernetes_executor']) retrieved from /home/airflow/.local/lib/python3.7/site-packages/airflow/example_dags/example_kubernetes_executor.py
[2023-06-14T16:09:45.823+0000] {logging_mixin.py:149} INFO - [2023-06-14T16:09:45.823+0000] {dag.py:2726} INFO - Sync 1 DAGs
[2023-06-14T16:09:45.856+0000] {logging_mixin.py:149} INFO - [2023-06-14T16:09:45.856+0000] {dag.py:3490} INFO - Setting next_dagrun for example_kubernetes_executor to None, run_after=None
[2023-06-14T16:09:45.876+0000] {processor.py:179} INFO - Processing /home/airflow/.local/lib/python3.7/site-packages/airflow/example_dags/example_kubernetes_executor.py took 0.313 seconds
[2023-06-14T16:10:16.035+0000] {processor.py:157} INFO - Started process (PID=602) to work on /home/airflow/.local/lib/python3.7/site-packages/airflow/example_dags/example_kubernetes_executor.py
[2023-06-14T16:10:16.036+0000] {processor.py:826} INFO - Processing file /home/airflow/.local/lib/python3.7/site-packages/airflow/example_dags/example_kubernetes_executor.py for tasks to queue
[2023-06-14T16:10:16.037+0000] {logging_mixin.py:149} INFO - [2023-06-14T16:10:16.036+0000] {dagbag.py:541} INFO - Filling up the DagBag from /home/airflow/.local/lib/python3.7/site-packages/airflow/example_dags/example_kubernetes_executor.py
[2023-06-14T16:10:16.262+0000] {processor.py:836} INFO - DAG(s) dict_keys(['example_kubernetes_executor']) retrieved from /home/airflow/.local/lib/python3.7/site-packages/airflow/example_dags/example_kubernetes_executor.py
[2023-06-14T16:10:16.301+0000] {logging_mixin.py:149} INFO - [2023-06-14T16:10:16.301+0000] {dag.py:2726} INFO - Sync 1 DAGs
[2023-06-14T16:10:16.330+0000] {logging_mixin.py:149} INFO - [2023-06-14T16:10:16.330+0000] {dag.py:3490} INFO - Setting next_dagrun for example_kubernetes_executor to None, run_after=None
[2023-06-14T16:10:16.349+0000] {processor.py:179} INFO - Processing /home/airflow/.local/lib/python3.7/site-packages/airflow/example_dags/example_kubernetes_executor.py took 0.317 seconds
[2023-06-14T16:10:46.439+0000] {processor.py:157} INFO - Started process (PID=668) to work on /home/airflow/.local/lib/python3.7/site-packages/airflow/example_dags/example_kubernetes_executor.py
[2023-06-14T16:10:46.440+0000] {processor.py:826} INFO - Processing file /home/airflow/.local/lib/python3.7/site-packages/airflow/example_dags/example_kubernetes_executor.py for tasks to queue
[2023-06-14T16:10:46.441+0000] {logging_mixin.py:149} INFO - [2023-06-14T16:10:46.441+0000] {dagbag.py:541} INFO - Filling up the DagBag from /home/airflow/.local/lib/python3.7/site-packages/airflow/example_dags/example_kubernetes_executor.py
[2023-06-14T16:10:46.670+0000] {processor.py:836} INFO - DAG(s) dict_keys(['example_kubernetes_executor']) retrieved from /home/airflow/.local/lib/python3.7/site-packages/airflow/example_dags/example_kubernetes_executor.py
[2023-06-14T16:10:46.712+0000] {logging_mixin.py:149} INFO - [2023-06-14T16:10:46.712+0000] {dag.py:2726} INFO - Sync 1 DAGs
[2023-06-14T16:10:46.740+0000] {logging_mixin.py:149} INFO - [2023-06-14T16:10:46.740+0000] {dag.py:3490} INFO - Setting next_dagrun for example_kubernetes_executor to None, run_after=None
[2023-06-14T16:10:46.766+0000] {processor.py:179} INFO - Processing /home/airflow/.local/lib/python3.7/site-packages/airflow/example_dags/example_kubernetes_executor.py took 0.330 seconds
[2023-06-14T16:11:16.898+0000] {processor.py:157} INFO - Started process (PID=746) to work on /home/airflow/.local/lib/python3.7/site-packages/airflow/example_dags/example_kubernetes_executor.py
[2023-06-14T16:11:16.899+0000] {processor.py:826} INFO - Processing file /home/airflow/.local/lib/python3.7/site-packages/airflow/example_dags/example_kubernetes_executor.py for tasks to queue
[2023-06-14T16:11:16.900+0000] {logging_mixin.py:149} INFO - [2023-06-14T16:11:16.900+0000] {dagbag.py:541} INFO - Filling up the DagBag from /home/airflow/.local/lib/python3.7/site-packages/airflow/example_dags/example_kubernetes_executor.py
[2023-06-14T16:11:17.128+0000] {processor.py:836} INFO - DAG(s) dict_keys(['example_kubernetes_executor']) retrieved from /home/airflow/.local/lib/python3.7/site-packages/airflow/example_dags/example_kubernetes_executor.py
[2023-06-14T16:11:17.173+0000] {logging_mixin.py:149} INFO - [2023-06-14T16:11:17.173+0000] {dag.py:2726} INFO - Sync 1 DAGs
[2023-06-14T16:11:17.206+0000] {logging_mixin.py:149} INFO - [2023-06-14T16:11:17.206+0000] {dag.py:3490} INFO - Setting next_dagrun for example_kubernetes_executor to None, run_after=None
[2023-06-14T16:11:17.229+0000] {processor.py:179} INFO - Processing /home/airflow/.local/lib/python3.7/site-packages/airflow/example_dags/example_kubernetes_executor.py took 0.333 seconds
[2023-06-14T16:11:47.261+0000] {processor.py:157} INFO - Started process (PID=824) to work on /home/airflow/.local/lib/python3.7/site-packages/airflow/example_dags/example_kubernetes_executor.py
[2023-06-14T16:11:47.262+0000] {processor.py:826} INFO - Processing file /home/airflow/.local/lib/python3.7/site-packages/airflow/example_dags/example_kubernetes_executor.py for tasks to queue
[2023-06-14T16:11:47.263+0000] {logging_mixin.py:149} INFO - [2023-06-14T16:11:47.263+0000] {dagbag.py:541} INFO - Filling up the DagBag from /home/airflow/.local/lib/python3.7/site-packages/airflow/example_dags/example_kubernetes_executor.py
[2023-06-14T16:11:47.493+0000] {processor.py:836} INFO - DAG(s) dict_keys(['example_kubernetes_executor']) retrieved from /home/airflow/.local/lib/python3.7/site-packages/airflow/example_dags/example_kubernetes_executor.py
[2023-06-14T16:11:47.537+0000] {logging_mixin.py:149} INFO - [2023-06-14T16:11:47.537+0000] {dag.py:2726} INFO - Sync 1 DAGs
[2023-06-14T16:11:47.566+0000] {logging_mixin.py:149} INFO - [2023-06-14T16:11:47.566+0000] {dag.py:3490} INFO - Setting next_dagrun for example_kubernetes_executor to None, run_after=None
[2023-06-14T16:11:47.599+0000] {processor.py:179} INFO - Processing /home/airflow/.local/lib/python3.7/site-packages/airflow/example_dags/example_kubernetes_executor.py took 0.340 seconds
[2023-06-14T16:12:17.689+0000] {processor.py:157} INFO - Started process (PID=902) to work on /home/airflow/.local/lib/python3.7/site-packages/airflow/example_dags/example_kubernetes_executor.py
[2023-06-14T16:12:17.690+0000] {processor.py:826} INFO - Processing file /home/airflow/.local/lib/python3.7/site-packages/airflow/example_dags/example_kubernetes_executor.py for tasks to queue
[2023-06-14T16:12:17.690+0000] {logging_mixin.py:149} INFO - [2023-06-14T16:12:17.690+0000] {dagbag.py:541} INFO - Filling up the DagBag from /home/airflow/.local/lib/python3.7/site-packages/airflow/example_dags/example_kubernetes_executor.py
[2023-06-14T16:12:17.892+0000] {processor.py:836} INFO - DAG(s) dict_keys(['example_kubernetes_executor']) retrieved from /home/airflow/.local/lib/python3.7/site-packages/airflow/example_dags/example_kubernetes_executor.py
[2023-06-14T16:12:17.934+0000] {logging_mixin.py:149} INFO - [2023-06-14T16:12:17.934+0000] {dag.py:2726} INFO - Sync 1 DAGs
[2023-06-14T16:12:17.964+0000] {logging_mixin.py:149} INFO - [2023-06-14T16:12:17.964+0000] {dag.py:3490} INFO - Setting next_dagrun for example_kubernetes_executor to None, run_after=None
[2023-06-14T16:12:17.984+0000] {processor.py:179} INFO - Processing /home/airflow/.local/lib/python3.7/site-packages/airflow/example_dags/example_kubernetes_executor.py took 0.298 seconds
[2023-06-14T16:12:48.035+0000] {processor.py:157} INFO - Started process (PID=981) to work on /home/airflow/.local/lib/python3.7/site-packages/airflow/example_dags/example_kubernetes_executor.py
[2023-06-14T16:12:48.036+0000] {processor.py:826} INFO - Processing file /home/airflow/.local/lib/python3.7/site-packages/airflow/example_dags/example_kubernetes_executor.py for tasks to queue
[2023-06-14T16:12:48.036+0000] {logging_mixin.py:149} INFO - [2023-06-14T16:12:48.036+0000] {dagbag.py:541} INFO - Filling up the DagBag from /home/airflow/.local/lib/python3.7/site-packages/airflow/example_dags/example_kubernetes_executor.py
[2023-06-14T16:12:48.252+0000] {processor.py:836} INFO - DAG(s) dict_keys(['example_kubernetes_executor']) retrieved from /home/airflow/.local/lib/python3.7/site-packages/airflow/example_dags/example_kubernetes_executor.py
[2023-06-14T16:12:48.293+0000] {logging_mixin.py:149} INFO - [2023-06-14T16:12:48.292+0000] {dag.py:2726} INFO - Sync 1 DAGs
[2023-06-14T16:12:48.319+0000] {logging_mixin.py:149} INFO - [2023-06-14T16:12:48.319+0000] {dag.py:3490} INFO - Setting next_dagrun for example_kubernetes_executor to None, run_after=None
[2023-06-14T16:12:48.340+0000] {processor.py:179} INFO - Processing /home/airflow/.local/lib/python3.7/site-packages/airflow/example_dags/example_kubernetes_executor.py took 0.307 seconds
[2023-06-14T16:13:18.642+0000] {processor.py:157} INFO - Started process (PID=1059) to work on /home/airflow/.local/lib/python3.7/site-packages/airflow/example_dags/example_kubernetes_executor.py
[2023-06-14T16:13:18.643+0000] {processor.py:826} INFO - Processing file /home/airflow/.local/lib/python3.7/site-packages/airflow/example_dags/example_kubernetes_executor.py for tasks to queue
[2023-06-14T16:13:18.643+0000] {logging_mixin.py:149} INFO - [2023-06-14T16:13:18.643+0000] {dagbag.py:541} INFO - Filling up the DagBag from /home/airflow/.local/lib/python3.7/site-packages/airflow/example_dags/example_kubernetes_executor.py
[2023-06-14T16:13:18.846+0000] {processor.py:836} INFO - DAG(s) dict_keys(['example_kubernetes_executor']) retrieved from /home/airflow/.local/lib/python3.7/site-packages/airflow/example_dags/example_kubernetes_executor.py
[2023-06-14T16:13:18.886+0000] {logging_mixin.py:149} INFO - [2023-06-14T16:13:18.885+0000] {dag.py:2726} INFO - Sync 1 DAGs
[2023-06-14T16:13:18.911+0000] {logging_mixin.py:149} INFO - [2023-06-14T16:13:18.910+0000] {dag.py:3490} INFO - Setting next_dagrun for example_kubernetes_executor to None, run_after=None
[2023-06-14T16:13:18.931+0000] {processor.py:179} INFO - Processing /home/airflow/.local/lib/python3.7/site-packages/airflow/example_dags/example_kubernetes_executor.py took 0.292 seconds
[2023-06-14T16:13:49.001+0000] {processor.py:157} INFO - Started process (PID=1136) to work on /home/airflow/.local/lib/python3.7/site-packages/airflow/example_dags/example_kubernetes_executor.py
[2023-06-14T16:13:49.002+0000] {processor.py:826} INFO - Processing file /home/airflow/.local/lib/python3.7/site-packages/airflow/example_dags/example_kubernetes_executor.py for tasks to queue
[2023-06-14T16:13:49.003+0000] {logging_mixin.py:149} INFO - [2023-06-14T16:13:49.003+0000] {dagbag.py:541} INFO - Filling up the DagBag from /home/airflow/.local/lib/python3.7/site-packages/airflow/example_dags/example_kubernetes_executor.py
[2023-06-14T16:13:49.200+0000] {processor.py:836} INFO - DAG(s) dict_keys(['example_kubernetes_executor']) retrieved from /home/airflow/.local/lib/python3.7/site-packages/airflow/example_dags/example_kubernetes_executor.py
[2023-06-14T16:13:49.237+0000] {logging_mixin.py:149} INFO - [2023-06-14T16:13:49.237+0000] {dag.py:2726} INFO - Sync 1 DAGs
[2023-06-14T16:13:49.262+0000] {logging_mixin.py:149} INFO - [2023-06-14T16:13:49.261+0000] {dag.py:3490} INFO - Setting next_dagrun for example_kubernetes_executor to None, run_after=None
[2023-06-14T16:13:49.280+0000] {processor.py:179} INFO - Processing /home/airflow/.local/lib/python3.7/site-packages/airflow/example_dags/example_kubernetes_executor.py took 0.281 seconds
[2023-06-14T16:14:19.400+0000] {processor.py:157} INFO - Started process (PID=1213) to work on /home/airflow/.local/lib/python3.7/site-packages/airflow/example_dags/example_kubernetes_executor.py
[2023-06-14T16:14:19.402+0000] {processor.py:826} INFO - Processing file /home/airflow/.local/lib/python3.7/site-packages/airflow/example_dags/example_kubernetes_executor.py for tasks to queue
[2023-06-14T16:14:19.402+0000] {logging_mixin.py:149} INFO - [2023-06-14T16:14:19.402+0000] {dagbag.py:541} INFO - Filling up the DagBag from /home/airflow/.local/lib/python3.7/site-packages/airflow/example_dags/example_kubernetes_executor.py
[2023-06-14T16:14:19.637+0000] {processor.py:836} INFO - DAG(s) dict_keys(['example_kubernetes_executor']) retrieved from /home/airflow/.local/lib/python3.7/site-packages/airflow/example_dags/example_kubernetes_executor.py
[2023-06-14T16:14:19.679+0000] {logging_mixin.py:149} INFO - [2023-06-14T16:14:19.679+0000] {dag.py:2726} INFO - Sync 1 DAGs
[2023-06-14T16:14:19.711+0000] {logging_mixin.py:149} INFO - [2023-06-14T16:14:19.710+0000] {dag.py:3490} INFO - Setting next_dagrun for example_kubernetes_executor to None, run_after=None
[2023-06-14T16:14:19.729+0000] {processor.py:179} INFO - Processing /home/airflow/.local/lib/python3.7/site-packages/airflow/example_dags/example_kubernetes_executor.py took 0.331 seconds
[2023-06-14T16:14:49.839+0000] {processor.py:157} INFO - Started process (PID=1290) to work on /home/airflow/.local/lib/python3.7/site-packages/airflow/example_dags/example_kubernetes_executor.py
[2023-06-14T16:14:49.840+0000] {processor.py:826} INFO - Processing file /home/airflow/.local/lib/python3.7/site-packages/airflow/example_dags/example_kubernetes_executor.py for tasks to queue
[2023-06-14T16:14:49.841+0000] {logging_mixin.py:149} INFO - [2023-06-14T16:14:49.840+0000] {dagbag.py:541} INFO - Filling up the DagBag from /home/airflow/.local/lib/python3.7/site-packages/airflow/example_dags/example_kubernetes_executor.py
[2023-06-14T16:14:50.033+0000] {processor.py:836} INFO - DAG(s) dict_keys(['example_kubernetes_executor']) retrieved from /home/airflow/.local/lib/python3.7/site-packages/airflow/example_dags/example_kubernetes_executor.py
[2023-06-14T16:14:50.070+0000] {logging_mixin.py:149} INFO - [2023-06-14T16:14:50.070+0000] {dag.py:2726} INFO - Sync 1 DAGs
[2023-06-14T16:14:50.096+0000] {logging_mixin.py:149} INFO - [2023-06-14T16:14:50.095+0000] {dag.py:3490} INFO - Setting next_dagrun for example_kubernetes_executor to None, run_after=None
[2023-06-14T16:14:50.114+0000] {processor.py:179} INFO - Processing /home/airflow/.local/lib/python3.7/site-packages/airflow/example_dags/example_kubernetes_executor.py took 0.277 seconds
[2023-06-14T16:15:20.230+0000] {processor.py:157} INFO - Started process (PID=1367) to work on /home/airflow/.local/lib/python3.7/site-packages/airflow/example_dags/example_kubernetes_executor.py
[2023-06-14T16:15:20.231+0000] {processor.py:826} INFO - Processing file /home/airflow/.local/lib/python3.7/site-packages/airflow/example_dags/example_kubernetes_executor.py for tasks to queue
[2023-06-14T16:15:20.232+0000] {logging_mixin.py:149} INFO - [2023-06-14T16:15:20.231+0000] {dagbag.py:541} INFO - Filling up the DagBag from /home/airflow/.local/lib/python3.7/site-packages/airflow/example_dags/example_kubernetes_executor.py
[2023-06-14T16:15:20.409+0000] {processor.py:836} INFO - DAG(s) dict_keys(['example_kubernetes_executor']) retrieved from /home/airflow/.local/lib/python3.7/site-packages/airflow/example_dags/example_kubernetes_executor.py
[2023-06-14T16:15:20.441+0000] {logging_mixin.py:149} INFO - [2023-06-14T16:15:20.441+0000] {dag.py:2726} INFO - Sync 1 DAGs
[2023-06-14T16:15:20.462+0000] {logging_mixin.py:149} INFO - [2023-06-14T16:15:20.462+0000] {dag.py:3490} INFO - Setting next_dagrun for example_kubernetes_executor to None, run_after=None
[2023-06-14T16:15:20.477+0000] {processor.py:179} INFO - Processing /home/airflow/.local/lib/python3.7/site-packages/airflow/example_dags/example_kubernetes_executor.py took 0.249 seconds
[2023-06-14T16:15:50.769+0000] {processor.py:157} INFO - Started process (PID=1444) to work on /home/airflow/.local/lib/python3.7/site-packages/airflow/example_dags/example_kubernetes_executor.py
[2023-06-14T16:15:50.769+0000] {processor.py:826} INFO - Processing file /home/airflow/.local/lib/python3.7/site-packages/airflow/example_dags/example_kubernetes_executor.py for tasks to queue
[2023-06-14T16:15:50.770+0000] {logging_mixin.py:149} INFO - [2023-06-14T16:15:50.770+0000] {dagbag.py:541} INFO - Filling up the DagBag from /home/airflow/.local/lib/python3.7/site-packages/airflow/example_dags/example_kubernetes_executor.py
[2023-06-14T16:15:50.973+0000] {processor.py:836} INFO - DAG(s) dict_keys(['example_kubernetes_executor']) retrieved from /home/airflow/.local/lib/python3.7/site-packages/airflow/example_dags/example_kubernetes_executor.py
[2023-06-14T16:15:51.010+0000] {logging_mixin.py:149} INFO - [2023-06-14T16:15:51.010+0000] {dag.py:2726} INFO - Sync 1 DAGs
[2023-06-14T16:15:51.038+0000] {logging_mixin.py:149} INFO - [2023-06-14T16:15:51.038+0000] {dag.py:3490} INFO - Setting next_dagrun for example_kubernetes_executor to None, run_after=None
[2023-06-14T16:15:51.059+0000] {processor.py:179} INFO - Processing /home/airflow/.local/lib/python3.7/site-packages/airflow/example_dags/example_kubernetes_executor.py took 0.292 seconds
[2023-06-14T16:16:21.422+0000] {processor.py:157} INFO - Started process (PID=1521) to work on /home/airflow/.local/lib/python3.7/site-packages/airflow/example_dags/example_kubernetes_executor.py
[2023-06-14T16:16:21.422+0000] {processor.py:826} INFO - Processing file /home/airflow/.local/lib/python3.7/site-packages/airflow/example_dags/example_kubernetes_executor.py for tasks to queue
[2023-06-14T16:16:21.423+0000] {logging_mixin.py:149} INFO - [2023-06-14T16:16:21.423+0000] {dagbag.py:541} INFO - Filling up the DagBag from /home/airflow/.local/lib/python3.7/site-packages/airflow/example_dags/example_kubernetes_executor.py
[2023-06-14T16:16:21.661+0000] {processor.py:836} INFO - DAG(s) dict_keys(['example_kubernetes_executor']) retrieved from /home/airflow/.local/lib/python3.7/site-packages/airflow/example_dags/example_kubernetes_executor.py
[2023-06-14T16:16:21.699+0000] {logging_mixin.py:149} INFO - [2023-06-14T16:16:21.699+0000] {dag.py:2726} INFO - Sync 1 DAGs
[2023-06-14T16:16:21.729+0000] {logging_mixin.py:149} INFO - [2023-06-14T16:16:21.729+0000] {dag.py:3490} INFO - Setting next_dagrun for example_kubernetes_executor to None, run_after=None
[2023-06-14T16:16:21.751+0000] {processor.py:179} INFO - Processing /home/airflow/.local/lib/python3.7/site-packages/airflow/example_dags/example_kubernetes_executor.py took 0.332 seconds
