[2023-06-14T16:06:11.979+0000] {processor.py:157} INFO - Started process (PID=69) to work on /home/airflow/.local/lib/python3.7/site-packages/airflow/example_dags/example_sla_dag.py
[2023-06-14T16:06:11.980+0000] {processor.py:826} INFO - Processing file /home/airflow/.local/lib/python3.7/site-packages/airflow/example_dags/example_sla_dag.py for tasks to queue
[2023-06-14T16:06:11.981+0000] {logging_mixin.py:149} INFO - [2023-06-14T16:06:11.980+0000] {dagbag.py:541} INFO - Filling up the DagBag from /home/airflow/.local/lib/python3.7/site-packages/airflow/example_dags/example_sla_dag.py
[2023-06-14T16:06:11.990+0000] {processor.py:836} INFO - DAG(s) dict_keys(['example_sla_dag']) retrieved from /home/airflow/.local/lib/python3.7/site-packages/airflow/example_dags/example_sla_dag.py
[2023-06-14T16:06:12.017+0000] {logging_mixin.py:149} INFO - [2023-06-14T16:06:12.017+0000] {dag.py:2726} INFO - Sync 1 DAGs
[2023-06-14T16:06:12.062+0000] {logging_mixin.py:149} INFO - [2023-06-14T16:06:12.061+0000] {dag.py:3490} INFO - Setting next_dagrun for example_sla_dag to 2023-06-14T16:04:00+00:00, run_after=2023-06-14T16:06:00+00:00
[2023-06-14T16:06:12.083+0000] {processor.py:179} INFO - Processing /home/airflow/.local/lib/python3.7/site-packages/airflow/example_dags/example_sla_dag.py took 0.107 seconds
[2023-06-14T16:06:42.611+0000] {processor.py:157} INFO - Started process (PID=146) to work on /home/airflow/.local/lib/python3.7/site-packages/airflow/example_dags/example_sla_dag.py
[2023-06-14T16:06:42.613+0000] {processor.py:826} INFO - Processing file /home/airflow/.local/lib/python3.7/site-packages/airflow/example_dags/example_sla_dag.py for tasks to queue
[2023-06-14T16:06:42.613+0000] {logging_mixin.py:149} INFO - [2023-06-14T16:06:42.613+0000] {dagbag.py:541} INFO - Filling up the DagBag from /home/airflow/.local/lib/python3.7/site-packages/airflow/example_dags/example_sla_dag.py
[2023-06-14T16:06:42.625+0000] {processor.py:836} INFO - DAG(s) dict_keys(['example_sla_dag']) retrieved from /home/airflow/.local/lib/python3.7/site-packages/airflow/example_dags/example_sla_dag.py
[2023-06-14T16:06:42.653+0000] {logging_mixin.py:149} INFO - [2023-06-14T16:06:42.653+0000] {dag.py:2726} INFO - Sync 1 DAGs
[2023-06-14T16:06:42.694+0000] {logging_mixin.py:149} INFO - [2023-06-14T16:06:42.693+0000] {dag.py:3490} INFO - Setting next_dagrun for example_sla_dag to 2023-06-14T16:04:00+00:00, run_after=2023-06-14T16:06:00+00:00
[2023-06-14T16:06:42.723+0000] {processor.py:179} INFO - Processing /home/airflow/.local/lib/python3.7/site-packages/airflow/example_dags/example_sla_dag.py took 0.114 seconds
[2023-06-14T16:07:13.731+0000] {processor.py:157} INFO - Started process (PID=223) to work on /home/airflow/.local/lib/python3.7/site-packages/airflow/example_dags/example_sla_dag.py
[2023-06-14T16:07:13.732+0000] {processor.py:826} INFO - Processing file /home/airflow/.local/lib/python3.7/site-packages/airflow/example_dags/example_sla_dag.py for tasks to queue
[2023-06-14T16:07:13.733+0000] {logging_mixin.py:149} INFO - [2023-06-14T16:07:13.733+0000] {dagbag.py:541} INFO - Filling up the DagBag from /home/airflow/.local/lib/python3.7/site-packages/airflow/example_dags/example_sla_dag.py
[2023-06-14T16:07:13.740+0000] {processor.py:836} INFO - DAG(s) dict_keys(['example_sla_dag']) retrieved from /home/airflow/.local/lib/python3.7/site-packages/airflow/example_dags/example_sla_dag.py
[2023-06-14T16:07:13.861+0000] {logging_mixin.py:149} INFO - [2023-06-14T16:07:13.861+0000] {dag.py:2726} INFO - Sync 1 DAGs
[2023-06-14T16:07:13.891+0000] {logging_mixin.py:149} INFO - [2023-06-14T16:07:13.891+0000] {dag.py:3490} INFO - Setting next_dagrun for example_sla_dag to 2023-06-14T16:04:00+00:00, run_after=2023-06-14T16:06:00+00:00
[2023-06-14T16:07:13.913+0000] {processor.py:179} INFO - Processing /home/airflow/.local/lib/python3.7/site-packages/airflow/example_dags/example_sla_dag.py took 0.185 seconds
[2023-06-14T16:07:44.108+0000] {processor.py:157} INFO - Started process (PID=300) to work on /home/airflow/.local/lib/python3.7/site-packages/airflow/example_dags/example_sla_dag.py
[2023-06-14T16:07:44.109+0000] {processor.py:826} INFO - Processing file /home/airflow/.local/lib/python3.7/site-packages/airflow/example_dags/example_sla_dag.py for tasks to queue
[2023-06-14T16:07:44.109+0000] {logging_mixin.py:149} INFO - [2023-06-14T16:07:44.109+0000] {dagbag.py:541} INFO - Filling up the DagBag from /home/airflow/.local/lib/python3.7/site-packages/airflow/example_dags/example_sla_dag.py
[2023-06-14T16:07:44.115+0000] {processor.py:836} INFO - DAG(s) dict_keys(['example_sla_dag']) retrieved from /home/airflow/.local/lib/python3.7/site-packages/airflow/example_dags/example_sla_dag.py
[2023-06-14T16:07:44.135+0000] {logging_mixin.py:149} INFO - [2023-06-14T16:07:44.135+0000] {dag.py:2726} INFO - Sync 1 DAGs
[2023-06-14T16:07:44.166+0000] {logging_mixin.py:149} INFO - [2023-06-14T16:07:44.165+0000] {dag.py:3490} INFO - Setting next_dagrun for example_sla_dag to 2023-06-14T16:04:00+00:00, run_after=2023-06-14T16:06:00+00:00
[2023-06-14T16:07:44.182+0000] {processor.py:179} INFO - Processing /home/airflow/.local/lib/python3.7/site-packages/airflow/example_dags/example_sla_dag.py took 0.076 seconds
[2023-06-14T16:08:14.927+0000] {processor.py:157} INFO - Started process (PID=364) to work on /home/airflow/.local/lib/python3.7/site-packages/airflow/example_dags/example_sla_dag.py
[2023-06-14T16:08:14.927+0000] {processor.py:826} INFO - Processing file /home/airflow/.local/lib/python3.7/site-packages/airflow/example_dags/example_sla_dag.py for tasks to queue
[2023-06-14T16:08:14.928+0000] {logging_mixin.py:149} INFO - [2023-06-14T16:08:14.928+0000] {dagbag.py:541} INFO - Filling up the DagBag from /home/airflow/.local/lib/python3.7/site-packages/airflow/example_dags/example_sla_dag.py
[2023-06-14T16:08:14.935+0000] {processor.py:836} INFO - DAG(s) dict_keys(['example_sla_dag']) retrieved from /home/airflow/.local/lib/python3.7/site-packages/airflow/example_dags/example_sla_dag.py
[2023-06-14T16:08:14.955+0000] {logging_mixin.py:149} INFO - [2023-06-14T16:08:14.955+0000] {dag.py:2726} INFO - Sync 1 DAGs
[2023-06-14T16:08:14.984+0000] {logging_mixin.py:149} INFO - [2023-06-14T16:08:14.984+0000] {dag.py:3490} INFO - Setting next_dagrun for example_sla_dag to 2023-06-14T16:06:00+00:00, run_after=2023-06-14T16:08:00+00:00
[2023-06-14T16:08:15.003+0000] {processor.py:179} INFO - Processing /home/airflow/.local/lib/python3.7/site-packages/airflow/example_dags/example_sla_dag.py took 0.078 seconds
[2023-06-14T16:08:45.375+0000] {processor.py:157} INFO - Started process (PID=428) to work on /home/airflow/.local/lib/python3.7/site-packages/airflow/example_dags/example_sla_dag.py
[2023-06-14T16:08:45.376+0000] {processor.py:826} INFO - Processing file /home/airflow/.local/lib/python3.7/site-packages/airflow/example_dags/example_sla_dag.py for tasks to queue
[2023-06-14T16:08:45.377+0000] {logging_mixin.py:149} INFO - [2023-06-14T16:08:45.377+0000] {dagbag.py:541} INFO - Filling up the DagBag from /home/airflow/.local/lib/python3.7/site-packages/airflow/example_dags/example_sla_dag.py
[2023-06-14T16:08:45.385+0000] {processor.py:836} INFO - DAG(s) dict_keys(['example_sla_dag']) retrieved from /home/airflow/.local/lib/python3.7/site-packages/airflow/example_dags/example_sla_dag.py
[2023-06-14T16:08:45.408+0000] {logging_mixin.py:149} INFO - [2023-06-14T16:08:45.407+0000] {dag.py:2726} INFO - Sync 1 DAGs
[2023-06-14T16:08:45.440+0000] {logging_mixin.py:149} INFO - [2023-06-14T16:08:45.440+0000] {dag.py:3490} INFO - Setting next_dagrun for example_sla_dag to 2023-06-14T16:06:00+00:00, run_after=2023-06-14T16:08:00+00:00
[2023-06-14T16:08:45.459+0000] {processor.py:179} INFO - Processing /home/airflow/.local/lib/python3.7/site-packages/airflow/example_dags/example_sla_dag.py took 0.086 seconds
[2023-06-14T16:09:15.598+0000] {processor.py:157} INFO - Started process (PID=492) to work on /home/airflow/.local/lib/python3.7/site-packages/airflow/example_dags/example_sla_dag.py
[2023-06-14T16:09:15.600+0000] {processor.py:826} INFO - Processing file /home/airflow/.local/lib/python3.7/site-packages/airflow/example_dags/example_sla_dag.py for tasks to queue
[2023-06-14T16:09:15.601+0000] {logging_mixin.py:149} INFO - [2023-06-14T16:09:15.601+0000] {dagbag.py:541} INFO - Filling up the DagBag from /home/airflow/.local/lib/python3.7/site-packages/airflow/example_dags/example_sla_dag.py
[2023-06-14T16:09:15.611+0000] {processor.py:836} INFO - DAG(s) dict_keys(['example_sla_dag']) retrieved from /home/airflow/.local/lib/python3.7/site-packages/airflow/example_dags/example_sla_dag.py
[2023-06-14T16:09:15.633+0000] {logging_mixin.py:149} INFO - [2023-06-14T16:09:15.633+0000] {dag.py:2726} INFO - Sync 1 DAGs
[2023-06-14T16:09:15.667+0000] {logging_mixin.py:149} INFO - [2023-06-14T16:09:15.667+0000] {dag.py:3490} INFO - Setting next_dagrun for example_sla_dag to 2023-06-14T16:06:00+00:00, run_after=2023-06-14T16:08:00+00:00
[2023-06-14T16:09:15.685+0000] {processor.py:179} INFO - Processing /home/airflow/.local/lib/python3.7/site-packages/airflow/example_dags/example_sla_dag.py took 0.091 seconds
