[2023-06-14T16:06:12.472+0000] {processor.py:157} INFO - Started process (PID=76) to work on /home/airflow/.local/lib/python3.7/site-packages/airflow/example_dags/example_branch_python_dop_operator_3.py
[2023-06-14T16:06:12.473+0000] {processor.py:826} INFO - Processing file /home/airflow/.local/lib/python3.7/site-packages/airflow/example_dags/example_branch_python_dop_operator_3.py for tasks to queue
[2023-06-14T16:06:12.474+0000] {logging_mixin.py:149} INFO - [2023-06-14T16:06:12.474+0000] {dagbag.py:541} INFO - Filling up the DagBag from /home/airflow/.local/lib/python3.7/site-packages/airflow/example_dags/example_branch_python_dop_operator_3.py
[2023-06-14T16:06:12.483+0000] {processor.py:836} INFO - DAG(s) dict_keys(['example_branch_dop_operator_v3']) retrieved from /home/airflow/.local/lib/python3.7/site-packages/airflow/example_dags/example_branch_python_dop_operator_3.py
[2023-06-14T16:06:12.512+0000] {logging_mixin.py:149} INFO - [2023-06-14T16:06:12.512+0000] {dag.py:2726} INFO - Sync 1 DAGs
[2023-06-14T16:06:12.552+0000] {logging_mixin.py:149} INFO - [2023-06-14T16:06:12.552+0000] {dag.py:3490} INFO - Setting next_dagrun for example_branch_dop_operator_v3 to 2023-06-14T16:05:00+00:00, run_after=2023-06-14T16:06:00+00:00
[2023-06-14T16:06:12.574+0000] {processor.py:179} INFO - Processing /home/airflow/.local/lib/python3.7/site-packages/airflow/example_dags/example_branch_python_dop_operator_3.py took 0.104 seconds
[2023-06-14T16:06:43.279+0000] {processor.py:157} INFO - Started process (PID=153) to work on /home/airflow/.local/lib/python3.7/site-packages/airflow/example_dags/example_branch_python_dop_operator_3.py
[2023-06-14T16:06:43.280+0000] {processor.py:826} INFO - Processing file /home/airflow/.local/lib/python3.7/site-packages/airflow/example_dags/example_branch_python_dop_operator_3.py for tasks to queue
[2023-06-14T16:06:43.282+0000] {logging_mixin.py:149} INFO - [2023-06-14T16:06:43.282+0000] {dagbag.py:541} INFO - Filling up the DagBag from /home/airflow/.local/lib/python3.7/site-packages/airflow/example_dags/example_branch_python_dop_operator_3.py
[2023-06-14T16:06:43.289+0000] {processor.py:836} INFO - DAG(s) dict_keys(['example_branch_dop_operator_v3']) retrieved from /home/airflow/.local/lib/python3.7/site-packages/airflow/example_dags/example_branch_python_dop_operator_3.py
[2023-06-14T16:06:43.327+0000] {logging_mixin.py:149} INFO - [2023-06-14T16:06:43.327+0000] {dag.py:2726} INFO - Sync 1 DAGs
[2023-06-14T16:06:43.361+0000] {logging_mixin.py:149} INFO - [2023-06-14T16:06:43.361+0000] {dag.py:3490} INFO - Setting next_dagrun for example_branch_dop_operator_v3 to 2023-06-14T16:05:00+00:00, run_after=2023-06-14T16:06:00+00:00
[2023-06-14T16:06:43.386+0000] {processor.py:179} INFO - Processing /home/airflow/.local/lib/python3.7/site-packages/airflow/example_dags/example_branch_python_dop_operator_3.py took 0.110 seconds
[2023-06-14T16:07:14.617+0000] {processor.py:157} INFO - Started process (PID=230) to work on /home/airflow/.local/lib/python3.7/site-packages/airflow/example_dags/example_branch_python_dop_operator_3.py
[2023-06-14T16:07:14.618+0000] {processor.py:826} INFO - Processing file /home/airflow/.local/lib/python3.7/site-packages/airflow/example_dags/example_branch_python_dop_operator_3.py for tasks to queue
[2023-06-14T16:07:14.619+0000] {logging_mixin.py:149} INFO - [2023-06-14T16:07:14.619+0000] {dagbag.py:541} INFO - Filling up the DagBag from /home/airflow/.local/lib/python3.7/site-packages/airflow/example_dags/example_branch_python_dop_operator_3.py
[2023-06-14T16:07:14.626+0000] {processor.py:836} INFO - DAG(s) dict_keys(['example_branch_dop_operator_v3']) retrieved from /home/airflow/.local/lib/python3.7/site-packages/airflow/example_dags/example_branch_python_dop_operator_3.py
[2023-06-14T16:07:14.753+0000] {logging_mixin.py:149} INFO - [2023-06-14T16:07:14.753+0000] {dag.py:2726} INFO - Sync 1 DAGs
[2023-06-14T16:07:14.789+0000] {logging_mixin.py:149} INFO - [2023-06-14T16:07:14.789+0000] {dag.py:3490} INFO - Setting next_dagrun for example_branch_dop_operator_v3 to 2023-06-14T16:06:00+00:00, run_after=2023-06-14T16:07:00+00:00
[2023-06-14T16:07:14.812+0000] {processor.py:179} INFO - Processing /home/airflow/.local/lib/python3.7/site-packages/airflow/example_dags/example_branch_python_dop_operator_3.py took 0.198 seconds
[2023-06-14T16:07:45.452+0000] {processor.py:157} INFO - Started process (PID=307) to work on /home/airflow/.local/lib/python3.7/site-packages/airflow/example_dags/example_branch_python_dop_operator_3.py
[2023-06-14T16:07:45.453+0000] {processor.py:826} INFO - Processing file /home/airflow/.local/lib/python3.7/site-packages/airflow/example_dags/example_branch_python_dop_operator_3.py for tasks to queue
[2023-06-14T16:07:45.453+0000] {logging_mixin.py:149} INFO - [2023-06-14T16:07:45.453+0000] {dagbag.py:541} INFO - Filling up the DagBag from /home/airflow/.local/lib/python3.7/site-packages/airflow/example_dags/example_branch_python_dop_operator_3.py
[2023-06-14T16:07:45.460+0000] {processor.py:836} INFO - DAG(s) dict_keys(['example_branch_dop_operator_v3']) retrieved from /home/airflow/.local/lib/python3.7/site-packages/airflow/example_dags/example_branch_python_dop_operator_3.py
[2023-06-14T16:07:45.482+0000] {logging_mixin.py:149} INFO - [2023-06-14T16:07:45.482+0000] {dag.py:2726} INFO - Sync 1 DAGs
[2023-06-14T16:07:45.509+0000] {logging_mixin.py:149} INFO - [2023-06-14T16:07:45.509+0000] {dag.py:3490} INFO - Setting next_dagrun for example_branch_dop_operator_v3 to 2023-06-14T16:06:00+00:00, run_after=2023-06-14T16:07:00+00:00
[2023-06-14T16:07:45.526+0000] {processor.py:179} INFO - Processing /home/airflow/.local/lib/python3.7/site-packages/airflow/example_dags/example_branch_python_dop_operator_3.py took 0.076 seconds
[2023-06-14T16:08:16.352+0000] {processor.py:157} INFO - Started process (PID=371) to work on /home/airflow/.local/lib/python3.7/site-packages/airflow/example_dags/example_branch_python_dop_operator_3.py
[2023-06-14T16:08:16.353+0000] {processor.py:826} INFO - Processing file /home/airflow/.local/lib/python3.7/site-packages/airflow/example_dags/example_branch_python_dop_operator_3.py for tasks to queue
[2023-06-14T16:08:16.354+0000] {logging_mixin.py:149} INFO - [2023-06-14T16:08:16.354+0000] {dagbag.py:541} INFO - Filling up the DagBag from /home/airflow/.local/lib/python3.7/site-packages/airflow/example_dags/example_branch_python_dop_operator_3.py
[2023-06-14T16:08:16.363+0000] {processor.py:836} INFO - DAG(s) dict_keys(['example_branch_dop_operator_v3']) retrieved from /home/airflow/.local/lib/python3.7/site-packages/airflow/example_dags/example_branch_python_dop_operator_3.py
[2023-06-14T16:08:16.388+0000] {logging_mixin.py:149} INFO - [2023-06-14T16:08:16.388+0000] {dag.py:2726} INFO - Sync 1 DAGs
[2023-06-14T16:08:16.424+0000] {logging_mixin.py:149} INFO - [2023-06-14T16:08:16.424+0000] {dag.py:3490} INFO - Setting next_dagrun for example_branch_dop_operator_v3 to 2023-06-14T16:07:00+00:00, run_after=2023-06-14T16:08:00+00:00
[2023-06-14T16:08:16.449+0000] {processor.py:179} INFO - Processing /home/airflow/.local/lib/python3.7/site-packages/airflow/example_dags/example_branch_python_dop_operator_3.py took 0.099 seconds
[2023-06-14T16:08:46.715+0000] {processor.py:157} INFO - Started process (PID=435) to work on /home/airflow/.local/lib/python3.7/site-packages/airflow/example_dags/example_branch_python_dop_operator_3.py
[2023-06-14T16:08:46.716+0000] {processor.py:826} INFO - Processing file /home/airflow/.local/lib/python3.7/site-packages/airflow/example_dags/example_branch_python_dop_operator_3.py for tasks to queue
[2023-06-14T16:08:46.716+0000] {logging_mixin.py:149} INFO - [2023-06-14T16:08:46.716+0000] {dagbag.py:541} INFO - Filling up the DagBag from /home/airflow/.local/lib/python3.7/site-packages/airflow/example_dags/example_branch_python_dop_operator_3.py
[2023-06-14T16:08:46.724+0000] {processor.py:836} INFO - DAG(s) dict_keys(['example_branch_dop_operator_v3']) retrieved from /home/airflow/.local/lib/python3.7/site-packages/airflow/example_dags/example_branch_python_dop_operator_3.py
[2023-06-14T16:08:46.748+0000] {logging_mixin.py:149} INFO - [2023-06-14T16:08:46.748+0000] {dag.py:2726} INFO - Sync 1 DAGs
[2023-06-14T16:08:46.777+0000] {logging_mixin.py:149} INFO - [2023-06-14T16:08:46.776+0000] {dag.py:3490} INFO - Setting next_dagrun for example_branch_dop_operator_v3 to 2023-06-14T16:07:00+00:00, run_after=2023-06-14T16:08:00+00:00
[2023-06-14T16:08:46.793+0000] {processor.py:179} INFO - Processing /home/airflow/.local/lib/python3.7/site-packages/airflow/example_dags/example_branch_python_dop_operator_3.py took 0.081 seconds
[2023-06-14T16:09:16.977+0000] {processor.py:157} INFO - Started process (PID=499) to work on /home/airflow/.local/lib/python3.7/site-packages/airflow/example_dags/example_branch_python_dop_operator_3.py
[2023-06-14T16:09:16.978+0000] {processor.py:826} INFO - Processing file /home/airflow/.local/lib/python3.7/site-packages/airflow/example_dags/example_branch_python_dop_operator_3.py for tasks to queue
[2023-06-14T16:09:16.978+0000] {logging_mixin.py:149} INFO - [2023-06-14T16:09:16.978+0000] {dagbag.py:541} INFO - Filling up the DagBag from /home/airflow/.local/lib/python3.7/site-packages/airflow/example_dags/example_branch_python_dop_operator_3.py
[2023-06-14T16:09:16.987+0000] {processor.py:836} INFO - DAG(s) dict_keys(['example_branch_dop_operator_v3']) retrieved from /home/airflow/.local/lib/python3.7/site-packages/airflow/example_dags/example_branch_python_dop_operator_3.py
[2023-06-14T16:09:17.010+0000] {logging_mixin.py:149} INFO - [2023-06-14T16:09:17.009+0000] {dag.py:2726} INFO - Sync 1 DAGs
[2023-06-14T16:09:17.040+0000] {logging_mixin.py:149} INFO - [2023-06-14T16:09:17.039+0000] {dag.py:3490} INFO - Setting next_dagrun for example_branch_dop_operator_v3 to 2023-06-14T16:08:00+00:00, run_after=2023-06-14T16:09:00+00:00
[2023-06-14T16:09:17.058+0000] {processor.py:179} INFO - Processing /home/airflow/.local/lib/python3.7/site-packages/airflow/example_dags/example_branch_python_dop_operator_3.py took 0.084 seconds
