[2023-06-14T16:32:08.254+0000] {processor.py:157} INFO - Started process (PID=3915) to work on /home/airflow/.local/lib/python3.7/site-packages/airflow/example_dags/example_nested_branch_dag.py
[2023-06-14T16:32:08.254+0000] {processor.py:826} INFO - Processing file /home/airflow/.local/lib/python3.7/site-packages/airflow/example_dags/example_nested_branch_dag.py for tasks to queue
[2023-06-14T16:32:08.255+0000] {logging_mixin.py:149} INFO - [2023-06-14T16:32:08.255+0000] {dagbag.py:541} INFO - Filling up the DagBag from /home/airflow/.local/lib/python3.7/site-packages/airflow/example_dags/example_nested_branch_dag.py
[2023-06-14T16:32:08.263+0000] {processor.py:836} INFO - DAG(s) dict_keys(['example_nested_branch_dag']) retrieved from /home/airflow/.local/lib/python3.7/site-packages/airflow/example_dags/example_nested_branch_dag.py
[2023-06-14T16:32:08.286+0000] {logging_mixin.py:149} INFO - [2023-06-14T16:32:08.286+0000] {dag.py:2726} INFO - Sync 1 DAGs
[2023-06-14T16:32:08.310+0000] {logging_mixin.py:149} INFO - [2023-06-14T16:32:08.310+0000] {dag.py:3490} INFO - Setting next_dagrun for example_nested_branch_dag to 2023-06-13T00:00:00+00:00, run_after=2023-06-14T00:00:00+00:00
[2023-06-14T16:32:08.328+0000] {processor.py:179} INFO - Processing /home/airflow/.local/lib/python3.7/site-packages/airflow/example_dags/example_nested_branch_dag.py took 0.077 seconds
[2023-06-14T16:32:38.359+0000] {processor.py:157} INFO - Started process (PID=3992) to work on /home/airflow/.local/lib/python3.7/site-packages/airflow/example_dags/example_nested_branch_dag.py
[2023-06-14T16:32:38.360+0000] {processor.py:826} INFO - Processing file /home/airflow/.local/lib/python3.7/site-packages/airflow/example_dags/example_nested_branch_dag.py for tasks to queue
[2023-06-14T16:32:38.361+0000] {logging_mixin.py:149} INFO - [2023-06-14T16:32:38.361+0000] {dagbag.py:541} INFO - Filling up the DagBag from /home/airflow/.local/lib/python3.7/site-packages/airflow/example_dags/example_nested_branch_dag.py
[2023-06-14T16:32:38.369+0000] {processor.py:836} INFO - DAG(s) dict_keys(['example_nested_branch_dag']) retrieved from /home/airflow/.local/lib/python3.7/site-packages/airflow/example_dags/example_nested_branch_dag.py
[2023-06-14T16:32:38.394+0000] {logging_mixin.py:149} INFO - [2023-06-14T16:32:38.394+0000] {dag.py:2726} INFO - Sync 1 DAGs
[2023-06-14T16:32:38.418+0000] {logging_mixin.py:149} INFO - [2023-06-14T16:32:38.418+0000] {dag.py:3490} INFO - Setting next_dagrun for example_nested_branch_dag to 2023-06-13T00:00:00+00:00, run_after=2023-06-14T00:00:00+00:00
[2023-06-14T16:32:38.435+0000] {processor.py:179} INFO - Processing /home/airflow/.local/lib/python3.7/site-packages/airflow/example_dags/example_nested_branch_dag.py took 0.078 seconds
[2023-06-14T16:33:08.741+0000] {processor.py:157} INFO - Started process (PID=4069) to work on /home/airflow/.local/lib/python3.7/site-packages/airflow/example_dags/example_nested_branch_dag.py
[2023-06-14T16:33:08.742+0000] {processor.py:826} INFO - Processing file /home/airflow/.local/lib/python3.7/site-packages/airflow/example_dags/example_nested_branch_dag.py for tasks to queue
[2023-06-14T16:33:08.742+0000] {logging_mixin.py:149} INFO - [2023-06-14T16:33:08.742+0000] {dagbag.py:541} INFO - Filling up the DagBag from /home/airflow/.local/lib/python3.7/site-packages/airflow/example_dags/example_nested_branch_dag.py
[2023-06-14T16:33:08.751+0000] {processor.py:836} INFO - DAG(s) dict_keys(['example_nested_branch_dag']) retrieved from /home/airflow/.local/lib/python3.7/site-packages/airflow/example_dags/example_nested_branch_dag.py
[2023-06-14T16:33:08.777+0000] {logging_mixin.py:149} INFO - [2023-06-14T16:33:08.776+0000] {dag.py:2726} INFO - Sync 1 DAGs
[2023-06-14T16:33:08.807+0000] {logging_mixin.py:149} INFO - [2023-06-14T16:33:08.807+0000] {dag.py:3490} INFO - Setting next_dagrun for example_nested_branch_dag to 2023-06-13T00:00:00+00:00, run_after=2023-06-14T00:00:00+00:00
[2023-06-14T16:33:08.827+0000] {processor.py:179} INFO - Processing /home/airflow/.local/lib/python3.7/site-packages/airflow/example_dags/example_nested_branch_dag.py took 0.089 seconds
[2023-06-14T16:33:38.950+0000] {processor.py:157} INFO - Started process (PID=4146) to work on /home/airflow/.local/lib/python3.7/site-packages/airflow/example_dags/example_nested_branch_dag.py
[2023-06-14T16:33:38.951+0000] {processor.py:826} INFO - Processing file /home/airflow/.local/lib/python3.7/site-packages/airflow/example_dags/example_nested_branch_dag.py for tasks to queue
[2023-06-14T16:33:38.951+0000] {logging_mixin.py:149} INFO - [2023-06-14T16:33:38.951+0000] {dagbag.py:541} INFO - Filling up the DagBag from /home/airflow/.local/lib/python3.7/site-packages/airflow/example_dags/example_nested_branch_dag.py
[2023-06-14T16:33:38.961+0000] {processor.py:836} INFO - DAG(s) dict_keys(['example_nested_branch_dag']) retrieved from /home/airflow/.local/lib/python3.7/site-packages/airflow/example_dags/example_nested_branch_dag.py
[2023-06-14T16:33:38.983+0000] {logging_mixin.py:149} INFO - [2023-06-14T16:33:38.983+0000] {dag.py:2726} INFO - Sync 1 DAGs
[2023-06-14T16:33:39.006+0000] {logging_mixin.py:149} INFO - [2023-06-14T16:33:39.006+0000] {dag.py:3490} INFO - Setting next_dagrun for example_nested_branch_dag to 2023-06-13T00:00:00+00:00, run_after=2023-06-14T00:00:00+00:00
[2023-06-14T16:33:39.022+0000] {processor.py:179} INFO - Processing /home/airflow/.local/lib/python3.7/site-packages/airflow/example_dags/example_nested_branch_dag.py took 0.075 seconds
[2023-06-14T16:34:09.348+0000] {processor.py:157} INFO - Started process (PID=4224) to work on /home/airflow/.local/lib/python3.7/site-packages/airflow/example_dags/example_nested_branch_dag.py
[2023-06-14T16:34:09.349+0000] {processor.py:826} INFO - Processing file /home/airflow/.local/lib/python3.7/site-packages/airflow/example_dags/example_nested_branch_dag.py for tasks to queue
[2023-06-14T16:34:09.350+0000] {logging_mixin.py:149} INFO - [2023-06-14T16:34:09.349+0000] {dagbag.py:541} INFO - Filling up the DagBag from /home/airflow/.local/lib/python3.7/site-packages/airflow/example_dags/example_nested_branch_dag.py
[2023-06-14T16:34:09.358+0000] {processor.py:836} INFO - DAG(s) dict_keys(['example_nested_branch_dag']) retrieved from /home/airflow/.local/lib/python3.7/site-packages/airflow/example_dags/example_nested_branch_dag.py
[2023-06-14T16:34:09.381+0000] {logging_mixin.py:149} INFO - [2023-06-14T16:34:09.381+0000] {dag.py:2726} INFO - Sync 1 DAGs
[2023-06-14T16:34:09.405+0000] {logging_mixin.py:149} INFO - [2023-06-14T16:34:09.404+0000] {dag.py:3490} INFO - Setting next_dagrun for example_nested_branch_dag to 2023-06-13T00:00:00+00:00, run_after=2023-06-14T00:00:00+00:00
[2023-06-14T16:34:09.423+0000] {processor.py:179} INFO - Processing /home/airflow/.local/lib/python3.7/site-packages/airflow/example_dags/example_nested_branch_dag.py took 0.077 seconds
[2023-06-14T16:34:39.776+0000] {processor.py:157} INFO - Started process (PID=4302) to work on /home/airflow/.local/lib/python3.7/site-packages/airflow/example_dags/example_nested_branch_dag.py
[2023-06-14T16:34:39.777+0000] {processor.py:826} INFO - Processing file /home/airflow/.local/lib/python3.7/site-packages/airflow/example_dags/example_nested_branch_dag.py for tasks to queue
[2023-06-14T16:34:39.778+0000] {logging_mixin.py:149} INFO - [2023-06-14T16:34:39.778+0000] {dagbag.py:541} INFO - Filling up the DagBag from /home/airflow/.local/lib/python3.7/site-packages/airflow/example_dags/example_nested_branch_dag.py
[2023-06-14T16:34:39.788+0000] {processor.py:836} INFO - DAG(s) dict_keys(['example_nested_branch_dag']) retrieved from /home/airflow/.local/lib/python3.7/site-packages/airflow/example_dags/example_nested_branch_dag.py
[2023-06-14T16:34:39.811+0000] {logging_mixin.py:149} INFO - [2023-06-14T16:34:39.811+0000] {dag.py:2726} INFO - Sync 1 DAGs
[2023-06-14T16:34:39.841+0000] {logging_mixin.py:149} INFO - [2023-06-14T16:34:39.841+0000] {dag.py:3490} INFO - Setting next_dagrun for example_nested_branch_dag to 2023-06-13T00:00:00+00:00, run_after=2023-06-14T00:00:00+00:00
[2023-06-14T16:34:39.861+0000] {processor.py:179} INFO - Processing /home/airflow/.local/lib/python3.7/site-packages/airflow/example_dags/example_nested_branch_dag.py took 0.088 seconds
[2023-06-14T16:35:10.520+0000] {processor.py:157} INFO - Started process (PID=4379) to work on /home/airflow/.local/lib/python3.7/site-packages/airflow/example_dags/example_nested_branch_dag.py
[2023-06-14T16:35:10.521+0000] {processor.py:826} INFO - Processing file /home/airflow/.local/lib/python3.7/site-packages/airflow/example_dags/example_nested_branch_dag.py for tasks to queue
[2023-06-14T16:35:10.522+0000] {logging_mixin.py:149} INFO - [2023-06-14T16:35:10.522+0000] {dagbag.py:541} INFO - Filling up the DagBag from /home/airflow/.local/lib/python3.7/site-packages/airflow/example_dags/example_nested_branch_dag.py
[2023-06-14T16:35:10.531+0000] {processor.py:836} INFO - DAG(s) dict_keys(['example_nested_branch_dag']) retrieved from /home/airflow/.local/lib/python3.7/site-packages/airflow/example_dags/example_nested_branch_dag.py
[2023-06-14T16:35:10.552+0000] {logging_mixin.py:149} INFO - [2023-06-14T16:35:10.552+0000] {dag.py:2726} INFO - Sync 1 DAGs
[2023-06-14T16:35:10.576+0000] {logging_mixin.py:149} INFO - [2023-06-14T16:35:10.576+0000] {dag.py:3490} INFO - Setting next_dagrun for example_nested_branch_dag to 2023-06-13T00:00:00+00:00, run_after=2023-06-14T00:00:00+00:00
[2023-06-14T16:35:10.596+0000] {processor.py:179} INFO - Processing /home/airflow/.local/lib/python3.7/site-packages/airflow/example_dags/example_nested_branch_dag.py took 0.078 seconds
[2023-06-14T16:35:41.172+0000] {processor.py:157} INFO - Started process (PID=4456) to work on /home/airflow/.local/lib/python3.7/site-packages/airflow/example_dags/example_nested_branch_dag.py
[2023-06-14T16:35:41.174+0000] {processor.py:826} INFO - Processing file /home/airflow/.local/lib/python3.7/site-packages/airflow/example_dags/example_nested_branch_dag.py for tasks to queue
[2023-06-14T16:35:41.174+0000] {logging_mixin.py:149} INFO - [2023-06-14T16:35:41.174+0000] {dagbag.py:541} INFO - Filling up the DagBag from /home/airflow/.local/lib/python3.7/site-packages/airflow/example_dags/example_nested_branch_dag.py
[2023-06-14T16:35:41.185+0000] {processor.py:836} INFO - DAG(s) dict_keys(['example_nested_branch_dag']) retrieved from /home/airflow/.local/lib/python3.7/site-packages/airflow/example_dags/example_nested_branch_dag.py
[2023-06-14T16:35:41.219+0000] {logging_mixin.py:149} INFO - [2023-06-14T16:35:41.219+0000] {dag.py:2726} INFO - Sync 1 DAGs
[2023-06-14T16:35:41.253+0000] {logging_mixin.py:149} INFO - [2023-06-14T16:35:41.252+0000] {dag.py:3490} INFO - Setting next_dagrun for example_nested_branch_dag to 2023-06-13T00:00:00+00:00, run_after=2023-06-14T00:00:00+00:00
[2023-06-14T16:35:41.274+0000] {processor.py:179} INFO - Processing /home/airflow/.local/lib/python3.7/site-packages/airflow/example_dags/example_nested_branch_dag.py took 0.105 seconds
[2023-06-14T16:36:11.631+0000] {processor.py:157} INFO - Started process (PID=4533) to work on /home/airflow/.local/lib/python3.7/site-packages/airflow/example_dags/example_nested_branch_dag.py
[2023-06-14T16:36:11.632+0000] {processor.py:826} INFO - Processing file /home/airflow/.local/lib/python3.7/site-packages/airflow/example_dags/example_nested_branch_dag.py for tasks to queue
[2023-06-14T16:36:11.632+0000] {logging_mixin.py:149} INFO - [2023-06-14T16:36:11.632+0000] {dagbag.py:541} INFO - Filling up the DagBag from /home/airflow/.local/lib/python3.7/site-packages/airflow/example_dags/example_nested_branch_dag.py
[2023-06-14T16:36:11.641+0000] {processor.py:836} INFO - DAG(s) dict_keys(['example_nested_branch_dag']) retrieved from /home/airflow/.local/lib/python3.7/site-packages/airflow/example_dags/example_nested_branch_dag.py
[2023-06-14T16:36:11.667+0000] {logging_mixin.py:149} INFO - [2023-06-14T16:36:11.667+0000] {dag.py:2726} INFO - Sync 1 DAGs
[2023-06-14T16:36:11.694+0000] {logging_mixin.py:149} INFO - [2023-06-14T16:36:11.694+0000] {dag.py:3490} INFO - Setting next_dagrun for example_nested_branch_dag to 2023-06-13T00:00:00+00:00, run_after=2023-06-14T00:00:00+00:00
[2023-06-14T16:36:11.713+0000] {processor.py:179} INFO - Processing /home/airflow/.local/lib/python3.7/site-packages/airflow/example_dags/example_nested_branch_dag.py took 0.084 seconds
[2023-06-14T16:36:42.367+0000] {processor.py:157} INFO - Started process (PID=4609) to work on /home/airflow/.local/lib/python3.7/site-packages/airflow/example_dags/example_nested_branch_dag.py
[2023-06-14T16:36:42.368+0000] {processor.py:826} INFO - Processing file /home/airflow/.local/lib/python3.7/site-packages/airflow/example_dags/example_nested_branch_dag.py for tasks to queue
[2023-06-14T16:36:42.369+0000] {logging_mixin.py:149} INFO - [2023-06-14T16:36:42.368+0000] {dagbag.py:541} INFO - Filling up the DagBag from /home/airflow/.local/lib/python3.7/site-packages/airflow/example_dags/example_nested_branch_dag.py
[2023-06-14T16:36:42.383+0000] {processor.py:836} INFO - DAG(s) dict_keys(['example_nested_branch_dag']) retrieved from /home/airflow/.local/lib/python3.7/site-packages/airflow/example_dags/example_nested_branch_dag.py
[2023-06-14T16:36:42.417+0000] {logging_mixin.py:149} INFO - [2023-06-14T16:36:42.417+0000] {dag.py:2726} INFO - Sync 1 DAGs
[2023-06-14T16:36:42.446+0000] {logging_mixin.py:149} INFO - [2023-06-14T16:36:42.446+0000] {dag.py:3490} INFO - Setting next_dagrun for example_nested_branch_dag to 2023-06-13T00:00:00+00:00, run_after=2023-06-14T00:00:00+00:00
[2023-06-14T16:36:42.464+0000] {processor.py:179} INFO - Processing /home/airflow/.local/lib/python3.7/site-packages/airflow/example_dags/example_nested_branch_dag.py took 0.099 seconds
[2023-06-14T16:37:12.615+0000] {processor.py:157} INFO - Started process (PID=4685) to work on /home/airflow/.local/lib/python3.7/site-packages/airflow/example_dags/example_nested_branch_dag.py
[2023-06-14T16:37:12.616+0000] {processor.py:826} INFO - Processing file /home/airflow/.local/lib/python3.7/site-packages/airflow/example_dags/example_nested_branch_dag.py for tasks to queue
[2023-06-14T16:37:12.616+0000] {logging_mixin.py:149} INFO - [2023-06-14T16:37:12.616+0000] {dagbag.py:541} INFO - Filling up the DagBag from /home/airflow/.local/lib/python3.7/site-packages/airflow/example_dags/example_nested_branch_dag.py
[2023-06-14T16:37:12.626+0000] {processor.py:836} INFO - DAG(s) dict_keys(['example_nested_branch_dag']) retrieved from /home/airflow/.local/lib/python3.7/site-packages/airflow/example_dags/example_nested_branch_dag.py
[2023-06-14T16:37:12.652+0000] {logging_mixin.py:149} INFO - [2023-06-14T16:37:12.652+0000] {dag.py:2726} INFO - Sync 1 DAGs
[2023-06-14T16:37:12.679+0000] {logging_mixin.py:149} INFO - [2023-06-14T16:37:12.678+0000] {dag.py:3490} INFO - Setting next_dagrun for example_nested_branch_dag to 2023-06-13T00:00:00+00:00, run_after=2023-06-14T00:00:00+00:00
[2023-06-14T16:37:12.699+0000] {processor.py:179} INFO - Processing /home/airflow/.local/lib/python3.7/site-packages/airflow/example_dags/example_nested_branch_dag.py took 0.087 seconds
[2023-06-14T16:37:43.105+0000] {processor.py:157} INFO - Started process (PID=4762) to work on /home/airflow/.local/lib/python3.7/site-packages/airflow/example_dags/example_nested_branch_dag.py
[2023-06-14T16:37:43.106+0000] {processor.py:826} INFO - Processing file /home/airflow/.local/lib/python3.7/site-packages/airflow/example_dags/example_nested_branch_dag.py for tasks to queue
[2023-06-14T16:37:43.107+0000] {logging_mixin.py:149} INFO - [2023-06-14T16:37:43.107+0000] {dagbag.py:541} INFO - Filling up the DagBag from /home/airflow/.local/lib/python3.7/site-packages/airflow/example_dags/example_nested_branch_dag.py
[2023-06-14T16:37:43.120+0000] {processor.py:836} INFO - DAG(s) dict_keys(['example_nested_branch_dag']) retrieved from /home/airflow/.local/lib/python3.7/site-packages/airflow/example_dags/example_nested_branch_dag.py
[2023-06-14T16:37:43.148+0000] {logging_mixin.py:149} INFO - [2023-06-14T16:37:43.148+0000] {dag.py:2726} INFO - Sync 1 DAGs
[2023-06-14T16:37:43.190+0000] {logging_mixin.py:149} INFO - [2023-06-14T16:37:43.189+0000] {dag.py:3490} INFO - Setting next_dagrun for example_nested_branch_dag to 2023-06-13T00:00:00+00:00, run_after=2023-06-14T00:00:00+00:00
[2023-06-14T16:37:43.217+0000] {processor.py:179} INFO - Processing /home/airflow/.local/lib/python3.7/site-packages/airflow/example_dags/example_nested_branch_dag.py took 0.115 seconds
[2023-06-14T16:38:13.676+0000] {processor.py:157} INFO - Started process (PID=4839) to work on /home/airflow/.local/lib/python3.7/site-packages/airflow/example_dags/example_nested_branch_dag.py
[2023-06-14T16:38:13.677+0000] {processor.py:826} INFO - Processing file /home/airflow/.local/lib/python3.7/site-packages/airflow/example_dags/example_nested_branch_dag.py for tasks to queue
[2023-06-14T16:38:13.677+0000] {logging_mixin.py:149} INFO - [2023-06-14T16:38:13.677+0000] {dagbag.py:541} INFO - Filling up the DagBag from /home/airflow/.local/lib/python3.7/site-packages/airflow/example_dags/example_nested_branch_dag.py
[2023-06-14T16:38:13.686+0000] {processor.py:836} INFO - DAG(s) dict_keys(['example_nested_branch_dag']) retrieved from /home/airflow/.local/lib/python3.7/site-packages/airflow/example_dags/example_nested_branch_dag.py
[2023-06-14T16:38:13.712+0000] {logging_mixin.py:149} INFO - [2023-06-14T16:38:13.712+0000] {dag.py:2726} INFO - Sync 1 DAGs
[2023-06-14T16:38:13.739+0000] {logging_mixin.py:149} INFO - [2023-06-14T16:38:13.738+0000] {dag.py:3490} INFO - Setting next_dagrun for example_nested_branch_dag to 2023-06-13T00:00:00+00:00, run_after=2023-06-14T00:00:00+00:00
[2023-06-14T16:38:13.759+0000] {processor.py:179} INFO - Processing /home/airflow/.local/lib/python3.7/site-packages/airflow/example_dags/example_nested_branch_dag.py took 0.086 seconds
[2023-06-14T16:38:43.903+0000] {processor.py:157} INFO - Started process (PID=4916) to work on /home/airflow/.local/lib/python3.7/site-packages/airflow/example_dags/example_nested_branch_dag.py
[2023-06-14T16:38:43.904+0000] {processor.py:826} INFO - Processing file /home/airflow/.local/lib/python3.7/site-packages/airflow/example_dags/example_nested_branch_dag.py for tasks to queue
[2023-06-14T16:38:43.905+0000] {logging_mixin.py:149} INFO - [2023-06-14T16:38:43.905+0000] {dagbag.py:541} INFO - Filling up the DagBag from /home/airflow/.local/lib/python3.7/site-packages/airflow/example_dags/example_nested_branch_dag.py
[2023-06-14T16:38:43.916+0000] {processor.py:836} INFO - DAG(s) dict_keys(['example_nested_branch_dag']) retrieved from /home/airflow/.local/lib/python3.7/site-packages/airflow/example_dags/example_nested_branch_dag.py
[2023-06-14T16:38:43.942+0000] {logging_mixin.py:149} INFO - [2023-06-14T16:38:43.942+0000] {dag.py:2726} INFO - Sync 1 DAGs
[2023-06-14T16:38:43.972+0000] {logging_mixin.py:149} INFO - [2023-06-14T16:38:43.972+0000] {dag.py:3490} INFO - Setting next_dagrun for example_nested_branch_dag to 2023-06-13T00:00:00+00:00, run_after=2023-06-14T00:00:00+00:00
[2023-06-14T16:38:43.993+0000] {processor.py:179} INFO - Processing /home/airflow/.local/lib/python3.7/site-packages/airflow/example_dags/example_nested_branch_dag.py took 0.092 seconds
[2023-06-14T16:39:14.301+0000] {processor.py:157} INFO - Started process (PID=4993) to work on /home/airflow/.local/lib/python3.7/site-packages/airflow/example_dags/example_nested_branch_dag.py
[2023-06-14T16:39:14.302+0000] {processor.py:826} INFO - Processing file /home/airflow/.local/lib/python3.7/site-packages/airflow/example_dags/example_nested_branch_dag.py for tasks to queue
[2023-06-14T16:39:14.303+0000] {logging_mixin.py:149} INFO - [2023-06-14T16:39:14.303+0000] {dagbag.py:541} INFO - Filling up the DagBag from /home/airflow/.local/lib/python3.7/site-packages/airflow/example_dags/example_nested_branch_dag.py
[2023-06-14T16:39:14.313+0000] {processor.py:836} INFO - DAG(s) dict_keys(['example_nested_branch_dag']) retrieved from /home/airflow/.local/lib/python3.7/site-packages/airflow/example_dags/example_nested_branch_dag.py
[2023-06-14T16:39:14.338+0000] {logging_mixin.py:149} INFO - [2023-06-14T16:39:14.338+0000] {dag.py:2726} INFO - Sync 1 DAGs
[2023-06-14T16:39:14.399+0000] {logging_mixin.py:149} INFO - [2023-06-14T16:39:14.398+0000] {dag.py:3490} INFO - Setting next_dagrun for example_nested_branch_dag to 2023-06-13T00:00:00+00:00, run_after=2023-06-14T00:00:00+00:00
[2023-06-14T16:39:14.432+0000] {processor.py:179} INFO - Processing /home/airflow/.local/lib/python3.7/site-packages/airflow/example_dags/example_nested_branch_dag.py took 0.134 seconds
[2023-06-14T16:39:44.876+0000] {processor.py:157} INFO - Started process (PID=5070) to work on /home/airflow/.local/lib/python3.7/site-packages/airflow/example_dags/example_nested_branch_dag.py
[2023-06-14T16:39:44.876+0000] {processor.py:826} INFO - Processing file /home/airflow/.local/lib/python3.7/site-packages/airflow/example_dags/example_nested_branch_dag.py for tasks to queue
[2023-06-14T16:39:44.877+0000] {logging_mixin.py:149} INFO - [2023-06-14T16:39:44.877+0000] {dagbag.py:541} INFO - Filling up the DagBag from /home/airflow/.local/lib/python3.7/site-packages/airflow/example_dags/example_nested_branch_dag.py
[2023-06-14T16:39:44.886+0000] {processor.py:836} INFO - DAG(s) dict_keys(['example_nested_branch_dag']) retrieved from /home/airflow/.local/lib/python3.7/site-packages/airflow/example_dags/example_nested_branch_dag.py
[2023-06-14T16:39:44.909+0000] {logging_mixin.py:149} INFO - [2023-06-14T16:39:44.908+0000] {dag.py:2726} INFO - Sync 1 DAGs
[2023-06-14T16:39:44.938+0000] {logging_mixin.py:149} INFO - [2023-06-14T16:39:44.938+0000] {dag.py:3490} INFO - Setting next_dagrun for example_nested_branch_dag to 2023-06-13T00:00:00+00:00, run_after=2023-06-14T00:00:00+00:00
[2023-06-14T16:39:44.955+0000] {processor.py:179} INFO - Processing /home/airflow/.local/lib/python3.7/site-packages/airflow/example_dags/example_nested_branch_dag.py took 0.082 seconds
[2023-06-14T16:40:15.283+0000] {processor.py:157} INFO - Started process (PID=5147) to work on /home/airflow/.local/lib/python3.7/site-packages/airflow/example_dags/example_nested_branch_dag.py
[2023-06-14T16:40:15.284+0000] {processor.py:826} INFO - Processing file /home/airflow/.local/lib/python3.7/site-packages/airflow/example_dags/example_nested_branch_dag.py for tasks to queue
[2023-06-14T16:40:15.285+0000] {logging_mixin.py:149} INFO - [2023-06-14T16:40:15.285+0000] {dagbag.py:541} INFO - Filling up the DagBag from /home/airflow/.local/lib/python3.7/site-packages/airflow/example_dags/example_nested_branch_dag.py
[2023-06-14T16:40:15.296+0000] {processor.py:836} INFO - DAG(s) dict_keys(['example_nested_branch_dag']) retrieved from /home/airflow/.local/lib/python3.7/site-packages/airflow/example_dags/example_nested_branch_dag.py
[2023-06-14T16:40:15.320+0000] {logging_mixin.py:149} INFO - [2023-06-14T16:40:15.320+0000] {dag.py:2726} INFO - Sync 1 DAGs
[2023-06-14T16:40:15.347+0000] {logging_mixin.py:149} INFO - [2023-06-14T16:40:15.347+0000] {dag.py:3490} INFO - Setting next_dagrun for example_nested_branch_dag to 2023-06-13T00:00:00+00:00, run_after=2023-06-14T00:00:00+00:00
[2023-06-14T16:40:15.367+0000] {processor.py:179} INFO - Processing /home/airflow/.local/lib/python3.7/site-packages/airflow/example_dags/example_nested_branch_dag.py took 0.086 seconds
[2023-06-14T16:40:45.474+0000] {processor.py:157} INFO - Started process (PID=5224) to work on /home/airflow/.local/lib/python3.7/site-packages/airflow/example_dags/example_nested_branch_dag.py
[2023-06-14T16:40:45.475+0000] {processor.py:826} INFO - Processing file /home/airflow/.local/lib/python3.7/site-packages/airflow/example_dags/example_nested_branch_dag.py for tasks to queue
[2023-06-14T16:40:45.475+0000] {logging_mixin.py:149} INFO - [2023-06-14T16:40:45.475+0000] {dagbag.py:541} INFO - Filling up the DagBag from /home/airflow/.local/lib/python3.7/site-packages/airflow/example_dags/example_nested_branch_dag.py
[2023-06-14T16:40:45.484+0000] {processor.py:836} INFO - DAG(s) dict_keys(['example_nested_branch_dag']) retrieved from /home/airflow/.local/lib/python3.7/site-packages/airflow/example_dags/example_nested_branch_dag.py
[2023-06-14T16:40:45.507+0000] {logging_mixin.py:149} INFO - [2023-06-14T16:40:45.506+0000] {dag.py:2726} INFO - Sync 1 DAGs
[2023-06-14T16:40:45.530+0000] {logging_mixin.py:149} INFO - [2023-06-14T16:40:45.530+0000] {dag.py:3490} INFO - Setting next_dagrun for example_nested_branch_dag to 2023-06-13T00:00:00+00:00, run_after=2023-06-14T00:00:00+00:00
[2023-06-14T16:40:45.552+0000] {processor.py:179} INFO - Processing /home/airflow/.local/lib/python3.7/site-packages/airflow/example_dags/example_nested_branch_dag.py took 0.080 seconds
[2023-06-14T16:41:15.749+0000] {processor.py:157} INFO - Started process (PID=5301) to work on /home/airflow/.local/lib/python3.7/site-packages/airflow/example_dags/example_nested_branch_dag.py
[2023-06-14T16:41:15.750+0000] {processor.py:826} INFO - Processing file /home/airflow/.local/lib/python3.7/site-packages/airflow/example_dags/example_nested_branch_dag.py for tasks to queue
[2023-06-14T16:41:15.751+0000] {logging_mixin.py:149} INFO - [2023-06-14T16:41:15.751+0000] {dagbag.py:541} INFO - Filling up the DagBag from /home/airflow/.local/lib/python3.7/site-packages/airflow/example_dags/example_nested_branch_dag.py
[2023-06-14T16:41:15.761+0000] {processor.py:836} INFO - DAG(s) dict_keys(['example_nested_branch_dag']) retrieved from /home/airflow/.local/lib/python3.7/site-packages/airflow/example_dags/example_nested_branch_dag.py
[2023-06-14T16:41:15.787+0000] {logging_mixin.py:149} INFO - [2023-06-14T16:41:15.787+0000] {dag.py:2726} INFO - Sync 1 DAGs
[2023-06-14T16:41:15.815+0000] {logging_mixin.py:149} INFO - [2023-06-14T16:41:15.815+0000] {dag.py:3490} INFO - Setting next_dagrun for example_nested_branch_dag to 2023-06-13T00:00:00+00:00, run_after=2023-06-14T00:00:00+00:00
[2023-06-14T16:41:15.834+0000] {processor.py:179} INFO - Processing /home/airflow/.local/lib/python3.7/site-packages/airflow/example_dags/example_nested_branch_dag.py took 0.088 seconds
[2023-06-14T16:41:46.059+0000] {processor.py:157} INFO - Started process (PID=5378) to work on /home/airflow/.local/lib/python3.7/site-packages/airflow/example_dags/example_nested_branch_dag.py
[2023-06-14T16:41:46.060+0000] {processor.py:826} INFO - Processing file /home/airflow/.local/lib/python3.7/site-packages/airflow/example_dags/example_nested_branch_dag.py for tasks to queue
[2023-06-14T16:41:46.061+0000] {logging_mixin.py:149} INFO - [2023-06-14T16:41:46.061+0000] {dagbag.py:541} INFO - Filling up the DagBag from /home/airflow/.local/lib/python3.7/site-packages/airflow/example_dags/example_nested_branch_dag.py
[2023-06-14T16:41:46.071+0000] {processor.py:836} INFO - DAG(s) dict_keys(['example_nested_branch_dag']) retrieved from /home/airflow/.local/lib/python3.7/site-packages/airflow/example_dags/example_nested_branch_dag.py
[2023-06-14T16:41:46.098+0000] {logging_mixin.py:149} INFO - [2023-06-14T16:41:46.097+0000] {dag.py:2726} INFO - Sync 1 DAGs
[2023-06-14T16:41:46.125+0000] {logging_mixin.py:149} INFO - [2023-06-14T16:41:46.125+0000] {dag.py:3490} INFO - Setting next_dagrun for example_nested_branch_dag to 2023-06-13T00:00:00+00:00, run_after=2023-06-14T00:00:00+00:00
[2023-06-14T16:41:46.142+0000] {processor.py:179} INFO - Processing /home/airflow/.local/lib/python3.7/site-packages/airflow/example_dags/example_nested_branch_dag.py took 0.085 seconds
[2023-06-14T16:42:16.963+0000] {processor.py:157} INFO - Started process (PID=5455) to work on /home/airflow/.local/lib/python3.7/site-packages/airflow/example_dags/example_nested_branch_dag.py
[2023-06-14T16:42:16.964+0000] {processor.py:826} INFO - Processing file /home/airflow/.local/lib/python3.7/site-packages/airflow/example_dags/example_nested_branch_dag.py for tasks to queue
[2023-06-14T16:42:16.965+0000] {logging_mixin.py:149} INFO - [2023-06-14T16:42:16.965+0000] {dagbag.py:541} INFO - Filling up the DagBag from /home/airflow/.local/lib/python3.7/site-packages/airflow/example_dags/example_nested_branch_dag.py
[2023-06-14T16:42:16.973+0000] {processor.py:836} INFO - DAG(s) dict_keys(['example_nested_branch_dag']) retrieved from /home/airflow/.local/lib/python3.7/site-packages/airflow/example_dags/example_nested_branch_dag.py
[2023-06-14T16:42:16.995+0000] {logging_mixin.py:149} INFO - [2023-06-14T16:42:16.995+0000] {dag.py:2726} INFO - Sync 1 DAGs
[2023-06-14T16:42:17.021+0000] {logging_mixin.py:149} INFO - [2023-06-14T16:42:17.021+0000] {dag.py:3490} INFO - Setting next_dagrun for example_nested_branch_dag to 2023-06-13T00:00:00+00:00, run_after=2023-06-14T00:00:00+00:00
[2023-06-14T16:42:17.039+0000] {processor.py:179} INFO - Processing /home/airflow/.local/lib/python3.7/site-packages/airflow/example_dags/example_nested_branch_dag.py took 0.078 seconds
[2023-06-14T16:42:47.497+0000] {processor.py:157} INFO - Started process (PID=5532) to work on /home/airflow/.local/lib/python3.7/site-packages/airflow/example_dags/example_nested_branch_dag.py
[2023-06-14T16:42:47.498+0000] {processor.py:826} INFO - Processing file /home/airflow/.local/lib/python3.7/site-packages/airflow/example_dags/example_nested_branch_dag.py for tasks to queue
[2023-06-14T16:42:47.499+0000] {logging_mixin.py:149} INFO - [2023-06-14T16:42:47.498+0000] {dagbag.py:541} INFO - Filling up the DagBag from /home/airflow/.local/lib/python3.7/site-packages/airflow/example_dags/example_nested_branch_dag.py
[2023-06-14T16:42:47.509+0000] {processor.py:836} INFO - DAG(s) dict_keys(['example_nested_branch_dag']) retrieved from /home/airflow/.local/lib/python3.7/site-packages/airflow/example_dags/example_nested_branch_dag.py
[2023-06-14T16:42:47.532+0000] {logging_mixin.py:149} INFO - [2023-06-14T16:42:47.531+0000] {dag.py:2726} INFO - Sync 1 DAGs
[2023-06-14T16:42:47.556+0000] {logging_mixin.py:149} INFO - [2023-06-14T16:42:47.556+0000] {dag.py:3490} INFO - Setting next_dagrun for example_nested_branch_dag to 2023-06-13T00:00:00+00:00, run_after=2023-06-14T00:00:00+00:00
[2023-06-14T16:42:47.572+0000] {processor.py:179} INFO - Processing /home/airflow/.local/lib/python3.7/site-packages/airflow/example_dags/example_nested_branch_dag.py took 0.078 seconds
[2023-06-14T16:43:17.725+0000] {processor.py:157} INFO - Started process (PID=5609) to work on /home/airflow/.local/lib/python3.7/site-packages/airflow/example_dags/example_nested_branch_dag.py
[2023-06-14T16:43:17.726+0000] {processor.py:826} INFO - Processing file /home/airflow/.local/lib/python3.7/site-packages/airflow/example_dags/example_nested_branch_dag.py for tasks to queue
[2023-06-14T16:43:17.727+0000] {logging_mixin.py:149} INFO - [2023-06-14T16:43:17.726+0000] {dagbag.py:541} INFO - Filling up the DagBag from /home/airflow/.local/lib/python3.7/site-packages/airflow/example_dags/example_nested_branch_dag.py
[2023-06-14T16:43:17.737+0000] {processor.py:836} INFO - DAG(s) dict_keys(['example_nested_branch_dag']) retrieved from /home/airflow/.local/lib/python3.7/site-packages/airflow/example_dags/example_nested_branch_dag.py
[2023-06-14T16:43:17.764+0000] {logging_mixin.py:149} INFO - [2023-06-14T16:43:17.763+0000] {dag.py:2726} INFO - Sync 1 DAGs
[2023-06-14T16:43:17.794+0000] {logging_mixin.py:149} INFO - [2023-06-14T16:43:17.793+0000] {dag.py:3490} INFO - Setting next_dagrun for example_nested_branch_dag to 2023-06-13T00:00:00+00:00, run_after=2023-06-14T00:00:00+00:00
[2023-06-14T16:43:17.816+0000] {processor.py:179} INFO - Processing /home/airflow/.local/lib/python3.7/site-packages/airflow/example_dags/example_nested_branch_dag.py took 0.093 seconds
[2023-06-14T16:43:48.615+0000] {processor.py:157} INFO - Started process (PID=5673) to work on /home/airflow/.local/lib/python3.7/site-packages/airflow/example_dags/example_nested_branch_dag.py
[2023-06-14T16:43:48.616+0000] {processor.py:826} INFO - Processing file /home/airflow/.local/lib/python3.7/site-packages/airflow/example_dags/example_nested_branch_dag.py for tasks to queue
[2023-06-14T16:43:48.617+0000] {logging_mixin.py:149} INFO - [2023-06-14T16:43:48.617+0000] {dagbag.py:541} INFO - Filling up the DagBag from /home/airflow/.local/lib/python3.7/site-packages/airflow/example_dags/example_nested_branch_dag.py
[2023-06-14T16:43:48.628+0000] {processor.py:836} INFO - DAG(s) dict_keys(['example_nested_branch_dag']) retrieved from /home/airflow/.local/lib/python3.7/site-packages/airflow/example_dags/example_nested_branch_dag.py
[2023-06-14T16:43:48.654+0000] {logging_mixin.py:149} INFO - [2023-06-14T16:43:48.654+0000] {dag.py:2726} INFO - Sync 1 DAGs
[2023-06-14T16:43:48.689+0000] {logging_mixin.py:149} INFO - [2023-06-14T16:43:48.689+0000] {dag.py:3490} INFO - Setting next_dagrun for example_nested_branch_dag to 2023-06-13T00:00:00+00:00, run_after=2023-06-14T00:00:00+00:00
[2023-06-14T16:43:48.712+0000] {processor.py:179} INFO - Processing /home/airflow/.local/lib/python3.7/site-packages/airflow/example_dags/example_nested_branch_dag.py took 0.099 seconds
[2023-06-14T16:44:18.806+0000] {processor.py:157} INFO - Started process (PID=5750) to work on /home/airflow/.local/lib/python3.7/site-packages/airflow/example_dags/example_nested_branch_dag.py
[2023-06-14T16:44:18.807+0000] {processor.py:826} INFO - Processing file /home/airflow/.local/lib/python3.7/site-packages/airflow/example_dags/example_nested_branch_dag.py for tasks to queue
[2023-06-14T16:44:18.808+0000] {logging_mixin.py:149} INFO - [2023-06-14T16:44:18.808+0000] {dagbag.py:541} INFO - Filling up the DagBag from /home/airflow/.local/lib/python3.7/site-packages/airflow/example_dags/example_nested_branch_dag.py
[2023-06-14T16:44:18.817+0000] {processor.py:836} INFO - DAG(s) dict_keys(['example_nested_branch_dag']) retrieved from /home/airflow/.local/lib/python3.7/site-packages/airflow/example_dags/example_nested_branch_dag.py
[2023-06-14T16:44:18.840+0000] {logging_mixin.py:149} INFO - [2023-06-14T16:44:18.840+0000] {dag.py:2726} INFO - Sync 1 DAGs
[2023-06-14T16:44:18.866+0000] {logging_mixin.py:149} INFO - [2023-06-14T16:44:18.866+0000] {dag.py:3490} INFO - Setting next_dagrun for example_nested_branch_dag to 2023-06-13T00:00:00+00:00, run_after=2023-06-14T00:00:00+00:00
[2023-06-14T16:44:18.885+0000] {processor.py:179} INFO - Processing /home/airflow/.local/lib/python3.7/site-packages/airflow/example_dags/example_nested_branch_dag.py took 0.082 seconds
[2023-06-14T16:44:49.295+0000] {processor.py:157} INFO - Started process (PID=5827) to work on /home/airflow/.local/lib/python3.7/site-packages/airflow/example_dags/example_nested_branch_dag.py
[2023-06-14T16:44:49.296+0000] {processor.py:826} INFO - Processing file /home/airflow/.local/lib/python3.7/site-packages/airflow/example_dags/example_nested_branch_dag.py for tasks to queue
[2023-06-14T16:44:49.296+0000] {logging_mixin.py:149} INFO - [2023-06-14T16:44:49.296+0000] {dagbag.py:541} INFO - Filling up the DagBag from /home/airflow/.local/lib/python3.7/site-packages/airflow/example_dags/example_nested_branch_dag.py
[2023-06-14T16:44:49.305+0000] {processor.py:836} INFO - DAG(s) dict_keys(['example_nested_branch_dag']) retrieved from /home/airflow/.local/lib/python3.7/site-packages/airflow/example_dags/example_nested_branch_dag.py
[2023-06-14T16:44:49.330+0000] {logging_mixin.py:149} INFO - [2023-06-14T16:44:49.330+0000] {dag.py:2726} INFO - Sync 1 DAGs
[2023-06-14T16:44:49.362+0000] {logging_mixin.py:149} INFO - [2023-06-14T16:44:49.362+0000] {dag.py:3490} INFO - Setting next_dagrun for example_nested_branch_dag to 2023-06-13T00:00:00+00:00, run_after=2023-06-14T00:00:00+00:00
[2023-06-14T16:44:49.382+0000] {processor.py:179} INFO - Processing /home/airflow/.local/lib/python3.7/site-packages/airflow/example_dags/example_nested_branch_dag.py took 0.090 seconds
[2023-06-14T16:45:19.941+0000] {processor.py:157} INFO - Started process (PID=5904) to work on /home/airflow/.local/lib/python3.7/site-packages/airflow/example_dags/example_nested_branch_dag.py
[2023-06-14T16:45:19.942+0000] {processor.py:826} INFO - Processing file /home/airflow/.local/lib/python3.7/site-packages/airflow/example_dags/example_nested_branch_dag.py for tasks to queue
[2023-06-14T16:45:19.942+0000] {logging_mixin.py:149} INFO - [2023-06-14T16:45:19.942+0000] {dagbag.py:541} INFO - Filling up the DagBag from /home/airflow/.local/lib/python3.7/site-packages/airflow/example_dags/example_nested_branch_dag.py
[2023-06-14T16:45:19.950+0000] {processor.py:836} INFO - DAG(s) dict_keys(['example_nested_branch_dag']) retrieved from /home/airflow/.local/lib/python3.7/site-packages/airflow/example_dags/example_nested_branch_dag.py
[2023-06-14T16:45:19.977+0000] {logging_mixin.py:149} INFO - [2023-06-14T16:45:19.977+0000] {dag.py:2726} INFO - Sync 1 DAGs
[2023-06-14T16:45:20.002+0000] {logging_mixin.py:149} INFO - [2023-06-14T16:45:20.002+0000] {dag.py:3490} INFO - Setting next_dagrun for example_nested_branch_dag to 2023-06-13T00:00:00+00:00, run_after=2023-06-14T00:00:00+00:00
[2023-06-14T16:45:20.022+0000] {processor.py:179} INFO - Processing /home/airflow/.local/lib/python3.7/site-packages/airflow/example_dags/example_nested_branch_dag.py took 0.083 seconds
[2023-06-14T16:45:50.705+0000] {processor.py:157} INFO - Started process (PID=5981) to work on /home/airflow/.local/lib/python3.7/site-packages/airflow/example_dags/example_nested_branch_dag.py
[2023-06-14T16:45:50.706+0000] {processor.py:826} INFO - Processing file /home/airflow/.local/lib/python3.7/site-packages/airflow/example_dags/example_nested_branch_dag.py for tasks to queue
[2023-06-14T16:45:50.706+0000] {logging_mixin.py:149} INFO - [2023-06-14T16:45:50.706+0000] {dagbag.py:541} INFO - Filling up the DagBag from /home/airflow/.local/lib/python3.7/site-packages/airflow/example_dags/example_nested_branch_dag.py
[2023-06-14T16:45:50.717+0000] {processor.py:836} INFO - DAG(s) dict_keys(['example_nested_branch_dag']) retrieved from /home/airflow/.local/lib/python3.7/site-packages/airflow/example_dags/example_nested_branch_dag.py
[2023-06-14T16:45:50.740+0000] {logging_mixin.py:149} INFO - [2023-06-14T16:45:50.739+0000] {dag.py:2726} INFO - Sync 1 DAGs
[2023-06-14T16:45:50.763+0000] {logging_mixin.py:149} INFO - [2023-06-14T16:45:50.763+0000] {dag.py:3490} INFO - Setting next_dagrun for example_nested_branch_dag to 2023-06-13T00:00:00+00:00, run_after=2023-06-14T00:00:00+00:00
[2023-06-14T16:45:50.780+0000] {processor.py:179} INFO - Processing /home/airflow/.local/lib/python3.7/site-packages/airflow/example_dags/example_nested_branch_dag.py took 0.077 seconds
[2023-06-14T16:46:21.557+0000] {processor.py:157} INFO - Started process (PID=6058) to work on /home/airflow/.local/lib/python3.7/site-packages/airflow/example_dags/example_nested_branch_dag.py
[2023-06-14T16:46:21.557+0000] {processor.py:826} INFO - Processing file /home/airflow/.local/lib/python3.7/site-packages/airflow/example_dags/example_nested_branch_dag.py for tasks to queue
[2023-06-14T16:46:21.558+0000] {logging_mixin.py:149} INFO - [2023-06-14T16:46:21.558+0000] {dagbag.py:541} INFO - Filling up the DagBag from /home/airflow/.local/lib/python3.7/site-packages/airflow/example_dags/example_nested_branch_dag.py
[2023-06-14T16:46:21.568+0000] {processor.py:836} INFO - DAG(s) dict_keys(['example_nested_branch_dag']) retrieved from /home/airflow/.local/lib/python3.7/site-packages/airflow/example_dags/example_nested_branch_dag.py
[2023-06-14T16:46:21.591+0000] {logging_mixin.py:149} INFO - [2023-06-14T16:46:21.591+0000] {dag.py:2726} INFO - Sync 1 DAGs
[2023-06-14T16:46:21.616+0000] {logging_mixin.py:149} INFO - [2023-06-14T16:46:21.616+0000] {dag.py:3490} INFO - Setting next_dagrun for example_nested_branch_dag to 2023-06-13T00:00:00+00:00, run_after=2023-06-14T00:00:00+00:00
[2023-06-14T16:46:21.633+0000] {processor.py:179} INFO - Processing /home/airflow/.local/lib/python3.7/site-packages/airflow/example_dags/example_nested_branch_dag.py took 0.078 seconds
[2023-06-14T16:46:52.222+0000] {processor.py:157} INFO - Started process (PID=6135) to work on /home/airflow/.local/lib/python3.7/site-packages/airflow/example_dags/example_nested_branch_dag.py
[2023-06-14T16:46:52.223+0000] {processor.py:826} INFO - Processing file /home/airflow/.local/lib/python3.7/site-packages/airflow/example_dags/example_nested_branch_dag.py for tasks to queue
[2023-06-14T16:46:52.224+0000] {logging_mixin.py:149} INFO - [2023-06-14T16:46:52.224+0000] {dagbag.py:541} INFO - Filling up the DagBag from /home/airflow/.local/lib/python3.7/site-packages/airflow/example_dags/example_nested_branch_dag.py
[2023-06-14T16:46:52.232+0000] {processor.py:836} INFO - DAG(s) dict_keys(['example_nested_branch_dag']) retrieved from /home/airflow/.local/lib/python3.7/site-packages/airflow/example_dags/example_nested_branch_dag.py
[2023-06-14T16:46:52.258+0000] {logging_mixin.py:149} INFO - [2023-06-14T16:46:52.257+0000] {dag.py:2726} INFO - Sync 1 DAGs
[2023-06-14T16:46:52.285+0000] {logging_mixin.py:149} INFO - [2023-06-14T16:46:52.285+0000] {dag.py:3490} INFO - Setting next_dagrun for example_nested_branch_dag to 2023-06-13T00:00:00+00:00, run_after=2023-06-14T00:00:00+00:00
[2023-06-14T16:46:52.304+0000] {processor.py:179} INFO - Processing /home/airflow/.local/lib/python3.7/site-packages/airflow/example_dags/example_nested_branch_dag.py took 0.084 seconds
[2023-06-14T16:47:22.664+0000] {processor.py:157} INFO - Started process (PID=6212) to work on /home/airflow/.local/lib/python3.7/site-packages/airflow/example_dags/example_nested_branch_dag.py
[2023-06-14T16:47:22.665+0000] {processor.py:826} INFO - Processing file /home/airflow/.local/lib/python3.7/site-packages/airflow/example_dags/example_nested_branch_dag.py for tasks to queue
[2023-06-14T16:47:22.666+0000] {logging_mixin.py:149} INFO - [2023-06-14T16:47:22.666+0000] {dagbag.py:541} INFO - Filling up the DagBag from /home/airflow/.local/lib/python3.7/site-packages/airflow/example_dags/example_nested_branch_dag.py
[2023-06-14T16:47:22.678+0000] {processor.py:836} INFO - DAG(s) dict_keys(['example_nested_branch_dag']) retrieved from /home/airflow/.local/lib/python3.7/site-packages/airflow/example_dags/example_nested_branch_dag.py
[2023-06-14T16:47:22.704+0000] {logging_mixin.py:149} INFO - [2023-06-14T16:47:22.704+0000] {dag.py:2726} INFO - Sync 1 DAGs
[2023-06-14T16:47:22.737+0000] {logging_mixin.py:149} INFO - [2023-06-14T16:47:22.737+0000] {dag.py:3490} INFO - Setting next_dagrun for example_nested_branch_dag to 2023-06-13T00:00:00+00:00, run_after=2023-06-14T00:00:00+00:00
[2023-06-14T16:47:22.758+0000] {processor.py:179} INFO - Processing /home/airflow/.local/lib/python3.7/site-packages/airflow/example_dags/example_nested_branch_dag.py took 0.097 seconds
[2023-06-14T16:47:53.544+0000] {processor.py:157} INFO - Started process (PID=6289) to work on /home/airflow/.local/lib/python3.7/site-packages/airflow/example_dags/example_nested_branch_dag.py
[2023-06-14T16:47:53.545+0000] {processor.py:826} INFO - Processing file /home/airflow/.local/lib/python3.7/site-packages/airflow/example_dags/example_nested_branch_dag.py for tasks to queue
[2023-06-14T16:47:53.546+0000] {logging_mixin.py:149} INFO - [2023-06-14T16:47:53.546+0000] {dagbag.py:541} INFO - Filling up the DagBag from /home/airflow/.local/lib/python3.7/site-packages/airflow/example_dags/example_nested_branch_dag.py
[2023-06-14T16:47:53.555+0000] {processor.py:836} INFO - DAG(s) dict_keys(['example_nested_branch_dag']) retrieved from /home/airflow/.local/lib/python3.7/site-packages/airflow/example_dags/example_nested_branch_dag.py
[2023-06-14T16:47:53.582+0000] {logging_mixin.py:149} INFO - [2023-06-14T16:47:53.582+0000] {dag.py:2726} INFO - Sync 1 DAGs
[2023-06-14T16:47:53.607+0000] {logging_mixin.py:149} INFO - [2023-06-14T16:47:53.607+0000] {dag.py:3490} INFO - Setting next_dagrun for example_nested_branch_dag to 2023-06-13T00:00:00+00:00, run_after=2023-06-14T00:00:00+00:00
[2023-06-14T16:47:53.624+0000] {processor.py:179} INFO - Processing /home/airflow/.local/lib/python3.7/site-packages/airflow/example_dags/example_nested_branch_dag.py took 0.083 seconds
[2023-06-14T16:48:23.813+0000] {processor.py:157} INFO - Started process (PID=6353) to work on /home/airflow/.local/lib/python3.7/site-packages/airflow/example_dags/example_nested_branch_dag.py
[2023-06-14T16:48:23.814+0000] {processor.py:826} INFO - Processing file /home/airflow/.local/lib/python3.7/site-packages/airflow/example_dags/example_nested_branch_dag.py for tasks to queue
[2023-06-14T16:48:23.815+0000] {logging_mixin.py:149} INFO - [2023-06-14T16:48:23.814+0000] {dagbag.py:541} INFO - Filling up the DagBag from /home/airflow/.local/lib/python3.7/site-packages/airflow/example_dags/example_nested_branch_dag.py
[2023-06-14T16:48:23.824+0000] {processor.py:836} INFO - DAG(s) dict_keys(['example_nested_branch_dag']) retrieved from /home/airflow/.local/lib/python3.7/site-packages/airflow/example_dags/example_nested_branch_dag.py
[2023-06-14T16:48:23.848+0000] {logging_mixin.py:149} INFO - [2023-06-14T16:48:23.848+0000] {dag.py:2726} INFO - Sync 1 DAGs
[2023-06-14T16:48:23.878+0000] {logging_mixin.py:149} INFO - [2023-06-14T16:48:23.877+0000] {dag.py:3490} INFO - Setting next_dagrun for example_nested_branch_dag to 2023-06-13T00:00:00+00:00, run_after=2023-06-14T00:00:00+00:00
[2023-06-14T16:48:23.897+0000] {processor.py:179} INFO - Processing /home/airflow/.local/lib/python3.7/site-packages/airflow/example_dags/example_nested_branch_dag.py took 0.087 seconds
[2023-06-14T16:48:54.098+0000] {processor.py:157} INFO - Started process (PID=6417) to work on /home/airflow/.local/lib/python3.7/site-packages/airflow/example_dags/example_nested_branch_dag.py
[2023-06-14T16:48:54.099+0000] {processor.py:826} INFO - Processing file /home/airflow/.local/lib/python3.7/site-packages/airflow/example_dags/example_nested_branch_dag.py for tasks to queue
[2023-06-14T16:48:54.099+0000] {logging_mixin.py:149} INFO - [2023-06-14T16:48:54.099+0000] {dagbag.py:541} INFO - Filling up the DagBag from /home/airflow/.local/lib/python3.7/site-packages/airflow/example_dags/example_nested_branch_dag.py
[2023-06-14T16:48:54.109+0000] {processor.py:836} INFO - DAG(s) dict_keys(['example_nested_branch_dag']) retrieved from /home/airflow/.local/lib/python3.7/site-packages/airflow/example_dags/example_nested_branch_dag.py
[2023-06-14T16:48:54.132+0000] {logging_mixin.py:149} INFO - [2023-06-14T16:48:54.132+0000] {dag.py:2726} INFO - Sync 1 DAGs
[2023-06-14T16:48:54.162+0000] {logging_mixin.py:149} INFO - [2023-06-14T16:48:54.161+0000] {dag.py:3490} INFO - Setting next_dagrun for example_nested_branch_dag to 2023-06-13T00:00:00+00:00, run_after=2023-06-14T00:00:00+00:00
[2023-06-14T16:48:54.180+0000] {processor.py:179} INFO - Processing /home/airflow/.local/lib/python3.7/site-packages/airflow/example_dags/example_nested_branch_dag.py took 0.085 seconds
[2023-06-14T16:49:24.458+0000] {processor.py:157} INFO - Started process (PID=6481) to work on /home/airflow/.local/lib/python3.7/site-packages/airflow/example_dags/example_nested_branch_dag.py
[2023-06-14T16:49:24.459+0000] {processor.py:826} INFO - Processing file /home/airflow/.local/lib/python3.7/site-packages/airflow/example_dags/example_nested_branch_dag.py for tasks to queue
[2023-06-14T16:49:24.460+0000] {logging_mixin.py:149} INFO - [2023-06-14T16:49:24.459+0000] {dagbag.py:541} INFO - Filling up the DagBag from /home/airflow/.local/lib/python3.7/site-packages/airflow/example_dags/example_nested_branch_dag.py
[2023-06-14T16:49:24.476+0000] {processor.py:836} INFO - DAG(s) dict_keys(['example_nested_branch_dag']) retrieved from /home/airflow/.local/lib/python3.7/site-packages/airflow/example_dags/example_nested_branch_dag.py
[2023-06-14T16:49:24.498+0000] {logging_mixin.py:149} INFO - [2023-06-14T16:49:24.498+0000] {dag.py:2726} INFO - Sync 1 DAGs
[2023-06-14T16:49:24.524+0000] {logging_mixin.py:149} INFO - [2023-06-14T16:49:24.524+0000] {dag.py:3490} INFO - Setting next_dagrun for example_nested_branch_dag to 2023-06-13T00:00:00+00:00, run_after=2023-06-14T00:00:00+00:00
[2023-06-14T16:49:24.545+0000] {processor.py:179} INFO - Processing /home/airflow/.local/lib/python3.7/site-packages/airflow/example_dags/example_nested_branch_dag.py took 0.091 seconds
[2023-06-14T16:49:54.844+0000] {processor.py:157} INFO - Started process (PID=6545) to work on /home/airflow/.local/lib/python3.7/site-packages/airflow/example_dags/example_nested_branch_dag.py
[2023-06-14T16:49:54.844+0000] {processor.py:826} INFO - Processing file /home/airflow/.local/lib/python3.7/site-packages/airflow/example_dags/example_nested_branch_dag.py for tasks to queue
[2023-06-14T16:49:54.845+0000] {logging_mixin.py:149} INFO - [2023-06-14T16:49:54.845+0000] {dagbag.py:541} INFO - Filling up the DagBag from /home/airflow/.local/lib/python3.7/site-packages/airflow/example_dags/example_nested_branch_dag.py
[2023-06-14T16:49:54.853+0000] {processor.py:836} INFO - DAG(s) dict_keys(['example_nested_branch_dag']) retrieved from /home/airflow/.local/lib/python3.7/site-packages/airflow/example_dags/example_nested_branch_dag.py
[2023-06-14T16:49:54.877+0000] {logging_mixin.py:149} INFO - [2023-06-14T16:49:54.877+0000] {dag.py:2726} INFO - Sync 1 DAGs
[2023-06-14T16:49:54.902+0000] {logging_mixin.py:149} INFO - [2023-06-14T16:49:54.902+0000] {dag.py:3490} INFO - Setting next_dagrun for example_nested_branch_dag to 2023-06-13T00:00:00+00:00, run_after=2023-06-14T00:00:00+00:00
[2023-06-14T16:49:54.921+0000] {processor.py:179} INFO - Processing /home/airflow/.local/lib/python3.7/site-packages/airflow/example_dags/example_nested_branch_dag.py took 0.079 seconds
[2023-06-14T16:50:25.214+0000] {processor.py:157} INFO - Started process (PID=6609) to work on /home/airflow/.local/lib/python3.7/site-packages/airflow/example_dags/example_nested_branch_dag.py
[2023-06-14T16:50:25.215+0000] {processor.py:826} INFO - Processing file /home/airflow/.local/lib/python3.7/site-packages/airflow/example_dags/example_nested_branch_dag.py for tasks to queue
[2023-06-14T16:50:25.216+0000] {logging_mixin.py:149} INFO - [2023-06-14T16:50:25.216+0000] {dagbag.py:541} INFO - Filling up the DagBag from /home/airflow/.local/lib/python3.7/site-packages/airflow/example_dags/example_nested_branch_dag.py
[2023-06-14T16:50:25.225+0000] {processor.py:836} INFO - DAG(s) dict_keys(['example_nested_branch_dag']) retrieved from /home/airflow/.local/lib/python3.7/site-packages/airflow/example_dags/example_nested_branch_dag.py
[2023-06-14T16:50:25.248+0000] {logging_mixin.py:149} INFO - [2023-06-14T16:50:25.247+0000] {dag.py:2726} INFO - Sync 1 DAGs
[2023-06-14T16:50:25.277+0000] {logging_mixin.py:149} INFO - [2023-06-14T16:50:25.277+0000] {dag.py:3490} INFO - Setting next_dagrun for example_nested_branch_dag to 2023-06-13T00:00:00+00:00, run_after=2023-06-14T00:00:00+00:00
[2023-06-14T16:50:25.296+0000] {processor.py:179} INFO - Processing /home/airflow/.local/lib/python3.7/site-packages/airflow/example_dags/example_nested_branch_dag.py took 0.084 seconds
[2023-06-14T16:50:55.514+0000] {processor.py:157} INFO - Started process (PID=6673) to work on /home/airflow/.local/lib/python3.7/site-packages/airflow/example_dags/example_nested_branch_dag.py
[2023-06-14T16:50:55.515+0000] {processor.py:826} INFO - Processing file /home/airflow/.local/lib/python3.7/site-packages/airflow/example_dags/example_nested_branch_dag.py for tasks to queue
[2023-06-14T16:50:55.516+0000] {logging_mixin.py:149} INFO - [2023-06-14T16:50:55.515+0000] {dagbag.py:541} INFO - Filling up the DagBag from /home/airflow/.local/lib/python3.7/site-packages/airflow/example_dags/example_nested_branch_dag.py
[2023-06-14T16:50:55.526+0000] {processor.py:836} INFO - DAG(s) dict_keys(['example_nested_branch_dag']) retrieved from /home/airflow/.local/lib/python3.7/site-packages/airflow/example_dags/example_nested_branch_dag.py
[2023-06-14T16:50:55.551+0000] {logging_mixin.py:149} INFO - [2023-06-14T16:50:55.550+0000] {dag.py:2726} INFO - Sync 1 DAGs
[2023-06-14T16:50:55.584+0000] {logging_mixin.py:149} INFO - [2023-06-14T16:50:55.584+0000] {dag.py:3490} INFO - Setting next_dagrun for example_nested_branch_dag to 2023-06-13T00:00:00+00:00, run_after=2023-06-14T00:00:00+00:00
[2023-06-14T16:50:55.604+0000] {processor.py:179} INFO - Processing /home/airflow/.local/lib/python3.7/site-packages/airflow/example_dags/example_nested_branch_dag.py took 0.094 seconds
[2023-06-14T16:51:25.986+0000] {processor.py:157} INFO - Started process (PID=6750) to work on /home/airflow/.local/lib/python3.7/site-packages/airflow/example_dags/example_nested_branch_dag.py
[2023-06-14T16:51:25.987+0000] {processor.py:826} INFO - Processing file /home/airflow/.local/lib/python3.7/site-packages/airflow/example_dags/example_nested_branch_dag.py for tasks to queue
[2023-06-14T16:51:25.988+0000] {logging_mixin.py:149} INFO - [2023-06-14T16:51:25.988+0000] {dagbag.py:541} INFO - Filling up the DagBag from /home/airflow/.local/lib/python3.7/site-packages/airflow/example_dags/example_nested_branch_dag.py
[2023-06-14T16:51:25.998+0000] {processor.py:836} INFO - DAG(s) dict_keys(['example_nested_branch_dag']) retrieved from /home/airflow/.local/lib/python3.7/site-packages/airflow/example_dags/example_nested_branch_dag.py
[2023-06-14T16:51:26.023+0000] {logging_mixin.py:149} INFO - [2023-06-14T16:51:26.022+0000] {dag.py:2726} INFO - Sync 1 DAGs
[2023-06-14T16:51:26.049+0000] {logging_mixin.py:149} INFO - [2023-06-14T16:51:26.049+0000] {dag.py:3490} INFO - Setting next_dagrun for example_nested_branch_dag to 2023-06-13T00:00:00+00:00, run_after=2023-06-14T00:00:00+00:00
[2023-06-14T16:51:26.066+0000] {processor.py:179} INFO - Processing /home/airflow/.local/lib/python3.7/site-packages/airflow/example_dags/example_nested_branch_dag.py took 0.082 seconds
[2023-06-14T16:51:56.561+0000] {processor.py:157} INFO - Started process (PID=6827) to work on /home/airflow/.local/lib/python3.7/site-packages/airflow/example_dags/example_nested_branch_dag.py
[2023-06-14T16:51:56.562+0000] {processor.py:826} INFO - Processing file /home/airflow/.local/lib/python3.7/site-packages/airflow/example_dags/example_nested_branch_dag.py for tasks to queue
[2023-06-14T16:51:56.563+0000] {logging_mixin.py:149} INFO - [2023-06-14T16:51:56.563+0000] {dagbag.py:541} INFO - Filling up the DagBag from /home/airflow/.local/lib/python3.7/site-packages/airflow/example_dags/example_nested_branch_dag.py
[2023-06-14T16:51:56.573+0000] {processor.py:836} INFO - DAG(s) dict_keys(['example_nested_branch_dag']) retrieved from /home/airflow/.local/lib/python3.7/site-packages/airflow/example_dags/example_nested_branch_dag.py
[2023-06-14T16:51:56.602+0000] {logging_mixin.py:149} INFO - [2023-06-14T16:51:56.601+0000] {dag.py:2726} INFO - Sync 1 DAGs
[2023-06-14T16:51:56.631+0000] {logging_mixin.py:149} INFO - [2023-06-14T16:51:56.631+0000] {dag.py:3490} INFO - Setting next_dagrun for example_nested_branch_dag to 2023-06-13T00:00:00+00:00, run_after=2023-06-14T00:00:00+00:00
[2023-06-14T16:51:56.652+0000] {processor.py:179} INFO - Processing /home/airflow/.local/lib/python3.7/site-packages/airflow/example_dags/example_nested_branch_dag.py took 0.094 seconds
[2023-06-14T16:52:27.328+0000] {processor.py:157} INFO - Started process (PID=6904) to work on /home/airflow/.local/lib/python3.7/site-packages/airflow/example_dags/example_nested_branch_dag.py
[2023-06-14T16:52:27.329+0000] {processor.py:826} INFO - Processing file /home/airflow/.local/lib/python3.7/site-packages/airflow/example_dags/example_nested_branch_dag.py for tasks to queue
[2023-06-14T16:52:27.330+0000] {logging_mixin.py:149} INFO - [2023-06-14T16:52:27.330+0000] {dagbag.py:541} INFO - Filling up the DagBag from /home/airflow/.local/lib/python3.7/site-packages/airflow/example_dags/example_nested_branch_dag.py
[2023-06-14T16:52:27.343+0000] {processor.py:836} INFO - DAG(s) dict_keys(['example_nested_branch_dag']) retrieved from /home/airflow/.local/lib/python3.7/site-packages/airflow/example_dags/example_nested_branch_dag.py
[2023-06-14T16:52:27.368+0000] {logging_mixin.py:149} INFO - [2023-06-14T16:52:27.367+0000] {dag.py:2726} INFO - Sync 1 DAGs
[2023-06-14T16:52:27.394+0000] {logging_mixin.py:149} INFO - [2023-06-14T16:52:27.394+0000] {dag.py:3490} INFO - Setting next_dagrun for example_nested_branch_dag to 2023-06-13T00:00:00+00:00, run_after=2023-06-14T00:00:00+00:00
[2023-06-14T16:52:27.414+0000] {processor.py:179} INFO - Processing /home/airflow/.local/lib/python3.7/site-packages/airflow/example_dags/example_nested_branch_dag.py took 0.090 seconds
[2023-06-14T16:52:57.909+0000] {processor.py:157} INFO - Started process (PID=6981) to work on /home/airflow/.local/lib/python3.7/site-packages/airflow/example_dags/example_nested_branch_dag.py
[2023-06-14T16:52:57.909+0000] {processor.py:826} INFO - Processing file /home/airflow/.local/lib/python3.7/site-packages/airflow/example_dags/example_nested_branch_dag.py for tasks to queue
[2023-06-14T16:52:57.910+0000] {logging_mixin.py:149} INFO - [2023-06-14T16:52:57.910+0000] {dagbag.py:541} INFO - Filling up the DagBag from /home/airflow/.local/lib/python3.7/site-packages/airflow/example_dags/example_nested_branch_dag.py
[2023-06-14T16:52:57.919+0000] {processor.py:836} INFO - DAG(s) dict_keys(['example_nested_branch_dag']) retrieved from /home/airflow/.local/lib/python3.7/site-packages/airflow/example_dags/example_nested_branch_dag.py
[2023-06-14T16:52:57.942+0000] {logging_mixin.py:149} INFO - [2023-06-14T16:52:57.942+0000] {dag.py:2726} INFO - Sync 1 DAGs
[2023-06-14T16:52:57.967+0000] {logging_mixin.py:149} INFO - [2023-06-14T16:52:57.967+0000] {dag.py:3490} INFO - Setting next_dagrun for example_nested_branch_dag to 2023-06-13T00:00:00+00:00, run_after=2023-06-14T00:00:00+00:00
[2023-06-14T16:52:57.986+0000] {processor.py:179} INFO - Processing /home/airflow/.local/lib/python3.7/site-packages/airflow/example_dags/example_nested_branch_dag.py took 0.079 seconds
[2023-06-14T16:53:28.102+0000] {processor.py:157} INFO - Started process (PID=7058) to work on /home/airflow/.local/lib/python3.7/site-packages/airflow/example_dags/example_nested_branch_dag.py
[2023-06-14T16:53:28.103+0000] {processor.py:826} INFO - Processing file /home/airflow/.local/lib/python3.7/site-packages/airflow/example_dags/example_nested_branch_dag.py for tasks to queue
[2023-06-14T16:53:28.103+0000] {logging_mixin.py:149} INFO - [2023-06-14T16:53:28.103+0000] {dagbag.py:541} INFO - Filling up the DagBag from /home/airflow/.local/lib/python3.7/site-packages/airflow/example_dags/example_nested_branch_dag.py
[2023-06-14T16:53:28.112+0000] {processor.py:836} INFO - DAG(s) dict_keys(['example_nested_branch_dag']) retrieved from /home/airflow/.local/lib/python3.7/site-packages/airflow/example_dags/example_nested_branch_dag.py
[2023-06-14T16:53:28.134+0000] {logging_mixin.py:149} INFO - [2023-06-14T16:53:28.134+0000] {dag.py:2726} INFO - Sync 1 DAGs
[2023-06-14T16:53:28.160+0000] {logging_mixin.py:149} INFO - [2023-06-14T16:53:28.160+0000] {dag.py:3490} INFO - Setting next_dagrun for example_nested_branch_dag to 2023-06-13T00:00:00+00:00, run_after=2023-06-14T00:00:00+00:00
[2023-06-14T16:53:28.180+0000] {processor.py:179} INFO - Processing /home/airflow/.local/lib/python3.7/site-packages/airflow/example_dags/example_nested_branch_dag.py took 0.081 seconds
[2023-06-14T16:53:58.742+0000] {processor.py:157} INFO - Started process (PID=7135) to work on /home/airflow/.local/lib/python3.7/site-packages/airflow/example_dags/example_nested_branch_dag.py
[2023-06-14T16:53:58.743+0000] {processor.py:826} INFO - Processing file /home/airflow/.local/lib/python3.7/site-packages/airflow/example_dags/example_nested_branch_dag.py for tasks to queue
[2023-06-14T16:53:58.744+0000] {logging_mixin.py:149} INFO - [2023-06-14T16:53:58.744+0000] {dagbag.py:541} INFO - Filling up the DagBag from /home/airflow/.local/lib/python3.7/site-packages/airflow/example_dags/example_nested_branch_dag.py
[2023-06-14T16:53:58.753+0000] {processor.py:836} INFO - DAG(s) dict_keys(['example_nested_branch_dag']) retrieved from /home/airflow/.local/lib/python3.7/site-packages/airflow/example_dags/example_nested_branch_dag.py
[2023-06-14T16:53:58.781+0000] {logging_mixin.py:149} INFO - [2023-06-14T16:53:58.780+0000] {dag.py:2726} INFO - Sync 1 DAGs
[2023-06-14T16:53:58.811+0000] {logging_mixin.py:149} INFO - [2023-06-14T16:53:58.811+0000] {dag.py:3490} INFO - Setting next_dagrun for example_nested_branch_dag to 2023-06-13T00:00:00+00:00, run_after=2023-06-14T00:00:00+00:00
[2023-06-14T16:53:58.828+0000] {processor.py:179} INFO - Processing /home/airflow/.local/lib/python3.7/site-packages/airflow/example_dags/example_nested_branch_dag.py took 0.089 seconds
[2023-06-14T16:54:28.934+0000] {processor.py:157} INFO - Started process (PID=7212) to work on /home/airflow/.local/lib/python3.7/site-packages/airflow/example_dags/example_nested_branch_dag.py
[2023-06-14T16:54:28.935+0000] {processor.py:826} INFO - Processing file /home/airflow/.local/lib/python3.7/site-packages/airflow/example_dags/example_nested_branch_dag.py for tasks to queue
[2023-06-14T16:54:28.936+0000] {logging_mixin.py:149} INFO - [2023-06-14T16:54:28.936+0000] {dagbag.py:541} INFO - Filling up the DagBag from /home/airflow/.local/lib/python3.7/site-packages/airflow/example_dags/example_nested_branch_dag.py
[2023-06-14T16:54:28.948+0000] {processor.py:836} INFO - DAG(s) dict_keys(['example_nested_branch_dag']) retrieved from /home/airflow/.local/lib/python3.7/site-packages/airflow/example_dags/example_nested_branch_dag.py
[2023-06-14T16:54:28.974+0000] {logging_mixin.py:149} INFO - [2023-06-14T16:54:28.974+0000] {dag.py:2726} INFO - Sync 1 DAGs
[2023-06-14T16:54:29.002+0000] {logging_mixin.py:149} INFO - [2023-06-14T16:54:29.002+0000] {dag.py:3490} INFO - Setting next_dagrun for example_nested_branch_dag to 2023-06-13T00:00:00+00:00, run_after=2023-06-14T00:00:00+00:00
[2023-06-14T16:54:29.021+0000] {processor.py:179} INFO - Processing /home/airflow/.local/lib/python3.7/site-packages/airflow/example_dags/example_nested_branch_dag.py took 0.090 seconds
[2023-06-14T16:54:59.440+0000] {processor.py:157} INFO - Started process (PID=7289) to work on /home/airflow/.local/lib/python3.7/site-packages/airflow/example_dags/example_nested_branch_dag.py
[2023-06-14T16:54:59.441+0000] {processor.py:826} INFO - Processing file /home/airflow/.local/lib/python3.7/site-packages/airflow/example_dags/example_nested_branch_dag.py for tasks to queue
[2023-06-14T16:54:59.441+0000] {logging_mixin.py:149} INFO - [2023-06-14T16:54:59.441+0000] {dagbag.py:541} INFO - Filling up the DagBag from /home/airflow/.local/lib/python3.7/site-packages/airflow/example_dags/example_nested_branch_dag.py
[2023-06-14T16:54:59.451+0000] {processor.py:836} INFO - DAG(s) dict_keys(['example_nested_branch_dag']) retrieved from /home/airflow/.local/lib/python3.7/site-packages/airflow/example_dags/example_nested_branch_dag.py
[2023-06-14T16:54:59.474+0000] {logging_mixin.py:149} INFO - [2023-06-14T16:54:59.474+0000] {dag.py:2726} INFO - Sync 1 DAGs
[2023-06-14T16:54:59.498+0000] {logging_mixin.py:149} INFO - [2023-06-14T16:54:59.498+0000] {dag.py:3490} INFO - Setting next_dagrun for example_nested_branch_dag to 2023-06-13T00:00:00+00:00, run_after=2023-06-14T00:00:00+00:00
[2023-06-14T16:54:59.519+0000] {processor.py:179} INFO - Processing /home/airflow/.local/lib/python3.7/site-packages/airflow/example_dags/example_nested_branch_dag.py took 0.082 seconds
[2023-06-14T16:55:29.859+0000] {processor.py:157} INFO - Started process (PID=7366) to work on /home/airflow/.local/lib/python3.7/site-packages/airflow/example_dags/example_nested_branch_dag.py
[2023-06-14T16:55:29.860+0000] {processor.py:826} INFO - Processing file /home/airflow/.local/lib/python3.7/site-packages/airflow/example_dags/example_nested_branch_dag.py for tasks to queue
[2023-06-14T16:55:29.861+0000] {logging_mixin.py:149} INFO - [2023-06-14T16:55:29.861+0000] {dagbag.py:541} INFO - Filling up the DagBag from /home/airflow/.local/lib/python3.7/site-packages/airflow/example_dags/example_nested_branch_dag.py
[2023-06-14T16:55:29.872+0000] {processor.py:836} INFO - DAG(s) dict_keys(['example_nested_branch_dag']) retrieved from /home/airflow/.local/lib/python3.7/site-packages/airflow/example_dags/example_nested_branch_dag.py
[2023-06-14T16:55:29.899+0000] {logging_mixin.py:149} INFO - [2023-06-14T16:55:29.899+0000] {dag.py:2726} INFO - Sync 1 DAGs
[2023-06-14T16:55:29.929+0000] {logging_mixin.py:149} INFO - [2023-06-14T16:55:29.929+0000] {dag.py:3490} INFO - Setting next_dagrun for example_nested_branch_dag to 2023-06-13T00:00:00+00:00, run_after=2023-06-14T00:00:00+00:00
[2023-06-14T16:55:29.950+0000] {processor.py:179} INFO - Processing /home/airflow/.local/lib/python3.7/site-packages/airflow/example_dags/example_nested_branch_dag.py took 0.093 seconds
[2023-06-14T16:56:00.316+0000] {processor.py:157} INFO - Started process (PID=7444) to work on /home/airflow/.local/lib/python3.7/site-packages/airflow/example_dags/example_nested_branch_dag.py
[2023-06-14T16:56:00.316+0000] {processor.py:826} INFO - Processing file /home/airflow/.local/lib/python3.7/site-packages/airflow/example_dags/example_nested_branch_dag.py for tasks to queue
[2023-06-14T16:56:00.317+0000] {logging_mixin.py:149} INFO - [2023-06-14T16:56:00.317+0000] {dagbag.py:541} INFO - Filling up the DagBag from /home/airflow/.local/lib/python3.7/site-packages/airflow/example_dags/example_nested_branch_dag.py
[2023-06-14T16:56:00.332+0000] {processor.py:836} INFO - DAG(s) dict_keys(['example_nested_branch_dag']) retrieved from /home/airflow/.local/lib/python3.7/site-packages/airflow/example_dags/example_nested_branch_dag.py
[2023-06-14T16:56:00.357+0000] {logging_mixin.py:149} INFO - [2023-06-14T16:56:00.357+0000] {dag.py:2726} INFO - Sync 1 DAGs
[2023-06-14T16:56:00.384+0000] {logging_mixin.py:149} INFO - [2023-06-14T16:56:00.384+0000] {dag.py:3490} INFO - Setting next_dagrun for example_nested_branch_dag to 2023-06-13T00:00:00+00:00, run_after=2023-06-14T00:00:00+00:00
[2023-06-14T16:56:00.402+0000] {processor.py:179} INFO - Processing /home/airflow/.local/lib/python3.7/site-packages/airflow/example_dags/example_nested_branch_dag.py took 0.090 seconds
[2023-06-14T16:56:30.692+0000] {processor.py:157} INFO - Started process (PID=7521) to work on /home/airflow/.local/lib/python3.7/site-packages/airflow/example_dags/example_nested_branch_dag.py
[2023-06-14T16:56:30.692+0000] {processor.py:826} INFO - Processing file /home/airflow/.local/lib/python3.7/site-packages/airflow/example_dags/example_nested_branch_dag.py for tasks to queue
[2023-06-14T16:56:30.693+0000] {logging_mixin.py:149} INFO - [2023-06-14T16:56:30.693+0000] {dagbag.py:541} INFO - Filling up the DagBag from /home/airflow/.local/lib/python3.7/site-packages/airflow/example_dags/example_nested_branch_dag.py
[2023-06-14T16:56:30.701+0000] {processor.py:836} INFO - DAG(s) dict_keys(['example_nested_branch_dag']) retrieved from /home/airflow/.local/lib/python3.7/site-packages/airflow/example_dags/example_nested_branch_dag.py
[2023-06-14T16:56:30.722+0000] {logging_mixin.py:149} INFO - [2023-06-14T16:56:30.722+0000] {dag.py:2726} INFO - Sync 1 DAGs
[2023-06-14T16:56:30.745+0000] {logging_mixin.py:149} INFO - [2023-06-14T16:56:30.745+0000] {dag.py:3490} INFO - Setting next_dagrun for example_nested_branch_dag to 2023-06-13T00:00:00+00:00, run_after=2023-06-14T00:00:00+00:00
[2023-06-14T16:56:30.763+0000] {processor.py:179} INFO - Processing /home/airflow/.local/lib/python3.7/site-packages/airflow/example_dags/example_nested_branch_dag.py took 0.074 seconds
[2023-06-14T16:57:00.936+0000] {processor.py:157} INFO - Started process (PID=7599) to work on /home/airflow/.local/lib/python3.7/site-packages/airflow/example_dags/example_nested_branch_dag.py
[2023-06-14T16:57:00.936+0000] {processor.py:826} INFO - Processing file /home/airflow/.local/lib/python3.7/site-packages/airflow/example_dags/example_nested_branch_dag.py for tasks to queue
[2023-06-14T16:57:00.937+0000] {logging_mixin.py:149} INFO - [2023-06-14T16:57:00.937+0000] {dagbag.py:541} INFO - Filling up the DagBag from /home/airflow/.local/lib/python3.7/site-packages/airflow/example_dags/example_nested_branch_dag.py
[2023-06-14T16:57:00.945+0000] {processor.py:836} INFO - DAG(s) dict_keys(['example_nested_branch_dag']) retrieved from /home/airflow/.local/lib/python3.7/site-packages/airflow/example_dags/example_nested_branch_dag.py
[2023-06-14T16:57:00.967+0000] {logging_mixin.py:149} INFO - [2023-06-14T16:57:00.967+0000] {dag.py:2726} INFO - Sync 1 DAGs
[2023-06-14T16:57:00.992+0000] {logging_mixin.py:149} INFO - [2023-06-14T16:57:00.992+0000] {dag.py:3490} INFO - Setting next_dagrun for example_nested_branch_dag to 2023-06-13T00:00:00+00:00, run_after=2023-06-14T00:00:00+00:00
[2023-06-14T16:57:01.010+0000] {processor.py:179} INFO - Processing /home/airflow/.local/lib/python3.7/site-packages/airflow/example_dags/example_nested_branch_dag.py took 0.076 seconds
[2023-06-14T16:57:31.363+0000] {processor.py:157} INFO - Started process (PID=7676) to work on /home/airflow/.local/lib/python3.7/site-packages/airflow/example_dags/example_nested_branch_dag.py
[2023-06-14T16:57:31.364+0000] {processor.py:826} INFO - Processing file /home/airflow/.local/lib/python3.7/site-packages/airflow/example_dags/example_nested_branch_dag.py for tasks to queue
[2023-06-14T16:57:31.365+0000] {logging_mixin.py:149} INFO - [2023-06-14T16:57:31.365+0000] {dagbag.py:541} INFO - Filling up the DagBag from /home/airflow/.local/lib/python3.7/site-packages/airflow/example_dags/example_nested_branch_dag.py
[2023-06-14T16:57:31.376+0000] {processor.py:836} INFO - DAG(s) dict_keys(['example_nested_branch_dag']) retrieved from /home/airflow/.local/lib/python3.7/site-packages/airflow/example_dags/example_nested_branch_dag.py
[2023-06-14T16:57:31.405+0000] {logging_mixin.py:149} INFO - [2023-06-14T16:57:31.405+0000] {dag.py:2726} INFO - Sync 1 DAGs
[2023-06-14T16:57:31.443+0000] {logging_mixin.py:149} INFO - [2023-06-14T16:57:31.443+0000] {dag.py:3490} INFO - Setting next_dagrun for example_nested_branch_dag to 2023-06-13T00:00:00+00:00, run_after=2023-06-14T00:00:00+00:00
[2023-06-14T16:57:31.464+0000] {processor.py:179} INFO - Processing /home/airflow/.local/lib/python3.7/site-packages/airflow/example_dags/example_nested_branch_dag.py took 0.104 seconds
[2023-06-14T16:58:01.635+0000] {processor.py:157} INFO - Started process (PID=7753) to work on /home/airflow/.local/lib/python3.7/site-packages/airflow/example_dags/example_nested_branch_dag.py
[2023-06-14T16:58:01.636+0000] {processor.py:826} INFO - Processing file /home/airflow/.local/lib/python3.7/site-packages/airflow/example_dags/example_nested_branch_dag.py for tasks to queue
[2023-06-14T16:58:01.637+0000] {logging_mixin.py:149} INFO - [2023-06-14T16:58:01.637+0000] {dagbag.py:541} INFO - Filling up the DagBag from /home/airflow/.local/lib/python3.7/site-packages/airflow/example_dags/example_nested_branch_dag.py
[2023-06-14T16:58:01.645+0000] {processor.py:836} INFO - DAG(s) dict_keys(['example_nested_branch_dag']) retrieved from /home/airflow/.local/lib/python3.7/site-packages/airflow/example_dags/example_nested_branch_dag.py
[2023-06-14T16:58:01.667+0000] {logging_mixin.py:149} INFO - [2023-06-14T16:58:01.666+0000] {dag.py:2726} INFO - Sync 1 DAGs
[2023-06-14T16:58:01.690+0000] {logging_mixin.py:149} INFO - [2023-06-14T16:58:01.689+0000] {dag.py:3490} INFO - Setting next_dagrun for example_nested_branch_dag to 2023-06-13T00:00:00+00:00, run_after=2023-06-14T00:00:00+00:00
[2023-06-14T16:58:01.706+0000] {processor.py:179} INFO - Processing /home/airflow/.local/lib/python3.7/site-packages/airflow/example_dags/example_nested_branch_dag.py took 0.072 seconds
[2023-06-14T16:58:32.135+0000] {processor.py:157} INFO - Started process (PID=7830) to work on /home/airflow/.local/lib/python3.7/site-packages/airflow/example_dags/example_nested_branch_dag.py
[2023-06-14T16:58:32.136+0000] {processor.py:826} INFO - Processing file /home/airflow/.local/lib/python3.7/site-packages/airflow/example_dags/example_nested_branch_dag.py for tasks to queue
[2023-06-14T16:58:32.137+0000] {logging_mixin.py:149} INFO - [2023-06-14T16:58:32.136+0000] {dagbag.py:541} INFO - Filling up the DagBag from /home/airflow/.local/lib/python3.7/site-packages/airflow/example_dags/example_nested_branch_dag.py
[2023-06-14T16:58:32.146+0000] {processor.py:836} INFO - DAG(s) dict_keys(['example_nested_branch_dag']) retrieved from /home/airflow/.local/lib/python3.7/site-packages/airflow/example_dags/example_nested_branch_dag.py
[2023-06-14T16:58:32.171+0000] {logging_mixin.py:149} INFO - [2023-06-14T16:58:32.171+0000] {dag.py:2726} INFO - Sync 1 DAGs
[2023-06-14T16:58:32.199+0000] {logging_mixin.py:149} INFO - [2023-06-14T16:58:32.199+0000] {dag.py:3490} INFO - Setting next_dagrun for example_nested_branch_dag to 2023-06-13T00:00:00+00:00, run_after=2023-06-14T00:00:00+00:00
[2023-06-14T16:58:32.218+0000] {processor.py:179} INFO - Processing /home/airflow/.local/lib/python3.7/site-packages/airflow/example_dags/example_nested_branch_dag.py took 0.087 seconds
[2023-06-14T16:59:02.633+0000] {processor.py:157} INFO - Started process (PID=7907) to work on /home/airflow/.local/lib/python3.7/site-packages/airflow/example_dags/example_nested_branch_dag.py
[2023-06-14T16:59:02.633+0000] {processor.py:826} INFO - Processing file /home/airflow/.local/lib/python3.7/site-packages/airflow/example_dags/example_nested_branch_dag.py for tasks to queue
[2023-06-14T16:59:02.634+0000] {logging_mixin.py:149} INFO - [2023-06-14T16:59:02.634+0000] {dagbag.py:541} INFO - Filling up the DagBag from /home/airflow/.local/lib/python3.7/site-packages/airflow/example_dags/example_nested_branch_dag.py
[2023-06-14T16:59:02.643+0000] {processor.py:836} INFO - DAG(s) dict_keys(['example_nested_branch_dag']) retrieved from /home/airflow/.local/lib/python3.7/site-packages/airflow/example_dags/example_nested_branch_dag.py
[2023-06-14T16:59:02.666+0000] {logging_mixin.py:149} INFO - [2023-06-14T16:59:02.666+0000] {dag.py:2726} INFO - Sync 1 DAGs
[2023-06-14T16:59:02.691+0000] {logging_mixin.py:149} INFO - [2023-06-14T16:59:02.691+0000] {dag.py:3490} INFO - Setting next_dagrun for example_nested_branch_dag to 2023-06-13T00:00:00+00:00, run_after=2023-06-14T00:00:00+00:00
[2023-06-14T16:59:02.708+0000] {processor.py:179} INFO - Processing /home/airflow/.local/lib/python3.7/site-packages/airflow/example_dags/example_nested_branch_dag.py took 0.077 seconds
[2023-06-14T17:02:23.906+0000] {processor.py:157} INFO - Started process (PID=71) to work on /home/airflow/.local/lib/python3.7/site-packages/airflow/example_dags/example_nested_branch_dag.py
[2023-06-14T17:02:23.907+0000] {processor.py:826} INFO - Processing file /home/airflow/.local/lib/python3.7/site-packages/airflow/example_dags/example_nested_branch_dag.py for tasks to queue
[2023-06-14T17:02:23.908+0000] {logging_mixin.py:149} INFO - [2023-06-14T17:02:23.908+0000] {dagbag.py:541} INFO - Filling up the DagBag from /home/airflow/.local/lib/python3.7/site-packages/airflow/example_dags/example_nested_branch_dag.py
[2023-06-14T17:02:23.921+0000] {processor.py:836} INFO - DAG(s) dict_keys(['example_nested_branch_dag']) retrieved from /home/airflow/.local/lib/python3.7/site-packages/airflow/example_dags/example_nested_branch_dag.py
[2023-06-14T17:02:23.957+0000] {logging_mixin.py:149} INFO - [2023-06-14T17:02:23.957+0000] {dag.py:2726} INFO - Sync 1 DAGs
[2023-06-14T17:02:23.983+0000] {logging_mixin.py:149} INFO - [2023-06-14T17:02:23.983+0000] {dag.py:3490} INFO - Setting next_dagrun for example_nested_branch_dag to 2023-06-13T00:00:00+00:00, run_after=2023-06-14T00:00:00+00:00
[2023-06-14T17:02:24.004+0000] {processor.py:179} INFO - Processing /home/airflow/.local/lib/python3.7/site-packages/airflow/example_dags/example_nested_branch_dag.py took 0.101 seconds
[2023-06-14T17:02:55.221+0000] {processor.py:157} INFO - Started process (PID=148) to work on /home/airflow/.local/lib/python3.7/site-packages/airflow/example_dags/example_nested_branch_dag.py
[2023-06-14T17:02:55.222+0000] {processor.py:826} INFO - Processing file /home/airflow/.local/lib/python3.7/site-packages/airflow/example_dags/example_nested_branch_dag.py for tasks to queue
[2023-06-14T17:02:55.223+0000] {logging_mixin.py:149} INFO - [2023-06-14T17:02:55.222+0000] {dagbag.py:541} INFO - Filling up the DagBag from /home/airflow/.local/lib/python3.7/site-packages/airflow/example_dags/example_nested_branch_dag.py
[2023-06-14T17:02:55.233+0000] {processor.py:836} INFO - DAG(s) dict_keys(['example_nested_branch_dag']) retrieved from /home/airflow/.local/lib/python3.7/site-packages/airflow/example_dags/example_nested_branch_dag.py
[2023-06-14T17:02:55.258+0000] {logging_mixin.py:149} INFO - [2023-06-14T17:02:55.258+0000] {dag.py:2726} INFO - Sync 1 DAGs
[2023-06-14T17:02:55.380+0000] {logging_mixin.py:149} INFO - [2023-06-14T17:02:55.380+0000] {dag.py:3490} INFO - Setting next_dagrun for example_nested_branch_dag to 2023-06-13T00:00:00+00:00, run_after=2023-06-14T00:00:00+00:00
[2023-06-14T17:02:55.398+0000] {processor.py:179} INFO - Processing /home/airflow/.local/lib/python3.7/site-packages/airflow/example_dags/example_nested_branch_dag.py took 0.180 seconds
[2023-06-14T17:03:26.134+0000] {processor.py:157} INFO - Started process (PID=225) to work on /home/airflow/.local/lib/python3.7/site-packages/airflow/example_dags/example_nested_branch_dag.py
[2023-06-14T17:03:26.136+0000] {processor.py:826} INFO - Processing file /home/airflow/.local/lib/python3.7/site-packages/airflow/example_dags/example_nested_branch_dag.py for tasks to queue
[2023-06-14T17:03:26.137+0000] {logging_mixin.py:149} INFO - [2023-06-14T17:03:26.137+0000] {dagbag.py:541} INFO - Filling up the DagBag from /home/airflow/.local/lib/python3.7/site-packages/airflow/example_dags/example_nested_branch_dag.py
[2023-06-14T17:03:26.150+0000] {processor.py:836} INFO - DAG(s) dict_keys(['example_nested_branch_dag']) retrieved from /home/airflow/.local/lib/python3.7/site-packages/airflow/example_dags/example_nested_branch_dag.py
[2023-06-14T17:03:26.280+0000] {logging_mixin.py:149} INFO - [2023-06-14T17:03:26.279+0000] {dag.py:2726} INFO - Sync 1 DAGs
[2023-06-14T17:03:26.309+0000] {logging_mixin.py:149} INFO - [2023-06-14T17:03:26.309+0000] {dag.py:3490} INFO - Setting next_dagrun for example_nested_branch_dag to 2023-06-13T00:00:00+00:00, run_after=2023-06-14T00:00:00+00:00
[2023-06-14T17:03:26.329+0000] {processor.py:179} INFO - Processing /home/airflow/.local/lib/python3.7/site-packages/airflow/example_dags/example_nested_branch_dag.py took 0.201 seconds
[2023-06-14T17:03:56.446+0000] {processor.py:157} INFO - Started process (PID=302) to work on /home/airflow/.local/lib/python3.7/site-packages/airflow/example_dags/example_nested_branch_dag.py
[2023-06-14T17:03:56.447+0000] {processor.py:826} INFO - Processing file /home/airflow/.local/lib/python3.7/site-packages/airflow/example_dags/example_nested_branch_dag.py for tasks to queue
[2023-06-14T17:03:56.448+0000] {logging_mixin.py:149} INFO - [2023-06-14T17:03:56.448+0000] {dagbag.py:541} INFO - Filling up the DagBag from /home/airflow/.local/lib/python3.7/site-packages/airflow/example_dags/example_nested_branch_dag.py
[2023-06-14T17:03:56.456+0000] {processor.py:836} INFO - DAG(s) dict_keys(['example_nested_branch_dag']) retrieved from /home/airflow/.local/lib/python3.7/site-packages/airflow/example_dags/example_nested_branch_dag.py
[2023-06-14T17:03:56.478+0000] {logging_mixin.py:149} INFO - [2023-06-14T17:03:56.478+0000] {dag.py:2726} INFO - Sync 1 DAGs
[2023-06-14T17:03:56.503+0000] {logging_mixin.py:149} INFO - [2023-06-14T17:03:56.503+0000] {dag.py:3490} INFO - Setting next_dagrun for example_nested_branch_dag to 2023-06-13T00:00:00+00:00, run_after=2023-06-14T00:00:00+00:00
[2023-06-14T17:03:56.520+0000] {processor.py:179} INFO - Processing /home/airflow/.local/lib/python3.7/site-packages/airflow/example_dags/example_nested_branch_dag.py took 0.077 seconds
[2023-06-14T17:04:27.104+0000] {processor.py:157} INFO - Started process (PID=379) to work on /home/airflow/.local/lib/python3.7/site-packages/airflow/example_dags/example_nested_branch_dag.py
[2023-06-14T17:04:27.105+0000] {processor.py:826} INFO - Processing file /home/airflow/.local/lib/python3.7/site-packages/airflow/example_dags/example_nested_branch_dag.py for tasks to queue
[2023-06-14T17:04:27.106+0000] {logging_mixin.py:149} INFO - [2023-06-14T17:04:27.106+0000] {dagbag.py:541} INFO - Filling up the DagBag from /home/airflow/.local/lib/python3.7/site-packages/airflow/example_dags/example_nested_branch_dag.py
[2023-06-14T17:04:27.122+0000] {processor.py:836} INFO - DAG(s) dict_keys(['example_nested_branch_dag']) retrieved from /home/airflow/.local/lib/python3.7/site-packages/airflow/example_dags/example_nested_branch_dag.py
[2023-06-14T17:04:27.161+0000] {logging_mixin.py:149} INFO - [2023-06-14T17:04:27.161+0000] {dag.py:2726} INFO - Sync 1 DAGs
[2023-06-14T17:04:27.192+0000] {logging_mixin.py:149} INFO - [2023-06-14T17:04:27.192+0000] {dag.py:3490} INFO - Setting next_dagrun for example_nested_branch_dag to 2023-06-13T00:00:00+00:00, run_after=2023-06-14T00:00:00+00:00
[2023-06-14T17:04:27.216+0000] {processor.py:179} INFO - Processing /home/airflow/.local/lib/python3.7/site-packages/airflow/example_dags/example_nested_branch_dag.py took 0.114 seconds
[2023-06-14T17:04:58.035+0000] {processor.py:157} INFO - Started process (PID=443) to work on /home/airflow/.local/lib/python3.7/site-packages/airflow/example_dags/example_nested_branch_dag.py
[2023-06-14T17:04:58.036+0000] {processor.py:826} INFO - Processing file /home/airflow/.local/lib/python3.7/site-packages/airflow/example_dags/example_nested_branch_dag.py for tasks to queue
[2023-06-14T17:04:58.037+0000] {logging_mixin.py:149} INFO - [2023-06-14T17:04:58.037+0000] {dagbag.py:541} INFO - Filling up the DagBag from /home/airflow/.local/lib/python3.7/site-packages/airflow/example_dags/example_nested_branch_dag.py
[2023-06-14T17:04:58.045+0000] {processor.py:836} INFO - DAG(s) dict_keys(['example_nested_branch_dag']) retrieved from /home/airflow/.local/lib/python3.7/site-packages/airflow/example_dags/example_nested_branch_dag.py
[2023-06-14T17:04:58.070+0000] {logging_mixin.py:149} INFO - [2023-06-14T17:04:58.069+0000] {dag.py:2726} INFO - Sync 1 DAGs
[2023-06-14T17:04:58.095+0000] {logging_mixin.py:149} INFO - [2023-06-14T17:04:58.095+0000] {dag.py:3490} INFO - Setting next_dagrun for example_nested_branch_dag to 2023-06-13T00:00:00+00:00, run_after=2023-06-14T00:00:00+00:00
[2023-06-14T17:04:58.115+0000] {processor.py:179} INFO - Processing /home/airflow/.local/lib/python3.7/site-packages/airflow/example_dags/example_nested_branch_dag.py took 0.083 seconds
[2023-06-14T17:05:28.582+0000] {processor.py:157} INFO - Started process (PID=507) to work on /home/airflow/.local/lib/python3.7/site-packages/airflow/example_dags/example_nested_branch_dag.py
[2023-06-14T17:05:28.583+0000] {processor.py:826} INFO - Processing file /home/airflow/.local/lib/python3.7/site-packages/airflow/example_dags/example_nested_branch_dag.py for tasks to queue
[2023-06-14T17:05:28.584+0000] {logging_mixin.py:149} INFO - [2023-06-14T17:05:28.584+0000] {dagbag.py:541} INFO - Filling up the DagBag from /home/airflow/.local/lib/python3.7/site-packages/airflow/example_dags/example_nested_branch_dag.py
[2023-06-14T17:05:28.592+0000] {processor.py:836} INFO - DAG(s) dict_keys(['example_nested_branch_dag']) retrieved from /home/airflow/.local/lib/python3.7/site-packages/airflow/example_dags/example_nested_branch_dag.py
[2023-06-14T17:05:28.615+0000] {logging_mixin.py:149} INFO - [2023-06-14T17:05:28.615+0000] {dag.py:2726} INFO - Sync 1 DAGs
[2023-06-14T17:05:28.642+0000] {logging_mixin.py:149} INFO - [2023-06-14T17:05:28.642+0000] {dag.py:3490} INFO - Setting next_dagrun for example_nested_branch_dag to 2023-06-13T00:00:00+00:00, run_after=2023-06-14T00:00:00+00:00
[2023-06-14T17:05:28.664+0000] {processor.py:179} INFO - Processing /home/airflow/.local/lib/python3.7/site-packages/airflow/example_dags/example_nested_branch_dag.py took 0.085 seconds
[2023-06-14T17:05:59.542+0000] {processor.py:157} INFO - Started process (PID=571) to work on /home/airflow/.local/lib/python3.7/site-packages/airflow/example_dags/example_nested_branch_dag.py
[2023-06-14T17:05:59.542+0000] {processor.py:826} INFO - Processing file /home/airflow/.local/lib/python3.7/site-packages/airflow/example_dags/example_nested_branch_dag.py for tasks to queue
[2023-06-14T17:05:59.543+0000] {logging_mixin.py:149} INFO - [2023-06-14T17:05:59.543+0000] {dagbag.py:541} INFO - Filling up the DagBag from /home/airflow/.local/lib/python3.7/site-packages/airflow/example_dags/example_nested_branch_dag.py
[2023-06-14T17:05:59.552+0000] {processor.py:836} INFO - DAG(s) dict_keys(['example_nested_branch_dag']) retrieved from /home/airflow/.local/lib/python3.7/site-packages/airflow/example_dags/example_nested_branch_dag.py
[2023-06-14T17:05:59.580+0000] {logging_mixin.py:149} INFO - [2023-06-14T17:05:59.580+0000] {dag.py:2726} INFO - Sync 1 DAGs
[2023-06-14T17:05:59.612+0000] {logging_mixin.py:149} INFO - [2023-06-14T17:05:59.611+0000] {dag.py:3490} INFO - Setting next_dagrun for example_nested_branch_dag to 2023-06-13T00:00:00+00:00, run_after=2023-06-14T00:00:00+00:00
[2023-06-14T17:05:59.636+0000] {processor.py:179} INFO - Processing /home/airflow/.local/lib/python3.7/site-packages/airflow/example_dags/example_nested_branch_dag.py took 0.096 seconds
