[2023-06-14T16:06:13.076+0000] {processor.py:157} INFO - Started process (PID=82) to work on /home/airflow/.local/lib/python3.7/site-packages/airflow/example_dags/example_subdag_operator.py
[2023-06-14T16:06:13.077+0000] {processor.py:826} INFO - Processing file /home/airflow/.local/lib/python3.7/site-packages/airflow/example_dags/example_subdag_operator.py for tasks to queue
[2023-06-14T16:06:13.078+0000] {logging_mixin.py:149} INFO - [2023-06-14T16:06:13.078+0000] {dagbag.py:541} INFO - Filling up the DagBag from /home/airflow/.local/lib/python3.7/site-packages/airflow/example_dags/example_subdag_operator.py
[2023-06-14T16:06:13.105+0000] {processor.py:836} INFO - DAG(s) dict_keys(['example_subdag_operator.section-1', 'example_subdag_operator.section-2', 'example_subdag_operator']) retrieved from /home/airflow/.local/lib/python3.7/site-packages/airflow/example_dags/example_subdag_operator.py
[2023-06-14T16:06:13.128+0000] {logging_mixin.py:149} INFO - [2023-06-14T16:06:13.128+0000] {dag.py:2726} INFO - Sync 3 DAGs
[2023-06-14T16:06:13.154+0000] {logging_mixin.py:149} INFO - [2023-06-14T16:06:13.154+0000] {dag.py:3490} INFO - Setting next_dagrun for example_subdag_operator to 2022-01-01T00:00:00+00:00, run_after=2022-01-01T00:00:00+00:00
[2023-06-14T16:06:13.159+0000] {logging_mixin.py:149} INFO - [2023-06-14T16:06:13.159+0000] {dag.py:3490} INFO - Setting next_dagrun for example_subdag_operator.section-1 to None, run_after=None
[2023-06-14T16:06:13.160+0000] {logging_mixin.py:149} INFO - [2023-06-14T16:06:13.160+0000] {dag.py:3490} INFO - Setting next_dagrun for example_subdag_operator.section-2 to None, run_after=None
[2023-06-14T16:06:13.168+0000] {logging_mixin.py:149} INFO - [2023-06-14T16:06:13.168+0000] {dag.py:2726} INFO - Sync 2 DAGs
[2023-06-14T16:06:13.174+0000] {logging_mixin.py:149} INFO - [2023-06-14T16:06:13.174+0000] {dag.py:3490} INFO - Setting next_dagrun for example_subdag_operator.section-1 to None, run_after=None
[2023-06-14T16:06:13.175+0000] {logging_mixin.py:149} INFO - [2023-06-14T16:06:13.175+0000] {dag.py:3490} INFO - Setting next_dagrun for example_subdag_operator.section-2 to None, run_after=None
[2023-06-14T16:06:13.186+0000] {processor.py:179} INFO - Processing /home/airflow/.local/lib/python3.7/site-packages/airflow/example_dags/example_subdag_operator.py took 0.116 seconds
[2023-06-14T16:06:44.042+0000] {processor.py:157} INFO - Started process (PID=159) to work on /home/airflow/.local/lib/python3.7/site-packages/airflow/example_dags/example_subdag_operator.py
[2023-06-14T16:06:44.042+0000] {processor.py:826} INFO - Processing file /home/airflow/.local/lib/python3.7/site-packages/airflow/example_dags/example_subdag_operator.py for tasks to queue
[2023-06-14T16:06:44.043+0000] {logging_mixin.py:149} INFO - [2023-06-14T16:06:44.043+0000] {dagbag.py:541} INFO - Filling up the DagBag from /home/airflow/.local/lib/python3.7/site-packages/airflow/example_dags/example_subdag_operator.py
[2023-06-14T16:06:44.064+0000] {processor.py:836} INFO - DAG(s) dict_keys(['example_subdag_operator.section-1', 'example_subdag_operator.section-2', 'example_subdag_operator']) retrieved from /home/airflow/.local/lib/python3.7/site-packages/airflow/example_dags/example_subdag_operator.py
[2023-06-14T16:06:44.086+0000] {logging_mixin.py:149} INFO - [2023-06-14T16:06:44.086+0000] {dag.py:2726} INFO - Sync 3 DAGs
[2023-06-14T16:06:44.111+0000] {logging_mixin.py:149} INFO - [2023-06-14T16:06:44.111+0000] {dag.py:3490} INFO - Setting next_dagrun for example_subdag_operator to 2022-01-01T00:00:00+00:00, run_after=2022-01-01T00:00:00+00:00
[2023-06-14T16:06:44.116+0000] {logging_mixin.py:149} INFO - [2023-06-14T16:06:44.116+0000] {dag.py:3490} INFO - Setting next_dagrun for example_subdag_operator.section-1 to None, run_after=None
[2023-06-14T16:06:44.117+0000] {logging_mixin.py:149} INFO - [2023-06-14T16:06:44.117+0000] {dag.py:3490} INFO - Setting next_dagrun for example_subdag_operator.section-2 to None, run_after=None
[2023-06-14T16:06:44.245+0000] {logging_mixin.py:149} INFO - [2023-06-14T16:06:44.245+0000] {dag.py:2726} INFO - Sync 2 DAGs
[2023-06-14T16:06:44.253+0000] {logging_mixin.py:149} INFO - [2023-06-14T16:06:44.253+0000] {dag.py:3490} INFO - Setting next_dagrun for example_subdag_operator.section-1 to None, run_after=None
[2023-06-14T16:06:44.254+0000] {logging_mixin.py:149} INFO - [2023-06-14T16:06:44.253+0000] {dag.py:3490} INFO - Setting next_dagrun for example_subdag_operator.section-2 to None, run_after=None
[2023-06-14T16:06:44.270+0000] {processor.py:179} INFO - Processing /home/airflow/.local/lib/python3.7/site-packages/airflow/example_dags/example_subdag_operator.py took 0.230 seconds
[2023-06-14T16:07:15.281+0000] {processor.py:157} INFO - Started process (PID=236) to work on /home/airflow/.local/lib/python3.7/site-packages/airflow/example_dags/example_subdag_operator.py
[2023-06-14T16:07:15.282+0000] {processor.py:826} INFO - Processing file /home/airflow/.local/lib/python3.7/site-packages/airflow/example_dags/example_subdag_operator.py for tasks to queue
[2023-06-14T16:07:15.283+0000] {logging_mixin.py:149} INFO - [2023-06-14T16:07:15.283+0000] {dagbag.py:541} INFO - Filling up the DagBag from /home/airflow/.local/lib/python3.7/site-packages/airflow/example_dags/example_subdag_operator.py
[2023-06-14T16:07:15.307+0000] {processor.py:836} INFO - DAG(s) dict_keys(['example_subdag_operator.section-1', 'example_subdag_operator.section-2', 'example_subdag_operator']) retrieved from /home/airflow/.local/lib/python3.7/site-packages/airflow/example_dags/example_subdag_operator.py
[2023-06-14T16:07:15.423+0000] {logging_mixin.py:149} INFO - [2023-06-14T16:07:15.423+0000] {dag.py:2726} INFO - Sync 3 DAGs
[2023-06-14T16:07:15.455+0000] {logging_mixin.py:149} INFO - [2023-06-14T16:07:15.455+0000] {dag.py:3490} INFO - Setting next_dagrun for example_subdag_operator to 2022-01-01T00:00:00+00:00, run_after=2022-01-01T00:00:00+00:00
[2023-06-14T16:07:15.459+0000] {logging_mixin.py:149} INFO - [2023-06-14T16:07:15.459+0000] {dag.py:3490} INFO - Setting next_dagrun for example_subdag_operator.section-1 to None, run_after=None
[2023-06-14T16:07:15.461+0000] {logging_mixin.py:149} INFO - [2023-06-14T16:07:15.460+0000] {dag.py:3490} INFO - Setting next_dagrun for example_subdag_operator.section-2 to None, run_after=None
[2023-06-14T16:07:15.468+0000] {logging_mixin.py:149} INFO - [2023-06-14T16:07:15.468+0000] {dag.py:2726} INFO - Sync 2 DAGs
[2023-06-14T16:07:15.475+0000] {logging_mixin.py:149} INFO - [2023-06-14T16:07:15.475+0000] {dag.py:3490} INFO - Setting next_dagrun for example_subdag_operator.section-1 to None, run_after=None
[2023-06-14T16:07:15.476+0000] {logging_mixin.py:149} INFO - [2023-06-14T16:07:15.476+0000] {dag.py:3490} INFO - Setting next_dagrun for example_subdag_operator.section-2 to None, run_after=None
[2023-06-14T16:07:15.488+0000] {processor.py:179} INFO - Processing /home/airflow/.local/lib/python3.7/site-packages/airflow/example_dags/example_subdag_operator.py took 0.211 seconds
[2023-06-14T16:07:45.819+0000] {processor.py:157} INFO - Started process (PID=313) to work on /home/airflow/.local/lib/python3.7/site-packages/airflow/example_dags/example_subdag_operator.py
[2023-06-14T16:07:45.819+0000] {processor.py:826} INFO - Processing file /home/airflow/.local/lib/python3.7/site-packages/airflow/example_dags/example_subdag_operator.py for tasks to queue
[2023-06-14T16:07:45.820+0000] {logging_mixin.py:149} INFO - [2023-06-14T16:07:45.820+0000] {dagbag.py:541} INFO - Filling up the DagBag from /home/airflow/.local/lib/python3.7/site-packages/airflow/example_dags/example_subdag_operator.py
[2023-06-14T16:07:45.845+0000] {processor.py:836} INFO - DAG(s) dict_keys(['example_subdag_operator.section-1', 'example_subdag_operator.section-2', 'example_subdag_operator']) retrieved from /home/airflow/.local/lib/python3.7/site-packages/airflow/example_dags/example_subdag_operator.py
[2023-06-14T16:07:45.863+0000] {logging_mixin.py:149} INFO - [2023-06-14T16:07:45.863+0000] {dag.py:2726} INFO - Sync 3 DAGs
[2023-06-14T16:07:45.896+0000] {logging_mixin.py:149} INFO - [2023-06-14T16:07:45.896+0000] {dag.py:3490} INFO - Setting next_dagrun for example_subdag_operator to 2022-01-01T00:00:00+00:00, run_after=2022-01-01T00:00:00+00:00
[2023-06-14T16:07:45.901+0000] {logging_mixin.py:149} INFO - [2023-06-14T16:07:45.900+0000] {dag.py:3490} INFO - Setting next_dagrun for example_subdag_operator.section-1 to None, run_after=None
[2023-06-14T16:07:45.902+0000] {logging_mixin.py:149} INFO - [2023-06-14T16:07:45.902+0000] {dag.py:3490} INFO - Setting next_dagrun for example_subdag_operator.section-2 to None, run_after=None
[2023-06-14T16:07:45.909+0000] {logging_mixin.py:149} INFO - [2023-06-14T16:07:45.909+0000] {dag.py:2726} INFO - Sync 2 DAGs
[2023-06-14T16:07:45.916+0000] {logging_mixin.py:149} INFO - [2023-06-14T16:07:45.916+0000] {dag.py:3490} INFO - Setting next_dagrun for example_subdag_operator.section-1 to None, run_after=None
[2023-06-14T16:07:45.916+0000] {logging_mixin.py:149} INFO - [2023-06-14T16:07:45.916+0000] {dag.py:3490} INFO - Setting next_dagrun for example_subdag_operator.section-2 to None, run_after=None
[2023-06-14T16:07:45.928+0000] {processor.py:179} INFO - Processing /home/airflow/.local/lib/python3.7/site-packages/airflow/example_dags/example_subdag_operator.py took 0.112 seconds
[2023-06-14T16:08:16.798+0000] {processor.py:157} INFO - Started process (PID=377) to work on /home/airflow/.local/lib/python3.7/site-packages/airflow/example_dags/example_subdag_operator.py
[2023-06-14T16:08:16.799+0000] {processor.py:826} INFO - Processing file /home/airflow/.local/lib/python3.7/site-packages/airflow/example_dags/example_subdag_operator.py for tasks to queue
[2023-06-14T16:08:16.800+0000] {logging_mixin.py:149} INFO - [2023-06-14T16:08:16.800+0000] {dagbag.py:541} INFO - Filling up the DagBag from /home/airflow/.local/lib/python3.7/site-packages/airflow/example_dags/example_subdag_operator.py
[2023-06-14T16:08:16.825+0000] {processor.py:836} INFO - DAG(s) dict_keys(['example_subdag_operator.section-1', 'example_subdag_operator.section-2', 'example_subdag_operator']) retrieved from /home/airflow/.local/lib/python3.7/site-packages/airflow/example_dags/example_subdag_operator.py
[2023-06-14T16:08:16.848+0000] {logging_mixin.py:149} INFO - [2023-06-14T16:08:16.848+0000] {dag.py:2726} INFO - Sync 3 DAGs
[2023-06-14T16:08:16.879+0000] {logging_mixin.py:149} INFO - [2023-06-14T16:08:16.878+0000] {dag.py:3490} INFO - Setting next_dagrun for example_subdag_operator to 2022-01-01T00:00:00+00:00, run_after=2022-01-01T00:00:00+00:00
[2023-06-14T16:08:16.882+0000] {logging_mixin.py:149} INFO - [2023-06-14T16:08:16.882+0000] {dag.py:3490} INFO - Setting next_dagrun for example_subdag_operator.section-1 to None, run_after=None
[2023-06-14T16:08:16.884+0000] {logging_mixin.py:149} INFO - [2023-06-14T16:08:16.884+0000] {dag.py:3490} INFO - Setting next_dagrun for example_subdag_operator.section-2 to None, run_after=None
[2023-06-14T16:08:16.893+0000] {logging_mixin.py:149} INFO - [2023-06-14T16:08:16.893+0000] {dag.py:2726} INFO - Sync 2 DAGs
[2023-06-14T16:08:16.900+0000] {logging_mixin.py:149} INFO - [2023-06-14T16:08:16.900+0000] {dag.py:3490} INFO - Setting next_dagrun for example_subdag_operator.section-1 to None, run_after=None
[2023-06-14T16:08:16.900+0000] {logging_mixin.py:149} INFO - [2023-06-14T16:08:16.900+0000] {dag.py:3490} INFO - Setting next_dagrun for example_subdag_operator.section-2 to None, run_after=None
[2023-06-14T16:08:16.913+0000] {processor.py:179} INFO - Processing /home/airflow/.local/lib/python3.7/site-packages/airflow/example_dags/example_subdag_operator.py took 0.117 seconds
[2023-06-14T16:08:47.074+0000] {processor.py:157} INFO - Started process (PID=441) to work on /home/airflow/.local/lib/python3.7/site-packages/airflow/example_dags/example_subdag_operator.py
[2023-06-14T16:08:47.075+0000] {processor.py:826} INFO - Processing file /home/airflow/.local/lib/python3.7/site-packages/airflow/example_dags/example_subdag_operator.py for tasks to queue
[2023-06-14T16:08:47.075+0000] {logging_mixin.py:149} INFO - [2023-06-14T16:08:47.075+0000] {dagbag.py:541} INFO - Filling up the DagBag from /home/airflow/.local/lib/python3.7/site-packages/airflow/example_dags/example_subdag_operator.py
[2023-06-14T16:08:47.097+0000] {processor.py:836} INFO - DAG(s) dict_keys(['example_subdag_operator.section-1', 'example_subdag_operator.section-2', 'example_subdag_operator']) retrieved from /home/airflow/.local/lib/python3.7/site-packages/airflow/example_dags/example_subdag_operator.py
[2023-06-14T16:08:47.120+0000] {logging_mixin.py:149} INFO - [2023-06-14T16:08:47.120+0000] {dag.py:2726} INFO - Sync 3 DAGs
[2023-06-14T16:08:47.143+0000] {logging_mixin.py:149} INFO - [2023-06-14T16:08:47.143+0000] {dag.py:3490} INFO - Setting next_dagrun for example_subdag_operator to 2022-01-01T00:00:00+00:00, run_after=2022-01-01T00:00:00+00:00
[2023-06-14T16:08:47.146+0000] {logging_mixin.py:149} INFO - [2023-06-14T16:08:47.146+0000] {dag.py:3490} INFO - Setting next_dagrun for example_subdag_operator.section-1 to None, run_after=None
[2023-06-14T16:08:47.147+0000] {logging_mixin.py:149} INFO - [2023-06-14T16:08:47.147+0000] {dag.py:3490} INFO - Setting next_dagrun for example_subdag_operator.section-2 to None, run_after=None
[2023-06-14T16:08:47.154+0000] {logging_mixin.py:149} INFO - [2023-06-14T16:08:47.154+0000] {dag.py:2726} INFO - Sync 2 DAGs
[2023-06-14T16:08:47.160+0000] {logging_mixin.py:149} INFO - [2023-06-14T16:08:47.160+0000] {dag.py:3490} INFO - Setting next_dagrun for example_subdag_operator.section-1 to None, run_after=None
[2023-06-14T16:08:47.160+0000] {logging_mixin.py:149} INFO - [2023-06-14T16:08:47.160+0000] {dag.py:3490} INFO - Setting next_dagrun for example_subdag_operator.section-2 to None, run_after=None
[2023-06-14T16:08:47.170+0000] {processor.py:179} INFO - Processing /home/airflow/.local/lib/python3.7/site-packages/airflow/example_dags/example_subdag_operator.py took 0.099 seconds
[2023-06-14T16:09:17.371+0000] {processor.py:157} INFO - Started process (PID=505) to work on /home/airflow/.local/lib/python3.7/site-packages/airflow/example_dags/example_subdag_operator.py
[2023-06-14T16:09:17.372+0000] {processor.py:826} INFO - Processing file /home/airflow/.local/lib/python3.7/site-packages/airflow/example_dags/example_subdag_operator.py for tasks to queue
[2023-06-14T16:09:17.373+0000] {logging_mixin.py:149} INFO - [2023-06-14T16:09:17.372+0000] {dagbag.py:541} INFO - Filling up the DagBag from /home/airflow/.local/lib/python3.7/site-packages/airflow/example_dags/example_subdag_operator.py
[2023-06-14T16:09:17.395+0000] {processor.py:836} INFO - DAG(s) dict_keys(['example_subdag_operator.section-1', 'example_subdag_operator.section-2', 'example_subdag_operator']) retrieved from /home/airflow/.local/lib/python3.7/site-packages/airflow/example_dags/example_subdag_operator.py
[2023-06-14T16:09:17.413+0000] {logging_mixin.py:149} INFO - [2023-06-14T16:09:17.413+0000] {dag.py:2726} INFO - Sync 3 DAGs
[2023-06-14T16:09:17.436+0000] {logging_mixin.py:149} INFO - [2023-06-14T16:09:17.436+0000] {dag.py:3490} INFO - Setting next_dagrun for example_subdag_operator to 2022-01-01T00:00:00+00:00, run_after=2022-01-01T00:00:00+00:00
[2023-06-14T16:09:17.439+0000] {logging_mixin.py:149} INFO - [2023-06-14T16:09:17.439+0000] {dag.py:3490} INFO - Setting next_dagrun for example_subdag_operator.section-1 to None, run_after=None
[2023-06-14T16:09:17.440+0000] {logging_mixin.py:149} INFO - [2023-06-14T16:09:17.440+0000] {dag.py:3490} INFO - Setting next_dagrun for example_subdag_operator.section-2 to None, run_after=None
[2023-06-14T16:09:17.447+0000] {logging_mixin.py:149} INFO - [2023-06-14T16:09:17.446+0000] {dag.py:2726} INFO - Sync 2 DAGs
[2023-06-14T16:09:17.452+0000] {logging_mixin.py:149} INFO - [2023-06-14T16:09:17.452+0000] {dag.py:3490} INFO - Setting next_dagrun for example_subdag_operator.section-1 to None, run_after=None
[2023-06-14T16:09:17.452+0000] {logging_mixin.py:149} INFO - [2023-06-14T16:09:17.452+0000] {dag.py:3490} INFO - Setting next_dagrun for example_subdag_operator.section-2 to None, run_after=None
[2023-06-14T16:09:17.462+0000] {processor.py:179} INFO - Processing /home/airflow/.local/lib/python3.7/site-packages/airflow/example_dags/example_subdag_operator.py took 0.093 seconds
[2023-06-14T16:09:47.800+0000] {processor.py:157} INFO - Started process (PID=569) to work on /home/airflow/.local/lib/python3.7/site-packages/airflow/example_dags/example_subdag_operator.py
[2023-06-14T16:09:47.801+0000] {processor.py:826} INFO - Processing file /home/airflow/.local/lib/python3.7/site-packages/airflow/example_dags/example_subdag_operator.py for tasks to queue
[2023-06-14T16:09:47.801+0000] {logging_mixin.py:149} INFO - [2023-06-14T16:09:47.801+0000] {dagbag.py:541} INFO - Filling up the DagBag from /home/airflow/.local/lib/python3.7/site-packages/airflow/example_dags/example_subdag_operator.py
[2023-06-14T16:09:47.826+0000] {processor.py:836} INFO - DAG(s) dict_keys(['example_subdag_operator.section-1', 'example_subdag_operator.section-2', 'example_subdag_operator']) retrieved from /home/airflow/.local/lib/python3.7/site-packages/airflow/example_dags/example_subdag_operator.py
[2023-06-14T16:09:47.848+0000] {logging_mixin.py:149} INFO - [2023-06-14T16:09:47.848+0000] {dag.py:2726} INFO - Sync 3 DAGs
[2023-06-14T16:09:47.876+0000] {logging_mixin.py:149} INFO - [2023-06-14T16:09:47.876+0000] {dag.py:3490} INFO - Setting next_dagrun for example_subdag_operator to 2022-01-01T00:00:00+00:00, run_after=2022-01-01T00:00:00+00:00
[2023-06-14T16:09:47.880+0000] {logging_mixin.py:149} INFO - [2023-06-14T16:09:47.880+0000] {dag.py:3490} INFO - Setting next_dagrun for example_subdag_operator.section-1 to None, run_after=None
[2023-06-14T16:09:47.882+0000] {logging_mixin.py:149} INFO - [2023-06-14T16:09:47.881+0000] {dag.py:3490} INFO - Setting next_dagrun for example_subdag_operator.section-2 to None, run_after=None
[2023-06-14T16:09:47.890+0000] {logging_mixin.py:149} INFO - [2023-06-14T16:09:47.890+0000] {dag.py:2726} INFO - Sync 2 DAGs
[2023-06-14T16:09:47.896+0000] {logging_mixin.py:149} INFO - [2023-06-14T16:09:47.896+0000] {dag.py:3490} INFO - Setting next_dagrun for example_subdag_operator.section-1 to None, run_after=None
[2023-06-14T16:09:47.897+0000] {logging_mixin.py:149} INFO - [2023-06-14T16:09:47.897+0000] {dag.py:3490} INFO - Setting next_dagrun for example_subdag_operator.section-2 to None, run_after=None
[2023-06-14T16:09:47.910+0000] {processor.py:179} INFO - Processing /home/airflow/.local/lib/python3.7/site-packages/airflow/example_dags/example_subdag_operator.py took 0.114 seconds
[2023-06-14T16:10:18.182+0000] {processor.py:157} INFO - Started process (PID=633) to work on /home/airflow/.local/lib/python3.7/site-packages/airflow/example_dags/example_subdag_operator.py
[2023-06-14T16:10:18.183+0000] {processor.py:826} INFO - Processing file /home/airflow/.local/lib/python3.7/site-packages/airflow/example_dags/example_subdag_operator.py for tasks to queue
[2023-06-14T16:10:18.184+0000] {logging_mixin.py:149} INFO - [2023-06-14T16:10:18.184+0000] {dagbag.py:541} INFO - Filling up the DagBag from /home/airflow/.local/lib/python3.7/site-packages/airflow/example_dags/example_subdag_operator.py
[2023-06-14T16:10:18.211+0000] {processor.py:836} INFO - DAG(s) dict_keys(['example_subdag_operator.section-1', 'example_subdag_operator.section-2', 'example_subdag_operator']) retrieved from /home/airflow/.local/lib/python3.7/site-packages/airflow/example_dags/example_subdag_operator.py
[2023-06-14T16:10:18.235+0000] {logging_mixin.py:149} INFO - [2023-06-14T16:10:18.235+0000] {dag.py:2726} INFO - Sync 3 DAGs
[2023-06-14T16:10:18.263+0000] {logging_mixin.py:149} INFO - [2023-06-14T16:10:18.262+0000] {dag.py:3490} INFO - Setting next_dagrun for example_subdag_operator to 2022-01-01T00:00:00+00:00, run_after=2022-01-01T00:00:00+00:00
[2023-06-14T16:10:18.267+0000] {logging_mixin.py:149} INFO - [2023-06-14T16:10:18.267+0000] {dag.py:3490} INFO - Setting next_dagrun for example_subdag_operator.section-1 to None, run_after=None
[2023-06-14T16:10:18.269+0000] {logging_mixin.py:149} INFO - [2023-06-14T16:10:18.269+0000] {dag.py:3490} INFO - Setting next_dagrun for example_subdag_operator.section-2 to None, run_after=None
[2023-06-14T16:10:18.278+0000] {logging_mixin.py:149} INFO - [2023-06-14T16:10:18.277+0000] {dag.py:2726} INFO - Sync 2 DAGs
[2023-06-14T16:10:18.288+0000] {logging_mixin.py:149} INFO - [2023-06-14T16:10:18.288+0000] {dag.py:3490} INFO - Setting next_dagrun for example_subdag_operator.section-1 to None, run_after=None
[2023-06-14T16:10:18.289+0000] {logging_mixin.py:149} INFO - [2023-06-14T16:10:18.289+0000] {dag.py:3490} INFO - Setting next_dagrun for example_subdag_operator.section-2 to None, run_after=None
[2023-06-14T16:10:18.304+0000] {processor.py:179} INFO - Processing /home/airflow/.local/lib/python3.7/site-packages/airflow/example_dags/example_subdag_operator.py took 0.125 seconds
[2023-06-14T16:10:48.460+0000] {processor.py:157} INFO - Started process (PID=697) to work on /home/airflow/.local/lib/python3.7/site-packages/airflow/example_dags/example_subdag_operator.py
[2023-06-14T16:10:48.461+0000] {processor.py:826} INFO - Processing file /home/airflow/.local/lib/python3.7/site-packages/airflow/example_dags/example_subdag_operator.py for tasks to queue
[2023-06-14T16:10:48.462+0000] {logging_mixin.py:149} INFO - [2023-06-14T16:10:48.462+0000] {dagbag.py:541} INFO - Filling up the DagBag from /home/airflow/.local/lib/python3.7/site-packages/airflow/example_dags/example_subdag_operator.py
[2023-06-14T16:10:48.487+0000] {processor.py:836} INFO - DAG(s) dict_keys(['example_subdag_operator.section-1', 'example_subdag_operator.section-2', 'example_subdag_operator']) retrieved from /home/airflow/.local/lib/python3.7/site-packages/airflow/example_dags/example_subdag_operator.py
[2023-06-14T16:10:48.508+0000] {logging_mixin.py:149} INFO - [2023-06-14T16:10:48.508+0000] {dag.py:2726} INFO - Sync 3 DAGs
[2023-06-14T16:10:48.537+0000] {logging_mixin.py:149} INFO - [2023-06-14T16:10:48.536+0000] {dag.py:3490} INFO - Setting next_dagrun for example_subdag_operator to 2022-01-01T00:00:00+00:00, run_after=2022-01-01T00:00:00+00:00
[2023-06-14T16:10:48.541+0000] {logging_mixin.py:149} INFO - [2023-06-14T16:10:48.541+0000] {dag.py:3490} INFO - Setting next_dagrun for example_subdag_operator.section-1 to None, run_after=None
[2023-06-14T16:10:48.542+0000] {logging_mixin.py:149} INFO - [2023-06-14T16:10:48.542+0000] {dag.py:3490} INFO - Setting next_dagrun for example_subdag_operator.section-2 to None, run_after=None
[2023-06-14T16:10:48.551+0000] {logging_mixin.py:149} INFO - [2023-06-14T16:10:48.551+0000] {dag.py:2726} INFO - Sync 2 DAGs
[2023-06-14T16:10:48.557+0000] {logging_mixin.py:149} INFO - [2023-06-14T16:10:48.557+0000] {dag.py:3490} INFO - Setting next_dagrun for example_subdag_operator.section-1 to None, run_after=None
[2023-06-14T16:10:48.558+0000] {logging_mixin.py:149} INFO - [2023-06-14T16:10:48.558+0000] {dag.py:3490} INFO - Setting next_dagrun for example_subdag_operator.section-2 to None, run_after=None
[2023-06-14T16:10:48.570+0000] {processor.py:179} INFO - Processing /home/airflow/.local/lib/python3.7/site-packages/airflow/example_dags/example_subdag_operator.py took 0.113 seconds
[2023-06-14T16:11:18.616+0000] {processor.py:157} INFO - Started process (PID=773) to work on /home/airflow/.local/lib/python3.7/site-packages/airflow/example_dags/example_subdag_operator.py
[2023-06-14T16:11:18.616+0000] {processor.py:826} INFO - Processing file /home/airflow/.local/lib/python3.7/site-packages/airflow/example_dags/example_subdag_operator.py for tasks to queue
[2023-06-14T16:11:18.617+0000] {logging_mixin.py:149} INFO - [2023-06-14T16:11:18.617+0000] {dagbag.py:541} INFO - Filling up the DagBag from /home/airflow/.local/lib/python3.7/site-packages/airflow/example_dags/example_subdag_operator.py
[2023-06-14T16:11:18.641+0000] {processor.py:836} INFO - DAG(s) dict_keys(['example_subdag_operator.section-1', 'example_subdag_operator.section-2', 'example_subdag_operator']) retrieved from /home/airflow/.local/lib/python3.7/site-packages/airflow/example_dags/example_subdag_operator.py
[2023-06-14T16:11:18.669+0000] {logging_mixin.py:149} INFO - [2023-06-14T16:11:18.669+0000] {dag.py:2726} INFO - Sync 3 DAGs
[2023-06-14T16:11:18.695+0000] {logging_mixin.py:149} INFO - [2023-06-14T16:11:18.695+0000] {dag.py:3490} INFO - Setting next_dagrun for example_subdag_operator to 2022-01-01T00:00:00+00:00, run_after=2022-01-01T00:00:00+00:00
[2023-06-14T16:11:18.701+0000] {logging_mixin.py:149} INFO - [2023-06-14T16:11:18.700+0000] {dag.py:3490} INFO - Setting next_dagrun for example_subdag_operator.section-1 to None, run_after=None
[2023-06-14T16:11:18.702+0000] {logging_mixin.py:149} INFO - [2023-06-14T16:11:18.702+0000] {dag.py:3490} INFO - Setting next_dagrun for example_subdag_operator.section-2 to None, run_after=None
[2023-06-14T16:11:18.709+0000] {logging_mixin.py:149} INFO - [2023-06-14T16:11:18.708+0000] {dag.py:2726} INFO - Sync 2 DAGs
[2023-06-14T16:11:18.714+0000] {logging_mixin.py:149} INFO - [2023-06-14T16:11:18.714+0000] {dag.py:3490} INFO - Setting next_dagrun for example_subdag_operator.section-1 to None, run_after=None
[2023-06-14T16:11:18.715+0000] {logging_mixin.py:149} INFO - [2023-06-14T16:11:18.714+0000] {dag.py:3490} INFO - Setting next_dagrun for example_subdag_operator.section-2 to None, run_after=None
[2023-06-14T16:11:18.725+0000] {processor.py:179} INFO - Processing /home/airflow/.local/lib/python3.7/site-packages/airflow/example_dags/example_subdag_operator.py took 0.112 seconds
[2023-06-14T16:11:48.913+0000] {processor.py:157} INFO - Started process (PID=850) to work on /home/airflow/.local/lib/python3.7/site-packages/airflow/example_dags/example_subdag_operator.py
[2023-06-14T16:11:48.914+0000] {processor.py:826} INFO - Processing file /home/airflow/.local/lib/python3.7/site-packages/airflow/example_dags/example_subdag_operator.py for tasks to queue
[2023-06-14T16:11:48.915+0000] {logging_mixin.py:149} INFO - [2023-06-14T16:11:48.914+0000] {dagbag.py:541} INFO - Filling up the DagBag from /home/airflow/.local/lib/python3.7/site-packages/airflow/example_dags/example_subdag_operator.py
[2023-06-14T16:11:48.940+0000] {processor.py:836} INFO - DAG(s) dict_keys(['example_subdag_operator.section-1', 'example_subdag_operator.section-2', 'example_subdag_operator']) retrieved from /home/airflow/.local/lib/python3.7/site-packages/airflow/example_dags/example_subdag_operator.py
[2023-06-14T16:11:48.964+0000] {logging_mixin.py:149} INFO - [2023-06-14T16:11:48.964+0000] {dag.py:2726} INFO - Sync 3 DAGs
[2023-06-14T16:11:48.995+0000] {logging_mixin.py:149} INFO - [2023-06-14T16:11:48.995+0000] {dag.py:3490} INFO - Setting next_dagrun for example_subdag_operator to 2022-01-01T00:00:00+00:00, run_after=2022-01-01T00:00:00+00:00
[2023-06-14T16:11:48.999+0000] {logging_mixin.py:149} INFO - [2023-06-14T16:11:48.999+0000] {dag.py:3490} INFO - Setting next_dagrun for example_subdag_operator.section-1 to None, run_after=None
[2023-06-14T16:11:49.001+0000] {logging_mixin.py:149} INFO - [2023-06-14T16:11:49.001+0000] {dag.py:3490} INFO - Setting next_dagrun for example_subdag_operator.section-2 to None, run_after=None
[2023-06-14T16:11:49.009+0000] {logging_mixin.py:149} INFO - [2023-06-14T16:11:49.008+0000] {dag.py:2726} INFO - Sync 2 DAGs
[2023-06-14T16:11:49.015+0000] {logging_mixin.py:149} INFO - [2023-06-14T16:11:49.015+0000] {dag.py:3490} INFO - Setting next_dagrun for example_subdag_operator.section-1 to None, run_after=None
[2023-06-14T16:11:49.016+0000] {logging_mixin.py:149} INFO - [2023-06-14T16:11:49.016+0000] {dag.py:3490} INFO - Setting next_dagrun for example_subdag_operator.section-2 to None, run_after=None
[2023-06-14T16:11:49.027+0000] {processor.py:179} INFO - Processing /home/airflow/.local/lib/python3.7/site-packages/airflow/example_dags/example_subdag_operator.py took 0.118 seconds
[2023-06-14T16:12:19.266+0000] {processor.py:157} INFO - Started process (PID=927) to work on /home/airflow/.local/lib/python3.7/site-packages/airflow/example_dags/example_subdag_operator.py
[2023-06-14T16:12:19.267+0000] {processor.py:826} INFO - Processing file /home/airflow/.local/lib/python3.7/site-packages/airflow/example_dags/example_subdag_operator.py for tasks to queue
[2023-06-14T16:12:19.268+0000] {logging_mixin.py:149} INFO - [2023-06-14T16:12:19.268+0000] {dagbag.py:541} INFO - Filling up the DagBag from /home/airflow/.local/lib/python3.7/site-packages/airflow/example_dags/example_subdag_operator.py
[2023-06-14T16:12:19.290+0000] {processor.py:836} INFO - DAG(s) dict_keys(['example_subdag_operator.section-1', 'example_subdag_operator.section-2', 'example_subdag_operator']) retrieved from /home/airflow/.local/lib/python3.7/site-packages/airflow/example_dags/example_subdag_operator.py
[2023-06-14T16:12:19.309+0000] {logging_mixin.py:149} INFO - [2023-06-14T16:12:19.309+0000] {dag.py:2726} INFO - Sync 3 DAGs
[2023-06-14T16:12:19.338+0000] {logging_mixin.py:149} INFO - [2023-06-14T16:12:19.338+0000] {dag.py:3490} INFO - Setting next_dagrun for example_subdag_operator to 2022-01-01T00:00:00+00:00, run_after=2022-01-01T00:00:00+00:00
[2023-06-14T16:12:19.343+0000] {logging_mixin.py:149} INFO - [2023-06-14T16:12:19.343+0000] {dag.py:3490} INFO - Setting next_dagrun for example_subdag_operator.section-1 to None, run_after=None
[2023-06-14T16:12:19.344+0000] {logging_mixin.py:149} INFO - [2023-06-14T16:12:19.344+0000] {dag.py:3490} INFO - Setting next_dagrun for example_subdag_operator.section-2 to None, run_after=None
[2023-06-14T16:12:19.352+0000] {logging_mixin.py:149} INFO - [2023-06-14T16:12:19.352+0000] {dag.py:2726} INFO - Sync 2 DAGs
[2023-06-14T16:12:19.359+0000] {logging_mixin.py:149} INFO - [2023-06-14T16:12:19.359+0000] {dag.py:3490} INFO - Setting next_dagrun for example_subdag_operator.section-1 to None, run_after=None
[2023-06-14T16:12:19.360+0000] {logging_mixin.py:149} INFO - [2023-06-14T16:12:19.359+0000] {dag.py:3490} INFO - Setting next_dagrun for example_subdag_operator.section-2 to None, run_after=None
[2023-06-14T16:12:19.376+0000] {processor.py:179} INFO - Processing /home/airflow/.local/lib/python3.7/site-packages/airflow/example_dags/example_subdag_operator.py took 0.112 seconds
[2023-06-14T16:12:50.006+0000] {processor.py:157} INFO - Started process (PID=1005) to work on /home/airflow/.local/lib/python3.7/site-packages/airflow/example_dags/example_subdag_operator.py
[2023-06-14T16:12:50.006+0000] {processor.py:826} INFO - Processing file /home/airflow/.local/lib/python3.7/site-packages/airflow/example_dags/example_subdag_operator.py for tasks to queue
[2023-06-14T16:12:50.007+0000] {logging_mixin.py:149} INFO - [2023-06-14T16:12:50.007+0000] {dagbag.py:541} INFO - Filling up the DagBag from /home/airflow/.local/lib/python3.7/site-packages/airflow/example_dags/example_subdag_operator.py
[2023-06-14T16:12:50.027+0000] {processor.py:836} INFO - DAG(s) dict_keys(['example_subdag_operator.section-1', 'example_subdag_operator.section-2', 'example_subdag_operator']) retrieved from /home/airflow/.local/lib/python3.7/site-packages/airflow/example_dags/example_subdag_operator.py
[2023-06-14T16:12:50.045+0000] {logging_mixin.py:149} INFO - [2023-06-14T16:12:50.045+0000] {dag.py:2726} INFO - Sync 3 DAGs
[2023-06-14T16:12:50.073+0000] {logging_mixin.py:149} INFO - [2023-06-14T16:12:50.073+0000] {dag.py:3490} INFO - Setting next_dagrun for example_subdag_operator to 2022-01-01T00:00:00+00:00, run_after=2022-01-01T00:00:00+00:00
[2023-06-14T16:12:50.077+0000] {logging_mixin.py:149} INFO - [2023-06-14T16:12:50.077+0000] {dag.py:3490} INFO - Setting next_dagrun for example_subdag_operator.section-1 to None, run_after=None
[2023-06-14T16:12:50.078+0000] {logging_mixin.py:149} INFO - [2023-06-14T16:12:50.078+0000] {dag.py:3490} INFO - Setting next_dagrun for example_subdag_operator.section-2 to None, run_after=None
[2023-06-14T16:12:50.086+0000] {logging_mixin.py:149} INFO - [2023-06-14T16:12:50.085+0000] {dag.py:2726} INFO - Sync 2 DAGs
[2023-06-14T16:12:50.091+0000] {logging_mixin.py:149} INFO - [2023-06-14T16:12:50.091+0000] {dag.py:3490} INFO - Setting next_dagrun for example_subdag_operator.section-1 to None, run_after=None
[2023-06-14T16:12:50.091+0000] {logging_mixin.py:149} INFO - [2023-06-14T16:12:50.091+0000] {dag.py:3490} INFO - Setting next_dagrun for example_subdag_operator.section-2 to None, run_after=None
[2023-06-14T16:12:50.103+0000] {processor.py:179} INFO - Processing /home/airflow/.local/lib/python3.7/site-packages/airflow/example_dags/example_subdag_operator.py took 0.100 seconds
[2023-06-14T16:13:20.173+0000] {processor.py:157} INFO - Started process (PID=1082) to work on /home/airflow/.local/lib/python3.7/site-packages/airflow/example_dags/example_subdag_operator.py
[2023-06-14T16:13:20.174+0000] {processor.py:826} INFO - Processing file /home/airflow/.local/lib/python3.7/site-packages/airflow/example_dags/example_subdag_operator.py for tasks to queue
[2023-06-14T16:13:20.174+0000] {logging_mixin.py:149} INFO - [2023-06-14T16:13:20.174+0000] {dagbag.py:541} INFO - Filling up the DagBag from /home/airflow/.local/lib/python3.7/site-packages/airflow/example_dags/example_subdag_operator.py
[2023-06-14T16:13:20.200+0000] {processor.py:836} INFO - DAG(s) dict_keys(['example_subdag_operator.section-1', 'example_subdag_operator.section-2', 'example_subdag_operator']) retrieved from /home/airflow/.local/lib/python3.7/site-packages/airflow/example_dags/example_subdag_operator.py
[2023-06-14T16:13:20.220+0000] {logging_mixin.py:149} INFO - [2023-06-14T16:13:20.220+0000] {dag.py:2726} INFO - Sync 3 DAGs
[2023-06-14T16:13:20.247+0000] {logging_mixin.py:149} INFO - [2023-06-14T16:13:20.247+0000] {dag.py:3490} INFO - Setting next_dagrun for example_subdag_operator to 2022-01-01T00:00:00+00:00, run_after=2022-01-01T00:00:00+00:00
[2023-06-14T16:13:20.252+0000] {logging_mixin.py:149} INFO - [2023-06-14T16:13:20.252+0000] {dag.py:3490} INFO - Setting next_dagrun for example_subdag_operator.section-1 to None, run_after=None
[2023-06-14T16:13:20.253+0000] {logging_mixin.py:149} INFO - [2023-06-14T16:13:20.253+0000] {dag.py:3490} INFO - Setting next_dagrun for example_subdag_operator.section-2 to None, run_after=None
[2023-06-14T16:13:20.260+0000] {logging_mixin.py:149} INFO - [2023-06-14T16:13:20.260+0000] {dag.py:2726} INFO - Sync 2 DAGs
[2023-06-14T16:13:20.265+0000] {logging_mixin.py:149} INFO - [2023-06-14T16:13:20.265+0000] {dag.py:3490} INFO - Setting next_dagrun for example_subdag_operator.section-1 to None, run_after=None
[2023-06-14T16:13:20.266+0000] {logging_mixin.py:149} INFO - [2023-06-14T16:13:20.266+0000] {dag.py:3490} INFO - Setting next_dagrun for example_subdag_operator.section-2 to None, run_after=None
[2023-06-14T16:13:20.277+0000] {processor.py:179} INFO - Processing /home/airflow/.local/lib/python3.7/site-packages/airflow/example_dags/example_subdag_operator.py took 0.107 seconds
[2023-06-14T16:13:50.579+0000] {processor.py:157} INFO - Started process (PID=1159) to work on /home/airflow/.local/lib/python3.7/site-packages/airflow/example_dags/example_subdag_operator.py
[2023-06-14T16:13:50.580+0000] {processor.py:826} INFO - Processing file /home/airflow/.local/lib/python3.7/site-packages/airflow/example_dags/example_subdag_operator.py for tasks to queue
[2023-06-14T16:13:50.581+0000] {logging_mixin.py:149} INFO - [2023-06-14T16:13:50.580+0000] {dagbag.py:541} INFO - Filling up the DagBag from /home/airflow/.local/lib/python3.7/site-packages/airflow/example_dags/example_subdag_operator.py
[2023-06-14T16:13:50.605+0000] {processor.py:836} INFO - DAG(s) dict_keys(['example_subdag_operator.section-1', 'example_subdag_operator.section-2', 'example_subdag_operator']) retrieved from /home/airflow/.local/lib/python3.7/site-packages/airflow/example_dags/example_subdag_operator.py
[2023-06-14T16:13:50.626+0000] {logging_mixin.py:149} INFO - [2023-06-14T16:13:50.626+0000] {dag.py:2726} INFO - Sync 3 DAGs
[2023-06-14T16:13:50.654+0000] {logging_mixin.py:149} INFO - [2023-06-14T16:13:50.654+0000] {dag.py:3490} INFO - Setting next_dagrun for example_subdag_operator to 2022-01-01T00:00:00+00:00, run_after=2022-01-01T00:00:00+00:00
[2023-06-14T16:13:50.658+0000] {logging_mixin.py:149} INFO - [2023-06-14T16:13:50.658+0000] {dag.py:3490} INFO - Setting next_dagrun for example_subdag_operator.section-1 to None, run_after=None
[2023-06-14T16:13:50.660+0000] {logging_mixin.py:149} INFO - [2023-06-14T16:13:50.660+0000] {dag.py:3490} INFO - Setting next_dagrun for example_subdag_operator.section-2 to None, run_after=None
[2023-06-14T16:13:50.667+0000] {logging_mixin.py:149} INFO - [2023-06-14T16:13:50.667+0000] {dag.py:2726} INFO - Sync 2 DAGs
[2023-06-14T16:13:50.674+0000] {logging_mixin.py:149} INFO - [2023-06-14T16:13:50.674+0000] {dag.py:3490} INFO - Setting next_dagrun for example_subdag_operator.section-1 to None, run_after=None
[2023-06-14T16:13:50.675+0000] {logging_mixin.py:149} INFO - [2023-06-14T16:13:50.674+0000] {dag.py:3490} INFO - Setting next_dagrun for example_subdag_operator.section-2 to None, run_after=None
[2023-06-14T16:13:50.686+0000] {processor.py:179} INFO - Processing /home/airflow/.local/lib/python3.7/site-packages/airflow/example_dags/example_subdag_operator.py took 0.109 seconds
[2023-06-14T16:14:20.818+0000] {processor.py:157} INFO - Started process (PID=1236) to work on /home/airflow/.local/lib/python3.7/site-packages/airflow/example_dags/example_subdag_operator.py
[2023-06-14T16:14:20.819+0000] {processor.py:826} INFO - Processing file /home/airflow/.local/lib/python3.7/site-packages/airflow/example_dags/example_subdag_operator.py for tasks to queue
[2023-06-14T16:14:20.820+0000] {logging_mixin.py:149} INFO - [2023-06-14T16:14:20.820+0000] {dagbag.py:541} INFO - Filling up the DagBag from /home/airflow/.local/lib/python3.7/site-packages/airflow/example_dags/example_subdag_operator.py
[2023-06-14T16:14:20.848+0000] {processor.py:836} INFO - DAG(s) dict_keys(['example_subdag_operator.section-1', 'example_subdag_operator.section-2', 'example_subdag_operator']) retrieved from /home/airflow/.local/lib/python3.7/site-packages/airflow/example_dags/example_subdag_operator.py
[2023-06-14T16:14:20.874+0000] {logging_mixin.py:149} INFO - [2023-06-14T16:14:20.874+0000] {dag.py:2726} INFO - Sync 3 DAGs
[2023-06-14T16:14:20.904+0000] {logging_mixin.py:149} INFO - [2023-06-14T16:14:20.904+0000] {dag.py:3490} INFO - Setting next_dagrun for example_subdag_operator to 2022-01-01T00:00:00+00:00, run_after=2022-01-01T00:00:00+00:00
[2023-06-14T16:14:20.908+0000] {logging_mixin.py:149} INFO - [2023-06-14T16:14:20.908+0000] {dag.py:3490} INFO - Setting next_dagrun for example_subdag_operator.section-1 to None, run_after=None
[2023-06-14T16:14:20.910+0000] {logging_mixin.py:149} INFO - [2023-06-14T16:14:20.910+0000] {dag.py:3490} INFO - Setting next_dagrun for example_subdag_operator.section-2 to None, run_after=None
[2023-06-14T16:14:20.920+0000] {logging_mixin.py:149} INFO - [2023-06-14T16:14:20.919+0000] {dag.py:2726} INFO - Sync 2 DAGs
[2023-06-14T16:14:20.928+0000] {logging_mixin.py:149} INFO - [2023-06-14T16:14:20.927+0000] {dag.py:3490} INFO - Setting next_dagrun for example_subdag_operator.section-1 to None, run_after=None
[2023-06-14T16:14:20.928+0000] {logging_mixin.py:149} INFO - [2023-06-14T16:14:20.928+0000] {dag.py:3490} INFO - Setting next_dagrun for example_subdag_operator.section-2 to None, run_after=None
[2023-06-14T16:14:20.941+0000] {processor.py:179} INFO - Processing /home/airflow/.local/lib/python3.7/site-packages/airflow/example_dags/example_subdag_operator.py took 0.126 seconds
[2023-06-14T16:14:51.253+0000] {processor.py:157} INFO - Started process (PID=1313) to work on /home/airflow/.local/lib/python3.7/site-packages/airflow/example_dags/example_subdag_operator.py
[2023-06-14T16:14:51.254+0000] {processor.py:826} INFO - Processing file /home/airflow/.local/lib/python3.7/site-packages/airflow/example_dags/example_subdag_operator.py for tasks to queue
[2023-06-14T16:14:51.254+0000] {logging_mixin.py:149} INFO - [2023-06-14T16:14:51.254+0000] {dagbag.py:541} INFO - Filling up the DagBag from /home/airflow/.local/lib/python3.7/site-packages/airflow/example_dags/example_subdag_operator.py
[2023-06-14T16:14:51.279+0000] {processor.py:836} INFO - DAG(s) dict_keys(['example_subdag_operator.section-1', 'example_subdag_operator.section-2', 'example_subdag_operator']) retrieved from /home/airflow/.local/lib/python3.7/site-packages/airflow/example_dags/example_subdag_operator.py
[2023-06-14T16:14:51.300+0000] {logging_mixin.py:149} INFO - [2023-06-14T16:14:51.300+0000] {dag.py:2726} INFO - Sync 3 DAGs
[2023-06-14T16:14:51.328+0000] {logging_mixin.py:149} INFO - [2023-06-14T16:14:51.328+0000] {dag.py:3490} INFO - Setting next_dagrun for example_subdag_operator to 2022-01-01T00:00:00+00:00, run_after=2022-01-01T00:00:00+00:00
[2023-06-14T16:14:51.332+0000] {logging_mixin.py:149} INFO - [2023-06-14T16:14:51.332+0000] {dag.py:3490} INFO - Setting next_dagrun for example_subdag_operator.section-1 to None, run_after=None
[2023-06-14T16:14:51.334+0000] {logging_mixin.py:149} INFO - [2023-06-14T16:14:51.334+0000] {dag.py:3490} INFO - Setting next_dagrun for example_subdag_operator.section-2 to None, run_after=None
[2023-06-14T16:14:51.341+0000] {logging_mixin.py:149} INFO - [2023-06-14T16:14:51.341+0000] {dag.py:2726} INFO - Sync 2 DAGs
[2023-06-14T16:14:51.348+0000] {logging_mixin.py:149} INFO - [2023-06-14T16:14:51.348+0000] {dag.py:3490} INFO - Setting next_dagrun for example_subdag_operator.section-1 to None, run_after=None
[2023-06-14T16:14:51.348+0000] {logging_mixin.py:149} INFO - [2023-06-14T16:14:51.348+0000] {dag.py:3490} INFO - Setting next_dagrun for example_subdag_operator.section-2 to None, run_after=None
[2023-06-14T16:14:51.359+0000] {processor.py:179} INFO - Processing /home/airflow/.local/lib/python3.7/site-packages/airflow/example_dags/example_subdag_operator.py took 0.109 seconds
[2023-06-14T16:15:21.561+0000] {processor.py:157} INFO - Started process (PID=1390) to work on /home/airflow/.local/lib/python3.7/site-packages/airflow/example_dags/example_subdag_operator.py
[2023-06-14T16:15:21.561+0000] {processor.py:826} INFO - Processing file /home/airflow/.local/lib/python3.7/site-packages/airflow/example_dags/example_subdag_operator.py for tasks to queue
[2023-06-14T16:15:21.562+0000] {logging_mixin.py:149} INFO - [2023-06-14T16:15:21.562+0000] {dagbag.py:541} INFO - Filling up the DagBag from /home/airflow/.local/lib/python3.7/site-packages/airflow/example_dags/example_subdag_operator.py
[2023-06-14T16:15:21.582+0000] {processor.py:836} INFO - DAG(s) dict_keys(['example_subdag_operator.section-1', 'example_subdag_operator.section-2', 'example_subdag_operator']) retrieved from /home/airflow/.local/lib/python3.7/site-packages/airflow/example_dags/example_subdag_operator.py
[2023-06-14T16:15:21.605+0000] {logging_mixin.py:149} INFO - [2023-06-14T16:15:21.605+0000] {dag.py:2726} INFO - Sync 3 DAGs
[2023-06-14T16:15:21.637+0000] {logging_mixin.py:149} INFO - [2023-06-14T16:15:21.637+0000] {dag.py:3490} INFO - Setting next_dagrun for example_subdag_operator to 2022-01-01T00:00:00+00:00, run_after=2022-01-01T00:00:00+00:00
[2023-06-14T16:15:21.641+0000] {logging_mixin.py:149} INFO - [2023-06-14T16:15:21.641+0000] {dag.py:3490} INFO - Setting next_dagrun for example_subdag_operator.section-1 to None, run_after=None
[2023-06-14T16:15:21.643+0000] {logging_mixin.py:149} INFO - [2023-06-14T16:15:21.643+0000] {dag.py:3490} INFO - Setting next_dagrun for example_subdag_operator.section-2 to None, run_after=None
[2023-06-14T16:15:21.650+0000] {logging_mixin.py:149} INFO - [2023-06-14T16:15:21.650+0000] {dag.py:2726} INFO - Sync 2 DAGs
[2023-06-14T16:15:21.655+0000] {logging_mixin.py:149} INFO - [2023-06-14T16:15:21.655+0000] {dag.py:3490} INFO - Setting next_dagrun for example_subdag_operator.section-1 to None, run_after=None
[2023-06-14T16:15:21.656+0000] {logging_mixin.py:149} INFO - [2023-06-14T16:15:21.656+0000] {dag.py:3490} INFO - Setting next_dagrun for example_subdag_operator.section-2 to None, run_after=None
[2023-06-14T16:15:21.667+0000] {processor.py:179} INFO - Processing /home/airflow/.local/lib/python3.7/site-packages/airflow/example_dags/example_subdag_operator.py took 0.108 seconds
[2023-06-14T16:15:52.935+0000] {processor.py:157} INFO - Started process (PID=1468) to work on /home/airflow/.local/lib/python3.7/site-packages/airflow/example_dags/example_subdag_operator.py
[2023-06-14T16:15:52.936+0000] {processor.py:826} INFO - Processing file /home/airflow/.local/lib/python3.7/site-packages/airflow/example_dags/example_subdag_operator.py for tasks to queue
[2023-06-14T16:15:52.937+0000] {logging_mixin.py:149} INFO - [2023-06-14T16:15:52.936+0000] {dagbag.py:541} INFO - Filling up the DagBag from /home/airflow/.local/lib/python3.7/site-packages/airflow/example_dags/example_subdag_operator.py
[2023-06-14T16:15:52.958+0000] {processor.py:836} INFO - DAG(s) dict_keys(['example_subdag_operator.section-1', 'example_subdag_operator.section-2', 'example_subdag_operator']) retrieved from /home/airflow/.local/lib/python3.7/site-packages/airflow/example_dags/example_subdag_operator.py
[2023-06-14T16:15:52.976+0000] {logging_mixin.py:149} INFO - [2023-06-14T16:15:52.976+0000] {dag.py:2726} INFO - Sync 3 DAGs
[2023-06-14T16:15:52.998+0000] {logging_mixin.py:149} INFO - [2023-06-14T16:15:52.998+0000] {dag.py:3490} INFO - Setting next_dagrun for example_subdag_operator to 2022-01-01T00:00:00+00:00, run_after=2022-01-01T00:00:00+00:00
[2023-06-14T16:15:53.001+0000] {logging_mixin.py:149} INFO - [2023-06-14T16:15:53.001+0000] {dag.py:3490} INFO - Setting next_dagrun for example_subdag_operator.section-1 to None, run_after=None
[2023-06-14T16:15:53.002+0000] {logging_mixin.py:149} INFO - [2023-06-14T16:15:53.002+0000] {dag.py:3490} INFO - Setting next_dagrun for example_subdag_operator.section-2 to None, run_after=None
[2023-06-14T16:15:53.008+0000] {logging_mixin.py:149} INFO - [2023-06-14T16:15:53.008+0000] {dag.py:2726} INFO - Sync 2 DAGs
[2023-06-14T16:15:53.013+0000] {logging_mixin.py:149} INFO - [2023-06-14T16:15:53.013+0000] {dag.py:3490} INFO - Setting next_dagrun for example_subdag_operator.section-1 to None, run_after=None
[2023-06-14T16:15:53.014+0000] {logging_mixin.py:149} INFO - [2023-06-14T16:15:53.014+0000] {dag.py:3490} INFO - Setting next_dagrun for example_subdag_operator.section-2 to None, run_after=None
[2023-06-14T16:15:53.026+0000] {processor.py:179} INFO - Processing /home/airflow/.local/lib/python3.7/site-packages/airflow/example_dags/example_subdag_operator.py took 0.094 seconds
[2023-06-14T16:16:23.895+0000] {processor.py:157} INFO - Started process (PID=1545) to work on /home/airflow/.local/lib/python3.7/site-packages/airflow/example_dags/example_subdag_operator.py
[2023-06-14T16:16:23.896+0000] {processor.py:826} INFO - Processing file /home/airflow/.local/lib/python3.7/site-packages/airflow/example_dags/example_subdag_operator.py for tasks to queue
[2023-06-14T16:16:23.897+0000] {logging_mixin.py:149} INFO - [2023-06-14T16:16:23.897+0000] {dagbag.py:541} INFO - Filling up the DagBag from /home/airflow/.local/lib/python3.7/site-packages/airflow/example_dags/example_subdag_operator.py
[2023-06-14T16:16:23.919+0000] {processor.py:836} INFO - DAG(s) dict_keys(['example_subdag_operator.section-1', 'example_subdag_operator.section-2', 'example_subdag_operator']) retrieved from /home/airflow/.local/lib/python3.7/site-packages/airflow/example_dags/example_subdag_operator.py
[2023-06-14T16:16:23.938+0000] {logging_mixin.py:149} INFO - [2023-06-14T16:16:23.938+0000] {dag.py:2726} INFO - Sync 3 DAGs
[2023-06-14T16:16:23.966+0000] {logging_mixin.py:149} INFO - [2023-06-14T16:16:23.966+0000] {dag.py:3490} INFO - Setting next_dagrun for example_subdag_operator to 2022-01-01T00:00:00+00:00, run_after=2022-01-01T00:00:00+00:00
[2023-06-14T16:16:23.971+0000] {logging_mixin.py:149} INFO - [2023-06-14T16:16:23.971+0000] {dag.py:3490} INFO - Setting next_dagrun for example_subdag_operator.section-1 to None, run_after=None
[2023-06-14T16:16:23.973+0000] {logging_mixin.py:149} INFO - [2023-06-14T16:16:23.973+0000] {dag.py:3490} INFO - Setting next_dagrun for example_subdag_operator.section-2 to None, run_after=None
[2023-06-14T16:16:23.980+0000] {logging_mixin.py:149} INFO - [2023-06-14T16:16:23.980+0000] {dag.py:2726} INFO - Sync 2 DAGs
[2023-06-14T16:16:23.988+0000] {logging_mixin.py:149} INFO - [2023-06-14T16:16:23.987+0000] {dag.py:3490} INFO - Setting next_dagrun for example_subdag_operator.section-1 to None, run_after=None
[2023-06-14T16:16:23.988+0000] {logging_mixin.py:149} INFO - [2023-06-14T16:16:23.988+0000] {dag.py:3490} INFO - Setting next_dagrun for example_subdag_operator.section-2 to None, run_after=None
[2023-06-14T16:16:24.000+0000] {processor.py:179} INFO - Processing /home/airflow/.local/lib/python3.7/site-packages/airflow/example_dags/example_subdag_operator.py took 0.107 seconds
