[2023-06-14T16:06:11.668+0000] {processor.py:157} INFO - Started process (PID=64) to work on /home/airflow/.local/lib/python3.7/site-packages/airflow/example_dags/example_short_circuit_decorator.py
[2023-06-14T16:06:11.669+0000] {processor.py:826} INFO - Processing file /home/airflow/.local/lib/python3.7/site-packages/airflow/example_dags/example_short_circuit_decorator.py for tasks to queue
[2023-06-14T16:06:11.670+0000] {logging_mixin.py:149} INFO - [2023-06-14T16:06:11.670+0000] {dagbag.py:541} INFO - Filling up the DagBag from /home/airflow/.local/lib/python3.7/site-packages/airflow/example_dags/example_short_circuit_decorator.py
[2023-06-14T16:06:11.684+0000] {processor.py:836} INFO - DAG(s) dict_keys(['example_short_circuit_decorator']) retrieved from /home/airflow/.local/lib/python3.7/site-packages/airflow/example_dags/example_short_circuit_decorator.py
[2023-06-14T16:06:11.723+0000] {logging_mixin.py:149} INFO - [2023-06-14T16:06:11.723+0000] {dag.py:2726} INFO - Sync 1 DAGs
[2023-06-14T16:06:11.753+0000] {logging_mixin.py:149} INFO - [2023-06-14T16:06:11.752+0000] {dag.py:3490} INFO - Setting next_dagrun for example_short_circuit_decorator to 2023-06-13T16:06:11.752522+00:00, run_after=2023-06-14T16:06:11.752522+00:00
[2023-06-14T16:06:11.780+0000] {processor.py:179} INFO - Processing /home/airflow/.local/lib/python3.7/site-packages/airflow/example_dags/example_short_circuit_decorator.py took 0.114 seconds
[2023-06-14T16:06:42.309+0000] {processor.py:157} INFO - Started process (PID=141) to work on /home/airflow/.local/lib/python3.7/site-packages/airflow/example_dags/example_short_circuit_decorator.py
[2023-06-14T16:06:42.309+0000] {processor.py:826} INFO - Processing file /home/airflow/.local/lib/python3.7/site-packages/airflow/example_dags/example_short_circuit_decorator.py for tasks to queue
[2023-06-14T16:06:42.311+0000] {logging_mixin.py:149} INFO - [2023-06-14T16:06:42.311+0000] {dagbag.py:541} INFO - Filling up the DagBag from /home/airflow/.local/lib/python3.7/site-packages/airflow/example_dags/example_short_circuit_decorator.py
[2023-06-14T16:06:42.321+0000] {processor.py:836} INFO - DAG(s) dict_keys(['example_short_circuit_decorator']) retrieved from /home/airflow/.local/lib/python3.7/site-packages/airflow/example_dags/example_short_circuit_decorator.py
[2023-06-14T16:06:42.350+0000] {logging_mixin.py:149} INFO - [2023-06-14T16:06:42.350+0000] {dag.py:2726} INFO - Sync 1 DAGs
[2023-06-14T16:06:42.383+0000] {logging_mixin.py:149} INFO - [2023-06-14T16:06:42.383+0000] {dag.py:3490} INFO - Setting next_dagrun for example_short_circuit_decorator to 2023-06-13T16:06:42.383581+00:00, run_after=2023-06-14T16:06:42.383581+00:00
[2023-06-14T16:06:42.407+0000] {processor.py:179} INFO - Processing /home/airflow/.local/lib/python3.7/site-packages/airflow/example_dags/example_short_circuit_decorator.py took 0.100 seconds
[2023-06-14T16:07:13.246+0000] {processor.py:157} INFO - Started process (PID=218) to work on /home/airflow/.local/lib/python3.7/site-packages/airflow/example_dags/example_short_circuit_decorator.py
[2023-06-14T16:07:13.250+0000] {processor.py:826} INFO - Processing file /home/airflow/.local/lib/python3.7/site-packages/airflow/example_dags/example_short_circuit_decorator.py for tasks to queue
[2023-06-14T16:07:13.251+0000] {logging_mixin.py:149} INFO - [2023-06-14T16:07:13.251+0000] {dagbag.py:541} INFO - Filling up the DagBag from /home/airflow/.local/lib/python3.7/site-packages/airflow/example_dags/example_short_circuit_decorator.py
[2023-06-14T16:07:13.261+0000] {processor.py:836} INFO - DAG(s) dict_keys(['example_short_circuit_decorator']) retrieved from /home/airflow/.local/lib/python3.7/site-packages/airflow/example_dags/example_short_circuit_decorator.py
[2023-06-14T16:07:13.291+0000] {logging_mixin.py:149} INFO - [2023-06-14T16:07:13.291+0000] {dag.py:2726} INFO - Sync 1 DAGs
[2023-06-14T16:07:13.425+0000] {logging_mixin.py:149} INFO - [2023-06-14T16:07:13.425+0000] {dag.py:3490} INFO - Setting next_dagrun for example_short_circuit_decorator to 2023-06-13T16:07:13.425127+00:00, run_after=2023-06-14T16:07:13.425127+00:00
[2023-06-14T16:07:13.451+0000] {processor.py:179} INFO - Processing /home/airflow/.local/lib/python3.7/site-packages/airflow/example_dags/example_short_circuit_decorator.py took 0.208 seconds
[2023-06-14T16:07:43.813+0000] {processor.py:157} INFO - Started process (PID=295) to work on /home/airflow/.local/lib/python3.7/site-packages/airflow/example_dags/example_short_circuit_decorator.py
[2023-06-14T16:07:43.814+0000] {processor.py:826} INFO - Processing file /home/airflow/.local/lib/python3.7/site-packages/airflow/example_dags/example_short_circuit_decorator.py for tasks to queue
[2023-06-14T16:07:43.815+0000] {logging_mixin.py:149} INFO - [2023-06-14T16:07:43.815+0000] {dagbag.py:541} INFO - Filling up the DagBag from /home/airflow/.local/lib/python3.7/site-packages/airflow/example_dags/example_short_circuit_decorator.py
[2023-06-14T16:07:43.823+0000] {processor.py:836} INFO - DAG(s) dict_keys(['example_short_circuit_decorator']) retrieved from /home/airflow/.local/lib/python3.7/site-packages/airflow/example_dags/example_short_circuit_decorator.py
[2023-06-14T16:07:43.845+0000] {logging_mixin.py:149} INFO - [2023-06-14T16:07:43.845+0000] {dag.py:2726} INFO - Sync 1 DAGs
[2023-06-14T16:07:43.868+0000] {logging_mixin.py:149} INFO - [2023-06-14T16:07:43.868+0000] {dag.py:3490} INFO - Setting next_dagrun for example_short_circuit_decorator to 2023-06-13T16:07:43.868367+00:00, run_after=2023-06-14T16:07:43.868367+00:00
[2023-06-14T16:07:43.886+0000] {processor.py:179} INFO - Processing /home/airflow/.local/lib/python3.7/site-packages/airflow/example_dags/example_short_circuit_decorator.py took 0.075 seconds
[2023-06-14T16:08:14.646+0000] {processor.py:157} INFO - Started process (PID=359) to work on /home/airflow/.local/lib/python3.7/site-packages/airflow/example_dags/example_short_circuit_decorator.py
[2023-06-14T16:08:14.646+0000] {processor.py:826} INFO - Processing file /home/airflow/.local/lib/python3.7/site-packages/airflow/example_dags/example_short_circuit_decorator.py for tasks to queue
[2023-06-14T16:08:14.647+0000] {logging_mixin.py:149} INFO - [2023-06-14T16:08:14.647+0000] {dagbag.py:541} INFO - Filling up the DagBag from /home/airflow/.local/lib/python3.7/site-packages/airflow/example_dags/example_short_circuit_decorator.py
[2023-06-14T16:08:14.654+0000] {processor.py:836} INFO - DAG(s) dict_keys(['example_short_circuit_decorator']) retrieved from /home/airflow/.local/lib/python3.7/site-packages/airflow/example_dags/example_short_circuit_decorator.py
[2023-06-14T16:08:14.677+0000] {logging_mixin.py:149} INFO - [2023-06-14T16:08:14.677+0000] {dag.py:2726} INFO - Sync 1 DAGs
[2023-06-14T16:08:14.699+0000] {logging_mixin.py:149} INFO - [2023-06-14T16:08:14.699+0000] {dag.py:3490} INFO - Setting next_dagrun for example_short_circuit_decorator to 2023-06-13T16:08:14.698921+00:00, run_after=2023-06-14T16:08:14.698921+00:00
[2023-06-14T16:08:14.715+0000] {processor.py:179} INFO - Processing /home/airflow/.local/lib/python3.7/site-packages/airflow/example_dags/example_short_circuit_decorator.py took 0.072 seconds
[2023-06-14T16:08:45.031+0000] {processor.py:157} INFO - Started process (PID=423) to work on /home/airflow/.local/lib/python3.7/site-packages/airflow/example_dags/example_short_circuit_decorator.py
[2023-06-14T16:08:45.032+0000] {processor.py:826} INFO - Processing file /home/airflow/.local/lib/python3.7/site-packages/airflow/example_dags/example_short_circuit_decorator.py for tasks to queue
[2023-06-14T16:08:45.032+0000] {logging_mixin.py:149} INFO - [2023-06-14T16:08:45.032+0000] {dagbag.py:541} INFO - Filling up the DagBag from /home/airflow/.local/lib/python3.7/site-packages/airflow/example_dags/example_short_circuit_decorator.py
[2023-06-14T16:08:45.045+0000] {processor.py:836} INFO - DAG(s) dict_keys(['example_short_circuit_decorator']) retrieved from /home/airflow/.local/lib/python3.7/site-packages/airflow/example_dags/example_short_circuit_decorator.py
[2023-06-14T16:08:45.076+0000] {logging_mixin.py:149} INFO - [2023-06-14T16:08:45.076+0000] {dag.py:2726} INFO - Sync 1 DAGs
[2023-06-14T16:08:45.108+0000] {logging_mixin.py:149} INFO - [2023-06-14T16:08:45.108+0000] {dag.py:3490} INFO - Setting next_dagrun for example_short_circuit_decorator to 2023-06-13T16:08:45.108361+00:00, run_after=2023-06-14T16:08:45.108361+00:00
[2023-06-14T16:08:45.132+0000] {processor.py:179} INFO - Processing /home/airflow/.local/lib/python3.7/site-packages/airflow/example_dags/example_short_circuit_decorator.py took 0.105 seconds
[2023-06-14T16:09:15.275+0000] {processor.py:157} INFO - Started process (PID=487) to work on /home/airflow/.local/lib/python3.7/site-packages/airflow/example_dags/example_short_circuit_decorator.py
[2023-06-14T16:09:15.276+0000] {processor.py:826} INFO - Processing file /home/airflow/.local/lib/python3.7/site-packages/airflow/example_dags/example_short_circuit_decorator.py for tasks to queue
[2023-06-14T16:09:15.276+0000] {logging_mixin.py:149} INFO - [2023-06-14T16:09:15.276+0000] {dagbag.py:541} INFO - Filling up the DagBag from /home/airflow/.local/lib/python3.7/site-packages/airflow/example_dags/example_short_circuit_decorator.py
[2023-06-14T16:09:15.286+0000] {processor.py:836} INFO - DAG(s) dict_keys(['example_short_circuit_decorator']) retrieved from /home/airflow/.local/lib/python3.7/site-packages/airflow/example_dags/example_short_circuit_decorator.py
[2023-06-14T16:09:15.316+0000] {logging_mixin.py:149} INFO - [2023-06-14T16:09:15.316+0000] {dag.py:2726} INFO - Sync 1 DAGs
[2023-06-14T16:09:15.348+0000] {logging_mixin.py:149} INFO - [2023-06-14T16:09:15.347+0000] {dag.py:3490} INFO - Setting next_dagrun for example_short_circuit_decorator to 2023-06-13T16:09:15.347591+00:00, run_after=2023-06-14T16:09:15.347591+00:00
[2023-06-14T16:09:15.373+0000] {processor.py:179} INFO - Processing /home/airflow/.local/lib/python3.7/site-packages/airflow/example_dags/example_short_circuit_decorator.py took 0.101 seconds
[2023-06-14T16:09:46.410+0000] {processor.py:157} INFO - Started process (PID=551) to work on /home/airflow/.local/lib/python3.7/site-packages/airflow/example_dags/example_short_circuit_decorator.py
[2023-06-14T16:09:46.411+0000] {processor.py:826} INFO - Processing file /home/airflow/.local/lib/python3.7/site-packages/airflow/example_dags/example_short_circuit_decorator.py for tasks to queue
[2023-06-14T16:09:46.412+0000] {logging_mixin.py:149} INFO - [2023-06-14T16:09:46.411+0000] {dagbag.py:541} INFO - Filling up the DagBag from /home/airflow/.local/lib/python3.7/site-packages/airflow/example_dags/example_short_circuit_decorator.py
[2023-06-14T16:09:46.419+0000] {processor.py:836} INFO - DAG(s) dict_keys(['example_short_circuit_decorator']) retrieved from /home/airflow/.local/lib/python3.7/site-packages/airflow/example_dags/example_short_circuit_decorator.py
[2023-06-14T16:09:46.444+0000] {logging_mixin.py:149} INFO - [2023-06-14T16:09:46.444+0000] {dag.py:2726} INFO - Sync 1 DAGs
[2023-06-14T16:09:46.467+0000] {logging_mixin.py:149} INFO - [2023-06-14T16:09:46.467+0000] {dag.py:3490} INFO - Setting next_dagrun for example_short_circuit_decorator to 2023-06-13T16:09:46.467091+00:00, run_after=2023-06-14T16:09:46.467091+00:00
[2023-06-14T16:09:46.484+0000] {processor.py:179} INFO - Processing /home/airflow/.local/lib/python3.7/site-packages/airflow/example_dags/example_short_circuit_decorator.py took 0.077 seconds
[2023-06-14T16:10:16.845+0000] {processor.py:157} INFO - Started process (PID=615) to work on /home/airflow/.local/lib/python3.7/site-packages/airflow/example_dags/example_short_circuit_decorator.py
[2023-06-14T16:10:16.845+0000] {processor.py:826} INFO - Processing file /home/airflow/.local/lib/python3.7/site-packages/airflow/example_dags/example_short_circuit_decorator.py for tasks to queue
[2023-06-14T16:10:16.846+0000] {logging_mixin.py:149} INFO - [2023-06-14T16:10:16.846+0000] {dagbag.py:541} INFO - Filling up the DagBag from /home/airflow/.local/lib/python3.7/site-packages/airflow/example_dags/example_short_circuit_decorator.py
[2023-06-14T16:10:16.854+0000] {processor.py:836} INFO - DAG(s) dict_keys(['example_short_circuit_decorator']) retrieved from /home/airflow/.local/lib/python3.7/site-packages/airflow/example_dags/example_short_circuit_decorator.py
[2023-06-14T16:10:16.879+0000] {logging_mixin.py:149} INFO - [2023-06-14T16:10:16.879+0000] {dag.py:2726} INFO - Sync 1 DAGs
[2023-06-14T16:10:16.908+0000] {logging_mixin.py:149} INFO - [2023-06-14T16:10:16.908+0000] {dag.py:3490} INFO - Setting next_dagrun for example_short_circuit_decorator to 2023-06-13T16:10:16.908014+00:00, run_after=2023-06-14T16:10:16.908014+00:00
[2023-06-14T16:10:16.926+0000] {processor.py:179} INFO - Processing /home/airflow/.local/lib/python3.7/site-packages/airflow/example_dags/example_short_circuit_decorator.py took 0.084 seconds
[2023-06-14T16:10:47.286+0000] {processor.py:157} INFO - Started process (PID=679) to work on /home/airflow/.local/lib/python3.7/site-packages/airflow/example_dags/example_short_circuit_decorator.py
[2023-06-14T16:10:47.287+0000] {processor.py:826} INFO - Processing file /home/airflow/.local/lib/python3.7/site-packages/airflow/example_dags/example_short_circuit_decorator.py for tasks to queue
[2023-06-14T16:10:47.289+0000] {logging_mixin.py:149} INFO - [2023-06-14T16:10:47.289+0000] {dagbag.py:541} INFO - Filling up the DagBag from /home/airflow/.local/lib/python3.7/site-packages/airflow/example_dags/example_short_circuit_decorator.py
[2023-06-14T16:10:47.303+0000] {processor.py:836} INFO - DAG(s) dict_keys(['example_short_circuit_decorator']) retrieved from /home/airflow/.local/lib/python3.7/site-packages/airflow/example_dags/example_short_circuit_decorator.py
[2023-06-14T16:10:47.332+0000] {logging_mixin.py:149} INFO - [2023-06-14T16:10:47.332+0000] {dag.py:2726} INFO - Sync 1 DAGs
[2023-06-14T16:10:47.368+0000] {logging_mixin.py:149} INFO - [2023-06-14T16:10:47.368+0000] {dag.py:3490} INFO - Setting next_dagrun for example_short_circuit_decorator to 2023-06-13T16:10:47.368066+00:00, run_after=2023-06-14T16:10:47.368066+00:00
[2023-06-14T16:10:47.388+0000] {processor.py:179} INFO - Processing /home/airflow/.local/lib/python3.7/site-packages/airflow/example_dags/example_short_circuit_decorator.py took 0.105 seconds
[2023-06-14T16:11:17.658+0000] {processor.py:157} INFO - Started process (PID=756) to work on /home/airflow/.local/lib/python3.7/site-packages/airflow/example_dags/example_short_circuit_decorator.py
[2023-06-14T16:11:17.659+0000] {processor.py:826} INFO - Processing file /home/airflow/.local/lib/python3.7/site-packages/airflow/example_dags/example_short_circuit_decorator.py for tasks to queue
[2023-06-14T16:11:17.660+0000] {logging_mixin.py:149} INFO - [2023-06-14T16:11:17.660+0000] {dagbag.py:541} INFO - Filling up the DagBag from /home/airflow/.local/lib/python3.7/site-packages/airflow/example_dags/example_short_circuit_decorator.py
[2023-06-14T16:11:17.669+0000] {processor.py:836} INFO - DAG(s) dict_keys(['example_short_circuit_decorator']) retrieved from /home/airflow/.local/lib/python3.7/site-packages/airflow/example_dags/example_short_circuit_decorator.py
[2023-06-14T16:11:17.696+0000] {logging_mixin.py:149} INFO - [2023-06-14T16:11:17.696+0000] {dag.py:2726} INFO - Sync 1 DAGs
[2023-06-14T16:11:17.722+0000] {logging_mixin.py:149} INFO - [2023-06-14T16:11:17.722+0000] {dag.py:3490} INFO - Setting next_dagrun for example_short_circuit_decorator to 2023-06-13T16:11:17.722041+00:00, run_after=2023-06-14T16:11:17.722041+00:00
[2023-06-14T16:11:17.744+0000] {processor.py:179} INFO - Processing /home/airflow/.local/lib/python3.7/site-packages/airflow/example_dags/example_short_circuit_decorator.py took 0.088 seconds
[2023-06-14T16:11:47.863+0000] {processor.py:157} INFO - Started process (PID=833) to work on /home/airflow/.local/lib/python3.7/site-packages/airflow/example_dags/example_short_circuit_decorator.py
[2023-06-14T16:11:47.864+0000] {processor.py:826} INFO - Processing file /home/airflow/.local/lib/python3.7/site-packages/airflow/example_dags/example_short_circuit_decorator.py for tasks to queue
[2023-06-14T16:11:47.865+0000] {logging_mixin.py:149} INFO - [2023-06-14T16:11:47.865+0000] {dagbag.py:541} INFO - Filling up the DagBag from /home/airflow/.local/lib/python3.7/site-packages/airflow/example_dags/example_short_circuit_decorator.py
[2023-06-14T16:11:47.873+0000] {processor.py:836} INFO - DAG(s) dict_keys(['example_short_circuit_decorator']) retrieved from /home/airflow/.local/lib/python3.7/site-packages/airflow/example_dags/example_short_circuit_decorator.py
[2023-06-14T16:11:47.901+0000] {logging_mixin.py:149} INFO - [2023-06-14T16:11:47.901+0000] {dag.py:2726} INFO - Sync 1 DAGs
[2023-06-14T16:11:47.924+0000] {logging_mixin.py:149} INFO - [2023-06-14T16:11:47.924+0000] {dag.py:3490} INFO - Setting next_dagrun for example_short_circuit_decorator to 2023-06-13T16:11:47.924518+00:00, run_after=2023-06-14T16:11:47.924518+00:00
[2023-06-14T16:11:47.944+0000] {processor.py:179} INFO - Processing /home/airflow/.local/lib/python3.7/site-packages/airflow/example_dags/example_short_circuit_decorator.py took 0.083 seconds
[2023-06-14T16:12:18.191+0000] {processor.py:157} INFO - Started process (PID=910) to work on /home/airflow/.local/lib/python3.7/site-packages/airflow/example_dags/example_short_circuit_decorator.py
[2023-06-14T16:12:18.192+0000] {processor.py:826} INFO - Processing file /home/airflow/.local/lib/python3.7/site-packages/airflow/example_dags/example_short_circuit_decorator.py for tasks to queue
[2023-06-14T16:12:18.193+0000] {logging_mixin.py:149} INFO - [2023-06-14T16:12:18.192+0000] {dagbag.py:541} INFO - Filling up the DagBag from /home/airflow/.local/lib/python3.7/site-packages/airflow/example_dags/example_short_circuit_decorator.py
[2023-06-14T16:12:18.204+0000] {processor.py:836} INFO - DAG(s) dict_keys(['example_short_circuit_decorator']) retrieved from /home/airflow/.local/lib/python3.7/site-packages/airflow/example_dags/example_short_circuit_decorator.py
[2023-06-14T16:12:18.231+0000] {logging_mixin.py:149} INFO - [2023-06-14T16:12:18.231+0000] {dag.py:2726} INFO - Sync 1 DAGs
[2023-06-14T16:12:18.254+0000] {logging_mixin.py:149} INFO - [2023-06-14T16:12:18.254+0000] {dag.py:3490} INFO - Setting next_dagrun for example_short_circuit_decorator to 2023-06-13T16:12:18.254529+00:00, run_after=2023-06-14T16:12:18.254529+00:00
[2023-06-14T16:12:18.271+0000] {processor.py:179} INFO - Processing /home/airflow/.local/lib/python3.7/site-packages/airflow/example_dags/example_short_circuit_decorator.py took 0.083 seconds
[2023-06-14T16:12:48.703+0000] {processor.py:157} INFO - Started process (PID=987) to work on /home/airflow/.local/lib/python3.7/site-packages/airflow/example_dags/example_short_circuit_decorator.py
[2023-06-14T16:12:48.704+0000] {processor.py:826} INFO - Processing file /home/airflow/.local/lib/python3.7/site-packages/airflow/example_dags/example_short_circuit_decorator.py for tasks to queue
[2023-06-14T16:12:48.705+0000] {logging_mixin.py:149} INFO - [2023-06-14T16:12:48.704+0000] {dagbag.py:541} INFO - Filling up the DagBag from /home/airflow/.local/lib/python3.7/site-packages/airflow/example_dags/example_short_circuit_decorator.py
[2023-06-14T16:12:48.713+0000] {processor.py:836} INFO - DAG(s) dict_keys(['example_short_circuit_decorator']) retrieved from /home/airflow/.local/lib/python3.7/site-packages/airflow/example_dags/example_short_circuit_decorator.py
[2023-06-14T16:12:48.738+0000] {logging_mixin.py:149} INFO - [2023-06-14T16:12:48.738+0000] {dag.py:2726} INFO - Sync 1 DAGs
[2023-06-14T16:12:48.765+0000] {logging_mixin.py:149} INFO - [2023-06-14T16:12:48.765+0000] {dag.py:3490} INFO - Setting next_dagrun for example_short_circuit_decorator to 2023-06-13T16:12:48.764979+00:00, run_after=2023-06-14T16:12:48.764979+00:00
[2023-06-14T16:12:48.782+0000] {processor.py:179} INFO - Processing /home/airflow/.local/lib/python3.7/site-packages/airflow/example_dags/example_short_circuit_decorator.py took 0.082 seconds
[2023-06-14T16:13:19.283+0000] {processor.py:157} INFO - Started process (PID=1065) to work on /home/airflow/.local/lib/python3.7/site-packages/airflow/example_dags/example_short_circuit_decorator.py
[2023-06-14T16:13:19.284+0000] {processor.py:826} INFO - Processing file /home/airflow/.local/lib/python3.7/site-packages/airflow/example_dags/example_short_circuit_decorator.py for tasks to queue
[2023-06-14T16:13:19.285+0000] {logging_mixin.py:149} INFO - [2023-06-14T16:13:19.285+0000] {dagbag.py:541} INFO - Filling up the DagBag from /home/airflow/.local/lib/python3.7/site-packages/airflow/example_dags/example_short_circuit_decorator.py
[2023-06-14T16:13:19.293+0000] {processor.py:836} INFO - DAG(s) dict_keys(['example_short_circuit_decorator']) retrieved from /home/airflow/.local/lib/python3.7/site-packages/airflow/example_dags/example_short_circuit_decorator.py
[2023-06-14T16:13:19.318+0000] {logging_mixin.py:149} INFO - [2023-06-14T16:13:19.317+0000] {dag.py:2726} INFO - Sync 1 DAGs
[2023-06-14T16:13:19.345+0000] {logging_mixin.py:149} INFO - [2023-06-14T16:13:19.345+0000] {dag.py:3490} INFO - Setting next_dagrun for example_short_circuit_decorator to 2023-06-13T16:13:19.345612+00:00, run_after=2023-06-14T16:13:19.345612+00:00
[2023-06-14T16:13:19.364+0000] {processor.py:179} INFO - Processing /home/airflow/.local/lib/python3.7/site-packages/airflow/example_dags/example_short_circuit_decorator.py took 0.084 seconds
[2023-06-14T16:13:49.539+0000] {processor.py:157} INFO - Started process (PID=1142) to work on /home/airflow/.local/lib/python3.7/site-packages/airflow/example_dags/example_short_circuit_decorator.py
[2023-06-14T16:13:49.539+0000] {processor.py:826} INFO - Processing file /home/airflow/.local/lib/python3.7/site-packages/airflow/example_dags/example_short_circuit_decorator.py for tasks to queue
[2023-06-14T16:13:49.540+0000] {logging_mixin.py:149} INFO - [2023-06-14T16:13:49.540+0000] {dagbag.py:541} INFO - Filling up the DagBag from /home/airflow/.local/lib/python3.7/site-packages/airflow/example_dags/example_short_circuit_decorator.py
[2023-06-14T16:13:49.549+0000] {processor.py:836} INFO - DAG(s) dict_keys(['example_short_circuit_decorator']) retrieved from /home/airflow/.local/lib/python3.7/site-packages/airflow/example_dags/example_short_circuit_decorator.py
[2023-06-14T16:13:49.577+0000] {logging_mixin.py:149} INFO - [2023-06-14T16:13:49.577+0000] {dag.py:2726} INFO - Sync 1 DAGs
[2023-06-14T16:13:49.602+0000] {logging_mixin.py:149} INFO - [2023-06-14T16:13:49.602+0000] {dag.py:3490} INFO - Setting next_dagrun for example_short_circuit_decorator to 2023-06-13T16:13:49.601905+00:00, run_after=2023-06-14T16:13:49.601905+00:00
[2023-06-14T16:13:49.621+0000] {processor.py:179} INFO - Processing /home/airflow/.local/lib/python3.7/site-packages/airflow/example_dags/example_short_circuit_decorator.py took 0.086 seconds
[2023-06-14T16:14:19.848+0000] {processor.py:157} INFO - Started process (PID=1219) to work on /home/airflow/.local/lib/python3.7/site-packages/airflow/example_dags/example_short_circuit_decorator.py
[2023-06-14T16:14:19.849+0000] {processor.py:826} INFO - Processing file /home/airflow/.local/lib/python3.7/site-packages/airflow/example_dags/example_short_circuit_decorator.py for tasks to queue
[2023-06-14T16:14:19.849+0000] {logging_mixin.py:149} INFO - [2023-06-14T16:14:19.849+0000] {dagbag.py:541} INFO - Filling up the DagBag from /home/airflow/.local/lib/python3.7/site-packages/airflow/example_dags/example_short_circuit_decorator.py
[2023-06-14T16:14:19.857+0000] {processor.py:836} INFO - DAG(s) dict_keys(['example_short_circuit_decorator']) retrieved from /home/airflow/.local/lib/python3.7/site-packages/airflow/example_dags/example_short_circuit_decorator.py
[2023-06-14T16:14:19.882+0000] {logging_mixin.py:149} INFO - [2023-06-14T16:14:19.881+0000] {dag.py:2726} INFO - Sync 1 DAGs
[2023-06-14T16:14:19.907+0000] {logging_mixin.py:149} INFO - [2023-06-14T16:14:19.907+0000] {dag.py:3490} INFO - Setting next_dagrun for example_short_circuit_decorator to 2023-06-13T16:14:19.907215+00:00, run_after=2023-06-14T16:14:19.907215+00:00
[2023-06-14T16:14:19.925+0000] {processor.py:179} INFO - Processing /home/airflow/.local/lib/python3.7/site-packages/airflow/example_dags/example_short_circuit_decorator.py took 0.080 seconds
[2023-06-14T16:14:50.426+0000] {processor.py:157} INFO - Started process (PID=1296) to work on /home/airflow/.local/lib/python3.7/site-packages/airflow/example_dags/example_short_circuit_decorator.py
[2023-06-14T16:14:50.427+0000] {processor.py:826} INFO - Processing file /home/airflow/.local/lib/python3.7/site-packages/airflow/example_dags/example_short_circuit_decorator.py for tasks to queue
[2023-06-14T16:14:50.428+0000] {logging_mixin.py:149} INFO - [2023-06-14T16:14:50.428+0000] {dagbag.py:541} INFO - Filling up the DagBag from /home/airflow/.local/lib/python3.7/site-packages/airflow/example_dags/example_short_circuit_decorator.py
[2023-06-14T16:14:50.436+0000] {processor.py:836} INFO - DAG(s) dict_keys(['example_short_circuit_decorator']) retrieved from /home/airflow/.local/lib/python3.7/site-packages/airflow/example_dags/example_short_circuit_decorator.py
[2023-06-14T16:14:50.460+0000] {logging_mixin.py:149} INFO - [2023-06-14T16:14:50.460+0000] {dag.py:2726} INFO - Sync 1 DAGs
[2023-06-14T16:14:50.483+0000] {logging_mixin.py:149} INFO - [2023-06-14T16:14:50.483+0000] {dag.py:3490} INFO - Setting next_dagrun for example_short_circuit_decorator to 2023-06-13T16:14:50.482925+00:00, run_after=2023-06-14T16:14:50.482925+00:00
[2023-06-14T16:14:50.504+0000] {processor.py:179} INFO - Processing /home/airflow/.local/lib/python3.7/site-packages/airflow/example_dags/example_short_circuit_decorator.py took 0.080 seconds
[2023-06-14T16:15:20.740+0000] {processor.py:157} INFO - Started process (PID=1373) to work on /home/airflow/.local/lib/python3.7/site-packages/airflow/example_dags/example_short_circuit_decorator.py
[2023-06-14T16:15:20.741+0000] {processor.py:826} INFO - Processing file /home/airflow/.local/lib/python3.7/site-packages/airflow/example_dags/example_short_circuit_decorator.py for tasks to queue
[2023-06-14T16:15:20.742+0000] {logging_mixin.py:149} INFO - [2023-06-14T16:15:20.742+0000] {dagbag.py:541} INFO - Filling up the DagBag from /home/airflow/.local/lib/python3.7/site-packages/airflow/example_dags/example_short_circuit_decorator.py
[2023-06-14T16:15:20.750+0000] {processor.py:836} INFO - DAG(s) dict_keys(['example_short_circuit_decorator']) retrieved from /home/airflow/.local/lib/python3.7/site-packages/airflow/example_dags/example_short_circuit_decorator.py
[2023-06-14T16:15:20.774+0000] {logging_mixin.py:149} INFO - [2023-06-14T16:15:20.774+0000] {dag.py:2726} INFO - Sync 1 DAGs
[2023-06-14T16:15:20.801+0000] {logging_mixin.py:149} INFO - [2023-06-14T16:15:20.801+0000] {dag.py:3490} INFO - Setting next_dagrun for example_short_circuit_decorator to 2023-06-13T16:15:20.801376+00:00, run_after=2023-06-14T16:15:20.801376+00:00
[2023-06-14T16:15:20.818+0000] {processor.py:179} INFO - Processing /home/airflow/.local/lib/python3.7/site-packages/airflow/example_dags/example_short_circuit_decorator.py took 0.080 seconds
[2023-06-14T16:15:51.346+0000] {processor.py:157} INFO - Started process (PID=1450) to work on /home/airflow/.local/lib/python3.7/site-packages/airflow/example_dags/example_short_circuit_decorator.py
[2023-06-14T16:15:51.347+0000] {processor.py:826} INFO - Processing file /home/airflow/.local/lib/python3.7/site-packages/airflow/example_dags/example_short_circuit_decorator.py for tasks to queue
[2023-06-14T16:15:51.348+0000] {logging_mixin.py:149} INFO - [2023-06-14T16:15:51.347+0000] {dagbag.py:541} INFO - Filling up the DagBag from /home/airflow/.local/lib/python3.7/site-packages/airflow/example_dags/example_short_circuit_decorator.py
[2023-06-14T16:15:51.357+0000] {processor.py:836} INFO - DAG(s) dict_keys(['example_short_circuit_decorator']) retrieved from /home/airflow/.local/lib/python3.7/site-packages/airflow/example_dags/example_short_circuit_decorator.py
[2023-06-14T16:15:51.385+0000] {logging_mixin.py:149} INFO - [2023-06-14T16:15:51.385+0000] {dag.py:2726} INFO - Sync 1 DAGs
[2023-06-14T16:15:51.417+0000] {logging_mixin.py:149} INFO - [2023-06-14T16:15:51.416+0000] {dag.py:3490} INFO - Setting next_dagrun for example_short_circuit_decorator to 2023-06-13T16:15:51.416678+00:00, run_after=2023-06-14T16:15:51.416678+00:00
[2023-06-14T16:15:51.438+0000] {processor.py:179} INFO - Processing /home/airflow/.local/lib/python3.7/site-packages/airflow/example_dags/example_short_circuit_decorator.py took 0.094 seconds
[2023-06-14T16:16:21.844+0000] {processor.py:157} INFO - Started process (PID=1527) to work on /home/airflow/.local/lib/python3.7/site-packages/airflow/example_dags/example_short_circuit_decorator.py
[2023-06-14T16:16:21.845+0000] {processor.py:826} INFO - Processing file /home/airflow/.local/lib/python3.7/site-packages/airflow/example_dags/example_short_circuit_decorator.py for tasks to queue
[2023-06-14T16:16:21.845+0000] {logging_mixin.py:149} INFO - [2023-06-14T16:16:21.845+0000] {dagbag.py:541} INFO - Filling up the DagBag from /home/airflow/.local/lib/python3.7/site-packages/airflow/example_dags/example_short_circuit_decorator.py
[2023-06-14T16:16:21.853+0000] {processor.py:836} INFO - DAG(s) dict_keys(['example_short_circuit_decorator']) retrieved from /home/airflow/.local/lib/python3.7/site-packages/airflow/example_dags/example_short_circuit_decorator.py
[2023-06-14T16:16:21.879+0000] {logging_mixin.py:149} INFO - [2023-06-14T16:16:21.879+0000] {dag.py:2726} INFO - Sync 1 DAGs
[2023-06-14T16:16:21.911+0000] {logging_mixin.py:149} INFO - [2023-06-14T16:16:21.910+0000] {dag.py:3490} INFO - Setting next_dagrun for example_short_circuit_decorator to 2023-06-13T16:16:21.910651+00:00, run_after=2023-06-14T16:16:21.910651+00:00
[2023-06-14T16:16:21.932+0000] {processor.py:179} INFO - Processing /home/airflow/.local/lib/python3.7/site-packages/airflow/example_dags/example_short_circuit_decorator.py took 0.092 seconds
