[2023-06-14T16:06:10.857+0000] {processor.py:157} INFO - Started process (PID=54) to work on /home/airflow/.local/lib/python3.7/site-packages/airflow/example_dags/example_datasets.py
[2023-06-14T16:06:10.858+0000] {processor.py:826} INFO - Processing file /home/airflow/.local/lib/python3.7/site-packages/airflow/example_dags/example_datasets.py for tasks to queue
[2023-06-14T16:06:10.859+0000] {logging_mixin.py:149} INFO - [2023-06-14T16:06:10.859+0000] {dagbag.py:541} INFO - Filling up the DagBag from /home/airflow/.local/lib/python3.7/site-packages/airflow/example_dags/example_datasets.py
[2023-06-14T16:06:10.872+0000] {processor.py:836} INFO - DAG(s) dict_keys(['dataset_produces_1', 'dataset_produces_2', 'dataset_consumes_1_never_scheduled', 'dataset_consumes_1_and_2', 'dataset_consumes_1', 'dataset_consumes_unknown_never_scheduled']) retrieved from /home/airflow/.local/lib/python3.7/site-packages/airflow/example_dags/example_datasets.py
[2023-06-14T16:06:10.988+0000] {logging_mixin.py:149} INFO - [2023-06-14T16:06:10.988+0000] {dag.py:2726} INFO - Sync 6 DAGs
[2023-06-14T16:06:11.022+0000] {logging_mixin.py:149} INFO - [2023-06-14T16:06:11.022+0000] {dag.py:3490} INFO - Setting next_dagrun for dataset_consumes_1 to None, run_after=None
[2023-06-14T16:06:11.026+0000] {logging_mixin.py:149} INFO - [2023-06-14T16:06:11.026+0000] {dag.py:3490} INFO - Setting next_dagrun for dataset_consumes_1_and_2 to None, run_after=None
[2023-06-14T16:06:11.028+0000] {logging_mixin.py:149} INFO - [2023-06-14T16:06:11.028+0000] {dag.py:3490} INFO - Setting next_dagrun for dataset_consumes_1_never_scheduled to None, run_after=None
[2023-06-14T16:06:11.029+0000] {logging_mixin.py:149} INFO - [2023-06-14T16:06:11.029+0000] {dag.py:3490} INFO - Setting next_dagrun for dataset_consumes_unknown_never_scheduled to None, run_after=None
[2023-06-14T16:06:11.032+0000] {logging_mixin.py:149} INFO - [2023-06-14T16:06:11.032+0000] {dag.py:3490} INFO - Setting next_dagrun for dataset_produces_1 to 2023-06-13T00:00:00+00:00, run_after=2023-06-14T00:00:00+00:00
[2023-06-14T16:06:11.034+0000] {logging_mixin.py:149} INFO - [2023-06-14T16:06:11.034+0000] {dag.py:3490} INFO - Setting next_dagrun for dataset_produces_2 to None, run_after=None
[2023-06-14T16:06:11.072+0000] {processor.py:179} INFO - Processing /home/airflow/.local/lib/python3.7/site-packages/airflow/example_dags/example_datasets.py took 0.217 seconds
[2023-06-14T16:06:41.508+0000] {processor.py:157} INFO - Started process (PID=131) to work on /home/airflow/.local/lib/python3.7/site-packages/airflow/example_dags/example_datasets.py
[2023-06-14T16:06:41.510+0000] {processor.py:826} INFO - Processing file /home/airflow/.local/lib/python3.7/site-packages/airflow/example_dags/example_datasets.py for tasks to queue
[2023-06-14T16:06:41.511+0000] {logging_mixin.py:149} INFO - [2023-06-14T16:06:41.511+0000] {dagbag.py:541} INFO - Filling up the DagBag from /home/airflow/.local/lib/python3.7/site-packages/airflow/example_dags/example_datasets.py
[2023-06-14T16:06:41.521+0000] {processor.py:836} INFO - DAG(s) dict_keys(['dataset_consumes_1', 'dataset_produces_1', 'dataset_consumes_1_never_scheduled', 'dataset_consumes_1_and_2', 'dataset_consumes_unknown_never_scheduled', 'dataset_produces_2']) retrieved from /home/airflow/.local/lib/python3.7/site-packages/airflow/example_dags/example_datasets.py
[2023-06-14T16:06:41.582+0000] {logging_mixin.py:149} INFO - [2023-06-14T16:06:41.582+0000] {dag.py:2726} INFO - Sync 6 DAGs
[2023-06-14T16:06:41.611+0000] {logging_mixin.py:149} INFO - [2023-06-14T16:06:41.611+0000] {dag.py:3490} INFO - Setting next_dagrun for dataset_consumes_1 to None, run_after=None
[2023-06-14T16:06:41.616+0000] {logging_mixin.py:149} INFO - [2023-06-14T16:06:41.615+0000] {dag.py:3490} INFO - Setting next_dagrun for dataset_consumes_1_and_2 to None, run_after=None
[2023-06-14T16:06:41.617+0000] {logging_mixin.py:149} INFO - [2023-06-14T16:06:41.617+0000] {dag.py:3490} INFO - Setting next_dagrun for dataset_consumes_1_never_scheduled to None, run_after=None
[2023-06-14T16:06:41.618+0000] {logging_mixin.py:149} INFO - [2023-06-14T16:06:41.618+0000] {dag.py:3490} INFO - Setting next_dagrun for dataset_consumes_unknown_never_scheduled to None, run_after=None
[2023-06-14T16:06:41.622+0000] {logging_mixin.py:149} INFO - [2023-06-14T16:06:41.622+0000] {dag.py:3490} INFO - Setting next_dagrun for dataset_produces_1 to 2023-06-13T00:00:00+00:00, run_after=2023-06-14T00:00:00+00:00
[2023-06-14T16:06:41.624+0000] {logging_mixin.py:149} INFO - [2023-06-14T16:06:41.624+0000] {dag.py:3490} INFO - Setting next_dagrun for dataset_produces_2 to None, run_after=None
[2023-06-14T16:06:41.673+0000] {processor.py:179} INFO - Processing /home/airflow/.local/lib/python3.7/site-packages/airflow/example_dags/example_datasets.py took 0.168 seconds
[2023-06-14T16:07:12.238+0000] {processor.py:157} INFO - Started process (PID=208) to work on /home/airflow/.local/lib/python3.7/site-packages/airflow/example_dags/example_datasets.py
[2023-06-14T16:07:12.239+0000] {processor.py:826} INFO - Processing file /home/airflow/.local/lib/python3.7/site-packages/airflow/example_dags/example_datasets.py for tasks to queue
[2023-06-14T16:07:12.240+0000] {logging_mixin.py:149} INFO - [2023-06-14T16:07:12.240+0000] {dagbag.py:541} INFO - Filling up the DagBag from /home/airflow/.local/lib/python3.7/site-packages/airflow/example_dags/example_datasets.py
[2023-06-14T16:07:12.248+0000] {processor.py:836} INFO - DAG(s) dict_keys(['dataset_produces_2', 'dataset_consumes_1_never_scheduled', 'dataset_consumes_unknown_never_scheduled', 'dataset_produces_1', 'dataset_consumes_1_and_2', 'dataset_consumes_1']) retrieved from /home/airflow/.local/lib/python3.7/site-packages/airflow/example_dags/example_datasets.py
[2023-06-14T16:07:12.292+0000] {logging_mixin.py:149} INFO - [2023-06-14T16:07:12.292+0000] {dag.py:2726} INFO - Sync 6 DAGs
[2023-06-14T16:07:12.424+0000] {logging_mixin.py:149} INFO - [2023-06-14T16:07:12.424+0000] {dag.py:3490} INFO - Setting next_dagrun for dataset_consumes_1 to None, run_after=None
[2023-06-14T16:07:12.427+0000] {logging_mixin.py:149} INFO - [2023-06-14T16:07:12.427+0000] {dag.py:3490} INFO - Setting next_dagrun for dataset_consumes_1_and_2 to None, run_after=None
[2023-06-14T16:07:12.429+0000] {logging_mixin.py:149} INFO - [2023-06-14T16:07:12.429+0000] {dag.py:3490} INFO - Setting next_dagrun for dataset_consumes_1_never_scheduled to None, run_after=None
[2023-06-14T16:07:12.431+0000] {logging_mixin.py:149} INFO - [2023-06-14T16:07:12.431+0000] {dag.py:3490} INFO - Setting next_dagrun for dataset_consumes_unknown_never_scheduled to None, run_after=None
[2023-06-14T16:07:12.435+0000] {logging_mixin.py:149} INFO - [2023-06-14T16:07:12.434+0000] {dag.py:3490} INFO - Setting next_dagrun for dataset_produces_1 to 2023-06-13T00:00:00+00:00, run_after=2023-06-14T00:00:00+00:00
[2023-06-14T16:07:12.436+0000] {logging_mixin.py:149} INFO - [2023-06-14T16:07:12.436+0000] {dag.py:3490} INFO - Setting next_dagrun for dataset_produces_2 to None, run_after=None
[2023-06-14T16:07:12.472+0000] {processor.py:179} INFO - Processing /home/airflow/.local/lib/python3.7/site-packages/airflow/example_dags/example_datasets.py took 0.236 seconds
[2023-06-14T16:07:43.259+0000] {processor.py:157} INFO - Started process (PID=285) to work on /home/airflow/.local/lib/python3.7/site-packages/airflow/example_dags/example_datasets.py
[2023-06-14T16:07:43.260+0000] {processor.py:826} INFO - Processing file /home/airflow/.local/lib/python3.7/site-packages/airflow/example_dags/example_datasets.py for tasks to queue
[2023-06-14T16:07:43.260+0000] {logging_mixin.py:149} INFO - [2023-06-14T16:07:43.260+0000] {dagbag.py:541} INFO - Filling up the DagBag from /home/airflow/.local/lib/python3.7/site-packages/airflow/example_dags/example_datasets.py
[2023-06-14T16:07:43.268+0000] {processor.py:836} INFO - DAG(s) dict_keys(['dataset_consumes_1', 'dataset_produces_2', 'dataset_consumes_1_and_2', 'dataset_consumes_unknown_never_scheduled', 'dataset_produces_1', 'dataset_consumes_1_never_scheduled']) retrieved from /home/airflow/.local/lib/python3.7/site-packages/airflow/example_dags/example_datasets.py
[2023-06-14T16:07:43.309+0000] {logging_mixin.py:149} INFO - [2023-06-14T16:07:43.308+0000] {dag.py:2726} INFO - Sync 6 DAGs
[2023-06-14T16:07:43.332+0000] {logging_mixin.py:149} INFO - [2023-06-14T16:07:43.332+0000] {dag.py:3490} INFO - Setting next_dagrun for dataset_consumes_1 to None, run_after=None
[2023-06-14T16:07:43.335+0000] {logging_mixin.py:149} INFO - [2023-06-14T16:07:43.335+0000] {dag.py:3490} INFO - Setting next_dagrun for dataset_consumes_1_and_2 to None, run_after=None
[2023-06-14T16:07:43.336+0000] {logging_mixin.py:149} INFO - [2023-06-14T16:07:43.336+0000] {dag.py:3490} INFO - Setting next_dagrun for dataset_consumes_1_never_scheduled to None, run_after=None
[2023-06-14T16:07:43.339+0000] {logging_mixin.py:149} INFO - [2023-06-14T16:07:43.339+0000] {dag.py:3490} INFO - Setting next_dagrun for dataset_consumes_unknown_never_scheduled to None, run_after=None
[2023-06-14T16:07:43.341+0000] {logging_mixin.py:149} INFO - [2023-06-14T16:07:43.341+0000] {dag.py:3490} INFO - Setting next_dagrun for dataset_produces_1 to 2023-06-13T00:00:00+00:00, run_after=2023-06-14T00:00:00+00:00
[2023-06-14T16:07:43.343+0000] {logging_mixin.py:149} INFO - [2023-06-14T16:07:43.343+0000] {dag.py:3490} INFO - Setting next_dagrun for dataset_produces_2 to None, run_after=None
[2023-06-14T16:07:43.373+0000] {processor.py:179} INFO - Processing /home/airflow/.local/lib/python3.7/site-packages/airflow/example_dags/example_datasets.py took 0.117 seconds
[2023-06-14T16:08:14.082+0000] {processor.py:157} INFO - Started process (PID=349) to work on /home/airflow/.local/lib/python3.7/site-packages/airflow/example_dags/example_datasets.py
[2023-06-14T16:08:14.083+0000] {processor.py:826} INFO - Processing file /home/airflow/.local/lib/python3.7/site-packages/airflow/example_dags/example_datasets.py for tasks to queue
[2023-06-14T16:08:14.083+0000] {logging_mixin.py:149} INFO - [2023-06-14T16:08:14.083+0000] {dagbag.py:541} INFO - Filling up the DagBag from /home/airflow/.local/lib/python3.7/site-packages/airflow/example_dags/example_datasets.py
[2023-06-14T16:08:14.091+0000] {processor.py:836} INFO - DAG(s) dict_keys(['dataset_consumes_1_never_scheduled', 'dataset_produces_2', 'dataset_produces_1', 'dataset_consumes_1', 'dataset_consumes_1_and_2', 'dataset_consumes_unknown_never_scheduled']) retrieved from /home/airflow/.local/lib/python3.7/site-packages/airflow/example_dags/example_datasets.py
[2023-06-14T16:08:14.130+0000] {logging_mixin.py:149} INFO - [2023-06-14T16:08:14.130+0000] {dag.py:2726} INFO - Sync 6 DAGs
[2023-06-14T16:08:14.154+0000] {logging_mixin.py:149} INFO - [2023-06-14T16:08:14.153+0000] {dag.py:3490} INFO - Setting next_dagrun for dataset_consumes_1 to None, run_after=None
[2023-06-14T16:08:14.157+0000] {logging_mixin.py:149} INFO - [2023-06-14T16:08:14.157+0000] {dag.py:3490} INFO - Setting next_dagrun for dataset_consumes_1_and_2 to None, run_after=None
[2023-06-14T16:08:14.158+0000] {logging_mixin.py:149} INFO - [2023-06-14T16:08:14.158+0000] {dag.py:3490} INFO - Setting next_dagrun for dataset_consumes_1_never_scheduled to None, run_after=None
[2023-06-14T16:08:14.159+0000] {logging_mixin.py:149} INFO - [2023-06-14T16:08:14.159+0000] {dag.py:3490} INFO - Setting next_dagrun for dataset_consumes_unknown_never_scheduled to None, run_after=None
[2023-06-14T16:08:14.162+0000] {logging_mixin.py:149} INFO - [2023-06-14T16:08:14.162+0000] {dag.py:3490} INFO - Setting next_dagrun for dataset_produces_1 to 2023-06-13T00:00:00+00:00, run_after=2023-06-14T00:00:00+00:00
[2023-06-14T16:08:14.163+0000] {logging_mixin.py:149} INFO - [2023-06-14T16:08:14.163+0000] {dag.py:3490} INFO - Setting next_dagrun for dataset_produces_2 to None, run_after=None
[2023-06-14T16:08:14.198+0000] {processor.py:179} INFO - Processing /home/airflow/.local/lib/python3.7/site-packages/airflow/example_dags/example_datasets.py took 0.118 seconds
[2023-06-14T16:08:44.441+0000] {processor.py:157} INFO - Started process (PID=413) to work on /home/airflow/.local/lib/python3.7/site-packages/airflow/example_dags/example_datasets.py
[2023-06-14T16:08:44.441+0000] {processor.py:826} INFO - Processing file /home/airflow/.local/lib/python3.7/site-packages/airflow/example_dags/example_datasets.py for tasks to queue
[2023-06-14T16:08:44.442+0000] {logging_mixin.py:149} INFO - [2023-06-14T16:08:44.442+0000] {dagbag.py:541} INFO - Filling up the DagBag from /home/airflow/.local/lib/python3.7/site-packages/airflow/example_dags/example_datasets.py
[2023-06-14T16:08:44.455+0000] {processor.py:836} INFO - DAG(s) dict_keys(['dataset_consumes_1_never_scheduled', 'dataset_consumes_1', 'dataset_consumes_unknown_never_scheduled', 'dataset_produces_2', 'dataset_consumes_1_and_2', 'dataset_produces_1']) retrieved from /home/airflow/.local/lib/python3.7/site-packages/airflow/example_dags/example_datasets.py
[2023-06-14T16:08:44.502+0000] {logging_mixin.py:149} INFO - [2023-06-14T16:08:44.501+0000] {dag.py:2726} INFO - Sync 6 DAGs
[2023-06-14T16:08:44.534+0000] {logging_mixin.py:149} INFO - [2023-06-14T16:08:44.534+0000] {dag.py:3490} INFO - Setting next_dagrun for dataset_consumes_1 to None, run_after=None
[2023-06-14T16:08:44.538+0000] {logging_mixin.py:149} INFO - [2023-06-14T16:08:44.538+0000] {dag.py:3490} INFO - Setting next_dagrun for dataset_consumes_1_and_2 to None, run_after=None
[2023-06-14T16:08:44.539+0000] {logging_mixin.py:149} INFO - [2023-06-14T16:08:44.539+0000] {dag.py:3490} INFO - Setting next_dagrun for dataset_consumes_1_never_scheduled to None, run_after=None
[2023-06-14T16:08:44.541+0000] {logging_mixin.py:149} INFO - [2023-06-14T16:08:44.540+0000] {dag.py:3490} INFO - Setting next_dagrun for dataset_consumes_unknown_never_scheduled to None, run_after=None
[2023-06-14T16:08:44.544+0000] {logging_mixin.py:149} INFO - [2023-06-14T16:08:44.544+0000] {dag.py:3490} INFO - Setting next_dagrun for dataset_produces_1 to 2023-06-13T00:00:00+00:00, run_after=2023-06-14T00:00:00+00:00
[2023-06-14T16:08:44.546+0000] {logging_mixin.py:149} INFO - [2023-06-14T16:08:44.546+0000] {dag.py:3490} INFO - Setting next_dagrun for dataset_produces_2 to None, run_after=None
[2023-06-14T16:08:44.586+0000] {processor.py:179} INFO - Processing /home/airflow/.local/lib/python3.7/site-packages/airflow/example_dags/example_datasets.py took 0.148 seconds
[2023-06-14T16:09:14.754+0000] {processor.py:157} INFO - Started process (PID=477) to work on /home/airflow/.local/lib/python3.7/site-packages/airflow/example_dags/example_datasets.py
[2023-06-14T16:09:14.755+0000] {processor.py:826} INFO - Processing file /home/airflow/.local/lib/python3.7/site-packages/airflow/example_dags/example_datasets.py for tasks to queue
[2023-06-14T16:09:14.755+0000] {logging_mixin.py:149} INFO - [2023-06-14T16:09:14.755+0000] {dagbag.py:541} INFO - Filling up the DagBag from /home/airflow/.local/lib/python3.7/site-packages/airflow/example_dags/example_datasets.py
[2023-06-14T16:09:14.766+0000] {processor.py:836} INFO - DAG(s) dict_keys(['dataset_consumes_1', 'dataset_consumes_1_never_scheduled', 'dataset_produces_1', 'dataset_produces_2', 'dataset_consumes_unknown_never_scheduled', 'dataset_consumes_1_and_2']) retrieved from /home/airflow/.local/lib/python3.7/site-packages/airflow/example_dags/example_datasets.py
[2023-06-14T16:09:14.810+0000] {logging_mixin.py:149} INFO - [2023-06-14T16:09:14.809+0000] {dag.py:2726} INFO - Sync 6 DAGs
[2023-06-14T16:09:14.839+0000] {logging_mixin.py:149} INFO - [2023-06-14T16:09:14.839+0000] {dag.py:3490} INFO - Setting next_dagrun for dataset_consumes_1 to None, run_after=None
[2023-06-14T16:09:14.842+0000] {logging_mixin.py:149} INFO - [2023-06-14T16:09:14.842+0000] {dag.py:3490} INFO - Setting next_dagrun for dataset_consumes_1_and_2 to None, run_after=None
[2023-06-14T16:09:14.844+0000] {logging_mixin.py:149} INFO - [2023-06-14T16:09:14.844+0000] {dag.py:3490} INFO - Setting next_dagrun for dataset_consumes_1_never_scheduled to None, run_after=None
[2023-06-14T16:09:14.845+0000] {logging_mixin.py:149} INFO - [2023-06-14T16:09:14.845+0000] {dag.py:3490} INFO - Setting next_dagrun for dataset_consumes_unknown_never_scheduled to None, run_after=None
[2023-06-14T16:09:14.848+0000] {logging_mixin.py:149} INFO - [2023-06-14T16:09:14.847+0000] {dag.py:3490} INFO - Setting next_dagrun for dataset_produces_1 to 2023-06-13T00:00:00+00:00, run_after=2023-06-14T00:00:00+00:00
[2023-06-14T16:09:14.849+0000] {logging_mixin.py:149} INFO - [2023-06-14T16:09:14.849+0000] {dag.py:3490} INFO - Setting next_dagrun for dataset_produces_2 to None, run_after=None
[2023-06-14T16:09:14.887+0000] {processor.py:179} INFO - Processing /home/airflow/.local/lib/python3.7/site-packages/airflow/example_dags/example_datasets.py took 0.136 seconds
