[2023-06-14T16:06:12.897+0000] {processor.py:157} INFO - Started process (PID=80) to work on /home/airflow/.local/lib/python3.7/site-packages/airflow/example_dags/example_latest_only_with_trigger.py
[2023-06-14T16:06:12.898+0000] {processor.py:826} INFO - Processing file /home/airflow/.local/lib/python3.7/site-packages/airflow/example_dags/example_latest_only_with_trigger.py for tasks to queue
[2023-06-14T16:06:12.899+0000] {logging_mixin.py:149} INFO - [2023-06-14T16:06:12.899+0000] {dagbag.py:541} INFO - Filling up the DagBag from /home/airflow/.local/lib/python3.7/site-packages/airflow/example_dags/example_latest_only_with_trigger.py
[2023-06-14T16:06:12.905+0000] {processor.py:836} INFO - DAG(s) dict_keys(['latest_only_with_trigger']) retrieved from /home/airflow/.local/lib/python3.7/site-packages/airflow/example_dags/example_latest_only_with_trigger.py
[2023-06-14T16:06:12.928+0000] {logging_mixin.py:149} INFO - [2023-06-14T16:06:12.928+0000] {dag.py:2726} INFO - Sync 1 DAGs
[2023-06-14T16:06:12.955+0000] {logging_mixin.py:149} INFO - [2023-06-14T16:06:12.955+0000] {dag.py:3490} INFO - Setting next_dagrun for latest_only_with_trigger to 2023-06-14T12:06:12.955066+00:00, run_after=2023-06-14T16:06:12.955066+00:00
[2023-06-14T16:06:12.976+0000] {processor.py:179} INFO - Processing /home/airflow/.local/lib/python3.7/site-packages/airflow/example_dags/example_latest_only_with_trigger.py took 0.082 seconds
[2023-06-14T16:06:43.809+0000] {processor.py:157} INFO - Started process (PID=157) to work on /home/airflow/.local/lib/python3.7/site-packages/airflow/example_dags/example_latest_only_with_trigger.py
[2023-06-14T16:06:43.814+0000] {processor.py:826} INFO - Processing file /home/airflow/.local/lib/python3.7/site-packages/airflow/example_dags/example_latest_only_with_trigger.py for tasks to queue
[2023-06-14T16:06:43.814+0000] {logging_mixin.py:149} INFO - [2023-06-14T16:06:43.814+0000] {dagbag.py:541} INFO - Filling up the DagBag from /home/airflow/.local/lib/python3.7/site-packages/airflow/example_dags/example_latest_only_with_trigger.py
[2023-06-14T16:06:43.819+0000] {processor.py:836} INFO - DAG(s) dict_keys(['latest_only_with_trigger']) retrieved from /home/airflow/.local/lib/python3.7/site-packages/airflow/example_dags/example_latest_only_with_trigger.py
[2023-06-14T16:06:43.844+0000] {logging_mixin.py:149} INFO - [2023-06-14T16:06:43.844+0000] {dag.py:2726} INFO - Sync 1 DAGs
[2023-06-14T16:06:43.880+0000] {logging_mixin.py:149} INFO - [2023-06-14T16:06:43.880+0000] {dag.py:3490} INFO - Setting next_dagrun for latest_only_with_trigger to 2023-06-14T12:06:43.880031+00:00, run_after=2023-06-14T16:06:43.880031+00:00
[2023-06-14T16:06:44.012+0000] {processor.py:179} INFO - Processing /home/airflow/.local/lib/python3.7/site-packages/airflow/example_dags/example_latest_only_with_trigger.py took 0.206 seconds
[2023-06-14T16:07:15.077+0000] {processor.py:157} INFO - Started process (PID=234) to work on /home/airflow/.local/lib/python3.7/site-packages/airflow/example_dags/example_latest_only_with_trigger.py
[2023-06-14T16:07:15.078+0000] {processor.py:826} INFO - Processing file /home/airflow/.local/lib/python3.7/site-packages/airflow/example_dags/example_latest_only_with_trigger.py for tasks to queue
[2023-06-14T16:07:15.079+0000] {logging_mixin.py:149} INFO - [2023-06-14T16:07:15.079+0000] {dagbag.py:541} INFO - Filling up the DagBag from /home/airflow/.local/lib/python3.7/site-packages/airflow/example_dags/example_latest_only_with_trigger.py
[2023-06-14T16:07:15.084+0000] {processor.py:836} INFO - DAG(s) dict_keys(['latest_only_with_trigger']) retrieved from /home/airflow/.local/lib/python3.7/site-packages/airflow/example_dags/example_latest_only_with_trigger.py
[2023-06-14T16:07:15.202+0000] {logging_mixin.py:149} INFO - [2023-06-14T16:07:15.202+0000] {dag.py:2726} INFO - Sync 1 DAGs
[2023-06-14T16:07:15.232+0000] {logging_mixin.py:149} INFO - [2023-06-14T16:07:15.232+0000] {dag.py:3490} INFO - Setting next_dagrun for latest_only_with_trigger to 2023-06-14T12:07:15.232031+00:00, run_after=2023-06-14T16:07:15.232031+00:00
[2023-06-14T16:07:15.256+0000] {processor.py:179} INFO - Processing /home/airflow/.local/lib/python3.7/site-packages/airflow/example_dags/example_latest_only_with_trigger.py took 0.181 seconds
[2023-06-14T16:07:45.730+0000] {processor.py:157} INFO - Started process (PID=311) to work on /home/airflow/.local/lib/python3.7/site-packages/airflow/example_dags/example_latest_only_with_trigger.py
[2023-06-14T16:07:45.730+0000] {processor.py:826} INFO - Processing file /home/airflow/.local/lib/python3.7/site-packages/airflow/example_dags/example_latest_only_with_trigger.py for tasks to queue
[2023-06-14T16:07:45.731+0000] {logging_mixin.py:149} INFO - [2023-06-14T16:07:45.731+0000] {dagbag.py:541} INFO - Filling up the DagBag from /home/airflow/.local/lib/python3.7/site-packages/airflow/example_dags/example_latest_only_with_trigger.py
[2023-06-14T16:07:45.737+0000] {processor.py:836} INFO - DAG(s) dict_keys(['latest_only_with_trigger']) retrieved from /home/airflow/.local/lib/python3.7/site-packages/airflow/example_dags/example_latest_only_with_trigger.py
[2023-06-14T16:07:45.759+0000] {logging_mixin.py:149} INFO - [2023-06-14T16:07:45.759+0000] {dag.py:2726} INFO - Sync 1 DAGs
[2023-06-14T16:07:45.783+0000] {logging_mixin.py:149} INFO - [2023-06-14T16:07:45.783+0000] {dag.py:3490} INFO - Setting next_dagrun for latest_only_with_trigger to 2023-06-14T12:07:45.782836+00:00, run_after=2023-06-14T16:07:45.782836+00:00
[2023-06-14T16:07:45.799+0000] {processor.py:179} INFO - Processing /home/airflow/.local/lib/python3.7/site-packages/airflow/example_dags/example_latest_only_with_trigger.py took 0.072 seconds
[2023-06-14T16:08:16.686+0000] {processor.py:157} INFO - Started process (PID=375) to work on /home/airflow/.local/lib/python3.7/site-packages/airflow/example_dags/example_latest_only_with_trigger.py
[2023-06-14T16:08:16.687+0000] {processor.py:826} INFO - Processing file /home/airflow/.local/lib/python3.7/site-packages/airflow/example_dags/example_latest_only_with_trigger.py for tasks to queue
[2023-06-14T16:08:16.687+0000] {logging_mixin.py:149} INFO - [2023-06-14T16:08:16.687+0000] {dagbag.py:541} INFO - Filling up the DagBag from /home/airflow/.local/lib/python3.7/site-packages/airflow/example_dags/example_latest_only_with_trigger.py
[2023-06-14T16:08:16.693+0000] {processor.py:836} INFO - DAG(s) dict_keys(['latest_only_with_trigger']) retrieved from /home/airflow/.local/lib/python3.7/site-packages/airflow/example_dags/example_latest_only_with_trigger.py
[2023-06-14T16:08:16.720+0000] {logging_mixin.py:149} INFO - [2023-06-14T16:08:16.720+0000] {dag.py:2726} INFO - Sync 1 DAGs
[2023-06-14T16:08:16.753+0000] {logging_mixin.py:149} INFO - [2023-06-14T16:08:16.753+0000] {dag.py:3490} INFO - Setting next_dagrun for latest_only_with_trigger to 2023-06-14T12:08:16.752778+00:00, run_after=2023-06-14T16:08:16.752778+00:00
[2023-06-14T16:08:16.776+0000] {processor.py:179} INFO - Processing /home/airflow/.local/lib/python3.7/site-packages/airflow/example_dags/example_latest_only_with_trigger.py took 0.093 seconds
[2023-06-14T16:08:46.983+0000] {processor.py:157} INFO - Started process (PID=439) to work on /home/airflow/.local/lib/python3.7/site-packages/airflow/example_dags/example_latest_only_with_trigger.py
[2023-06-14T16:08:46.984+0000] {processor.py:826} INFO - Processing file /home/airflow/.local/lib/python3.7/site-packages/airflow/example_dags/example_latest_only_with_trigger.py for tasks to queue
[2023-06-14T16:08:46.985+0000] {logging_mixin.py:149} INFO - [2023-06-14T16:08:46.984+0000] {dagbag.py:541} INFO - Filling up the DagBag from /home/airflow/.local/lib/python3.7/site-packages/airflow/example_dags/example_latest_only_with_trigger.py
[2023-06-14T16:08:46.989+0000] {processor.py:836} INFO - DAG(s) dict_keys(['latest_only_with_trigger']) retrieved from /home/airflow/.local/lib/python3.7/site-packages/airflow/example_dags/example_latest_only_with_trigger.py
[2023-06-14T16:08:47.010+0000] {logging_mixin.py:149} INFO - [2023-06-14T16:08:47.010+0000] {dag.py:2726} INFO - Sync 1 DAGs
[2023-06-14T16:08:47.037+0000] {logging_mixin.py:149} INFO - [2023-06-14T16:08:47.036+0000] {dag.py:3490} INFO - Setting next_dagrun for latest_only_with_trigger to 2023-06-14T12:08:47.036672+00:00, run_after=2023-06-14T16:08:47.036672+00:00
[2023-06-14T16:08:47.055+0000] {processor.py:179} INFO - Processing /home/airflow/.local/lib/python3.7/site-packages/airflow/example_dags/example_latest_only_with_trigger.py took 0.074 seconds
[2023-06-14T16:09:17.182+0000] {processor.py:157} INFO - Started process (PID=503) to work on /home/airflow/.local/lib/python3.7/site-packages/airflow/example_dags/example_latest_only_with_trigger.py
[2023-06-14T16:09:17.183+0000] {processor.py:826} INFO - Processing file /home/airflow/.local/lib/python3.7/site-packages/airflow/example_dags/example_latest_only_with_trigger.py for tasks to queue
[2023-06-14T16:09:17.184+0000] {logging_mixin.py:149} INFO - [2023-06-14T16:09:17.184+0000] {dagbag.py:541} INFO - Filling up the DagBag from /home/airflow/.local/lib/python3.7/site-packages/airflow/example_dags/example_latest_only_with_trigger.py
[2023-06-14T16:09:17.189+0000] {processor.py:836} INFO - DAG(s) dict_keys(['latest_only_with_trigger']) retrieved from /home/airflow/.local/lib/python3.7/site-packages/airflow/example_dags/example_latest_only_with_trigger.py
[2023-06-14T16:09:17.211+0000] {logging_mixin.py:149} INFO - [2023-06-14T16:09:17.211+0000] {dag.py:2726} INFO - Sync 1 DAGs
[2023-06-14T16:09:17.236+0000] {logging_mixin.py:149} INFO - [2023-06-14T16:09:17.235+0000] {dag.py:3490} INFO - Setting next_dagrun for latest_only_with_trigger to 2023-06-14T12:09:17.235523+00:00, run_after=2023-06-14T16:09:17.235523+00:00
[2023-06-14T16:09:17.252+0000] {processor.py:179} INFO - Processing /home/airflow/.local/lib/python3.7/site-packages/airflow/example_dags/example_latest_only_with_trigger.py took 0.073 seconds
