[2023-06-14T16:06:13.119+0000] {processor.py:157} INFO - Started process (PID=83) to work on /home/airflow/.local/lib/python3.7/site-packages/airflow/example_dags/example_external_task_marker_dag.py
[2023-06-14T16:06:13.120+0000] {processor.py:826} INFO - Processing file /home/airflow/.local/lib/python3.7/site-packages/airflow/example_dags/example_external_task_marker_dag.py for tasks to queue
[2023-06-14T16:06:13.121+0000] {logging_mixin.py:149} INFO - [2023-06-14T16:06:13.121+0000] {dagbag.py:541} INFO - Filling up the DagBag from /home/airflow/.local/lib/python3.7/site-packages/airflow/example_dags/example_external_task_marker_dag.py
[2023-06-14T16:06:13.128+0000] {processor.py:836} INFO - DAG(s) dict_keys(['example_external_task_marker_parent', 'example_external_task_marker_child']) retrieved from /home/airflow/.local/lib/python3.7/site-packages/airflow/example_dags/example_external_task_marker_dag.py
[2023-06-14T16:06:13.192+0000] {logging_mixin.py:149} INFO - [2023-06-14T16:06:13.191+0000] {dag.py:2726} INFO - Sync 2 DAGs
[2023-06-14T16:06:13.220+0000] {logging_mixin.py:149} INFO - [2023-06-14T16:06:13.220+0000] {dag.py:3490} INFO - Setting next_dagrun for example_external_task_marker_child to None, run_after=None
[2023-06-14T16:06:13.224+0000] {logging_mixin.py:149} INFO - [2023-06-14T16:06:13.224+0000] {dag.py:3490} INFO - Setting next_dagrun for example_external_task_marker_parent to None, run_after=None
[2023-06-14T16:06:13.245+0000] {processor.py:179} INFO - Processing /home/airflow/.local/lib/python3.7/site-packages/airflow/example_dags/example_external_task_marker_dag.py took 0.128 seconds
[2023-06-14T16:06:44.252+0000] {processor.py:157} INFO - Started process (PID=160) to work on /home/airflow/.local/lib/python3.7/site-packages/airflow/example_dags/example_external_task_marker_dag.py
[2023-06-14T16:06:44.254+0000] {processor.py:826} INFO - Processing file /home/airflow/.local/lib/python3.7/site-packages/airflow/example_dags/example_external_task_marker_dag.py for tasks to queue
[2023-06-14T16:06:44.255+0000] {logging_mixin.py:149} INFO - [2023-06-14T16:06:44.255+0000] {dagbag.py:541} INFO - Filling up the DagBag from /home/airflow/.local/lib/python3.7/site-packages/airflow/example_dags/example_external_task_marker_dag.py
[2023-06-14T16:06:44.259+0000] {processor.py:836} INFO - DAG(s) dict_keys(['example_external_task_marker_child', 'example_external_task_marker_parent']) retrieved from /home/airflow/.local/lib/python3.7/site-packages/airflow/example_dags/example_external_task_marker_dag.py
[2023-06-14T16:06:44.286+0000] {logging_mixin.py:149} INFO - [2023-06-14T16:06:44.286+0000] {dag.py:2726} INFO - Sync 2 DAGs
[2023-06-14T16:06:44.311+0000] {logging_mixin.py:149} INFO - [2023-06-14T16:06:44.311+0000] {dag.py:3490} INFO - Setting next_dagrun for example_external_task_marker_child to None, run_after=None
[2023-06-14T16:06:44.315+0000] {logging_mixin.py:149} INFO - [2023-06-14T16:06:44.315+0000] {dag.py:3490} INFO - Setting next_dagrun for example_external_task_marker_parent to None, run_after=None
[2023-06-14T16:06:44.434+0000] {processor.py:179} INFO - Processing /home/airflow/.local/lib/python3.7/site-packages/airflow/example_dags/example_external_task_marker_dag.py took 0.184 seconds
[2023-06-14T16:07:15.440+0000] {processor.py:157} INFO - Started process (PID=237) to work on /home/airflow/.local/lib/python3.7/site-packages/airflow/example_dags/example_external_task_marker_dag.py
[2023-06-14T16:07:15.441+0000] {processor.py:826} INFO - Processing file /home/airflow/.local/lib/python3.7/site-packages/airflow/example_dags/example_external_task_marker_dag.py for tasks to queue
[2023-06-14T16:07:15.442+0000] {logging_mixin.py:149} INFO - [2023-06-14T16:07:15.442+0000] {dagbag.py:541} INFO - Filling up the DagBag from /home/airflow/.local/lib/python3.7/site-packages/airflow/example_dags/example_external_task_marker_dag.py
[2023-06-14T16:07:15.447+0000] {processor.py:836} INFO - DAG(s) dict_keys(['example_external_task_marker_child', 'example_external_task_marker_parent']) retrieved from /home/airflow/.local/lib/python3.7/site-packages/airflow/example_dags/example_external_task_marker_dag.py
[2023-06-14T16:07:15.600+0000] {logging_mixin.py:149} INFO - [2023-06-14T16:07:15.599+0000] {dag.py:2726} INFO - Sync 2 DAGs
[2023-06-14T16:07:15.630+0000] {logging_mixin.py:149} INFO - [2023-06-14T16:07:15.630+0000] {dag.py:3490} INFO - Setting next_dagrun for example_external_task_marker_child to None, run_after=None
[2023-06-14T16:07:15.635+0000] {logging_mixin.py:149} INFO - [2023-06-14T16:07:15.635+0000] {dag.py:3490} INFO - Setting next_dagrun for example_external_task_marker_parent to None, run_after=None
[2023-06-14T16:07:15.657+0000] {processor.py:179} INFO - Processing /home/airflow/.local/lib/python3.7/site-packages/airflow/example_dags/example_external_task_marker_dag.py took 0.219 seconds
[2023-06-14T16:07:45.841+0000] {processor.py:157} INFO - Started process (PID=314) to work on /home/airflow/.local/lib/python3.7/site-packages/airflow/example_dags/example_external_task_marker_dag.py
[2023-06-14T16:07:45.842+0000] {processor.py:826} INFO - Processing file /home/airflow/.local/lib/python3.7/site-packages/airflow/example_dags/example_external_task_marker_dag.py for tasks to queue
[2023-06-14T16:07:45.843+0000] {logging_mixin.py:149} INFO - [2023-06-14T16:07:45.842+0000] {dagbag.py:541} INFO - Filling up the DagBag from /home/airflow/.local/lib/python3.7/site-packages/airflow/example_dags/example_external_task_marker_dag.py
[2023-06-14T16:07:45.847+0000] {processor.py:836} INFO - DAG(s) dict_keys(['example_external_task_marker_child', 'example_external_task_marker_parent']) retrieved from /home/airflow/.local/lib/python3.7/site-packages/airflow/example_dags/example_external_task_marker_dag.py
[2023-06-14T16:07:45.873+0000] {logging_mixin.py:149} INFO - [2023-06-14T16:07:45.873+0000] {dag.py:2726} INFO - Sync 2 DAGs
[2023-06-14T16:07:45.902+0000] {logging_mixin.py:149} INFO - [2023-06-14T16:07:45.902+0000] {dag.py:3490} INFO - Setting next_dagrun for example_external_task_marker_child to None, run_after=None
[2023-06-14T16:07:45.905+0000] {logging_mixin.py:149} INFO - [2023-06-14T16:07:45.905+0000] {dag.py:3490} INFO - Setting next_dagrun for example_external_task_marker_parent to None, run_after=None
[2023-06-14T16:07:45.923+0000] {processor.py:179} INFO - Processing /home/airflow/.local/lib/python3.7/site-packages/airflow/example_dags/example_external_task_marker_dag.py took 0.084 seconds
[2023-06-14T16:08:16.843+0000] {processor.py:157} INFO - Started process (PID=378) to work on /home/airflow/.local/lib/python3.7/site-packages/airflow/example_dags/example_external_task_marker_dag.py
[2023-06-14T16:08:16.844+0000] {processor.py:826} INFO - Processing file /home/airflow/.local/lib/python3.7/site-packages/airflow/example_dags/example_external_task_marker_dag.py for tasks to queue
[2023-06-14T16:08:16.845+0000] {logging_mixin.py:149} INFO - [2023-06-14T16:08:16.844+0000] {dagbag.py:541} INFO - Filling up the DagBag from /home/airflow/.local/lib/python3.7/site-packages/airflow/example_dags/example_external_task_marker_dag.py
[2023-06-14T16:08:16.850+0000] {processor.py:836} INFO - DAG(s) dict_keys(['example_external_task_marker_parent', 'example_external_task_marker_child']) retrieved from /home/airflow/.local/lib/python3.7/site-packages/airflow/example_dags/example_external_task_marker_dag.py
[2023-06-14T16:08:16.879+0000] {logging_mixin.py:149} INFO - [2023-06-14T16:08:16.879+0000] {dag.py:2726} INFO - Sync 2 DAGs
[2023-06-14T16:08:16.908+0000] {logging_mixin.py:149} INFO - [2023-06-14T16:08:16.908+0000] {dag.py:3490} INFO - Setting next_dagrun for example_external_task_marker_child to None, run_after=None
[2023-06-14T16:08:16.912+0000] {logging_mixin.py:149} INFO - [2023-06-14T16:08:16.912+0000] {dag.py:3490} INFO - Setting next_dagrun for example_external_task_marker_parent to None, run_after=None
[2023-06-14T16:08:16.933+0000] {processor.py:179} INFO - Processing /home/airflow/.local/lib/python3.7/site-packages/airflow/example_dags/example_external_task_marker_dag.py took 0.093 seconds
[2023-06-14T16:08:47.119+0000] {processor.py:157} INFO - Started process (PID=442) to work on /home/airflow/.local/lib/python3.7/site-packages/airflow/example_dags/example_external_task_marker_dag.py
[2023-06-14T16:08:47.120+0000] {processor.py:826} INFO - Processing file /home/airflow/.local/lib/python3.7/site-packages/airflow/example_dags/example_external_task_marker_dag.py for tasks to queue
[2023-06-14T16:08:47.121+0000] {logging_mixin.py:149} INFO - [2023-06-14T16:08:47.121+0000] {dagbag.py:541} INFO - Filling up the DagBag from /home/airflow/.local/lib/python3.7/site-packages/airflow/example_dags/example_external_task_marker_dag.py
[2023-06-14T16:08:47.126+0000] {processor.py:836} INFO - DAG(s) dict_keys(['example_external_task_marker_parent', 'example_external_task_marker_child']) retrieved from /home/airflow/.local/lib/python3.7/site-packages/airflow/example_dags/example_external_task_marker_dag.py
[2023-06-14T16:08:47.149+0000] {logging_mixin.py:149} INFO - [2023-06-14T16:08:47.148+0000] {dag.py:2726} INFO - Sync 2 DAGs
[2023-06-14T16:08:47.171+0000] {logging_mixin.py:149} INFO - [2023-06-14T16:08:47.171+0000] {dag.py:3490} INFO - Setting next_dagrun for example_external_task_marker_child to None, run_after=None
[2023-06-14T16:08:47.175+0000] {logging_mixin.py:149} INFO - [2023-06-14T16:08:47.175+0000] {dag.py:3490} INFO - Setting next_dagrun for example_external_task_marker_parent to None, run_after=None
[2023-06-14T16:08:47.193+0000] {processor.py:179} INFO - Processing /home/airflow/.local/lib/python3.7/site-packages/airflow/example_dags/example_external_task_marker_dag.py took 0.076 seconds
[2023-06-14T16:09:17.388+0000] {processor.py:157} INFO - Started process (PID=506) to work on /home/airflow/.local/lib/python3.7/site-packages/airflow/example_dags/example_external_task_marker_dag.py
[2023-06-14T16:09:17.389+0000] {processor.py:826} INFO - Processing file /home/airflow/.local/lib/python3.7/site-packages/airflow/example_dags/example_external_task_marker_dag.py for tasks to queue
[2023-06-14T16:09:17.389+0000] {logging_mixin.py:149} INFO - [2023-06-14T16:09:17.389+0000] {dagbag.py:541} INFO - Filling up the DagBag from /home/airflow/.local/lib/python3.7/site-packages/airflow/example_dags/example_external_task_marker_dag.py
[2023-06-14T16:09:17.394+0000] {processor.py:836} INFO - DAG(s) dict_keys(['example_external_task_marker_child', 'example_external_task_marker_parent']) retrieved from /home/airflow/.local/lib/python3.7/site-packages/airflow/example_dags/example_external_task_marker_dag.py
[2023-06-14T16:09:17.416+0000] {logging_mixin.py:149} INFO - [2023-06-14T16:09:17.416+0000] {dag.py:2726} INFO - Sync 2 DAGs
[2023-06-14T16:09:17.439+0000] {logging_mixin.py:149} INFO - [2023-06-14T16:09:17.439+0000] {dag.py:3490} INFO - Setting next_dagrun for example_external_task_marker_child to None, run_after=None
[2023-06-14T16:09:17.442+0000] {logging_mixin.py:149} INFO - [2023-06-14T16:09:17.442+0000] {dag.py:3490} INFO - Setting next_dagrun for example_external_task_marker_parent to None, run_after=None
[2023-06-14T16:09:17.457+0000] {processor.py:179} INFO - Processing /home/airflow/.local/lib/python3.7/site-packages/airflow/example_dags/example_external_task_marker_dag.py took 0.071 seconds
