[2023-06-14T16:06:11.241+0000] {processor.py:157} INFO - Started process (PID=57) to work on /home/airflow/.local/lib/python3.7/site-packages/airflow/example_dags/example_sensors.py
[2023-06-14T16:06:11.242+0000] {processor.py:826} INFO - Processing file /home/airflow/.local/lib/python3.7/site-packages/airflow/example_dags/example_sensors.py for tasks to queue
[2023-06-14T16:06:11.243+0000] {logging_mixin.py:149} INFO - [2023-06-14T16:06:11.242+0000] {dagbag.py:541} INFO - Filling up the DagBag from /home/airflow/.local/lib/python3.7/site-packages/airflow/example_dags/example_sensors.py
[2023-06-14T16:06:11.255+0000] {processor.py:836} INFO - DAG(s) dict_keys(['example_sensors']) retrieved from /home/airflow/.local/lib/python3.7/site-packages/airflow/example_dags/example_sensors.py
[2023-06-14T16:06:11.308+0000] {logging_mixin.py:149} INFO - [2023-06-14T16:06:11.307+0000] {dag.py:2726} INFO - Sync 1 DAGs
[2023-06-14T16:06:11.352+0000] {logging_mixin.py:149} INFO - [2023-06-14T16:06:11.352+0000] {dag.py:3490} INFO - Setting next_dagrun for example_sensors to None, run_after=None
[2023-06-14T16:06:11.377+0000] {processor.py:179} INFO - Processing /home/airflow/.local/lib/python3.7/site-packages/airflow/example_dags/example_sensors.py took 0.139 seconds
[2023-06-14T16:06:41.808+0000] {processor.py:157} INFO - Started process (PID=134) to work on /home/airflow/.local/lib/python3.7/site-packages/airflow/example_dags/example_sensors.py
[2023-06-14T16:06:41.810+0000] {processor.py:826} INFO - Processing file /home/airflow/.local/lib/python3.7/site-packages/airflow/example_dags/example_sensors.py for tasks to queue
[2023-06-14T16:06:41.811+0000] {logging_mixin.py:149} INFO - [2023-06-14T16:06:41.811+0000] {dagbag.py:541} INFO - Filling up the DagBag from /home/airflow/.local/lib/python3.7/site-packages/airflow/example_dags/example_sensors.py
[2023-06-14T16:06:41.821+0000] {processor.py:836} INFO - DAG(s) dict_keys(['example_sensors']) retrieved from /home/airflow/.local/lib/python3.7/site-packages/airflow/example_dags/example_sensors.py
[2023-06-14T16:06:41.851+0000] {logging_mixin.py:149} INFO - [2023-06-14T16:06:41.851+0000] {dag.py:2726} INFO - Sync 1 DAGs
[2023-06-14T16:06:41.883+0000] {logging_mixin.py:149} INFO - [2023-06-14T16:06:41.883+0000] {dag.py:3490} INFO - Setting next_dagrun for example_sensors to None, run_after=None
[2023-06-14T16:06:41.911+0000] {processor.py:179} INFO - Processing /home/airflow/.local/lib/python3.7/site-packages/airflow/example_dags/example_sensors.py took 0.112 seconds
[2023-06-14T16:07:12.642+0000] {processor.py:157} INFO - Started process (PID=211) to work on /home/airflow/.local/lib/python3.7/site-packages/airflow/example_dags/example_sensors.py
[2023-06-14T16:07:12.642+0000] {processor.py:826} INFO - Processing file /home/airflow/.local/lib/python3.7/site-packages/airflow/example_dags/example_sensors.py for tasks to queue
[2023-06-14T16:07:12.643+0000] {logging_mixin.py:149} INFO - [2023-06-14T16:07:12.643+0000] {dagbag.py:541} INFO - Filling up the DagBag from /home/airflow/.local/lib/python3.7/site-packages/airflow/example_dags/example_sensors.py
[2023-06-14T16:07:12.651+0000] {processor.py:836} INFO - DAG(s) dict_keys(['example_sensors']) retrieved from /home/airflow/.local/lib/python3.7/site-packages/airflow/example_dags/example_sensors.py
[2023-06-14T16:07:12.677+0000] {logging_mixin.py:149} INFO - [2023-06-14T16:07:12.677+0000] {dag.py:2726} INFO - Sync 1 DAGs
[2023-06-14T16:07:12.814+0000] {logging_mixin.py:149} INFO - [2023-06-14T16:07:12.814+0000] {dag.py:3490} INFO - Setting next_dagrun for example_sensors to None, run_after=None
[2023-06-14T16:07:12.832+0000] {processor.py:179} INFO - Processing /home/airflow/.local/lib/python3.7/site-packages/airflow/example_dags/example_sensors.py took 0.193 seconds
[2023-06-14T16:07:43.489+0000] {processor.py:157} INFO - Started process (PID=288) to work on /home/airflow/.local/lib/python3.7/site-packages/airflow/example_dags/example_sensors.py
[2023-06-14T16:07:43.490+0000] {processor.py:826} INFO - Processing file /home/airflow/.local/lib/python3.7/site-packages/airflow/example_dags/example_sensors.py for tasks to queue
[2023-06-14T16:07:43.490+0000] {logging_mixin.py:149} INFO - [2023-06-14T16:07:43.490+0000] {dagbag.py:541} INFO - Filling up the DagBag from /home/airflow/.local/lib/python3.7/site-packages/airflow/example_dags/example_sensors.py
[2023-06-14T16:07:43.498+0000] {processor.py:836} INFO - DAG(s) dict_keys(['example_sensors']) retrieved from /home/airflow/.local/lib/python3.7/site-packages/airflow/example_dags/example_sensors.py
[2023-06-14T16:07:43.528+0000] {logging_mixin.py:149} INFO - [2023-06-14T16:07:43.528+0000] {dag.py:2726} INFO - Sync 1 DAGs
[2023-06-14T16:07:43.560+0000] {logging_mixin.py:149} INFO - [2023-06-14T16:07:43.560+0000] {dag.py:3490} INFO - Setting next_dagrun for example_sensors to None, run_after=None
[2023-06-14T16:07:43.579+0000] {processor.py:179} INFO - Processing /home/airflow/.local/lib/python3.7/site-packages/airflow/example_dags/example_sensors.py took 0.092 seconds
[2023-06-14T16:08:14.316+0000] {processor.py:157} INFO - Started process (PID=352) to work on /home/airflow/.local/lib/python3.7/site-packages/airflow/example_dags/example_sensors.py
[2023-06-14T16:08:14.317+0000] {processor.py:826} INFO - Processing file /home/airflow/.local/lib/python3.7/site-packages/airflow/example_dags/example_sensors.py for tasks to queue
[2023-06-14T16:08:14.317+0000] {logging_mixin.py:149} INFO - [2023-06-14T16:08:14.317+0000] {dagbag.py:541} INFO - Filling up the DagBag from /home/airflow/.local/lib/python3.7/site-packages/airflow/example_dags/example_sensors.py
[2023-06-14T16:08:14.326+0000] {processor.py:836} INFO - DAG(s) dict_keys(['example_sensors']) retrieved from /home/airflow/.local/lib/python3.7/site-packages/airflow/example_dags/example_sensors.py
[2023-06-14T16:08:14.351+0000] {logging_mixin.py:149} INFO - [2023-06-14T16:08:14.351+0000] {dag.py:2726} INFO - Sync 1 DAGs
[2023-06-14T16:08:14.378+0000] {logging_mixin.py:149} INFO - [2023-06-14T16:08:14.378+0000] {dag.py:3490} INFO - Setting next_dagrun for example_sensors to None, run_after=None
[2023-06-14T16:08:14.397+0000] {processor.py:179} INFO - Processing /home/airflow/.local/lib/python3.7/site-packages/airflow/example_dags/example_sensors.py took 0.084 seconds
[2023-06-14T16:08:44.633+0000] {processor.py:157} INFO - Started process (PID=416) to work on /home/airflow/.local/lib/python3.7/site-packages/airflow/example_dags/example_sensors.py
[2023-06-14T16:08:44.634+0000] {processor.py:826} INFO - Processing file /home/airflow/.local/lib/python3.7/site-packages/airflow/example_dags/example_sensors.py for tasks to queue
[2023-06-14T16:08:44.635+0000] {logging_mixin.py:149} INFO - [2023-06-14T16:08:44.635+0000] {dagbag.py:541} INFO - Filling up the DagBag from /home/airflow/.local/lib/python3.7/site-packages/airflow/example_dags/example_sensors.py
[2023-06-14T16:08:44.644+0000] {processor.py:836} INFO - DAG(s) dict_keys(['example_sensors']) retrieved from /home/airflow/.local/lib/python3.7/site-packages/airflow/example_dags/example_sensors.py
[2023-06-14T16:08:44.672+0000] {logging_mixin.py:149} INFO - [2023-06-14T16:08:44.672+0000] {dag.py:2726} INFO - Sync 1 DAGs
[2023-06-14T16:08:44.697+0000] {logging_mixin.py:149} INFO - [2023-06-14T16:08:44.697+0000] {dag.py:3490} INFO - Setting next_dagrun for example_sensors to None, run_after=None
[2023-06-14T16:08:44.717+0000] {processor.py:179} INFO - Processing /home/airflow/.local/lib/python3.7/site-packages/airflow/example_dags/example_sensors.py took 0.087 seconds
[2023-06-14T16:09:14.931+0000] {processor.py:157} INFO - Started process (PID=480) to work on /home/airflow/.local/lib/python3.7/site-packages/airflow/example_dags/example_sensors.py
[2023-06-14T16:09:14.932+0000] {processor.py:826} INFO - Processing file /home/airflow/.local/lib/python3.7/site-packages/airflow/example_dags/example_sensors.py for tasks to queue
[2023-06-14T16:09:14.933+0000] {logging_mixin.py:149} INFO - [2023-06-14T16:09:14.933+0000] {dagbag.py:541} INFO - Filling up the DagBag from /home/airflow/.local/lib/python3.7/site-packages/airflow/example_dags/example_sensors.py
[2023-06-14T16:09:14.943+0000] {processor.py:836} INFO - DAG(s) dict_keys(['example_sensors']) retrieved from /home/airflow/.local/lib/python3.7/site-packages/airflow/example_dags/example_sensors.py
[2023-06-14T16:09:14.972+0000] {logging_mixin.py:149} INFO - [2023-06-14T16:09:14.972+0000] {dag.py:2726} INFO - Sync 1 DAGs
[2023-06-14T16:09:14.995+0000] {logging_mixin.py:149} INFO - [2023-06-14T16:09:14.995+0000] {dag.py:3490} INFO - Setting next_dagrun for example_sensors to None, run_after=None
[2023-06-14T16:09:15.015+0000] {processor.py:179} INFO - Processing /home/airflow/.local/lib/python3.7/site-packages/airflow/example_dags/example_sensors.py took 0.086 seconds
[2023-06-14T16:09:46.028+0000] {processor.py:157} INFO - Started process (PID=544) to work on /home/airflow/.local/lib/python3.7/site-packages/airflow/example_dags/example_sensors.py
[2023-06-14T16:09:46.028+0000] {processor.py:826} INFO - Processing file /home/airflow/.local/lib/python3.7/site-packages/airflow/example_dags/example_sensors.py for tasks to queue
[2023-06-14T16:09:46.029+0000] {logging_mixin.py:149} INFO - [2023-06-14T16:09:46.029+0000] {dagbag.py:541} INFO - Filling up the DagBag from /home/airflow/.local/lib/python3.7/site-packages/airflow/example_dags/example_sensors.py
[2023-06-14T16:09:46.037+0000] {processor.py:836} INFO - DAG(s) dict_keys(['example_sensors']) retrieved from /home/airflow/.local/lib/python3.7/site-packages/airflow/example_dags/example_sensors.py
[2023-06-14T16:09:46.065+0000] {logging_mixin.py:149} INFO - [2023-06-14T16:09:46.065+0000] {dag.py:2726} INFO - Sync 1 DAGs
[2023-06-14T16:09:46.094+0000] {logging_mixin.py:149} INFO - [2023-06-14T16:09:46.094+0000] {dag.py:3490} INFO - Setting next_dagrun for example_sensors to None, run_after=None
[2023-06-14T16:09:46.115+0000] {processor.py:179} INFO - Processing /home/airflow/.local/lib/python3.7/site-packages/airflow/example_dags/example_sensors.py took 0.090 seconds
[2023-06-14T16:10:16.492+0000] {processor.py:157} INFO - Started process (PID=608) to work on /home/airflow/.local/lib/python3.7/site-packages/airflow/example_dags/example_sensors.py
[2023-06-14T16:10:16.493+0000] {processor.py:826} INFO - Processing file /home/airflow/.local/lib/python3.7/site-packages/airflow/example_dags/example_sensors.py for tasks to queue
[2023-06-14T16:10:16.494+0000] {logging_mixin.py:149} INFO - [2023-06-14T16:10:16.494+0000] {dagbag.py:541} INFO - Filling up the DagBag from /home/airflow/.local/lib/python3.7/site-packages/airflow/example_dags/example_sensors.py
[2023-06-14T16:10:16.505+0000] {processor.py:836} INFO - DAG(s) dict_keys(['example_sensors']) retrieved from /home/airflow/.local/lib/python3.7/site-packages/airflow/example_dags/example_sensors.py
[2023-06-14T16:10:16.533+0000] {logging_mixin.py:149} INFO - [2023-06-14T16:10:16.532+0000] {dag.py:2726} INFO - Sync 1 DAGs
[2023-06-14T16:10:16.560+0000] {logging_mixin.py:149} INFO - [2023-06-14T16:10:16.560+0000] {dag.py:3490} INFO - Setting next_dagrun for example_sensors to None, run_after=None
[2023-06-14T16:10:16.578+0000] {processor.py:179} INFO - Processing /home/airflow/.local/lib/python3.7/site-packages/airflow/example_dags/example_sensors.py took 0.088 seconds
[2023-06-14T16:10:46.914+0000] {processor.py:157} INFO - Started process (PID=672) to work on /home/airflow/.local/lib/python3.7/site-packages/airflow/example_dags/example_sensors.py
[2023-06-14T16:10:46.915+0000] {processor.py:826} INFO - Processing file /home/airflow/.local/lib/python3.7/site-packages/airflow/example_dags/example_sensors.py for tasks to queue
[2023-06-14T16:10:46.916+0000] {logging_mixin.py:149} INFO - [2023-06-14T16:10:46.916+0000] {dagbag.py:541} INFO - Filling up the DagBag from /home/airflow/.local/lib/python3.7/site-packages/airflow/example_dags/example_sensors.py
[2023-06-14T16:10:46.926+0000] {processor.py:836} INFO - DAG(s) dict_keys(['example_sensors']) retrieved from /home/airflow/.local/lib/python3.7/site-packages/airflow/example_dags/example_sensors.py
[2023-06-14T16:10:46.956+0000] {logging_mixin.py:149} INFO - [2023-06-14T16:10:46.956+0000] {dag.py:2726} INFO - Sync 1 DAGs
[2023-06-14T16:10:46.984+0000] {logging_mixin.py:149} INFO - [2023-06-14T16:10:46.984+0000] {dag.py:3490} INFO - Setting next_dagrun for example_sensors to None, run_after=None
[2023-06-14T16:10:47.010+0000] {processor.py:179} INFO - Processing /home/airflow/.local/lib/python3.7/site-packages/airflow/example_dags/example_sensors.py took 0.099 seconds
[2023-06-14T16:11:17.260+0000] {processor.py:157} INFO - Started process (PID=749) to work on /home/airflow/.local/lib/python3.7/site-packages/airflow/example_dags/example_sensors.py
[2023-06-14T16:11:17.261+0000] {processor.py:826} INFO - Processing file /home/airflow/.local/lib/python3.7/site-packages/airflow/example_dags/example_sensors.py for tasks to queue
[2023-06-14T16:11:17.261+0000] {logging_mixin.py:149} INFO - [2023-06-14T16:11:17.261+0000] {dagbag.py:541} INFO - Filling up the DagBag from /home/airflow/.local/lib/python3.7/site-packages/airflow/example_dags/example_sensors.py
[2023-06-14T16:11:17.270+0000] {processor.py:836} INFO - DAG(s) dict_keys(['example_sensors']) retrieved from /home/airflow/.local/lib/python3.7/site-packages/airflow/example_dags/example_sensors.py
[2023-06-14T16:11:17.302+0000] {logging_mixin.py:149} INFO - [2023-06-14T16:11:17.301+0000] {dag.py:2726} INFO - Sync 1 DAGs
[2023-06-14T16:11:17.331+0000] {logging_mixin.py:149} INFO - [2023-06-14T16:11:17.330+0000] {dag.py:3490} INFO - Setting next_dagrun for example_sensors to None, run_after=None
[2023-06-14T16:11:17.350+0000] {processor.py:179} INFO - Processing /home/airflow/.local/lib/python3.7/site-packages/airflow/example_dags/example_sensors.py took 0.093 seconds
[2023-06-14T16:11:47.372+0000] {processor.py:157} INFO - Started process (PID=826) to work on /home/airflow/.local/lib/python3.7/site-packages/airflow/example_dags/example_sensors.py
[2023-06-14T16:11:47.373+0000] {processor.py:826} INFO - Processing file /home/airflow/.local/lib/python3.7/site-packages/airflow/example_dags/example_sensors.py for tasks to queue
[2023-06-14T16:11:47.374+0000] {logging_mixin.py:149} INFO - [2023-06-14T16:11:47.373+0000] {dagbag.py:541} INFO - Filling up the DagBag from /home/airflow/.local/lib/python3.7/site-packages/airflow/example_dags/example_sensors.py
[2023-06-14T16:11:47.384+0000] {processor.py:836} INFO - DAG(s) dict_keys(['example_sensors']) retrieved from /home/airflow/.local/lib/python3.7/site-packages/airflow/example_dags/example_sensors.py
[2023-06-14T16:11:47.420+0000] {logging_mixin.py:149} INFO - [2023-06-14T16:11:47.420+0000] {dag.py:2726} INFO - Sync 1 DAGs
[2023-06-14T16:11:47.448+0000] {logging_mixin.py:149} INFO - [2023-06-14T16:11:47.448+0000] {dag.py:3490} INFO - Setting next_dagrun for example_sensors to None, run_after=None
[2023-06-14T16:11:47.468+0000] {processor.py:179} INFO - Processing /home/airflow/.local/lib/python3.7/site-packages/airflow/example_dags/example_sensors.py took 0.099 seconds
[2023-06-14T16:12:17.752+0000] {processor.py:157} INFO - Started process (PID=903) to work on /home/airflow/.local/lib/python3.7/site-packages/airflow/example_dags/example_sensors.py
[2023-06-14T16:12:17.753+0000] {processor.py:826} INFO - Processing file /home/airflow/.local/lib/python3.7/site-packages/airflow/example_dags/example_sensors.py for tasks to queue
[2023-06-14T16:12:17.754+0000] {logging_mixin.py:149} INFO - [2023-06-14T16:12:17.753+0000] {dagbag.py:541} INFO - Filling up the DagBag from /home/airflow/.local/lib/python3.7/site-packages/airflow/example_dags/example_sensors.py
[2023-06-14T16:12:17.761+0000] {processor.py:836} INFO - DAG(s) dict_keys(['example_sensors']) retrieved from /home/airflow/.local/lib/python3.7/site-packages/airflow/example_dags/example_sensors.py
[2023-06-14T16:12:17.786+0000] {logging_mixin.py:149} INFO - [2023-06-14T16:12:17.786+0000] {dag.py:2726} INFO - Sync 1 DAGs
[2023-06-14T16:12:17.809+0000] {logging_mixin.py:149} INFO - [2023-06-14T16:12:17.809+0000] {dag.py:3490} INFO - Setting next_dagrun for example_sensors to None, run_after=None
[2023-06-14T16:12:17.825+0000] {processor.py:179} INFO - Processing /home/airflow/.local/lib/python3.7/site-packages/airflow/example_dags/example_sensors.py took 0.075 seconds
[2023-06-14T16:12:47.933+0000] {processor.py:157} INFO - Started process (PID=979) to work on /home/airflow/.local/lib/python3.7/site-packages/airflow/example_dags/example_sensors.py
[2023-06-14T16:12:47.933+0000] {processor.py:826} INFO - Processing file /home/airflow/.local/lib/python3.7/site-packages/airflow/example_dags/example_sensors.py for tasks to queue
[2023-06-14T16:12:47.934+0000] {logging_mixin.py:149} INFO - [2023-06-14T16:12:47.934+0000] {dagbag.py:541} INFO - Filling up the DagBag from /home/airflow/.local/lib/python3.7/site-packages/airflow/example_dags/example_sensors.py
[2023-06-14T16:12:47.942+0000] {processor.py:836} INFO - DAG(s) dict_keys(['example_sensors']) retrieved from /home/airflow/.local/lib/python3.7/site-packages/airflow/example_dags/example_sensors.py
[2023-06-14T16:12:47.969+0000] {logging_mixin.py:149} INFO - [2023-06-14T16:12:47.969+0000] {dag.py:2726} INFO - Sync 1 DAGs
[2023-06-14T16:12:47.995+0000] {logging_mixin.py:149} INFO - [2023-06-14T16:12:47.994+0000] {dag.py:3490} INFO - Setting next_dagrun for example_sensors to None, run_after=None
[2023-06-14T16:12:48.015+0000] {processor.py:179} INFO - Processing /home/airflow/.local/lib/python3.7/site-packages/airflow/example_dags/example_sensors.py took 0.085 seconds
[2023-06-14T16:13:18.531+0000] {processor.py:157} INFO - Started process (PID=1057) to work on /home/airflow/.local/lib/python3.7/site-packages/airflow/example_dags/example_sensors.py
[2023-06-14T16:13:18.532+0000] {processor.py:826} INFO - Processing file /home/airflow/.local/lib/python3.7/site-packages/airflow/example_dags/example_sensors.py for tasks to queue
[2023-06-14T16:13:18.533+0000] {logging_mixin.py:149} INFO - [2023-06-14T16:13:18.533+0000] {dagbag.py:541} INFO - Filling up the DagBag from /home/airflow/.local/lib/python3.7/site-packages/airflow/example_dags/example_sensors.py
[2023-06-14T16:13:18.541+0000] {processor.py:836} INFO - DAG(s) dict_keys(['example_sensors']) retrieved from /home/airflow/.local/lib/python3.7/site-packages/airflow/example_dags/example_sensors.py
[2023-06-14T16:13:18.565+0000] {logging_mixin.py:149} INFO - [2023-06-14T16:13:18.565+0000] {dag.py:2726} INFO - Sync 1 DAGs
[2023-06-14T16:13:18.595+0000] {logging_mixin.py:149} INFO - [2023-06-14T16:13:18.595+0000] {dag.py:3490} INFO - Setting next_dagrun for example_sensors to None, run_after=None
[2023-06-14T16:13:18.616+0000] {processor.py:179} INFO - Processing /home/airflow/.local/lib/python3.7/site-packages/airflow/example_dags/example_sensors.py took 0.087 seconds
[2023-06-14T16:13:48.888+0000] {processor.py:157} INFO - Started process (PID=1134) to work on /home/airflow/.local/lib/python3.7/site-packages/airflow/example_dags/example_sensors.py
[2023-06-14T16:13:48.890+0000] {processor.py:826} INFO - Processing file /home/airflow/.local/lib/python3.7/site-packages/airflow/example_dags/example_sensors.py for tasks to queue
[2023-06-14T16:13:48.890+0000] {logging_mixin.py:149} INFO - [2023-06-14T16:13:48.890+0000] {dagbag.py:541} INFO - Filling up the DagBag from /home/airflow/.local/lib/python3.7/site-packages/airflow/example_dags/example_sensors.py
[2023-06-14T16:13:48.899+0000] {processor.py:836} INFO - DAG(s) dict_keys(['example_sensors']) retrieved from /home/airflow/.local/lib/python3.7/site-packages/airflow/example_dags/example_sensors.py
[2023-06-14T16:13:48.926+0000] {logging_mixin.py:149} INFO - [2023-06-14T16:13:48.926+0000] {dag.py:2726} INFO - Sync 1 DAGs
[2023-06-14T16:13:48.953+0000] {logging_mixin.py:149} INFO - [2023-06-14T16:13:48.953+0000] {dag.py:3490} INFO - Setting next_dagrun for example_sensors to None, run_after=None
[2023-06-14T16:13:48.973+0000] {processor.py:179} INFO - Processing /home/airflow/.local/lib/python3.7/site-packages/airflow/example_dags/example_sensors.py took 0.086 seconds
[2023-06-14T16:14:19.279+0000] {processor.py:157} INFO - Started process (PID=1211) to work on /home/airflow/.local/lib/python3.7/site-packages/airflow/example_dags/example_sensors.py
[2023-06-14T16:14:19.280+0000] {processor.py:826} INFO - Processing file /home/airflow/.local/lib/python3.7/site-packages/airflow/example_dags/example_sensors.py for tasks to queue
[2023-06-14T16:14:19.280+0000] {logging_mixin.py:149} INFO - [2023-06-14T16:14:19.280+0000] {dagbag.py:541} INFO - Filling up the DagBag from /home/airflow/.local/lib/python3.7/site-packages/airflow/example_dags/example_sensors.py
[2023-06-14T16:14:19.290+0000] {processor.py:836} INFO - DAG(s) dict_keys(['example_sensors']) retrieved from /home/airflow/.local/lib/python3.7/site-packages/airflow/example_dags/example_sensors.py
[2023-06-14T16:14:19.320+0000] {logging_mixin.py:149} INFO - [2023-06-14T16:14:19.319+0000] {dag.py:2726} INFO - Sync 1 DAGs
[2023-06-14T16:14:19.346+0000] {logging_mixin.py:149} INFO - [2023-06-14T16:14:19.346+0000] {dag.py:3490} INFO - Setting next_dagrun for example_sensors to None, run_after=None
[2023-06-14T16:14:19.369+0000] {processor.py:179} INFO - Processing /home/airflow/.local/lib/python3.7/site-packages/airflow/example_dags/example_sensors.py took 0.093 seconds
[2023-06-14T16:14:49.723+0000] {processor.py:157} INFO - Started process (PID=1288) to work on /home/airflow/.local/lib/python3.7/site-packages/airflow/example_dags/example_sensors.py
[2023-06-14T16:14:49.724+0000] {processor.py:826} INFO - Processing file /home/airflow/.local/lib/python3.7/site-packages/airflow/example_dags/example_sensors.py for tasks to queue
[2023-06-14T16:14:49.725+0000] {logging_mixin.py:149} INFO - [2023-06-14T16:14:49.725+0000] {dagbag.py:541} INFO - Filling up the DagBag from /home/airflow/.local/lib/python3.7/site-packages/airflow/example_dags/example_sensors.py
[2023-06-14T16:14:49.735+0000] {processor.py:836} INFO - DAG(s) dict_keys(['example_sensors']) retrieved from /home/airflow/.local/lib/python3.7/site-packages/airflow/example_dags/example_sensors.py
[2023-06-14T16:14:49.762+0000] {logging_mixin.py:149} INFO - [2023-06-14T16:14:49.762+0000] {dag.py:2726} INFO - Sync 1 DAGs
[2023-06-14T16:14:49.790+0000] {logging_mixin.py:149} INFO - [2023-06-14T16:14:49.790+0000] {dag.py:3490} INFO - Setting next_dagrun for example_sensors to None, run_after=None
[2023-06-14T16:14:49.812+0000] {processor.py:179} INFO - Processing /home/airflow/.local/lib/python3.7/site-packages/airflow/example_dags/example_sensors.py took 0.092 seconds
[2023-06-14T16:15:20.117+0000] {processor.py:157} INFO - Started process (PID=1365) to work on /home/airflow/.local/lib/python3.7/site-packages/airflow/example_dags/example_sensors.py
[2023-06-14T16:15:20.117+0000] {processor.py:826} INFO - Processing file /home/airflow/.local/lib/python3.7/site-packages/airflow/example_dags/example_sensors.py for tasks to queue
[2023-06-14T16:15:20.118+0000] {logging_mixin.py:149} INFO - [2023-06-14T16:15:20.118+0000] {dagbag.py:541} INFO - Filling up the DagBag from /home/airflow/.local/lib/python3.7/site-packages/airflow/example_dags/example_sensors.py
[2023-06-14T16:15:20.126+0000] {processor.py:836} INFO - DAG(s) dict_keys(['example_sensors']) retrieved from /home/airflow/.local/lib/python3.7/site-packages/airflow/example_dags/example_sensors.py
[2023-06-14T16:15:20.152+0000] {logging_mixin.py:149} INFO - [2023-06-14T16:15:20.152+0000] {dag.py:2726} INFO - Sync 1 DAGs
[2023-06-14T16:15:20.182+0000] {logging_mixin.py:149} INFO - [2023-06-14T16:15:20.182+0000] {dag.py:3490} INFO - Setting next_dagrun for example_sensors to None, run_after=None
[2023-06-14T16:15:20.201+0000] {processor.py:179} INFO - Processing /home/airflow/.local/lib/python3.7/site-packages/airflow/example_dags/example_sensors.py took 0.087 seconds
[2023-06-14T16:15:50.657+0000] {processor.py:157} INFO - Started process (PID=1442) to work on /home/airflow/.local/lib/python3.7/site-packages/airflow/example_dags/example_sensors.py
[2023-06-14T16:15:50.657+0000] {processor.py:826} INFO - Processing file /home/airflow/.local/lib/python3.7/site-packages/airflow/example_dags/example_sensors.py for tasks to queue
[2023-06-14T16:15:50.658+0000] {logging_mixin.py:149} INFO - [2023-06-14T16:15:50.658+0000] {dagbag.py:541} INFO - Filling up the DagBag from /home/airflow/.local/lib/python3.7/site-packages/airflow/example_dags/example_sensors.py
[2023-06-14T16:15:50.669+0000] {processor.py:836} INFO - DAG(s) dict_keys(['example_sensors']) retrieved from /home/airflow/.local/lib/python3.7/site-packages/airflow/example_dags/example_sensors.py
[2023-06-14T16:15:50.698+0000] {logging_mixin.py:149} INFO - [2023-06-14T16:15:50.698+0000] {dag.py:2726} INFO - Sync 1 DAGs
[2023-06-14T16:15:50.727+0000] {logging_mixin.py:149} INFO - [2023-06-14T16:15:50.727+0000] {dag.py:3490} INFO - Setting next_dagrun for example_sensors to None, run_after=None
[2023-06-14T16:15:50.748+0000] {processor.py:179} INFO - Processing /home/airflow/.local/lib/python3.7/site-packages/airflow/example_dags/example_sensors.py took 0.094 seconds
[2023-06-14T16:16:21.311+0000] {processor.py:157} INFO - Started process (PID=1519) to work on /home/airflow/.local/lib/python3.7/site-packages/airflow/example_dags/example_sensors.py
[2023-06-14T16:16:21.312+0000] {processor.py:826} INFO - Processing file /home/airflow/.local/lib/python3.7/site-packages/airflow/example_dags/example_sensors.py for tasks to queue
[2023-06-14T16:16:21.312+0000] {logging_mixin.py:149} INFO - [2023-06-14T16:16:21.312+0000] {dagbag.py:541} INFO - Filling up the DagBag from /home/airflow/.local/lib/python3.7/site-packages/airflow/example_dags/example_sensors.py
[2023-06-14T16:16:21.321+0000] {processor.py:836} INFO - DAG(s) dict_keys(['example_sensors']) retrieved from /home/airflow/.local/lib/python3.7/site-packages/airflow/example_dags/example_sensors.py
[2023-06-14T16:16:21.347+0000] {logging_mixin.py:149} INFO - [2023-06-14T16:16:21.347+0000] {dag.py:2726} INFO - Sync 1 DAGs
[2023-06-14T16:16:21.372+0000] {logging_mixin.py:149} INFO - [2023-06-14T16:16:21.372+0000] {dag.py:3490} INFO - Setting next_dagrun for example_sensors to None, run_after=None
[2023-06-14T16:16:21.393+0000] {processor.py:179} INFO - Processing /home/airflow/.local/lib/python3.7/site-packages/airflow/example_dags/example_sensors.py took 0.085 seconds
