[2023-06-14T16:06:12.999+0000] {processor.py:157} INFO - Started process (PID=81) to work on /home/airflow/.local/lib/python3.7/site-packages/airflow/example_dags/example_trigger_target_dag.py
[2023-06-14T16:06:13.001+0000] {processor.py:826} INFO - Processing file /home/airflow/.local/lib/python3.7/site-packages/airflow/example_dags/example_trigger_target_dag.py for tasks to queue
[2023-06-14T16:06:13.001+0000] {logging_mixin.py:149} INFO - [2023-06-14T16:06:13.001+0000] {dagbag.py:541} INFO - Filling up the DagBag from /home/airflow/.local/lib/python3.7/site-packages/airflow/example_dags/example_trigger_target_dag.py
[2023-06-14T16:06:13.009+0000] {processor.py:836} INFO - DAG(s) dict_keys(['example_trigger_target_dag']) retrieved from /home/airflow/.local/lib/python3.7/site-packages/airflow/example_dags/example_trigger_target_dag.py
[2023-06-14T16:06:13.033+0000] {logging_mixin.py:149} INFO - [2023-06-14T16:06:13.032+0000] {dag.py:2726} INFO - Sync 1 DAGs
[2023-06-14T16:06:13.074+0000] {logging_mixin.py:149} INFO - [2023-06-14T16:06:13.074+0000] {dag.py:3490} INFO - Setting next_dagrun for example_trigger_target_dag to None, run_after=None
[2023-06-14T16:06:13.096+0000] {processor.py:179} INFO - Processing /home/airflow/.local/lib/python3.7/site-packages/airflow/example_dags/example_trigger_target_dag.py took 0.100 seconds
[2023-06-14T16:06:44.042+0000] {processor.py:157} INFO - Started process (PID=158) to work on /home/airflow/.local/lib/python3.7/site-packages/airflow/example_dags/example_trigger_target_dag.py
[2023-06-14T16:06:44.042+0000] {processor.py:826} INFO - Processing file /home/airflow/.local/lib/python3.7/site-packages/airflow/example_dags/example_trigger_target_dag.py for tasks to queue
[2023-06-14T16:06:44.043+0000] {logging_mixin.py:149} INFO - [2023-06-14T16:06:44.043+0000] {dagbag.py:541} INFO - Filling up the DagBag from /home/airflow/.local/lib/python3.7/site-packages/airflow/example_dags/example_trigger_target_dag.py
[2023-06-14T16:06:44.050+0000] {processor.py:836} INFO - DAG(s) dict_keys(['example_trigger_target_dag']) retrieved from /home/airflow/.local/lib/python3.7/site-packages/airflow/example_dags/example_trigger_target_dag.py
[2023-06-14T16:06:44.072+0000] {logging_mixin.py:149} INFO - [2023-06-14T16:06:44.072+0000] {dag.py:2726} INFO - Sync 1 DAGs
[2023-06-14T16:06:44.104+0000] {logging_mixin.py:149} INFO - [2023-06-14T16:06:44.104+0000] {dag.py:3490} INFO - Setting next_dagrun for example_trigger_target_dag to None, run_after=None
[2023-06-14T16:06:44.226+0000] {processor.py:179} INFO - Processing /home/airflow/.local/lib/python3.7/site-packages/airflow/example_dags/example_trigger_target_dag.py took 0.186 seconds
[2023-06-14T16:07:15.232+0000] {processor.py:157} INFO - Started process (PID=235) to work on /home/airflow/.local/lib/python3.7/site-packages/airflow/example_dags/example_trigger_target_dag.py
[2023-06-14T16:07:15.233+0000] {processor.py:826} INFO - Processing file /home/airflow/.local/lib/python3.7/site-packages/airflow/example_dags/example_trigger_target_dag.py for tasks to queue
[2023-06-14T16:07:15.233+0000] {logging_mixin.py:149} INFO - [2023-06-14T16:07:15.233+0000] {dagbag.py:541} INFO - Filling up the DagBag from /home/airflow/.local/lib/python3.7/site-packages/airflow/example_dags/example_trigger_target_dag.py
[2023-06-14T16:07:15.238+0000] {processor.py:836} INFO - DAG(s) dict_keys(['example_trigger_target_dag']) retrieved from /home/airflow/.local/lib/python3.7/site-packages/airflow/example_dags/example_trigger_target_dag.py
[2023-06-14T16:07:15.366+0000] {logging_mixin.py:149} INFO - [2023-06-14T16:07:15.366+0000] {dag.py:2726} INFO - Sync 1 DAGs
[2023-06-14T16:07:15.389+0000] {logging_mixin.py:149} INFO - [2023-06-14T16:07:15.389+0000] {dag.py:3490} INFO - Setting next_dagrun for example_trigger_target_dag to None, run_after=None
[2023-06-14T16:07:15.412+0000] {processor.py:179} INFO - Processing /home/airflow/.local/lib/python3.7/site-packages/airflow/example_dags/example_trigger_target_dag.py took 0.183 seconds
[2023-06-14T16:07:45.751+0000] {processor.py:157} INFO - Started process (PID=312) to work on /home/airflow/.local/lib/python3.7/site-packages/airflow/example_dags/example_trigger_target_dag.py
[2023-06-14T16:07:45.752+0000] {processor.py:826} INFO - Processing file /home/airflow/.local/lib/python3.7/site-packages/airflow/example_dags/example_trigger_target_dag.py for tasks to queue
[2023-06-14T16:07:45.753+0000] {logging_mixin.py:149} INFO - [2023-06-14T16:07:45.753+0000] {dagbag.py:541} INFO - Filling up the DagBag from /home/airflow/.local/lib/python3.7/site-packages/airflow/example_dags/example_trigger_target_dag.py
[2023-06-14T16:07:45.757+0000] {processor.py:836} INFO - DAG(s) dict_keys(['example_trigger_target_dag']) retrieved from /home/airflow/.local/lib/python3.7/site-packages/airflow/example_dags/example_trigger_target_dag.py
[2023-06-14T16:07:45.776+0000] {logging_mixin.py:149} INFO - [2023-06-14T16:07:45.776+0000] {dag.py:2726} INFO - Sync 1 DAGs
[2023-06-14T16:07:45.798+0000] {logging_mixin.py:149} INFO - [2023-06-14T16:07:45.798+0000] {dag.py:3490} INFO - Setting next_dagrun for example_trigger_target_dag to None, run_after=None
[2023-06-14T16:07:45.817+0000] {processor.py:179} INFO - Processing /home/airflow/.local/lib/python3.7/site-packages/airflow/example_dags/example_trigger_target_dag.py took 0.068 seconds
[2023-06-14T16:08:16.737+0000] {processor.py:157} INFO - Started process (PID=376) to work on /home/airflow/.local/lib/python3.7/site-packages/airflow/example_dags/example_trigger_target_dag.py
[2023-06-14T16:08:16.738+0000] {processor.py:826} INFO - Processing file /home/airflow/.local/lib/python3.7/site-packages/airflow/example_dags/example_trigger_target_dag.py for tasks to queue
[2023-06-14T16:08:16.739+0000] {logging_mixin.py:149} INFO - [2023-06-14T16:08:16.738+0000] {dagbag.py:541} INFO - Filling up the DagBag from /home/airflow/.local/lib/python3.7/site-packages/airflow/example_dags/example_trigger_target_dag.py
[2023-06-14T16:08:16.744+0000] {processor.py:836} INFO - DAG(s) dict_keys(['example_trigger_target_dag']) retrieved from /home/airflow/.local/lib/python3.7/site-packages/airflow/example_dags/example_trigger_target_dag.py
[2023-06-14T16:08:16.767+0000] {logging_mixin.py:149} INFO - [2023-06-14T16:08:16.767+0000] {dag.py:2726} INFO - Sync 1 DAGs
[2023-06-14T16:08:16.798+0000] {logging_mixin.py:149} INFO - [2023-06-14T16:08:16.798+0000] {dag.py:3490} INFO - Setting next_dagrun for example_trigger_target_dag to None, run_after=None
[2023-06-14T16:08:16.820+0000] {processor.py:179} INFO - Processing /home/airflow/.local/lib/python3.7/site-packages/airflow/example_dags/example_trigger_target_dag.py took 0.086 seconds
[2023-06-14T16:08:47.028+0000] {processor.py:157} INFO - Started process (PID=440) to work on /home/airflow/.local/lib/python3.7/site-packages/airflow/example_dags/example_trigger_target_dag.py
[2023-06-14T16:08:47.028+0000] {processor.py:826} INFO - Processing file /home/airflow/.local/lib/python3.7/site-packages/airflow/example_dags/example_trigger_target_dag.py for tasks to queue
[2023-06-14T16:08:47.029+0000] {logging_mixin.py:149} INFO - [2023-06-14T16:08:47.029+0000] {dagbag.py:541} INFO - Filling up the DagBag from /home/airflow/.local/lib/python3.7/site-packages/airflow/example_dags/example_trigger_target_dag.py
[2023-06-14T16:08:47.033+0000] {processor.py:836} INFO - DAG(s) dict_keys(['example_trigger_target_dag']) retrieved from /home/airflow/.local/lib/python3.7/site-packages/airflow/example_dags/example_trigger_target_dag.py
[2023-06-14T16:08:47.053+0000] {logging_mixin.py:149} INFO - [2023-06-14T16:08:47.053+0000] {dag.py:2726} INFO - Sync 1 DAGs
[2023-06-14T16:08:47.081+0000] {logging_mixin.py:149} INFO - [2023-06-14T16:08:47.080+0000] {dag.py:3490} INFO - Setting next_dagrun for example_trigger_target_dag to None, run_after=None
[2023-06-14T16:08:47.098+0000] {processor.py:179} INFO - Processing /home/airflow/.local/lib/python3.7/site-packages/airflow/example_dags/example_trigger_target_dag.py took 0.073 seconds
[2023-06-14T16:09:17.275+0000] {processor.py:157} INFO - Started process (PID=504) to work on /home/airflow/.local/lib/python3.7/site-packages/airflow/example_dags/example_trigger_target_dag.py
[2023-06-14T16:09:17.276+0000] {processor.py:826} INFO - Processing file /home/airflow/.local/lib/python3.7/site-packages/airflow/example_dags/example_trigger_target_dag.py for tasks to queue
[2023-06-14T16:09:17.277+0000] {logging_mixin.py:149} INFO - [2023-06-14T16:09:17.277+0000] {dagbag.py:541} INFO - Filling up the DagBag from /home/airflow/.local/lib/python3.7/site-packages/airflow/example_dags/example_trigger_target_dag.py
[2023-06-14T16:09:17.282+0000] {processor.py:836} INFO - DAG(s) dict_keys(['example_trigger_target_dag']) retrieved from /home/airflow/.local/lib/python3.7/site-packages/airflow/example_dags/example_trigger_target_dag.py
[2023-06-14T16:09:17.306+0000] {logging_mixin.py:149} INFO - [2023-06-14T16:09:17.306+0000] {dag.py:2726} INFO - Sync 1 DAGs
[2023-06-14T16:09:17.336+0000] {logging_mixin.py:149} INFO - [2023-06-14T16:09:17.336+0000] {dag.py:3490} INFO - Setting next_dagrun for example_trigger_target_dag to None, run_after=None
[2023-06-14T16:09:17.353+0000] {processor.py:179} INFO - Processing /home/airflow/.local/lib/python3.7/site-packages/airflow/example_dags/example_trigger_target_dag.py took 0.081 seconds
[2023-06-14T16:09:47.386+0000] {processor.py:157} INFO - Started process (PID=567) to work on /home/airflow/.local/lib/python3.7/site-packages/airflow/example_dags/example_trigger_target_dag.py
[2023-06-14T16:09:47.387+0000] {processor.py:826} INFO - Processing file /home/airflow/.local/lib/python3.7/site-packages/airflow/example_dags/example_trigger_target_dag.py for tasks to queue
[2023-06-14T16:09:47.388+0000] {logging_mixin.py:149} INFO - [2023-06-14T16:09:47.388+0000] {dagbag.py:541} INFO - Filling up the DagBag from /home/airflow/.local/lib/python3.7/site-packages/airflow/example_dags/example_trigger_target_dag.py
[2023-06-14T16:09:47.392+0000] {processor.py:836} INFO - DAG(s) dict_keys(['example_trigger_target_dag']) retrieved from /home/airflow/.local/lib/python3.7/site-packages/airflow/example_dags/example_trigger_target_dag.py
[2023-06-14T16:09:47.412+0000] {logging_mixin.py:149} INFO - [2023-06-14T16:09:47.412+0000] {dag.py:2726} INFO - Sync 1 DAGs
[2023-06-14T16:09:47.437+0000] {logging_mixin.py:149} INFO - [2023-06-14T16:09:47.436+0000] {dag.py:3490} INFO - Setting next_dagrun for example_trigger_target_dag to None, run_after=None
[2023-06-14T16:09:47.453+0000] {processor.py:179} INFO - Processing /home/airflow/.local/lib/python3.7/site-packages/airflow/example_dags/example_trigger_target_dag.py took 0.069 seconds
[2023-06-14T16:10:17.774+0000] {processor.py:157} INFO - Started process (PID=631) to work on /home/airflow/.local/lib/python3.7/site-packages/airflow/example_dags/example_trigger_target_dag.py
[2023-06-14T16:10:17.775+0000] {processor.py:826} INFO - Processing file /home/airflow/.local/lib/python3.7/site-packages/airflow/example_dags/example_trigger_target_dag.py for tasks to queue
[2023-06-14T16:10:17.776+0000] {logging_mixin.py:149} INFO - [2023-06-14T16:10:17.776+0000] {dagbag.py:541} INFO - Filling up the DagBag from /home/airflow/.local/lib/python3.7/site-packages/airflow/example_dags/example_trigger_target_dag.py
[2023-06-14T16:10:17.780+0000] {processor.py:836} INFO - DAG(s) dict_keys(['example_trigger_target_dag']) retrieved from /home/airflow/.local/lib/python3.7/site-packages/airflow/example_dags/example_trigger_target_dag.py
[2023-06-14T16:10:17.801+0000] {logging_mixin.py:149} INFO - [2023-06-14T16:10:17.800+0000] {dag.py:2726} INFO - Sync 1 DAGs
[2023-06-14T16:10:17.823+0000] {logging_mixin.py:149} INFO - [2023-06-14T16:10:17.823+0000] {dag.py:3490} INFO - Setting next_dagrun for example_trigger_target_dag to None, run_after=None
[2023-06-14T16:10:17.839+0000] {processor.py:179} INFO - Processing /home/airflow/.local/lib/python3.7/site-packages/airflow/example_dags/example_trigger_target_dag.py took 0.067 seconds
[2023-06-14T16:10:48.355+0000] {processor.py:157} INFO - Started process (PID=695) to work on /home/airflow/.local/lib/python3.7/site-packages/airflow/example_dags/example_trigger_target_dag.py
[2023-06-14T16:10:48.356+0000] {processor.py:826} INFO - Processing file /home/airflow/.local/lib/python3.7/site-packages/airflow/example_dags/example_trigger_target_dag.py for tasks to queue
[2023-06-14T16:10:48.356+0000] {logging_mixin.py:149} INFO - [2023-06-14T16:10:48.356+0000] {dagbag.py:541} INFO - Filling up the DagBag from /home/airflow/.local/lib/python3.7/site-packages/airflow/example_dags/example_trigger_target_dag.py
[2023-06-14T16:10:48.362+0000] {processor.py:836} INFO - DAG(s) dict_keys(['example_trigger_target_dag']) retrieved from /home/airflow/.local/lib/python3.7/site-packages/airflow/example_dags/example_trigger_target_dag.py
[2023-06-14T16:10:48.387+0000] {logging_mixin.py:149} INFO - [2023-06-14T16:10:48.387+0000] {dag.py:2726} INFO - Sync 1 DAGs
[2023-06-14T16:10:48.414+0000] {logging_mixin.py:149} INFO - [2023-06-14T16:10:48.414+0000] {dag.py:3490} INFO - Setting next_dagrun for example_trigger_target_dag to None, run_after=None
[2023-06-14T16:10:48.435+0000] {processor.py:179} INFO - Processing /home/airflow/.local/lib/python3.7/site-packages/airflow/example_dags/example_trigger_target_dag.py took 0.083 seconds
[2023-06-14T16:11:18.570+0000] {processor.py:157} INFO - Started process (PID=772) to work on /home/airflow/.local/lib/python3.7/site-packages/airflow/example_dags/example_trigger_target_dag.py
[2023-06-14T16:11:18.571+0000] {processor.py:826} INFO - Processing file /home/airflow/.local/lib/python3.7/site-packages/airflow/example_dags/example_trigger_target_dag.py for tasks to queue
[2023-06-14T16:11:18.572+0000] {logging_mixin.py:149} INFO - [2023-06-14T16:11:18.572+0000] {dagbag.py:541} INFO - Filling up the DagBag from /home/airflow/.local/lib/python3.7/site-packages/airflow/example_dags/example_trigger_target_dag.py
[2023-06-14T16:11:18.576+0000] {processor.py:836} INFO - DAG(s) dict_keys(['example_trigger_target_dag']) retrieved from /home/airflow/.local/lib/python3.7/site-packages/airflow/example_dags/example_trigger_target_dag.py
[2023-06-14T16:11:18.595+0000] {logging_mixin.py:149} INFO - [2023-06-14T16:11:18.595+0000] {dag.py:2726} INFO - Sync 1 DAGs
[2023-06-14T16:11:18.621+0000] {logging_mixin.py:149} INFO - [2023-06-14T16:11:18.621+0000] {dag.py:3490} INFO - Setting next_dagrun for example_trigger_target_dag to None, run_after=None
[2023-06-14T16:11:18.645+0000] {processor.py:179} INFO - Processing /home/airflow/.local/lib/python3.7/site-packages/airflow/example_dags/example_trigger_target_dag.py took 0.077 seconds
[2023-06-14T16:11:48.866+0000] {processor.py:157} INFO - Started process (PID=849) to work on /home/airflow/.local/lib/python3.7/site-packages/airflow/example_dags/example_trigger_target_dag.py
[2023-06-14T16:11:48.867+0000] {processor.py:826} INFO - Processing file /home/airflow/.local/lib/python3.7/site-packages/airflow/example_dags/example_trigger_target_dag.py for tasks to queue
[2023-06-14T16:11:48.868+0000] {logging_mixin.py:149} INFO - [2023-06-14T16:11:48.868+0000] {dagbag.py:541} INFO - Filling up the DagBag from /home/airflow/.local/lib/python3.7/site-packages/airflow/example_dags/example_trigger_target_dag.py
[2023-06-14T16:11:48.873+0000] {processor.py:836} INFO - DAG(s) dict_keys(['example_trigger_target_dag']) retrieved from /home/airflow/.local/lib/python3.7/site-packages/airflow/example_dags/example_trigger_target_dag.py
[2023-06-14T16:11:48.897+0000] {logging_mixin.py:149} INFO - [2023-06-14T16:11:48.897+0000] {dag.py:2726} INFO - Sync 1 DAGs
[2023-06-14T16:11:48.928+0000] {logging_mixin.py:149} INFO - [2023-06-14T16:11:48.928+0000] {dag.py:3490} INFO - Setting next_dagrun for example_trigger_target_dag to None, run_after=None
[2023-06-14T16:11:48.948+0000] {processor.py:179} INFO - Processing /home/airflow/.local/lib/python3.7/site-packages/airflow/example_dags/example_trigger_target_dag.py took 0.085 seconds
[2023-06-14T16:12:19.251+0000] {processor.py:157} INFO - Started process (PID=926) to work on /home/airflow/.local/lib/python3.7/site-packages/airflow/example_dags/example_trigger_target_dag.py
[2023-06-14T16:12:19.252+0000] {processor.py:826} INFO - Processing file /home/airflow/.local/lib/python3.7/site-packages/airflow/example_dags/example_trigger_target_dag.py for tasks to queue
[2023-06-14T16:12:19.252+0000] {logging_mixin.py:149} INFO - [2023-06-14T16:12:19.252+0000] {dagbag.py:541} INFO - Filling up the DagBag from /home/airflow/.local/lib/python3.7/site-packages/airflow/example_dags/example_trigger_target_dag.py
[2023-06-14T16:12:19.258+0000] {processor.py:836} INFO - DAG(s) dict_keys(['example_trigger_target_dag']) retrieved from /home/airflow/.local/lib/python3.7/site-packages/airflow/example_dags/example_trigger_target_dag.py
[2023-06-14T16:12:19.279+0000] {logging_mixin.py:149} INFO - [2023-06-14T16:12:19.279+0000] {dag.py:2726} INFO - Sync 1 DAGs
[2023-06-14T16:12:19.305+0000] {logging_mixin.py:149} INFO - [2023-06-14T16:12:19.305+0000] {dag.py:3490} INFO - Setting next_dagrun for example_trigger_target_dag to None, run_after=None
[2023-06-14T16:12:19.324+0000] {processor.py:179} INFO - Processing /home/airflow/.local/lib/python3.7/site-packages/airflow/example_dags/example_trigger_target_dag.py took 0.076 seconds
[2023-06-14T16:12:49.913+0000] {processor.py:157} INFO - Started process (PID=1004) to work on /home/airflow/.local/lib/python3.7/site-packages/airflow/example_dags/example_trigger_target_dag.py
[2023-06-14T16:12:49.913+0000] {processor.py:826} INFO - Processing file /home/airflow/.local/lib/python3.7/site-packages/airflow/example_dags/example_trigger_target_dag.py for tasks to queue
[2023-06-14T16:12:49.914+0000] {logging_mixin.py:149} INFO - [2023-06-14T16:12:49.914+0000] {dagbag.py:541} INFO - Filling up the DagBag from /home/airflow/.local/lib/python3.7/site-packages/airflow/example_dags/example_trigger_target_dag.py
[2023-06-14T16:12:49.918+0000] {processor.py:836} INFO - DAG(s) dict_keys(['example_trigger_target_dag']) retrieved from /home/airflow/.local/lib/python3.7/site-packages/airflow/example_dags/example_trigger_target_dag.py
[2023-06-14T16:12:49.939+0000] {logging_mixin.py:149} INFO - [2023-06-14T16:12:49.939+0000] {dag.py:2726} INFO - Sync 1 DAGs
[2023-06-14T16:12:49.969+0000] {logging_mixin.py:149} INFO - [2023-06-14T16:12:49.969+0000] {dag.py:3490} INFO - Setting next_dagrun for example_trigger_target_dag to None, run_after=None
[2023-06-14T16:12:49.986+0000] {processor.py:179} INFO - Processing /home/airflow/.local/lib/python3.7/site-packages/airflow/example_dags/example_trigger_target_dag.py took 0.075 seconds
[2023-06-14T16:13:20.096+0000] {processor.py:157} INFO - Started process (PID=1081) to work on /home/airflow/.local/lib/python3.7/site-packages/airflow/example_dags/example_trigger_target_dag.py
[2023-06-14T16:13:20.096+0000] {processor.py:826} INFO - Processing file /home/airflow/.local/lib/python3.7/site-packages/airflow/example_dags/example_trigger_target_dag.py for tasks to queue
[2023-06-14T16:13:20.097+0000] {logging_mixin.py:149} INFO - [2023-06-14T16:13:20.097+0000] {dagbag.py:541} INFO - Filling up the DagBag from /home/airflow/.local/lib/python3.7/site-packages/airflow/example_dags/example_trigger_target_dag.py
[2023-06-14T16:13:20.101+0000] {processor.py:836} INFO - DAG(s) dict_keys(['example_trigger_target_dag']) retrieved from /home/airflow/.local/lib/python3.7/site-packages/airflow/example_dags/example_trigger_target_dag.py
[2023-06-14T16:13:20.123+0000] {logging_mixin.py:149} INFO - [2023-06-14T16:13:20.123+0000] {dag.py:2726} INFO - Sync 1 DAGs
[2023-06-14T16:13:20.152+0000] {logging_mixin.py:149} INFO - [2023-06-14T16:13:20.152+0000] {dag.py:3490} INFO - Setting next_dagrun for example_trigger_target_dag to None, run_after=None
[2023-06-14T16:13:20.174+0000] {processor.py:179} INFO - Processing /home/airflow/.local/lib/python3.7/site-packages/airflow/example_dags/example_trigger_target_dag.py took 0.081 seconds
[2023-06-14T16:13:50.558+0000] {processor.py:157} INFO - Started process (PID=1158) to work on /home/airflow/.local/lib/python3.7/site-packages/airflow/example_dags/example_trigger_target_dag.py
[2023-06-14T16:13:50.559+0000] {processor.py:826} INFO - Processing file /home/airflow/.local/lib/python3.7/site-packages/airflow/example_dags/example_trigger_target_dag.py for tasks to queue
[2023-06-14T16:13:50.560+0000] {logging_mixin.py:149} INFO - [2023-06-14T16:13:50.560+0000] {dagbag.py:541} INFO - Filling up the DagBag from /home/airflow/.local/lib/python3.7/site-packages/airflow/example_dags/example_trigger_target_dag.py
[2023-06-14T16:13:50.565+0000] {processor.py:836} INFO - DAG(s) dict_keys(['example_trigger_target_dag']) retrieved from /home/airflow/.local/lib/python3.7/site-packages/airflow/example_dags/example_trigger_target_dag.py
[2023-06-14T16:13:50.591+0000] {logging_mixin.py:149} INFO - [2023-06-14T16:13:50.590+0000] {dag.py:2726} INFO - Sync 1 DAGs
[2023-06-14T16:13:50.618+0000] {logging_mixin.py:149} INFO - [2023-06-14T16:13:50.617+0000] {dag.py:3490} INFO - Setting next_dagrun for example_trigger_target_dag to None, run_after=None
[2023-06-14T16:13:50.637+0000] {processor.py:179} INFO - Processing /home/airflow/.local/lib/python3.7/site-packages/airflow/example_dags/example_trigger_target_dag.py took 0.082 seconds
[2023-06-14T16:14:20.728+0000] {processor.py:157} INFO - Started process (PID=1235) to work on /home/airflow/.local/lib/python3.7/site-packages/airflow/example_dags/example_trigger_target_dag.py
[2023-06-14T16:14:20.729+0000] {processor.py:826} INFO - Processing file /home/airflow/.local/lib/python3.7/site-packages/airflow/example_dags/example_trigger_target_dag.py for tasks to queue
[2023-06-14T16:14:20.729+0000] {logging_mixin.py:149} INFO - [2023-06-14T16:14:20.729+0000] {dagbag.py:541} INFO - Filling up the DagBag from /home/airflow/.local/lib/python3.7/site-packages/airflow/example_dags/example_trigger_target_dag.py
[2023-06-14T16:14:20.734+0000] {processor.py:836} INFO - DAG(s) dict_keys(['example_trigger_target_dag']) retrieved from /home/airflow/.local/lib/python3.7/site-packages/airflow/example_dags/example_trigger_target_dag.py
[2023-06-14T16:14:20.758+0000] {logging_mixin.py:149} INFO - [2023-06-14T16:14:20.757+0000] {dag.py:2726} INFO - Sync 1 DAGs
[2023-06-14T16:14:20.791+0000] {logging_mixin.py:149} INFO - [2023-06-14T16:14:20.791+0000] {dag.py:3490} INFO - Setting next_dagrun for example_trigger_target_dag to None, run_after=None
[2023-06-14T16:14:20.811+0000] {processor.py:179} INFO - Processing /home/airflow/.local/lib/python3.7/site-packages/airflow/example_dags/example_trigger_target_dag.py took 0.086 seconds
[2023-06-14T16:14:51.223+0000] {processor.py:157} INFO - Started process (PID=1312) to work on /home/airflow/.local/lib/python3.7/site-packages/airflow/example_dags/example_trigger_target_dag.py
[2023-06-14T16:14:51.224+0000] {processor.py:826} INFO - Processing file /home/airflow/.local/lib/python3.7/site-packages/airflow/example_dags/example_trigger_target_dag.py for tasks to queue
[2023-06-14T16:14:51.225+0000] {logging_mixin.py:149} INFO - [2023-06-14T16:14:51.224+0000] {dagbag.py:541} INFO - Filling up the DagBag from /home/airflow/.local/lib/python3.7/site-packages/airflow/example_dags/example_trigger_target_dag.py
[2023-06-14T16:14:51.229+0000] {processor.py:836} INFO - DAG(s) dict_keys(['example_trigger_target_dag']) retrieved from /home/airflow/.local/lib/python3.7/site-packages/airflow/example_dags/example_trigger_target_dag.py
[2023-06-14T16:14:51.252+0000] {logging_mixin.py:149} INFO - [2023-06-14T16:14:51.252+0000] {dag.py:2726} INFO - Sync 1 DAGs
[2023-06-14T16:14:51.277+0000] {logging_mixin.py:149} INFO - [2023-06-14T16:14:51.276+0000] {dag.py:3490} INFO - Setting next_dagrun for example_trigger_target_dag to None, run_after=None
[2023-06-14T16:14:51.297+0000] {processor.py:179} INFO - Processing /home/airflow/.local/lib/python3.7/site-packages/airflow/example_dags/example_trigger_target_dag.py took 0.076 seconds
[2023-06-14T16:15:21.523+0000] {processor.py:157} INFO - Started process (PID=1389) to work on /home/airflow/.local/lib/python3.7/site-packages/airflow/example_dags/example_trigger_target_dag.py
[2023-06-14T16:15:21.523+0000] {processor.py:826} INFO - Processing file /home/airflow/.local/lib/python3.7/site-packages/airflow/example_dags/example_trigger_target_dag.py for tasks to queue
[2023-06-14T16:15:21.524+0000] {logging_mixin.py:149} INFO - [2023-06-14T16:15:21.524+0000] {dagbag.py:541} INFO - Filling up the DagBag from /home/airflow/.local/lib/python3.7/site-packages/airflow/example_dags/example_trigger_target_dag.py
[2023-06-14T16:15:21.528+0000] {processor.py:836} INFO - DAG(s) dict_keys(['example_trigger_target_dag']) retrieved from /home/airflow/.local/lib/python3.7/site-packages/airflow/example_dags/example_trigger_target_dag.py
[2023-06-14T16:15:21.550+0000] {logging_mixin.py:149} INFO - [2023-06-14T16:15:21.550+0000] {dag.py:2726} INFO - Sync 1 DAGs
[2023-06-14T16:15:21.574+0000] {logging_mixin.py:149} INFO - [2023-06-14T16:15:21.574+0000] {dag.py:3490} INFO - Setting next_dagrun for example_trigger_target_dag to None, run_after=None
[2023-06-14T16:15:21.595+0000] {processor.py:179} INFO - Processing /home/airflow/.local/lib/python3.7/site-packages/airflow/example_dags/example_trigger_target_dag.py took 0.074 seconds
[2023-06-14T16:15:52.848+0000] {processor.py:157} INFO - Started process (PID=1467) to work on /home/airflow/.local/lib/python3.7/site-packages/airflow/example_dags/example_trigger_target_dag.py
[2023-06-14T16:15:52.849+0000] {processor.py:826} INFO - Processing file /home/airflow/.local/lib/python3.7/site-packages/airflow/example_dags/example_trigger_target_dag.py for tasks to queue
[2023-06-14T16:15:52.850+0000] {logging_mixin.py:149} INFO - [2023-06-14T16:15:52.849+0000] {dagbag.py:541} INFO - Filling up the DagBag from /home/airflow/.local/lib/python3.7/site-packages/airflow/example_dags/example_trigger_target_dag.py
[2023-06-14T16:15:52.854+0000] {processor.py:836} INFO - DAG(s) dict_keys(['example_trigger_target_dag']) retrieved from /home/airflow/.local/lib/python3.7/site-packages/airflow/example_dags/example_trigger_target_dag.py
[2023-06-14T16:15:52.874+0000] {logging_mixin.py:149} INFO - [2023-06-14T16:15:52.874+0000] {dag.py:2726} INFO - Sync 1 DAGs
[2023-06-14T16:15:52.901+0000] {logging_mixin.py:149} INFO - [2023-06-14T16:15:52.901+0000] {dag.py:3490} INFO - Setting next_dagrun for example_trigger_target_dag to None, run_after=None
[2023-06-14T16:15:52.918+0000] {processor.py:179} INFO - Processing /home/airflow/.local/lib/python3.7/site-packages/airflow/example_dags/example_trigger_target_dag.py took 0.073 seconds
[2023-06-14T16:16:23.871+0000] {processor.py:157} INFO - Started process (PID=1544) to work on /home/airflow/.local/lib/python3.7/site-packages/airflow/example_dags/example_trigger_target_dag.py
[2023-06-14T16:16:23.872+0000] {processor.py:826} INFO - Processing file /home/airflow/.local/lib/python3.7/site-packages/airflow/example_dags/example_trigger_target_dag.py for tasks to queue
[2023-06-14T16:16:23.872+0000] {logging_mixin.py:149} INFO - [2023-06-14T16:16:23.872+0000] {dagbag.py:541} INFO - Filling up the DagBag from /home/airflow/.local/lib/python3.7/site-packages/airflow/example_dags/example_trigger_target_dag.py
[2023-06-14T16:16:23.877+0000] {processor.py:836} INFO - DAG(s) dict_keys(['example_trigger_target_dag']) retrieved from /home/airflow/.local/lib/python3.7/site-packages/airflow/example_dags/example_trigger_target_dag.py
[2023-06-14T16:16:23.898+0000] {logging_mixin.py:149} INFO - [2023-06-14T16:16:23.898+0000] {dag.py:2726} INFO - Sync 1 DAGs
[2023-06-14T16:16:23.923+0000] {logging_mixin.py:149} INFO - [2023-06-14T16:16:23.922+0000] {dag.py:3490} INFO - Setting next_dagrun for example_trigger_target_dag to None, run_after=None
[2023-06-14T16:16:23.942+0000] {processor.py:179} INFO - Processing /home/airflow/.local/lib/python3.7/site-packages/airflow/example_dags/example_trigger_target_dag.py took 0.073 seconds
