[2023-06-14T16:06:10.667+0000] {processor.py:157} INFO - Started process (PID=52) to work on /home/airflow/.local/lib/python3.7/site-packages/airflow/example_dags/example_dag_decorator.py
[2023-06-14T16:06:10.668+0000] {processor.py:826} INFO - Processing file /home/airflow/.local/lib/python3.7/site-packages/airflow/example_dags/example_dag_decorator.py for tasks to queue
[2023-06-14T16:06:10.669+0000] {logging_mixin.py:149} INFO - [2023-06-14T16:06:10.669+0000] {dagbag.py:541} INFO - Filling up the DagBag from /home/airflow/.local/lib/python3.7/site-packages/airflow/example_dags/example_dag_decorator.py
[2023-06-14T16:06:10.676+0000] {logging_mixin.py:149} INFO - [2023-06-14T16:06:10.675+0000] {taskmixin.py:211} WARNING - Dependency <Task(_PythonDecoratedOperator): prepare_email>, send_email already registered for DAG: example_dag_decorator
[2023-06-14T16:06:10.676+0000] {logging_mixin.py:149} INFO - [2023-06-14T16:06:10.676+0000] {taskmixin.py:211} WARNING - Dependency <Task(EmailOperator): send_email>, prepare_email already registered for DAG: example_dag_decorator
[2023-06-14T16:06:10.688+0000] {processor.py:836} INFO - DAG(s) dict_keys(['example_dag_decorator']) retrieved from /home/airflow/.local/lib/python3.7/site-packages/airflow/example_dags/example_dag_decorator.py
[2023-06-14T16:06:10.778+0000] {logging_mixin.py:149} INFO - [2023-06-14T16:06:10.778+0000] {dag.py:2726} INFO - Sync 1 DAGs
[2023-06-14T16:06:10.807+0000] {logging_mixin.py:149} INFO - [2023-06-14T16:06:10.807+0000] {dag.py:3490} INFO - Setting next_dagrun for example_dag_decorator to None, run_after=None
[2023-06-14T16:06:10.831+0000] {processor.py:179} INFO - Processing /home/airflow/.local/lib/python3.7/site-packages/airflow/example_dags/example_dag_decorator.py took 0.167 seconds
[2023-06-14T16:06:41.379+0000] {processor.py:157} INFO - Started process (PID=129) to work on /home/airflow/.local/lib/python3.7/site-packages/airflow/example_dags/example_dag_decorator.py
[2023-06-14T16:06:41.380+0000] {processor.py:826} INFO - Processing file /home/airflow/.local/lib/python3.7/site-packages/airflow/example_dags/example_dag_decorator.py for tasks to queue
[2023-06-14T16:06:41.382+0000] {logging_mixin.py:149} INFO - [2023-06-14T16:06:41.382+0000] {dagbag.py:541} INFO - Filling up the DagBag from /home/airflow/.local/lib/python3.7/site-packages/airflow/example_dags/example_dag_decorator.py
[2023-06-14T16:06:41.388+0000] {logging_mixin.py:149} INFO - [2023-06-14T16:06:41.388+0000] {taskmixin.py:211} WARNING - Dependency <Task(_PythonDecoratedOperator): prepare_email>, send_email already registered for DAG: example_dag_decorator
[2023-06-14T16:06:41.388+0000] {logging_mixin.py:149} INFO - [2023-06-14T16:06:41.388+0000] {taskmixin.py:211} WARNING - Dependency <Task(EmailOperator): send_email>, prepare_email already registered for DAG: example_dag_decorator
[2023-06-14T16:06:41.396+0000] {processor.py:836} INFO - DAG(s) dict_keys(['example_dag_decorator']) retrieved from /home/airflow/.local/lib/python3.7/site-packages/airflow/example_dags/example_dag_decorator.py
[2023-06-14T16:06:41.427+0000] {logging_mixin.py:149} INFO - [2023-06-14T16:06:41.426+0000] {dag.py:2726} INFO - Sync 1 DAGs
[2023-06-14T16:06:41.451+0000] {logging_mixin.py:149} INFO - [2023-06-14T16:06:41.451+0000] {dag.py:3490} INFO - Setting next_dagrun for example_dag_decorator to None, run_after=None
[2023-06-14T16:06:41.477+0000] {processor.py:179} INFO - Processing /home/airflow/.local/lib/python3.7/site-packages/airflow/example_dags/example_dag_decorator.py took 0.101 seconds
[2023-06-14T16:07:11.989+0000] {processor.py:157} INFO - Started process (PID=206) to work on /home/airflow/.local/lib/python3.7/site-packages/airflow/example_dags/example_dag_decorator.py
[2023-06-14T16:07:11.990+0000] {processor.py:826} INFO - Processing file /home/airflow/.local/lib/python3.7/site-packages/airflow/example_dags/example_dag_decorator.py for tasks to queue
[2023-06-14T16:07:11.991+0000] {logging_mixin.py:149} INFO - [2023-06-14T16:07:11.990+0000] {dagbag.py:541} INFO - Filling up the DagBag from /home/airflow/.local/lib/python3.7/site-packages/airflow/example_dags/example_dag_decorator.py
[2023-06-14T16:07:11.995+0000] {logging_mixin.py:149} INFO - [2023-06-14T16:07:11.995+0000] {taskmixin.py:211} WARNING - Dependency <Task(_PythonDecoratedOperator): prepare_email>, send_email already registered for DAG: example_dag_decorator
[2023-06-14T16:07:11.996+0000] {logging_mixin.py:149} INFO - [2023-06-14T16:07:11.995+0000] {taskmixin.py:211} WARNING - Dependency <Task(EmailOperator): send_email>, prepare_email already registered for DAG: example_dag_decorator
[2023-06-14T16:07:12.004+0000] {processor.py:836} INFO - DAG(s) dict_keys(['example_dag_decorator']) retrieved from /home/airflow/.local/lib/python3.7/site-packages/airflow/example_dags/example_dag_decorator.py
[2023-06-14T16:07:12.172+0000] {logging_mixin.py:149} INFO - [2023-06-14T16:07:12.172+0000] {dag.py:2726} INFO - Sync 1 DAGs
[2023-06-14T16:07:12.196+0000] {logging_mixin.py:149} INFO - [2023-06-14T16:07:12.196+0000] {dag.py:3490} INFO - Setting next_dagrun for example_dag_decorator to None, run_after=None
[2023-06-14T16:07:12.216+0000] {processor.py:179} INFO - Processing /home/airflow/.local/lib/python3.7/site-packages/airflow/example_dags/example_dag_decorator.py took 0.229 seconds
[2023-06-14T16:07:43.098+0000] {processor.py:157} INFO - Started process (PID=283) to work on /home/airflow/.local/lib/python3.7/site-packages/airflow/example_dags/example_dag_decorator.py
[2023-06-14T16:07:43.099+0000] {processor.py:826} INFO - Processing file /home/airflow/.local/lib/python3.7/site-packages/airflow/example_dags/example_dag_decorator.py for tasks to queue
[2023-06-14T16:07:43.099+0000] {logging_mixin.py:149} INFO - [2023-06-14T16:07:43.099+0000] {dagbag.py:541} INFO - Filling up the DagBag from /home/airflow/.local/lib/python3.7/site-packages/airflow/example_dags/example_dag_decorator.py
[2023-06-14T16:07:43.105+0000] {logging_mixin.py:149} INFO - [2023-06-14T16:07:43.105+0000] {taskmixin.py:211} WARNING - Dependency <Task(_PythonDecoratedOperator): prepare_email>, send_email already registered for DAG: example_dag_decorator
[2023-06-14T16:07:43.106+0000] {logging_mixin.py:149} INFO - [2023-06-14T16:07:43.106+0000] {taskmixin.py:211} WARNING - Dependency <Task(EmailOperator): send_email>, prepare_email already registered for DAG: example_dag_decorator
[2023-06-14T16:07:43.112+0000] {processor.py:836} INFO - DAG(s) dict_keys(['example_dag_decorator']) retrieved from /home/airflow/.local/lib/python3.7/site-packages/airflow/example_dags/example_dag_decorator.py
[2023-06-14T16:07:43.188+0000] {logging_mixin.py:149} INFO - [2023-06-14T16:07:43.188+0000] {dag.py:2726} INFO - Sync 1 DAGs
[2023-06-14T16:07:43.215+0000] {logging_mixin.py:149} INFO - [2023-06-14T16:07:43.214+0000] {dag.py:3490} INFO - Setting next_dagrun for example_dag_decorator to None, run_after=None
[2023-06-14T16:07:43.236+0000] {processor.py:179} INFO - Processing /home/airflow/.local/lib/python3.7/site-packages/airflow/example_dags/example_dag_decorator.py took 0.141 seconds
[2023-06-14T16:08:13.972+0000] {processor.py:157} INFO - Started process (PID=347) to work on /home/airflow/.local/lib/python3.7/site-packages/airflow/example_dags/example_dag_decorator.py
[2023-06-14T16:08:13.973+0000] {processor.py:826} INFO - Processing file /home/airflow/.local/lib/python3.7/site-packages/airflow/example_dags/example_dag_decorator.py for tasks to queue
[2023-06-14T16:08:13.973+0000] {logging_mixin.py:149} INFO - [2023-06-14T16:08:13.973+0000] {dagbag.py:541} INFO - Filling up the DagBag from /home/airflow/.local/lib/python3.7/site-packages/airflow/example_dags/example_dag_decorator.py
[2023-06-14T16:08:13.979+0000] {logging_mixin.py:149} INFO - [2023-06-14T16:08:13.979+0000] {taskmixin.py:211} WARNING - Dependency <Task(_PythonDecoratedOperator): prepare_email>, send_email already registered for DAG: example_dag_decorator
[2023-06-14T16:08:13.980+0000] {logging_mixin.py:149} INFO - [2023-06-14T16:08:13.980+0000] {taskmixin.py:211} WARNING - Dependency <Task(EmailOperator): send_email>, prepare_email already registered for DAG: example_dag_decorator
[2023-06-14T16:08:13.988+0000] {processor.py:836} INFO - DAG(s) dict_keys(['example_dag_decorator']) retrieved from /home/airflow/.local/lib/python3.7/site-packages/airflow/example_dags/example_dag_decorator.py
[2023-06-14T16:08:14.048+0000] {logging_mixin.py:149} INFO - [2023-06-14T16:08:14.048+0000] {dag.py:2726} INFO - Sync 1 DAGs
[2023-06-14T16:08:14.072+0000] {logging_mixin.py:149} INFO - [2023-06-14T16:08:14.072+0000] {dag.py:3490} INFO - Setting next_dagrun for example_dag_decorator to None, run_after=None
[2023-06-14T16:08:14.091+0000] {processor.py:179} INFO - Processing /home/airflow/.local/lib/python3.7/site-packages/airflow/example_dags/example_dag_decorator.py took 0.122 seconds
[2023-06-14T16:08:44.323+0000] {processor.py:157} INFO - Started process (PID=411) to work on /home/airflow/.local/lib/python3.7/site-packages/airflow/example_dags/example_dag_decorator.py
[2023-06-14T16:08:44.324+0000] {processor.py:826} INFO - Processing file /home/airflow/.local/lib/python3.7/site-packages/airflow/example_dags/example_dag_decorator.py for tasks to queue
[2023-06-14T16:08:44.325+0000] {logging_mixin.py:149} INFO - [2023-06-14T16:08:44.325+0000] {dagbag.py:541} INFO - Filling up the DagBag from /home/airflow/.local/lib/python3.7/site-packages/airflow/example_dags/example_dag_decorator.py
[2023-06-14T16:08:44.331+0000] {logging_mixin.py:149} INFO - [2023-06-14T16:08:44.330+0000] {taskmixin.py:211} WARNING - Dependency <Task(_PythonDecoratedOperator): prepare_email>, send_email already registered for DAG: example_dag_decorator
[2023-06-14T16:08:44.331+0000] {logging_mixin.py:149} INFO - [2023-06-14T16:08:44.331+0000] {taskmixin.py:211} WARNING - Dependency <Task(EmailOperator): send_email>, prepare_email already registered for DAG: example_dag_decorator
[2023-06-14T16:08:44.339+0000] {processor.py:836} INFO - DAG(s) dict_keys(['example_dag_decorator']) retrieved from /home/airflow/.local/lib/python3.7/site-packages/airflow/example_dags/example_dag_decorator.py
[2023-06-14T16:08:44.410+0000] {logging_mixin.py:149} INFO - [2023-06-14T16:08:44.409+0000] {dag.py:2726} INFO - Sync 1 DAGs
[2023-06-14T16:08:44.441+0000] {logging_mixin.py:149} INFO - [2023-06-14T16:08:44.441+0000] {dag.py:3490} INFO - Setting next_dagrun for example_dag_decorator to None, run_after=None
[2023-06-14T16:08:44.468+0000] {processor.py:179} INFO - Processing /home/airflow/.local/lib/python3.7/site-packages/airflow/example_dags/example_dag_decorator.py took 0.147 seconds
[2023-06-14T16:09:14.509+0000] {processor.py:157} INFO - Started process (PID=475) to work on /home/airflow/.local/lib/python3.7/site-packages/airflow/example_dags/example_dag_decorator.py
[2023-06-14T16:09:14.510+0000] {processor.py:826} INFO - Processing file /home/airflow/.local/lib/python3.7/site-packages/airflow/example_dags/example_dag_decorator.py for tasks to queue
[2023-06-14T16:09:14.511+0000] {logging_mixin.py:149} INFO - [2023-06-14T16:09:14.511+0000] {dagbag.py:541} INFO - Filling up the DagBag from /home/airflow/.local/lib/python3.7/site-packages/airflow/example_dags/example_dag_decorator.py
[2023-06-14T16:09:14.516+0000] {logging_mixin.py:149} INFO - [2023-06-14T16:09:14.516+0000] {taskmixin.py:211} WARNING - Dependency <Task(_PythonDecoratedOperator): prepare_email>, send_email already registered for DAG: example_dag_decorator
[2023-06-14T16:09:14.517+0000] {logging_mixin.py:149} INFO - [2023-06-14T16:09:14.517+0000] {taskmixin.py:211} WARNING - Dependency <Task(EmailOperator): send_email>, prepare_email already registered for DAG: example_dag_decorator
[2023-06-14T16:09:14.524+0000] {processor.py:836} INFO - DAG(s) dict_keys(['example_dag_decorator']) retrieved from /home/airflow/.local/lib/python3.7/site-packages/airflow/example_dags/example_dag_decorator.py
[2023-06-14T16:09:14.597+0000] {logging_mixin.py:149} INFO - [2023-06-14T16:09:14.597+0000] {dag.py:2726} INFO - Sync 1 DAGs
[2023-06-14T16:09:14.630+0000] {logging_mixin.py:149} INFO - [2023-06-14T16:09:14.630+0000] {dag.py:3490} INFO - Setting next_dagrun for example_dag_decorator to None, run_after=None
[2023-06-14T16:09:14.656+0000] {processor.py:179} INFO - Processing /home/airflow/.local/lib/python3.7/site-packages/airflow/example_dags/example_dag_decorator.py took 0.149 seconds
[2023-06-14T16:09:45.569+0000] {processor.py:157} INFO - Started process (PID=539) to work on /home/airflow/.local/lib/python3.7/site-packages/airflow/example_dags/example_dag_decorator.py
[2023-06-14T16:09:45.570+0000] {processor.py:826} INFO - Processing file /home/airflow/.local/lib/python3.7/site-packages/airflow/example_dags/example_dag_decorator.py for tasks to queue
[2023-06-14T16:09:45.571+0000] {logging_mixin.py:149} INFO - [2023-06-14T16:09:45.571+0000] {dagbag.py:541} INFO - Filling up the DagBag from /home/airflow/.local/lib/python3.7/site-packages/airflow/example_dags/example_dag_decorator.py
[2023-06-14T16:09:45.577+0000] {logging_mixin.py:149} INFO - [2023-06-14T16:09:45.577+0000] {taskmixin.py:211} WARNING - Dependency <Task(_PythonDecoratedOperator): prepare_email>, send_email already registered for DAG: example_dag_decorator
[2023-06-14T16:09:45.577+0000] {logging_mixin.py:149} INFO - [2023-06-14T16:09:45.577+0000] {taskmixin.py:211} WARNING - Dependency <Task(EmailOperator): send_email>, prepare_email already registered for DAG: example_dag_decorator
[2023-06-14T16:09:45.586+0000] {processor.py:836} INFO - DAG(s) dict_keys(['example_dag_decorator']) retrieved from /home/airflow/.local/lib/python3.7/site-packages/airflow/example_dags/example_dag_decorator.py
[2023-06-14T16:09:45.663+0000] {logging_mixin.py:149} INFO - [2023-06-14T16:09:45.663+0000] {dag.py:2726} INFO - Sync 1 DAGs
[2023-06-14T16:09:45.686+0000] {logging_mixin.py:149} INFO - [2023-06-14T16:09:45.685+0000] {dag.py:3490} INFO - Setting next_dagrun for example_dag_decorator to None, run_after=None
[2023-06-14T16:09:45.719+0000] {processor.py:179} INFO - Processing /home/airflow/.local/lib/python3.7/site-packages/airflow/example_dags/example_dag_decorator.py took 0.152 seconds
[2023-06-14T16:10:16.036+0000] {processor.py:157} INFO - Started process (PID=603) to work on /home/airflow/.local/lib/python3.7/site-packages/airflow/example_dags/example_dag_decorator.py
[2023-06-14T16:10:16.036+0000] {processor.py:826} INFO - Processing file /home/airflow/.local/lib/python3.7/site-packages/airflow/example_dags/example_dag_decorator.py for tasks to queue
[2023-06-14T16:10:16.037+0000] {logging_mixin.py:149} INFO - [2023-06-14T16:10:16.037+0000] {dagbag.py:541} INFO - Filling up the DagBag from /home/airflow/.local/lib/python3.7/site-packages/airflow/example_dags/example_dag_decorator.py
[2023-06-14T16:10:16.041+0000] {logging_mixin.py:149} INFO - [2023-06-14T16:10:16.041+0000] {taskmixin.py:211} WARNING - Dependency <Task(_PythonDecoratedOperator): prepare_email>, send_email already registered for DAG: example_dag_decorator
[2023-06-14T16:10:16.042+0000] {logging_mixin.py:149} INFO - [2023-06-14T16:10:16.042+0000] {taskmixin.py:211} WARNING - Dependency <Task(EmailOperator): send_email>, prepare_email already registered for DAG: example_dag_decorator
[2023-06-14T16:10:16.048+0000] {processor.py:836} INFO - DAG(s) dict_keys(['example_dag_decorator']) retrieved from /home/airflow/.local/lib/python3.7/site-packages/airflow/example_dags/example_dag_decorator.py
[2023-06-14T16:10:16.118+0000] {logging_mixin.py:149} INFO - [2023-06-14T16:10:16.118+0000] {dag.py:2726} INFO - Sync 1 DAGs
[2023-06-14T16:10:16.141+0000] {logging_mixin.py:149} INFO - [2023-06-14T16:10:16.140+0000] {dag.py:3490} INFO - Setting next_dagrun for example_dag_decorator to None, run_after=None
[2023-06-14T16:10:16.163+0000] {processor.py:179} INFO - Processing /home/airflow/.local/lib/python3.7/site-packages/airflow/example_dags/example_dag_decorator.py took 0.129 seconds
[2023-06-14T16:10:46.315+0000] {processor.py:157} INFO - Started process (PID=666) to work on /home/airflow/.local/lib/python3.7/site-packages/airflow/example_dags/example_dag_decorator.py
[2023-06-14T16:10:46.316+0000] {processor.py:826} INFO - Processing file /home/airflow/.local/lib/python3.7/site-packages/airflow/example_dags/example_dag_decorator.py for tasks to queue
[2023-06-14T16:10:46.317+0000] {logging_mixin.py:149} INFO - [2023-06-14T16:10:46.317+0000] {dagbag.py:541} INFO - Filling up the DagBag from /home/airflow/.local/lib/python3.7/site-packages/airflow/example_dags/example_dag_decorator.py
[2023-06-14T16:10:46.324+0000] {logging_mixin.py:149} INFO - [2023-06-14T16:10:46.324+0000] {taskmixin.py:211} WARNING - Dependency <Task(_PythonDecoratedOperator): prepare_email>, send_email already registered for DAG: example_dag_decorator
[2023-06-14T16:10:46.325+0000] {logging_mixin.py:149} INFO - [2023-06-14T16:10:46.324+0000] {taskmixin.py:211} WARNING - Dependency <Task(EmailOperator): send_email>, prepare_email already registered for DAG: example_dag_decorator
[2023-06-14T16:10:46.333+0000] {processor.py:836} INFO - DAG(s) dict_keys(['example_dag_decorator']) retrieved from /home/airflow/.local/lib/python3.7/site-packages/airflow/example_dags/example_dag_decorator.py
[2023-06-14T16:10:46.407+0000] {logging_mixin.py:149} INFO - [2023-06-14T16:10:46.407+0000] {dag.py:2726} INFO - Sync 1 DAGs
[2023-06-14T16:10:46.437+0000] {logging_mixin.py:149} INFO - [2023-06-14T16:10:46.437+0000] {dag.py:3490} INFO - Setting next_dagrun for example_dag_decorator to None, run_after=None
[2023-06-14T16:10:46.469+0000] {processor.py:179} INFO - Processing /home/airflow/.local/lib/python3.7/site-packages/airflow/example_dags/example_dag_decorator.py took 0.157 seconds
[2023-06-14T16:11:16.722+0000] {processor.py:157} INFO - Started process (PID=743) to work on /home/airflow/.local/lib/python3.7/site-packages/airflow/example_dags/example_dag_decorator.py
[2023-06-14T16:11:16.724+0000] {processor.py:826} INFO - Processing file /home/airflow/.local/lib/python3.7/site-packages/airflow/example_dags/example_dag_decorator.py for tasks to queue
[2023-06-14T16:11:16.724+0000] {logging_mixin.py:149} INFO - [2023-06-14T16:11:16.724+0000] {dagbag.py:541} INFO - Filling up the DagBag from /home/airflow/.local/lib/python3.7/site-packages/airflow/example_dags/example_dag_decorator.py
[2023-06-14T16:11:16.731+0000] {logging_mixin.py:149} INFO - [2023-06-14T16:11:16.731+0000] {taskmixin.py:211} WARNING - Dependency <Task(_PythonDecoratedOperator): prepare_email>, send_email already registered for DAG: example_dag_decorator
[2023-06-14T16:11:16.731+0000] {logging_mixin.py:149} INFO - [2023-06-14T16:11:16.731+0000] {taskmixin.py:211} WARNING - Dependency <Task(EmailOperator): send_email>, prepare_email already registered for DAG: example_dag_decorator
[2023-06-14T16:11:16.739+0000] {processor.py:836} INFO - DAG(s) dict_keys(['example_dag_decorator']) retrieved from /home/airflow/.local/lib/python3.7/site-packages/airflow/example_dags/example_dag_decorator.py
[2023-06-14T16:11:16.815+0000] {logging_mixin.py:149} INFO - [2023-06-14T16:11:16.815+0000] {dag.py:2726} INFO - Sync 1 DAGs
[2023-06-14T16:11:16.846+0000] {logging_mixin.py:149} INFO - [2023-06-14T16:11:16.846+0000] {dag.py:3490} INFO - Setting next_dagrun for example_dag_decorator to None, run_after=None
[2023-06-14T16:11:16.870+0000] {processor.py:179} INFO - Processing /home/airflow/.local/lib/python3.7/site-packages/airflow/example_dags/example_dag_decorator.py took 0.151 seconds
[2023-06-14T16:11:47.016+0000] {processor.py:157} INFO - Started process (PID=820) to work on /home/airflow/.local/lib/python3.7/site-packages/airflow/example_dags/example_dag_decorator.py
[2023-06-14T16:11:47.017+0000] {processor.py:826} INFO - Processing file /home/airflow/.local/lib/python3.7/site-packages/airflow/example_dags/example_dag_decorator.py for tasks to queue
[2023-06-14T16:11:47.017+0000] {logging_mixin.py:149} INFO - [2023-06-14T16:11:47.017+0000] {dagbag.py:541} INFO - Filling up the DagBag from /home/airflow/.local/lib/python3.7/site-packages/airflow/example_dags/example_dag_decorator.py
[2023-06-14T16:11:47.022+0000] {logging_mixin.py:149} INFO - [2023-06-14T16:11:47.022+0000] {taskmixin.py:211} WARNING - Dependency <Task(_PythonDecoratedOperator): prepare_email>, send_email already registered for DAG: example_dag_decorator
[2023-06-14T16:11:47.022+0000] {logging_mixin.py:149} INFO - [2023-06-14T16:11:47.022+0000] {taskmixin.py:211} WARNING - Dependency <Task(EmailOperator): send_email>, prepare_email already registered for DAG: example_dag_decorator
[2023-06-14T16:11:47.029+0000] {processor.py:836} INFO - DAG(s) dict_keys(['example_dag_decorator']) retrieved from /home/airflow/.local/lib/python3.7/site-packages/airflow/example_dags/example_dag_decorator.py
[2023-06-14T16:11:47.096+0000] {logging_mixin.py:149} INFO - [2023-06-14T16:11:47.096+0000] {dag.py:2726} INFO - Sync 1 DAGs
[2023-06-14T16:11:47.120+0000] {logging_mixin.py:149} INFO - [2023-06-14T16:11:47.119+0000] {dag.py:3490} INFO - Setting next_dagrun for example_dag_decorator to None, run_after=None
[2023-06-14T16:11:47.138+0000] {processor.py:179} INFO - Processing /home/airflow/.local/lib/python3.7/site-packages/airflow/example_dags/example_dag_decorator.py took 0.125 seconds
[2023-06-14T16:12:17.414+0000] {processor.py:157} INFO - Started process (PID=897) to work on /home/airflow/.local/lib/python3.7/site-packages/airflow/example_dags/example_dag_decorator.py
[2023-06-14T16:12:17.415+0000] {processor.py:826} INFO - Processing file /home/airflow/.local/lib/python3.7/site-packages/airflow/example_dags/example_dag_decorator.py for tasks to queue
[2023-06-14T16:12:17.416+0000] {logging_mixin.py:149} INFO - [2023-06-14T16:12:17.416+0000] {dagbag.py:541} INFO - Filling up the DagBag from /home/airflow/.local/lib/python3.7/site-packages/airflow/example_dags/example_dag_decorator.py
[2023-06-14T16:12:17.421+0000] {logging_mixin.py:149} INFO - [2023-06-14T16:12:17.421+0000] {taskmixin.py:211} WARNING - Dependency <Task(_PythonDecoratedOperator): prepare_email>, send_email already registered for DAG: example_dag_decorator
[2023-06-14T16:12:17.422+0000] {logging_mixin.py:149} INFO - [2023-06-14T16:12:17.422+0000] {taskmixin.py:211} WARNING - Dependency <Task(EmailOperator): send_email>, prepare_email already registered for DAG: example_dag_decorator
[2023-06-14T16:12:17.429+0000] {processor.py:836} INFO - DAG(s) dict_keys(['example_dag_decorator']) retrieved from /home/airflow/.local/lib/python3.7/site-packages/airflow/example_dags/example_dag_decorator.py
[2023-06-14T16:12:17.494+0000] {logging_mixin.py:149} INFO - [2023-06-14T16:12:17.494+0000] {dag.py:2726} INFO - Sync 1 DAGs
[2023-06-14T16:12:17.519+0000] {logging_mixin.py:149} INFO - [2023-06-14T16:12:17.519+0000] {dag.py:3490} INFO - Setting next_dagrun for example_dag_decorator to None, run_after=None
[2023-06-14T16:12:17.539+0000] {processor.py:179} INFO - Processing /home/airflow/.local/lib/python3.7/site-packages/airflow/example_dags/example_dag_decorator.py took 0.128 seconds
[2023-06-14T16:12:47.649+0000] {processor.py:157} INFO - Started process (PID=974) to work on /home/airflow/.local/lib/python3.7/site-packages/airflow/example_dags/example_dag_decorator.py
[2023-06-14T16:12:47.650+0000] {processor.py:826} INFO - Processing file /home/airflow/.local/lib/python3.7/site-packages/airflow/example_dags/example_dag_decorator.py for tasks to queue
[2023-06-14T16:12:47.651+0000] {logging_mixin.py:149} INFO - [2023-06-14T16:12:47.651+0000] {dagbag.py:541} INFO - Filling up the DagBag from /home/airflow/.local/lib/python3.7/site-packages/airflow/example_dags/example_dag_decorator.py
[2023-06-14T16:12:47.659+0000] {logging_mixin.py:149} INFO - [2023-06-14T16:12:47.658+0000] {taskmixin.py:211} WARNING - Dependency <Task(_PythonDecoratedOperator): prepare_email>, send_email already registered for DAG: example_dag_decorator
[2023-06-14T16:12:47.659+0000] {logging_mixin.py:149} INFO - [2023-06-14T16:12:47.659+0000] {taskmixin.py:211} WARNING - Dependency <Task(EmailOperator): send_email>, prepare_email already registered for DAG: example_dag_decorator
[2023-06-14T16:12:47.668+0000] {processor.py:836} INFO - DAG(s) dict_keys(['example_dag_decorator']) retrieved from /home/airflow/.local/lib/python3.7/site-packages/airflow/example_dags/example_dag_decorator.py
[2023-06-14T16:12:47.733+0000] {logging_mixin.py:149} INFO - [2023-06-14T16:12:47.733+0000] {dag.py:2726} INFO - Sync 1 DAGs
[2023-06-14T16:12:47.757+0000] {logging_mixin.py:149} INFO - [2023-06-14T16:12:47.757+0000] {dag.py:3490} INFO - Setting next_dagrun for example_dag_decorator to None, run_after=None
[2023-06-14T16:12:47.774+0000] {processor.py:179} INFO - Processing /home/airflow/.local/lib/python3.7/site-packages/airflow/example_dags/example_dag_decorator.py took 0.127 seconds
[2023-06-14T16:13:18.261+0000] {processor.py:157} INFO - Started process (PID=1052) to work on /home/airflow/.local/lib/python3.7/site-packages/airflow/example_dags/example_dag_decorator.py
[2023-06-14T16:13:18.261+0000] {processor.py:826} INFO - Processing file /home/airflow/.local/lib/python3.7/site-packages/airflow/example_dags/example_dag_decorator.py for tasks to queue
[2023-06-14T16:13:18.262+0000] {logging_mixin.py:149} INFO - [2023-06-14T16:13:18.262+0000] {dagbag.py:541} INFO - Filling up the DagBag from /home/airflow/.local/lib/python3.7/site-packages/airflow/example_dags/example_dag_decorator.py
[2023-06-14T16:13:18.267+0000] {logging_mixin.py:149} INFO - [2023-06-14T16:13:18.267+0000] {taskmixin.py:211} WARNING - Dependency <Task(_PythonDecoratedOperator): prepare_email>, send_email already registered for DAG: example_dag_decorator
[2023-06-14T16:13:18.268+0000] {logging_mixin.py:149} INFO - [2023-06-14T16:13:18.268+0000] {taskmixin.py:211} WARNING - Dependency <Task(EmailOperator): send_email>, prepare_email already registered for DAG: example_dag_decorator
[2023-06-14T16:13:18.275+0000] {processor.py:836} INFO - DAG(s) dict_keys(['example_dag_decorator']) retrieved from /home/airflow/.local/lib/python3.7/site-packages/airflow/example_dags/example_dag_decorator.py
[2023-06-14T16:13:18.341+0000] {logging_mixin.py:149} INFO - [2023-06-14T16:13:18.341+0000] {dag.py:2726} INFO - Sync 1 DAGs
[2023-06-14T16:13:18.370+0000] {logging_mixin.py:149} INFO - [2023-06-14T16:13:18.370+0000] {dag.py:3490} INFO - Setting next_dagrun for example_dag_decorator to None, run_after=None
[2023-06-14T16:13:18.392+0000] {processor.py:179} INFO - Processing /home/airflow/.local/lib/python3.7/site-packages/airflow/example_dags/example_dag_decorator.py took 0.134 seconds
[2023-06-14T16:13:48.588+0000] {processor.py:157} INFO - Started process (PID=1129) to work on /home/airflow/.local/lib/python3.7/site-packages/airflow/example_dags/example_dag_decorator.py
[2023-06-14T16:13:48.588+0000] {processor.py:826} INFO - Processing file /home/airflow/.local/lib/python3.7/site-packages/airflow/example_dags/example_dag_decorator.py for tasks to queue
[2023-06-14T16:13:48.589+0000] {logging_mixin.py:149} INFO - [2023-06-14T16:13:48.589+0000] {dagbag.py:541} INFO - Filling up the DagBag from /home/airflow/.local/lib/python3.7/site-packages/airflow/example_dags/example_dag_decorator.py
[2023-06-14T16:13:48.594+0000] {logging_mixin.py:149} INFO - [2023-06-14T16:13:48.594+0000] {taskmixin.py:211} WARNING - Dependency <Task(_PythonDecoratedOperator): prepare_email>, send_email already registered for DAG: example_dag_decorator
[2023-06-14T16:13:48.595+0000] {logging_mixin.py:149} INFO - [2023-06-14T16:13:48.595+0000] {taskmixin.py:211} WARNING - Dependency <Task(EmailOperator): send_email>, prepare_email already registered for DAG: example_dag_decorator
[2023-06-14T16:13:48.602+0000] {processor.py:836} INFO - DAG(s) dict_keys(['example_dag_decorator']) retrieved from /home/airflow/.local/lib/python3.7/site-packages/airflow/example_dags/example_dag_decorator.py
[2023-06-14T16:13:48.671+0000] {logging_mixin.py:149} INFO - [2023-06-14T16:13:48.671+0000] {dag.py:2726} INFO - Sync 1 DAGs
[2023-06-14T16:13:48.696+0000] {logging_mixin.py:149} INFO - [2023-06-14T16:13:48.695+0000] {dag.py:3490} INFO - Setting next_dagrun for example_dag_decorator to None, run_after=None
[2023-06-14T16:13:48.714+0000] {processor.py:179} INFO - Processing /home/airflow/.local/lib/python3.7/site-packages/airflow/example_dags/example_dag_decorator.py took 0.129 seconds
[2023-06-14T16:14:18.995+0000] {processor.py:157} INFO - Started process (PID=1206) to work on /home/airflow/.local/lib/python3.7/site-packages/airflow/example_dags/example_dag_decorator.py
[2023-06-14T16:14:18.996+0000] {processor.py:826} INFO - Processing file /home/airflow/.local/lib/python3.7/site-packages/airflow/example_dags/example_dag_decorator.py for tasks to queue
[2023-06-14T16:14:18.997+0000] {logging_mixin.py:149} INFO - [2023-06-14T16:14:18.997+0000] {dagbag.py:541} INFO - Filling up the DagBag from /home/airflow/.local/lib/python3.7/site-packages/airflow/example_dags/example_dag_decorator.py
[2023-06-14T16:14:19.002+0000] {logging_mixin.py:149} INFO - [2023-06-14T16:14:19.002+0000] {taskmixin.py:211} WARNING - Dependency <Task(_PythonDecoratedOperator): prepare_email>, send_email already registered for DAG: example_dag_decorator
[2023-06-14T16:14:19.003+0000] {logging_mixin.py:149} INFO - [2023-06-14T16:14:19.003+0000] {taskmixin.py:211} WARNING - Dependency <Task(EmailOperator): send_email>, prepare_email already registered for DAG: example_dag_decorator
[2023-06-14T16:14:19.011+0000] {processor.py:836} INFO - DAG(s) dict_keys(['example_dag_decorator']) retrieved from /home/airflow/.local/lib/python3.7/site-packages/airflow/example_dags/example_dag_decorator.py
[2023-06-14T16:14:19.083+0000] {logging_mixin.py:149} INFO - [2023-06-14T16:14:19.083+0000] {dag.py:2726} INFO - Sync 1 DAGs
[2023-06-14T16:14:19.109+0000] {logging_mixin.py:149} INFO - [2023-06-14T16:14:19.109+0000] {dag.py:3490} INFO - Setting next_dagrun for example_dag_decorator to None, run_after=None
[2023-06-14T16:14:19.131+0000] {processor.py:179} INFO - Processing /home/airflow/.local/lib/python3.7/site-packages/airflow/example_dags/example_dag_decorator.py took 0.138 seconds
[2023-06-14T16:14:49.456+0000] {processor.py:157} INFO - Started process (PID=1283) to work on /home/airflow/.local/lib/python3.7/site-packages/airflow/example_dags/example_dag_decorator.py
[2023-06-14T16:14:49.457+0000] {processor.py:826} INFO - Processing file /home/airflow/.local/lib/python3.7/site-packages/airflow/example_dags/example_dag_decorator.py for tasks to queue
[2023-06-14T16:14:49.458+0000] {logging_mixin.py:149} INFO - [2023-06-14T16:14:49.458+0000] {dagbag.py:541} INFO - Filling up the DagBag from /home/airflow/.local/lib/python3.7/site-packages/airflow/example_dags/example_dag_decorator.py
[2023-06-14T16:14:49.462+0000] {logging_mixin.py:149} INFO - [2023-06-14T16:14:49.462+0000] {taskmixin.py:211} WARNING - Dependency <Task(_PythonDecoratedOperator): prepare_email>, send_email already registered for DAG: example_dag_decorator
[2023-06-14T16:14:49.463+0000] {logging_mixin.py:149} INFO - [2023-06-14T16:14:49.463+0000] {taskmixin.py:211} WARNING - Dependency <Task(EmailOperator): send_email>, prepare_email already registered for DAG: example_dag_decorator
[2023-06-14T16:14:49.470+0000] {processor.py:836} INFO - DAG(s) dict_keys(['example_dag_decorator']) retrieved from /home/airflow/.local/lib/python3.7/site-packages/airflow/example_dags/example_dag_decorator.py
[2023-06-14T16:14:49.538+0000] {logging_mixin.py:149} INFO - [2023-06-14T16:14:49.538+0000] {dag.py:2726} INFO - Sync 1 DAGs
[2023-06-14T16:14:49.566+0000] {logging_mixin.py:149} INFO - [2023-06-14T16:14:49.566+0000] {dag.py:3490} INFO - Setting next_dagrun for example_dag_decorator to None, run_after=None
[2023-06-14T16:14:49.585+0000] {processor.py:179} INFO - Processing /home/airflow/.local/lib/python3.7/site-packages/airflow/example_dags/example_dag_decorator.py took 0.130 seconds
[2023-06-14T16:15:19.856+0000] {processor.py:157} INFO - Started process (PID=1360) to work on /home/airflow/.local/lib/python3.7/site-packages/airflow/example_dags/example_dag_decorator.py
[2023-06-14T16:15:19.856+0000] {processor.py:826} INFO - Processing file /home/airflow/.local/lib/python3.7/site-packages/airflow/example_dags/example_dag_decorator.py for tasks to queue
[2023-06-14T16:15:19.857+0000] {logging_mixin.py:149} INFO - [2023-06-14T16:15:19.857+0000] {dagbag.py:541} INFO - Filling up the DagBag from /home/airflow/.local/lib/python3.7/site-packages/airflow/example_dags/example_dag_decorator.py
[2023-06-14T16:15:19.863+0000] {logging_mixin.py:149} INFO - [2023-06-14T16:15:19.863+0000] {taskmixin.py:211} WARNING - Dependency <Task(_PythonDecoratedOperator): prepare_email>, send_email already registered for DAG: example_dag_decorator
[2023-06-14T16:15:19.864+0000] {logging_mixin.py:149} INFO - [2023-06-14T16:15:19.864+0000] {taskmixin.py:211} WARNING - Dependency <Task(EmailOperator): send_email>, prepare_email already registered for DAG: example_dag_decorator
[2023-06-14T16:15:19.871+0000] {processor.py:836} INFO - DAG(s) dict_keys(['example_dag_decorator']) retrieved from /home/airflow/.local/lib/python3.7/site-packages/airflow/example_dags/example_dag_decorator.py
[2023-06-14T16:15:19.930+0000] {logging_mixin.py:149} INFO - [2023-06-14T16:15:19.930+0000] {dag.py:2726} INFO - Sync 1 DAGs
[2023-06-14T16:15:19.957+0000] {logging_mixin.py:149} INFO - [2023-06-14T16:15:19.957+0000] {dag.py:3490} INFO - Setting next_dagrun for example_dag_decorator to None, run_after=None
[2023-06-14T16:15:19.975+0000] {processor.py:179} INFO - Processing /home/airflow/.local/lib/python3.7/site-packages/airflow/example_dags/example_dag_decorator.py took 0.122 seconds
[2023-06-14T16:15:50.373+0000] {processor.py:157} INFO - Started process (PID=1437) to work on /home/airflow/.local/lib/python3.7/site-packages/airflow/example_dags/example_dag_decorator.py
[2023-06-14T16:15:50.374+0000] {processor.py:826} INFO - Processing file /home/airflow/.local/lib/python3.7/site-packages/airflow/example_dags/example_dag_decorator.py for tasks to queue
[2023-06-14T16:15:50.375+0000] {logging_mixin.py:149} INFO - [2023-06-14T16:15:50.375+0000] {dagbag.py:541} INFO - Filling up the DagBag from /home/airflow/.local/lib/python3.7/site-packages/airflow/example_dags/example_dag_decorator.py
[2023-06-14T16:15:50.383+0000] {logging_mixin.py:149} INFO - [2023-06-14T16:15:50.383+0000] {taskmixin.py:211} WARNING - Dependency <Task(_PythonDecoratedOperator): prepare_email>, send_email already registered for DAG: example_dag_decorator
[2023-06-14T16:15:50.384+0000] {logging_mixin.py:149} INFO - [2023-06-14T16:15:50.384+0000] {taskmixin.py:211} WARNING - Dependency <Task(EmailOperator): send_email>, prepare_email already registered for DAG: example_dag_decorator
[2023-06-14T16:15:50.393+0000] {processor.py:836} INFO - DAG(s) dict_keys(['example_dag_decorator']) retrieved from /home/airflow/.local/lib/python3.7/site-packages/airflow/example_dags/example_dag_decorator.py
[2023-06-14T16:15:50.466+0000] {logging_mixin.py:149} INFO - [2023-06-14T16:15:50.466+0000] {dag.py:2726} INFO - Sync 1 DAGs
[2023-06-14T16:15:50.491+0000] {logging_mixin.py:149} INFO - [2023-06-14T16:15:50.490+0000] {dag.py:3490} INFO - Setting next_dagrun for example_dag_decorator to None, run_after=None
[2023-06-14T16:15:50.510+0000] {processor.py:179} INFO - Processing /home/airflow/.local/lib/python3.7/site-packages/airflow/example_dags/example_dag_decorator.py took 0.141 seconds
[2023-06-14T16:16:21.003+0000] {processor.py:157} INFO - Started process (PID=1514) to work on /home/airflow/.local/lib/python3.7/site-packages/airflow/example_dags/example_dag_decorator.py
[2023-06-14T16:16:21.004+0000] {processor.py:826} INFO - Processing file /home/airflow/.local/lib/python3.7/site-packages/airflow/example_dags/example_dag_decorator.py for tasks to queue
[2023-06-14T16:16:21.005+0000] {logging_mixin.py:149} INFO - [2023-06-14T16:16:21.004+0000] {dagbag.py:541} INFO - Filling up the DagBag from /home/airflow/.local/lib/python3.7/site-packages/airflow/example_dags/example_dag_decorator.py
[2023-06-14T16:16:21.011+0000] {logging_mixin.py:149} INFO - [2023-06-14T16:16:21.010+0000] {taskmixin.py:211} WARNING - Dependency <Task(_PythonDecoratedOperator): prepare_email>, send_email already registered for DAG: example_dag_decorator
[2023-06-14T16:16:21.011+0000] {logging_mixin.py:149} INFO - [2023-06-14T16:16:21.011+0000] {taskmixin.py:211} WARNING - Dependency <Task(EmailOperator): send_email>, prepare_email already registered for DAG: example_dag_decorator
[2023-06-14T16:16:21.019+0000] {processor.py:836} INFO - DAG(s) dict_keys(['example_dag_decorator']) retrieved from /home/airflow/.local/lib/python3.7/site-packages/airflow/example_dags/example_dag_decorator.py
[2023-06-14T16:16:21.109+0000] {logging_mixin.py:149} INFO - [2023-06-14T16:16:21.109+0000] {dag.py:2726} INFO - Sync 1 DAGs
[2023-06-14T16:16:21.144+0000] {logging_mixin.py:149} INFO - [2023-06-14T16:16:21.143+0000] {dag.py:3490} INFO - Setting next_dagrun for example_dag_decorator to None, run_after=None
[2023-06-14T16:16:21.167+0000] {processor.py:179} INFO - Processing /home/airflow/.local/lib/python3.7/site-packages/airflow/example_dags/example_dag_decorator.py took 0.167 seconds
[2023-06-14T16:16:51.437+0000] {processor.py:157} INFO - Started process (PID=1591) to work on /home/airflow/.local/lib/python3.7/site-packages/airflow/example_dags/example_dag_decorator.py
[2023-06-14T16:16:51.438+0000] {processor.py:826} INFO - Processing file /home/airflow/.local/lib/python3.7/site-packages/airflow/example_dags/example_dag_decorator.py for tasks to queue
[2023-06-14T16:16:51.439+0000] {logging_mixin.py:149} INFO - [2023-06-14T16:16:51.439+0000] {dagbag.py:541} INFO - Filling up the DagBag from /home/airflow/.local/lib/python3.7/site-packages/airflow/example_dags/example_dag_decorator.py
[2023-06-14T16:16:51.445+0000] {logging_mixin.py:149} INFO - [2023-06-14T16:16:51.445+0000] {taskmixin.py:211} WARNING - Dependency <Task(_PythonDecoratedOperator): prepare_email>, send_email already registered for DAG: example_dag_decorator
[2023-06-14T16:16:51.446+0000] {logging_mixin.py:149} INFO - [2023-06-14T16:16:51.446+0000] {taskmixin.py:211} WARNING - Dependency <Task(EmailOperator): send_email>, prepare_email already registered for DAG: example_dag_decorator
[2023-06-14T16:16:51.458+0000] {processor.py:836} INFO - DAG(s) dict_keys(['example_dag_decorator']) retrieved from /home/airflow/.local/lib/python3.7/site-packages/airflow/example_dags/example_dag_decorator.py
[2023-06-14T16:16:51.525+0000] {logging_mixin.py:149} INFO - [2023-06-14T16:16:51.525+0000] {dag.py:2726} INFO - Sync 1 DAGs
[2023-06-14T16:16:51.554+0000] {logging_mixin.py:149} INFO - [2023-06-14T16:16:51.554+0000] {dag.py:3490} INFO - Setting next_dagrun for example_dag_decorator to None, run_after=None
[2023-06-14T16:16:51.576+0000] {processor.py:179} INFO - Processing /home/airflow/.local/lib/python3.7/site-packages/airflow/example_dags/example_dag_decorator.py took 0.142 seconds
