[2023-06-14T16:06:11.862+0000] {processor.py:157} INFO - Started process (PID=67) to work on /home/airflow/.local/lib/python3.7/site-packages/airflow/example_dags/example_latest_only.py
[2023-06-14T16:06:11.863+0000] {processor.py:826} INFO - Processing file /home/airflow/.local/lib/python3.7/site-packages/airflow/example_dags/example_latest_only.py for tasks to queue
[2023-06-14T16:06:11.864+0000] {logging_mixin.py:149} INFO - [2023-06-14T16:06:11.864+0000] {dagbag.py:541} INFO - Filling up the DagBag from /home/airflow/.local/lib/python3.7/site-packages/airflow/example_dags/example_latest_only.py
[2023-06-14T16:06:11.870+0000] {processor.py:836} INFO - DAG(s) dict_keys(['latest_only']) retrieved from /home/airflow/.local/lib/python3.7/site-packages/airflow/example_dags/example_latest_only.py
[2023-06-14T16:06:11.899+0000] {logging_mixin.py:149} INFO - [2023-06-14T16:06:11.899+0000] {dag.py:2726} INFO - Sync 1 DAGs
[2023-06-14T16:06:11.932+0000] {logging_mixin.py:149} INFO - [2023-06-14T16:06:11.931+0000] {dag.py:3490} INFO - Setting next_dagrun for latest_only to 2023-06-14T12:06:11.931620+00:00, run_after=2023-06-14T16:06:11.931620+00:00
[2023-06-14T16:06:11.956+0000] {processor.py:179} INFO - Processing /home/airflow/.local/lib/python3.7/site-packages/airflow/example_dags/example_latest_only.py took 0.096 seconds
[2023-06-14T16:06:42.482+0000] {processor.py:157} INFO - Started process (PID=144) to work on /home/airflow/.local/lib/python3.7/site-packages/airflow/example_dags/example_latest_only.py
[2023-06-14T16:06:42.483+0000] {processor.py:826} INFO - Processing file /home/airflow/.local/lib/python3.7/site-packages/airflow/example_dags/example_latest_only.py for tasks to queue
[2023-06-14T16:06:42.484+0000] {logging_mixin.py:149} INFO - [2023-06-14T16:06:42.484+0000] {dagbag.py:541} INFO - Filling up the DagBag from /home/airflow/.local/lib/python3.7/site-packages/airflow/example_dags/example_latest_only.py
[2023-06-14T16:06:42.497+0000] {processor.py:836} INFO - DAG(s) dict_keys(['latest_only']) retrieved from /home/airflow/.local/lib/python3.7/site-packages/airflow/example_dags/example_latest_only.py
[2023-06-14T16:06:42.521+0000] {logging_mixin.py:149} INFO - [2023-06-14T16:06:42.521+0000] {dag.py:2726} INFO - Sync 1 DAGs
[2023-06-14T16:06:42.553+0000] {logging_mixin.py:149} INFO - [2023-06-14T16:06:42.552+0000] {dag.py:3490} INFO - Setting next_dagrun for latest_only to 2023-06-14T12:06:42.552584+00:00, run_after=2023-06-14T16:06:42.552584+00:00
[2023-06-14T16:06:42.583+0000] {processor.py:179} INFO - Processing /home/airflow/.local/lib/python3.7/site-packages/airflow/example_dags/example_latest_only.py took 0.105 seconds
[2023-06-14T16:07:13.517+0000] {processor.py:157} INFO - Started process (PID=221) to work on /home/airflow/.local/lib/python3.7/site-packages/airflow/example_dags/example_latest_only.py
[2023-06-14T16:07:13.518+0000] {processor.py:826} INFO - Processing file /home/airflow/.local/lib/python3.7/site-packages/airflow/example_dags/example_latest_only.py for tasks to queue
[2023-06-14T16:07:13.519+0000] {logging_mixin.py:149} INFO - [2023-06-14T16:07:13.519+0000] {dagbag.py:541} INFO - Filling up the DagBag from /home/airflow/.local/lib/python3.7/site-packages/airflow/example_dags/example_latest_only.py
[2023-06-14T16:07:13.525+0000] {processor.py:836} INFO - DAG(s) dict_keys(['latest_only']) retrieved from /home/airflow/.local/lib/python3.7/site-packages/airflow/example_dags/example_latest_only.py
[2023-06-14T16:07:13.549+0000] {logging_mixin.py:149} INFO - [2023-06-14T16:07:13.549+0000] {dag.py:2726} INFO - Sync 1 DAGs
[2023-06-14T16:07:13.689+0000] {logging_mixin.py:149} INFO - [2023-06-14T16:07:13.689+0000] {dag.py:3490} INFO - Setting next_dagrun for latest_only to 2023-06-14T12:07:13.689084+00:00, run_after=2023-06-14T16:07:13.689084+00:00
[2023-06-14T16:07:13.708+0000] {processor.py:179} INFO - Processing /home/airflow/.local/lib/python3.7/site-packages/airflow/example_dags/example_latest_only.py took 0.194 seconds
[2023-06-14T16:07:44.014+0000] {processor.py:157} INFO - Started process (PID=298) to work on /home/airflow/.local/lib/python3.7/site-packages/airflow/example_dags/example_latest_only.py
[2023-06-14T16:07:44.015+0000] {processor.py:826} INFO - Processing file /home/airflow/.local/lib/python3.7/site-packages/airflow/example_dags/example_latest_only.py for tasks to queue
[2023-06-14T16:07:44.016+0000] {logging_mixin.py:149} INFO - [2023-06-14T16:07:44.016+0000] {dagbag.py:541} INFO - Filling up the DagBag from /home/airflow/.local/lib/python3.7/site-packages/airflow/example_dags/example_latest_only.py
[2023-06-14T16:07:44.020+0000] {processor.py:836} INFO - DAG(s) dict_keys(['latest_only']) retrieved from /home/airflow/.local/lib/python3.7/site-packages/airflow/example_dags/example_latest_only.py
[2023-06-14T16:07:44.039+0000] {logging_mixin.py:149} INFO - [2023-06-14T16:07:44.039+0000] {dag.py:2726} INFO - Sync 1 DAGs
[2023-06-14T16:07:44.063+0000] {logging_mixin.py:149} INFO - [2023-06-14T16:07:44.062+0000] {dag.py:3490} INFO - Setting next_dagrun for latest_only to 2023-06-14T12:07:44.062690+00:00, run_after=2023-06-14T16:07:44.062690+00:00
[2023-06-14T16:07:44.081+0000] {processor.py:179} INFO - Processing /home/airflow/.local/lib/python3.7/site-packages/airflow/example_dags/example_latest_only.py took 0.069 seconds
[2023-06-14T16:08:14.839+0000] {processor.py:157} INFO - Started process (PID=362) to work on /home/airflow/.local/lib/python3.7/site-packages/airflow/example_dags/example_latest_only.py
[2023-06-14T16:08:14.839+0000] {processor.py:826} INFO - Processing file /home/airflow/.local/lib/python3.7/site-packages/airflow/example_dags/example_latest_only.py for tasks to queue
[2023-06-14T16:08:14.840+0000] {logging_mixin.py:149} INFO - [2023-06-14T16:08:14.840+0000] {dagbag.py:541} INFO - Filling up the DagBag from /home/airflow/.local/lib/python3.7/site-packages/airflow/example_dags/example_latest_only.py
[2023-06-14T16:08:14.844+0000] {processor.py:836} INFO - DAG(s) dict_keys(['latest_only']) retrieved from /home/airflow/.local/lib/python3.7/site-packages/airflow/example_dags/example_latest_only.py
[2023-06-14T16:08:14.864+0000] {logging_mixin.py:149} INFO - [2023-06-14T16:08:14.864+0000] {dag.py:2726} INFO - Sync 1 DAGs
[2023-06-14T16:08:14.886+0000] {logging_mixin.py:149} INFO - [2023-06-14T16:08:14.886+0000] {dag.py:3490} INFO - Setting next_dagrun for latest_only to 2023-06-14T12:08:14.886658+00:00, run_after=2023-06-14T16:08:14.886658+00:00
[2023-06-14T16:08:14.902+0000] {processor.py:179} INFO - Processing /home/airflow/.local/lib/python3.7/site-packages/airflow/example_dags/example_latest_only.py took 0.066 seconds
[2023-06-14T16:08:45.269+0000] {processor.py:157} INFO - Started process (PID=426) to work on /home/airflow/.local/lib/python3.7/site-packages/airflow/example_dags/example_latest_only.py
[2023-06-14T16:08:45.270+0000] {processor.py:826} INFO - Processing file /home/airflow/.local/lib/python3.7/site-packages/airflow/example_dags/example_latest_only.py for tasks to queue
[2023-06-14T16:08:45.271+0000] {logging_mixin.py:149} INFO - [2023-06-14T16:08:45.271+0000] {dagbag.py:541} INFO - Filling up the DagBag from /home/airflow/.local/lib/python3.7/site-packages/airflow/example_dags/example_latest_only.py
[2023-06-14T16:08:45.277+0000] {processor.py:836} INFO - DAG(s) dict_keys(['latest_only']) retrieved from /home/airflow/.local/lib/python3.7/site-packages/airflow/example_dags/example_latest_only.py
[2023-06-14T16:08:45.298+0000] {logging_mixin.py:149} INFO - [2023-06-14T16:08:45.297+0000] {dag.py:2726} INFO - Sync 1 DAGs
[2023-06-14T16:08:45.325+0000] {logging_mixin.py:149} INFO - [2023-06-14T16:08:45.325+0000] {dag.py:3490} INFO - Setting next_dagrun for latest_only to 2023-06-14T12:08:45.325318+00:00, run_after=2023-06-14T16:08:45.325318+00:00
[2023-06-14T16:08:45.345+0000] {processor.py:179} INFO - Processing /home/airflow/.local/lib/python3.7/site-packages/airflow/example_dags/example_latest_only.py took 0.078 seconds
[2023-06-14T16:09:15.487+0000] {processor.py:157} INFO - Started process (PID=490) to work on /home/airflow/.local/lib/python3.7/site-packages/airflow/example_dags/example_latest_only.py
[2023-06-14T16:09:15.488+0000] {processor.py:826} INFO - Processing file /home/airflow/.local/lib/python3.7/site-packages/airflow/example_dags/example_latest_only.py for tasks to queue
[2023-06-14T16:09:15.489+0000] {logging_mixin.py:149} INFO - [2023-06-14T16:09:15.488+0000] {dagbag.py:541} INFO - Filling up the DagBag from /home/airflow/.local/lib/python3.7/site-packages/airflow/example_dags/example_latest_only.py
[2023-06-14T16:09:15.493+0000] {processor.py:836} INFO - DAG(s) dict_keys(['latest_only']) retrieved from /home/airflow/.local/lib/python3.7/site-packages/airflow/example_dags/example_latest_only.py
[2023-06-14T16:09:15.516+0000] {logging_mixin.py:149} INFO - [2023-06-14T16:09:15.516+0000] {dag.py:2726} INFO - Sync 1 DAGs
[2023-06-14T16:09:15.546+0000] {logging_mixin.py:149} INFO - [2023-06-14T16:09:15.546+0000] {dag.py:3490} INFO - Setting next_dagrun for latest_only to 2023-06-14T12:09:15.546014+00:00, run_after=2023-06-14T16:09:15.546014+00:00
[2023-06-14T16:09:15.566+0000] {processor.py:179} INFO - Processing /home/airflow/.local/lib/python3.7/site-packages/airflow/example_dags/example_latest_only.py took 0.081 seconds
[2023-06-14T16:09:46.617+0000] {processor.py:157} INFO - Started process (PID=554) to work on /home/airflow/.local/lib/python3.7/site-packages/airflow/example_dags/example_latest_only.py
[2023-06-14T16:09:46.618+0000] {processor.py:826} INFO - Processing file /home/airflow/.local/lib/python3.7/site-packages/airflow/example_dags/example_latest_only.py for tasks to queue
[2023-06-14T16:09:46.618+0000] {logging_mixin.py:149} INFO - [2023-06-14T16:09:46.618+0000] {dagbag.py:541} INFO - Filling up the DagBag from /home/airflow/.local/lib/python3.7/site-packages/airflow/example_dags/example_latest_only.py
[2023-06-14T16:09:46.622+0000] {processor.py:836} INFO - DAG(s) dict_keys(['latest_only']) retrieved from /home/airflow/.local/lib/python3.7/site-packages/airflow/example_dags/example_latest_only.py
[2023-06-14T16:09:46.646+0000] {logging_mixin.py:149} INFO - [2023-06-14T16:09:46.646+0000] {dag.py:2726} INFO - Sync 1 DAGs
[2023-06-14T16:09:46.671+0000] {logging_mixin.py:149} INFO - [2023-06-14T16:09:46.671+0000] {dag.py:3490} INFO - Setting next_dagrun for latest_only to 2023-06-14T12:09:46.671031+00:00, run_after=2023-06-14T16:09:46.671031+00:00
[2023-06-14T16:09:46.689+0000] {processor.py:179} INFO - Processing /home/airflow/.local/lib/python3.7/site-packages/airflow/example_dags/example_latest_only.py took 0.074 seconds
[2023-06-14T16:10:16.966+0000] {processor.py:157} INFO - Started process (PID=618) to work on /home/airflow/.local/lib/python3.7/site-packages/airflow/example_dags/example_latest_only.py
[2023-06-14T16:10:16.967+0000] {processor.py:826} INFO - Processing file /home/airflow/.local/lib/python3.7/site-packages/airflow/example_dags/example_latest_only.py for tasks to queue
[2023-06-14T16:10:16.968+0000] {logging_mixin.py:149} INFO - [2023-06-14T16:10:16.968+0000] {dagbag.py:541} INFO - Filling up the DagBag from /home/airflow/.local/lib/python3.7/site-packages/airflow/example_dags/example_latest_only.py
[2023-06-14T16:10:16.972+0000] {processor.py:836} INFO - DAG(s) dict_keys(['latest_only']) retrieved from /home/airflow/.local/lib/python3.7/site-packages/airflow/example_dags/example_latest_only.py
[2023-06-14T16:10:16.993+0000] {logging_mixin.py:149} INFO - [2023-06-14T16:10:16.993+0000] {dag.py:2726} INFO - Sync 1 DAGs
[2023-06-14T16:10:17.018+0000] {logging_mixin.py:149} INFO - [2023-06-14T16:10:17.017+0000] {dag.py:3490} INFO - Setting next_dagrun for latest_only to 2023-06-14T12:10:17.017635+00:00, run_after=2023-06-14T16:10:17.017635+00:00
[2023-06-14T16:10:17.036+0000] {processor.py:179} INFO - Processing /home/airflow/.local/lib/python3.7/site-packages/airflow/example_dags/example_latest_only.py took 0.072 seconds
[2023-06-14T16:10:47.419+0000] {processor.py:157} INFO - Started process (PID=682) to work on /home/airflow/.local/lib/python3.7/site-packages/airflow/example_dags/example_latest_only.py
[2023-06-14T16:10:47.420+0000] {processor.py:826} INFO - Processing file /home/airflow/.local/lib/python3.7/site-packages/airflow/example_dags/example_latest_only.py for tasks to queue
[2023-06-14T16:10:47.421+0000] {logging_mixin.py:149} INFO - [2023-06-14T16:10:47.421+0000] {dagbag.py:541} INFO - Filling up the DagBag from /home/airflow/.local/lib/python3.7/site-packages/airflow/example_dags/example_latest_only.py
[2023-06-14T16:10:47.427+0000] {processor.py:836} INFO - DAG(s) dict_keys(['latest_only']) retrieved from /home/airflow/.local/lib/python3.7/site-packages/airflow/example_dags/example_latest_only.py
[2023-06-14T16:10:47.450+0000] {logging_mixin.py:149} INFO - [2023-06-14T16:10:47.450+0000] {dag.py:2726} INFO - Sync 1 DAGs
[2023-06-14T16:10:47.481+0000] {logging_mixin.py:149} INFO - [2023-06-14T16:10:47.481+0000] {dag.py:3490} INFO - Setting next_dagrun for latest_only to 2023-06-14T12:10:47.480921+00:00, run_after=2023-06-14T16:10:47.480921+00:00
[2023-06-14T16:10:47.502+0000] {processor.py:179} INFO - Processing /home/airflow/.local/lib/python3.7/site-packages/airflow/example_dags/example_latest_only.py took 0.086 seconds
[2023-06-14T16:11:17.797+0000] {processor.py:157} INFO - Started process (PID=759) to work on /home/airflow/.local/lib/python3.7/site-packages/airflow/example_dags/example_latest_only.py
[2023-06-14T16:11:17.798+0000] {processor.py:826} INFO - Processing file /home/airflow/.local/lib/python3.7/site-packages/airflow/example_dags/example_latest_only.py for tasks to queue
[2023-06-14T16:11:17.799+0000] {logging_mixin.py:149} INFO - [2023-06-14T16:11:17.799+0000] {dagbag.py:541} INFO - Filling up the DagBag from /home/airflow/.local/lib/python3.7/site-packages/airflow/example_dags/example_latest_only.py
[2023-06-14T16:11:17.803+0000] {processor.py:836} INFO - DAG(s) dict_keys(['latest_only']) retrieved from /home/airflow/.local/lib/python3.7/site-packages/airflow/example_dags/example_latest_only.py
[2023-06-14T16:11:17.827+0000] {logging_mixin.py:149} INFO - [2023-06-14T16:11:17.826+0000] {dag.py:2726} INFO - Sync 1 DAGs
[2023-06-14T16:11:17.854+0000] {logging_mixin.py:149} INFO - [2023-06-14T16:11:17.854+0000] {dag.py:3490} INFO - Setting next_dagrun for latest_only to 2023-06-14T12:11:17.853999+00:00, run_after=2023-06-14T16:11:17.853999+00:00
[2023-06-14T16:11:17.877+0000] {processor.py:179} INFO - Processing /home/airflow/.local/lib/python3.7/site-packages/airflow/example_dags/example_latest_only.py took 0.082 seconds
[2023-06-14T16:11:48.086+0000] {processor.py:157} INFO - Started process (PID=836) to work on /home/airflow/.local/lib/python3.7/site-packages/airflow/example_dags/example_latest_only.py
[2023-06-14T16:11:48.087+0000] {processor.py:826} INFO - Processing file /home/airflow/.local/lib/python3.7/site-packages/airflow/example_dags/example_latest_only.py for tasks to queue
[2023-06-14T16:11:48.087+0000] {logging_mixin.py:149} INFO - [2023-06-14T16:11:48.087+0000] {dagbag.py:541} INFO - Filling up the DagBag from /home/airflow/.local/lib/python3.7/site-packages/airflow/example_dags/example_latest_only.py
[2023-06-14T16:11:48.092+0000] {processor.py:836} INFO - DAG(s) dict_keys(['latest_only']) retrieved from /home/airflow/.local/lib/python3.7/site-packages/airflow/example_dags/example_latest_only.py
[2023-06-14T16:11:48.113+0000] {logging_mixin.py:149} INFO - [2023-06-14T16:11:48.113+0000] {dag.py:2726} INFO - Sync 1 DAGs
[2023-06-14T16:11:48.137+0000] {logging_mixin.py:149} INFO - [2023-06-14T16:11:48.136+0000] {dag.py:3490} INFO - Setting next_dagrun for latest_only to 2023-06-14T12:11:48.136677+00:00, run_after=2023-06-14T16:11:48.136677+00:00
[2023-06-14T16:11:48.156+0000] {processor.py:179} INFO - Processing /home/airflow/.local/lib/python3.7/site-packages/airflow/example_dags/example_latest_only.py took 0.073 seconds
[2023-06-14T16:12:18.301+0000] {processor.py:157} INFO - Started process (PID=913) to work on /home/airflow/.local/lib/python3.7/site-packages/airflow/example_dags/example_latest_only.py
[2023-06-14T16:12:18.302+0000] {processor.py:826} INFO - Processing file /home/airflow/.local/lib/python3.7/site-packages/airflow/example_dags/example_latest_only.py for tasks to queue
[2023-06-14T16:12:18.303+0000] {logging_mixin.py:149} INFO - [2023-06-14T16:12:18.303+0000] {dagbag.py:541} INFO - Filling up the DagBag from /home/airflow/.local/lib/python3.7/site-packages/airflow/example_dags/example_latest_only.py
[2023-06-14T16:12:18.307+0000] {processor.py:836} INFO - DAG(s) dict_keys(['latest_only']) retrieved from /home/airflow/.local/lib/python3.7/site-packages/airflow/example_dags/example_latest_only.py
[2023-06-14T16:12:18.328+0000] {logging_mixin.py:149} INFO - [2023-06-14T16:12:18.328+0000] {dag.py:2726} INFO - Sync 1 DAGs
[2023-06-14T16:12:18.355+0000] {logging_mixin.py:149} INFO - [2023-06-14T16:12:18.354+0000] {dag.py:3490} INFO - Setting next_dagrun for latest_only to 2023-06-14T12:12:18.354671+00:00, run_after=2023-06-14T16:12:18.354671+00:00
[2023-06-14T16:12:18.372+0000] {processor.py:179} INFO - Processing /home/airflow/.local/lib/python3.7/site-packages/airflow/example_dags/example_latest_only.py took 0.072 seconds
[2023-06-14T16:12:48.808+0000] {processor.py:157} INFO - Started process (PID=990) to work on /home/airflow/.local/lib/python3.7/site-packages/airflow/example_dags/example_latest_only.py
[2023-06-14T16:12:48.808+0000] {processor.py:826} INFO - Processing file /home/airflow/.local/lib/python3.7/site-packages/airflow/example_dags/example_latest_only.py for tasks to queue
[2023-06-14T16:12:48.809+0000] {logging_mixin.py:149} INFO - [2023-06-14T16:12:48.809+0000] {dagbag.py:541} INFO - Filling up the DagBag from /home/airflow/.local/lib/python3.7/site-packages/airflow/example_dags/example_latest_only.py
[2023-06-14T16:12:48.813+0000] {processor.py:836} INFO - DAG(s) dict_keys(['latest_only']) retrieved from /home/airflow/.local/lib/python3.7/site-packages/airflow/example_dags/example_latest_only.py
[2023-06-14T16:12:48.835+0000] {logging_mixin.py:149} INFO - [2023-06-14T16:12:48.834+0000] {dag.py:2726} INFO - Sync 1 DAGs
[2023-06-14T16:12:48.858+0000] {logging_mixin.py:149} INFO - [2023-06-14T16:12:48.858+0000] {dag.py:3490} INFO - Setting next_dagrun for latest_only to 2023-06-14T12:12:48.857941+00:00, run_after=2023-06-14T16:12:48.857941+00:00
[2023-06-14T16:12:48.875+0000] {processor.py:179} INFO - Processing /home/airflow/.local/lib/python3.7/site-packages/airflow/example_dags/example_latest_only.py took 0.069 seconds
[2023-06-14T16:13:19.440+0000] {processor.py:157} INFO - Started process (PID=1068) to work on /home/airflow/.local/lib/python3.7/site-packages/airflow/example_dags/example_latest_only.py
[2023-06-14T16:13:19.441+0000] {processor.py:826} INFO - Processing file /home/airflow/.local/lib/python3.7/site-packages/airflow/example_dags/example_latest_only.py for tasks to queue
[2023-06-14T16:13:19.442+0000] {logging_mixin.py:149} INFO - [2023-06-14T16:13:19.441+0000] {dagbag.py:541} INFO - Filling up the DagBag from /home/airflow/.local/lib/python3.7/site-packages/airflow/example_dags/example_latest_only.py
[2023-06-14T16:13:19.446+0000] {processor.py:836} INFO - DAG(s) dict_keys(['latest_only']) retrieved from /home/airflow/.local/lib/python3.7/site-packages/airflow/example_dags/example_latest_only.py
[2023-06-14T16:13:19.466+0000] {logging_mixin.py:149} INFO - [2023-06-14T16:13:19.466+0000] {dag.py:2726} INFO - Sync 1 DAGs
[2023-06-14T16:13:19.490+0000] {logging_mixin.py:149} INFO - [2023-06-14T16:13:19.490+0000] {dag.py:3490} INFO - Setting next_dagrun for latest_only to 2023-06-14T12:13:19.490440+00:00, run_after=2023-06-14T16:13:19.490440+00:00
[2023-06-14T16:13:19.507+0000] {processor.py:179} INFO - Processing /home/airflow/.local/lib/python3.7/site-packages/airflow/example_dags/example_latest_only.py took 0.069 seconds
[2023-06-14T16:13:49.744+0000] {processor.py:157} INFO - Started process (PID=1145) to work on /home/airflow/.local/lib/python3.7/site-packages/airflow/example_dags/example_latest_only.py
[2023-06-14T16:13:49.745+0000] {processor.py:826} INFO - Processing file /home/airflow/.local/lib/python3.7/site-packages/airflow/example_dags/example_latest_only.py for tasks to queue
[2023-06-14T16:13:49.746+0000] {logging_mixin.py:149} INFO - [2023-06-14T16:13:49.746+0000] {dagbag.py:541} INFO - Filling up the DagBag from /home/airflow/.local/lib/python3.7/site-packages/airflow/example_dags/example_latest_only.py
[2023-06-14T16:13:49.750+0000] {processor.py:836} INFO - DAG(s) dict_keys(['latest_only']) retrieved from /home/airflow/.local/lib/python3.7/site-packages/airflow/example_dags/example_latest_only.py
[2023-06-14T16:13:49.771+0000] {logging_mixin.py:149} INFO - [2023-06-14T16:13:49.771+0000] {dag.py:2726} INFO - Sync 1 DAGs
[2023-06-14T16:13:49.795+0000] {logging_mixin.py:149} INFO - [2023-06-14T16:13:49.795+0000] {dag.py:3490} INFO - Setting next_dagrun for latest_only to 2023-06-14T12:13:49.795509+00:00, run_after=2023-06-14T16:13:49.795509+00:00
[2023-06-14T16:13:49.813+0000] {processor.py:179} INFO - Processing /home/airflow/.local/lib/python3.7/site-packages/airflow/example_dags/example_latest_only.py took 0.071 seconds
[2023-06-14T16:14:20.045+0000] {processor.py:157} INFO - Started process (PID=1222) to work on /home/airflow/.local/lib/python3.7/site-packages/airflow/example_dags/example_latest_only.py
[2023-06-14T16:14:20.045+0000] {processor.py:826} INFO - Processing file /home/airflow/.local/lib/python3.7/site-packages/airflow/example_dags/example_latest_only.py for tasks to queue
[2023-06-14T16:14:20.046+0000] {logging_mixin.py:149} INFO - [2023-06-14T16:14:20.046+0000] {dagbag.py:541} INFO - Filling up the DagBag from /home/airflow/.local/lib/python3.7/site-packages/airflow/example_dags/example_latest_only.py
[2023-06-14T16:14:20.050+0000] {processor.py:836} INFO - DAG(s) dict_keys(['latest_only']) retrieved from /home/airflow/.local/lib/python3.7/site-packages/airflow/example_dags/example_latest_only.py
[2023-06-14T16:14:20.073+0000] {logging_mixin.py:149} INFO - [2023-06-14T16:14:20.073+0000] {dag.py:2726} INFO - Sync 1 DAGs
[2023-06-14T16:14:20.099+0000] {logging_mixin.py:149} INFO - [2023-06-14T16:14:20.099+0000] {dag.py:3490} INFO - Setting next_dagrun for latest_only to 2023-06-14T12:14:20.099027+00:00, run_after=2023-06-14T16:14:20.099027+00:00
[2023-06-14T16:14:20.118+0000] {processor.py:179} INFO - Processing /home/airflow/.local/lib/python3.7/site-packages/airflow/example_dags/example_latest_only.py took 0.076 seconds
[2023-06-14T16:14:50.552+0000] {processor.py:157} INFO - Started process (PID=1299) to work on /home/airflow/.local/lib/python3.7/site-packages/airflow/example_dags/example_latest_only.py
[2023-06-14T16:14:50.552+0000] {processor.py:826} INFO - Processing file /home/airflow/.local/lib/python3.7/site-packages/airflow/example_dags/example_latest_only.py for tasks to queue
[2023-06-14T16:14:50.553+0000] {logging_mixin.py:149} INFO - [2023-06-14T16:14:50.553+0000] {dagbag.py:541} INFO - Filling up the DagBag from /home/airflow/.local/lib/python3.7/site-packages/airflow/example_dags/example_latest_only.py
[2023-06-14T16:14:50.558+0000] {processor.py:836} INFO - DAG(s) dict_keys(['latest_only']) retrieved from /home/airflow/.local/lib/python3.7/site-packages/airflow/example_dags/example_latest_only.py
[2023-06-14T16:14:50.577+0000] {logging_mixin.py:149} INFO - [2023-06-14T16:14:50.577+0000] {dag.py:2726} INFO - Sync 1 DAGs
[2023-06-14T16:14:50.599+0000] {logging_mixin.py:149} INFO - [2023-06-14T16:14:50.599+0000] {dag.py:3490} INFO - Setting next_dagrun for latest_only to 2023-06-14T12:14:50.599481+00:00, run_after=2023-06-14T16:14:50.599481+00:00
[2023-06-14T16:14:50.618+0000] {processor.py:179} INFO - Processing /home/airflow/.local/lib/python3.7/site-packages/airflow/example_dags/example_latest_only.py took 0.069 seconds
[2023-06-14T16:15:20.875+0000] {processor.py:157} INFO - Started process (PID=1376) to work on /home/airflow/.local/lib/python3.7/site-packages/airflow/example_dags/example_latest_only.py
[2023-06-14T16:15:20.876+0000] {processor.py:826} INFO - Processing file /home/airflow/.local/lib/python3.7/site-packages/airflow/example_dags/example_latest_only.py for tasks to queue
[2023-06-14T16:15:20.876+0000] {logging_mixin.py:149} INFO - [2023-06-14T16:15:20.876+0000] {dagbag.py:541} INFO - Filling up the DagBag from /home/airflow/.local/lib/python3.7/site-packages/airflow/example_dags/example_latest_only.py
[2023-06-14T16:15:20.881+0000] {processor.py:836} INFO - DAG(s) dict_keys(['latest_only']) retrieved from /home/airflow/.local/lib/python3.7/site-packages/airflow/example_dags/example_latest_only.py
[2023-06-14T16:15:20.899+0000] {logging_mixin.py:149} INFO - [2023-06-14T16:15:20.899+0000] {dag.py:2726} INFO - Sync 1 DAGs
[2023-06-14T16:15:20.925+0000] {logging_mixin.py:149} INFO - [2023-06-14T16:15:20.925+0000] {dag.py:3490} INFO - Setting next_dagrun for latest_only to 2023-06-14T12:15:20.924817+00:00, run_after=2023-06-14T16:15:20.924817+00:00
[2023-06-14T16:15:20.942+0000] {processor.py:179} INFO - Processing /home/airflow/.local/lib/python3.7/site-packages/airflow/example_dags/example_latest_only.py took 0.069 seconds
[2023-06-14T16:15:51.607+0000] {processor.py:157} INFO - Started process (PID=1453) to work on /home/airflow/.local/lib/python3.7/site-packages/airflow/example_dags/example_latest_only.py
[2023-06-14T16:15:51.608+0000] {processor.py:826} INFO - Processing file /home/airflow/.local/lib/python3.7/site-packages/airflow/example_dags/example_latest_only.py for tasks to queue
[2023-06-14T16:15:51.609+0000] {logging_mixin.py:149} INFO - [2023-06-14T16:15:51.609+0000] {dagbag.py:541} INFO - Filling up the DagBag from /home/airflow/.local/lib/python3.7/site-packages/airflow/example_dags/example_latest_only.py
[2023-06-14T16:15:51.614+0000] {processor.py:836} INFO - DAG(s) dict_keys(['latest_only']) retrieved from /home/airflow/.local/lib/python3.7/site-packages/airflow/example_dags/example_latest_only.py
[2023-06-14T16:15:51.635+0000] {logging_mixin.py:149} INFO - [2023-06-14T16:15:51.634+0000] {dag.py:2726} INFO - Sync 1 DAGs
[2023-06-14T16:15:51.663+0000] {logging_mixin.py:149} INFO - [2023-06-14T16:15:51.663+0000] {dag.py:3490} INFO - Setting next_dagrun for latest_only to 2023-06-14T12:15:51.663116+00:00, run_after=2023-06-14T16:15:51.663116+00:00
[2023-06-14T16:15:51.686+0000] {processor.py:179} INFO - Processing /home/airflow/.local/lib/python3.7/site-packages/airflow/example_dags/example_latest_only.py took 0.082 seconds
[2023-06-14T16:16:22.023+0000] {processor.py:157} INFO - Started process (PID=1530) to work on /home/airflow/.local/lib/python3.7/site-packages/airflow/example_dags/example_latest_only.py
[2023-06-14T16:16:22.024+0000] {processor.py:826} INFO - Processing file /home/airflow/.local/lib/python3.7/site-packages/airflow/example_dags/example_latest_only.py for tasks to queue
[2023-06-14T16:16:22.024+0000] {logging_mixin.py:149} INFO - [2023-06-14T16:16:22.024+0000] {dagbag.py:541} INFO - Filling up the DagBag from /home/airflow/.local/lib/python3.7/site-packages/airflow/example_dags/example_latest_only.py
[2023-06-14T16:16:22.029+0000] {processor.py:836} INFO - DAG(s) dict_keys(['latest_only']) retrieved from /home/airflow/.local/lib/python3.7/site-packages/airflow/example_dags/example_latest_only.py
[2023-06-14T16:16:22.051+0000] {logging_mixin.py:149} INFO - [2023-06-14T16:16:22.050+0000] {dag.py:2726} INFO - Sync 1 DAGs
[2023-06-14T16:16:22.078+0000] {logging_mixin.py:149} INFO - [2023-06-14T16:16:22.077+0000] {dag.py:3490} INFO - Setting next_dagrun for latest_only to 2023-06-14T12:16:22.077567+00:00, run_after=2023-06-14T16:16:22.077567+00:00
[2023-06-14T16:16:22.097+0000] {processor.py:179} INFO - Processing /home/airflow/.local/lib/python3.7/site-packages/airflow/example_dags/example_latest_only.py took 0.076 seconds
