[2023-06-14T16:06:11.932+0000] {processor.py:157} INFO - Started process (PID=68) to work on /home/airflow/.local/lib/python3.7/site-packages/airflow/example_dags/example_python_operator.py
[2023-06-14T16:06:11.934+0000] {processor.py:826} INFO - Processing file /home/airflow/.local/lib/python3.7/site-packages/airflow/example_dags/example_python_operator.py for tasks to queue
[2023-06-14T16:06:11.936+0000] {logging_mixin.py:149} INFO - [2023-06-14T16:06:11.935+0000] {dagbag.py:541} INFO - Filling up the DagBag from /home/airflow/.local/lib/python3.7/site-packages/airflow/example_dags/example_python_operator.py
[2023-06-14T16:06:11.946+0000] {logging_mixin.py:149} INFO - [2023-06-14T16:06:11.945+0000] {taskmixin.py:211} WARNING - Dependency <Task(_PythonDecoratedOperator): print_the_context>, log_sql_query already registered for DAG: example_python_operator
[2023-06-14T16:06:11.946+0000] {logging_mixin.py:149} INFO - [2023-06-14T16:06:11.946+0000] {taskmixin.py:211} WARNING - Dependency <Task(_PythonDecoratedOperator): log_sql_query>, print_the_context already registered for DAG: example_python_operator
[2023-06-14T16:06:11.947+0000] {logging_mixin.py:149} INFO - [2023-06-14T16:06:11.947+0000] {taskmixin.py:211} WARNING - Dependency <Task(_PythonDecoratedOperator): print_the_context>, log_sql_query already registered for DAG: example_python_operator
[2023-06-14T16:06:11.948+0000] {logging_mixin.py:149} INFO - [2023-06-14T16:06:11.948+0000] {taskmixin.py:211} WARNING - Dependency <Task(_PythonDecoratedOperator): log_sql_query>, print_the_context already registered for DAG: example_python_operator
[2023-06-14T16:06:11.949+0000] {logging_mixin.py:149} INFO - [2023-06-14T16:06:11.949+0000] {taskmixin.py:211} WARNING - Dependency <Task(_PythonDecoratedOperator): print_the_context>, log_sql_query already registered for DAG: example_python_operator
[2023-06-14T16:06:11.949+0000] {logging_mixin.py:149} INFO - [2023-06-14T16:06:11.949+0000] {taskmixin.py:211} WARNING - Dependency <Task(_PythonDecoratedOperator): log_sql_query>, print_the_context already registered for DAG: example_python_operator
[2023-06-14T16:06:11.950+0000] {logging_mixin.py:149} INFO - [2023-06-14T16:06:11.950+0000] {taskmixin.py:211} WARNING - Dependency <Task(_PythonDecoratedOperator): print_the_context>, log_sql_query already registered for DAG: example_python_operator
[2023-06-14T16:06:11.951+0000] {logging_mixin.py:149} INFO - [2023-06-14T16:06:11.951+0000] {taskmixin.py:211} WARNING - Dependency <Task(_PythonDecoratedOperator): log_sql_query>, print_the_context already registered for DAG: example_python_operator
[2023-06-14T16:06:11.956+0000] {processor.py:836} INFO - DAG(s) dict_keys(['example_python_operator']) retrieved from /home/airflow/.local/lib/python3.7/site-packages/airflow/example_dags/example_python_operator.py
[2023-06-14T16:06:12.050+0000] {logging_mixin.py:149} INFO - [2023-06-14T16:06:12.050+0000] {dag.py:2726} INFO - Sync 1 DAGs
[2023-06-14T16:06:12.082+0000] {logging_mixin.py:149} INFO - [2023-06-14T16:06:12.082+0000] {dag.py:3490} INFO - Setting next_dagrun for example_python_operator to None, run_after=None
[2023-06-14T16:06:12.108+0000] {processor.py:179} INFO - Processing /home/airflow/.local/lib/python3.7/site-packages/airflow/example_dags/example_python_operator.py took 0.181 seconds
[2023-06-14T16:06:42.565+0000] {processor.py:157} INFO - Started process (PID=145) to work on /home/airflow/.local/lib/python3.7/site-packages/airflow/example_dags/example_python_operator.py
[2023-06-14T16:06:42.566+0000] {processor.py:826} INFO - Processing file /home/airflow/.local/lib/python3.7/site-packages/airflow/example_dags/example_python_operator.py for tasks to queue
[2023-06-14T16:06:42.567+0000] {logging_mixin.py:149} INFO - [2023-06-14T16:06:42.567+0000] {dagbag.py:541} INFO - Filling up the DagBag from /home/airflow/.local/lib/python3.7/site-packages/airflow/example_dags/example_python_operator.py
[2023-06-14T16:06:42.573+0000] {logging_mixin.py:149} INFO - [2023-06-14T16:06:42.573+0000] {taskmixin.py:211} WARNING - Dependency <Task(_PythonDecoratedOperator): print_the_context>, log_sql_query already registered for DAG: example_python_operator
[2023-06-14T16:06:42.574+0000] {logging_mixin.py:149} INFO - [2023-06-14T16:06:42.574+0000] {taskmixin.py:211} WARNING - Dependency <Task(_PythonDecoratedOperator): log_sql_query>, print_the_context already registered for DAG: example_python_operator
[2023-06-14T16:06:42.576+0000] {logging_mixin.py:149} INFO - [2023-06-14T16:06:42.575+0000] {taskmixin.py:211} WARNING - Dependency <Task(_PythonDecoratedOperator): print_the_context>, log_sql_query already registered for DAG: example_python_operator
[2023-06-14T16:06:42.576+0000] {logging_mixin.py:149} INFO - [2023-06-14T16:06:42.576+0000] {taskmixin.py:211} WARNING - Dependency <Task(_PythonDecoratedOperator): log_sql_query>, print_the_context already registered for DAG: example_python_operator
[2023-06-14T16:06:42.577+0000] {logging_mixin.py:149} INFO - [2023-06-14T16:06:42.577+0000] {taskmixin.py:211} WARNING - Dependency <Task(_PythonDecoratedOperator): print_the_context>, log_sql_query already registered for DAG: example_python_operator
[2023-06-14T16:06:42.578+0000] {logging_mixin.py:149} INFO - [2023-06-14T16:06:42.577+0000] {taskmixin.py:211} WARNING - Dependency <Task(_PythonDecoratedOperator): log_sql_query>, print_the_context already registered for DAG: example_python_operator
[2023-06-14T16:06:42.578+0000] {logging_mixin.py:149} INFO - [2023-06-14T16:06:42.578+0000] {taskmixin.py:211} WARNING - Dependency <Task(_PythonDecoratedOperator): print_the_context>, log_sql_query already registered for DAG: example_python_operator
[2023-06-14T16:06:42.579+0000] {logging_mixin.py:149} INFO - [2023-06-14T16:06:42.579+0000] {taskmixin.py:211} WARNING - Dependency <Task(_PythonDecoratedOperator): log_sql_query>, print_the_context already registered for DAG: example_python_operator
[2023-06-14T16:06:42.582+0000] {processor.py:836} INFO - DAG(s) dict_keys(['example_python_operator']) retrieved from /home/airflow/.local/lib/python3.7/site-packages/airflow/example_dags/example_python_operator.py
[2023-06-14T16:06:42.614+0000] {logging_mixin.py:149} INFO - [2023-06-14T16:06:42.614+0000] {dag.py:2726} INFO - Sync 1 DAGs
[2023-06-14T16:06:42.641+0000] {logging_mixin.py:149} INFO - [2023-06-14T16:06:42.641+0000] {dag.py:3490} INFO - Setting next_dagrun for example_python_operator to None, run_after=None
[2023-06-14T16:06:42.783+0000] {processor.py:179} INFO - Processing /home/airflow/.local/lib/python3.7/site-packages/airflow/example_dags/example_python_operator.py took 0.221 seconds
[2023-06-14T16:07:13.692+0000] {processor.py:157} INFO - Started process (PID=222) to work on /home/airflow/.local/lib/python3.7/site-packages/airflow/example_dags/example_python_operator.py
[2023-06-14T16:07:13.693+0000] {processor.py:826} INFO - Processing file /home/airflow/.local/lib/python3.7/site-packages/airflow/example_dags/example_python_operator.py for tasks to queue
[2023-06-14T16:07:13.694+0000] {logging_mixin.py:149} INFO - [2023-06-14T16:07:13.694+0000] {dagbag.py:541} INFO - Filling up the DagBag from /home/airflow/.local/lib/python3.7/site-packages/airflow/example_dags/example_python_operator.py
[2023-06-14T16:07:13.700+0000] {logging_mixin.py:149} INFO - [2023-06-14T16:07:13.700+0000] {taskmixin.py:211} WARNING - Dependency <Task(_PythonDecoratedOperator): print_the_context>, log_sql_query already registered for DAG: example_python_operator
[2023-06-14T16:07:13.700+0000] {logging_mixin.py:149} INFO - [2023-06-14T16:07:13.700+0000] {taskmixin.py:211} WARNING - Dependency <Task(_PythonDecoratedOperator): log_sql_query>, print_the_context already registered for DAG: example_python_operator
[2023-06-14T16:07:13.701+0000] {logging_mixin.py:149} INFO - [2023-06-14T16:07:13.701+0000] {taskmixin.py:211} WARNING - Dependency <Task(_PythonDecoratedOperator): print_the_context>, log_sql_query already registered for DAG: example_python_operator
[2023-06-14T16:07:13.701+0000] {logging_mixin.py:149} INFO - [2023-06-14T16:07:13.701+0000] {taskmixin.py:211} WARNING - Dependency <Task(_PythonDecoratedOperator): log_sql_query>, print_the_context already registered for DAG: example_python_operator
[2023-06-14T16:07:13.702+0000] {logging_mixin.py:149} INFO - [2023-06-14T16:07:13.702+0000] {taskmixin.py:211} WARNING - Dependency <Task(_PythonDecoratedOperator): print_the_context>, log_sql_query already registered for DAG: example_python_operator
[2023-06-14T16:07:13.703+0000] {logging_mixin.py:149} INFO - [2023-06-14T16:07:13.703+0000] {taskmixin.py:211} WARNING - Dependency <Task(_PythonDecoratedOperator): log_sql_query>, print_the_context already registered for DAG: example_python_operator
[2023-06-14T16:07:13.704+0000] {logging_mixin.py:149} INFO - [2023-06-14T16:07:13.704+0000] {taskmixin.py:211} WARNING - Dependency <Task(_PythonDecoratedOperator): print_the_context>, log_sql_query already registered for DAG: example_python_operator
[2023-06-14T16:07:13.704+0000] {logging_mixin.py:149} INFO - [2023-06-14T16:07:13.704+0000] {taskmixin.py:211} WARNING - Dependency <Task(_PythonDecoratedOperator): log_sql_query>, print_the_context already registered for DAG: example_python_operator
[2023-06-14T16:07:13.707+0000] {processor.py:836} INFO - DAG(s) dict_keys(['example_python_operator']) retrieved from /home/airflow/.local/lib/python3.7/site-packages/airflow/example_dags/example_python_operator.py
[2023-06-14T16:07:13.837+0000] {logging_mixin.py:149} INFO - [2023-06-14T16:07:13.837+0000] {dag.py:2726} INFO - Sync 1 DAGs
[2023-06-14T16:07:13.865+0000] {logging_mixin.py:149} INFO - [2023-06-14T16:07:13.865+0000] {dag.py:3490} INFO - Setting next_dagrun for example_python_operator to None, run_after=None
[2023-06-14T16:07:13.885+0000] {processor.py:179} INFO - Processing /home/airflow/.local/lib/python3.7/site-packages/airflow/example_dags/example_python_operator.py took 0.195 seconds
[2023-06-14T16:07:44.107+0000] {processor.py:157} INFO - Started process (PID=299) to work on /home/airflow/.local/lib/python3.7/site-packages/airflow/example_dags/example_python_operator.py
[2023-06-14T16:07:44.108+0000] {processor.py:826} INFO - Processing file /home/airflow/.local/lib/python3.7/site-packages/airflow/example_dags/example_python_operator.py for tasks to queue
[2023-06-14T16:07:44.109+0000] {logging_mixin.py:149} INFO - [2023-06-14T16:07:44.108+0000] {dagbag.py:541} INFO - Filling up the DagBag from /home/airflow/.local/lib/python3.7/site-packages/airflow/example_dags/example_python_operator.py
[2023-06-14T16:07:44.114+0000] {logging_mixin.py:149} INFO - [2023-06-14T16:07:44.114+0000] {taskmixin.py:211} WARNING - Dependency <Task(_PythonDecoratedOperator): print_the_context>, log_sql_query already registered for DAG: example_python_operator
[2023-06-14T16:07:44.114+0000] {logging_mixin.py:149} INFO - [2023-06-14T16:07:44.114+0000] {taskmixin.py:211} WARNING - Dependency <Task(_PythonDecoratedOperator): log_sql_query>, print_the_context already registered for DAG: example_python_operator
[2023-06-14T16:07:44.115+0000] {logging_mixin.py:149} INFO - [2023-06-14T16:07:44.115+0000] {taskmixin.py:211} WARNING - Dependency <Task(_PythonDecoratedOperator): print_the_context>, log_sql_query already registered for DAG: example_python_operator
[2023-06-14T16:07:44.116+0000] {logging_mixin.py:149} INFO - [2023-06-14T16:07:44.116+0000] {taskmixin.py:211} WARNING - Dependency <Task(_PythonDecoratedOperator): log_sql_query>, print_the_context already registered for DAG: example_python_operator
[2023-06-14T16:07:44.117+0000] {logging_mixin.py:149} INFO - [2023-06-14T16:07:44.117+0000] {taskmixin.py:211} WARNING - Dependency <Task(_PythonDecoratedOperator): print_the_context>, log_sql_query already registered for DAG: example_python_operator
[2023-06-14T16:07:44.117+0000] {logging_mixin.py:149} INFO - [2023-06-14T16:07:44.117+0000] {taskmixin.py:211} WARNING - Dependency <Task(_PythonDecoratedOperator): log_sql_query>, print_the_context already registered for DAG: example_python_operator
[2023-06-14T16:07:44.118+0000] {logging_mixin.py:149} INFO - [2023-06-14T16:07:44.118+0000] {taskmixin.py:211} WARNING - Dependency <Task(_PythonDecoratedOperator): print_the_context>, log_sql_query already registered for DAG: example_python_operator
[2023-06-14T16:07:44.118+0000] {logging_mixin.py:149} INFO - [2023-06-14T16:07:44.118+0000] {taskmixin.py:211} WARNING - Dependency <Task(_PythonDecoratedOperator): log_sql_query>, print_the_context already registered for DAG: example_python_operator
[2023-06-14T16:07:44.121+0000] {processor.py:836} INFO - DAG(s) dict_keys(['example_python_operator']) retrieved from /home/airflow/.local/lib/python3.7/site-packages/airflow/example_dags/example_python_operator.py
[2023-06-14T16:07:44.144+0000] {logging_mixin.py:149} INFO - [2023-06-14T16:07:44.144+0000] {dag.py:2726} INFO - Sync 1 DAGs
[2023-06-14T16:07:44.171+0000] {logging_mixin.py:149} INFO - [2023-06-14T16:07:44.171+0000] {dag.py:3490} INFO - Setting next_dagrun for example_python_operator to None, run_after=None
[2023-06-14T16:07:44.190+0000] {processor.py:179} INFO - Processing /home/airflow/.local/lib/python3.7/site-packages/airflow/example_dags/example_python_operator.py took 0.085 seconds
[2023-06-14T16:08:14.926+0000] {processor.py:157} INFO - Started process (PID=363) to work on /home/airflow/.local/lib/python3.7/site-packages/airflow/example_dags/example_python_operator.py
[2023-06-14T16:08:14.927+0000] {processor.py:826} INFO - Processing file /home/airflow/.local/lib/python3.7/site-packages/airflow/example_dags/example_python_operator.py for tasks to queue
[2023-06-14T16:08:14.928+0000] {logging_mixin.py:149} INFO - [2023-06-14T16:08:14.928+0000] {dagbag.py:541} INFO - Filling up the DagBag from /home/airflow/.local/lib/python3.7/site-packages/airflow/example_dags/example_python_operator.py
[2023-06-14T16:08:14.934+0000] {logging_mixin.py:149} INFO - [2023-06-14T16:08:14.934+0000] {taskmixin.py:211} WARNING - Dependency <Task(_PythonDecoratedOperator): print_the_context>, log_sql_query already registered for DAG: example_python_operator
[2023-06-14T16:08:14.934+0000] {logging_mixin.py:149} INFO - [2023-06-14T16:08:14.934+0000] {taskmixin.py:211} WARNING - Dependency <Task(_PythonDecoratedOperator): log_sql_query>, print_the_context already registered for DAG: example_python_operator
[2023-06-14T16:08:14.935+0000] {logging_mixin.py:149} INFO - [2023-06-14T16:08:14.935+0000] {taskmixin.py:211} WARNING - Dependency <Task(_PythonDecoratedOperator): print_the_context>, log_sql_query already registered for DAG: example_python_operator
[2023-06-14T16:08:14.936+0000] {logging_mixin.py:149} INFO - [2023-06-14T16:08:14.936+0000] {taskmixin.py:211} WARNING - Dependency <Task(_PythonDecoratedOperator): log_sql_query>, print_the_context already registered for DAG: example_python_operator
[2023-06-14T16:08:14.937+0000] {logging_mixin.py:149} INFO - [2023-06-14T16:08:14.937+0000] {taskmixin.py:211} WARNING - Dependency <Task(_PythonDecoratedOperator): print_the_context>, log_sql_query already registered for DAG: example_python_operator
[2023-06-14T16:08:14.937+0000] {logging_mixin.py:149} INFO - [2023-06-14T16:08:14.937+0000] {taskmixin.py:211} WARNING - Dependency <Task(_PythonDecoratedOperator): log_sql_query>, print_the_context already registered for DAG: example_python_operator
[2023-06-14T16:08:14.938+0000] {logging_mixin.py:149} INFO - [2023-06-14T16:08:14.938+0000] {taskmixin.py:211} WARNING - Dependency <Task(_PythonDecoratedOperator): print_the_context>, log_sql_query already registered for DAG: example_python_operator
[2023-06-14T16:08:14.938+0000] {logging_mixin.py:149} INFO - [2023-06-14T16:08:14.938+0000] {taskmixin.py:211} WARNING - Dependency <Task(_PythonDecoratedOperator): log_sql_query>, print_the_context already registered for DAG: example_python_operator
[2023-06-14T16:08:14.941+0000] {processor.py:836} INFO - DAG(s) dict_keys(['example_python_operator']) retrieved from /home/airflow/.local/lib/python3.7/site-packages/airflow/example_dags/example_python_operator.py
[2023-06-14T16:08:14.964+0000] {logging_mixin.py:149} INFO - [2023-06-14T16:08:14.964+0000] {dag.py:2726} INFO - Sync 1 DAGs
[2023-06-14T16:08:14.989+0000] {logging_mixin.py:149} INFO - [2023-06-14T16:08:14.989+0000] {dag.py:3490} INFO - Setting next_dagrun for example_python_operator to None, run_after=None
[2023-06-14T16:08:15.009+0000] {processor.py:179} INFO - Processing /home/airflow/.local/lib/python3.7/site-packages/airflow/example_dags/example_python_operator.py took 0.085 seconds
[2023-06-14T16:08:45.375+0000] {processor.py:157} INFO - Started process (PID=427) to work on /home/airflow/.local/lib/python3.7/site-packages/airflow/example_dags/example_python_operator.py
[2023-06-14T16:08:45.376+0000] {processor.py:826} INFO - Processing file /home/airflow/.local/lib/python3.7/site-packages/airflow/example_dags/example_python_operator.py for tasks to queue
[2023-06-14T16:08:45.377+0000] {logging_mixin.py:149} INFO - [2023-06-14T16:08:45.377+0000] {dagbag.py:541} INFO - Filling up the DagBag from /home/airflow/.local/lib/python3.7/site-packages/airflow/example_dags/example_python_operator.py
[2023-06-14T16:08:45.384+0000] {logging_mixin.py:149} INFO - [2023-06-14T16:08:45.383+0000] {taskmixin.py:211} WARNING - Dependency <Task(_PythonDecoratedOperator): print_the_context>, log_sql_query already registered for DAG: example_python_operator
[2023-06-14T16:08:45.384+0000] {logging_mixin.py:149} INFO - [2023-06-14T16:08:45.384+0000] {taskmixin.py:211} WARNING - Dependency <Task(_PythonDecoratedOperator): log_sql_query>, print_the_context already registered for DAG: example_python_operator
[2023-06-14T16:08:45.385+0000] {logging_mixin.py:149} INFO - [2023-06-14T16:08:45.385+0000] {taskmixin.py:211} WARNING - Dependency <Task(_PythonDecoratedOperator): print_the_context>, log_sql_query already registered for DAG: example_python_operator
[2023-06-14T16:08:45.386+0000] {logging_mixin.py:149} INFO - [2023-06-14T16:08:45.386+0000] {taskmixin.py:211} WARNING - Dependency <Task(_PythonDecoratedOperator): log_sql_query>, print_the_context already registered for DAG: example_python_operator
[2023-06-14T16:08:45.387+0000] {logging_mixin.py:149} INFO - [2023-06-14T16:08:45.387+0000] {taskmixin.py:211} WARNING - Dependency <Task(_PythonDecoratedOperator): print_the_context>, log_sql_query already registered for DAG: example_python_operator
[2023-06-14T16:08:45.387+0000] {logging_mixin.py:149} INFO - [2023-06-14T16:08:45.387+0000] {taskmixin.py:211} WARNING - Dependency <Task(_PythonDecoratedOperator): log_sql_query>, print_the_context already registered for DAG: example_python_operator
[2023-06-14T16:08:45.388+0000] {logging_mixin.py:149} INFO - [2023-06-14T16:08:45.388+0000] {taskmixin.py:211} WARNING - Dependency <Task(_PythonDecoratedOperator): print_the_context>, log_sql_query already registered for DAG: example_python_operator
[2023-06-14T16:08:45.388+0000] {logging_mixin.py:149} INFO - [2023-06-14T16:08:45.388+0000] {taskmixin.py:211} WARNING - Dependency <Task(_PythonDecoratedOperator): log_sql_query>, print_the_context already registered for DAG: example_python_operator
[2023-06-14T16:08:45.392+0000] {processor.py:836} INFO - DAG(s) dict_keys(['example_python_operator']) retrieved from /home/airflow/.local/lib/python3.7/site-packages/airflow/example_dags/example_python_operator.py
[2023-06-14T16:08:45.421+0000] {logging_mixin.py:149} INFO - [2023-06-14T16:08:45.421+0000] {dag.py:2726} INFO - Sync 1 DAGs
[2023-06-14T16:08:45.448+0000] {logging_mixin.py:149} INFO - [2023-06-14T16:08:45.448+0000] {dag.py:3490} INFO - Setting next_dagrun for example_python_operator to None, run_after=None
[2023-06-14T16:08:45.468+0000] {processor.py:179} INFO - Processing /home/airflow/.local/lib/python3.7/site-packages/airflow/example_dags/example_python_operator.py took 0.095 seconds
[2023-06-14T16:09:15.513+0000] {processor.py:157} INFO - Started process (PID=491) to work on /home/airflow/.local/lib/python3.7/site-packages/airflow/example_dags/example_python_operator.py
[2023-06-14T16:09:15.514+0000] {processor.py:826} INFO - Processing file /home/airflow/.local/lib/python3.7/site-packages/airflow/example_dags/example_python_operator.py for tasks to queue
[2023-06-14T16:09:15.515+0000] {logging_mixin.py:149} INFO - [2023-06-14T16:09:15.515+0000] {dagbag.py:541} INFO - Filling up the DagBag from /home/airflow/.local/lib/python3.7/site-packages/airflow/example_dags/example_python_operator.py
[2023-06-14T16:09:15.521+0000] {logging_mixin.py:149} INFO - [2023-06-14T16:09:15.521+0000] {taskmixin.py:211} WARNING - Dependency <Task(_PythonDecoratedOperator): print_the_context>, log_sql_query already registered for DAG: example_python_operator
[2023-06-14T16:09:15.521+0000] {logging_mixin.py:149} INFO - [2023-06-14T16:09:15.521+0000] {taskmixin.py:211} WARNING - Dependency <Task(_PythonDecoratedOperator): log_sql_query>, print_the_context already registered for DAG: example_python_operator
[2023-06-14T16:09:15.522+0000] {logging_mixin.py:149} INFO - [2023-06-14T16:09:15.522+0000] {taskmixin.py:211} WARNING - Dependency <Task(_PythonDecoratedOperator): print_the_context>, log_sql_query already registered for DAG: example_python_operator
[2023-06-14T16:09:15.523+0000] {logging_mixin.py:149} INFO - [2023-06-14T16:09:15.523+0000] {taskmixin.py:211} WARNING - Dependency <Task(_PythonDecoratedOperator): log_sql_query>, print_the_context already registered for DAG: example_python_operator
[2023-06-14T16:09:15.524+0000] {logging_mixin.py:149} INFO - [2023-06-14T16:09:15.524+0000] {taskmixin.py:211} WARNING - Dependency <Task(_PythonDecoratedOperator): print_the_context>, log_sql_query already registered for DAG: example_python_operator
[2023-06-14T16:09:15.524+0000] {logging_mixin.py:149} INFO - [2023-06-14T16:09:15.524+0000] {taskmixin.py:211} WARNING - Dependency <Task(_PythonDecoratedOperator): log_sql_query>, print_the_context already registered for DAG: example_python_operator
[2023-06-14T16:09:15.525+0000] {logging_mixin.py:149} INFO - [2023-06-14T16:09:15.525+0000] {taskmixin.py:211} WARNING - Dependency <Task(_PythonDecoratedOperator): print_the_context>, log_sql_query already registered for DAG: example_python_operator
[2023-06-14T16:09:15.526+0000] {logging_mixin.py:149} INFO - [2023-06-14T16:09:15.525+0000] {taskmixin.py:211} WARNING - Dependency <Task(_PythonDecoratedOperator): log_sql_query>, print_the_context already registered for DAG: example_python_operator
[2023-06-14T16:09:15.528+0000] {processor.py:836} INFO - DAG(s) dict_keys(['example_python_operator']) retrieved from /home/airflow/.local/lib/python3.7/site-packages/airflow/example_dags/example_python_operator.py
[2023-06-14T16:09:15.554+0000] {logging_mixin.py:149} INFO - [2023-06-14T16:09:15.553+0000] {dag.py:2726} INFO - Sync 1 DAGs
[2023-06-14T16:09:15.601+0000] {logging_mixin.py:149} INFO - [2023-06-14T16:09:15.601+0000] {dag.py:3490} INFO - Setting next_dagrun for example_python_operator to None, run_after=None
[2023-06-14T16:09:15.625+0000] {processor.py:179} INFO - Processing /home/airflow/.local/lib/python3.7/site-packages/airflow/example_dags/example_python_operator.py took 0.114 seconds
