[2023-06-14T16:06:12.262+0000] {processor.py:157} INFO - Started process (PID=73) to work on /home/airflow/.local/lib/python3.7/site-packages/airflow/example_dags/example_bash_operator.py
[2023-06-14T16:06:12.263+0000] {processor.py:826} INFO - Processing file /home/airflow/.local/lib/python3.7/site-packages/airflow/example_dags/example_bash_operator.py for tasks to queue
[2023-06-14T16:06:12.264+0000] {logging_mixin.py:149} INFO - [2023-06-14T16:06:12.264+0000] {dagbag.py:541} INFO - Filling up the DagBag from /home/airflow/.local/lib/python3.7/site-packages/airflow/example_dags/example_bash_operator.py
[2023-06-14T16:06:12.279+0000] {processor.py:836} INFO - DAG(s) dict_keys(['example_bash_operator']) retrieved from /home/airflow/.local/lib/python3.7/site-packages/airflow/example_dags/example_bash_operator.py
[2023-06-14T16:06:12.327+0000] {logging_mixin.py:149} INFO - [2023-06-14T16:06:12.327+0000] {dag.py:2726} INFO - Sync 1 DAGs
[2023-06-14T16:06:12.359+0000] {logging_mixin.py:149} INFO - [2023-06-14T16:06:12.359+0000] {dag.py:3490} INFO - Setting next_dagrun for example_bash_operator to 2023-06-13T00:00:00+00:00, run_after=2023-06-14T00:00:00+00:00
[2023-06-14T16:06:12.380+0000] {processor.py:179} INFO - Processing /home/airflow/.local/lib/python3.7/site-packages/airflow/example_dags/example_bash_operator.py took 0.121 seconds
[2023-06-14T16:06:42.968+0000] {processor.py:157} INFO - Started process (PID=150) to work on /home/airflow/.local/lib/python3.7/site-packages/airflow/example_dags/example_bash_operator.py
[2023-06-14T16:06:42.969+0000] {processor.py:826} INFO - Processing file /home/airflow/.local/lib/python3.7/site-packages/airflow/example_dags/example_bash_operator.py for tasks to queue
[2023-06-14T16:06:42.969+0000] {logging_mixin.py:149} INFO - [2023-06-14T16:06:42.969+0000] {dagbag.py:541} INFO - Filling up the DagBag from /home/airflow/.local/lib/python3.7/site-packages/airflow/example_dags/example_bash_operator.py
[2023-06-14T16:06:42.982+0000] {processor.py:836} INFO - DAG(s) dict_keys(['example_bash_operator']) retrieved from /home/airflow/.local/lib/python3.7/site-packages/airflow/example_dags/example_bash_operator.py
[2023-06-14T16:06:43.034+0000] {logging_mixin.py:149} INFO - [2023-06-14T16:06:43.034+0000] {dag.py:2726} INFO - Sync 1 DAGs
[2023-06-14T16:06:43.082+0000] {logging_mixin.py:149} INFO - [2023-06-14T16:06:43.081+0000] {dag.py:3490} INFO - Setting next_dagrun for example_bash_operator to 2023-06-13T00:00:00+00:00, run_after=2023-06-14T00:00:00+00:00
[2023-06-14T16:06:43.247+0000] {processor.py:179} INFO - Processing /home/airflow/.local/lib/python3.7/site-packages/airflow/example_dags/example_bash_operator.py took 0.285 seconds
[2023-06-14T16:07:14.158+0000] {processor.py:157} INFO - Started process (PID=227) to work on /home/airflow/.local/lib/python3.7/site-packages/airflow/example_dags/example_bash_operator.py
[2023-06-14T16:07:14.159+0000] {processor.py:826} INFO - Processing file /home/airflow/.local/lib/python3.7/site-packages/airflow/example_dags/example_bash_operator.py for tasks to queue
[2023-06-14T16:07:14.160+0000] {logging_mixin.py:149} INFO - [2023-06-14T16:07:14.159+0000] {dagbag.py:541} INFO - Filling up the DagBag from /home/airflow/.local/lib/python3.7/site-packages/airflow/example_dags/example_bash_operator.py
[2023-06-14T16:07:14.172+0000] {processor.py:836} INFO - DAG(s) dict_keys(['example_bash_operator']) retrieved from /home/airflow/.local/lib/python3.7/site-packages/airflow/example_dags/example_bash_operator.py
[2023-06-14T16:07:14.310+0000] {logging_mixin.py:149} INFO - [2023-06-14T16:07:14.310+0000] {dag.py:2726} INFO - Sync 1 DAGs
[2023-06-14T16:07:14.360+0000] {logging_mixin.py:149} INFO - [2023-06-14T16:07:14.360+0000] {dag.py:3490} INFO - Setting next_dagrun for example_bash_operator to 2023-06-13T00:00:00+00:00, run_after=2023-06-14T00:00:00+00:00
[2023-06-14T16:07:14.384+0000] {processor.py:179} INFO - Processing /home/airflow/.local/lib/python3.7/site-packages/airflow/example_dags/example_bash_operator.py took 0.229 seconds
[2023-06-14T16:07:45.235+0000] {processor.py:157} INFO - Started process (PID=304) to work on /home/airflow/.local/lib/python3.7/site-packages/airflow/example_dags/example_bash_operator.py
[2023-06-14T16:07:45.235+0000] {processor.py:826} INFO - Processing file /home/airflow/.local/lib/python3.7/site-packages/airflow/example_dags/example_bash_operator.py for tasks to queue
[2023-06-14T16:07:45.236+0000] {logging_mixin.py:149} INFO - [2023-06-14T16:07:45.236+0000] {dagbag.py:541} INFO - Filling up the DagBag from /home/airflow/.local/lib/python3.7/site-packages/airflow/example_dags/example_bash_operator.py
[2023-06-14T16:07:45.248+0000] {processor.py:836} INFO - DAG(s) dict_keys(['example_bash_operator']) retrieved from /home/airflow/.local/lib/python3.7/site-packages/airflow/example_dags/example_bash_operator.py
[2023-06-14T16:07:45.288+0000] {logging_mixin.py:149} INFO - [2023-06-14T16:07:45.288+0000] {dag.py:2726} INFO - Sync 1 DAGs
[2023-06-14T16:07:45.316+0000] {logging_mixin.py:149} INFO - [2023-06-14T16:07:45.316+0000] {dag.py:3490} INFO - Setting next_dagrun for example_bash_operator to 2023-06-13T00:00:00+00:00, run_after=2023-06-14T00:00:00+00:00
[2023-06-14T16:07:45.337+0000] {processor.py:179} INFO - Processing /home/airflow/.local/lib/python3.7/site-packages/airflow/example_dags/example_bash_operator.py took 0.105 seconds
[2023-06-14T16:08:16.143+0000] {processor.py:157} INFO - Started process (PID=368) to work on /home/airflow/.local/lib/python3.7/site-packages/airflow/example_dags/example_bash_operator.py
[2023-06-14T16:08:16.144+0000] {processor.py:826} INFO - Processing file /home/airflow/.local/lib/python3.7/site-packages/airflow/example_dags/example_bash_operator.py for tasks to queue
[2023-06-14T16:08:16.144+0000] {logging_mixin.py:149} INFO - [2023-06-14T16:08:16.144+0000] {dagbag.py:541} INFO - Filling up the DagBag from /home/airflow/.local/lib/python3.7/site-packages/airflow/example_dags/example_bash_operator.py
[2023-06-14T16:08:16.157+0000] {processor.py:836} INFO - DAG(s) dict_keys(['example_bash_operator']) retrieved from /home/airflow/.local/lib/python3.7/site-packages/airflow/example_dags/example_bash_operator.py
[2023-06-14T16:08:16.196+0000] {logging_mixin.py:149} INFO - [2023-06-14T16:08:16.196+0000] {dag.py:2726} INFO - Sync 1 DAGs
[2023-06-14T16:08:16.225+0000] {logging_mixin.py:149} INFO - [2023-06-14T16:08:16.225+0000] {dag.py:3490} INFO - Setting next_dagrun for example_bash_operator to 2023-06-13T00:00:00+00:00, run_after=2023-06-14T00:00:00+00:00
[2023-06-14T16:08:16.245+0000] {processor.py:179} INFO - Processing /home/airflow/.local/lib/python3.7/site-packages/airflow/example_dags/example_bash_operator.py took 0.104 seconds
[2023-06-14T16:08:46.504+0000] {processor.py:157} INFO - Started process (PID=432) to work on /home/airflow/.local/lib/python3.7/site-packages/airflow/example_dags/example_bash_operator.py
[2023-06-14T16:08:46.504+0000] {processor.py:826} INFO - Processing file /home/airflow/.local/lib/python3.7/site-packages/airflow/example_dags/example_bash_operator.py for tasks to queue
[2023-06-14T16:08:46.505+0000] {logging_mixin.py:149} INFO - [2023-06-14T16:08:46.505+0000] {dagbag.py:541} INFO - Filling up the DagBag from /home/airflow/.local/lib/python3.7/site-packages/airflow/example_dags/example_bash_operator.py
[2023-06-14T16:08:46.520+0000] {processor.py:836} INFO - DAG(s) dict_keys(['example_bash_operator']) retrieved from /home/airflow/.local/lib/python3.7/site-packages/airflow/example_dags/example_bash_operator.py
[2023-06-14T16:08:46.554+0000] {logging_mixin.py:149} INFO - [2023-06-14T16:08:46.554+0000] {dag.py:2726} INFO - Sync 1 DAGs
[2023-06-14T16:08:46.586+0000] {logging_mixin.py:149} INFO - [2023-06-14T16:08:46.586+0000] {dag.py:3490} INFO - Setting next_dagrun for example_bash_operator to 2023-06-13T00:00:00+00:00, run_after=2023-06-14T00:00:00+00:00
[2023-06-14T16:08:46.607+0000] {processor.py:179} INFO - Processing /home/airflow/.local/lib/python3.7/site-packages/airflow/example_dags/example_bash_operator.py took 0.105 seconds
[2023-06-14T16:09:16.764+0000] {processor.py:157} INFO - Started process (PID=496) to work on /home/airflow/.local/lib/python3.7/site-packages/airflow/example_dags/example_bash_operator.py
[2023-06-14T16:09:16.765+0000] {processor.py:826} INFO - Processing file /home/airflow/.local/lib/python3.7/site-packages/airflow/example_dags/example_bash_operator.py for tasks to queue
[2023-06-14T16:09:16.766+0000] {logging_mixin.py:149} INFO - [2023-06-14T16:09:16.766+0000] {dagbag.py:541} INFO - Filling up the DagBag from /home/airflow/.local/lib/python3.7/site-packages/airflow/example_dags/example_bash_operator.py
[2023-06-14T16:09:16.781+0000] {processor.py:836} INFO - DAG(s) dict_keys(['example_bash_operator']) retrieved from /home/airflow/.local/lib/python3.7/site-packages/airflow/example_dags/example_bash_operator.py
[2023-06-14T16:09:16.824+0000] {logging_mixin.py:149} INFO - [2023-06-14T16:09:16.823+0000] {dag.py:2726} INFO - Sync 1 DAGs
[2023-06-14T16:09:16.851+0000] {logging_mixin.py:149} INFO - [2023-06-14T16:09:16.851+0000] {dag.py:3490} INFO - Setting next_dagrun for example_bash_operator to 2023-06-13T00:00:00+00:00, run_after=2023-06-14T00:00:00+00:00
[2023-06-14T16:09:16.870+0000] {processor.py:179} INFO - Processing /home/airflow/.local/lib/python3.7/site-packages/airflow/example_dags/example_bash_operator.py took 0.108 seconds
