[2023-06-14T16:06:10.818+0000] {processor.py:157} INFO - Started process (PID=53) to work on /home/airflow/.local/lib/python3.7/site-packages/airflow/example_dags/example_task_group.py
[2023-06-14T16:06:10.819+0000] {processor.py:826} INFO - Processing file /home/airflow/.local/lib/python3.7/site-packages/airflow/example_dags/example_task_group.py for tasks to queue
[2023-06-14T16:06:10.820+0000] {logging_mixin.py:149} INFO - [2023-06-14T16:06:10.820+0000] {dagbag.py:541} INFO - Filling up the DagBag from /home/airflow/.local/lib/python3.7/site-packages/airflow/example_dags/example_task_group.py
[2023-06-14T16:06:10.829+0000] {processor.py:836} INFO - DAG(s) dict_keys(['example_task_group']) retrieved from /home/airflow/.local/lib/python3.7/site-packages/airflow/example_dags/example_task_group.py
[2023-06-14T16:06:10.868+0000] {logging_mixin.py:149} INFO - [2023-06-14T16:06:10.868+0000] {dag.py:2726} INFO - Sync 1 DAGs
[2023-06-14T16:06:10.898+0000] {logging_mixin.py:149} INFO - [2023-06-14T16:06:10.898+0000] {dag.py:3490} INFO - Setting next_dagrun for example_task_group to 2023-06-13T16:06:10.897803+00:00, run_after=2023-06-14T16:06:10.897803+00:00
[2023-06-14T16:06:10.920+0000] {processor.py:179} INFO - Processing /home/airflow/.local/lib/python3.7/site-packages/airflow/example_dags/example_task_group.py took 0.104 seconds
[2023-06-14T16:06:41.509+0000] {processor.py:157} INFO - Started process (PID=130) to work on /home/airflow/.local/lib/python3.7/site-packages/airflow/example_dags/example_task_group.py
[2023-06-14T16:06:41.511+0000] {processor.py:826} INFO - Processing file /home/airflow/.local/lib/python3.7/site-packages/airflow/example_dags/example_task_group.py for tasks to queue
[2023-06-14T16:06:41.513+0000] {logging_mixin.py:149} INFO - [2023-06-14T16:06:41.512+0000] {dagbag.py:541} INFO - Filling up the DagBag from /home/airflow/.local/lib/python3.7/site-packages/airflow/example_dags/example_task_group.py
[2023-06-14T16:06:41.524+0000] {processor.py:836} INFO - DAG(s) dict_keys(['example_task_group']) retrieved from /home/airflow/.local/lib/python3.7/site-packages/airflow/example_dags/example_task_group.py
[2023-06-14T16:06:41.553+0000] {logging_mixin.py:149} INFO - [2023-06-14T16:06:41.553+0000] {dag.py:2726} INFO - Sync 1 DAGs
[2023-06-14T16:06:41.585+0000] {logging_mixin.py:149} INFO - [2023-06-14T16:06:41.585+0000] {dag.py:3490} INFO - Setting next_dagrun for example_task_group to 2023-06-13T16:06:41.584953+00:00, run_after=2023-06-14T16:06:41.584953+00:00
[2023-06-14T16:06:41.613+0000] {processor.py:179} INFO - Processing /home/airflow/.local/lib/python3.7/site-packages/airflow/example_dags/example_task_group.py took 0.108 seconds
[2023-06-14T16:07:12.197+0000] {processor.py:157} INFO - Started process (PID=207) to work on /home/airflow/.local/lib/python3.7/site-packages/airflow/example_dags/example_task_group.py
[2023-06-14T16:07:12.198+0000] {processor.py:826} INFO - Processing file /home/airflow/.local/lib/python3.7/site-packages/airflow/example_dags/example_task_group.py for tasks to queue
[2023-06-14T16:07:12.199+0000] {logging_mixin.py:149} INFO - [2023-06-14T16:07:12.198+0000] {dagbag.py:541} INFO - Filling up the DagBag from /home/airflow/.local/lib/python3.7/site-packages/airflow/example_dags/example_task_group.py
[2023-06-14T16:07:12.205+0000] {processor.py:836} INFO - DAG(s) dict_keys(['example_task_group']) retrieved from /home/airflow/.local/lib/python3.7/site-packages/airflow/example_dags/example_task_group.py
[2023-06-14T16:07:12.230+0000] {logging_mixin.py:149} INFO - [2023-06-14T16:07:12.230+0000] {dag.py:2726} INFO - Sync 1 DAGs
[2023-06-14T16:07:12.365+0000] {logging_mixin.py:149} INFO - [2023-06-14T16:07:12.364+0000] {dag.py:3490} INFO - Setting next_dagrun for example_task_group to 2023-06-13T16:07:12.364609+00:00, run_after=2023-06-14T16:07:12.364609+00:00
[2023-06-14T16:07:12.386+0000] {processor.py:179} INFO - Processing /home/airflow/.local/lib/python3.7/site-packages/airflow/example_dags/example_task_group.py took 0.191 seconds
[2023-06-14T16:07:43.180+0000] {processor.py:157} INFO - Started process (PID=284) to work on /home/airflow/.local/lib/python3.7/site-packages/airflow/example_dags/example_task_group.py
[2023-06-14T16:07:43.181+0000] {processor.py:826} INFO - Processing file /home/airflow/.local/lib/python3.7/site-packages/airflow/example_dags/example_task_group.py for tasks to queue
[2023-06-14T16:07:43.181+0000] {logging_mixin.py:149} INFO - [2023-06-14T16:07:43.181+0000] {dagbag.py:541} INFO - Filling up the DagBag from /home/airflow/.local/lib/python3.7/site-packages/airflow/example_dags/example_task_group.py
[2023-06-14T16:07:43.188+0000] {processor.py:836} INFO - DAG(s) dict_keys(['example_task_group']) retrieved from /home/airflow/.local/lib/python3.7/site-packages/airflow/example_dags/example_task_group.py
[2023-06-14T16:07:43.213+0000] {logging_mixin.py:149} INFO - [2023-06-14T16:07:43.213+0000] {dag.py:2726} INFO - Sync 1 DAGs
[2023-06-14T16:07:43.244+0000] {logging_mixin.py:149} INFO - [2023-06-14T16:07:43.244+0000] {dag.py:3490} INFO - Setting next_dagrun for example_task_group to 2023-06-13T16:07:43.243917+00:00, run_after=2023-06-14T16:07:43.243917+00:00
[2023-06-14T16:07:43.264+0000] {processor.py:179} INFO - Processing /home/airflow/.local/lib/python3.7/site-packages/airflow/example_dags/example_task_group.py took 0.087 seconds
[2023-06-14T16:08:13.994+0000] {processor.py:157} INFO - Started process (PID=348) to work on /home/airflow/.local/lib/python3.7/site-packages/airflow/example_dags/example_task_group.py
[2023-06-14T16:08:13.995+0000] {processor.py:826} INFO - Processing file /home/airflow/.local/lib/python3.7/site-packages/airflow/example_dags/example_task_group.py for tasks to queue
[2023-06-14T16:08:13.996+0000] {logging_mixin.py:149} INFO - [2023-06-14T16:08:13.996+0000] {dagbag.py:541} INFO - Filling up the DagBag from /home/airflow/.local/lib/python3.7/site-packages/airflow/example_dags/example_task_group.py
[2023-06-14T16:08:14.003+0000] {processor.py:836} INFO - DAG(s) dict_keys(['example_task_group']) retrieved from /home/airflow/.local/lib/python3.7/site-packages/airflow/example_dags/example_task_group.py
[2023-06-14T16:08:14.024+0000] {logging_mixin.py:149} INFO - [2023-06-14T16:08:14.024+0000] {dag.py:2726} INFO - Sync 1 DAGs
[2023-06-14T16:08:14.046+0000] {logging_mixin.py:149} INFO - [2023-06-14T16:08:14.046+0000] {dag.py:3490} INFO - Setting next_dagrun for example_task_group to 2023-06-13T16:08:14.046239+00:00, run_after=2023-06-14T16:08:14.046239+00:00
[2023-06-14T16:08:14.063+0000] {processor.py:179} INFO - Processing /home/airflow/.local/lib/python3.7/site-packages/airflow/example_dags/example_task_group.py took 0.071 seconds
[2023-06-14T16:08:44.337+0000] {processor.py:157} INFO - Started process (PID=412) to work on /home/airflow/.local/lib/python3.7/site-packages/airflow/example_dags/example_task_group.py
[2023-06-14T16:08:44.338+0000] {processor.py:826} INFO - Processing file /home/airflow/.local/lib/python3.7/site-packages/airflow/example_dags/example_task_group.py for tasks to queue
[2023-06-14T16:08:44.339+0000] {logging_mixin.py:149} INFO - [2023-06-14T16:08:44.339+0000] {dagbag.py:541} INFO - Filling up the DagBag from /home/airflow/.local/lib/python3.7/site-packages/airflow/example_dags/example_task_group.py
[2023-06-14T16:08:44.346+0000] {processor.py:836} INFO - DAG(s) dict_keys(['example_task_group']) retrieved from /home/airflow/.local/lib/python3.7/site-packages/airflow/example_dags/example_task_group.py
[2023-06-14T16:08:44.369+0000] {logging_mixin.py:149} INFO - [2023-06-14T16:08:44.368+0000] {dag.py:2726} INFO - Sync 1 DAGs
[2023-06-14T16:08:44.396+0000] {logging_mixin.py:149} INFO - [2023-06-14T16:08:44.396+0000] {dag.py:3490} INFO - Setting next_dagrun for example_task_group to 2023-06-13T16:08:44.396215+00:00, run_after=2023-06-14T16:08:44.396215+00:00
[2023-06-14T16:08:44.419+0000] {processor.py:179} INFO - Processing /home/airflow/.local/lib/python3.7/site-packages/airflow/example_dags/example_task_group.py took 0.084 seconds
[2023-06-14T16:09:14.678+0000] {processor.py:157} INFO - Started process (PID=476) to work on /home/airflow/.local/lib/python3.7/site-packages/airflow/example_dags/example_task_group.py
[2023-06-14T16:09:14.679+0000] {processor.py:826} INFO - Processing file /home/airflow/.local/lib/python3.7/site-packages/airflow/example_dags/example_task_group.py for tasks to queue
[2023-06-14T16:09:14.680+0000] {logging_mixin.py:149} INFO - [2023-06-14T16:09:14.680+0000] {dagbag.py:541} INFO - Filling up the DagBag from /home/airflow/.local/lib/python3.7/site-packages/airflow/example_dags/example_task_group.py
[2023-06-14T16:09:14.690+0000] {processor.py:836} INFO - DAG(s) dict_keys(['example_task_group']) retrieved from /home/airflow/.local/lib/python3.7/site-packages/airflow/example_dags/example_task_group.py
[2023-06-14T16:09:14.714+0000] {logging_mixin.py:149} INFO - [2023-06-14T16:09:14.714+0000] {dag.py:2726} INFO - Sync 1 DAGs
[2023-06-14T16:09:14.744+0000] {logging_mixin.py:149} INFO - [2023-06-14T16:09:14.744+0000] {dag.py:3490} INFO - Setting next_dagrun for example_task_group to 2023-06-13T16:09:14.744001+00:00, run_after=2023-06-14T16:09:14.744001+00:00
[2023-06-14T16:09:14.769+0000] {processor.py:179} INFO - Processing /home/airflow/.local/lib/python3.7/site-packages/airflow/example_dags/example_task_group.py took 0.094 seconds
[2023-06-14T16:09:45.739+0000] {processor.py:157} INFO - Started process (PID=540) to work on /home/airflow/.local/lib/python3.7/site-packages/airflow/example_dags/example_task_group.py
[2023-06-14T16:09:45.739+0000] {processor.py:826} INFO - Processing file /home/airflow/.local/lib/python3.7/site-packages/airflow/example_dags/example_task_group.py for tasks to queue
[2023-06-14T16:09:45.740+0000] {logging_mixin.py:149} INFO - [2023-06-14T16:09:45.740+0000] {dagbag.py:541} INFO - Filling up the DagBag from /home/airflow/.local/lib/python3.7/site-packages/airflow/example_dags/example_task_group.py
[2023-06-14T16:09:45.746+0000] {processor.py:836} INFO - DAG(s) dict_keys(['example_task_group']) retrieved from /home/airflow/.local/lib/python3.7/site-packages/airflow/example_dags/example_task_group.py
[2023-06-14T16:09:45.772+0000] {logging_mixin.py:149} INFO - [2023-06-14T16:09:45.772+0000] {dag.py:2726} INFO - Sync 1 DAGs
[2023-06-14T16:09:45.801+0000] {logging_mixin.py:149} INFO - [2023-06-14T16:09:45.801+0000] {dag.py:3490} INFO - Setting next_dagrun for example_task_group to 2023-06-13T16:09:45.800948+00:00, run_after=2023-06-14T16:09:45.800948+00:00
[2023-06-14T16:09:45.823+0000] {processor.py:179} INFO - Processing /home/airflow/.local/lib/python3.7/site-packages/airflow/example_dags/example_task_group.py took 0.086 seconds
[2023-06-14T16:10:16.185+0000] {processor.py:157} INFO - Started process (PID=604) to work on /home/airflow/.local/lib/python3.7/site-packages/airflow/example_dags/example_task_group.py
[2023-06-14T16:10:16.186+0000] {processor.py:826} INFO - Processing file /home/airflow/.local/lib/python3.7/site-packages/airflow/example_dags/example_task_group.py for tasks to queue
[2023-06-14T16:10:16.187+0000] {logging_mixin.py:149} INFO - [2023-06-14T16:10:16.187+0000] {dagbag.py:541} INFO - Filling up the DagBag from /home/airflow/.local/lib/python3.7/site-packages/airflow/example_dags/example_task_group.py
[2023-06-14T16:10:16.196+0000] {processor.py:836} INFO - DAG(s) dict_keys(['example_task_group']) retrieved from /home/airflow/.local/lib/python3.7/site-packages/airflow/example_dags/example_task_group.py
[2023-06-14T16:10:16.224+0000] {logging_mixin.py:149} INFO - [2023-06-14T16:10:16.224+0000] {dag.py:2726} INFO - Sync 1 DAGs
[2023-06-14T16:10:16.253+0000] {logging_mixin.py:149} INFO - [2023-06-14T16:10:16.253+0000] {dag.py:3490} INFO - Setting next_dagrun for example_task_group to 2023-06-13T16:10:16.252779+00:00, run_after=2023-06-14T16:10:16.252779+00:00
[2023-06-14T16:10:16.274+0000] {processor.py:179} INFO - Processing /home/airflow/.local/lib/python3.7/site-packages/airflow/example_dags/example_task_group.py took 0.092 seconds
[2023-06-14T16:10:46.316+0000] {processor.py:157} INFO - Started process (PID=667) to work on /home/airflow/.local/lib/python3.7/site-packages/airflow/example_dags/example_task_group.py
[2023-06-14T16:10:46.317+0000] {processor.py:826} INFO - Processing file /home/airflow/.local/lib/python3.7/site-packages/airflow/example_dags/example_task_group.py for tasks to queue
[2023-06-14T16:10:46.318+0000] {logging_mixin.py:149} INFO - [2023-06-14T16:10:46.317+0000] {dagbag.py:541} INFO - Filling up the DagBag from /home/airflow/.local/lib/python3.7/site-packages/airflow/example_dags/example_task_group.py
[2023-06-14T16:10:46.326+0000] {processor.py:836} INFO - DAG(s) dict_keys(['example_task_group']) retrieved from /home/airflow/.local/lib/python3.7/site-packages/airflow/example_dags/example_task_group.py
[2023-06-14T16:10:46.353+0000] {logging_mixin.py:149} INFO - [2023-06-14T16:10:46.352+0000] {dag.py:2726} INFO - Sync 1 DAGs
[2023-06-14T16:10:46.382+0000] {logging_mixin.py:149} INFO - [2023-06-14T16:10:46.381+0000] {dag.py:3490} INFO - Setting next_dagrun for example_task_group to 2023-06-13T16:10:46.381639+00:00, run_after=2023-06-14T16:10:46.381639+00:00
[2023-06-14T16:10:46.416+0000] {processor.py:179} INFO - Processing /home/airflow/.local/lib/python3.7/site-packages/airflow/example_dags/example_task_group.py took 0.103 seconds
[2023-06-14T16:11:16.725+0000] {processor.py:157} INFO - Started process (PID=744) to work on /home/airflow/.local/lib/python3.7/site-packages/airflow/example_dags/example_task_group.py
[2023-06-14T16:11:16.726+0000] {processor.py:826} INFO - Processing file /home/airflow/.local/lib/python3.7/site-packages/airflow/example_dags/example_task_group.py for tasks to queue
[2023-06-14T16:11:16.727+0000] {logging_mixin.py:149} INFO - [2023-06-14T16:11:16.727+0000] {dagbag.py:541} INFO - Filling up the DagBag from /home/airflow/.local/lib/python3.7/site-packages/airflow/example_dags/example_task_group.py
[2023-06-14T16:11:16.741+0000] {processor.py:836} INFO - DAG(s) dict_keys(['example_task_group']) retrieved from /home/airflow/.local/lib/python3.7/site-packages/airflow/example_dags/example_task_group.py
[2023-06-14T16:11:16.769+0000] {logging_mixin.py:149} INFO - [2023-06-14T16:11:16.769+0000] {dag.py:2726} INFO - Sync 1 DAGs
[2023-06-14T16:11:16.798+0000] {logging_mixin.py:149} INFO - [2023-06-14T16:11:16.798+0000] {dag.py:3490} INFO - Setting next_dagrun for example_task_group to 2023-06-13T16:11:16.798393+00:00, run_after=2023-06-14T16:11:16.798393+00:00
[2023-06-14T16:11:16.820+0000] {processor.py:179} INFO - Processing /home/airflow/.local/lib/python3.7/site-packages/airflow/example_dags/example_task_group.py took 0.098 seconds
[2023-06-14T16:11:47.016+0000] {processor.py:157} INFO - Started process (PID=821) to work on /home/airflow/.local/lib/python3.7/site-packages/airflow/example_dags/example_task_group.py
[2023-06-14T16:11:47.016+0000] {processor.py:826} INFO - Processing file /home/airflow/.local/lib/python3.7/site-packages/airflow/example_dags/example_task_group.py for tasks to queue
[2023-06-14T16:11:47.017+0000] {logging_mixin.py:149} INFO - [2023-06-14T16:11:47.017+0000] {dagbag.py:541} INFO - Filling up the DagBag from /home/airflow/.local/lib/python3.7/site-packages/airflow/example_dags/example_task_group.py
[2023-06-14T16:11:47.023+0000] {processor.py:836} INFO - DAG(s) dict_keys(['example_task_group']) retrieved from /home/airflow/.local/lib/python3.7/site-packages/airflow/example_dags/example_task_group.py
[2023-06-14T16:11:47.046+0000] {logging_mixin.py:149} INFO - [2023-06-14T16:11:47.046+0000] {dag.py:2726} INFO - Sync 1 DAGs
[2023-06-14T16:11:47.071+0000] {logging_mixin.py:149} INFO - [2023-06-14T16:11:47.070+0000] {dag.py:3490} INFO - Setting next_dagrun for example_task_group to 2023-06-13T16:11:47.070604+00:00, run_after=2023-06-14T16:11:47.070604+00:00
[2023-06-14T16:11:47.093+0000] {processor.py:179} INFO - Processing /home/airflow/.local/lib/python3.7/site-packages/airflow/example_dags/example_task_group.py took 0.079 seconds
[2023-06-14T16:12:17.415+0000] {processor.py:157} INFO - Started process (PID=898) to work on /home/airflow/.local/lib/python3.7/site-packages/airflow/example_dags/example_task_group.py
[2023-06-14T16:12:17.416+0000] {processor.py:826} INFO - Processing file /home/airflow/.local/lib/python3.7/site-packages/airflow/example_dags/example_task_group.py for tasks to queue
[2023-06-14T16:12:17.417+0000] {logging_mixin.py:149} INFO - [2023-06-14T16:12:17.417+0000] {dagbag.py:541} INFO - Filling up the DagBag from /home/airflow/.local/lib/python3.7/site-packages/airflow/example_dags/example_task_group.py
[2023-06-14T16:12:17.424+0000] {processor.py:836} INFO - DAG(s) dict_keys(['example_task_group']) retrieved from /home/airflow/.local/lib/python3.7/site-packages/airflow/example_dags/example_task_group.py
[2023-06-14T16:12:17.446+0000] {logging_mixin.py:149} INFO - [2023-06-14T16:12:17.446+0000] {dag.py:2726} INFO - Sync 1 DAGs
[2023-06-14T16:12:17.470+0000] {logging_mixin.py:149} INFO - [2023-06-14T16:12:17.469+0000] {dag.py:3490} INFO - Setting next_dagrun for example_task_group to 2023-06-13T16:12:17.469673+00:00, run_after=2023-06-14T16:12:17.469673+00:00
[2023-06-14T16:12:17.489+0000] {processor.py:179} INFO - Processing /home/airflow/.local/lib/python3.7/site-packages/airflow/example_dags/example_task_group.py took 0.077 seconds
[2023-06-14T16:12:47.650+0000] {processor.py:157} INFO - Started process (PID=975) to work on /home/airflow/.local/lib/python3.7/site-packages/airflow/example_dags/example_task_group.py
[2023-06-14T16:12:47.651+0000] {processor.py:826} INFO - Processing file /home/airflow/.local/lib/python3.7/site-packages/airflow/example_dags/example_task_group.py for tasks to queue
[2023-06-14T16:12:47.652+0000] {logging_mixin.py:149} INFO - [2023-06-14T16:12:47.652+0000] {dagbag.py:541} INFO - Filling up the DagBag from /home/airflow/.local/lib/python3.7/site-packages/airflow/example_dags/example_task_group.py
[2023-06-14T16:12:47.665+0000] {processor.py:836} INFO - DAG(s) dict_keys(['example_task_group']) retrieved from /home/airflow/.local/lib/python3.7/site-packages/airflow/example_dags/example_task_group.py
[2023-06-14T16:12:47.691+0000] {logging_mixin.py:149} INFO - [2023-06-14T16:12:47.691+0000] {dag.py:2726} INFO - Sync 1 DAGs
[2023-06-14T16:12:47.718+0000] {logging_mixin.py:149} INFO - [2023-06-14T16:12:47.718+0000] {dag.py:3490} INFO - Setting next_dagrun for example_task_group to 2023-06-13T16:12:47.717946+00:00, run_after=2023-06-14T16:12:47.717946+00:00
[2023-06-14T16:12:47.736+0000] {processor.py:179} INFO - Processing /home/airflow/.local/lib/python3.7/site-packages/airflow/example_dags/example_task_group.py took 0.088 seconds
[2023-06-14T16:13:18.262+0000] {processor.py:157} INFO - Started process (PID=1053) to work on /home/airflow/.local/lib/python3.7/site-packages/airflow/example_dags/example_task_group.py
[2023-06-14T16:13:18.262+0000] {processor.py:826} INFO - Processing file /home/airflow/.local/lib/python3.7/site-packages/airflow/example_dags/example_task_group.py for tasks to queue
[2023-06-14T16:13:18.263+0000] {logging_mixin.py:149} INFO - [2023-06-14T16:13:18.263+0000] {dagbag.py:541} INFO - Filling up the DagBag from /home/airflow/.local/lib/python3.7/site-packages/airflow/example_dags/example_task_group.py
[2023-06-14T16:13:18.270+0000] {processor.py:836} INFO - DAG(s) dict_keys(['example_task_group']) retrieved from /home/airflow/.local/lib/python3.7/site-packages/airflow/example_dags/example_task_group.py
[2023-06-14T16:13:18.295+0000] {logging_mixin.py:149} INFO - [2023-06-14T16:13:18.294+0000] {dag.py:2726} INFO - Sync 1 DAGs
[2023-06-14T16:13:18.319+0000] {logging_mixin.py:149} INFO - [2023-06-14T16:13:18.319+0000] {dag.py:3490} INFO - Setting next_dagrun for example_task_group to 2023-06-13T16:13:18.319037+00:00, run_after=2023-06-14T16:13:18.319037+00:00
[2023-06-14T16:13:18.346+0000] {processor.py:179} INFO - Processing /home/airflow/.local/lib/python3.7/site-packages/airflow/example_dags/example_task_group.py took 0.087 seconds
[2023-06-14T16:13:48.588+0000] {processor.py:157} INFO - Started process (PID=1130) to work on /home/airflow/.local/lib/python3.7/site-packages/airflow/example_dags/example_task_group.py
[2023-06-14T16:13:48.589+0000] {processor.py:826} INFO - Processing file /home/airflow/.local/lib/python3.7/site-packages/airflow/example_dags/example_task_group.py for tasks to queue
[2023-06-14T16:13:48.590+0000] {logging_mixin.py:149} INFO - [2023-06-14T16:13:48.589+0000] {dagbag.py:541} INFO - Filling up the DagBag from /home/airflow/.local/lib/python3.7/site-packages/airflow/example_dags/example_task_group.py
[2023-06-14T16:13:48.596+0000] {processor.py:836} INFO - DAG(s) dict_keys(['example_task_group']) retrieved from /home/airflow/.local/lib/python3.7/site-packages/airflow/example_dags/example_task_group.py
[2023-06-14T16:13:48.620+0000] {logging_mixin.py:149} INFO - [2023-06-14T16:13:48.619+0000] {dag.py:2726} INFO - Sync 1 DAGs
[2023-06-14T16:13:48.648+0000] {logging_mixin.py:149} INFO - [2023-06-14T16:13:48.648+0000] {dag.py:3490} INFO - Setting next_dagrun for example_task_group to 2023-06-13T16:13:48.648482+00:00, run_after=2023-06-14T16:13:48.648482+00:00
[2023-06-14T16:13:48.667+0000] {processor.py:179} INFO - Processing /home/airflow/.local/lib/python3.7/site-packages/airflow/example_dags/example_task_group.py took 0.081 seconds
[2023-06-14T16:14:18.995+0000] {processor.py:157} INFO - Started process (PID=1207) to work on /home/airflow/.local/lib/python3.7/site-packages/airflow/example_dags/example_task_group.py
[2023-06-14T16:14:18.996+0000] {processor.py:826} INFO - Processing file /home/airflow/.local/lib/python3.7/site-packages/airflow/example_dags/example_task_group.py for tasks to queue
[2023-06-14T16:14:18.997+0000] {logging_mixin.py:149} INFO - [2023-06-14T16:14:18.997+0000] {dagbag.py:541} INFO - Filling up the DagBag from /home/airflow/.local/lib/python3.7/site-packages/airflow/example_dags/example_task_group.py
[2023-06-14T16:14:19.005+0000] {processor.py:836} INFO - DAG(s) dict_keys(['example_task_group']) retrieved from /home/airflow/.local/lib/python3.7/site-packages/airflow/example_dags/example_task_group.py
[2023-06-14T16:14:19.029+0000] {logging_mixin.py:149} INFO - [2023-06-14T16:14:19.029+0000] {dag.py:2726} INFO - Sync 1 DAGs
[2023-06-14T16:14:19.059+0000] {logging_mixin.py:149} INFO - [2023-06-14T16:14:19.059+0000] {dag.py:3490} INFO - Setting next_dagrun for example_task_group to 2023-06-13T16:14:19.059191+00:00, run_after=2023-06-14T16:14:19.059191+00:00
[2023-06-14T16:14:19.091+0000] {processor.py:179} INFO - Processing /home/airflow/.local/lib/python3.7/site-packages/airflow/example_dags/example_task_group.py took 0.097 seconds
[2023-06-14T16:14:49.456+0000] {processor.py:157} INFO - Started process (PID=1284) to work on /home/airflow/.local/lib/python3.7/site-packages/airflow/example_dags/example_task_group.py
[2023-06-14T16:14:49.457+0000] {processor.py:826} INFO - Processing file /home/airflow/.local/lib/python3.7/site-packages/airflow/example_dags/example_task_group.py for tasks to queue
[2023-06-14T16:14:49.458+0000] {logging_mixin.py:149} INFO - [2023-06-14T16:14:49.458+0000] {dagbag.py:541} INFO - Filling up the DagBag from /home/airflow/.local/lib/python3.7/site-packages/airflow/example_dags/example_task_group.py
[2023-06-14T16:14:49.464+0000] {processor.py:836} INFO - DAG(s) dict_keys(['example_task_group']) retrieved from /home/airflow/.local/lib/python3.7/site-packages/airflow/example_dags/example_task_group.py
[2023-06-14T16:14:49.489+0000] {logging_mixin.py:149} INFO - [2023-06-14T16:14:49.489+0000] {dag.py:2726} INFO - Sync 1 DAGs
[2023-06-14T16:14:49.515+0000] {logging_mixin.py:149} INFO - [2023-06-14T16:14:49.515+0000] {dag.py:3490} INFO - Setting next_dagrun for example_task_group to 2023-06-13T16:14:49.515394+00:00, run_after=2023-06-14T16:14:49.515394+00:00
[2023-06-14T16:14:49.542+0000] {processor.py:179} INFO - Processing /home/airflow/.local/lib/python3.7/site-packages/airflow/example_dags/example_task_group.py took 0.087 seconds
[2023-06-14T16:15:19.856+0000] {processor.py:157} INFO - Started process (PID=1361) to work on /home/airflow/.local/lib/python3.7/site-packages/airflow/example_dags/example_task_group.py
[2023-06-14T16:15:19.857+0000] {processor.py:826} INFO - Processing file /home/airflow/.local/lib/python3.7/site-packages/airflow/example_dags/example_task_group.py for tasks to queue
[2023-06-14T16:15:19.857+0000] {logging_mixin.py:149} INFO - [2023-06-14T16:15:19.857+0000] {dagbag.py:541} INFO - Filling up the DagBag from /home/airflow/.local/lib/python3.7/site-packages/airflow/example_dags/example_task_group.py
[2023-06-14T16:15:19.865+0000] {processor.py:836} INFO - DAG(s) dict_keys(['example_task_group']) retrieved from /home/airflow/.local/lib/python3.7/site-packages/airflow/example_dags/example_task_group.py
[2023-06-14T16:15:19.888+0000] {logging_mixin.py:149} INFO - [2023-06-14T16:15:19.888+0000] {dag.py:2726} INFO - Sync 1 DAGs
[2023-06-14T16:15:19.911+0000] {logging_mixin.py:149} INFO - [2023-06-14T16:15:19.910+0000] {dag.py:3490} INFO - Setting next_dagrun for example_task_group to 2023-06-13T16:15:19.910721+00:00, run_after=2023-06-14T16:15:19.910721+00:00
[2023-06-14T16:15:19.928+0000] {processor.py:179} INFO - Processing /home/airflow/.local/lib/python3.7/site-packages/airflow/example_dags/example_task_group.py took 0.074 seconds
[2023-06-14T16:15:50.374+0000] {processor.py:157} INFO - Started process (PID=1438) to work on /home/airflow/.local/lib/python3.7/site-packages/airflow/example_dags/example_task_group.py
[2023-06-14T16:15:50.375+0000] {processor.py:826} INFO - Processing file /home/airflow/.local/lib/python3.7/site-packages/airflow/example_dags/example_task_group.py for tasks to queue
[2023-06-14T16:15:50.376+0000] {logging_mixin.py:149} INFO - [2023-06-14T16:15:50.376+0000] {dagbag.py:541} INFO - Filling up the DagBag from /home/airflow/.local/lib/python3.7/site-packages/airflow/example_dags/example_task_group.py
[2023-06-14T16:15:50.384+0000] {processor.py:836} INFO - DAG(s) dict_keys(['example_task_group']) retrieved from /home/airflow/.local/lib/python3.7/site-packages/airflow/example_dags/example_task_group.py
[2023-06-14T16:15:50.414+0000] {logging_mixin.py:149} INFO - [2023-06-14T16:15:50.414+0000] {dag.py:2726} INFO - Sync 1 DAGs
[2023-06-14T16:15:50.441+0000] {logging_mixin.py:149} INFO - [2023-06-14T16:15:50.440+0000] {dag.py:3490} INFO - Setting next_dagrun for example_task_group to 2023-06-13T16:15:50.440768+00:00, run_after=2023-06-14T16:15:50.440768+00:00
[2023-06-14T16:15:50.462+0000] {processor.py:179} INFO - Processing /home/airflow/.local/lib/python3.7/site-packages/airflow/example_dags/example_task_group.py took 0.091 seconds
[2023-06-14T16:16:21.003+0000] {processor.py:157} INFO - Started process (PID=1515) to work on /home/airflow/.local/lib/python3.7/site-packages/airflow/example_dags/example_task_group.py
[2023-06-14T16:16:21.004+0000] {processor.py:826} INFO - Processing file /home/airflow/.local/lib/python3.7/site-packages/airflow/example_dags/example_task_group.py for tasks to queue
[2023-06-14T16:16:21.005+0000] {logging_mixin.py:149} INFO - [2023-06-14T16:16:21.005+0000] {dagbag.py:541} INFO - Filling up the DagBag from /home/airflow/.local/lib/python3.7/site-packages/airflow/example_dags/example_task_group.py
[2023-06-14T16:16:21.014+0000] {processor.py:836} INFO - DAG(s) dict_keys(['example_task_group']) retrieved from /home/airflow/.local/lib/python3.7/site-packages/airflow/example_dags/example_task_group.py
[2023-06-14T16:16:21.041+0000] {logging_mixin.py:149} INFO - [2023-06-14T16:16:21.041+0000] {dag.py:2726} INFO - Sync 1 DAGs
[2023-06-14T16:16:21.068+0000] {logging_mixin.py:149} INFO - [2023-06-14T16:16:21.066+0000] {dag.py:3490} INFO - Setting next_dagrun for example_task_group to 2023-06-13T16:16:21.066331+00:00, run_after=2023-06-14T16:16:21.066331+00:00
[2023-06-14T16:16:21.099+0000] {processor.py:179} INFO - Processing /home/airflow/.local/lib/python3.7/site-packages/airflow/example_dags/example_task_group.py took 0.098 seconds
[2023-06-14T16:16:51.437+0000] {processor.py:157} INFO - Started process (PID=1592) to work on /home/airflow/.local/lib/python3.7/site-packages/airflow/example_dags/example_task_group.py
[2023-06-14T16:16:51.438+0000] {processor.py:826} INFO - Processing file /home/airflow/.local/lib/python3.7/site-packages/airflow/example_dags/example_task_group.py for tasks to queue
[2023-06-14T16:16:51.439+0000] {logging_mixin.py:149} INFO - [2023-06-14T16:16:51.439+0000] {dagbag.py:541} INFO - Filling up the DagBag from /home/airflow/.local/lib/python3.7/site-packages/airflow/example_dags/example_task_group.py
[2023-06-14T16:16:51.448+0000] {processor.py:836} INFO - DAG(s) dict_keys(['example_task_group']) retrieved from /home/airflow/.local/lib/python3.7/site-packages/airflow/example_dags/example_task_group.py
[2023-06-14T16:16:51.474+0000] {logging_mixin.py:149} INFO - [2023-06-14T16:16:51.474+0000] {dag.py:2726} INFO - Sync 1 DAGs
[2023-06-14T16:16:51.499+0000] {logging_mixin.py:149} INFO - [2023-06-14T16:16:51.499+0000] {dag.py:3490} INFO - Setting next_dagrun for example_task_group to 2023-06-13T16:16:51.499134+00:00, run_after=2023-06-14T16:16:51.499134+00:00
[2023-06-14T16:16:51.527+0000] {processor.py:179} INFO - Processing /home/airflow/.local/lib/python3.7/site-packages/airflow/example_dags/example_task_group.py took 0.092 seconds
