[2023-06-14T16:06:10.952+0000] {processor.py:157} INFO - Started process (PID=55) to work on /home/airflow/.local/lib/python3.7/site-packages/airflow/example_dags/example_complex.py
[2023-06-14T16:06:10.953+0000] {processor.py:826} INFO - Processing file /home/airflow/.local/lib/python3.7/site-packages/airflow/example_dags/example_complex.py for tasks to queue
[2023-06-14T16:06:10.954+0000] {logging_mixin.py:149} INFO - [2023-06-14T16:06:10.954+0000] {dagbag.py:541} INFO - Filling up the DagBag from /home/airflow/.local/lib/python3.7/site-packages/airflow/example_dags/example_complex.py
[2023-06-14T16:06:10.966+0000] {logging_mixin.py:149} INFO - [2023-06-14T16:06:10.966+0000] {taskmixin.py:211} WARNING - Dependency <Task(BashOperator): create_entry_group>, delete_entry_group already registered for DAG: example_complex
[2023-06-14T16:06:10.966+0000] {logging_mixin.py:149} INFO - [2023-06-14T16:06:10.966+0000] {taskmixin.py:211} WARNING - Dependency <Task(BashOperator): delete_entry_group>, create_entry_group already registered for DAG: example_complex
[2023-06-14T16:06:10.967+0000] {logging_mixin.py:149} INFO - [2023-06-14T16:06:10.967+0000] {taskmixin.py:211} WARNING - Dependency <Task(BashOperator): create_entry_gcs>, delete_entry already registered for DAG: example_complex
[2023-06-14T16:06:10.967+0000] {logging_mixin.py:149} INFO - [2023-06-14T16:06:10.967+0000] {taskmixin.py:211} WARNING - Dependency <Task(BashOperator): delete_entry>, create_entry_gcs already registered for DAG: example_complex
[2023-06-14T16:06:10.968+0000] {logging_mixin.py:149} INFO - [2023-06-14T16:06:10.968+0000] {taskmixin.py:211} WARNING - Dependency <Task(BashOperator): create_tag>, delete_tag already registered for DAG: example_complex
[2023-06-14T16:06:10.969+0000] {logging_mixin.py:149} INFO - [2023-06-14T16:06:10.968+0000] {taskmixin.py:211} WARNING - Dependency <Task(BashOperator): delete_tag>, create_tag already registered for DAG: example_complex
[2023-06-14T16:06:10.973+0000] {processor.py:836} INFO - DAG(s) dict_keys(['example_complex']) retrieved from /home/airflow/.local/lib/python3.7/site-packages/airflow/example_dags/example_complex.py
[2023-06-14T16:06:11.028+0000] {logging_mixin.py:149} INFO - [2023-06-14T16:06:11.028+0000] {dag.py:2726} INFO - Sync 1 DAGs
[2023-06-14T16:06:11.057+0000] {logging_mixin.py:149} INFO - [2023-06-14T16:06:11.057+0000] {dag.py:3490} INFO - Setting next_dagrun for example_complex to None, run_after=None
[2023-06-14T16:06:11.078+0000] {processor.py:179} INFO - Processing /home/airflow/.local/lib/python3.7/site-packages/airflow/example_dags/example_complex.py took 0.129 seconds
[2023-06-14T16:06:41.643+0000] {processor.py:157} INFO - Started process (PID=132) to work on /home/airflow/.local/lib/python3.7/site-packages/airflow/example_dags/example_complex.py
[2023-06-14T16:06:41.645+0000] {processor.py:826} INFO - Processing file /home/airflow/.local/lib/python3.7/site-packages/airflow/example_dags/example_complex.py for tasks to queue
[2023-06-14T16:06:41.646+0000] {logging_mixin.py:149} INFO - [2023-06-14T16:06:41.646+0000] {dagbag.py:541} INFO - Filling up the DagBag from /home/airflow/.local/lib/python3.7/site-packages/airflow/example_dags/example_complex.py
[2023-06-14T16:06:41.658+0000] {logging_mixin.py:149} INFO - [2023-06-14T16:06:41.657+0000] {taskmixin.py:211} WARNING - Dependency <Task(BashOperator): create_entry_group>, delete_entry_group already registered for DAG: example_complex
[2023-06-14T16:06:41.658+0000] {logging_mixin.py:149} INFO - [2023-06-14T16:06:41.658+0000] {taskmixin.py:211} WARNING - Dependency <Task(BashOperator): delete_entry_group>, create_entry_group already registered for DAG: example_complex
[2023-06-14T16:06:41.659+0000] {logging_mixin.py:149} INFO - [2023-06-14T16:06:41.659+0000] {taskmixin.py:211} WARNING - Dependency <Task(BashOperator): create_entry_gcs>, delete_entry already registered for DAG: example_complex
[2023-06-14T16:06:41.659+0000] {logging_mixin.py:149} INFO - [2023-06-14T16:06:41.659+0000] {taskmixin.py:211} WARNING - Dependency <Task(BashOperator): delete_entry>, create_entry_gcs already registered for DAG: example_complex
[2023-06-14T16:06:41.660+0000] {logging_mixin.py:149} INFO - [2023-06-14T16:06:41.660+0000] {taskmixin.py:211} WARNING - Dependency <Task(BashOperator): create_tag>, delete_tag already registered for DAG: example_complex
[2023-06-14T16:06:41.660+0000] {logging_mixin.py:149} INFO - [2023-06-14T16:06:41.660+0000] {taskmixin.py:211} WARNING - Dependency <Task(BashOperator): delete_tag>, create_tag already registered for DAG: example_complex
[2023-06-14T16:06:41.662+0000] {processor.py:836} INFO - DAG(s) dict_keys(['example_complex']) retrieved from /home/airflow/.local/lib/python3.7/site-packages/airflow/example_dags/example_complex.py
[2023-06-14T16:06:41.707+0000] {logging_mixin.py:149} INFO - [2023-06-14T16:06:41.707+0000] {dag.py:2726} INFO - Sync 1 DAGs
[2023-06-14T16:06:41.741+0000] {logging_mixin.py:149} INFO - [2023-06-14T16:06:41.740+0000] {dag.py:3490} INFO - Setting next_dagrun for example_complex to None, run_after=None
[2023-06-14T16:06:41.780+0000] {processor.py:179} INFO - Processing /home/airflow/.local/lib/python3.7/site-packages/airflow/example_dags/example_complex.py took 0.140 seconds
[2023-06-14T16:07:12.410+0000] {processor.py:157} INFO - Started process (PID=209) to work on /home/airflow/.local/lib/python3.7/site-packages/airflow/example_dags/example_complex.py
[2023-06-14T16:07:12.411+0000] {processor.py:826} INFO - Processing file /home/airflow/.local/lib/python3.7/site-packages/airflow/example_dags/example_complex.py for tasks to queue
[2023-06-14T16:07:12.412+0000] {logging_mixin.py:149} INFO - [2023-06-14T16:07:12.412+0000] {dagbag.py:541} INFO - Filling up the DagBag from /home/airflow/.local/lib/python3.7/site-packages/airflow/example_dags/example_complex.py
[2023-06-14T16:07:12.422+0000] {logging_mixin.py:149} INFO - [2023-06-14T16:07:12.422+0000] {taskmixin.py:211} WARNING - Dependency <Task(BashOperator): create_entry_group>, delete_entry_group already registered for DAG: example_complex
[2023-06-14T16:07:12.422+0000] {logging_mixin.py:149} INFO - [2023-06-14T16:07:12.422+0000] {taskmixin.py:211} WARNING - Dependency <Task(BashOperator): delete_entry_group>, create_entry_group already registered for DAG: example_complex
[2023-06-14T16:07:12.423+0000] {logging_mixin.py:149} INFO - [2023-06-14T16:07:12.423+0000] {taskmixin.py:211} WARNING - Dependency <Task(BashOperator): create_entry_gcs>, delete_entry already registered for DAG: example_complex
[2023-06-14T16:07:12.423+0000] {logging_mixin.py:149} INFO - [2023-06-14T16:07:12.423+0000] {taskmixin.py:211} WARNING - Dependency <Task(BashOperator): delete_entry>, create_entry_gcs already registered for DAG: example_complex
[2023-06-14T16:07:12.424+0000] {logging_mixin.py:149} INFO - [2023-06-14T16:07:12.424+0000] {taskmixin.py:211} WARNING - Dependency <Task(BashOperator): create_tag>, delete_tag already registered for DAG: example_complex
[2023-06-14T16:07:12.424+0000] {logging_mixin.py:149} INFO - [2023-06-14T16:07:12.424+0000] {taskmixin.py:211} WARNING - Dependency <Task(BashOperator): delete_tag>, create_tag already registered for DAG: example_complex
[2023-06-14T16:07:12.426+0000] {processor.py:836} INFO - DAG(s) dict_keys(['example_complex']) retrieved from /home/airflow/.local/lib/python3.7/site-packages/airflow/example_dags/example_complex.py
[2023-06-14T16:07:12.463+0000] {logging_mixin.py:149} INFO - [2023-06-14T16:07:12.463+0000] {dag.py:2726} INFO - Sync 1 DAGs
[2023-06-14T16:07:12.600+0000] {logging_mixin.py:149} INFO - [2023-06-14T16:07:12.600+0000] {dag.py:3490} INFO - Setting next_dagrun for example_complex to None, run_after=None
[2023-06-14T16:07:12.620+0000] {processor.py:179} INFO - Processing /home/airflow/.local/lib/python3.7/site-packages/airflow/example_dags/example_complex.py took 0.212 seconds
[2023-06-14T16:07:43.286+0000] {processor.py:157} INFO - Started process (PID=286) to work on /home/airflow/.local/lib/python3.7/site-packages/airflow/example_dags/example_complex.py
[2023-06-14T16:07:43.287+0000] {processor.py:826} INFO - Processing file /home/airflow/.local/lib/python3.7/site-packages/airflow/example_dags/example_complex.py for tasks to queue
[2023-06-14T16:07:43.288+0000] {logging_mixin.py:149} INFO - [2023-06-14T16:07:43.288+0000] {dagbag.py:541} INFO - Filling up the DagBag from /home/airflow/.local/lib/python3.7/site-packages/airflow/example_dags/example_complex.py
[2023-06-14T16:07:43.298+0000] {logging_mixin.py:149} INFO - [2023-06-14T16:07:43.298+0000] {taskmixin.py:211} WARNING - Dependency <Task(BashOperator): create_entry_group>, delete_entry_group already registered for DAG: example_complex
[2023-06-14T16:07:43.299+0000] {logging_mixin.py:149} INFO - [2023-06-14T16:07:43.299+0000] {taskmixin.py:211} WARNING - Dependency <Task(BashOperator): delete_entry_group>, create_entry_group already registered for DAG: example_complex
[2023-06-14T16:07:43.299+0000] {logging_mixin.py:149} INFO - [2023-06-14T16:07:43.299+0000] {taskmixin.py:211} WARNING - Dependency <Task(BashOperator): create_entry_gcs>, delete_entry already registered for DAG: example_complex
[2023-06-14T16:07:43.300+0000] {logging_mixin.py:149} INFO - [2023-06-14T16:07:43.300+0000] {taskmixin.py:211} WARNING - Dependency <Task(BashOperator): delete_entry>, create_entry_gcs already registered for DAG: example_complex
[2023-06-14T16:07:43.300+0000] {logging_mixin.py:149} INFO - [2023-06-14T16:07:43.300+0000] {taskmixin.py:211} WARNING - Dependency <Task(BashOperator): create_tag>, delete_tag already registered for DAG: example_complex
[2023-06-14T16:07:43.300+0000] {logging_mixin.py:149} INFO - [2023-06-14T16:07:43.300+0000] {taskmixin.py:211} WARNING - Dependency <Task(BashOperator): delete_tag>, create_tag already registered for DAG: example_complex
[2023-06-14T16:07:43.302+0000] {processor.py:836} INFO - DAG(s) dict_keys(['example_complex']) retrieved from /home/airflow/.local/lib/python3.7/site-packages/airflow/example_dags/example_complex.py
[2023-06-14T16:07:43.334+0000] {logging_mixin.py:149} INFO - [2023-06-14T16:07:43.334+0000] {dag.py:2726} INFO - Sync 1 DAGs
[2023-06-14T16:07:43.359+0000] {logging_mixin.py:149} INFO - [2023-06-14T16:07:43.358+0000] {dag.py:3490} INFO - Setting next_dagrun for example_complex to None, run_after=None
[2023-06-14T16:07:43.377+0000] {processor.py:179} INFO - Processing /home/airflow/.local/lib/python3.7/site-packages/airflow/example_dags/example_complex.py took 0.093 seconds
[2023-06-14T16:08:14.112+0000] {processor.py:157} INFO - Started process (PID=350) to work on /home/airflow/.local/lib/python3.7/site-packages/airflow/example_dags/example_complex.py
[2023-06-14T16:08:14.113+0000] {processor.py:826} INFO - Processing file /home/airflow/.local/lib/python3.7/site-packages/airflow/example_dags/example_complex.py for tasks to queue
[2023-06-14T16:08:14.114+0000] {logging_mixin.py:149} INFO - [2023-06-14T16:08:14.113+0000] {dagbag.py:541} INFO - Filling up the DagBag from /home/airflow/.local/lib/python3.7/site-packages/airflow/example_dags/example_complex.py
[2023-06-14T16:08:14.123+0000] {logging_mixin.py:149} INFO - [2023-06-14T16:08:14.123+0000] {taskmixin.py:211} WARNING - Dependency <Task(BashOperator): create_entry_group>, delete_entry_group already registered for DAG: example_complex
[2023-06-14T16:08:14.124+0000] {logging_mixin.py:149} INFO - [2023-06-14T16:08:14.124+0000] {taskmixin.py:211} WARNING - Dependency <Task(BashOperator): delete_entry_group>, create_entry_group already registered for DAG: example_complex
[2023-06-14T16:08:14.124+0000] {logging_mixin.py:149} INFO - [2023-06-14T16:08:14.124+0000] {taskmixin.py:211} WARNING - Dependency <Task(BashOperator): create_entry_gcs>, delete_entry already registered for DAG: example_complex
[2023-06-14T16:08:14.124+0000] {logging_mixin.py:149} INFO - [2023-06-14T16:08:14.124+0000] {taskmixin.py:211} WARNING - Dependency <Task(BashOperator): delete_entry>, create_entry_gcs already registered for DAG: example_complex
[2023-06-14T16:08:14.125+0000] {logging_mixin.py:149} INFO - [2023-06-14T16:08:14.125+0000] {taskmixin.py:211} WARNING - Dependency <Task(BashOperator): create_tag>, delete_tag already registered for DAG: example_complex
[2023-06-14T16:08:14.126+0000] {logging_mixin.py:149} INFO - [2023-06-14T16:08:14.126+0000] {taskmixin.py:211} WARNING - Dependency <Task(BashOperator): delete_tag>, create_tag already registered for DAG: example_complex
[2023-06-14T16:08:14.127+0000] {processor.py:836} INFO - DAG(s) dict_keys(['example_complex']) retrieved from /home/airflow/.local/lib/python3.7/site-packages/airflow/example_dags/example_complex.py
[2023-06-14T16:08:14.158+0000] {logging_mixin.py:149} INFO - [2023-06-14T16:08:14.158+0000] {dag.py:2726} INFO - Sync 1 DAGs
[2023-06-14T16:08:14.187+0000] {logging_mixin.py:149} INFO - [2023-06-14T16:08:14.187+0000] {dag.py:3490} INFO - Setting next_dagrun for example_complex to None, run_after=None
[2023-06-14T16:08:14.205+0000] {processor.py:179} INFO - Processing /home/airflow/.local/lib/python3.7/site-packages/airflow/example_dags/example_complex.py took 0.095 seconds
[2023-06-14T16:08:44.494+0000] {processor.py:157} INFO - Started process (PID=414) to work on /home/airflow/.local/lib/python3.7/site-packages/airflow/example_dags/example_complex.py
[2023-06-14T16:08:44.495+0000] {processor.py:826} INFO - Processing file /home/airflow/.local/lib/python3.7/site-packages/airflow/example_dags/example_complex.py for tasks to queue
[2023-06-14T16:08:44.496+0000] {logging_mixin.py:149} INFO - [2023-06-14T16:08:44.496+0000] {dagbag.py:541} INFO - Filling up the DagBag from /home/airflow/.local/lib/python3.7/site-packages/airflow/example_dags/example_complex.py
[2023-06-14T16:08:44.508+0000] {logging_mixin.py:149} INFO - [2023-06-14T16:08:44.508+0000] {taskmixin.py:211} WARNING - Dependency <Task(BashOperator): create_entry_group>, delete_entry_group already registered for DAG: example_complex
[2023-06-14T16:08:44.508+0000] {logging_mixin.py:149} INFO - [2023-06-14T16:08:44.508+0000] {taskmixin.py:211} WARNING - Dependency <Task(BashOperator): delete_entry_group>, create_entry_group already registered for DAG: example_complex
[2023-06-14T16:08:44.509+0000] {logging_mixin.py:149} INFO - [2023-06-14T16:08:44.509+0000] {taskmixin.py:211} WARNING - Dependency <Task(BashOperator): create_entry_gcs>, delete_entry already registered for DAG: example_complex
[2023-06-14T16:08:44.509+0000] {logging_mixin.py:149} INFO - [2023-06-14T16:08:44.509+0000] {taskmixin.py:211} WARNING - Dependency <Task(BashOperator): delete_entry>, create_entry_gcs already registered for DAG: example_complex
[2023-06-14T16:08:44.510+0000] {logging_mixin.py:149} INFO - [2023-06-14T16:08:44.510+0000] {taskmixin.py:211} WARNING - Dependency <Task(BashOperator): create_tag>, delete_tag already registered for DAG: example_complex
[2023-06-14T16:08:44.510+0000] {logging_mixin.py:149} INFO - [2023-06-14T16:08:44.510+0000] {taskmixin.py:211} WARNING - Dependency <Task(BashOperator): delete_tag>, create_tag already registered for DAG: example_complex
[2023-06-14T16:08:44.512+0000] {processor.py:836} INFO - DAG(s) dict_keys(['example_complex']) retrieved from /home/airflow/.local/lib/python3.7/site-packages/airflow/example_dags/example_complex.py
[2023-06-14T16:08:44.549+0000] {logging_mixin.py:149} INFO - [2023-06-14T16:08:44.549+0000] {dag.py:2726} INFO - Sync 1 DAGs
[2023-06-14T16:08:44.581+0000] {logging_mixin.py:149} INFO - [2023-06-14T16:08:44.581+0000] {dag.py:3490} INFO - Setting next_dagrun for example_complex to None, run_after=None
[2023-06-14T16:08:44.608+0000] {processor.py:179} INFO - Processing /home/airflow/.local/lib/python3.7/site-packages/airflow/example_dags/example_complex.py took 0.117 seconds
[2023-06-14T16:09:14.792+0000] {processor.py:157} INFO - Started process (PID=478) to work on /home/airflow/.local/lib/python3.7/site-packages/airflow/example_dags/example_complex.py
[2023-06-14T16:09:14.793+0000] {processor.py:826} INFO - Processing file /home/airflow/.local/lib/python3.7/site-packages/airflow/example_dags/example_complex.py for tasks to queue
[2023-06-14T16:09:14.794+0000] {logging_mixin.py:149} INFO - [2023-06-14T16:09:14.794+0000] {dagbag.py:541} INFO - Filling up the DagBag from /home/airflow/.local/lib/python3.7/site-packages/airflow/example_dags/example_complex.py
[2023-06-14T16:09:14.807+0000] {logging_mixin.py:149} INFO - [2023-06-14T16:09:14.807+0000] {taskmixin.py:211} WARNING - Dependency <Task(BashOperator): create_entry_group>, delete_entry_group already registered for DAG: example_complex
[2023-06-14T16:09:14.808+0000] {logging_mixin.py:149} INFO - [2023-06-14T16:09:14.808+0000] {taskmixin.py:211} WARNING - Dependency <Task(BashOperator): delete_entry_group>, create_entry_group already registered for DAG: example_complex
[2023-06-14T16:09:14.808+0000] {logging_mixin.py:149} INFO - [2023-06-14T16:09:14.808+0000] {taskmixin.py:211} WARNING - Dependency <Task(BashOperator): create_entry_gcs>, delete_entry already registered for DAG: example_complex
[2023-06-14T16:09:14.809+0000] {logging_mixin.py:149} INFO - [2023-06-14T16:09:14.808+0000] {taskmixin.py:211} WARNING - Dependency <Task(BashOperator): delete_entry>, create_entry_gcs already registered for DAG: example_complex
[2023-06-14T16:09:14.809+0000] {logging_mixin.py:149} INFO - [2023-06-14T16:09:14.809+0000] {taskmixin.py:211} WARNING - Dependency <Task(BashOperator): create_tag>, delete_tag already registered for DAG: example_complex
[2023-06-14T16:09:14.810+0000] {logging_mixin.py:149} INFO - [2023-06-14T16:09:14.810+0000] {taskmixin.py:211} WARNING - Dependency <Task(BashOperator): delete_tag>, create_tag already registered for DAG: example_complex
[2023-06-14T16:09:14.812+0000] {processor.py:836} INFO - DAG(s) dict_keys(['example_complex']) retrieved from /home/airflow/.local/lib/python3.7/site-packages/airflow/example_dags/example_complex.py
[2023-06-14T16:09:14.850+0000] {logging_mixin.py:149} INFO - [2023-06-14T16:09:14.849+0000] {dag.py:2726} INFO - Sync 1 DAGs
[2023-06-14T16:09:14.877+0000] {logging_mixin.py:149} INFO - [2023-06-14T16:09:14.877+0000] {dag.py:3490} INFO - Setting next_dagrun for example_complex to None, run_after=None
[2023-06-14T16:09:14.905+0000] {processor.py:179} INFO - Processing /home/airflow/.local/lib/python3.7/site-packages/airflow/example_dags/example_complex.py took 0.115 seconds
[2023-06-14T16:09:45.900+0000] {processor.py:157} INFO - Started process (PID=542) to work on /home/airflow/.local/lib/python3.7/site-packages/airflow/example_dags/example_complex.py
[2023-06-14T16:09:45.901+0000] {processor.py:826} INFO - Processing file /home/airflow/.local/lib/python3.7/site-packages/airflow/example_dags/example_complex.py for tasks to queue
[2023-06-14T16:09:45.902+0000] {logging_mixin.py:149} INFO - [2023-06-14T16:09:45.902+0000] {dagbag.py:541} INFO - Filling up the DagBag from /home/airflow/.local/lib/python3.7/site-packages/airflow/example_dags/example_complex.py
[2023-06-14T16:09:45.912+0000] {logging_mixin.py:149} INFO - [2023-06-14T16:09:45.912+0000] {taskmixin.py:211} WARNING - Dependency <Task(BashOperator): create_entry_group>, delete_entry_group already registered for DAG: example_complex
[2023-06-14T16:09:45.912+0000] {logging_mixin.py:149} INFO - [2023-06-14T16:09:45.912+0000] {taskmixin.py:211} WARNING - Dependency <Task(BashOperator): delete_entry_group>, create_entry_group already registered for DAG: example_complex
[2023-06-14T16:09:45.913+0000] {logging_mixin.py:149} INFO - [2023-06-14T16:09:45.913+0000] {taskmixin.py:211} WARNING - Dependency <Task(BashOperator): create_entry_gcs>, delete_entry already registered for DAG: example_complex
[2023-06-14T16:09:45.913+0000] {logging_mixin.py:149} INFO - [2023-06-14T16:09:45.913+0000] {taskmixin.py:211} WARNING - Dependency <Task(BashOperator): delete_entry>, create_entry_gcs already registered for DAG: example_complex
[2023-06-14T16:09:45.914+0000] {logging_mixin.py:149} INFO - [2023-06-14T16:09:45.914+0000] {taskmixin.py:211} WARNING - Dependency <Task(BashOperator): create_tag>, delete_tag already registered for DAG: example_complex
[2023-06-14T16:09:45.914+0000] {logging_mixin.py:149} INFO - [2023-06-14T16:09:45.914+0000] {taskmixin.py:211} WARNING - Dependency <Task(BashOperator): delete_tag>, create_tag already registered for DAG: example_complex
[2023-06-14T16:09:45.917+0000] {processor.py:836} INFO - DAG(s) dict_keys(['example_complex']) retrieved from /home/airflow/.local/lib/python3.7/site-packages/airflow/example_dags/example_complex.py
[2023-06-14T16:09:45.956+0000] {logging_mixin.py:149} INFO - [2023-06-14T16:09:45.956+0000] {dag.py:2726} INFO - Sync 1 DAGs
[2023-06-14T16:09:45.985+0000] {logging_mixin.py:149} INFO - [2023-06-14T16:09:45.985+0000] {dag.py:3490} INFO - Setting next_dagrun for example_complex to None, run_after=None
[2023-06-14T16:09:46.006+0000] {processor.py:179} INFO - Processing /home/airflow/.local/lib/python3.7/site-packages/airflow/example_dags/example_complex.py took 0.109 seconds
[2023-06-14T16:10:16.371+0000] {processor.py:157} INFO - Started process (PID=606) to work on /home/airflow/.local/lib/python3.7/site-packages/airflow/example_dags/example_complex.py
[2023-06-14T16:10:16.372+0000] {processor.py:826} INFO - Processing file /home/airflow/.local/lib/python3.7/site-packages/airflow/example_dags/example_complex.py for tasks to queue
[2023-06-14T16:10:16.373+0000] {logging_mixin.py:149} INFO - [2023-06-14T16:10:16.373+0000] {dagbag.py:541} INFO - Filling up the DagBag from /home/airflow/.local/lib/python3.7/site-packages/airflow/example_dags/example_complex.py
[2023-06-14T16:10:16.384+0000] {logging_mixin.py:149} INFO - [2023-06-14T16:10:16.384+0000] {taskmixin.py:211} WARNING - Dependency <Task(BashOperator): create_entry_group>, delete_entry_group already registered for DAG: example_complex
[2023-06-14T16:10:16.384+0000] {logging_mixin.py:149} INFO - [2023-06-14T16:10:16.384+0000] {taskmixin.py:211} WARNING - Dependency <Task(BashOperator): delete_entry_group>, create_entry_group already registered for DAG: example_complex
[2023-06-14T16:10:16.385+0000] {logging_mixin.py:149} INFO - [2023-06-14T16:10:16.385+0000] {taskmixin.py:211} WARNING - Dependency <Task(BashOperator): create_entry_gcs>, delete_entry already registered for DAG: example_complex
[2023-06-14T16:10:16.385+0000] {logging_mixin.py:149} INFO - [2023-06-14T16:10:16.385+0000] {taskmixin.py:211} WARNING - Dependency <Task(BashOperator): delete_entry>, create_entry_gcs already registered for DAG: example_complex
[2023-06-14T16:10:16.386+0000] {logging_mixin.py:149} INFO - [2023-06-14T16:10:16.386+0000] {taskmixin.py:211} WARNING - Dependency <Task(BashOperator): create_tag>, delete_tag already registered for DAG: example_complex
[2023-06-14T16:10:16.386+0000] {logging_mixin.py:149} INFO - [2023-06-14T16:10:16.386+0000] {taskmixin.py:211} WARNING - Dependency <Task(BashOperator): delete_tag>, create_tag already registered for DAG: example_complex
[2023-06-14T16:10:16.388+0000] {processor.py:836} INFO - DAG(s) dict_keys(['example_complex']) retrieved from /home/airflow/.local/lib/python3.7/site-packages/airflow/example_dags/example_complex.py
[2023-06-14T16:10:16.420+0000] {logging_mixin.py:149} INFO - [2023-06-14T16:10:16.420+0000] {dag.py:2726} INFO - Sync 1 DAGs
[2023-06-14T16:10:16.450+0000] {logging_mixin.py:149} INFO - [2023-06-14T16:10:16.450+0000] {dag.py:3490} INFO - Setting next_dagrun for example_complex to None, run_after=None
[2023-06-14T16:10:16.470+0000] {processor.py:179} INFO - Processing /home/airflow/.local/lib/python3.7/site-packages/airflow/example_dags/example_complex.py took 0.101 seconds
[2023-06-14T16:10:46.661+0000] {processor.py:157} INFO - Started process (PID=670) to work on /home/airflow/.local/lib/python3.7/site-packages/airflow/example_dags/example_complex.py
[2023-06-14T16:10:46.662+0000] {processor.py:826} INFO - Processing file /home/airflow/.local/lib/python3.7/site-packages/airflow/example_dags/example_complex.py for tasks to queue
[2023-06-14T16:10:46.662+0000] {logging_mixin.py:149} INFO - [2023-06-14T16:10:46.662+0000] {dagbag.py:541} INFO - Filling up the DagBag from /home/airflow/.local/lib/python3.7/site-packages/airflow/example_dags/example_complex.py
[2023-06-14T16:10:46.677+0000] {logging_mixin.py:149} INFO - [2023-06-14T16:10:46.677+0000] {taskmixin.py:211} WARNING - Dependency <Task(BashOperator): create_entry_group>, delete_entry_group already registered for DAG: example_complex
[2023-06-14T16:10:46.678+0000] {logging_mixin.py:149} INFO - [2023-06-14T16:10:46.678+0000] {taskmixin.py:211} WARNING - Dependency <Task(BashOperator): delete_entry_group>, create_entry_group already registered for DAG: example_complex
[2023-06-14T16:10:46.679+0000] {logging_mixin.py:149} INFO - [2023-06-14T16:10:46.679+0000] {taskmixin.py:211} WARNING - Dependency <Task(BashOperator): create_entry_gcs>, delete_entry already registered for DAG: example_complex
[2023-06-14T16:10:46.679+0000] {logging_mixin.py:149} INFO - [2023-06-14T16:10:46.679+0000] {taskmixin.py:211} WARNING - Dependency <Task(BashOperator): delete_entry>, create_entry_gcs already registered for DAG: example_complex
[2023-06-14T16:10:46.680+0000] {logging_mixin.py:149} INFO - [2023-06-14T16:10:46.680+0000] {taskmixin.py:211} WARNING - Dependency <Task(BashOperator): create_tag>, delete_tag already registered for DAG: example_complex
[2023-06-14T16:10:46.680+0000] {logging_mixin.py:149} INFO - [2023-06-14T16:10:46.680+0000] {taskmixin.py:211} WARNING - Dependency <Task(BashOperator): delete_tag>, create_tag already registered for DAG: example_complex
[2023-06-14T16:10:46.683+0000] {processor.py:836} INFO - DAG(s) dict_keys(['example_complex']) retrieved from /home/airflow/.local/lib/python3.7/site-packages/airflow/example_dags/example_complex.py
[2023-06-14T16:10:46.720+0000] {logging_mixin.py:149} INFO - [2023-06-14T16:10:46.720+0000] {dag.py:2726} INFO - Sync 1 DAGs
[2023-06-14T16:10:46.750+0000] {logging_mixin.py:149} INFO - [2023-06-14T16:10:46.750+0000] {dag.py:3490} INFO - Setting next_dagrun for example_complex to None, run_after=None
[2023-06-14T16:10:46.773+0000] {processor.py:179} INFO - Processing /home/airflow/.local/lib/python3.7/site-packages/airflow/example_dags/example_complex.py took 0.115 seconds
[2023-06-14T16:11:17.012+0000] {processor.py:157} INFO - Started process (PID=747) to work on /home/airflow/.local/lib/python3.7/site-packages/airflow/example_dags/example_complex.py
[2023-06-14T16:11:17.013+0000] {processor.py:826} INFO - Processing file /home/airflow/.local/lib/python3.7/site-packages/airflow/example_dags/example_complex.py for tasks to queue
[2023-06-14T16:11:17.014+0000] {logging_mixin.py:149} INFO - [2023-06-14T16:11:17.014+0000] {dagbag.py:541} INFO - Filling up the DagBag from /home/airflow/.local/lib/python3.7/site-packages/airflow/example_dags/example_complex.py
[2023-06-14T16:11:17.025+0000] {logging_mixin.py:149} INFO - [2023-06-14T16:11:17.024+0000] {taskmixin.py:211} WARNING - Dependency <Task(BashOperator): create_entry_group>, delete_entry_group already registered for DAG: example_complex
[2023-06-14T16:11:17.025+0000] {logging_mixin.py:149} INFO - [2023-06-14T16:11:17.025+0000] {taskmixin.py:211} WARNING - Dependency <Task(BashOperator): delete_entry_group>, create_entry_group already registered for DAG: example_complex
[2023-06-14T16:11:17.026+0000] {logging_mixin.py:149} INFO - [2023-06-14T16:11:17.026+0000] {taskmixin.py:211} WARNING - Dependency <Task(BashOperator): create_entry_gcs>, delete_entry already registered for DAG: example_complex
[2023-06-14T16:11:17.026+0000] {logging_mixin.py:149} INFO - [2023-06-14T16:11:17.026+0000] {taskmixin.py:211} WARNING - Dependency <Task(BashOperator): delete_entry>, create_entry_gcs already registered for DAG: example_complex
[2023-06-14T16:11:17.027+0000] {logging_mixin.py:149} INFO - [2023-06-14T16:11:17.027+0000] {taskmixin.py:211} WARNING - Dependency <Task(BashOperator): create_tag>, delete_tag already registered for DAG: example_complex
[2023-06-14T16:11:17.027+0000] {logging_mixin.py:149} INFO - [2023-06-14T16:11:17.027+0000] {taskmixin.py:211} WARNING - Dependency <Task(BashOperator): delete_tag>, create_tag already registered for DAG: example_complex
[2023-06-14T16:11:17.029+0000] {processor.py:836} INFO - DAG(s) dict_keys(['example_complex']) retrieved from /home/airflow/.local/lib/python3.7/site-packages/airflow/example_dags/example_complex.py
[2023-06-14T16:11:17.068+0000] {logging_mixin.py:149} INFO - [2023-06-14T16:11:17.068+0000] {dag.py:2726} INFO - Sync 1 DAGs
[2023-06-14T16:11:17.098+0000] {logging_mixin.py:149} INFO - [2023-06-14T16:11:17.097+0000] {dag.py:3490} INFO - Setting next_dagrun for example_complex to None, run_after=None
[2023-06-14T16:11:17.123+0000] {processor.py:179} INFO - Processing /home/airflow/.local/lib/python3.7/site-packages/airflow/example_dags/example_complex.py took 0.113 seconds
[2023-06-14T16:11:47.160+0000] {processor.py:157} INFO - Started process (PID=823) to work on /home/airflow/.local/lib/python3.7/site-packages/airflow/example_dags/example_complex.py
[2023-06-14T16:11:47.161+0000] {processor.py:826} INFO - Processing file /home/airflow/.local/lib/python3.7/site-packages/airflow/example_dags/example_complex.py for tasks to queue
[2023-06-14T16:11:47.162+0000] {logging_mixin.py:149} INFO - [2023-06-14T16:11:47.161+0000] {dagbag.py:541} INFO - Filling up the DagBag from /home/airflow/.local/lib/python3.7/site-packages/airflow/example_dags/example_complex.py
[2023-06-14T16:11:47.171+0000] {logging_mixin.py:149} INFO - [2023-06-14T16:11:47.171+0000] {taskmixin.py:211} WARNING - Dependency <Task(BashOperator): create_entry_group>, delete_entry_group already registered for DAG: example_complex
[2023-06-14T16:11:47.172+0000] {logging_mixin.py:149} INFO - [2023-06-14T16:11:47.172+0000] {taskmixin.py:211} WARNING - Dependency <Task(BashOperator): delete_entry_group>, create_entry_group already registered for DAG: example_complex
[2023-06-14T16:11:47.173+0000] {logging_mixin.py:149} INFO - [2023-06-14T16:11:47.172+0000] {taskmixin.py:211} WARNING - Dependency <Task(BashOperator): create_entry_gcs>, delete_entry already registered for DAG: example_complex
[2023-06-14T16:11:47.173+0000] {logging_mixin.py:149} INFO - [2023-06-14T16:11:47.173+0000] {taskmixin.py:211} WARNING - Dependency <Task(BashOperator): delete_entry>, create_entry_gcs already registered for DAG: example_complex
[2023-06-14T16:11:47.174+0000] {logging_mixin.py:149} INFO - [2023-06-14T16:11:47.174+0000] {taskmixin.py:211} WARNING - Dependency <Task(BashOperator): create_tag>, delete_tag already registered for DAG: example_complex
[2023-06-14T16:11:47.174+0000] {logging_mixin.py:149} INFO - [2023-06-14T16:11:47.174+0000] {taskmixin.py:211} WARNING - Dependency <Task(BashOperator): delete_tag>, create_tag already registered for DAG: example_complex
[2023-06-14T16:11:47.176+0000] {processor.py:836} INFO - DAG(s) dict_keys(['example_complex']) retrieved from /home/airflow/.local/lib/python3.7/site-packages/airflow/example_dags/example_complex.py
[2023-06-14T16:11:47.213+0000] {logging_mixin.py:149} INFO - [2023-06-14T16:11:47.213+0000] {dag.py:2726} INFO - Sync 1 DAGs
[2023-06-14T16:11:47.238+0000] {logging_mixin.py:149} INFO - [2023-06-14T16:11:47.238+0000] {dag.py:3490} INFO - Setting next_dagrun for example_complex to None, run_after=None
[2023-06-14T16:11:47.257+0000] {processor.py:179} INFO - Processing /home/airflow/.local/lib/python3.7/site-packages/airflow/example_dags/example_complex.py took 0.100 seconds
[2023-06-14T16:12:17.559+0000] {processor.py:157} INFO - Started process (PID=900) to work on /home/airflow/.local/lib/python3.7/site-packages/airflow/example_dags/example_complex.py
[2023-06-14T16:12:17.559+0000] {processor.py:826} INFO - Processing file /home/airflow/.local/lib/python3.7/site-packages/airflow/example_dags/example_complex.py for tasks to queue
[2023-06-14T16:12:17.560+0000] {logging_mixin.py:149} INFO - [2023-06-14T16:12:17.560+0000] {dagbag.py:541} INFO - Filling up the DagBag from /home/airflow/.local/lib/python3.7/site-packages/airflow/example_dags/example_complex.py
[2023-06-14T16:12:17.571+0000] {logging_mixin.py:149} INFO - [2023-06-14T16:12:17.571+0000] {taskmixin.py:211} WARNING - Dependency <Task(BashOperator): create_entry_group>, delete_entry_group already registered for DAG: example_complex
[2023-06-14T16:12:17.572+0000] {logging_mixin.py:149} INFO - [2023-06-14T16:12:17.571+0000] {taskmixin.py:211} WARNING - Dependency <Task(BashOperator): delete_entry_group>, create_entry_group already registered for DAG: example_complex
[2023-06-14T16:12:17.572+0000] {logging_mixin.py:149} INFO - [2023-06-14T16:12:17.572+0000] {taskmixin.py:211} WARNING - Dependency <Task(BashOperator): create_entry_gcs>, delete_entry already registered for DAG: example_complex
[2023-06-14T16:12:17.573+0000] {logging_mixin.py:149} INFO - [2023-06-14T16:12:17.573+0000] {taskmixin.py:211} WARNING - Dependency <Task(BashOperator): delete_entry>, create_entry_gcs already registered for DAG: example_complex
[2023-06-14T16:12:17.573+0000] {logging_mixin.py:149} INFO - [2023-06-14T16:12:17.573+0000] {taskmixin.py:211} WARNING - Dependency <Task(BashOperator): create_tag>, delete_tag already registered for DAG: example_complex
[2023-06-14T16:12:17.574+0000] {logging_mixin.py:149} INFO - [2023-06-14T16:12:17.574+0000] {taskmixin.py:211} WARNING - Dependency <Task(BashOperator): delete_tag>, create_tag already registered for DAG: example_complex
[2023-06-14T16:12:17.575+0000] {processor.py:836} INFO - DAG(s) dict_keys(['example_complex']) retrieved from /home/airflow/.local/lib/python3.7/site-packages/airflow/example_dags/example_complex.py
[2023-06-14T16:12:17.612+0000] {logging_mixin.py:149} INFO - [2023-06-14T16:12:17.612+0000] {dag.py:2726} INFO - Sync 1 DAGs
[2023-06-14T16:12:17.641+0000] {logging_mixin.py:149} INFO - [2023-06-14T16:12:17.641+0000] {dag.py:3490} INFO - Setting next_dagrun for example_complex to None, run_after=None
[2023-06-14T16:12:17.664+0000] {processor.py:179} INFO - Processing /home/airflow/.local/lib/python3.7/site-packages/airflow/example_dags/example_complex.py took 0.108 seconds
[2023-06-14T16:12:47.798+0000] {processor.py:157} INFO - Started process (PID=977) to work on /home/airflow/.local/lib/python3.7/site-packages/airflow/example_dags/example_complex.py
[2023-06-14T16:12:47.799+0000] {processor.py:826} INFO - Processing file /home/airflow/.local/lib/python3.7/site-packages/airflow/example_dags/example_complex.py for tasks to queue
[2023-06-14T16:12:47.799+0000] {logging_mixin.py:149} INFO - [2023-06-14T16:12:47.799+0000] {dagbag.py:541} INFO - Filling up the DagBag from /home/airflow/.local/lib/python3.7/site-packages/airflow/example_dags/example_complex.py
[2023-06-14T16:12:47.809+0000] {logging_mixin.py:149} INFO - [2023-06-14T16:12:47.809+0000] {taskmixin.py:211} WARNING - Dependency <Task(BashOperator): create_entry_group>, delete_entry_group already registered for DAG: example_complex
[2023-06-14T16:12:47.809+0000] {logging_mixin.py:149} INFO - [2023-06-14T16:12:47.809+0000] {taskmixin.py:211} WARNING - Dependency <Task(BashOperator): delete_entry_group>, create_entry_group already registered for DAG: example_complex
[2023-06-14T16:12:47.810+0000] {logging_mixin.py:149} INFO - [2023-06-14T16:12:47.810+0000] {taskmixin.py:211} WARNING - Dependency <Task(BashOperator): create_entry_gcs>, delete_entry already registered for DAG: example_complex
[2023-06-14T16:12:47.810+0000] {logging_mixin.py:149} INFO - [2023-06-14T16:12:47.810+0000] {taskmixin.py:211} WARNING - Dependency <Task(BashOperator): delete_entry>, create_entry_gcs already registered for DAG: example_complex
[2023-06-14T16:12:47.811+0000] {logging_mixin.py:149} INFO - [2023-06-14T16:12:47.811+0000] {taskmixin.py:211} WARNING - Dependency <Task(BashOperator): create_tag>, delete_tag already registered for DAG: example_complex
[2023-06-14T16:12:47.811+0000] {logging_mixin.py:149} INFO - [2023-06-14T16:12:47.811+0000] {taskmixin.py:211} WARNING - Dependency <Task(BashOperator): delete_tag>, create_tag already registered for DAG: example_complex
[2023-06-14T16:12:47.813+0000] {processor.py:836} INFO - DAG(s) dict_keys(['example_complex']) retrieved from /home/airflow/.local/lib/python3.7/site-packages/airflow/example_dags/example_complex.py
[2023-06-14T16:12:47.844+0000] {logging_mixin.py:149} INFO - [2023-06-14T16:12:47.844+0000] {dag.py:2726} INFO - Sync 1 DAGs
[2023-06-14T16:12:47.866+0000] {logging_mixin.py:149} INFO - [2023-06-14T16:12:47.866+0000] {dag.py:3490} INFO - Setting next_dagrun for example_complex to None, run_after=None
[2023-06-14T16:12:47.884+0000] {processor.py:179} INFO - Processing /home/airflow/.local/lib/python3.7/site-packages/airflow/example_dags/example_complex.py took 0.088 seconds
[2023-06-14T16:13:18.416+0000] {processor.py:157} INFO - Started process (PID=1055) to work on /home/airflow/.local/lib/python3.7/site-packages/airflow/example_dags/example_complex.py
[2023-06-14T16:13:18.417+0000] {processor.py:826} INFO - Processing file /home/airflow/.local/lib/python3.7/site-packages/airflow/example_dags/example_complex.py for tasks to queue
[2023-06-14T16:13:18.417+0000] {logging_mixin.py:149} INFO - [2023-06-14T16:13:18.417+0000] {dagbag.py:541} INFO - Filling up the DagBag from /home/airflow/.local/lib/python3.7/site-packages/airflow/example_dags/example_complex.py
[2023-06-14T16:13:18.428+0000] {logging_mixin.py:149} INFO - [2023-06-14T16:13:18.428+0000] {taskmixin.py:211} WARNING - Dependency <Task(BashOperator): create_entry_group>, delete_entry_group already registered for DAG: example_complex
[2023-06-14T16:13:18.428+0000] {logging_mixin.py:149} INFO - [2023-06-14T16:13:18.428+0000] {taskmixin.py:211} WARNING - Dependency <Task(BashOperator): delete_entry_group>, create_entry_group already registered for DAG: example_complex
[2023-06-14T16:13:18.429+0000] {logging_mixin.py:149} INFO - [2023-06-14T16:13:18.429+0000] {taskmixin.py:211} WARNING - Dependency <Task(BashOperator): create_entry_gcs>, delete_entry already registered for DAG: example_complex
[2023-06-14T16:13:18.429+0000] {logging_mixin.py:149} INFO - [2023-06-14T16:13:18.429+0000] {taskmixin.py:211} WARNING - Dependency <Task(BashOperator): delete_entry>, create_entry_gcs already registered for DAG: example_complex
[2023-06-14T16:13:18.429+0000] {logging_mixin.py:149} INFO - [2023-06-14T16:13:18.429+0000] {taskmixin.py:211} WARNING - Dependency <Task(BashOperator): create_tag>, delete_tag already registered for DAG: example_complex
[2023-06-14T16:13:18.430+0000] {logging_mixin.py:149} INFO - [2023-06-14T16:13:18.430+0000] {taskmixin.py:211} WARNING - Dependency <Task(BashOperator): delete_tag>, create_tag already registered for DAG: example_complex
[2023-06-14T16:13:18.432+0000] {processor.py:836} INFO - DAG(s) dict_keys(['example_complex']) retrieved from /home/airflow/.local/lib/python3.7/site-packages/airflow/example_dags/example_complex.py
[2023-06-14T16:13:18.464+0000] {logging_mixin.py:149} INFO - [2023-06-14T16:13:18.464+0000] {dag.py:2726} INFO - Sync 1 DAGs
[2023-06-14T16:13:18.491+0000] {logging_mixin.py:149} INFO - [2023-06-14T16:13:18.491+0000] {dag.py:3490} INFO - Setting next_dagrun for example_complex to None, run_after=None
[2023-06-14T16:13:18.511+0000] {processor.py:179} INFO - Processing /home/airflow/.local/lib/python3.7/site-packages/airflow/example_dags/example_complex.py took 0.097 seconds
[2023-06-14T16:13:48.741+0000] {processor.py:157} INFO - Started process (PID=1132) to work on /home/airflow/.local/lib/python3.7/site-packages/airflow/example_dags/example_complex.py
[2023-06-14T16:13:48.742+0000] {processor.py:826} INFO - Processing file /home/airflow/.local/lib/python3.7/site-packages/airflow/example_dags/example_complex.py for tasks to queue
[2023-06-14T16:13:48.743+0000] {logging_mixin.py:149} INFO - [2023-06-14T16:13:48.743+0000] {dagbag.py:541} INFO - Filling up the DagBag from /home/airflow/.local/lib/python3.7/site-packages/airflow/example_dags/example_complex.py
[2023-06-14T16:13:48.756+0000] {logging_mixin.py:149} INFO - [2023-06-14T16:13:48.756+0000] {taskmixin.py:211} WARNING - Dependency <Task(BashOperator): create_entry_group>, delete_entry_group already registered for DAG: example_complex
[2023-06-14T16:13:48.756+0000] {logging_mixin.py:149} INFO - [2023-06-14T16:13:48.756+0000] {taskmixin.py:211} WARNING - Dependency <Task(BashOperator): delete_entry_group>, create_entry_group already registered for DAG: example_complex
[2023-06-14T16:13:48.757+0000] {logging_mixin.py:149} INFO - [2023-06-14T16:13:48.757+0000] {taskmixin.py:211} WARNING - Dependency <Task(BashOperator): create_entry_gcs>, delete_entry already registered for DAG: example_complex
[2023-06-14T16:13:48.757+0000] {logging_mixin.py:149} INFO - [2023-06-14T16:13:48.757+0000] {taskmixin.py:211} WARNING - Dependency <Task(BashOperator): delete_entry>, create_entry_gcs already registered for DAG: example_complex
[2023-06-14T16:13:48.758+0000] {logging_mixin.py:149} INFO - [2023-06-14T16:13:48.758+0000] {taskmixin.py:211} WARNING - Dependency <Task(BashOperator): create_tag>, delete_tag already registered for DAG: example_complex
[2023-06-14T16:13:48.759+0000] {logging_mixin.py:149} INFO - [2023-06-14T16:13:48.758+0000] {taskmixin.py:211} WARNING - Dependency <Task(BashOperator): delete_tag>, create_tag already registered for DAG: example_complex
[2023-06-14T16:13:48.760+0000] {processor.py:836} INFO - DAG(s) dict_keys(['example_complex']) retrieved from /home/airflow/.local/lib/python3.7/site-packages/airflow/example_dags/example_complex.py
[2023-06-14T16:13:48.795+0000] {logging_mixin.py:149} INFO - [2023-06-14T16:13:48.794+0000] {dag.py:2726} INFO - Sync 1 DAGs
[2023-06-14T16:13:48.818+0000] {logging_mixin.py:149} INFO - [2023-06-14T16:13:48.818+0000] {dag.py:3490} INFO - Setting next_dagrun for example_complex to None, run_after=None
[2023-06-14T16:13:48.838+0000] {processor.py:179} INFO - Processing /home/airflow/.local/lib/python3.7/site-packages/airflow/example_dags/example_complex.py took 0.099 seconds
[2023-06-14T16:14:19.155+0000] {processor.py:157} INFO - Started process (PID=1209) to work on /home/airflow/.local/lib/python3.7/site-packages/airflow/example_dags/example_complex.py
[2023-06-14T16:14:19.156+0000] {processor.py:826} INFO - Processing file /home/airflow/.local/lib/python3.7/site-packages/airflow/example_dags/example_complex.py for tasks to queue
[2023-06-14T16:14:19.156+0000] {logging_mixin.py:149} INFO - [2023-06-14T16:14:19.156+0000] {dagbag.py:541} INFO - Filling up the DagBag from /home/airflow/.local/lib/python3.7/site-packages/airflow/example_dags/example_complex.py
[2023-06-14T16:14:19.168+0000] {logging_mixin.py:149} INFO - [2023-06-14T16:14:19.167+0000] {taskmixin.py:211} WARNING - Dependency <Task(BashOperator): create_entry_group>, delete_entry_group already registered for DAG: example_complex
[2023-06-14T16:14:19.168+0000] {logging_mixin.py:149} INFO - [2023-06-14T16:14:19.168+0000] {taskmixin.py:211} WARNING - Dependency <Task(BashOperator): delete_entry_group>, create_entry_group already registered for DAG: example_complex
[2023-06-14T16:14:19.169+0000] {logging_mixin.py:149} INFO - [2023-06-14T16:14:19.169+0000] {taskmixin.py:211} WARNING - Dependency <Task(BashOperator): create_entry_gcs>, delete_entry already registered for DAG: example_complex
[2023-06-14T16:14:19.169+0000] {logging_mixin.py:149} INFO - [2023-06-14T16:14:19.169+0000] {taskmixin.py:211} WARNING - Dependency <Task(BashOperator): delete_entry>, create_entry_gcs already registered for DAG: example_complex
[2023-06-14T16:14:19.170+0000] {logging_mixin.py:149} INFO - [2023-06-14T16:14:19.169+0000] {taskmixin.py:211} WARNING - Dependency <Task(BashOperator): create_tag>, delete_tag already registered for DAG: example_complex
[2023-06-14T16:14:19.170+0000] {logging_mixin.py:149} INFO - [2023-06-14T16:14:19.170+0000] {taskmixin.py:211} WARNING - Dependency <Task(BashOperator): delete_tag>, create_tag already registered for DAG: example_complex
[2023-06-14T16:14:19.172+0000] {processor.py:836} INFO - DAG(s) dict_keys(['example_complex']) retrieved from /home/airflow/.local/lib/python3.7/site-packages/airflow/example_dags/example_complex.py
[2023-06-14T16:14:19.207+0000] {logging_mixin.py:149} INFO - [2023-06-14T16:14:19.207+0000] {dag.py:2726} INFO - Sync 1 DAGs
[2023-06-14T16:14:19.233+0000] {logging_mixin.py:149} INFO - [2023-06-14T16:14:19.233+0000] {dag.py:3490} INFO - Setting next_dagrun for example_complex to None, run_after=None
[2023-06-14T16:14:19.252+0000] {processor.py:179} INFO - Processing /home/airflow/.local/lib/python3.7/site-packages/airflow/example_dags/example_complex.py took 0.100 seconds
[2023-06-14T16:14:49.606+0000] {processor.py:157} INFO - Started process (PID=1286) to work on /home/airflow/.local/lib/python3.7/site-packages/airflow/example_dags/example_complex.py
[2023-06-14T16:14:49.607+0000] {processor.py:826} INFO - Processing file /home/airflow/.local/lib/python3.7/site-packages/airflow/example_dags/example_complex.py for tasks to queue
[2023-06-14T16:14:49.608+0000] {logging_mixin.py:149} INFO - [2023-06-14T16:14:49.607+0000] {dagbag.py:541} INFO - Filling up the DagBag from /home/airflow/.local/lib/python3.7/site-packages/airflow/example_dags/example_complex.py
[2023-06-14T16:14:49.617+0000] {logging_mixin.py:149} INFO - [2023-06-14T16:14:49.616+0000] {taskmixin.py:211} WARNING - Dependency <Task(BashOperator): create_entry_group>, delete_entry_group already registered for DAG: example_complex
[2023-06-14T16:14:49.617+0000] {logging_mixin.py:149} INFO - [2023-06-14T16:14:49.617+0000] {taskmixin.py:211} WARNING - Dependency <Task(BashOperator): delete_entry_group>, create_entry_group already registered for DAG: example_complex
[2023-06-14T16:14:49.617+0000] {logging_mixin.py:149} INFO - [2023-06-14T16:14:49.617+0000] {taskmixin.py:211} WARNING - Dependency <Task(BashOperator): create_entry_gcs>, delete_entry already registered for DAG: example_complex
[2023-06-14T16:14:49.618+0000] {logging_mixin.py:149} INFO - [2023-06-14T16:14:49.618+0000] {taskmixin.py:211} WARNING - Dependency <Task(BashOperator): delete_entry>, create_entry_gcs already registered for DAG: example_complex
[2023-06-14T16:14:49.618+0000] {logging_mixin.py:149} INFO - [2023-06-14T16:14:49.618+0000] {taskmixin.py:211} WARNING - Dependency <Task(BashOperator): create_tag>, delete_tag already registered for DAG: example_complex
[2023-06-14T16:14:49.619+0000] {logging_mixin.py:149} INFO - [2023-06-14T16:14:49.619+0000] {taskmixin.py:211} WARNING - Dependency <Task(BashOperator): delete_tag>, create_tag already registered for DAG: example_complex
[2023-06-14T16:14:49.621+0000] {processor.py:836} INFO - DAG(s) dict_keys(['example_complex']) retrieved from /home/airflow/.local/lib/python3.7/site-packages/airflow/example_dags/example_complex.py
[2023-06-14T16:14:49.654+0000] {logging_mixin.py:149} INFO - [2023-06-14T16:14:49.654+0000] {dag.py:2726} INFO - Sync 1 DAGs
[2023-06-14T16:14:49.680+0000] {logging_mixin.py:149} INFO - [2023-06-14T16:14:49.680+0000] {dag.py:3490} INFO - Setting next_dagrun for example_complex to None, run_after=None
[2023-06-14T16:14:49.700+0000] {processor.py:179} INFO - Processing /home/airflow/.local/lib/python3.7/site-packages/airflow/example_dags/example_complex.py took 0.097 seconds
[2023-06-14T16:15:19.995+0000] {processor.py:157} INFO - Started process (PID=1363) to work on /home/airflow/.local/lib/python3.7/site-packages/airflow/example_dags/example_complex.py
[2023-06-14T16:15:19.996+0000] {processor.py:826} INFO - Processing file /home/airflow/.local/lib/python3.7/site-packages/airflow/example_dags/example_complex.py for tasks to queue
[2023-06-14T16:15:19.997+0000] {logging_mixin.py:149} INFO - [2023-06-14T16:15:19.996+0000] {dagbag.py:541} INFO - Filling up the DagBag from /home/airflow/.local/lib/python3.7/site-packages/airflow/example_dags/example_complex.py
[2023-06-14T16:15:20.005+0000] {logging_mixin.py:149} INFO - [2023-06-14T16:15:20.005+0000] {taskmixin.py:211} WARNING - Dependency <Task(BashOperator): create_entry_group>, delete_entry_group already registered for DAG: example_complex
[2023-06-14T16:15:20.006+0000] {logging_mixin.py:149} INFO - [2023-06-14T16:15:20.006+0000] {taskmixin.py:211} WARNING - Dependency <Task(BashOperator): delete_entry_group>, create_entry_group already registered for DAG: example_complex
[2023-06-14T16:15:20.006+0000] {logging_mixin.py:149} INFO - [2023-06-14T16:15:20.006+0000] {taskmixin.py:211} WARNING - Dependency <Task(BashOperator): create_entry_gcs>, delete_entry already registered for DAG: example_complex
[2023-06-14T16:15:20.007+0000] {logging_mixin.py:149} INFO - [2023-06-14T16:15:20.007+0000] {taskmixin.py:211} WARNING - Dependency <Task(BashOperator): delete_entry>, create_entry_gcs already registered for DAG: example_complex
[2023-06-14T16:15:20.007+0000] {logging_mixin.py:149} INFO - [2023-06-14T16:15:20.007+0000] {taskmixin.py:211} WARNING - Dependency <Task(BashOperator): create_tag>, delete_tag already registered for DAG: example_complex
[2023-06-14T16:15:20.008+0000] {logging_mixin.py:149} INFO - [2023-06-14T16:15:20.008+0000] {taskmixin.py:211} WARNING - Dependency <Task(BashOperator): delete_tag>, create_tag already registered for DAG: example_complex
[2023-06-14T16:15:20.010+0000] {processor.py:836} INFO - DAG(s) dict_keys(['example_complex']) retrieved from /home/airflow/.local/lib/python3.7/site-packages/airflow/example_dags/example_complex.py
[2023-06-14T16:15:20.050+0000] {logging_mixin.py:149} INFO - [2023-06-14T16:15:20.050+0000] {dag.py:2726} INFO - Sync 1 DAGs
[2023-06-14T16:15:20.076+0000] {logging_mixin.py:149} INFO - [2023-06-14T16:15:20.075+0000] {dag.py:3490} INFO - Setting next_dagrun for example_complex to None, run_after=None
[2023-06-14T16:15:20.095+0000] {processor.py:179} INFO - Processing /home/airflow/.local/lib/python3.7/site-packages/airflow/example_dags/example_complex.py took 0.103 seconds
[2023-06-14T16:15:50.531+0000] {processor.py:157} INFO - Started process (PID=1440) to work on /home/airflow/.local/lib/python3.7/site-packages/airflow/example_dags/example_complex.py
[2023-06-14T16:15:50.531+0000] {processor.py:826} INFO - Processing file /home/airflow/.local/lib/python3.7/site-packages/airflow/example_dags/example_complex.py for tasks to queue
[2023-06-14T16:15:50.532+0000] {logging_mixin.py:149} INFO - [2023-06-14T16:15:50.532+0000] {dagbag.py:541} INFO - Filling up the DagBag from /home/airflow/.local/lib/python3.7/site-packages/airflow/example_dags/example_complex.py
[2023-06-14T16:15:50.542+0000] {logging_mixin.py:149} INFO - [2023-06-14T16:15:50.541+0000] {taskmixin.py:211} WARNING - Dependency <Task(BashOperator): create_entry_group>, delete_entry_group already registered for DAG: example_complex
[2023-06-14T16:15:50.542+0000] {logging_mixin.py:149} INFO - [2023-06-14T16:15:50.542+0000] {taskmixin.py:211} WARNING - Dependency <Task(BashOperator): delete_entry_group>, create_entry_group already registered for DAG: example_complex
[2023-06-14T16:15:50.542+0000] {logging_mixin.py:149} INFO - [2023-06-14T16:15:50.542+0000] {taskmixin.py:211} WARNING - Dependency <Task(BashOperator): create_entry_gcs>, delete_entry already registered for DAG: example_complex
[2023-06-14T16:15:50.543+0000] {logging_mixin.py:149} INFO - [2023-06-14T16:15:50.543+0000] {taskmixin.py:211} WARNING - Dependency <Task(BashOperator): delete_entry>, create_entry_gcs already registered for DAG: example_complex
[2023-06-14T16:15:50.543+0000] {logging_mixin.py:149} INFO - [2023-06-14T16:15:50.543+0000] {taskmixin.py:211} WARNING - Dependency <Task(BashOperator): create_tag>, delete_tag already registered for DAG: example_complex
[2023-06-14T16:15:50.544+0000] {logging_mixin.py:149} INFO - [2023-06-14T16:15:50.544+0000] {taskmixin.py:211} WARNING - Dependency <Task(BashOperator): delete_tag>, create_tag already registered for DAG: example_complex
[2023-06-14T16:15:50.546+0000] {processor.py:836} INFO - DAG(s) dict_keys(['example_complex']) retrieved from /home/airflow/.local/lib/python3.7/site-packages/airflow/example_dags/example_complex.py
[2023-06-14T16:15:50.580+0000] {logging_mixin.py:149} INFO - [2023-06-14T16:15:50.580+0000] {dag.py:2726} INFO - Sync 1 DAGs
[2023-06-14T16:15:50.609+0000] {logging_mixin.py:149} INFO - [2023-06-14T16:15:50.609+0000] {dag.py:3490} INFO - Setting next_dagrun for example_complex to None, run_after=None
[2023-06-14T16:15:50.632+0000] {processor.py:179} INFO - Processing /home/airflow/.local/lib/python3.7/site-packages/airflow/example_dags/example_complex.py took 0.104 seconds
[2023-06-14T16:16:21.190+0000] {processor.py:157} INFO - Started process (PID=1517) to work on /home/airflow/.local/lib/python3.7/site-packages/airflow/example_dags/example_complex.py
[2023-06-14T16:16:21.191+0000] {processor.py:826} INFO - Processing file /home/airflow/.local/lib/python3.7/site-packages/airflow/example_dags/example_complex.py for tasks to queue
[2023-06-14T16:16:21.191+0000] {logging_mixin.py:149} INFO - [2023-06-14T16:16:21.191+0000] {dagbag.py:541} INFO - Filling up the DagBag from /home/airflow/.local/lib/python3.7/site-packages/airflow/example_dags/example_complex.py
[2023-06-14T16:16:21.202+0000] {logging_mixin.py:149} INFO - [2023-06-14T16:16:21.202+0000] {taskmixin.py:211} WARNING - Dependency <Task(BashOperator): create_entry_group>, delete_entry_group already registered for DAG: example_complex
[2023-06-14T16:16:21.203+0000] {logging_mixin.py:149} INFO - [2023-06-14T16:16:21.203+0000] {taskmixin.py:211} WARNING - Dependency <Task(BashOperator): delete_entry_group>, create_entry_group already registered for DAG: example_complex
[2023-06-14T16:16:21.203+0000] {logging_mixin.py:149} INFO - [2023-06-14T16:16:21.203+0000] {taskmixin.py:211} WARNING - Dependency <Task(BashOperator): create_entry_gcs>, delete_entry already registered for DAG: example_complex
[2023-06-14T16:16:21.204+0000] {logging_mixin.py:149} INFO - [2023-06-14T16:16:21.204+0000] {taskmixin.py:211} WARNING - Dependency <Task(BashOperator): delete_entry>, create_entry_gcs already registered for DAG: example_complex
[2023-06-14T16:16:21.204+0000] {logging_mixin.py:149} INFO - [2023-06-14T16:16:21.204+0000] {taskmixin.py:211} WARNING - Dependency <Task(BashOperator): create_tag>, delete_tag already registered for DAG: example_complex
[2023-06-14T16:16:21.205+0000] {logging_mixin.py:149} INFO - [2023-06-14T16:16:21.205+0000] {taskmixin.py:211} WARNING - Dependency <Task(BashOperator): delete_tag>, create_tag already registered for DAG: example_complex
[2023-06-14T16:16:21.207+0000] {processor.py:836} INFO - DAG(s) dict_keys(['example_complex']) retrieved from /home/airflow/.local/lib/python3.7/site-packages/airflow/example_dags/example_complex.py
[2023-06-14T16:16:21.241+0000] {logging_mixin.py:149} INFO - [2023-06-14T16:16:21.241+0000] {dag.py:2726} INFO - Sync 1 DAGs
[2023-06-14T16:16:21.269+0000] {logging_mixin.py:149} INFO - [2023-06-14T16:16:21.268+0000] {dag.py:3490} INFO - Setting next_dagrun for example_complex to None, run_after=None
[2023-06-14T16:16:21.289+0000] {processor.py:179} INFO - Processing /home/airflow/.local/lib/python3.7/site-packages/airflow/example_dags/example_complex.py took 0.101 seconds
