[2023-06-14T16:06:09.728+0000] {processor.py:157} INFO - Started process (PID=46) to work on /home/airflow/.local/lib/python3.7/site-packages/airflow/example_dags/example_short_circuit_operator.py
[2023-06-14T16:06:09.730+0000] {processor.py:826} INFO - Processing file /home/airflow/.local/lib/python3.7/site-packages/airflow/example_dags/example_short_circuit_operator.py for tasks to queue
[2023-06-14T16:06:09.731+0000] {logging_mixin.py:149} INFO - [2023-06-14T16:06:09.731+0000] {dagbag.py:541} INFO - Filling up the DagBag from /home/airflow/.local/lib/python3.7/site-packages/airflow/example_dags/example_short_circuit_operator.py
[2023-06-14T16:06:09.746+0000] {processor.py:836} INFO - DAG(s) dict_keys(['example_short_circuit_operator']) retrieved from /home/airflow/.local/lib/python3.7/site-packages/airflow/example_dags/example_short_circuit_operator.py
[2023-06-14T16:06:09.790+0000] {logging_mixin.py:149} INFO - [2023-06-14T16:06:09.789+0000] {dag.py:2726} INFO - Sync 1 DAGs
[2023-06-14T16:06:09.827+0000] {logging_mixin.py:149} INFO - [2023-06-14T16:06:09.827+0000] {dag.py:3490} INFO - Setting next_dagrun for example_short_circuit_operator to 2023-06-13T16:06:09.827264+00:00, run_after=2023-06-14T16:06:09.827264+00:00
[2023-06-14T16:06:09.857+0000] {processor.py:179} INFO - Processing /home/airflow/.local/lib/python3.7/site-packages/airflow/example_dags/example_short_circuit_operator.py took 0.133 seconds
[2023-06-14T16:06:40.127+0000] {processor.py:157} INFO - Started process (PID=110) to work on /home/airflow/.local/lib/python3.7/site-packages/airflow/example_dags/example_short_circuit_operator.py
[2023-06-14T16:06:40.128+0000] {processor.py:826} INFO - Processing file /home/airflow/.local/lib/python3.7/site-packages/airflow/example_dags/example_short_circuit_operator.py for tasks to queue
[2023-06-14T16:06:40.130+0000] {logging_mixin.py:149} INFO - [2023-06-14T16:06:40.129+0000] {dagbag.py:541} INFO - Filling up the DagBag from /home/airflow/.local/lib/python3.7/site-packages/airflow/example_dags/example_short_circuit_operator.py
[2023-06-14T16:06:40.138+0000] {processor.py:836} INFO - DAG(s) dict_keys(['example_short_circuit_operator']) retrieved from /home/airflow/.local/lib/python3.7/site-packages/airflow/example_dags/example_short_circuit_operator.py
[2023-06-14T16:06:40.170+0000] {logging_mixin.py:149} INFO - [2023-06-14T16:06:40.170+0000] {dag.py:2726} INFO - Sync 1 DAGs
[2023-06-14T16:06:40.203+0000] {logging_mixin.py:149} INFO - [2023-06-14T16:06:40.203+0000] {dag.py:3490} INFO - Setting next_dagrun for example_short_circuit_operator to 2023-06-13T16:06:40.203225+00:00, run_after=2023-06-14T16:06:40.203225+00:00
[2023-06-14T16:06:40.222+0000] {processor.py:179} INFO - Processing /home/airflow/.local/lib/python3.7/site-packages/airflow/example_dags/example_short_circuit_operator.py took 0.104 seconds
[2023-06-14T16:07:10.639+0000] {processor.py:157} INFO - Started process (PID=187) to work on /home/airflow/.local/lib/python3.7/site-packages/airflow/example_dags/example_short_circuit_operator.py
[2023-06-14T16:07:10.640+0000] {processor.py:826} INFO - Processing file /home/airflow/.local/lib/python3.7/site-packages/airflow/example_dags/example_short_circuit_operator.py for tasks to queue
[2023-06-14T16:07:10.641+0000] {logging_mixin.py:149} INFO - [2023-06-14T16:07:10.641+0000] {dagbag.py:541} INFO - Filling up the DagBag from /home/airflow/.local/lib/python3.7/site-packages/airflow/example_dags/example_short_circuit_operator.py
[2023-06-14T16:07:10.648+0000] {processor.py:836} INFO - DAG(s) dict_keys(['example_short_circuit_operator']) retrieved from /home/airflow/.local/lib/python3.7/site-packages/airflow/example_dags/example_short_circuit_operator.py
[2023-06-14T16:07:10.680+0000] {logging_mixin.py:149} INFO - [2023-06-14T16:07:10.680+0000] {dag.py:2726} INFO - Sync 1 DAGs
[2023-06-14T16:07:10.826+0000] {logging_mixin.py:149} INFO - [2023-06-14T16:07:10.826+0000] {dag.py:3490} INFO - Setting next_dagrun for example_short_circuit_operator to 2023-06-13T16:07:10.825927+00:00, run_after=2023-06-14T16:07:10.825927+00:00
[2023-06-14T16:07:10.850+0000] {processor.py:179} INFO - Processing /home/airflow/.local/lib/python3.7/site-packages/airflow/example_dags/example_short_circuit_operator.py took 0.215 seconds
[2023-06-14T16:07:41.197+0000] {processor.py:157} INFO - Started process (PID=264) to work on /home/airflow/.local/lib/python3.7/site-packages/airflow/example_dags/example_short_circuit_operator.py
[2023-06-14T16:07:41.197+0000] {processor.py:826} INFO - Processing file /home/airflow/.local/lib/python3.7/site-packages/airflow/example_dags/example_short_circuit_operator.py for tasks to queue
[2023-06-14T16:07:41.198+0000] {logging_mixin.py:149} INFO - [2023-06-14T16:07:41.198+0000] {dagbag.py:541} INFO - Filling up the DagBag from /home/airflow/.local/lib/python3.7/site-packages/airflow/example_dags/example_short_circuit_operator.py
[2023-06-14T16:07:41.297+0000] {processor.py:836} INFO - DAG(s) dict_keys(['example_short_circuit_operator']) retrieved from /home/airflow/.local/lib/python3.7/site-packages/airflow/example_dags/example_short_circuit_operator.py
[2023-06-14T16:07:41.322+0000] {logging_mixin.py:149} INFO - [2023-06-14T16:07:41.322+0000] {dag.py:2726} INFO - Sync 1 DAGs
[2023-06-14T16:07:41.344+0000] {logging_mixin.py:149} INFO - [2023-06-14T16:07:41.344+0000] {dag.py:3490} INFO - Setting next_dagrun for example_short_circuit_operator to 2023-06-13T16:07:41.344609+00:00, run_after=2023-06-14T16:07:41.344609+00:00
[2023-06-14T16:07:41.363+0000] {processor.py:179} INFO - Processing /home/airflow/.local/lib/python3.7/site-packages/airflow/example_dags/example_short_circuit_operator.py took 0.169 seconds
[2023-06-14T16:08:11.514+0000] {processor.py:157} INFO - Started process (PID=341) to work on /home/airflow/.local/lib/python3.7/site-packages/airflow/example_dags/example_short_circuit_operator.py
[2023-06-14T16:08:11.514+0000] {processor.py:826} INFO - Processing file /home/airflow/.local/lib/python3.7/site-packages/airflow/example_dags/example_short_circuit_operator.py for tasks to queue
[2023-06-14T16:08:11.515+0000] {logging_mixin.py:149} INFO - [2023-06-14T16:08:11.515+0000] {dagbag.py:541} INFO - Filling up the DagBag from /home/airflow/.local/lib/python3.7/site-packages/airflow/example_dags/example_short_circuit_operator.py
[2023-06-14T16:08:11.525+0000] {processor.py:836} INFO - DAG(s) dict_keys(['example_short_circuit_operator']) retrieved from /home/airflow/.local/lib/python3.7/site-packages/airflow/example_dags/example_short_circuit_operator.py
[2023-06-14T16:08:11.554+0000] {logging_mixin.py:149} INFO - [2023-06-14T16:08:11.554+0000] {dag.py:2726} INFO - Sync 1 DAGs
[2023-06-14T16:08:11.583+0000] {logging_mixin.py:149} INFO - [2023-06-14T16:08:11.583+0000] {dag.py:3490} INFO - Setting next_dagrun for example_short_circuit_operator to 2023-06-13T16:08:11.582947+00:00, run_after=2023-06-14T16:08:11.582947+00:00
[2023-06-14T16:08:11.608+0000] {processor.py:179} INFO - Processing /home/airflow/.local/lib/python3.7/site-packages/airflow/example_dags/example_short_circuit_operator.py took 0.097 seconds
[2023-06-14T16:08:41.748+0000] {processor.py:157} INFO - Started process (PID=405) to work on /home/airflow/.local/lib/python3.7/site-packages/airflow/example_dags/example_short_circuit_operator.py
[2023-06-14T16:08:41.748+0000] {processor.py:826} INFO - Processing file /home/airflow/.local/lib/python3.7/site-packages/airflow/example_dags/example_short_circuit_operator.py for tasks to queue
[2023-06-14T16:08:41.750+0000] {logging_mixin.py:149} INFO - [2023-06-14T16:08:41.750+0000] {dagbag.py:541} INFO - Filling up the DagBag from /home/airflow/.local/lib/python3.7/site-packages/airflow/example_dags/example_short_circuit_operator.py
[2023-06-14T16:08:41.763+0000] {processor.py:836} INFO - DAG(s) dict_keys(['example_short_circuit_operator']) retrieved from /home/airflow/.local/lib/python3.7/site-packages/airflow/example_dags/example_short_circuit_operator.py
[2023-06-14T16:08:41.852+0000] {logging_mixin.py:149} INFO - [2023-06-14T16:08:41.852+0000] {dag.py:2726} INFO - Sync 1 DAGs
[2023-06-14T16:08:41.888+0000] {logging_mixin.py:149} INFO - [2023-06-14T16:08:41.888+0000] {dag.py:3490} INFO - Setting next_dagrun for example_short_circuit_operator to 2023-06-13T16:08:41.887933+00:00, run_after=2023-06-14T16:08:41.887933+00:00
[2023-06-14T16:08:41.909+0000] {processor.py:179} INFO - Processing /home/airflow/.local/lib/python3.7/site-packages/airflow/example_dags/example_short_circuit_operator.py took 0.164 seconds
[2023-06-14T16:09:11.966+0000] {processor.py:157} INFO - Started process (PID=468) to work on /home/airflow/.local/lib/python3.7/site-packages/airflow/example_dags/example_short_circuit_operator.py
[2023-06-14T16:09:11.966+0000] {processor.py:826} INFO - Processing file /home/airflow/.local/lib/python3.7/site-packages/airflow/example_dags/example_short_circuit_operator.py for tasks to queue
[2023-06-14T16:09:11.967+0000] {logging_mixin.py:149} INFO - [2023-06-14T16:09:11.967+0000] {dagbag.py:541} INFO - Filling up the DagBag from /home/airflow/.local/lib/python3.7/site-packages/airflow/example_dags/example_short_circuit_operator.py
[2023-06-14T16:09:11.974+0000] {processor.py:836} INFO - DAG(s) dict_keys(['example_short_circuit_operator']) retrieved from /home/airflow/.local/lib/python3.7/site-packages/airflow/example_dags/example_short_circuit_operator.py
[2023-06-14T16:09:11.997+0000] {logging_mixin.py:149} INFO - [2023-06-14T16:09:11.997+0000] {dag.py:2726} INFO - Sync 1 DAGs
[2023-06-14T16:09:12.019+0000] {logging_mixin.py:149} INFO - [2023-06-14T16:09:12.019+0000] {dag.py:3490} INFO - Setting next_dagrun for example_short_circuit_operator to 2023-06-13T16:09:12.019410+00:00, run_after=2023-06-14T16:09:12.019410+00:00
[2023-06-14T16:09:12.036+0000] {processor.py:179} INFO - Processing /home/airflow/.local/lib/python3.7/site-packages/airflow/example_dags/example_short_circuit_operator.py took 0.073 seconds
[2023-06-14T16:09:42.143+0000] {processor.py:157} INFO - Started process (PID=532) to work on /home/airflow/.local/lib/python3.7/site-packages/airflow/example_dags/example_short_circuit_operator.py
[2023-06-14T16:09:42.143+0000] {processor.py:826} INFO - Processing file /home/airflow/.local/lib/python3.7/site-packages/airflow/example_dags/example_short_circuit_operator.py for tasks to queue
[2023-06-14T16:09:42.144+0000] {logging_mixin.py:149} INFO - [2023-06-14T16:09:42.144+0000] {dagbag.py:541} INFO - Filling up the DagBag from /home/airflow/.local/lib/python3.7/site-packages/airflow/example_dags/example_short_circuit_operator.py
[2023-06-14T16:09:42.154+0000] {processor.py:836} INFO - DAG(s) dict_keys(['example_short_circuit_operator']) retrieved from /home/airflow/.local/lib/python3.7/site-packages/airflow/example_dags/example_short_circuit_operator.py
[2023-06-14T16:09:42.177+0000] {logging_mixin.py:149} INFO - [2023-06-14T16:09:42.177+0000] {dag.py:2726} INFO - Sync 1 DAGs
[2023-06-14T16:09:42.199+0000] {logging_mixin.py:149} INFO - [2023-06-14T16:09:42.199+0000] {dag.py:3490} INFO - Setting next_dagrun for example_short_circuit_operator to 2023-06-13T16:09:42.199510+00:00, run_after=2023-06-14T16:09:42.199510+00:00
[2023-06-14T16:09:42.229+0000] {processor.py:179} INFO - Processing /home/airflow/.local/lib/python3.7/site-packages/airflow/example_dags/example_short_circuit_operator.py took 0.089 seconds
[2023-06-14T16:10:12.754+0000] {processor.py:157} INFO - Started process (PID=597) to work on /home/airflow/.local/lib/python3.7/site-packages/airflow/example_dags/example_short_circuit_operator.py
[2023-06-14T16:10:12.755+0000] {processor.py:826} INFO - Processing file /home/airflow/.local/lib/python3.7/site-packages/airflow/example_dags/example_short_circuit_operator.py for tasks to queue
[2023-06-14T16:10:12.756+0000] {logging_mixin.py:149} INFO - [2023-06-14T16:10:12.756+0000] {dagbag.py:541} INFO - Filling up the DagBag from /home/airflow/.local/lib/python3.7/site-packages/airflow/example_dags/example_short_circuit_operator.py
[2023-06-14T16:10:12.766+0000] {processor.py:836} INFO - DAG(s) dict_keys(['example_short_circuit_operator']) retrieved from /home/airflow/.local/lib/python3.7/site-packages/airflow/example_dags/example_short_circuit_operator.py
[2023-06-14T16:10:12.806+0000] {logging_mixin.py:149} INFO - [2023-06-14T16:10:12.806+0000] {dag.py:2726} INFO - Sync 1 DAGs
[2023-06-14T16:10:12.840+0000] {logging_mixin.py:149} INFO - [2023-06-14T16:10:12.839+0000] {dag.py:3490} INFO - Setting next_dagrun for example_short_circuit_operator to 2023-06-13T16:10:12.839640+00:00, run_after=2023-06-14T16:10:12.839640+00:00
[2023-06-14T16:10:12.868+0000] {processor.py:179} INFO - Processing /home/airflow/.local/lib/python3.7/site-packages/airflow/example_dags/example_short_circuit_operator.py took 0.117 seconds
[2023-06-14T16:10:43.051+0000] {processor.py:157} INFO - Started process (PID=661) to work on /home/airflow/.local/lib/python3.7/site-packages/airflow/example_dags/example_short_circuit_operator.py
[2023-06-14T16:10:43.052+0000] {processor.py:826} INFO - Processing file /home/airflow/.local/lib/python3.7/site-packages/airflow/example_dags/example_short_circuit_operator.py for tasks to queue
[2023-06-14T16:10:43.052+0000] {logging_mixin.py:149} INFO - [2023-06-14T16:10:43.052+0000] {dagbag.py:541} INFO - Filling up the DagBag from /home/airflow/.local/lib/python3.7/site-packages/airflow/example_dags/example_short_circuit_operator.py
[2023-06-14T16:10:43.061+0000] {processor.py:836} INFO - DAG(s) dict_keys(['example_short_circuit_operator']) retrieved from /home/airflow/.local/lib/python3.7/site-packages/airflow/example_dags/example_short_circuit_operator.py
[2023-06-14T16:10:43.092+0000] {logging_mixin.py:149} INFO - [2023-06-14T16:10:43.091+0000] {dag.py:2726} INFO - Sync 1 DAGs
[2023-06-14T16:10:43.122+0000] {logging_mixin.py:149} INFO - [2023-06-14T16:10:43.122+0000] {dag.py:3490} INFO - Setting next_dagrun for example_short_circuit_operator to 2023-06-13T16:10:43.121802+00:00, run_after=2023-06-14T16:10:43.121802+00:00
[2023-06-14T16:10:43.142+0000] {processor.py:179} INFO - Processing /home/airflow/.local/lib/python3.7/site-packages/airflow/example_dags/example_short_circuit_operator.py took 0.094 seconds
[2023-06-14T16:11:13.563+0000] {processor.py:157} INFO - Started process (PID=738) to work on /home/airflow/.local/lib/python3.7/site-packages/airflow/example_dags/example_short_circuit_operator.py
[2023-06-14T16:11:13.564+0000] {processor.py:826} INFO - Processing file /home/airflow/.local/lib/python3.7/site-packages/airflow/example_dags/example_short_circuit_operator.py for tasks to queue
[2023-06-14T16:11:13.565+0000] {logging_mixin.py:149} INFO - [2023-06-14T16:11:13.565+0000] {dagbag.py:541} INFO - Filling up the DagBag from /home/airflow/.local/lib/python3.7/site-packages/airflow/example_dags/example_short_circuit_operator.py
[2023-06-14T16:11:13.571+0000] {processor.py:836} INFO - DAG(s) dict_keys(['example_short_circuit_operator']) retrieved from /home/airflow/.local/lib/python3.7/site-packages/airflow/example_dags/example_short_circuit_operator.py
[2023-06-14T16:11:13.594+0000] {logging_mixin.py:149} INFO - [2023-06-14T16:11:13.594+0000] {dag.py:2726} INFO - Sync 1 DAGs
[2023-06-14T16:11:13.618+0000] {logging_mixin.py:149} INFO - [2023-06-14T16:11:13.618+0000] {dag.py:3490} INFO - Setting next_dagrun for example_short_circuit_operator to 2023-06-13T16:11:13.617953+00:00, run_after=2023-06-14T16:11:13.617953+00:00
[2023-06-14T16:11:13.636+0000] {processor.py:179} INFO - Processing /home/airflow/.local/lib/python3.7/site-packages/airflow/example_dags/example_short_circuit_operator.py took 0.075 seconds
[2023-06-14T16:11:43.850+0000] {processor.py:157} INFO - Started process (PID=816) to work on /home/airflow/.local/lib/python3.7/site-packages/airflow/example_dags/example_short_circuit_operator.py
[2023-06-14T16:11:43.851+0000] {processor.py:826} INFO - Processing file /home/airflow/.local/lib/python3.7/site-packages/airflow/example_dags/example_short_circuit_operator.py for tasks to queue
[2023-06-14T16:11:43.851+0000] {logging_mixin.py:149} INFO - [2023-06-14T16:11:43.851+0000] {dagbag.py:541} INFO - Filling up the DagBag from /home/airflow/.local/lib/python3.7/site-packages/airflow/example_dags/example_short_circuit_operator.py
[2023-06-14T16:11:43.858+0000] {processor.py:836} INFO - DAG(s) dict_keys(['example_short_circuit_operator']) retrieved from /home/airflow/.local/lib/python3.7/site-packages/airflow/example_dags/example_short_circuit_operator.py
[2023-06-14T16:11:43.881+0000] {logging_mixin.py:149} INFO - [2023-06-14T16:11:43.881+0000] {dag.py:2726} INFO - Sync 1 DAGs
[2023-06-14T16:11:43.904+0000] {logging_mixin.py:149} INFO - [2023-06-14T16:11:43.904+0000] {dag.py:3490} INFO - Setting next_dagrun for example_short_circuit_operator to 2023-06-13T16:11:43.904360+00:00, run_after=2023-06-14T16:11:43.904360+00:00
[2023-06-14T16:11:43.921+0000] {processor.py:179} INFO - Processing /home/airflow/.local/lib/python3.7/site-packages/airflow/example_dags/example_short_circuit_operator.py took 0.073 seconds
[2023-06-14T16:12:14.167+0000] {processor.py:157} INFO - Started process (PID=892) to work on /home/airflow/.local/lib/python3.7/site-packages/airflow/example_dags/example_short_circuit_operator.py
[2023-06-14T16:12:14.168+0000] {processor.py:826} INFO - Processing file /home/airflow/.local/lib/python3.7/site-packages/airflow/example_dags/example_short_circuit_operator.py for tasks to queue
[2023-06-14T16:12:14.169+0000] {logging_mixin.py:149} INFO - [2023-06-14T16:12:14.169+0000] {dagbag.py:541} INFO - Filling up the DagBag from /home/airflow/.local/lib/python3.7/site-packages/airflow/example_dags/example_short_circuit_operator.py
[2023-06-14T16:12:14.175+0000] {processor.py:836} INFO - DAG(s) dict_keys(['example_short_circuit_operator']) retrieved from /home/airflow/.local/lib/python3.7/site-packages/airflow/example_dags/example_short_circuit_operator.py
[2023-06-14T16:12:14.200+0000] {logging_mixin.py:149} INFO - [2023-06-14T16:12:14.200+0000] {dag.py:2726} INFO - Sync 1 DAGs
[2023-06-14T16:12:14.225+0000] {logging_mixin.py:149} INFO - [2023-06-14T16:12:14.225+0000] {dag.py:3490} INFO - Setting next_dagrun for example_short_circuit_operator to 2023-06-13T16:12:14.224788+00:00, run_after=2023-06-14T16:12:14.224788+00:00
[2023-06-14T16:12:14.248+0000] {processor.py:179} INFO - Processing /home/airflow/.local/lib/python3.7/site-packages/airflow/example_dags/example_short_circuit_operator.py took 0.083 seconds
[2023-06-14T16:12:44.409+0000] {processor.py:157} INFO - Started process (PID=969) to work on /home/airflow/.local/lib/python3.7/site-packages/airflow/example_dags/example_short_circuit_operator.py
[2023-06-14T16:12:44.410+0000] {processor.py:826} INFO - Processing file /home/airflow/.local/lib/python3.7/site-packages/airflow/example_dags/example_short_circuit_operator.py for tasks to queue
[2023-06-14T16:12:44.410+0000] {logging_mixin.py:149} INFO - [2023-06-14T16:12:44.410+0000] {dagbag.py:541} INFO - Filling up the DagBag from /home/airflow/.local/lib/python3.7/site-packages/airflow/example_dags/example_short_circuit_operator.py
[2023-06-14T16:12:44.416+0000] {processor.py:836} INFO - DAG(s) dict_keys(['example_short_circuit_operator']) retrieved from /home/airflow/.local/lib/python3.7/site-packages/airflow/example_dags/example_short_circuit_operator.py
[2023-06-14T16:12:44.442+0000] {logging_mixin.py:149} INFO - [2023-06-14T16:12:44.442+0000] {dag.py:2726} INFO - Sync 1 DAGs
[2023-06-14T16:12:44.465+0000] {logging_mixin.py:149} INFO - [2023-06-14T16:12:44.465+0000] {dag.py:3490} INFO - Setting next_dagrun for example_short_circuit_operator to 2023-06-13T16:12:44.465058+00:00, run_after=2023-06-14T16:12:44.465058+00:00
[2023-06-14T16:12:44.485+0000] {processor.py:179} INFO - Processing /home/airflow/.local/lib/python3.7/site-packages/airflow/example_dags/example_short_circuit_operator.py took 0.078 seconds
[2023-06-14T16:13:15.006+0000] {processor.py:157} INFO - Started process (PID=1047) to work on /home/airflow/.local/lib/python3.7/site-packages/airflow/example_dags/example_short_circuit_operator.py
[2023-06-14T16:13:15.006+0000] {processor.py:826} INFO - Processing file /home/airflow/.local/lib/python3.7/site-packages/airflow/example_dags/example_short_circuit_operator.py for tasks to queue
[2023-06-14T16:13:15.007+0000] {logging_mixin.py:149} INFO - [2023-06-14T16:13:15.007+0000] {dagbag.py:541} INFO - Filling up the DagBag from /home/airflow/.local/lib/python3.7/site-packages/airflow/example_dags/example_short_circuit_operator.py
[2023-06-14T16:13:15.014+0000] {processor.py:836} INFO - DAG(s) dict_keys(['example_short_circuit_operator']) retrieved from /home/airflow/.local/lib/python3.7/site-packages/airflow/example_dags/example_short_circuit_operator.py
[2023-06-14T16:13:15.037+0000] {logging_mixin.py:149} INFO - [2023-06-14T16:13:15.037+0000] {dag.py:2726} INFO - Sync 1 DAGs
[2023-06-14T16:13:15.063+0000] {logging_mixin.py:149} INFO - [2023-06-14T16:13:15.063+0000] {dag.py:3490} INFO - Setting next_dagrun for example_short_circuit_operator to 2023-06-13T16:13:15.063106+00:00, run_after=2023-06-14T16:13:15.063106+00:00
[2023-06-14T16:13:15.085+0000] {processor.py:179} INFO - Processing /home/airflow/.local/lib/python3.7/site-packages/airflow/example_dags/example_short_circuit_operator.py took 0.082 seconds
[2023-06-14T16:13:45.342+0000] {processor.py:157} INFO - Started process (PID=1124) to work on /home/airflow/.local/lib/python3.7/site-packages/airflow/example_dags/example_short_circuit_operator.py
[2023-06-14T16:13:45.342+0000] {processor.py:826} INFO - Processing file /home/airflow/.local/lib/python3.7/site-packages/airflow/example_dags/example_short_circuit_operator.py for tasks to queue
[2023-06-14T16:13:45.343+0000] {logging_mixin.py:149} INFO - [2023-06-14T16:13:45.343+0000] {dagbag.py:541} INFO - Filling up the DagBag from /home/airflow/.local/lib/python3.7/site-packages/airflow/example_dags/example_short_circuit_operator.py
[2023-06-14T16:13:45.353+0000] {processor.py:836} INFO - DAG(s) dict_keys(['example_short_circuit_operator']) retrieved from /home/airflow/.local/lib/python3.7/site-packages/airflow/example_dags/example_short_circuit_operator.py
[2023-06-14T16:13:45.380+0000] {logging_mixin.py:149} INFO - [2023-06-14T16:13:45.380+0000] {dag.py:2726} INFO - Sync 1 DAGs
[2023-06-14T16:13:45.410+0000] {logging_mixin.py:149} INFO - [2023-06-14T16:13:45.410+0000] {dag.py:3490} INFO - Setting next_dagrun for example_short_circuit_operator to 2023-06-13T16:13:45.410026+00:00, run_after=2023-06-14T16:13:45.410026+00:00
[2023-06-14T16:13:45.433+0000] {processor.py:179} INFO - Processing /home/airflow/.local/lib/python3.7/site-packages/airflow/example_dags/example_short_circuit_operator.py took 0.094 seconds
[2023-06-14T16:14:15.726+0000] {processor.py:157} INFO - Started process (PID=1201) to work on /home/airflow/.local/lib/python3.7/site-packages/airflow/example_dags/example_short_circuit_operator.py
[2023-06-14T16:14:15.727+0000] {processor.py:826} INFO - Processing file /home/airflow/.local/lib/python3.7/site-packages/airflow/example_dags/example_short_circuit_operator.py for tasks to queue
[2023-06-14T16:14:15.727+0000] {logging_mixin.py:149} INFO - [2023-06-14T16:14:15.727+0000] {dagbag.py:541} INFO - Filling up the DagBag from /home/airflow/.local/lib/python3.7/site-packages/airflow/example_dags/example_short_circuit_operator.py
[2023-06-14T16:14:15.735+0000] {processor.py:836} INFO - DAG(s) dict_keys(['example_short_circuit_operator']) retrieved from /home/airflow/.local/lib/python3.7/site-packages/airflow/example_dags/example_short_circuit_operator.py
[2023-06-14T16:14:15.765+0000] {logging_mixin.py:149} INFO - [2023-06-14T16:14:15.765+0000] {dag.py:2726} INFO - Sync 1 DAGs
[2023-06-14T16:14:15.791+0000] {logging_mixin.py:149} INFO - [2023-06-14T16:14:15.791+0000] {dag.py:3490} INFO - Setting next_dagrun for example_short_circuit_operator to 2023-06-13T16:14:15.791399+00:00, run_after=2023-06-14T16:14:15.791399+00:00
[2023-06-14T16:14:15.816+0000] {processor.py:179} INFO - Processing /home/airflow/.local/lib/python3.7/site-packages/airflow/example_dags/example_short_circuit_operator.py took 0.093 seconds
[2023-06-14T16:14:46.199+0000] {processor.py:157} INFO - Started process (PID=1278) to work on /home/airflow/.local/lib/python3.7/site-packages/airflow/example_dags/example_short_circuit_operator.py
[2023-06-14T16:14:46.200+0000] {processor.py:826} INFO - Processing file /home/airflow/.local/lib/python3.7/site-packages/airflow/example_dags/example_short_circuit_operator.py for tasks to queue
[2023-06-14T16:14:46.201+0000] {logging_mixin.py:149} INFO - [2023-06-14T16:14:46.201+0000] {dagbag.py:541} INFO - Filling up the DagBag from /home/airflow/.local/lib/python3.7/site-packages/airflow/example_dags/example_short_circuit_operator.py
[2023-06-14T16:14:46.209+0000] {processor.py:836} INFO - DAG(s) dict_keys(['example_short_circuit_operator']) retrieved from /home/airflow/.local/lib/python3.7/site-packages/airflow/example_dags/example_short_circuit_operator.py
[2023-06-14T16:14:46.236+0000] {logging_mixin.py:149} INFO - [2023-06-14T16:14:46.236+0000] {dag.py:2726} INFO - Sync 1 DAGs
[2023-06-14T16:14:46.270+0000] {logging_mixin.py:149} INFO - [2023-06-14T16:14:46.270+0000] {dag.py:3490} INFO - Setting next_dagrun for example_short_circuit_operator to 2023-06-13T16:14:46.270146+00:00, run_after=2023-06-14T16:14:46.270146+00:00
[2023-06-14T16:14:46.294+0000] {processor.py:179} INFO - Processing /home/airflow/.local/lib/python3.7/site-packages/airflow/example_dags/example_short_circuit_operator.py took 0.098 seconds
[2023-06-14T16:15:16.596+0000] {processor.py:157} INFO - Started process (PID=1355) to work on /home/airflow/.local/lib/python3.7/site-packages/airflow/example_dags/example_short_circuit_operator.py
[2023-06-14T16:15:16.597+0000] {processor.py:826} INFO - Processing file /home/airflow/.local/lib/python3.7/site-packages/airflow/example_dags/example_short_circuit_operator.py for tasks to queue
[2023-06-14T16:15:16.598+0000] {logging_mixin.py:149} INFO - [2023-06-14T16:15:16.598+0000] {dagbag.py:541} INFO - Filling up the DagBag from /home/airflow/.local/lib/python3.7/site-packages/airflow/example_dags/example_short_circuit_operator.py
[2023-06-14T16:15:16.605+0000] {processor.py:836} INFO - DAG(s) dict_keys(['example_short_circuit_operator']) retrieved from /home/airflow/.local/lib/python3.7/site-packages/airflow/example_dags/example_short_circuit_operator.py
[2023-06-14T16:15:16.632+0000] {logging_mixin.py:149} INFO - [2023-06-14T16:15:16.632+0000] {dag.py:2726} INFO - Sync 1 DAGs
[2023-06-14T16:15:16.660+0000] {logging_mixin.py:149} INFO - [2023-06-14T16:15:16.660+0000] {dag.py:3490} INFO - Setting next_dagrun for example_short_circuit_operator to 2023-06-13T16:15:16.660076+00:00, run_after=2023-06-14T16:15:16.660076+00:00
[2023-06-14T16:15:16.683+0000] {processor.py:179} INFO - Processing /home/airflow/.local/lib/python3.7/site-packages/airflow/example_dags/example_short_circuit_operator.py took 0.089 seconds
[2023-06-14T16:15:47.069+0000] {processor.py:157} INFO - Started process (PID=1432) to work on /home/airflow/.local/lib/python3.7/site-packages/airflow/example_dags/example_short_circuit_operator.py
[2023-06-14T16:15:47.070+0000] {processor.py:826} INFO - Processing file /home/airflow/.local/lib/python3.7/site-packages/airflow/example_dags/example_short_circuit_operator.py for tasks to queue
[2023-06-14T16:15:47.071+0000] {logging_mixin.py:149} INFO - [2023-06-14T16:15:47.071+0000] {dagbag.py:541} INFO - Filling up the DagBag from /home/airflow/.local/lib/python3.7/site-packages/airflow/example_dags/example_short_circuit_operator.py
[2023-06-14T16:15:47.078+0000] {processor.py:836} INFO - DAG(s) dict_keys(['example_short_circuit_operator']) retrieved from /home/airflow/.local/lib/python3.7/site-packages/airflow/example_dags/example_short_circuit_operator.py
[2023-06-14T16:15:47.106+0000] {logging_mixin.py:149} INFO - [2023-06-14T16:15:47.106+0000] {dag.py:2726} INFO - Sync 1 DAGs
[2023-06-14T16:15:47.132+0000] {logging_mixin.py:149} INFO - [2023-06-14T16:15:47.131+0000] {dag.py:3490} INFO - Setting next_dagrun for example_short_circuit_operator to 2023-06-13T16:15:47.131648+00:00, run_after=2023-06-14T16:15:47.131648+00:00
[2023-06-14T16:15:47.151+0000] {processor.py:179} INFO - Processing /home/airflow/.local/lib/python3.7/site-packages/airflow/example_dags/example_short_circuit_operator.py took 0.084 seconds
[2023-06-14T16:16:17.759+0000] {processor.py:157} INFO - Started process (PID=1509) to work on /home/airflow/.local/lib/python3.7/site-packages/airflow/example_dags/example_short_circuit_operator.py
[2023-06-14T16:16:17.760+0000] {processor.py:826} INFO - Processing file /home/airflow/.local/lib/python3.7/site-packages/airflow/example_dags/example_short_circuit_operator.py for tasks to queue
[2023-06-14T16:16:17.761+0000] {logging_mixin.py:149} INFO - [2023-06-14T16:16:17.761+0000] {dagbag.py:541} INFO - Filling up the DagBag from /home/airflow/.local/lib/python3.7/site-packages/airflow/example_dags/example_short_circuit_operator.py
[2023-06-14T16:16:17.767+0000] {processor.py:836} INFO - DAG(s) dict_keys(['example_short_circuit_operator']) retrieved from /home/airflow/.local/lib/python3.7/site-packages/airflow/example_dags/example_short_circuit_operator.py
[2023-06-14T16:16:17.791+0000] {logging_mixin.py:149} INFO - [2023-06-14T16:16:17.791+0000] {dag.py:2726} INFO - Sync 1 DAGs
[2023-06-14T16:16:17.816+0000] {logging_mixin.py:149} INFO - [2023-06-14T16:16:17.816+0000] {dag.py:3490} INFO - Setting next_dagrun for example_short_circuit_operator to 2023-06-13T16:16:17.815998+00:00, run_after=2023-06-14T16:16:17.815998+00:00
[2023-06-14T16:16:17.834+0000] {processor.py:179} INFO - Processing /home/airflow/.local/lib/python3.7/site-packages/airflow/example_dags/example_short_circuit_operator.py took 0.078 seconds
[2023-06-14T16:16:48.054+0000] {processor.py:157} INFO - Started process (PID=1574) to work on /home/airflow/.local/lib/python3.7/site-packages/airflow/example_dags/example_short_circuit_operator.py
[2023-06-14T16:16:48.055+0000] {processor.py:826} INFO - Processing file /home/airflow/.local/lib/python3.7/site-packages/airflow/example_dags/example_short_circuit_operator.py for tasks to queue
[2023-06-14T16:16:48.056+0000] {logging_mixin.py:149} INFO - [2023-06-14T16:16:48.056+0000] {dagbag.py:541} INFO - Filling up the DagBag from /home/airflow/.local/lib/python3.7/site-packages/airflow/example_dags/example_short_circuit_operator.py
[2023-06-14T16:16:48.065+0000] {processor.py:836} INFO - DAG(s) dict_keys(['example_short_circuit_operator']) retrieved from /home/airflow/.local/lib/python3.7/site-packages/airflow/example_dags/example_short_circuit_operator.py
[2023-06-14T16:16:48.117+0000] {logging_mixin.py:149} INFO - [2023-06-14T16:16:48.117+0000] {dag.py:2726} INFO - Sync 1 DAGs
[2023-06-14T16:16:48.160+0000] {logging_mixin.py:149} INFO - [2023-06-14T16:16:48.160+0000] {dag.py:3490} INFO - Setting next_dagrun for example_short_circuit_operator to 2023-06-13T16:16:48.160207+00:00, run_after=2023-06-14T16:16:48.160207+00:00
[2023-06-14T16:16:48.177+0000] {processor.py:179} INFO - Processing /home/airflow/.local/lib/python3.7/site-packages/airflow/example_dags/example_short_circuit_operator.py took 0.125 seconds
