[2023-06-14T16:06:12.104+0000] {processor.py:157} INFO - Started process (PID=70) to work on /home/airflow/.local/lib/python3.7/site-packages/airflow/example_dags/example_branch_operator.py
[2023-06-14T16:06:12.105+0000] {processor.py:826} INFO - Processing file /home/airflow/.local/lib/python3.7/site-packages/airflow/example_dags/example_branch_operator.py for tasks to queue
[2023-06-14T16:06:12.107+0000] {logging_mixin.py:149} INFO - [2023-06-14T16:06:12.106+0000] {dagbag.py:541} INFO - Filling up the DagBag from /home/airflow/.local/lib/python3.7/site-packages/airflow/example_dags/example_branch_operator.py
[2023-06-14T16:06:12.119+0000] {processor.py:836} INFO - DAG(s) dict_keys(['example_branch_operator']) retrieved from /home/airflow/.local/lib/python3.7/site-packages/airflow/example_dags/example_branch_operator.py
[2023-06-14T16:06:12.150+0000] {logging_mixin.py:149} INFO - [2023-06-14T16:06:12.150+0000] {dag.py:2726} INFO - Sync 1 DAGs
[2023-06-14T16:06:12.180+0000] {logging_mixin.py:149} INFO - [2023-06-14T16:06:12.179+0000] {dag.py:3490} INFO - Setting next_dagrun for example_branch_operator to 2023-06-13T00:00:00+00:00, run_after=2023-06-14T00:00:00+00:00
[2023-06-14T16:06:12.208+0000] {processor.py:179} INFO - Processing /home/airflow/.local/lib/python3.7/site-packages/airflow/example_dags/example_branch_operator.py took 0.106 seconds
[2023-06-14T16:06:42.749+0000] {processor.py:157} INFO - Started process (PID=147) to work on /home/airflow/.local/lib/python3.7/site-packages/airflow/example_dags/example_branch_operator.py
[2023-06-14T16:06:42.750+0000] {processor.py:826} INFO - Processing file /home/airflow/.local/lib/python3.7/site-packages/airflow/example_dags/example_branch_operator.py for tasks to queue
[2023-06-14T16:06:42.751+0000] {logging_mixin.py:149} INFO - [2023-06-14T16:06:42.751+0000] {dagbag.py:541} INFO - Filling up the DagBag from /home/airflow/.local/lib/python3.7/site-packages/airflow/example_dags/example_branch_operator.py
[2023-06-14T16:06:42.759+0000] {processor.py:836} INFO - DAG(s) dict_keys(['example_branch_operator']) retrieved from /home/airflow/.local/lib/python3.7/site-packages/airflow/example_dags/example_branch_operator.py
[2023-06-14T16:06:42.787+0000] {logging_mixin.py:149} INFO - [2023-06-14T16:06:42.786+0000] {dag.py:2726} INFO - Sync 1 DAGs
[2023-06-14T16:06:42.818+0000] {logging_mixin.py:149} INFO - [2023-06-14T16:06:42.818+0000] {dag.py:3490} INFO - Setting next_dagrun for example_branch_operator to 2023-06-13T00:00:00+00:00, run_after=2023-06-14T00:00:00+00:00
[2023-06-14T16:06:42.932+0000] {processor.py:179} INFO - Processing /home/airflow/.local/lib/python3.7/site-packages/airflow/example_dags/example_branch_operator.py took 0.185 seconds
[2023-06-14T16:07:13.908+0000] {processor.py:157} INFO - Started process (PID=224) to work on /home/airflow/.local/lib/python3.7/site-packages/airflow/example_dags/example_branch_operator.py
[2023-06-14T16:07:13.909+0000] {processor.py:826} INFO - Processing file /home/airflow/.local/lib/python3.7/site-packages/airflow/example_dags/example_branch_operator.py for tasks to queue
[2023-06-14T16:07:13.910+0000] {logging_mixin.py:149} INFO - [2023-06-14T16:07:13.909+0000] {dagbag.py:541} INFO - Filling up the DagBag from /home/airflow/.local/lib/python3.7/site-packages/airflow/example_dags/example_branch_operator.py
[2023-06-14T16:07:13.920+0000] {processor.py:836} INFO - DAG(s) dict_keys(['example_branch_operator']) retrieved from /home/airflow/.local/lib/python3.7/site-packages/airflow/example_dags/example_branch_operator.py
[2023-06-14T16:07:14.065+0000] {logging_mixin.py:149} INFO - [2023-06-14T16:07:14.065+0000] {dag.py:2726} INFO - Sync 1 DAGs
[2023-06-14T16:07:14.092+0000] {logging_mixin.py:149} INFO - [2023-06-14T16:07:14.092+0000] {dag.py:3490} INFO - Setting next_dagrun for example_branch_operator to 2023-06-13T00:00:00+00:00, run_after=2023-06-14T00:00:00+00:00
[2023-06-14T16:07:14.112+0000] {processor.py:179} INFO - Processing /home/airflow/.local/lib/python3.7/site-packages/airflow/example_dags/example_branch_operator.py took 0.207 seconds
[2023-06-14T16:07:44.209+0000] {processor.py:157} INFO - Started process (PID=301) to work on /home/airflow/.local/lib/python3.7/site-packages/airflow/example_dags/example_branch_operator.py
[2023-06-14T16:07:44.210+0000] {processor.py:826} INFO - Processing file /home/airflow/.local/lib/python3.7/site-packages/airflow/example_dags/example_branch_operator.py for tasks to queue
[2023-06-14T16:07:44.211+0000] {logging_mixin.py:149} INFO - [2023-06-14T16:07:44.211+0000] {dagbag.py:541} INFO - Filling up the DagBag from /home/airflow/.local/lib/python3.7/site-packages/airflow/example_dags/example_branch_operator.py
[2023-06-14T16:07:44.221+0000] {processor.py:836} INFO - DAG(s) dict_keys(['example_branch_operator']) retrieved from /home/airflow/.local/lib/python3.7/site-packages/airflow/example_dags/example_branch_operator.py
[2023-06-14T16:07:44.245+0000] {logging_mixin.py:149} INFO - [2023-06-14T16:07:44.245+0000] {dag.py:2726} INFO - Sync 1 DAGs
[2023-06-14T16:07:44.273+0000] {logging_mixin.py:149} INFO - [2023-06-14T16:07:44.272+0000] {dag.py:3490} INFO - Setting next_dagrun for example_branch_operator to 2023-06-13T00:00:00+00:00, run_after=2023-06-14T00:00:00+00:00
[2023-06-14T16:07:44.293+0000] {processor.py:179} INFO - Processing /home/airflow/.local/lib/python3.7/site-packages/airflow/example_dags/example_branch_operator.py took 0.086 seconds
[2023-06-14T16:08:15.024+0000] {processor.py:157} INFO - Started process (PID=365) to work on /home/airflow/.local/lib/python3.7/site-packages/airflow/example_dags/example_branch_operator.py
[2023-06-14T16:08:15.025+0000] {processor.py:826} INFO - Processing file /home/airflow/.local/lib/python3.7/site-packages/airflow/example_dags/example_branch_operator.py for tasks to queue
[2023-06-14T16:08:15.026+0000] {logging_mixin.py:149} INFO - [2023-06-14T16:08:15.026+0000] {dagbag.py:541} INFO - Filling up the DagBag from /home/airflow/.local/lib/python3.7/site-packages/airflow/example_dags/example_branch_operator.py
[2023-06-14T16:08:15.034+0000] {processor.py:836} INFO - DAG(s) dict_keys(['example_branch_operator']) retrieved from /home/airflow/.local/lib/python3.7/site-packages/airflow/example_dags/example_branch_operator.py
[2023-06-14T16:08:15.059+0000] {logging_mixin.py:149} INFO - [2023-06-14T16:08:15.059+0000] {dag.py:2726} INFO - Sync 1 DAGs
[2023-06-14T16:08:15.087+0000] {logging_mixin.py:149} INFO - [2023-06-14T16:08:15.087+0000] {dag.py:3490} INFO - Setting next_dagrun for example_branch_operator to 2023-06-13T00:00:00+00:00, run_after=2023-06-14T00:00:00+00:00
[2023-06-14T16:08:15.104+0000] {processor.py:179} INFO - Processing /home/airflow/.local/lib/python3.7/site-packages/airflow/example_dags/example_branch_operator.py took 0.082 seconds
[2023-06-14T16:08:45.486+0000] {processor.py:157} INFO - Started process (PID=429) to work on /home/airflow/.local/lib/python3.7/site-packages/airflow/example_dags/example_branch_operator.py
[2023-06-14T16:08:45.487+0000] {processor.py:826} INFO - Processing file /home/airflow/.local/lib/python3.7/site-packages/airflow/example_dags/example_branch_operator.py for tasks to queue
[2023-06-14T16:08:45.488+0000] {logging_mixin.py:149} INFO - [2023-06-14T16:08:45.488+0000] {dagbag.py:541} INFO - Filling up the DagBag from /home/airflow/.local/lib/python3.7/site-packages/airflow/example_dags/example_branch_operator.py
[2023-06-14T16:08:45.496+0000] {processor.py:836} INFO - DAG(s) dict_keys(['example_branch_operator']) retrieved from /home/airflow/.local/lib/python3.7/site-packages/airflow/example_dags/example_branch_operator.py
[2023-06-14T16:08:45.524+0000] {logging_mixin.py:149} INFO - [2023-06-14T16:08:45.524+0000] {dag.py:2726} INFO - Sync 1 DAGs
[2023-06-14T16:08:45.555+0000] {logging_mixin.py:149} INFO - [2023-06-14T16:08:45.555+0000] {dag.py:3490} INFO - Setting next_dagrun for example_branch_operator to 2023-06-13T00:00:00+00:00, run_after=2023-06-14T00:00:00+00:00
[2023-06-14T16:08:45.579+0000] {processor.py:179} INFO - Processing /home/airflow/.local/lib/python3.7/site-packages/airflow/example_dags/example_branch_operator.py took 0.096 seconds
[2023-06-14T16:09:15.647+0000] {processor.py:157} INFO - Started process (PID=493) to work on /home/airflow/.local/lib/python3.7/site-packages/airflow/example_dags/example_branch_operator.py
[2023-06-14T16:09:15.648+0000] {processor.py:826} INFO - Processing file /home/airflow/.local/lib/python3.7/site-packages/airflow/example_dags/example_branch_operator.py for tasks to queue
[2023-06-14T16:09:15.649+0000] {logging_mixin.py:149} INFO - [2023-06-14T16:09:15.649+0000] {dagbag.py:541} INFO - Filling up the DagBag from /home/airflow/.local/lib/python3.7/site-packages/airflow/example_dags/example_branch_operator.py
[2023-06-14T16:09:15.657+0000] {processor.py:836} INFO - DAG(s) dict_keys(['example_branch_operator']) retrieved from /home/airflow/.local/lib/python3.7/site-packages/airflow/example_dags/example_branch_operator.py
[2023-06-14T16:09:15.682+0000] {logging_mixin.py:149} INFO - [2023-06-14T16:09:15.682+0000] {dag.py:2726} INFO - Sync 1 DAGs
[2023-06-14T16:09:15.712+0000] {logging_mixin.py:149} INFO - [2023-06-14T16:09:15.712+0000] {dag.py:3490} INFO - Setting next_dagrun for example_branch_operator to 2023-06-13T00:00:00+00:00, run_after=2023-06-14T00:00:00+00:00
[2023-06-14T16:09:15.729+0000] {processor.py:179} INFO - Processing /home/airflow/.local/lib/python3.7/site-packages/airflow/example_dags/example_branch_operator.py took 0.085 seconds
