[2023-06-14T16:06:11.103+0000] {processor.py:157} INFO - Started process (PID=56) to work on /home/airflow/.local/lib/python3.7/site-packages/airflow/example_dags/example_skip_dag.py
[2023-06-14T16:06:11.104+0000] {processor.py:826} INFO - Processing file /home/airflow/.local/lib/python3.7/site-packages/airflow/example_dags/example_skip_dag.py for tasks to queue
[2023-06-14T16:06:11.105+0000] {logging_mixin.py:149} INFO - [2023-06-14T16:06:11.105+0000] {dagbag.py:541} INFO - Filling up the DagBag from /home/airflow/.local/lib/python3.7/site-packages/airflow/example_dags/example_skip_dag.py
[2023-06-14T16:06:11.114+0000] {processor.py:836} INFO - DAG(s) dict_keys(['example_skip_dag']) retrieved from /home/airflow/.local/lib/python3.7/site-packages/airflow/example_dags/example_skip_dag.py
[2023-06-14T16:06:11.145+0000] {logging_mixin.py:149} INFO - [2023-06-14T16:06:11.145+0000] {dag.py:2726} INFO - Sync 1 DAGs
[2023-06-14T16:06:11.179+0000] {logging_mixin.py:149} INFO - [2023-06-14T16:06:11.179+0000] {dag.py:3490} INFO - Setting next_dagrun for example_skip_dag to 2023-06-13T16:06:11.179535+00:00, run_after=2023-06-14T16:06:11.179535+00:00
[2023-06-14T16:06:11.204+0000] {processor.py:179} INFO - Processing /home/airflow/.local/lib/python3.7/site-packages/airflow/example_dags/example_skip_dag.py took 0.103 seconds
[2023-06-14T16:06:41.706+0000] {processor.py:157} INFO - Started process (PID=133) to work on /home/airflow/.local/lib/python3.7/site-packages/airflow/example_dags/example_skip_dag.py
[2023-06-14T16:06:41.708+0000] {processor.py:826} INFO - Processing file /home/airflow/.local/lib/python3.7/site-packages/airflow/example_dags/example_skip_dag.py for tasks to queue
[2023-06-14T16:06:41.708+0000] {logging_mixin.py:149} INFO - [2023-06-14T16:06:41.708+0000] {dagbag.py:541} INFO - Filling up the DagBag from /home/airflow/.local/lib/python3.7/site-packages/airflow/example_dags/example_skip_dag.py
[2023-06-14T16:06:41.717+0000] {processor.py:836} INFO - DAG(s) dict_keys(['example_skip_dag']) retrieved from /home/airflow/.local/lib/python3.7/site-packages/airflow/example_dags/example_skip_dag.py
[2023-06-14T16:06:41.741+0000] {logging_mixin.py:149} INFO - [2023-06-14T16:06:41.741+0000] {dag.py:2726} INFO - Sync 1 DAGs
[2023-06-14T16:06:41.770+0000] {logging_mixin.py:149} INFO - [2023-06-14T16:06:41.770+0000] {dag.py:3490} INFO - Setting next_dagrun for example_skip_dag to 2023-06-13T16:06:41.769983+00:00, run_after=2023-06-14T16:06:41.769983+00:00
[2023-06-14T16:06:41.798+0000] {processor.py:179} INFO - Processing /home/airflow/.local/lib/python3.7/site-packages/airflow/example_dags/example_skip_dag.py took 0.096 seconds
[2023-06-14T16:07:12.499+0000] {processor.py:157} INFO - Started process (PID=210) to work on /home/airflow/.local/lib/python3.7/site-packages/airflow/example_dags/example_skip_dag.py
[2023-06-14T16:07:12.500+0000] {processor.py:826} INFO - Processing file /home/airflow/.local/lib/python3.7/site-packages/airflow/example_dags/example_skip_dag.py for tasks to queue
[2023-06-14T16:07:12.501+0000] {logging_mixin.py:149} INFO - [2023-06-14T16:07:12.501+0000] {dagbag.py:541} INFO - Filling up the DagBag from /home/airflow/.local/lib/python3.7/site-packages/airflow/example_dags/example_skip_dag.py
[2023-06-14T16:07:12.508+0000] {processor.py:836} INFO - DAG(s) dict_keys(['example_skip_dag']) retrieved from /home/airflow/.local/lib/python3.7/site-packages/airflow/example_dags/example_skip_dag.py
[2023-06-14T16:07:12.532+0000] {logging_mixin.py:149} INFO - [2023-06-14T16:07:12.532+0000] {dag.py:2726} INFO - Sync 1 DAGs
[2023-06-14T16:07:12.660+0000] {logging_mixin.py:149} INFO - [2023-06-14T16:07:12.660+0000] {dag.py:3490} INFO - Setting next_dagrun for example_skip_dag to 2023-06-13T16:07:12.659767+00:00, run_after=2023-06-14T16:07:12.659767+00:00
[2023-06-14T16:07:12.678+0000] {processor.py:179} INFO - Processing /home/airflow/.local/lib/python3.7/site-packages/airflow/example_dags/example_skip_dag.py took 0.182 seconds
[2023-06-14T16:07:43.399+0000] {processor.py:157} INFO - Started process (PID=287) to work on /home/airflow/.local/lib/python3.7/site-packages/airflow/example_dags/example_skip_dag.py
[2023-06-14T16:07:43.400+0000] {processor.py:826} INFO - Processing file /home/airflow/.local/lib/python3.7/site-packages/airflow/example_dags/example_skip_dag.py for tasks to queue
[2023-06-14T16:07:43.401+0000] {logging_mixin.py:149} INFO - [2023-06-14T16:07:43.401+0000] {dagbag.py:541} INFO - Filling up the DagBag from /home/airflow/.local/lib/python3.7/site-packages/airflow/example_dags/example_skip_dag.py
[2023-06-14T16:07:43.407+0000] {processor.py:836} INFO - DAG(s) dict_keys(['example_skip_dag']) retrieved from /home/airflow/.local/lib/python3.7/site-packages/airflow/example_dags/example_skip_dag.py
[2023-06-14T16:07:43.427+0000] {logging_mixin.py:149} INFO - [2023-06-14T16:07:43.427+0000] {dag.py:2726} INFO - Sync 1 DAGs
[2023-06-14T16:07:43.449+0000] {logging_mixin.py:149} INFO - [2023-06-14T16:07:43.449+0000] {dag.py:3490} INFO - Setting next_dagrun for example_skip_dag to 2023-06-13T16:07:43.448999+00:00, run_after=2023-06-14T16:07:43.448999+00:00
[2023-06-14T16:07:43.465+0000] {processor.py:179} INFO - Processing /home/airflow/.local/lib/python3.7/site-packages/airflow/example_dags/example_skip_dag.py took 0.068 seconds
[2023-06-14T16:08:14.221+0000] {processor.py:157} INFO - Started process (PID=351) to work on /home/airflow/.local/lib/python3.7/site-packages/airflow/example_dags/example_skip_dag.py
[2023-06-14T16:08:14.222+0000] {processor.py:826} INFO - Processing file /home/airflow/.local/lib/python3.7/site-packages/airflow/example_dags/example_skip_dag.py for tasks to queue
[2023-06-14T16:08:14.223+0000] {logging_mixin.py:149} INFO - [2023-06-14T16:08:14.223+0000] {dagbag.py:541} INFO - Filling up the DagBag from /home/airflow/.local/lib/python3.7/site-packages/airflow/example_dags/example_skip_dag.py
[2023-06-14T16:08:14.228+0000] {processor.py:836} INFO - DAG(s) dict_keys(['example_skip_dag']) retrieved from /home/airflow/.local/lib/python3.7/site-packages/airflow/example_dags/example_skip_dag.py
[2023-06-14T16:08:14.252+0000] {logging_mixin.py:149} INFO - [2023-06-14T16:08:14.252+0000] {dag.py:2726} INFO - Sync 1 DAGs
[2023-06-14T16:08:14.275+0000] {logging_mixin.py:149} INFO - [2023-06-14T16:08:14.275+0000] {dag.py:3490} INFO - Setting next_dagrun for example_skip_dag to 2023-06-13T16:08:14.274832+00:00, run_after=2023-06-14T16:08:14.274832+00:00
[2023-06-14T16:08:14.292+0000] {processor.py:179} INFO - Processing /home/airflow/.local/lib/python3.7/site-packages/airflow/example_dags/example_skip_dag.py took 0.073 seconds
[2023-06-14T16:08:44.609+0000] {processor.py:157} INFO - Started process (PID=415) to work on /home/airflow/.local/lib/python3.7/site-packages/airflow/example_dags/example_skip_dag.py
[2023-06-14T16:08:44.610+0000] {processor.py:826} INFO - Processing file /home/airflow/.local/lib/python3.7/site-packages/airflow/example_dags/example_skip_dag.py for tasks to queue
[2023-06-14T16:08:44.611+0000] {logging_mixin.py:149} INFO - [2023-06-14T16:08:44.611+0000] {dagbag.py:541} INFO - Filling up the DagBag from /home/airflow/.local/lib/python3.7/site-packages/airflow/example_dags/example_skip_dag.py
[2023-06-14T16:08:44.619+0000] {processor.py:836} INFO - DAG(s) dict_keys(['example_skip_dag']) retrieved from /home/airflow/.local/lib/python3.7/site-packages/airflow/example_dags/example_skip_dag.py
[2023-06-14T16:08:44.645+0000] {logging_mixin.py:149} INFO - [2023-06-14T16:08:44.645+0000] {dag.py:2726} INFO - Sync 1 DAGs
[2023-06-14T16:08:44.672+0000] {logging_mixin.py:149} INFO - [2023-06-14T16:08:44.672+0000] {dag.py:3490} INFO - Setting next_dagrun for example_skip_dag to 2023-06-13T16:08:44.672359+00:00, run_after=2023-06-14T16:08:44.672359+00:00
[2023-06-14T16:08:44.690+0000] {processor.py:179} INFO - Processing /home/airflow/.local/lib/python3.7/site-packages/airflow/example_dags/example_skip_dag.py took 0.084 seconds
[2023-06-14T16:09:14.917+0000] {processor.py:157} INFO - Started process (PID=479) to work on /home/airflow/.local/lib/python3.7/site-packages/airflow/example_dags/example_skip_dag.py
[2023-06-14T16:09:14.919+0000] {processor.py:826} INFO - Processing file /home/airflow/.local/lib/python3.7/site-packages/airflow/example_dags/example_skip_dag.py for tasks to queue
[2023-06-14T16:09:14.920+0000] {logging_mixin.py:149} INFO - [2023-06-14T16:09:14.920+0000] {dagbag.py:541} INFO - Filling up the DagBag from /home/airflow/.local/lib/python3.7/site-packages/airflow/example_dags/example_skip_dag.py
[2023-06-14T16:09:14.927+0000] {processor.py:836} INFO - DAG(s) dict_keys(['example_skip_dag']) retrieved from /home/airflow/.local/lib/python3.7/site-packages/airflow/example_dags/example_skip_dag.py
[2023-06-14T16:09:14.952+0000] {logging_mixin.py:149} INFO - [2023-06-14T16:09:14.952+0000] {dag.py:2726} INFO - Sync 1 DAGs
[2023-06-14T16:09:14.982+0000] {logging_mixin.py:149} INFO - [2023-06-14T16:09:14.982+0000] {dag.py:3490} INFO - Setting next_dagrun for example_skip_dag to 2023-06-13T16:09:14.982478+00:00, run_after=2023-06-14T16:09:14.982478+00:00
[2023-06-14T16:09:15.006+0000] {processor.py:179} INFO - Processing /home/airflow/.local/lib/python3.7/site-packages/airflow/example_dags/example_skip_dag.py took 0.092 seconds
