[2023-06-14T16:06:11.580+0000] {processor.py:157} INFO - Started process (PID=62) to work on /home/airflow/.local/lib/python3.7/site-packages/airflow/example_dags/tutorial_dag.py
[2023-06-14T16:06:11.581+0000] {processor.py:826} INFO - Processing file /home/airflow/.local/lib/python3.7/site-packages/airflow/example_dags/tutorial_dag.py for tasks to queue
[2023-06-14T16:06:11.582+0000] {logging_mixin.py:149} INFO - [2023-06-14T16:06:11.582+0000] {dagbag.py:541} INFO - Filling up the DagBag from /home/airflow/.local/lib/python3.7/site-packages/airflow/example_dags/tutorial_dag.py
[2023-06-14T16:06:11.589+0000] {processor.py:836} INFO - DAG(s) dict_keys(['tutorial_dag']) retrieved from /home/airflow/.local/lib/python3.7/site-packages/airflow/example_dags/tutorial_dag.py
[2023-06-14T16:06:11.631+0000] {logging_mixin.py:149} INFO - [2023-06-14T16:06:11.631+0000] {dag.py:2726} INFO - Sync 1 DAGs
[2023-06-14T16:06:11.671+0000] {logging_mixin.py:149} INFO - [2023-06-14T16:06:11.670+0000] {dag.py:3490} INFO - Setting next_dagrun for tutorial_dag to None, run_after=None
[2023-06-14T16:06:11.698+0000] {processor.py:179} INFO - Processing /home/airflow/.local/lib/python3.7/site-packages/airflow/example_dags/tutorial_dag.py took 0.121 seconds
[2023-06-14T16:06:42.187+0000] {processor.py:157} INFO - Started process (PID=139) to work on /home/airflow/.local/lib/python3.7/site-packages/airflow/example_dags/tutorial_dag.py
[2023-06-14T16:06:42.188+0000] {processor.py:826} INFO - Processing file /home/airflow/.local/lib/python3.7/site-packages/airflow/example_dags/tutorial_dag.py for tasks to queue
[2023-06-14T16:06:42.188+0000] {logging_mixin.py:149} INFO - [2023-06-14T16:06:42.188+0000] {dagbag.py:541} INFO - Filling up the DagBag from /home/airflow/.local/lib/python3.7/site-packages/airflow/example_dags/tutorial_dag.py
[2023-06-14T16:06:42.193+0000] {processor.py:836} INFO - DAG(s) dict_keys(['tutorial_dag']) retrieved from /home/airflow/.local/lib/python3.7/site-packages/airflow/example_dags/tutorial_dag.py
[2023-06-14T16:06:42.218+0000] {logging_mixin.py:149} INFO - [2023-06-14T16:06:42.218+0000] {dag.py:2726} INFO - Sync 1 DAGs
[2023-06-14T16:06:42.243+0000] {logging_mixin.py:149} INFO - [2023-06-14T16:06:42.243+0000] {dag.py:3490} INFO - Setting next_dagrun for tutorial_dag to None, run_after=None
[2023-06-14T16:06:42.279+0000] {processor.py:179} INFO - Processing /home/airflow/.local/lib/python3.7/site-packages/airflow/example_dags/tutorial_dag.py took 0.095 seconds
[2023-06-14T16:07:13.088+0000] {processor.py:157} INFO - Started process (PID=216) to work on /home/airflow/.local/lib/python3.7/site-packages/airflow/example_dags/tutorial_dag.py
[2023-06-14T16:07:13.089+0000] {processor.py:826} INFO - Processing file /home/airflow/.local/lib/python3.7/site-packages/airflow/example_dags/tutorial_dag.py for tasks to queue
[2023-06-14T16:07:13.090+0000] {logging_mixin.py:149} INFO - [2023-06-14T16:07:13.089+0000] {dagbag.py:541} INFO - Filling up the DagBag from /home/airflow/.local/lib/python3.7/site-packages/airflow/example_dags/tutorial_dag.py
[2023-06-14T16:07:13.094+0000] {processor.py:836} INFO - DAG(s) dict_keys(['tutorial_dag']) retrieved from /home/airflow/.local/lib/python3.7/site-packages/airflow/example_dags/tutorial_dag.py
[2023-06-14T16:07:13.121+0000] {logging_mixin.py:149} INFO - [2023-06-14T16:07:13.121+0000] {dag.py:2726} INFO - Sync 1 DAGs
[2023-06-14T16:07:13.246+0000] {logging_mixin.py:149} INFO - [2023-06-14T16:07:13.246+0000] {dag.py:3490} INFO - Setting next_dagrun for tutorial_dag to None, run_after=None
[2023-06-14T16:07:13.272+0000] {processor.py:179} INFO - Processing /home/airflow/.local/lib/python3.7/site-packages/airflow/example_dags/tutorial_dag.py took 0.186 seconds
[2023-06-14T16:07:43.719+0000] {processor.py:157} INFO - Started process (PID=293) to work on /home/airflow/.local/lib/python3.7/site-packages/airflow/example_dags/tutorial_dag.py
[2023-06-14T16:07:43.720+0000] {processor.py:826} INFO - Processing file /home/airflow/.local/lib/python3.7/site-packages/airflow/example_dags/tutorial_dag.py for tasks to queue
[2023-06-14T16:07:43.720+0000] {logging_mixin.py:149} INFO - [2023-06-14T16:07:43.720+0000] {dagbag.py:541} INFO - Filling up the DagBag from /home/airflow/.local/lib/python3.7/site-packages/airflow/example_dags/tutorial_dag.py
[2023-06-14T16:07:43.724+0000] {processor.py:836} INFO - DAG(s) dict_keys(['tutorial_dag']) retrieved from /home/airflow/.local/lib/python3.7/site-packages/airflow/example_dags/tutorial_dag.py
[2023-06-14T16:07:43.745+0000] {logging_mixin.py:149} INFO - [2023-06-14T16:07:43.745+0000] {dag.py:2726} INFO - Sync 1 DAGs
[2023-06-14T16:07:43.774+0000] {logging_mixin.py:149} INFO - [2023-06-14T16:07:43.774+0000] {dag.py:3490} INFO - Setting next_dagrun for tutorial_dag to None, run_after=None
[2023-06-14T16:07:43.792+0000] {processor.py:179} INFO - Processing /home/airflow/.local/lib/python3.7/site-packages/airflow/example_dags/tutorial_dag.py took 0.076 seconds
[2023-06-14T16:08:14.545+0000] {processor.py:157} INFO - Started process (PID=357) to work on /home/airflow/.local/lib/python3.7/site-packages/airflow/example_dags/tutorial_dag.py
[2023-06-14T16:08:14.546+0000] {processor.py:826} INFO - Processing file /home/airflow/.local/lib/python3.7/site-packages/airflow/example_dags/tutorial_dag.py for tasks to queue
[2023-06-14T16:08:14.546+0000] {logging_mixin.py:149} INFO - [2023-06-14T16:08:14.546+0000] {dagbag.py:541} INFO - Filling up the DagBag from /home/airflow/.local/lib/python3.7/site-packages/airflow/example_dags/tutorial_dag.py
[2023-06-14T16:08:14.551+0000] {processor.py:836} INFO - DAG(s) dict_keys(['tutorial_dag']) retrieved from /home/airflow/.local/lib/python3.7/site-packages/airflow/example_dags/tutorial_dag.py
[2023-06-14T16:08:14.573+0000] {logging_mixin.py:149} INFO - [2023-06-14T16:08:14.573+0000] {dag.py:2726} INFO - Sync 1 DAGs
[2023-06-14T16:08:14.598+0000] {logging_mixin.py:149} INFO - [2023-06-14T16:08:14.598+0000] {dag.py:3490} INFO - Setting next_dagrun for tutorial_dag to None, run_after=None
[2023-06-14T16:08:14.620+0000] {processor.py:179} INFO - Processing /home/airflow/.local/lib/python3.7/site-packages/airflow/example_dags/tutorial_dag.py took 0.078 seconds
[2023-06-14T16:08:44.923+0000] {processor.py:157} INFO - Started process (PID=421) to work on /home/airflow/.local/lib/python3.7/site-packages/airflow/example_dags/tutorial_dag.py
[2023-06-14T16:08:44.924+0000] {processor.py:826} INFO - Processing file /home/airflow/.local/lib/python3.7/site-packages/airflow/example_dags/tutorial_dag.py for tasks to queue
[2023-06-14T16:08:44.925+0000] {logging_mixin.py:149} INFO - [2023-06-14T16:08:44.925+0000] {dagbag.py:541} INFO - Filling up the DagBag from /home/airflow/.local/lib/python3.7/site-packages/airflow/example_dags/tutorial_dag.py
[2023-06-14T16:08:44.929+0000] {processor.py:836} INFO - DAG(s) dict_keys(['tutorial_dag']) retrieved from /home/airflow/.local/lib/python3.7/site-packages/airflow/example_dags/tutorial_dag.py
[2023-06-14T16:08:44.953+0000] {logging_mixin.py:149} INFO - [2023-06-14T16:08:44.953+0000] {dag.py:2726} INFO - Sync 1 DAGs
[2023-06-14T16:08:44.986+0000] {logging_mixin.py:149} INFO - [2023-06-14T16:08:44.985+0000] {dag.py:3490} INFO - Setting next_dagrun for tutorial_dag to None, run_after=None
[2023-06-14T16:08:45.008+0000] {processor.py:179} INFO - Processing /home/airflow/.local/lib/python3.7/site-packages/airflow/example_dags/tutorial_dag.py took 0.089 seconds
[2023-06-14T16:09:15.269+0000] {processor.py:157} INFO - Started process (PID=486) to work on /home/airflow/.local/lib/python3.7/site-packages/airflow/example_dags/tutorial_dag.py
[2023-06-14T16:09:15.270+0000] {processor.py:826} INFO - Processing file /home/airflow/.local/lib/python3.7/site-packages/airflow/example_dags/tutorial_dag.py for tasks to queue
[2023-06-14T16:09:15.271+0000] {logging_mixin.py:149} INFO - [2023-06-14T16:09:15.271+0000] {dagbag.py:541} INFO - Filling up the DagBag from /home/airflow/.local/lib/python3.7/site-packages/airflow/example_dags/tutorial_dag.py
[2023-06-14T16:09:15.276+0000] {processor.py:836} INFO - DAG(s) dict_keys(['tutorial_dag']) retrieved from /home/airflow/.local/lib/python3.7/site-packages/airflow/example_dags/tutorial_dag.py
[2023-06-14T16:09:15.300+0000] {logging_mixin.py:149} INFO - [2023-06-14T16:09:15.300+0000] {dag.py:2726} INFO - Sync 1 DAGs
[2023-06-14T16:09:15.331+0000] {logging_mixin.py:149} INFO - [2023-06-14T16:09:15.331+0000] {dag.py:3490} INFO - Setting next_dagrun for tutorial_dag to None, run_after=None
[2023-06-14T16:09:15.355+0000] {processor.py:179} INFO - Processing /home/airflow/.local/lib/python3.7/site-packages/airflow/example_dags/tutorial_dag.py took 0.089 seconds
