[2023-06-14T16:32:06.616+0000] {processor.py:157} INFO - Started process (PID=3904) to work on /home/airflow/.local/lib/python3.7/site-packages/airflow/example_dags/tutorial.py
[2023-06-14T16:32:06.617+0000] {processor.py:826} INFO - Processing file /home/airflow/.local/lib/python3.7/site-packages/airflow/example_dags/tutorial.py for tasks to queue
[2023-06-14T16:32:06.618+0000] {logging_mixin.py:149} INFO - [2023-06-14T16:32:06.617+0000] {dagbag.py:541} INFO - Filling up the DagBag from /home/airflow/.local/lib/python3.7/site-packages/airflow/example_dags/tutorial.py
[2023-06-14T16:32:06.624+0000] {processor.py:836} INFO - DAG(s) dict_keys(['tutorial']) retrieved from /home/airflow/.local/lib/python3.7/site-packages/airflow/example_dags/tutorial.py
[2023-06-14T16:32:06.646+0000] {logging_mixin.py:149} INFO - [2023-06-14T16:32:06.646+0000] {dag.py:2726} INFO - Sync 1 DAGs
[2023-06-14T16:32:06.672+0000] {logging_mixin.py:149} INFO - [2023-06-14T16:32:06.671+0000] {dag.py:3490} INFO - Setting next_dagrun for tutorial to 2023-06-13T16:32:06.671758+00:00, run_after=2023-06-14T16:32:06.671758+00:00
[2023-06-14T16:32:06.689+0000] {processor.py:179} INFO - Processing /home/airflow/.local/lib/python3.7/site-packages/airflow/example_dags/tutorial.py took 0.075 seconds
[2023-06-14T16:32:36.843+0000] {processor.py:157} INFO - Started process (PID=3982) to work on /home/airflow/.local/lib/python3.7/site-packages/airflow/example_dags/tutorial.py
[2023-06-14T16:32:36.844+0000] {processor.py:826} INFO - Processing file /home/airflow/.local/lib/python3.7/site-packages/airflow/example_dags/tutorial.py for tasks to queue
[2023-06-14T16:32:36.845+0000] {logging_mixin.py:149} INFO - [2023-06-14T16:32:36.845+0000] {dagbag.py:541} INFO - Filling up the DagBag from /home/airflow/.local/lib/python3.7/site-packages/airflow/example_dags/tutorial.py
[2023-06-14T16:32:36.850+0000] {processor.py:836} INFO - DAG(s) dict_keys(['tutorial']) retrieved from /home/airflow/.local/lib/python3.7/site-packages/airflow/example_dags/tutorial.py
[2023-06-14T16:32:36.871+0000] {logging_mixin.py:149} INFO - [2023-06-14T16:32:36.871+0000] {dag.py:2726} INFO - Sync 1 DAGs
[2023-06-14T16:32:36.898+0000] {logging_mixin.py:149} INFO - [2023-06-14T16:32:36.897+0000] {dag.py:3490} INFO - Setting next_dagrun for tutorial to 2023-06-13T16:32:36.897619+00:00, run_after=2023-06-14T16:32:36.897619+00:00
[2023-06-14T16:32:36.919+0000] {processor.py:179} INFO - Processing /home/airflow/.local/lib/python3.7/site-packages/airflow/example_dags/tutorial.py took 0.078 seconds
[2023-06-14T16:33:07.222+0000] {processor.py:157} INFO - Started process (PID=4059) to work on /home/airflow/.local/lib/python3.7/site-packages/airflow/example_dags/tutorial.py
[2023-06-14T16:33:07.223+0000] {processor.py:826} INFO - Processing file /home/airflow/.local/lib/python3.7/site-packages/airflow/example_dags/tutorial.py for tasks to queue
[2023-06-14T16:33:07.224+0000] {logging_mixin.py:149} INFO - [2023-06-14T16:33:07.224+0000] {dagbag.py:541} INFO - Filling up the DagBag from /home/airflow/.local/lib/python3.7/site-packages/airflow/example_dags/tutorial.py
[2023-06-14T16:33:07.229+0000] {processor.py:836} INFO - DAG(s) dict_keys(['tutorial']) retrieved from /home/airflow/.local/lib/python3.7/site-packages/airflow/example_dags/tutorial.py
[2023-06-14T16:33:07.248+0000] {logging_mixin.py:149} INFO - [2023-06-14T16:33:07.247+0000] {dag.py:2726} INFO - Sync 1 DAGs
[2023-06-14T16:33:07.274+0000] {logging_mixin.py:149} INFO - [2023-06-14T16:33:07.274+0000] {dag.py:3490} INFO - Setting next_dagrun for tutorial to 2023-06-13T16:33:07.274538+00:00, run_after=2023-06-14T16:33:07.274538+00:00
[2023-06-14T16:33:07.291+0000] {processor.py:179} INFO - Processing /home/airflow/.local/lib/python3.7/site-packages/airflow/example_dags/tutorial.py took 0.071 seconds
[2023-06-14T16:33:37.429+0000] {processor.py:157} INFO - Started process (PID=4136) to work on /home/airflow/.local/lib/python3.7/site-packages/airflow/example_dags/tutorial.py
[2023-06-14T16:33:37.430+0000] {processor.py:826} INFO - Processing file /home/airflow/.local/lib/python3.7/site-packages/airflow/example_dags/tutorial.py for tasks to queue
[2023-06-14T16:33:37.431+0000] {logging_mixin.py:149} INFO - [2023-06-14T16:33:37.431+0000] {dagbag.py:541} INFO - Filling up the DagBag from /home/airflow/.local/lib/python3.7/site-packages/airflow/example_dags/tutorial.py
[2023-06-14T16:33:37.439+0000] {processor.py:836} INFO - DAG(s) dict_keys(['tutorial']) retrieved from /home/airflow/.local/lib/python3.7/site-packages/airflow/example_dags/tutorial.py
[2023-06-14T16:33:37.461+0000] {logging_mixin.py:149} INFO - [2023-06-14T16:33:37.461+0000] {dag.py:2726} INFO - Sync 1 DAGs
[2023-06-14T16:33:37.483+0000] {logging_mixin.py:149} INFO - [2023-06-14T16:33:37.483+0000] {dag.py:3490} INFO - Setting next_dagrun for tutorial to 2023-06-13T16:33:37.483504+00:00, run_after=2023-06-14T16:33:37.483504+00:00
[2023-06-14T16:33:37.500+0000] {processor.py:179} INFO - Processing /home/airflow/.local/lib/python3.7/site-packages/airflow/example_dags/tutorial.py took 0.072 seconds
[2023-06-14T16:34:07.836+0000] {processor.py:157} INFO - Started process (PID=4214) to work on /home/airflow/.local/lib/python3.7/site-packages/airflow/example_dags/tutorial.py
[2023-06-14T16:34:07.837+0000] {processor.py:826} INFO - Processing file /home/airflow/.local/lib/python3.7/site-packages/airflow/example_dags/tutorial.py for tasks to queue
[2023-06-14T16:34:07.838+0000] {logging_mixin.py:149} INFO - [2023-06-14T16:34:07.837+0000] {dagbag.py:541} INFO - Filling up the DagBag from /home/airflow/.local/lib/python3.7/site-packages/airflow/example_dags/tutorial.py
[2023-06-14T16:34:07.843+0000] {processor.py:836} INFO - DAG(s) dict_keys(['tutorial']) retrieved from /home/airflow/.local/lib/python3.7/site-packages/airflow/example_dags/tutorial.py
[2023-06-14T16:34:07.864+0000] {logging_mixin.py:149} INFO - [2023-06-14T16:34:07.864+0000] {dag.py:2726} INFO - Sync 1 DAGs
[2023-06-14T16:34:07.888+0000] {logging_mixin.py:149} INFO - [2023-06-14T16:34:07.888+0000] {dag.py:3490} INFO - Setting next_dagrun for tutorial to 2023-06-13T16:34:07.888208+00:00, run_after=2023-06-14T16:34:07.888208+00:00
[2023-06-14T16:34:07.904+0000] {processor.py:179} INFO - Processing /home/airflow/.local/lib/python3.7/site-packages/airflow/example_dags/tutorial.py took 0.071 seconds
[2023-06-14T16:34:38.178+0000] {processor.py:157} INFO - Started process (PID=4292) to work on /home/airflow/.local/lib/python3.7/site-packages/airflow/example_dags/tutorial.py
[2023-06-14T16:34:38.179+0000] {processor.py:826} INFO - Processing file /home/airflow/.local/lib/python3.7/site-packages/airflow/example_dags/tutorial.py for tasks to queue
[2023-06-14T16:34:38.180+0000] {logging_mixin.py:149} INFO - [2023-06-14T16:34:38.179+0000] {dagbag.py:541} INFO - Filling up the DagBag from /home/airflow/.local/lib/python3.7/site-packages/airflow/example_dags/tutorial.py
[2023-06-14T16:34:38.186+0000] {processor.py:836} INFO - DAG(s) dict_keys(['tutorial']) retrieved from /home/airflow/.local/lib/python3.7/site-packages/airflow/example_dags/tutorial.py
[2023-06-14T16:34:38.208+0000] {logging_mixin.py:149} INFO - [2023-06-14T16:34:38.208+0000] {dag.py:2726} INFO - Sync 1 DAGs
[2023-06-14T16:34:38.235+0000] {logging_mixin.py:149} INFO - [2023-06-14T16:34:38.235+0000] {dag.py:3490} INFO - Setting next_dagrun for tutorial to 2023-06-13T16:34:38.235069+00:00, run_after=2023-06-14T16:34:38.235069+00:00
[2023-06-14T16:34:38.256+0000] {processor.py:179} INFO - Processing /home/airflow/.local/lib/python3.7/site-packages/airflow/example_dags/tutorial.py took 0.081 seconds
[2023-06-14T16:35:09.030+0000] {processor.py:157} INFO - Started process (PID=4369) to work on /home/airflow/.local/lib/python3.7/site-packages/airflow/example_dags/tutorial.py
[2023-06-14T16:35:09.031+0000] {processor.py:826} INFO - Processing file /home/airflow/.local/lib/python3.7/site-packages/airflow/example_dags/tutorial.py for tasks to queue
[2023-06-14T16:35:09.032+0000] {logging_mixin.py:149} INFO - [2023-06-14T16:35:09.032+0000] {dagbag.py:541} INFO - Filling up the DagBag from /home/airflow/.local/lib/python3.7/site-packages/airflow/example_dags/tutorial.py
[2023-06-14T16:35:09.037+0000] {processor.py:836} INFO - DAG(s) dict_keys(['tutorial']) retrieved from /home/airflow/.local/lib/python3.7/site-packages/airflow/example_dags/tutorial.py
[2023-06-14T16:35:09.057+0000] {logging_mixin.py:149} INFO - [2023-06-14T16:35:09.057+0000] {dag.py:2726} INFO - Sync 1 DAGs
[2023-06-14T16:35:09.084+0000] {logging_mixin.py:149} INFO - [2023-06-14T16:35:09.084+0000] {dag.py:3490} INFO - Setting next_dagrun for tutorial to 2023-06-13T16:35:09.084221+00:00, run_after=2023-06-14T16:35:09.084221+00:00
[2023-06-14T16:35:09.102+0000] {processor.py:179} INFO - Processing /home/airflow/.local/lib/python3.7/site-packages/airflow/example_dags/tutorial.py took 0.074 seconds
[2023-06-14T16:35:39.562+0000] {processor.py:157} INFO - Started process (PID=4446) to work on /home/airflow/.local/lib/python3.7/site-packages/airflow/example_dags/tutorial.py
[2023-06-14T16:35:39.563+0000] {processor.py:826} INFO - Processing file /home/airflow/.local/lib/python3.7/site-packages/airflow/example_dags/tutorial.py for tasks to queue
[2023-06-14T16:35:39.563+0000] {logging_mixin.py:149} INFO - [2023-06-14T16:35:39.563+0000] {dagbag.py:541} INFO - Filling up the DagBag from /home/airflow/.local/lib/python3.7/site-packages/airflow/example_dags/tutorial.py
[2023-06-14T16:35:39.568+0000] {processor.py:836} INFO - DAG(s) dict_keys(['tutorial']) retrieved from /home/airflow/.local/lib/python3.7/site-packages/airflow/example_dags/tutorial.py
[2023-06-14T16:35:39.594+0000] {logging_mixin.py:149} INFO - [2023-06-14T16:35:39.594+0000] {dag.py:2726} INFO - Sync 1 DAGs
[2023-06-14T16:35:39.629+0000] {logging_mixin.py:149} INFO - [2023-06-14T16:35:39.628+0000] {dag.py:3490} INFO - Setting next_dagrun for tutorial to 2023-06-13T16:35:39.628340+00:00, run_after=2023-06-14T16:35:39.628340+00:00
[2023-06-14T16:35:39.654+0000] {processor.py:179} INFO - Processing /home/airflow/.local/lib/python3.7/site-packages/airflow/example_dags/tutorial.py took 0.094 seconds
[2023-06-14T16:36:09.998+0000] {processor.py:157} INFO - Started process (PID=4523) to work on /home/airflow/.local/lib/python3.7/site-packages/airflow/example_dags/tutorial.py
[2023-06-14T16:36:09.999+0000] {processor.py:826} INFO - Processing file /home/airflow/.local/lib/python3.7/site-packages/airflow/example_dags/tutorial.py for tasks to queue
[2023-06-14T16:36:09.999+0000] {logging_mixin.py:149} INFO - [2023-06-14T16:36:09.999+0000] {dagbag.py:541} INFO - Filling up the DagBag from /home/airflow/.local/lib/python3.7/site-packages/airflow/example_dags/tutorial.py
[2023-06-14T16:36:10.005+0000] {processor.py:836} INFO - DAG(s) dict_keys(['tutorial']) retrieved from /home/airflow/.local/lib/python3.7/site-packages/airflow/example_dags/tutorial.py
[2023-06-14T16:36:10.028+0000] {logging_mixin.py:149} INFO - [2023-06-14T16:36:10.028+0000] {dag.py:2726} INFO - Sync 1 DAGs
[2023-06-14T16:36:10.056+0000] {logging_mixin.py:149} INFO - [2023-06-14T16:36:10.056+0000] {dag.py:3490} INFO - Setting next_dagrun for tutorial to 2023-06-13T16:36:10.055913+00:00, run_after=2023-06-14T16:36:10.055913+00:00
[2023-06-14T16:36:10.075+0000] {processor.py:179} INFO - Processing /home/airflow/.local/lib/python3.7/site-packages/airflow/example_dags/tutorial.py took 0.081 seconds
[2023-06-14T16:36:40.897+0000] {processor.py:157} INFO - Started process (PID=4599) to work on /home/airflow/.local/lib/python3.7/site-packages/airflow/example_dags/tutorial.py
[2023-06-14T16:36:40.898+0000] {processor.py:826} INFO - Processing file /home/airflow/.local/lib/python3.7/site-packages/airflow/example_dags/tutorial.py for tasks to queue
[2023-06-14T16:36:40.899+0000] {logging_mixin.py:149} INFO - [2023-06-14T16:36:40.898+0000] {dagbag.py:541} INFO - Filling up the DagBag from /home/airflow/.local/lib/python3.7/site-packages/airflow/example_dags/tutorial.py
[2023-06-14T16:36:40.903+0000] {processor.py:836} INFO - DAG(s) dict_keys(['tutorial']) retrieved from /home/airflow/.local/lib/python3.7/site-packages/airflow/example_dags/tutorial.py
[2023-06-14T16:36:40.925+0000] {logging_mixin.py:149} INFO - [2023-06-14T16:36:40.925+0000] {dag.py:2726} INFO - Sync 1 DAGs
[2023-06-14T16:36:40.949+0000] {logging_mixin.py:149} INFO - [2023-06-14T16:36:40.949+0000] {dag.py:3490} INFO - Setting next_dagrun for tutorial to 2023-06-13T16:36:40.949223+00:00, run_after=2023-06-14T16:36:40.949223+00:00
[2023-06-14T16:36:40.968+0000] {processor.py:179} INFO - Processing /home/airflow/.local/lib/python3.7/site-packages/airflow/example_dags/tutorial.py took 0.074 seconds
[2023-06-14T16:37:11.040+0000] {processor.py:157} INFO - Started process (PID=4675) to work on /home/airflow/.local/lib/python3.7/site-packages/airflow/example_dags/tutorial.py
[2023-06-14T16:37:11.040+0000] {processor.py:826} INFO - Processing file /home/airflow/.local/lib/python3.7/site-packages/airflow/example_dags/tutorial.py for tasks to queue
[2023-06-14T16:37:11.041+0000] {logging_mixin.py:149} INFO - [2023-06-14T16:37:11.041+0000] {dagbag.py:541} INFO - Filling up the DagBag from /home/airflow/.local/lib/python3.7/site-packages/airflow/example_dags/tutorial.py
[2023-06-14T16:37:11.046+0000] {processor.py:836} INFO - DAG(s) dict_keys(['tutorial']) retrieved from /home/airflow/.local/lib/python3.7/site-packages/airflow/example_dags/tutorial.py
[2023-06-14T16:37:11.068+0000] {logging_mixin.py:149} INFO - [2023-06-14T16:37:11.068+0000] {dag.py:2726} INFO - Sync 1 DAGs
[2023-06-14T16:37:11.098+0000] {logging_mixin.py:149} INFO - [2023-06-14T16:37:11.098+0000] {dag.py:3490} INFO - Setting next_dagrun for tutorial to 2023-06-13T16:37:11.098050+00:00, run_after=2023-06-14T16:37:11.098050+00:00
[2023-06-14T16:37:11.117+0000] {processor.py:179} INFO - Processing /home/airflow/.local/lib/python3.7/site-packages/airflow/example_dags/tutorial.py took 0.080 seconds
[2023-06-14T16:37:41.512+0000] {processor.py:157} INFO - Started process (PID=4752) to work on /home/airflow/.local/lib/python3.7/site-packages/airflow/example_dags/tutorial.py
[2023-06-14T16:37:41.513+0000] {processor.py:826} INFO - Processing file /home/airflow/.local/lib/python3.7/site-packages/airflow/example_dags/tutorial.py for tasks to queue
[2023-06-14T16:37:41.514+0000] {logging_mixin.py:149} INFO - [2023-06-14T16:37:41.514+0000] {dagbag.py:541} INFO - Filling up the DagBag from /home/airflow/.local/lib/python3.7/site-packages/airflow/example_dags/tutorial.py
[2023-06-14T16:37:41.520+0000] {processor.py:836} INFO - DAG(s) dict_keys(['tutorial']) retrieved from /home/airflow/.local/lib/python3.7/site-packages/airflow/example_dags/tutorial.py
[2023-06-14T16:37:41.549+0000] {logging_mixin.py:149} INFO - [2023-06-14T16:37:41.549+0000] {dag.py:2726} INFO - Sync 1 DAGs
[2023-06-14T16:37:41.580+0000] {logging_mixin.py:149} INFO - [2023-06-14T16:37:41.580+0000] {dag.py:3490} INFO - Setting next_dagrun for tutorial to 2023-06-13T16:37:41.580193+00:00, run_after=2023-06-14T16:37:41.580193+00:00
[2023-06-14T16:37:41.602+0000] {processor.py:179} INFO - Processing /home/airflow/.local/lib/python3.7/site-packages/airflow/example_dags/tutorial.py took 0.092 seconds
[2023-06-14T16:38:12.125+0000] {processor.py:157} INFO - Started process (PID=4829) to work on /home/airflow/.local/lib/python3.7/site-packages/airflow/example_dags/tutorial.py
[2023-06-14T16:38:12.126+0000] {processor.py:826} INFO - Processing file /home/airflow/.local/lib/python3.7/site-packages/airflow/example_dags/tutorial.py for tasks to queue
[2023-06-14T16:38:12.126+0000] {logging_mixin.py:149} INFO - [2023-06-14T16:38:12.126+0000] {dagbag.py:541} INFO - Filling up the DagBag from /home/airflow/.local/lib/python3.7/site-packages/airflow/example_dags/tutorial.py
[2023-06-14T16:38:12.132+0000] {processor.py:836} INFO - DAG(s) dict_keys(['tutorial']) retrieved from /home/airflow/.local/lib/python3.7/site-packages/airflow/example_dags/tutorial.py
[2023-06-14T16:38:12.156+0000] {logging_mixin.py:149} INFO - [2023-06-14T16:38:12.155+0000] {dag.py:2726} INFO - Sync 1 DAGs
[2023-06-14T16:38:12.181+0000] {logging_mixin.py:149} INFO - [2023-06-14T16:38:12.181+0000] {dag.py:3490} INFO - Setting next_dagrun for tutorial to 2023-06-13T16:38:12.181061+00:00, run_after=2023-06-14T16:38:12.181061+00:00
[2023-06-14T16:38:12.201+0000] {processor.py:179} INFO - Processing /home/airflow/.local/lib/python3.7/site-packages/airflow/example_dags/tutorial.py took 0.079 seconds
[2023-06-14T16:38:42.373+0000] {processor.py:157} INFO - Started process (PID=4906) to work on /home/airflow/.local/lib/python3.7/site-packages/airflow/example_dags/tutorial.py
[2023-06-14T16:38:42.374+0000] {processor.py:826} INFO - Processing file /home/airflow/.local/lib/python3.7/site-packages/airflow/example_dags/tutorial.py for tasks to queue
[2023-06-14T16:38:42.374+0000] {logging_mixin.py:149} INFO - [2023-06-14T16:38:42.374+0000] {dagbag.py:541} INFO - Filling up the DagBag from /home/airflow/.local/lib/python3.7/site-packages/airflow/example_dags/tutorial.py
[2023-06-14T16:38:42.380+0000] {processor.py:836} INFO - DAG(s) dict_keys(['tutorial']) retrieved from /home/airflow/.local/lib/python3.7/site-packages/airflow/example_dags/tutorial.py
[2023-06-14T16:38:42.403+0000] {logging_mixin.py:149} INFO - [2023-06-14T16:38:42.403+0000] {dag.py:2726} INFO - Sync 1 DAGs
[2023-06-14T16:38:42.429+0000] {logging_mixin.py:149} INFO - [2023-06-14T16:38:42.429+0000] {dag.py:3490} INFO - Setting next_dagrun for tutorial to 2023-06-13T16:38:42.429099+00:00, run_after=2023-06-14T16:38:42.429099+00:00
[2023-06-14T16:38:42.448+0000] {processor.py:179} INFO - Processing /home/airflow/.local/lib/python3.7/site-packages/airflow/example_dags/tutorial.py took 0.078 seconds
[2023-06-14T16:39:12.709+0000] {processor.py:157} INFO - Started process (PID=4983) to work on /home/airflow/.local/lib/python3.7/site-packages/airflow/example_dags/tutorial.py
[2023-06-14T16:39:12.710+0000] {processor.py:826} INFO - Processing file /home/airflow/.local/lib/python3.7/site-packages/airflow/example_dags/tutorial.py for tasks to queue
[2023-06-14T16:39:12.711+0000] {logging_mixin.py:149} INFO - [2023-06-14T16:39:12.711+0000] {dagbag.py:541} INFO - Filling up the DagBag from /home/airflow/.local/lib/python3.7/site-packages/airflow/example_dags/tutorial.py
[2023-06-14T16:39:12.716+0000] {processor.py:836} INFO - DAG(s) dict_keys(['tutorial']) retrieved from /home/airflow/.local/lib/python3.7/site-packages/airflow/example_dags/tutorial.py
[2023-06-14T16:39:12.740+0000] {logging_mixin.py:149} INFO - [2023-06-14T16:39:12.740+0000] {dag.py:2726} INFO - Sync 1 DAGs
[2023-06-14T16:39:12.764+0000] {logging_mixin.py:149} INFO - [2023-06-14T16:39:12.764+0000] {dag.py:3490} INFO - Setting next_dagrun for tutorial to 2023-06-13T16:39:12.764482+00:00, run_after=2023-06-14T16:39:12.764482+00:00
[2023-06-14T16:39:12.784+0000] {processor.py:179} INFO - Processing /home/airflow/.local/lib/python3.7/site-packages/airflow/example_dags/tutorial.py took 0.077 seconds
[2023-06-14T16:39:43.342+0000] {processor.py:157} INFO - Started process (PID=5060) to work on /home/airflow/.local/lib/python3.7/site-packages/airflow/example_dags/tutorial.py
[2023-06-14T16:39:43.343+0000] {processor.py:826} INFO - Processing file /home/airflow/.local/lib/python3.7/site-packages/airflow/example_dags/tutorial.py for tasks to queue
[2023-06-14T16:39:43.344+0000] {logging_mixin.py:149} INFO - [2023-06-14T16:39:43.344+0000] {dagbag.py:541} INFO - Filling up the DagBag from /home/airflow/.local/lib/python3.7/site-packages/airflow/example_dags/tutorial.py
[2023-06-14T16:39:43.348+0000] {processor.py:836} INFO - DAG(s) dict_keys(['tutorial']) retrieved from /home/airflow/.local/lib/python3.7/site-packages/airflow/example_dags/tutorial.py
[2023-06-14T16:39:43.372+0000] {logging_mixin.py:149} INFO - [2023-06-14T16:39:43.372+0000] {dag.py:2726} INFO - Sync 1 DAGs
[2023-06-14T16:39:43.398+0000] {logging_mixin.py:149} INFO - [2023-06-14T16:39:43.398+0000] {dag.py:3490} INFO - Setting next_dagrun for tutorial to 2023-06-13T16:39:43.398537+00:00, run_after=2023-06-14T16:39:43.398537+00:00
[2023-06-14T16:39:43.418+0000] {processor.py:179} INFO - Processing /home/airflow/.local/lib/python3.7/site-packages/airflow/example_dags/tutorial.py took 0.078 seconds
[2023-06-14T16:40:13.652+0000] {processor.py:157} INFO - Started process (PID=5137) to work on /home/airflow/.local/lib/python3.7/site-packages/airflow/example_dags/tutorial.py
[2023-06-14T16:40:13.653+0000] {processor.py:826} INFO - Processing file /home/airflow/.local/lib/python3.7/site-packages/airflow/example_dags/tutorial.py for tasks to queue
[2023-06-14T16:40:13.654+0000] {logging_mixin.py:149} INFO - [2023-06-14T16:40:13.654+0000] {dagbag.py:541} INFO - Filling up the DagBag from /home/airflow/.local/lib/python3.7/site-packages/airflow/example_dags/tutorial.py
[2023-06-14T16:40:13.659+0000] {processor.py:836} INFO - DAG(s) dict_keys(['tutorial']) retrieved from /home/airflow/.local/lib/python3.7/site-packages/airflow/example_dags/tutorial.py
[2023-06-14T16:40:13.679+0000] {logging_mixin.py:149} INFO - [2023-06-14T16:40:13.679+0000] {dag.py:2726} INFO - Sync 1 DAGs
[2023-06-14T16:40:13.702+0000] {logging_mixin.py:149} INFO - [2023-06-14T16:40:13.702+0000] {dag.py:3490} INFO - Setting next_dagrun for tutorial to 2023-06-13T16:40:13.702208+00:00, run_after=2023-06-14T16:40:13.702208+00:00
[2023-06-14T16:40:13.720+0000] {processor.py:179} INFO - Processing /home/airflow/.local/lib/python3.7/site-packages/airflow/example_dags/tutorial.py took 0.070 seconds
[2023-06-14T16:40:43.969+0000] {processor.py:157} INFO - Started process (PID=5214) to work on /home/airflow/.local/lib/python3.7/site-packages/airflow/example_dags/tutorial.py
[2023-06-14T16:40:43.970+0000] {processor.py:826} INFO - Processing file /home/airflow/.local/lib/python3.7/site-packages/airflow/example_dags/tutorial.py for tasks to queue
[2023-06-14T16:40:43.971+0000] {logging_mixin.py:149} INFO - [2023-06-14T16:40:43.971+0000] {dagbag.py:541} INFO - Filling up the DagBag from /home/airflow/.local/lib/python3.7/site-packages/airflow/example_dags/tutorial.py
[2023-06-14T16:40:43.977+0000] {processor.py:836} INFO - DAG(s) dict_keys(['tutorial']) retrieved from /home/airflow/.local/lib/python3.7/site-packages/airflow/example_dags/tutorial.py
[2023-06-14T16:40:43.998+0000] {logging_mixin.py:149} INFO - [2023-06-14T16:40:43.997+0000] {dag.py:2726} INFO - Sync 1 DAGs
[2023-06-14T16:40:44.025+0000] {logging_mixin.py:149} INFO - [2023-06-14T16:40:44.024+0000] {dag.py:3490} INFO - Setting next_dagrun for tutorial to 2023-06-13T16:40:44.024677+00:00, run_after=2023-06-14T16:40:44.024677+00:00
[2023-06-14T16:40:44.043+0000] {processor.py:179} INFO - Processing /home/airflow/.local/lib/python3.7/site-packages/airflow/example_dags/tutorial.py took 0.076 seconds
[2023-06-14T16:41:14.166+0000] {processor.py:157} INFO - Started process (PID=5291) to work on /home/airflow/.local/lib/python3.7/site-packages/airflow/example_dags/tutorial.py
[2023-06-14T16:41:14.167+0000] {processor.py:826} INFO - Processing file /home/airflow/.local/lib/python3.7/site-packages/airflow/example_dags/tutorial.py for tasks to queue
[2023-06-14T16:41:14.168+0000] {logging_mixin.py:149} INFO - [2023-06-14T16:41:14.168+0000] {dagbag.py:541} INFO - Filling up the DagBag from /home/airflow/.local/lib/python3.7/site-packages/airflow/example_dags/tutorial.py
[2023-06-14T16:41:14.174+0000] {processor.py:836} INFO - DAG(s) dict_keys(['tutorial']) retrieved from /home/airflow/.local/lib/python3.7/site-packages/airflow/example_dags/tutorial.py
[2023-06-14T16:41:14.195+0000] {logging_mixin.py:149} INFO - [2023-06-14T16:41:14.195+0000] {dag.py:2726} INFO - Sync 1 DAGs
[2023-06-14T16:41:14.223+0000] {logging_mixin.py:149} INFO - [2023-06-14T16:41:14.223+0000] {dag.py:3490} INFO - Setting next_dagrun for tutorial to 2023-06-13T16:41:14.222900+00:00, run_after=2023-06-14T16:41:14.222900+00:00
[2023-06-14T16:41:14.250+0000] {processor.py:179} INFO - Processing /home/airflow/.local/lib/python3.7/site-packages/airflow/example_dags/tutorial.py took 0.085 seconds
[2023-06-14T16:41:44.522+0000] {processor.py:157} INFO - Started process (PID=5368) to work on /home/airflow/.local/lib/python3.7/site-packages/airflow/example_dags/tutorial.py
[2023-06-14T16:41:44.523+0000] {processor.py:826} INFO - Processing file /home/airflow/.local/lib/python3.7/site-packages/airflow/example_dags/tutorial.py for tasks to queue
[2023-06-14T16:41:44.524+0000] {logging_mixin.py:149} INFO - [2023-06-14T16:41:44.524+0000] {dagbag.py:541} INFO - Filling up the DagBag from /home/airflow/.local/lib/python3.7/site-packages/airflow/example_dags/tutorial.py
[2023-06-14T16:41:44.530+0000] {processor.py:836} INFO - DAG(s) dict_keys(['tutorial']) retrieved from /home/airflow/.local/lib/python3.7/site-packages/airflow/example_dags/tutorial.py
[2023-06-14T16:41:44.553+0000] {logging_mixin.py:149} INFO - [2023-06-14T16:41:44.552+0000] {dag.py:2726} INFO - Sync 1 DAGs
[2023-06-14T16:41:44.581+0000] {logging_mixin.py:149} INFO - [2023-06-14T16:41:44.580+0000] {dag.py:3490} INFO - Setting next_dagrun for tutorial to 2023-06-13T16:41:44.580651+00:00, run_after=2023-06-14T16:41:44.580651+00:00
[2023-06-14T16:41:44.600+0000] {processor.py:179} INFO - Processing /home/airflow/.local/lib/python3.7/site-packages/airflow/example_dags/tutorial.py took 0.081 seconds
[2023-06-14T16:42:14.871+0000] {processor.py:157} INFO - Started process (PID=5432) to work on /home/airflow/.local/lib/python3.7/site-packages/airflow/example_dags/tutorial.py
[2023-06-14T16:42:14.871+0000] {processor.py:826} INFO - Processing file /home/airflow/.local/lib/python3.7/site-packages/airflow/example_dags/tutorial.py for tasks to queue
[2023-06-14T16:42:14.872+0000] {logging_mixin.py:149} INFO - [2023-06-14T16:42:14.872+0000] {dagbag.py:541} INFO - Filling up the DagBag from /home/airflow/.local/lib/python3.7/site-packages/airflow/example_dags/tutorial.py
[2023-06-14T16:42:14.877+0000] {processor.py:836} INFO - DAG(s) dict_keys(['tutorial']) retrieved from /home/airflow/.local/lib/python3.7/site-packages/airflow/example_dags/tutorial.py
[2023-06-14T16:42:14.900+0000] {logging_mixin.py:149} INFO - [2023-06-14T16:42:14.900+0000] {dag.py:2726} INFO - Sync 1 DAGs
[2023-06-14T16:42:14.926+0000] {logging_mixin.py:149} INFO - [2023-06-14T16:42:14.926+0000] {dag.py:3490} INFO - Setting next_dagrun for tutorial to 2023-06-13T16:42:14.926098+00:00, run_after=2023-06-14T16:42:14.926098+00:00
[2023-06-14T16:42:14.946+0000] {processor.py:179} INFO - Processing /home/airflow/.local/lib/python3.7/site-packages/airflow/example_dags/tutorial.py took 0.078 seconds
[2023-06-14T16:42:45.412+0000] {processor.py:157} INFO - Started process (PID=5509) to work on /home/airflow/.local/lib/python3.7/site-packages/airflow/example_dags/tutorial.py
[2023-06-14T16:42:45.412+0000] {processor.py:826} INFO - Processing file /home/airflow/.local/lib/python3.7/site-packages/airflow/example_dags/tutorial.py for tasks to queue
[2023-06-14T16:42:45.413+0000] {logging_mixin.py:149} INFO - [2023-06-14T16:42:45.413+0000] {dagbag.py:541} INFO - Filling up the DagBag from /home/airflow/.local/lib/python3.7/site-packages/airflow/example_dags/tutorial.py
[2023-06-14T16:42:45.418+0000] {processor.py:836} INFO - DAG(s) dict_keys(['tutorial']) retrieved from /home/airflow/.local/lib/python3.7/site-packages/airflow/example_dags/tutorial.py
[2023-06-14T16:42:45.440+0000] {logging_mixin.py:149} INFO - [2023-06-14T16:42:45.440+0000] {dag.py:2726} INFO - Sync 1 DAGs
[2023-06-14T16:42:45.467+0000] {logging_mixin.py:149} INFO - [2023-06-14T16:42:45.467+0000] {dag.py:3490} INFO - Setting next_dagrun for tutorial to 2023-06-13T16:42:45.467161+00:00, run_after=2023-06-14T16:42:45.467161+00:00
[2023-06-14T16:42:45.485+0000] {processor.py:179} INFO - Processing /home/airflow/.local/lib/python3.7/site-packages/airflow/example_dags/tutorial.py took 0.076 seconds
[2023-06-14T16:43:15.694+0000] {processor.py:157} INFO - Started process (PID=5586) to work on /home/airflow/.local/lib/python3.7/site-packages/airflow/example_dags/tutorial.py
[2023-06-14T16:43:15.695+0000] {processor.py:826} INFO - Processing file /home/airflow/.local/lib/python3.7/site-packages/airflow/example_dags/tutorial.py for tasks to queue
[2023-06-14T16:43:15.696+0000] {logging_mixin.py:149} INFO - [2023-06-14T16:43:15.696+0000] {dagbag.py:541} INFO - Filling up the DagBag from /home/airflow/.local/lib/python3.7/site-packages/airflow/example_dags/tutorial.py
[2023-06-14T16:43:15.700+0000] {processor.py:836} INFO - DAG(s) dict_keys(['tutorial']) retrieved from /home/airflow/.local/lib/python3.7/site-packages/airflow/example_dags/tutorial.py
[2023-06-14T16:43:15.727+0000] {logging_mixin.py:149} INFO - [2023-06-14T16:43:15.727+0000] {dag.py:2726} INFO - Sync 1 DAGs
[2023-06-14T16:43:15.756+0000] {logging_mixin.py:149} INFO - [2023-06-14T16:43:15.755+0000] {dag.py:3490} INFO - Setting next_dagrun for tutorial to 2023-06-13T16:43:15.755630+00:00, run_after=2023-06-14T16:43:15.755630+00:00
[2023-06-14T16:43:15.777+0000] {processor.py:179} INFO - Processing /home/airflow/.local/lib/python3.7/site-packages/airflow/example_dags/tutorial.py took 0.087 seconds
[2023-06-14T16:43:46.135+0000] {processor.py:157} INFO - Started process (PID=5663) to work on /home/airflow/.local/lib/python3.7/site-packages/airflow/example_dags/tutorial.py
[2023-06-14T16:43:46.136+0000] {processor.py:826} INFO - Processing file /home/airflow/.local/lib/python3.7/site-packages/airflow/example_dags/tutorial.py for tasks to queue
[2023-06-14T16:43:46.137+0000] {logging_mixin.py:149} INFO - [2023-06-14T16:43:46.137+0000] {dagbag.py:541} INFO - Filling up the DagBag from /home/airflow/.local/lib/python3.7/site-packages/airflow/example_dags/tutorial.py
[2023-06-14T16:43:46.143+0000] {processor.py:836} INFO - DAG(s) dict_keys(['tutorial']) retrieved from /home/airflow/.local/lib/python3.7/site-packages/airflow/example_dags/tutorial.py
[2023-06-14T16:43:46.164+0000] {logging_mixin.py:149} INFO - [2023-06-14T16:43:46.164+0000] {dag.py:2726} INFO - Sync 1 DAGs
[2023-06-14T16:43:46.192+0000] {logging_mixin.py:149} INFO - [2023-06-14T16:43:46.192+0000] {dag.py:3490} INFO - Setting next_dagrun for tutorial to 2023-06-13T16:43:46.191800+00:00, run_after=2023-06-14T16:43:46.191800+00:00
[2023-06-14T16:43:46.213+0000] {processor.py:179} INFO - Processing /home/airflow/.local/lib/python3.7/site-packages/airflow/example_dags/tutorial.py took 0.080 seconds
[2023-06-14T16:44:17.124+0000] {processor.py:157} INFO - Started process (PID=5740) to work on /home/airflow/.local/lib/python3.7/site-packages/airflow/example_dags/tutorial.py
[2023-06-14T16:44:17.125+0000] {processor.py:826} INFO - Processing file /home/airflow/.local/lib/python3.7/site-packages/airflow/example_dags/tutorial.py for tasks to queue
[2023-06-14T16:44:17.126+0000] {logging_mixin.py:149} INFO - [2023-06-14T16:44:17.126+0000] {dagbag.py:541} INFO - Filling up the DagBag from /home/airflow/.local/lib/python3.7/site-packages/airflow/example_dags/tutorial.py
[2023-06-14T16:44:17.132+0000] {processor.py:836} INFO - DAG(s) dict_keys(['tutorial']) retrieved from /home/airflow/.local/lib/python3.7/site-packages/airflow/example_dags/tutorial.py
[2023-06-14T16:44:17.158+0000] {logging_mixin.py:149} INFO - [2023-06-14T16:44:17.158+0000] {dag.py:2726} INFO - Sync 1 DAGs
[2023-06-14T16:44:17.186+0000] {logging_mixin.py:149} INFO - [2023-06-14T16:44:17.186+0000] {dag.py:3490} INFO - Setting next_dagrun for tutorial to 2023-06-13T16:44:17.185970+00:00, run_after=2023-06-14T16:44:17.185970+00:00
[2023-06-14T16:44:17.207+0000] {processor.py:179} INFO - Processing /home/airflow/.local/lib/python3.7/site-packages/airflow/example_dags/tutorial.py took 0.085 seconds
[2023-06-14T16:44:47.775+0000] {processor.py:157} INFO - Started process (PID=5817) to work on /home/airflow/.local/lib/python3.7/site-packages/airflow/example_dags/tutorial.py
[2023-06-14T16:44:47.776+0000] {processor.py:826} INFO - Processing file /home/airflow/.local/lib/python3.7/site-packages/airflow/example_dags/tutorial.py for tasks to queue
[2023-06-14T16:44:47.777+0000] {logging_mixin.py:149} INFO - [2023-06-14T16:44:47.777+0000] {dagbag.py:541} INFO - Filling up the DagBag from /home/airflow/.local/lib/python3.7/site-packages/airflow/example_dags/tutorial.py
[2023-06-14T16:44:47.781+0000] {processor.py:836} INFO - DAG(s) dict_keys(['tutorial']) retrieved from /home/airflow/.local/lib/python3.7/site-packages/airflow/example_dags/tutorial.py
[2023-06-14T16:44:47.801+0000] {logging_mixin.py:149} INFO - [2023-06-14T16:44:47.801+0000] {dag.py:2726} INFO - Sync 1 DAGs
[2023-06-14T16:44:47.824+0000] {logging_mixin.py:149} INFO - [2023-06-14T16:44:47.823+0000] {dag.py:3490} INFO - Setting next_dagrun for tutorial to 2023-06-13T16:44:47.823706+00:00, run_after=2023-06-14T16:44:47.823706+00:00
[2023-06-14T16:44:47.840+0000] {processor.py:179} INFO - Processing /home/airflow/.local/lib/python3.7/site-packages/airflow/example_dags/tutorial.py took 0.067 seconds
[2023-06-14T16:45:18.467+0000] {processor.py:157} INFO - Started process (PID=5894) to work on /home/airflow/.local/lib/python3.7/site-packages/airflow/example_dags/tutorial.py
[2023-06-14T16:45:18.468+0000] {processor.py:826} INFO - Processing file /home/airflow/.local/lib/python3.7/site-packages/airflow/example_dags/tutorial.py for tasks to queue
[2023-06-14T16:45:18.469+0000] {logging_mixin.py:149} INFO - [2023-06-14T16:45:18.469+0000] {dagbag.py:541} INFO - Filling up the DagBag from /home/airflow/.local/lib/python3.7/site-packages/airflow/example_dags/tutorial.py
[2023-06-14T16:45:18.473+0000] {processor.py:836} INFO - DAG(s) dict_keys(['tutorial']) retrieved from /home/airflow/.local/lib/python3.7/site-packages/airflow/example_dags/tutorial.py
[2023-06-14T16:45:18.493+0000] {logging_mixin.py:149} INFO - [2023-06-14T16:45:18.493+0000] {dag.py:2726} INFO - Sync 1 DAGs
[2023-06-14T16:45:18.516+0000] {logging_mixin.py:149} INFO - [2023-06-14T16:45:18.516+0000] {dag.py:3490} INFO - Setting next_dagrun for tutorial to 2023-06-13T16:45:18.516463+00:00, run_after=2023-06-14T16:45:18.516463+00:00
[2023-06-14T16:45:18.534+0000] {processor.py:179} INFO - Processing /home/airflow/.local/lib/python3.7/site-packages/airflow/example_dags/tutorial.py took 0.069 seconds
[2023-06-14T16:45:49.141+0000] {processor.py:157} INFO - Started process (PID=5971) to work on /home/airflow/.local/lib/python3.7/site-packages/airflow/example_dags/tutorial.py
[2023-06-14T16:45:49.141+0000] {processor.py:826} INFO - Processing file /home/airflow/.local/lib/python3.7/site-packages/airflow/example_dags/tutorial.py for tasks to queue
[2023-06-14T16:45:49.142+0000] {logging_mixin.py:149} INFO - [2023-06-14T16:45:49.142+0000] {dagbag.py:541} INFO - Filling up the DagBag from /home/airflow/.local/lib/python3.7/site-packages/airflow/example_dags/tutorial.py
[2023-06-14T16:45:49.147+0000] {processor.py:836} INFO - DAG(s) dict_keys(['tutorial']) retrieved from /home/airflow/.local/lib/python3.7/site-packages/airflow/example_dags/tutorial.py
[2023-06-14T16:45:49.166+0000] {logging_mixin.py:149} INFO - [2023-06-14T16:45:49.166+0000] {dag.py:2726} INFO - Sync 1 DAGs
[2023-06-14T16:45:49.189+0000] {logging_mixin.py:149} INFO - [2023-06-14T16:45:49.189+0000] {dag.py:3490} INFO - Setting next_dagrun for tutorial to 2023-06-13T16:45:49.189467+00:00, run_after=2023-06-14T16:45:49.189467+00:00
[2023-06-14T16:45:49.207+0000] {processor.py:179} INFO - Processing /home/airflow/.local/lib/python3.7/site-packages/airflow/example_dags/tutorial.py took 0.069 seconds
[2023-06-14T16:46:20.016+0000] {processor.py:157} INFO - Started process (PID=6048) to work on /home/airflow/.local/lib/python3.7/site-packages/airflow/example_dags/tutorial.py
[2023-06-14T16:46:20.017+0000] {processor.py:826} INFO - Processing file /home/airflow/.local/lib/python3.7/site-packages/airflow/example_dags/tutorial.py for tasks to queue
[2023-06-14T16:46:20.018+0000] {logging_mixin.py:149} INFO - [2023-06-14T16:46:20.018+0000] {dagbag.py:541} INFO - Filling up the DagBag from /home/airflow/.local/lib/python3.7/site-packages/airflow/example_dags/tutorial.py
[2023-06-14T16:46:20.023+0000] {processor.py:836} INFO - DAG(s) dict_keys(['tutorial']) retrieved from /home/airflow/.local/lib/python3.7/site-packages/airflow/example_dags/tutorial.py
[2023-06-14T16:46:20.044+0000] {logging_mixin.py:149} INFO - [2023-06-14T16:46:20.044+0000] {dag.py:2726} INFO - Sync 1 DAGs
[2023-06-14T16:46:20.069+0000] {logging_mixin.py:149} INFO - [2023-06-14T16:46:20.069+0000] {dag.py:3490} INFO - Setting next_dagrun for tutorial to 2023-06-13T16:46:20.069406+00:00, run_after=2023-06-14T16:46:20.069406+00:00
[2023-06-14T16:46:20.089+0000] {processor.py:179} INFO - Processing /home/airflow/.local/lib/python3.7/site-packages/airflow/example_dags/tutorial.py took 0.076 seconds
[2023-06-14T16:46:50.674+0000] {processor.py:157} INFO - Started process (PID=6125) to work on /home/airflow/.local/lib/python3.7/site-packages/airflow/example_dags/tutorial.py
[2023-06-14T16:46:50.675+0000] {processor.py:826} INFO - Processing file /home/airflow/.local/lib/python3.7/site-packages/airflow/example_dags/tutorial.py for tasks to queue
[2023-06-14T16:46:50.676+0000] {logging_mixin.py:149} INFO - [2023-06-14T16:46:50.676+0000] {dagbag.py:541} INFO - Filling up the DagBag from /home/airflow/.local/lib/python3.7/site-packages/airflow/example_dags/tutorial.py
[2023-06-14T16:46:50.680+0000] {processor.py:836} INFO - DAG(s) dict_keys(['tutorial']) retrieved from /home/airflow/.local/lib/python3.7/site-packages/airflow/example_dags/tutorial.py
[2023-06-14T16:46:50.703+0000] {logging_mixin.py:149} INFO - [2023-06-14T16:46:50.702+0000] {dag.py:2726} INFO - Sync 1 DAGs
[2023-06-14T16:46:50.730+0000] {logging_mixin.py:149} INFO - [2023-06-14T16:46:50.730+0000] {dag.py:3490} INFO - Setting next_dagrun for tutorial to 2023-06-13T16:46:50.729833+00:00, run_after=2023-06-14T16:46:50.729833+00:00
[2023-06-14T16:46:50.747+0000] {processor.py:179} INFO - Processing /home/airflow/.local/lib/python3.7/site-packages/airflow/example_dags/tutorial.py took 0.075 seconds
[2023-06-14T16:47:20.925+0000] {processor.py:157} INFO - Started process (PID=6202) to work on /home/airflow/.local/lib/python3.7/site-packages/airflow/example_dags/tutorial.py
[2023-06-14T16:47:20.926+0000] {processor.py:826} INFO - Processing file /home/airflow/.local/lib/python3.7/site-packages/airflow/example_dags/tutorial.py for tasks to queue
[2023-06-14T16:47:20.927+0000] {logging_mixin.py:149} INFO - [2023-06-14T16:47:20.927+0000] {dagbag.py:541} INFO - Filling up the DagBag from /home/airflow/.local/lib/python3.7/site-packages/airflow/example_dags/tutorial.py
[2023-06-14T16:47:20.931+0000] {processor.py:836} INFO - DAG(s) dict_keys(['tutorial']) retrieved from /home/airflow/.local/lib/python3.7/site-packages/airflow/example_dags/tutorial.py
[2023-06-14T16:47:20.952+0000] {logging_mixin.py:149} INFO - [2023-06-14T16:47:20.952+0000] {dag.py:2726} INFO - Sync 1 DAGs
[2023-06-14T16:47:20.979+0000] {logging_mixin.py:149} INFO - [2023-06-14T16:47:20.979+0000] {dag.py:3490} INFO - Setting next_dagrun for tutorial to 2023-06-13T16:47:20.978997+00:00, run_after=2023-06-14T16:47:20.978997+00:00
[2023-06-14T16:47:20.997+0000] {processor.py:179} INFO - Processing /home/airflow/.local/lib/python3.7/site-packages/airflow/example_dags/tutorial.py took 0.075 seconds
[2023-06-14T16:47:51.903+0000] {processor.py:157} INFO - Started process (PID=6279) to work on /home/airflow/.local/lib/python3.7/site-packages/airflow/example_dags/tutorial.py
[2023-06-14T16:47:51.904+0000] {processor.py:826} INFO - Processing file /home/airflow/.local/lib/python3.7/site-packages/airflow/example_dags/tutorial.py for tasks to queue
[2023-06-14T16:47:51.905+0000] {logging_mixin.py:149} INFO - [2023-06-14T16:47:51.905+0000] {dagbag.py:541} INFO - Filling up the DagBag from /home/airflow/.local/lib/python3.7/site-packages/airflow/example_dags/tutorial.py
[2023-06-14T16:47:51.911+0000] {processor.py:836} INFO - DAG(s) dict_keys(['tutorial']) retrieved from /home/airflow/.local/lib/python3.7/site-packages/airflow/example_dags/tutorial.py
[2023-06-14T16:47:51.941+0000] {logging_mixin.py:149} INFO - [2023-06-14T16:47:51.941+0000] {dag.py:2726} INFO - Sync 1 DAGs
[2023-06-14T16:47:51.967+0000] {logging_mixin.py:149} INFO - [2023-06-14T16:47:51.967+0000] {dag.py:3490} INFO - Setting next_dagrun for tutorial to 2023-06-13T16:47:51.967357+00:00, run_after=2023-06-14T16:47:51.967357+00:00
[2023-06-14T16:47:51.984+0000] {processor.py:179} INFO - Processing /home/airflow/.local/lib/python3.7/site-packages/airflow/example_dags/tutorial.py took 0.084 seconds
[2023-06-14T16:48:22.078+0000] {processor.py:157} INFO - Started process (PID=6343) to work on /home/airflow/.local/lib/python3.7/site-packages/airflow/example_dags/tutorial.py
[2023-06-14T16:48:22.079+0000] {processor.py:826} INFO - Processing file /home/airflow/.local/lib/python3.7/site-packages/airflow/example_dags/tutorial.py for tasks to queue
[2023-06-14T16:48:22.080+0000] {logging_mixin.py:149} INFO - [2023-06-14T16:48:22.080+0000] {dagbag.py:541} INFO - Filling up the DagBag from /home/airflow/.local/lib/python3.7/site-packages/airflow/example_dags/tutorial.py
[2023-06-14T16:48:22.086+0000] {processor.py:836} INFO - DAG(s) dict_keys(['tutorial']) retrieved from /home/airflow/.local/lib/python3.7/site-packages/airflow/example_dags/tutorial.py
[2023-06-14T16:48:22.114+0000] {logging_mixin.py:149} INFO - [2023-06-14T16:48:22.114+0000] {dag.py:2726} INFO - Sync 1 DAGs
[2023-06-14T16:48:22.145+0000] {logging_mixin.py:149} INFO - [2023-06-14T16:48:22.145+0000] {dag.py:3490} INFO - Setting next_dagrun for tutorial to 2023-06-13T16:48:22.145552+00:00, run_after=2023-06-14T16:48:22.145552+00:00
[2023-06-14T16:48:22.165+0000] {processor.py:179} INFO - Processing /home/airflow/.local/lib/python3.7/site-packages/airflow/example_dags/tutorial.py took 0.090 seconds
[2023-06-14T16:48:52.509+0000] {processor.py:157} INFO - Started process (PID=6407) to work on /home/airflow/.local/lib/python3.7/site-packages/airflow/example_dags/tutorial.py
[2023-06-14T16:48:52.510+0000] {processor.py:826} INFO - Processing file /home/airflow/.local/lib/python3.7/site-packages/airflow/example_dags/tutorial.py for tasks to queue
[2023-06-14T16:48:52.510+0000] {logging_mixin.py:149} INFO - [2023-06-14T16:48:52.510+0000] {dagbag.py:541} INFO - Filling up the DagBag from /home/airflow/.local/lib/python3.7/site-packages/airflow/example_dags/tutorial.py
[2023-06-14T16:48:52.516+0000] {processor.py:836} INFO - DAG(s) dict_keys(['tutorial']) retrieved from /home/airflow/.local/lib/python3.7/site-packages/airflow/example_dags/tutorial.py
[2023-06-14T16:48:52.537+0000] {logging_mixin.py:149} INFO - [2023-06-14T16:48:52.537+0000] {dag.py:2726} INFO - Sync 1 DAGs
[2023-06-14T16:48:52.560+0000] {logging_mixin.py:149} INFO - [2023-06-14T16:48:52.560+0000] {dag.py:3490} INFO - Setting next_dagrun for tutorial to 2023-06-13T16:48:52.559968+00:00, run_after=2023-06-14T16:48:52.559968+00:00
[2023-06-14T16:48:52.577+0000] {processor.py:179} INFO - Processing /home/airflow/.local/lib/python3.7/site-packages/airflow/example_dags/tutorial.py took 0.070 seconds
[2023-06-14T16:49:22.834+0000] {processor.py:157} INFO - Started process (PID=6471) to work on /home/airflow/.local/lib/python3.7/site-packages/airflow/example_dags/tutorial.py
[2023-06-14T16:49:22.835+0000] {processor.py:826} INFO - Processing file /home/airflow/.local/lib/python3.7/site-packages/airflow/example_dags/tutorial.py for tasks to queue
[2023-06-14T16:49:22.836+0000] {logging_mixin.py:149} INFO - [2023-06-14T16:49:22.835+0000] {dagbag.py:541} INFO - Filling up the DagBag from /home/airflow/.local/lib/python3.7/site-packages/airflow/example_dags/tutorial.py
[2023-06-14T16:49:22.842+0000] {processor.py:836} INFO - DAG(s) dict_keys(['tutorial']) retrieved from /home/airflow/.local/lib/python3.7/site-packages/airflow/example_dags/tutorial.py
[2023-06-14T16:49:22.862+0000] {logging_mixin.py:149} INFO - [2023-06-14T16:49:22.862+0000] {dag.py:2726} INFO - Sync 1 DAGs
[2023-06-14T16:49:22.890+0000] {logging_mixin.py:149} INFO - [2023-06-14T16:49:22.889+0000] {dag.py:3490} INFO - Setting next_dagrun for tutorial to 2023-06-13T16:49:22.889619+00:00, run_after=2023-06-14T16:49:22.889619+00:00
[2023-06-14T16:49:22.908+0000] {processor.py:179} INFO - Processing /home/airflow/.local/lib/python3.7/site-packages/airflow/example_dags/tutorial.py took 0.076 seconds
[2023-06-14T16:49:53.240+0000] {processor.py:157} INFO - Started process (PID=6535) to work on /home/airflow/.local/lib/python3.7/site-packages/airflow/example_dags/tutorial.py
[2023-06-14T16:49:53.240+0000] {processor.py:826} INFO - Processing file /home/airflow/.local/lib/python3.7/site-packages/airflow/example_dags/tutorial.py for tasks to queue
[2023-06-14T16:49:53.241+0000] {logging_mixin.py:149} INFO - [2023-06-14T16:49:53.241+0000] {dagbag.py:541} INFO - Filling up the DagBag from /home/airflow/.local/lib/python3.7/site-packages/airflow/example_dags/tutorial.py
[2023-06-14T16:49:53.246+0000] {processor.py:836} INFO - DAG(s) dict_keys(['tutorial']) retrieved from /home/airflow/.local/lib/python3.7/site-packages/airflow/example_dags/tutorial.py
[2023-06-14T16:49:53.266+0000] {logging_mixin.py:149} INFO - [2023-06-14T16:49:53.266+0000] {dag.py:2726} INFO - Sync 1 DAGs
[2023-06-14T16:49:53.288+0000] {logging_mixin.py:149} INFO - [2023-06-14T16:49:53.287+0000] {dag.py:3490} INFO - Setting next_dagrun for tutorial to 2023-06-13T16:49:53.287662+00:00, run_after=2023-06-14T16:49:53.287662+00:00
[2023-06-14T16:49:53.306+0000] {processor.py:179} INFO - Processing /home/airflow/.local/lib/python3.7/site-packages/airflow/example_dags/tutorial.py took 0.068 seconds
[2023-06-14T16:50:23.593+0000] {processor.py:157} INFO - Started process (PID=6599) to work on /home/airflow/.local/lib/python3.7/site-packages/airflow/example_dags/tutorial.py
[2023-06-14T16:50:23.594+0000] {processor.py:826} INFO - Processing file /home/airflow/.local/lib/python3.7/site-packages/airflow/example_dags/tutorial.py for tasks to queue
[2023-06-14T16:50:23.594+0000] {logging_mixin.py:149} INFO - [2023-06-14T16:50:23.594+0000] {dagbag.py:541} INFO - Filling up the DagBag from /home/airflow/.local/lib/python3.7/site-packages/airflow/example_dags/tutorial.py
[2023-06-14T16:50:23.599+0000] {processor.py:836} INFO - DAG(s) dict_keys(['tutorial']) retrieved from /home/airflow/.local/lib/python3.7/site-packages/airflow/example_dags/tutorial.py
[2023-06-14T16:50:23.624+0000] {logging_mixin.py:149} INFO - [2023-06-14T16:50:23.624+0000] {dag.py:2726} INFO - Sync 1 DAGs
[2023-06-14T16:50:23.653+0000] {logging_mixin.py:149} INFO - [2023-06-14T16:50:23.653+0000] {dag.py:3490} INFO - Setting next_dagrun for tutorial to 2023-06-13T16:50:23.652949+00:00, run_after=2023-06-14T16:50:23.652949+00:00
[2023-06-14T16:50:23.671+0000] {processor.py:179} INFO - Processing /home/airflow/.local/lib/python3.7/site-packages/airflow/example_dags/tutorial.py took 0.082 seconds
[2023-06-14T16:50:53.837+0000] {processor.py:157} INFO - Started process (PID=6663) to work on /home/airflow/.local/lib/python3.7/site-packages/airflow/example_dags/tutorial.py
[2023-06-14T16:50:53.837+0000] {processor.py:826} INFO - Processing file /home/airflow/.local/lib/python3.7/site-packages/airflow/example_dags/tutorial.py for tasks to queue
[2023-06-14T16:50:53.838+0000] {logging_mixin.py:149} INFO - [2023-06-14T16:50:53.838+0000] {dagbag.py:541} INFO - Filling up the DagBag from /home/airflow/.local/lib/python3.7/site-packages/airflow/example_dags/tutorial.py
[2023-06-14T16:50:53.842+0000] {processor.py:836} INFO - DAG(s) dict_keys(['tutorial']) retrieved from /home/airflow/.local/lib/python3.7/site-packages/airflow/example_dags/tutorial.py
[2023-06-14T16:50:53.862+0000] {logging_mixin.py:149} INFO - [2023-06-14T16:50:53.862+0000] {dag.py:2726} INFO - Sync 1 DAGs
[2023-06-14T16:50:53.884+0000] {logging_mixin.py:149} INFO - [2023-06-14T16:50:53.884+0000] {dag.py:3490} INFO - Setting next_dagrun for tutorial to 2023-06-13T16:50:53.884522+00:00, run_after=2023-06-14T16:50:53.884522+00:00
[2023-06-14T16:50:53.901+0000] {processor.py:179} INFO - Processing /home/airflow/.local/lib/python3.7/site-packages/airflow/example_dags/tutorial.py took 0.066 seconds
[2023-06-14T16:51:24.426+0000] {processor.py:157} INFO - Started process (PID=6740) to work on /home/airflow/.local/lib/python3.7/site-packages/airflow/example_dags/tutorial.py
[2023-06-14T16:51:24.427+0000] {processor.py:826} INFO - Processing file /home/airflow/.local/lib/python3.7/site-packages/airflow/example_dags/tutorial.py for tasks to queue
[2023-06-14T16:51:24.427+0000] {logging_mixin.py:149} INFO - [2023-06-14T16:51:24.427+0000] {dagbag.py:541} INFO - Filling up the DagBag from /home/airflow/.local/lib/python3.7/site-packages/airflow/example_dags/tutorial.py
[2023-06-14T16:51:24.432+0000] {processor.py:836} INFO - DAG(s) dict_keys(['tutorial']) retrieved from /home/airflow/.local/lib/python3.7/site-packages/airflow/example_dags/tutorial.py
[2023-06-14T16:51:24.451+0000] {logging_mixin.py:149} INFO - [2023-06-14T16:51:24.451+0000] {dag.py:2726} INFO - Sync 1 DAGs
[2023-06-14T16:51:24.475+0000] {logging_mixin.py:149} INFO - [2023-06-14T16:51:24.474+0000] {dag.py:3490} INFO - Setting next_dagrun for tutorial to 2023-06-13T16:51:24.474740+00:00, run_after=2023-06-14T16:51:24.474740+00:00
[2023-06-14T16:51:24.492+0000] {processor.py:179} INFO - Processing /home/airflow/.local/lib/python3.7/site-packages/airflow/example_dags/tutorial.py took 0.068 seconds
[2023-06-14T16:51:54.855+0000] {processor.py:157} INFO - Started process (PID=6817) to work on /home/airflow/.local/lib/python3.7/site-packages/airflow/example_dags/tutorial.py
[2023-06-14T16:51:54.856+0000] {processor.py:826} INFO - Processing file /home/airflow/.local/lib/python3.7/site-packages/airflow/example_dags/tutorial.py for tasks to queue
[2023-06-14T16:51:54.857+0000] {logging_mixin.py:149} INFO - [2023-06-14T16:51:54.857+0000] {dagbag.py:541} INFO - Filling up the DagBag from /home/airflow/.local/lib/python3.7/site-packages/airflow/example_dags/tutorial.py
[2023-06-14T16:51:54.864+0000] {processor.py:836} INFO - DAG(s) dict_keys(['tutorial']) retrieved from /home/airflow/.local/lib/python3.7/site-packages/airflow/example_dags/tutorial.py
[2023-06-14T16:51:54.890+0000] {logging_mixin.py:149} INFO - [2023-06-14T16:51:54.890+0000] {dag.py:2726} INFO - Sync 1 DAGs
[2023-06-14T16:51:54.923+0000] {logging_mixin.py:149} INFO - [2023-06-14T16:51:54.923+0000] {dag.py:3490} INFO - Setting next_dagrun for tutorial to 2023-06-13T16:51:54.923076+00:00, run_after=2023-06-14T16:51:54.923076+00:00
[2023-06-14T16:51:54.953+0000] {processor.py:179} INFO - Processing /home/airflow/.local/lib/python3.7/site-packages/airflow/example_dags/tutorial.py took 0.100 seconds
[2023-06-14T16:52:25.777+0000] {processor.py:157} INFO - Started process (PID=6894) to work on /home/airflow/.local/lib/python3.7/site-packages/airflow/example_dags/tutorial.py
[2023-06-14T16:52:25.777+0000] {processor.py:826} INFO - Processing file /home/airflow/.local/lib/python3.7/site-packages/airflow/example_dags/tutorial.py for tasks to queue
[2023-06-14T16:52:25.778+0000] {logging_mixin.py:149} INFO - [2023-06-14T16:52:25.778+0000] {dagbag.py:541} INFO - Filling up the DagBag from /home/airflow/.local/lib/python3.7/site-packages/airflow/example_dags/tutorial.py
[2023-06-14T16:52:25.782+0000] {processor.py:836} INFO - DAG(s) dict_keys(['tutorial']) retrieved from /home/airflow/.local/lib/python3.7/site-packages/airflow/example_dags/tutorial.py
[2023-06-14T16:52:25.804+0000] {logging_mixin.py:149} INFO - [2023-06-14T16:52:25.804+0000] {dag.py:2726} INFO - Sync 1 DAGs
[2023-06-14T16:52:25.830+0000] {logging_mixin.py:149} INFO - [2023-06-14T16:52:25.830+0000] {dag.py:3490} INFO - Setting next_dagrun for tutorial to 2023-06-13T16:52:25.830127+00:00, run_after=2023-06-14T16:52:25.830127+00:00
[2023-06-14T16:52:25.852+0000] {processor.py:179} INFO - Processing /home/airflow/.local/lib/python3.7/site-packages/airflow/example_dags/tutorial.py took 0.079 seconds
[2023-06-14T16:52:56.315+0000] {processor.py:157} INFO - Started process (PID=6971) to work on /home/airflow/.local/lib/python3.7/site-packages/airflow/example_dags/tutorial.py
[2023-06-14T16:52:56.316+0000] {processor.py:826} INFO - Processing file /home/airflow/.local/lib/python3.7/site-packages/airflow/example_dags/tutorial.py for tasks to queue
[2023-06-14T16:52:56.317+0000] {logging_mixin.py:149} INFO - [2023-06-14T16:52:56.317+0000] {dagbag.py:541} INFO - Filling up the DagBag from /home/airflow/.local/lib/python3.7/site-packages/airflow/example_dags/tutorial.py
[2023-06-14T16:52:56.325+0000] {processor.py:836} INFO - DAG(s) dict_keys(['tutorial']) retrieved from /home/airflow/.local/lib/python3.7/site-packages/airflow/example_dags/tutorial.py
[2023-06-14T16:52:56.350+0000] {logging_mixin.py:149} INFO - [2023-06-14T16:52:56.350+0000] {dag.py:2726} INFO - Sync 1 DAGs
[2023-06-14T16:52:56.379+0000] {logging_mixin.py:149} INFO - [2023-06-14T16:52:56.379+0000] {dag.py:3490} INFO - Setting next_dagrun for tutorial to 2023-06-13T16:52:56.379329+00:00, run_after=2023-06-14T16:52:56.379329+00:00
[2023-06-14T16:52:56.404+0000] {processor.py:179} INFO - Processing /home/airflow/.local/lib/python3.7/site-packages/airflow/example_dags/tutorial.py took 0.092 seconds
[2023-06-14T16:53:26.565+0000] {processor.py:157} INFO - Started process (PID=7048) to work on /home/airflow/.local/lib/python3.7/site-packages/airflow/example_dags/tutorial.py
[2023-06-14T16:53:26.566+0000] {processor.py:826} INFO - Processing file /home/airflow/.local/lib/python3.7/site-packages/airflow/example_dags/tutorial.py for tasks to queue
[2023-06-14T16:53:26.567+0000] {logging_mixin.py:149} INFO - [2023-06-14T16:53:26.567+0000] {dagbag.py:541} INFO - Filling up the DagBag from /home/airflow/.local/lib/python3.7/site-packages/airflow/example_dags/tutorial.py
[2023-06-14T16:53:26.573+0000] {processor.py:836} INFO - DAG(s) dict_keys(['tutorial']) retrieved from /home/airflow/.local/lib/python3.7/site-packages/airflow/example_dags/tutorial.py
[2023-06-14T16:53:26.602+0000] {logging_mixin.py:149} INFO - [2023-06-14T16:53:26.602+0000] {dag.py:2726} INFO - Sync 1 DAGs
[2023-06-14T16:53:26.636+0000] {logging_mixin.py:149} INFO - [2023-06-14T16:53:26.636+0000] {dag.py:3490} INFO - Setting next_dagrun for tutorial to 2023-06-13T16:53:26.635802+00:00, run_after=2023-06-14T16:53:26.635802+00:00
[2023-06-14T16:53:26.656+0000] {processor.py:179} INFO - Processing /home/airflow/.local/lib/python3.7/site-packages/airflow/example_dags/tutorial.py took 0.094 seconds
[2023-06-14T16:53:57.167+0000] {processor.py:157} INFO - Started process (PID=7125) to work on /home/airflow/.local/lib/python3.7/site-packages/airflow/example_dags/tutorial.py
[2023-06-14T16:53:57.167+0000] {processor.py:826} INFO - Processing file /home/airflow/.local/lib/python3.7/site-packages/airflow/example_dags/tutorial.py for tasks to queue
[2023-06-14T16:53:57.168+0000] {logging_mixin.py:149} INFO - [2023-06-14T16:53:57.168+0000] {dagbag.py:541} INFO - Filling up the DagBag from /home/airflow/.local/lib/python3.7/site-packages/airflow/example_dags/tutorial.py
[2023-06-14T16:53:57.174+0000] {processor.py:836} INFO - DAG(s) dict_keys(['tutorial']) retrieved from /home/airflow/.local/lib/python3.7/site-packages/airflow/example_dags/tutorial.py
[2023-06-14T16:53:57.200+0000] {logging_mixin.py:149} INFO - [2023-06-14T16:53:57.200+0000] {dag.py:2726} INFO - Sync 1 DAGs
[2023-06-14T16:53:57.232+0000] {logging_mixin.py:149} INFO - [2023-06-14T16:53:57.232+0000] {dag.py:3490} INFO - Setting next_dagrun for tutorial to 2023-06-13T16:53:57.231896+00:00, run_after=2023-06-14T16:53:57.231896+00:00
[2023-06-14T16:53:57.254+0000] {processor.py:179} INFO - Processing /home/airflow/.local/lib/python3.7/site-packages/airflow/example_dags/tutorial.py took 0.090 seconds
[2023-06-14T16:54:27.460+0000] {processor.py:157} INFO - Started process (PID=7202) to work on /home/airflow/.local/lib/python3.7/site-packages/airflow/example_dags/tutorial.py
[2023-06-14T16:54:27.461+0000] {processor.py:826} INFO - Processing file /home/airflow/.local/lib/python3.7/site-packages/airflow/example_dags/tutorial.py for tasks to queue
[2023-06-14T16:54:27.462+0000] {logging_mixin.py:149} INFO - [2023-06-14T16:54:27.462+0000] {dagbag.py:541} INFO - Filling up the DagBag from /home/airflow/.local/lib/python3.7/site-packages/airflow/example_dags/tutorial.py
[2023-06-14T16:54:27.467+0000] {processor.py:836} INFO - DAG(s) dict_keys(['tutorial']) retrieved from /home/airflow/.local/lib/python3.7/site-packages/airflow/example_dags/tutorial.py
[2023-06-14T16:54:27.488+0000] {logging_mixin.py:149} INFO - [2023-06-14T16:54:27.488+0000] {dag.py:2726} INFO - Sync 1 DAGs
[2023-06-14T16:54:27.511+0000] {logging_mixin.py:149} INFO - [2023-06-14T16:54:27.511+0000] {dag.py:3490} INFO - Setting next_dagrun for tutorial to 2023-06-13T16:54:27.511205+00:00, run_after=2023-06-14T16:54:27.511205+00:00
[2023-06-14T16:54:27.528+0000] {processor.py:179} INFO - Processing /home/airflow/.local/lib/python3.7/site-packages/airflow/example_dags/tutorial.py took 0.070 seconds
[2023-06-14T16:54:57.881+0000] {processor.py:157} INFO - Started process (PID=7279) to work on /home/airflow/.local/lib/python3.7/site-packages/airflow/example_dags/tutorial.py
[2023-06-14T16:54:57.882+0000] {processor.py:826} INFO - Processing file /home/airflow/.local/lib/python3.7/site-packages/airflow/example_dags/tutorial.py for tasks to queue
[2023-06-14T16:54:57.883+0000] {logging_mixin.py:149} INFO - [2023-06-14T16:54:57.883+0000] {dagbag.py:541} INFO - Filling up the DagBag from /home/airflow/.local/lib/python3.7/site-packages/airflow/example_dags/tutorial.py
[2023-06-14T16:54:57.887+0000] {processor.py:836} INFO - DAG(s) dict_keys(['tutorial']) retrieved from /home/airflow/.local/lib/python3.7/site-packages/airflow/example_dags/tutorial.py
[2023-06-14T16:54:57.908+0000] {logging_mixin.py:149} INFO - [2023-06-14T16:54:57.907+0000] {dag.py:2726} INFO - Sync 1 DAGs
[2023-06-14T16:54:57.934+0000] {logging_mixin.py:149} INFO - [2023-06-14T16:54:57.934+0000] {dag.py:3490} INFO - Setting next_dagrun for tutorial to 2023-06-13T16:54:57.933801+00:00, run_after=2023-06-14T16:54:57.933801+00:00
[2023-06-14T16:54:57.953+0000] {processor.py:179} INFO - Processing /home/airflow/.local/lib/python3.7/site-packages/airflow/example_dags/tutorial.py took 0.075 seconds
[2023-06-14T16:55:28.189+0000] {processor.py:157} INFO - Started process (PID=7356) to work on /home/airflow/.local/lib/python3.7/site-packages/airflow/example_dags/tutorial.py
[2023-06-14T16:55:28.190+0000] {processor.py:826} INFO - Processing file /home/airflow/.local/lib/python3.7/site-packages/airflow/example_dags/tutorial.py for tasks to queue
[2023-06-14T16:55:28.190+0000] {logging_mixin.py:149} INFO - [2023-06-14T16:55:28.190+0000] {dagbag.py:541} INFO - Filling up the DagBag from /home/airflow/.local/lib/python3.7/site-packages/airflow/example_dags/tutorial.py
[2023-06-14T16:55:28.195+0000] {processor.py:836} INFO - DAG(s) dict_keys(['tutorial']) retrieved from /home/airflow/.local/lib/python3.7/site-packages/airflow/example_dags/tutorial.py
[2023-06-14T16:55:28.214+0000] {logging_mixin.py:149} INFO - [2023-06-14T16:55:28.214+0000] {dag.py:2726} INFO - Sync 1 DAGs
[2023-06-14T16:55:28.236+0000] {logging_mixin.py:149} INFO - [2023-06-14T16:55:28.236+0000] {dag.py:3490} INFO - Setting next_dagrun for tutorial to 2023-06-13T16:55:28.236558+00:00, run_after=2023-06-14T16:55:28.236558+00:00
[2023-06-14T16:55:28.254+0000] {processor.py:179} INFO - Processing /home/airflow/.local/lib/python3.7/site-packages/airflow/example_dags/tutorial.py took 0.067 seconds
[2023-06-14T16:55:58.795+0000] {processor.py:157} INFO - Started process (PID=7434) to work on /home/airflow/.local/lib/python3.7/site-packages/airflow/example_dags/tutorial.py
[2023-06-14T16:55:58.795+0000] {processor.py:826} INFO - Processing file /home/airflow/.local/lib/python3.7/site-packages/airflow/example_dags/tutorial.py for tasks to queue
[2023-06-14T16:55:58.796+0000] {logging_mixin.py:149} INFO - [2023-06-14T16:55:58.796+0000] {dagbag.py:541} INFO - Filling up the DagBag from /home/airflow/.local/lib/python3.7/site-packages/airflow/example_dags/tutorial.py
[2023-06-14T16:55:58.802+0000] {processor.py:836} INFO - DAG(s) dict_keys(['tutorial']) retrieved from /home/airflow/.local/lib/python3.7/site-packages/airflow/example_dags/tutorial.py
[2023-06-14T16:55:58.821+0000] {logging_mixin.py:149} INFO - [2023-06-14T16:55:58.821+0000] {dag.py:2726} INFO - Sync 1 DAGs
[2023-06-14T16:55:58.844+0000] {logging_mixin.py:149} INFO - [2023-06-14T16:55:58.844+0000] {dag.py:3490} INFO - Setting next_dagrun for tutorial to 2023-06-13T16:55:58.844554+00:00, run_after=2023-06-14T16:55:58.844554+00:00
[2023-06-14T16:55:58.861+0000] {processor.py:179} INFO - Processing /home/airflow/.local/lib/python3.7/site-packages/airflow/example_dags/tutorial.py took 0.068 seconds
[2023-06-14T16:56:29.108+0000] {processor.py:157} INFO - Started process (PID=7511) to work on /home/airflow/.local/lib/python3.7/site-packages/airflow/example_dags/tutorial.py
[2023-06-14T16:56:29.108+0000] {processor.py:826} INFO - Processing file /home/airflow/.local/lib/python3.7/site-packages/airflow/example_dags/tutorial.py for tasks to queue
[2023-06-14T16:56:29.109+0000] {logging_mixin.py:149} INFO - [2023-06-14T16:56:29.109+0000] {dagbag.py:541} INFO - Filling up the DagBag from /home/airflow/.local/lib/python3.7/site-packages/airflow/example_dags/tutorial.py
[2023-06-14T16:56:29.114+0000] {processor.py:836} INFO - DAG(s) dict_keys(['tutorial']) retrieved from /home/airflow/.local/lib/python3.7/site-packages/airflow/example_dags/tutorial.py
[2023-06-14T16:56:29.134+0000] {logging_mixin.py:149} INFO - [2023-06-14T16:56:29.134+0000] {dag.py:2726} INFO - Sync 1 DAGs
[2023-06-14T16:56:29.161+0000] {logging_mixin.py:149} INFO - [2023-06-14T16:56:29.160+0000] {dag.py:3490} INFO - Setting next_dagrun for tutorial to 2023-06-13T16:56:29.160613+00:00, run_after=2023-06-14T16:56:29.160613+00:00
[2023-06-14T16:56:29.182+0000] {processor.py:179} INFO - Processing /home/airflow/.local/lib/python3.7/site-packages/airflow/example_dags/tutorial.py took 0.076 seconds
[2023-06-14T16:56:59.366+0000] {processor.py:157} INFO - Started process (PID=7589) to work on /home/airflow/.local/lib/python3.7/site-packages/airflow/example_dags/tutorial.py
[2023-06-14T16:56:59.366+0000] {processor.py:826} INFO - Processing file /home/airflow/.local/lib/python3.7/site-packages/airflow/example_dags/tutorial.py for tasks to queue
[2023-06-14T16:56:59.367+0000] {logging_mixin.py:149} INFO - [2023-06-14T16:56:59.367+0000] {dagbag.py:541} INFO - Filling up the DagBag from /home/airflow/.local/lib/python3.7/site-packages/airflow/example_dags/tutorial.py
[2023-06-14T16:56:59.372+0000] {processor.py:836} INFO - DAG(s) dict_keys(['tutorial']) retrieved from /home/airflow/.local/lib/python3.7/site-packages/airflow/example_dags/tutorial.py
[2023-06-14T16:56:59.392+0000] {logging_mixin.py:149} INFO - [2023-06-14T16:56:59.391+0000] {dag.py:2726} INFO - Sync 1 DAGs
[2023-06-14T16:56:59.414+0000] {logging_mixin.py:149} INFO - [2023-06-14T16:56:59.414+0000] {dag.py:3490} INFO - Setting next_dagrun for tutorial to 2023-06-13T16:56:59.413826+00:00, run_after=2023-06-14T16:56:59.413826+00:00
[2023-06-14T16:56:59.431+0000] {processor.py:179} INFO - Processing /home/airflow/.local/lib/python3.7/site-packages/airflow/example_dags/tutorial.py took 0.068 seconds
[2023-06-14T16:57:29.701+0000] {processor.py:157} INFO - Started process (PID=7666) to work on /home/airflow/.local/lib/python3.7/site-packages/airflow/example_dags/tutorial.py
[2023-06-14T16:57:29.702+0000] {processor.py:826} INFO - Processing file /home/airflow/.local/lib/python3.7/site-packages/airflow/example_dags/tutorial.py for tasks to queue
[2023-06-14T16:57:29.703+0000] {logging_mixin.py:149} INFO - [2023-06-14T16:57:29.703+0000] {dagbag.py:541} INFO - Filling up the DagBag from /home/airflow/.local/lib/python3.7/site-packages/airflow/example_dags/tutorial.py
[2023-06-14T16:57:29.709+0000] {processor.py:836} INFO - DAG(s) dict_keys(['tutorial']) retrieved from /home/airflow/.local/lib/python3.7/site-packages/airflow/example_dags/tutorial.py
[2023-06-14T16:57:29.729+0000] {logging_mixin.py:149} INFO - [2023-06-14T16:57:29.728+0000] {dag.py:2726} INFO - Sync 1 DAGs
[2023-06-14T16:57:29.751+0000] {logging_mixin.py:149} INFO - [2023-06-14T16:57:29.751+0000] {dag.py:3490} INFO - Setting next_dagrun for tutorial to 2023-06-13T16:57:29.750853+00:00, run_after=2023-06-14T16:57:29.750853+00:00
[2023-06-14T16:57:29.768+0000] {processor.py:179} INFO - Processing /home/airflow/.local/lib/python3.7/site-packages/airflow/example_dags/tutorial.py took 0.068 seconds
