[2023-06-11T16:48:30.896+0000] {processor.py:157} INFO - Started process (PID=31) to work on /opt/airflow/dags/amazon_sale_report_pulling_and_preprocessing.py
[2023-06-11T16:48:30.897+0000] {processor.py:826} INFO - Processing file /opt/airflow/dags/amazon_sale_report_pulling_and_preprocessing.py for tasks to queue
[2023-06-11T16:48:30.898+0000] {logging_mixin.py:149} INFO - [2023-06-11T16:48:30.898+0000] {dagbag.py:541} INFO - Filling up the DagBag from /opt/airflow/dags/amazon_sale_report_pulling_and_preprocessing.py
[2023-06-11T16:48:31.777+0000] {processor.py:836} INFO - DAG(s) dict_keys(['pull_data_from_postgresql']) retrieved from /opt/airflow/dags/amazon_sale_report_pulling_and_preprocessing.py
[2023-06-11T16:48:31.816+0000] {logging_mixin.py:149} INFO - [2023-06-11T16:48:31.815+0000] {dag.py:2726} INFO - Sync 1 DAGs
[2023-06-11T16:48:31.859+0000] {logging_mixin.py:149} INFO - [2023-06-11T16:48:31.858+0000] {dag.py:3490} INFO - Setting next_dagrun for pull_data_from_postgresql to 2023-06-10T00:00:00+00:00, run_after=2023-06-11T00:00:00+00:00
[2023-06-11T16:48:31.904+0000] {processor.py:179} INFO - Processing /opt/airflow/dags/amazon_sale_report_pulling_and_preprocessing.py took 1.011 seconds
[2023-06-11T16:49:01.972+0000] {processor.py:157} INFO - Started process (PID=112) to work on /opt/airflow/dags/amazon_sale_report_pulling_and_preprocessing.py
[2023-06-11T16:49:01.973+0000] {processor.py:826} INFO - Processing file /opt/airflow/dags/amazon_sale_report_pulling_and_preprocessing.py for tasks to queue
[2023-06-11T16:49:01.974+0000] {logging_mixin.py:149} INFO - [2023-06-11T16:49:01.974+0000] {dagbag.py:541} INFO - Filling up the DagBag from /opt/airflow/dags/amazon_sale_report_pulling_and_preprocessing.py
[2023-06-11T16:49:02.398+0000] {processor.py:836} INFO - DAG(s) dict_keys(['pull_data_from_postgresql']) retrieved from /opt/airflow/dags/amazon_sale_report_pulling_and_preprocessing.py
[2023-06-11T16:49:02.418+0000] {logging_mixin.py:149} INFO - [2023-06-11T16:49:02.417+0000] {dag.py:2726} INFO - Sync 1 DAGs
[2023-06-11T16:49:02.439+0000] {logging_mixin.py:149} INFO - [2023-06-11T16:49:02.439+0000] {dag.py:3490} INFO - Setting next_dagrun for pull_data_from_postgresql to 2023-06-10T00:00:00+00:00, run_after=2023-06-11T00:00:00+00:00
[2023-06-11T16:49:02.465+0000] {processor.py:179} INFO - Processing /opt/airflow/dags/amazon_sale_report_pulling_and_preprocessing.py took 0.496 seconds
[2023-06-11T16:49:32.634+0000] {processor.py:157} INFO - Started process (PID=189) to work on /opt/airflow/dags/amazon_sale_report_pulling_and_preprocessing.py
[2023-06-11T16:49:32.635+0000] {processor.py:826} INFO - Processing file /opt/airflow/dags/amazon_sale_report_pulling_and_preprocessing.py for tasks to queue
[2023-06-11T16:49:32.635+0000] {logging_mixin.py:149} INFO - [2023-06-11T16:49:32.635+0000] {dagbag.py:541} INFO - Filling up the DagBag from /opt/airflow/dags/amazon_sale_report_pulling_and_preprocessing.py
[2023-06-11T16:49:33.131+0000] {processor.py:836} INFO - DAG(s) dict_keys(['pull_data_from_postgresql']) retrieved from /opt/airflow/dags/amazon_sale_report_pulling_and_preprocessing.py
[2023-06-11T16:49:33.151+0000] {logging_mixin.py:149} INFO - [2023-06-11T16:49:33.151+0000] {dag.py:2726} INFO - Sync 1 DAGs
[2023-06-11T16:49:33.180+0000] {logging_mixin.py:149} INFO - [2023-06-11T16:49:33.180+0000] {dag.py:3490} INFO - Setting next_dagrun for pull_data_from_postgresql to 2023-06-10T00:00:00+00:00, run_after=2023-06-11T00:00:00+00:00
[2023-06-11T16:49:33.205+0000] {processor.py:179} INFO - Processing /opt/airflow/dags/amazon_sale_report_pulling_and_preprocessing.py took 0.573 seconds
