[2023-06-13T15:52:42.245+0000] {processor.py:157} INFO - Started process (PID=54) to work on /home/airflow/.local/lib/python3.7/site-packages/airflow/example_dags/example_datasets.py
[2023-06-13T15:52:42.246+0000] {processor.py:826} INFO - Processing file /home/airflow/.local/lib/python3.7/site-packages/airflow/example_dags/example_datasets.py for tasks to queue
[2023-06-13T15:52:42.247+0000] {logging_mixin.py:149} INFO - [2023-06-13T15:52:42.247+0000] {dagbag.py:541} INFO - Filling up the DagBag from /home/airflow/.local/lib/python3.7/site-packages/airflow/example_dags/example_datasets.py
[2023-06-13T15:52:42.258+0000] {processor.py:836} INFO - DAG(s) dict_keys(['dataset_consumes_1', 'dataset_produces_2', 'dataset_consumes_unknown_never_scheduled', 'dataset_consumes_1_never_scheduled', 'dataset_consumes_1_and_2', 'dataset_produces_1']) retrieved from /home/airflow/.local/lib/python3.7/site-packages/airflow/example_dags/example_datasets.py
[2023-06-13T15:52:42.384+0000] {logging_mixin.py:149} INFO - [2023-06-13T15:52:42.384+0000] {dag.py:2726} INFO - Sync 6 DAGs
[2023-06-13T15:52:42.420+0000] {logging_mixin.py:149} INFO - [2023-06-13T15:52:42.420+0000] {dag.py:3490} INFO - Setting next_dagrun for dataset_consumes_1 to None, run_after=None
[2023-06-13T15:52:42.424+0000] {logging_mixin.py:149} INFO - [2023-06-13T15:52:42.424+0000] {dag.py:3490} INFO - Setting next_dagrun for dataset_consumes_1_and_2 to None, run_after=None
[2023-06-13T15:52:42.427+0000] {logging_mixin.py:149} INFO - [2023-06-13T15:52:42.426+0000] {dag.py:3490} INFO - Setting next_dagrun for dataset_consumes_1_never_scheduled to None, run_after=None
[2023-06-13T15:52:42.431+0000] {logging_mixin.py:149} INFO - [2023-06-13T15:52:42.431+0000] {dag.py:3490} INFO - Setting next_dagrun for dataset_consumes_unknown_never_scheduled to None, run_after=None
[2023-06-13T15:52:42.436+0000] {logging_mixin.py:149} INFO - [2023-06-13T15:52:42.435+0000] {dag.py:3490} INFO - Setting next_dagrun for dataset_produces_1 to 2023-06-12T00:00:00+00:00, run_after=2023-06-13T00:00:00+00:00
[2023-06-13T15:52:42.438+0000] {logging_mixin.py:149} INFO - [2023-06-13T15:52:42.438+0000] {dag.py:3490} INFO - Setting next_dagrun for dataset_produces_2 to None, run_after=None
[2023-06-13T15:52:42.490+0000] {processor.py:179} INFO - Processing /home/airflow/.local/lib/python3.7/site-packages/airflow/example_dags/example_datasets.py took 0.248 seconds
[2023-06-13T15:53:13.443+0000] {processor.py:157} INFO - Started process (PID=131) to work on /home/airflow/.local/lib/python3.7/site-packages/airflow/example_dags/example_datasets.py
[2023-06-13T15:53:13.445+0000] {processor.py:826} INFO - Processing file /home/airflow/.local/lib/python3.7/site-packages/airflow/example_dags/example_datasets.py for tasks to queue
[2023-06-13T15:53:13.446+0000] {logging_mixin.py:149} INFO - [2023-06-13T15:53:13.446+0000] {dagbag.py:541} INFO - Filling up the DagBag from /home/airflow/.local/lib/python3.7/site-packages/airflow/example_dags/example_datasets.py
[2023-06-13T15:53:13.456+0000] {processor.py:836} INFO - DAG(s) dict_keys(['dataset_consumes_1_never_scheduled', 'dataset_consumes_1', 'dataset_consumes_1_and_2', 'dataset_produces_1', 'dataset_consumes_unknown_never_scheduled', 'dataset_produces_2']) retrieved from /home/airflow/.local/lib/python3.7/site-packages/airflow/example_dags/example_datasets.py
[2023-06-13T15:53:13.522+0000] {logging_mixin.py:149} INFO - [2023-06-13T15:53:13.518+0000] {dag.py:2726} INFO - Sync 6 DAGs
[2023-06-13T15:53:13.556+0000] {logging_mixin.py:149} INFO - [2023-06-13T15:53:13.556+0000] {dag.py:3490} INFO - Setting next_dagrun for dataset_consumes_1 to None, run_after=None
[2023-06-13T15:53:13.561+0000] {logging_mixin.py:149} INFO - [2023-06-13T15:53:13.561+0000] {dag.py:3490} INFO - Setting next_dagrun for dataset_consumes_1_and_2 to None, run_after=None
[2023-06-13T15:53:13.563+0000] {logging_mixin.py:149} INFO - [2023-06-13T15:53:13.563+0000] {dag.py:3490} INFO - Setting next_dagrun for dataset_consumes_1_never_scheduled to None, run_after=None
[2023-06-13T15:53:13.565+0000] {logging_mixin.py:149} INFO - [2023-06-13T15:53:13.565+0000] {dag.py:3490} INFO - Setting next_dagrun for dataset_consumes_unknown_never_scheduled to None, run_after=None
[2023-06-13T15:53:13.569+0000] {logging_mixin.py:149} INFO - [2023-06-13T15:53:13.569+0000] {dag.py:3490} INFO - Setting next_dagrun for dataset_produces_1 to 2023-06-12T00:00:00+00:00, run_after=2023-06-13T00:00:00+00:00
[2023-06-13T15:53:13.572+0000] {logging_mixin.py:149} INFO - [2023-06-13T15:53:13.572+0000] {dag.py:3490} INFO - Setting next_dagrun for dataset_produces_2 to None, run_after=None
[2023-06-13T15:53:13.620+0000] {processor.py:179} INFO - Processing /home/airflow/.local/lib/python3.7/site-packages/airflow/example_dags/example_datasets.py took 0.180 seconds
