[2023-06-13T15:52:42.343+0000] {processor.py:157} INFO - Started process (PID=55) to work on /home/airflow/.local/lib/python3.7/site-packages/airflow/example_dags/example_complex.py
[2023-06-13T15:52:42.344+0000] {processor.py:826} INFO - Processing file /home/airflow/.local/lib/python3.7/site-packages/airflow/example_dags/example_complex.py for tasks to queue
[2023-06-13T15:52:42.345+0000] {logging_mixin.py:149} INFO - [2023-06-13T15:52:42.345+0000] {dagbag.py:541} INFO - Filling up the DagBag from /home/airflow/.local/lib/python3.7/site-packages/airflow/example_dags/example_complex.py
[2023-06-13T15:52:42.361+0000] {logging_mixin.py:149} INFO - [2023-06-13T15:52:42.361+0000] {taskmixin.py:211} WARNING - Dependency <Task(BashOperator): create_entry_group>, delete_entry_group already registered for DAG: example_complex
[2023-06-13T15:52:42.361+0000] {logging_mixin.py:149} INFO - [2023-06-13T15:52:42.361+0000] {taskmixin.py:211} WARNING - Dependency <Task(BashOperator): delete_entry_group>, create_entry_group already registered for DAG: example_complex
[2023-06-13T15:52:42.362+0000] {logging_mixin.py:149} INFO - [2023-06-13T15:52:42.362+0000] {taskmixin.py:211} WARNING - Dependency <Task(BashOperator): create_entry_gcs>, delete_entry already registered for DAG: example_complex
[2023-06-13T15:52:42.362+0000] {logging_mixin.py:149} INFO - [2023-06-13T15:52:42.362+0000] {taskmixin.py:211} WARNING - Dependency <Task(BashOperator): delete_entry>, create_entry_gcs already registered for DAG: example_complex
[2023-06-13T15:52:42.363+0000] {logging_mixin.py:149} INFO - [2023-06-13T15:52:42.363+0000] {taskmixin.py:211} WARNING - Dependency <Task(BashOperator): create_tag>, delete_tag already registered for DAG: example_complex
[2023-06-13T15:52:42.364+0000] {logging_mixin.py:149} INFO - [2023-06-13T15:52:42.364+0000] {taskmixin.py:211} WARNING - Dependency <Task(BashOperator): delete_tag>, create_tag already registered for DAG: example_complex
[2023-06-13T15:52:42.369+0000] {processor.py:836} INFO - DAG(s) dict_keys(['example_complex']) retrieved from /home/airflow/.local/lib/python3.7/site-packages/airflow/example_dags/example_complex.py
[2023-06-13T15:52:42.422+0000] {logging_mixin.py:149} INFO - [2023-06-13T15:52:42.421+0000] {dag.py:2726} INFO - Sync 1 DAGs
[2023-06-13T15:52:42.460+0000] {logging_mixin.py:149} INFO - [2023-06-13T15:52:42.460+0000] {dag.py:3490} INFO - Setting next_dagrun for example_complex to None, run_after=None
[2023-06-13T15:52:42.487+0000] {processor.py:179} INFO - Processing /home/airflow/.local/lib/python3.7/site-packages/airflow/example_dags/example_complex.py took 0.147 seconds
[2023-06-13T15:53:13.510+0000] {processor.py:157} INFO - Started process (PID=132) to work on /home/airflow/.local/lib/python3.7/site-packages/airflow/example_dags/example_complex.py
[2023-06-13T15:53:13.511+0000] {processor.py:826} INFO - Processing file /home/airflow/.local/lib/python3.7/site-packages/airflow/example_dags/example_complex.py for tasks to queue
[2023-06-13T15:53:13.512+0000] {logging_mixin.py:149} INFO - [2023-06-13T15:53:13.512+0000] {dagbag.py:541} INFO - Filling up the DagBag from /home/airflow/.local/lib/python3.7/site-packages/airflow/example_dags/example_complex.py
[2023-06-13T15:53:13.528+0000] {logging_mixin.py:149} INFO - [2023-06-13T15:53:13.527+0000] {taskmixin.py:211} WARNING - Dependency <Task(BashOperator): create_entry_group>, delete_entry_group already registered for DAG: example_complex
[2023-06-13T15:53:13.528+0000] {logging_mixin.py:149} INFO - [2023-06-13T15:53:13.528+0000] {taskmixin.py:211} WARNING - Dependency <Task(BashOperator): delete_entry_group>, create_entry_group already registered for DAG: example_complex
[2023-06-13T15:53:13.529+0000] {logging_mixin.py:149} INFO - [2023-06-13T15:53:13.529+0000] {taskmixin.py:211} WARNING - Dependency <Task(BashOperator): create_entry_gcs>, delete_entry already registered for DAG: example_complex
[2023-06-13T15:53:13.529+0000] {logging_mixin.py:149} INFO - [2023-06-13T15:53:13.529+0000] {taskmixin.py:211} WARNING - Dependency <Task(BashOperator): delete_entry>, create_entry_gcs already registered for DAG: example_complex
[2023-06-13T15:53:13.530+0000] {logging_mixin.py:149} INFO - [2023-06-13T15:53:13.530+0000] {taskmixin.py:211} WARNING - Dependency <Task(BashOperator): create_tag>, delete_tag already registered for DAG: example_complex
[2023-06-13T15:53:13.530+0000] {logging_mixin.py:149} INFO - [2023-06-13T15:53:13.530+0000] {taskmixin.py:211} WARNING - Dependency <Task(BashOperator): delete_tag>, create_tag already registered for DAG: example_complex
[2023-06-13T15:53:13.533+0000] {processor.py:836} INFO - DAG(s) dict_keys(['example_complex']) retrieved from /home/airflow/.local/lib/python3.7/site-packages/airflow/example_dags/example_complex.py
[2023-06-13T15:53:13.573+0000] {logging_mixin.py:149} INFO - [2023-06-13T15:53:13.572+0000] {dag.py:2726} INFO - Sync 1 DAGs
[2023-06-13T15:53:13.607+0000] {logging_mixin.py:149} INFO - [2023-06-13T15:53:13.606+0000] {dag.py:3490} INFO - Setting next_dagrun for example_complex to None, run_after=None
[2023-06-13T15:53:13.636+0000] {processor.py:179} INFO - Processing /home/airflow/.local/lib/python3.7/site-packages/airflow/example_dags/example_complex.py took 0.129 seconds
