[2023-06-11T16:48:31.650+0000] {processor.py:157} INFO - Started process (PID=47) to work on /home/airflow/.local/lib/python3.7/site-packages/airflow/example_dags/example_xcom.py
[2023-06-11T16:48:31.651+0000] {processor.py:826} INFO - Processing file /home/airflow/.local/lib/python3.7/site-packages/airflow/example_dags/example_xcom.py for tasks to queue
[2023-06-11T16:48:31.651+0000] {logging_mixin.py:149} INFO - [2023-06-11T16:48:31.651+0000] {dagbag.py:541} INFO - Filling up the DagBag from /home/airflow/.local/lib/python3.7/site-packages/airflow/example_dags/example_xcom.py
[2023-06-11T16:48:31.660+0000] {processor.py:836} INFO - DAG(s) dict_keys(['example_xcom']) retrieved from /home/airflow/.local/lib/python3.7/site-packages/airflow/example_dags/example_xcom.py
[2023-06-11T16:48:31.687+0000] {logging_mixin.py:149} INFO - [2023-06-11T16:48:31.686+0000] {dag.py:2726} INFO - Sync 1 DAGs
[2023-06-11T16:48:31.715+0000] {logging_mixin.py:149} INFO - [2023-06-11T16:48:31.714+0000] {dag.py:3490} INFO - Setting next_dagrun for example_xcom to 2021-01-01T00:00:00+00:00, run_after=2021-01-01T00:00:00+00:00
[2023-06-11T16:48:31.735+0000] {processor.py:179} INFO - Processing /home/airflow/.local/lib/python3.7/site-packages/airflow/example_dags/example_xcom.py took 0.088 seconds
[2023-06-11T16:49:01.885+0000] {processor.py:157} INFO - Started process (PID=111) to work on /home/airflow/.local/lib/python3.7/site-packages/airflow/example_dags/example_xcom.py
[2023-06-11T16:49:01.886+0000] {processor.py:826} INFO - Processing file /home/airflow/.local/lib/python3.7/site-packages/airflow/example_dags/example_xcom.py for tasks to queue
[2023-06-11T16:49:01.887+0000] {logging_mixin.py:149} INFO - [2023-06-11T16:49:01.887+0000] {dagbag.py:541} INFO - Filling up the DagBag from /home/airflow/.local/lib/python3.7/site-packages/airflow/example_dags/example_xcom.py
[2023-06-11T16:49:01.893+0000] {processor.py:836} INFO - DAG(s) dict_keys(['example_xcom']) retrieved from /home/airflow/.local/lib/python3.7/site-packages/airflow/example_dags/example_xcom.py
[2023-06-11T16:49:01.916+0000] {logging_mixin.py:149} INFO - [2023-06-11T16:49:01.916+0000] {dag.py:2726} INFO - Sync 1 DAGs
[2023-06-11T16:49:01.939+0000] {logging_mixin.py:149} INFO - [2023-06-11T16:49:01.939+0000] {dag.py:3490} INFO - Setting next_dagrun for example_xcom to 2021-01-01T00:00:00+00:00, run_after=2021-01-01T00:00:00+00:00
[2023-06-11T16:49:01.963+0000] {processor.py:179} INFO - Processing /home/airflow/.local/lib/python3.7/site-packages/airflow/example_dags/example_xcom.py took 0.080 seconds
[2023-06-11T16:49:32.505+0000] {processor.py:157} INFO - Started process (PID=188) to work on /home/airflow/.local/lib/python3.7/site-packages/airflow/example_dags/example_xcom.py
[2023-06-11T16:49:32.506+0000] {processor.py:826} INFO - Processing file /home/airflow/.local/lib/python3.7/site-packages/airflow/example_dags/example_xcom.py for tasks to queue
[2023-06-11T16:49:32.506+0000] {logging_mixin.py:149} INFO - [2023-06-11T16:49:32.506+0000] {dagbag.py:541} INFO - Filling up the DagBag from /home/airflow/.local/lib/python3.7/site-packages/airflow/example_dags/example_xcom.py
[2023-06-11T16:49:32.513+0000] {processor.py:836} INFO - DAG(s) dict_keys(['example_xcom']) retrieved from /home/airflow/.local/lib/python3.7/site-packages/airflow/example_dags/example_xcom.py
[2023-06-11T16:49:32.535+0000] {logging_mixin.py:149} INFO - [2023-06-11T16:49:32.535+0000] {dag.py:2726} INFO - Sync 1 DAGs
[2023-06-11T16:49:32.652+0000] {logging_mixin.py:149} INFO - [2023-06-11T16:49:32.652+0000] {dag.py:3490} INFO - Setting next_dagrun for example_xcom to 2021-01-01T00:00:00+00:00, run_after=2021-01-01T00:00:00+00:00
[2023-06-11T16:49:32.732+0000] {processor.py:179} INFO - Processing /home/airflow/.local/lib/python3.7/site-packages/airflow/example_dags/example_xcom.py took 0.229 seconds
