[2023-06-11T16:48:32.550+0000] {processor.py:157} INFO - Started process (PID=54) to work on /home/airflow/.local/lib/python3.7/site-packages/airflow/example_dags/example_datasets.py
[2023-06-11T16:48:32.551+0000] {processor.py:826} INFO - Processing file /home/airflow/.local/lib/python3.7/site-packages/airflow/example_dags/example_datasets.py for tasks to queue
[2023-06-11T16:48:32.552+0000] {logging_mixin.py:149} INFO - [2023-06-11T16:48:32.552+0000] {dagbag.py:541} INFO - Filling up the DagBag from /home/airflow/.local/lib/python3.7/site-packages/airflow/example_dags/example_datasets.py
[2023-06-11T16:48:32.565+0000] {processor.py:836} INFO - DAG(s) dict_keys(['dataset_consumes_1', 'dataset_consumes_1_never_scheduled', 'dataset_produces_2', 'dataset_consumes_unknown_never_scheduled', 'dataset_produces_1', 'dataset_consumes_1_and_2']) retrieved from /home/airflow/.local/lib/python3.7/site-packages/airflow/example_dags/example_datasets.py
[2023-06-11T16:48:32.688+0000] {logging_mixin.py:149} INFO - [2023-06-11T16:48:32.687+0000] {dag.py:2726} INFO - Sync 6 DAGs
[2023-06-11T16:48:32.716+0000] {logging_mixin.py:149} INFO - [2023-06-11T16:48:32.716+0000] {dag.py:3490} INFO - Setting next_dagrun for dataset_consumes_1 to None, run_after=None
[2023-06-11T16:48:32.721+0000] {logging_mixin.py:149} INFO - [2023-06-11T16:48:32.721+0000] {dag.py:3490} INFO - Setting next_dagrun for dataset_consumes_1_and_2 to None, run_after=None
[2023-06-11T16:48:32.723+0000] {logging_mixin.py:149} INFO - [2023-06-11T16:48:32.723+0000] {dag.py:3490} INFO - Setting next_dagrun for dataset_consumes_1_never_scheduled to None, run_after=None
[2023-06-11T16:48:32.725+0000] {logging_mixin.py:149} INFO - [2023-06-11T16:48:32.725+0000] {dag.py:3490} INFO - Setting next_dagrun for dataset_consumes_unknown_never_scheduled to None, run_after=None
[2023-06-11T16:48:32.730+0000] {logging_mixin.py:149} INFO - [2023-06-11T16:48:32.730+0000] {dag.py:3490} INFO - Setting next_dagrun for dataset_produces_1 to 2023-06-10T00:00:00+00:00, run_after=2023-06-11T00:00:00+00:00
[2023-06-11T16:48:32.733+0000] {logging_mixin.py:149} INFO - [2023-06-11T16:48:32.732+0000] {dag.py:3490} INFO - Setting next_dagrun for dataset_produces_2 to None, run_after=None
[2023-06-11T16:48:32.799+0000] {processor.py:179} INFO - Processing /home/airflow/.local/lib/python3.7/site-packages/airflow/example_dags/example_datasets.py took 0.251 seconds
[2023-06-11T16:49:03.049+0000] {processor.py:157} INFO - Started process (PID=131) to work on /home/airflow/.local/lib/python3.7/site-packages/airflow/example_dags/example_datasets.py
[2023-06-11T16:49:03.049+0000] {processor.py:826} INFO - Processing file /home/airflow/.local/lib/python3.7/site-packages/airflow/example_dags/example_datasets.py for tasks to queue
[2023-06-11T16:49:03.050+0000] {logging_mixin.py:149} INFO - [2023-06-11T16:49:03.050+0000] {dagbag.py:541} INFO - Filling up the DagBag from /home/airflow/.local/lib/python3.7/site-packages/airflow/example_dags/example_datasets.py
[2023-06-11T16:49:03.058+0000] {processor.py:836} INFO - DAG(s) dict_keys(['dataset_consumes_1_and_2', 'dataset_consumes_unknown_never_scheduled', 'dataset_produces_2', 'dataset_produces_1', 'dataset_consumes_1_never_scheduled', 'dataset_consumes_1']) retrieved from /home/airflow/.local/lib/python3.7/site-packages/airflow/example_dags/example_datasets.py
[2023-06-11T16:49:03.098+0000] {logging_mixin.py:149} INFO - [2023-06-11T16:49:03.098+0000] {dag.py:2726} INFO - Sync 6 DAGs
[2023-06-11T16:49:03.129+0000] {logging_mixin.py:149} INFO - [2023-06-11T16:49:03.129+0000] {dag.py:3490} INFO - Setting next_dagrun for dataset_consumes_1 to None, run_after=None
[2023-06-11T16:49:03.133+0000] {logging_mixin.py:149} INFO - [2023-06-11T16:49:03.133+0000] {dag.py:3490} INFO - Setting next_dagrun for dataset_consumes_1_and_2 to None, run_after=None
[2023-06-11T16:49:03.134+0000] {logging_mixin.py:149} INFO - [2023-06-11T16:49:03.134+0000] {dag.py:3490} INFO - Setting next_dagrun for dataset_consumes_1_never_scheduled to None, run_after=None
[2023-06-11T16:49:03.136+0000] {logging_mixin.py:149} INFO - [2023-06-11T16:49:03.136+0000] {dag.py:3490} INFO - Setting next_dagrun for dataset_consumes_unknown_never_scheduled to None, run_after=None
[2023-06-11T16:49:03.139+0000] {logging_mixin.py:149} INFO - [2023-06-11T16:49:03.139+0000] {dag.py:3490} INFO - Setting next_dagrun for dataset_produces_1 to 2023-06-10T00:00:00+00:00, run_after=2023-06-11T00:00:00+00:00
[2023-06-11T16:49:03.140+0000] {logging_mixin.py:149} INFO - [2023-06-11T16:49:03.140+0000] {dag.py:3490} INFO - Setting next_dagrun for dataset_produces_2 to None, run_after=None
[2023-06-11T16:49:03.179+0000] {processor.py:179} INFO - Processing /home/airflow/.local/lib/python3.7/site-packages/airflow/example_dags/example_datasets.py took 0.133 seconds
[2023-06-11T16:49:33.692+0000] {processor.py:157} INFO - Started process (PID=208) to work on /home/airflow/.local/lib/python3.7/site-packages/airflow/example_dags/example_datasets.py
[2023-06-11T16:49:33.693+0000] {processor.py:826} INFO - Processing file /home/airflow/.local/lib/python3.7/site-packages/airflow/example_dags/example_datasets.py for tasks to queue
[2023-06-11T16:49:33.693+0000] {logging_mixin.py:149} INFO - [2023-06-11T16:49:33.693+0000] {dagbag.py:541} INFO - Filling up the DagBag from /home/airflow/.local/lib/python3.7/site-packages/airflow/example_dags/example_datasets.py
[2023-06-11T16:49:33.700+0000] {processor.py:836} INFO - DAG(s) dict_keys(['dataset_consumes_unknown_never_scheduled', 'dataset_consumes_1_never_scheduled', 'dataset_produces_2', 'dataset_consumes_1_and_2', 'dataset_produces_1', 'dataset_consumes_1']) retrieved from /home/airflow/.local/lib/python3.7/site-packages/airflow/example_dags/example_datasets.py
[2023-06-11T16:49:33.737+0000] {logging_mixin.py:149} INFO - [2023-06-11T16:49:33.737+0000] {dag.py:2726} INFO - Sync 6 DAGs
[2023-06-11T16:49:33.853+0000] {logging_mixin.py:149} INFO - [2023-06-11T16:49:33.853+0000] {dag.py:3490} INFO - Setting next_dagrun for dataset_consumes_1 to None, run_after=None
[2023-06-11T16:49:33.857+0000] {logging_mixin.py:149} INFO - [2023-06-11T16:49:33.857+0000] {dag.py:3490} INFO - Setting next_dagrun for dataset_consumes_1_and_2 to None, run_after=None
[2023-06-11T16:49:33.859+0000] {logging_mixin.py:149} INFO - [2023-06-11T16:49:33.859+0000] {dag.py:3490} INFO - Setting next_dagrun for dataset_consumes_1_never_scheduled to None, run_after=None
[2023-06-11T16:49:33.861+0000] {logging_mixin.py:149} INFO - [2023-06-11T16:49:33.861+0000] {dag.py:3490} INFO - Setting next_dagrun for dataset_consumes_unknown_never_scheduled to None, run_after=None
[2023-06-11T16:49:33.864+0000] {logging_mixin.py:149} INFO - [2023-06-11T16:49:33.864+0000] {dag.py:3490} INFO - Setting next_dagrun for dataset_produces_1 to 2023-06-10T00:00:00+00:00, run_after=2023-06-11T00:00:00+00:00
[2023-06-11T16:49:33.866+0000] {logging_mixin.py:149} INFO - [2023-06-11T16:49:33.866+0000] {dag.py:3490} INFO - Setting next_dagrun for dataset_produces_2 to None, run_after=None
[2023-06-11T16:49:33.901+0000] {processor.py:179} INFO - Processing /home/airflow/.local/lib/python3.7/site-packages/airflow/example_dags/example_datasets.py took 0.211 seconds
