[2023-06-11T16:48:34.518+0000] {processor.py:157} INFO - Started process (PID=80) to work on /home/airflow/.local/lib/python3.7/site-packages/airflow/example_dags/example_latest_only_with_trigger.py
[2023-06-11T16:48:34.519+0000] {processor.py:826} INFO - Processing file /home/airflow/.local/lib/python3.7/site-packages/airflow/example_dags/example_latest_only_with_trigger.py for tasks to queue
[2023-06-11T16:48:34.519+0000] {logging_mixin.py:149} INFO - [2023-06-11T16:48:34.519+0000] {dagbag.py:541} INFO - Filling up the DagBag from /home/airflow/.local/lib/python3.7/site-packages/airflow/example_dags/example_latest_only_with_trigger.py
[2023-06-11T16:48:34.527+0000] {processor.py:836} INFO - DAG(s) dict_keys(['latest_only_with_trigger']) retrieved from /home/airflow/.local/lib/python3.7/site-packages/airflow/example_dags/example_latest_only_with_trigger.py
[2023-06-11T16:48:34.551+0000] {logging_mixin.py:149} INFO - [2023-06-11T16:48:34.551+0000] {dag.py:2726} INFO - Sync 1 DAGs
[2023-06-11T16:48:34.580+0000] {logging_mixin.py:149} INFO - [2023-06-11T16:48:34.579+0000] {dag.py:3490} INFO - Setting next_dagrun for latest_only_with_trigger to 2023-06-11T12:48:34.579679+00:00, run_after=2023-06-11T16:48:34.579679+00:00
[2023-06-11T16:48:34.601+0000] {processor.py:179} INFO - Processing /home/airflow/.local/lib/python3.7/site-packages/airflow/example_dags/example_latest_only_with_trigger.py took 0.085 seconds
[2023-06-11T16:49:04.774+0000] {processor.py:157} INFO - Started process (PID=156) to work on /home/airflow/.local/lib/python3.7/site-packages/airflow/example_dags/example_latest_only_with_trigger.py
[2023-06-11T16:49:04.774+0000] {processor.py:826} INFO - Processing file /home/airflow/.local/lib/python3.7/site-packages/airflow/example_dags/example_latest_only_with_trigger.py for tasks to queue
[2023-06-11T16:49:04.775+0000] {logging_mixin.py:149} INFO - [2023-06-11T16:49:04.775+0000] {dagbag.py:541} INFO - Filling up the DagBag from /home/airflow/.local/lib/python3.7/site-packages/airflow/example_dags/example_latest_only_with_trigger.py
[2023-06-11T16:49:04.779+0000] {processor.py:836} INFO - DAG(s) dict_keys(['latest_only_with_trigger']) retrieved from /home/airflow/.local/lib/python3.7/site-packages/airflow/example_dags/example_latest_only_with_trigger.py
[2023-06-11T16:49:04.805+0000] {logging_mixin.py:149} INFO - [2023-06-11T16:49:04.804+0000] {dag.py:2726} INFO - Sync 1 DAGs
[2023-06-11T16:49:04.831+0000] {logging_mixin.py:149} INFO - [2023-06-11T16:49:04.831+0000] {dag.py:3490} INFO - Setting next_dagrun for latest_only_with_trigger to 2023-06-11T12:49:04.831489+00:00, run_after=2023-06-11T16:49:04.831489+00:00
[2023-06-11T16:49:04.948+0000] {processor.py:179} INFO - Processing /home/airflow/.local/lib/python3.7/site-packages/airflow/example_dags/example_latest_only_with_trigger.py took 0.177 seconds
[2023-06-11T16:49:36.515+0000] {processor.py:157} INFO - Started process (PID=234) to work on /home/airflow/.local/lib/python3.7/site-packages/airflow/example_dags/example_latest_only_with_trigger.py
[2023-06-11T16:49:36.516+0000] {processor.py:826} INFO - Processing file /home/airflow/.local/lib/python3.7/site-packages/airflow/example_dags/example_latest_only_with_trigger.py for tasks to queue
[2023-06-11T16:49:36.517+0000] {logging_mixin.py:149} INFO - [2023-06-11T16:49:36.517+0000] {dagbag.py:541} INFO - Filling up the DagBag from /home/airflow/.local/lib/python3.7/site-packages/airflow/example_dags/example_latest_only_with_trigger.py
[2023-06-11T16:49:36.521+0000] {processor.py:836} INFO - DAG(s) dict_keys(['latest_only_with_trigger']) retrieved from /home/airflow/.local/lib/python3.7/site-packages/airflow/example_dags/example_latest_only_with_trigger.py
[2023-06-11T16:49:36.639+0000] {logging_mixin.py:149} INFO - [2023-06-11T16:49:36.639+0000] {dag.py:2726} INFO - Sync 1 DAGs
[2023-06-11T16:49:36.668+0000] {logging_mixin.py:149} INFO - [2023-06-11T16:49:36.668+0000] {dag.py:3490} INFO - Setting next_dagrun for latest_only_with_trigger to 2023-06-11T12:49:36.668153+00:00, run_after=2023-06-11T16:49:36.668153+00:00
[2023-06-11T16:49:36.691+0000] {processor.py:179} INFO - Processing /home/airflow/.local/lib/python3.7/site-packages/airflow/example_dags/example_latest_only_with_trigger.py took 0.179 seconds
