[2023-06-11T16:48:33.630+0000] {processor.py:157} INFO - Started process (PID=68) to work on /home/airflow/.local/lib/python3.7/site-packages/airflow/example_dags/example_python_operator.py
[2023-06-11T16:48:33.631+0000] {processor.py:826} INFO - Processing file /home/airflow/.local/lib/python3.7/site-packages/airflow/example_dags/example_python_operator.py for tasks to queue
[2023-06-11T16:48:33.633+0000] {logging_mixin.py:149} INFO - [2023-06-11T16:48:33.632+0000] {dagbag.py:541} INFO - Filling up the DagBag from /home/airflow/.local/lib/python3.7/site-packages/airflow/example_dags/example_python_operator.py
[2023-06-11T16:48:33.641+0000] {logging_mixin.py:149} INFO - [2023-06-11T16:48:33.641+0000] {taskmixin.py:211} WARNING - Dependency <Task(_PythonDecoratedOperator): print_the_context>, log_sql_query already registered for DAG: example_python_operator
[2023-06-11T16:48:33.642+0000] {logging_mixin.py:149} INFO - [2023-06-11T16:48:33.642+0000] {taskmixin.py:211} WARNING - Dependency <Task(_PythonDecoratedOperator): log_sql_query>, print_the_context already registered for DAG: example_python_operator
[2023-06-11T16:48:33.643+0000] {logging_mixin.py:149} INFO - [2023-06-11T16:48:33.643+0000] {taskmixin.py:211} WARNING - Dependency <Task(_PythonDecoratedOperator): print_the_context>, log_sql_query already registered for DAG: example_python_operator
[2023-06-11T16:48:33.644+0000] {logging_mixin.py:149} INFO - [2023-06-11T16:48:33.643+0000] {taskmixin.py:211} WARNING - Dependency <Task(_PythonDecoratedOperator): log_sql_query>, print_the_context already registered for DAG: example_python_operator
[2023-06-11T16:48:33.645+0000] {logging_mixin.py:149} INFO - [2023-06-11T16:48:33.645+0000] {taskmixin.py:211} WARNING - Dependency <Task(_PythonDecoratedOperator): print_the_context>, log_sql_query already registered for DAG: example_python_operator
[2023-06-11T16:48:33.645+0000] {logging_mixin.py:149} INFO - [2023-06-11T16:48:33.645+0000] {taskmixin.py:211} WARNING - Dependency <Task(_PythonDecoratedOperator): log_sql_query>, print_the_context already registered for DAG: example_python_operator
[2023-06-11T16:48:33.646+0000] {logging_mixin.py:149} INFO - [2023-06-11T16:48:33.646+0000] {taskmixin.py:211} WARNING - Dependency <Task(_PythonDecoratedOperator): print_the_context>, log_sql_query already registered for DAG: example_python_operator
[2023-06-11T16:48:33.647+0000] {logging_mixin.py:149} INFO - [2023-06-11T16:48:33.646+0000] {taskmixin.py:211} WARNING - Dependency <Task(_PythonDecoratedOperator): log_sql_query>, print_the_context already registered for DAG: example_python_operator
[2023-06-11T16:48:33.652+0000] {processor.py:836} INFO - DAG(s) dict_keys(['example_python_operator']) retrieved from /home/airflow/.local/lib/python3.7/site-packages/airflow/example_dags/example_python_operator.py
[2023-06-11T16:48:33.729+0000] {logging_mixin.py:149} INFO - [2023-06-11T16:48:33.729+0000] {dag.py:2726} INFO - Sync 1 DAGs
[2023-06-11T16:48:33.766+0000] {logging_mixin.py:149} INFO - [2023-06-11T16:48:33.766+0000] {dag.py:3490} INFO - Setting next_dagrun for example_python_operator to None, run_after=None
[2023-06-11T16:48:33.796+0000] {processor.py:179} INFO - Processing /home/airflow/.local/lib/python3.7/site-packages/airflow/example_dags/example_python_operator.py took 0.170 seconds
[2023-06-11T16:49:04.063+0000] {processor.py:157} INFO - Started process (PID=145) to work on /home/airflow/.local/lib/python3.7/site-packages/airflow/example_dags/example_python_operator.py
[2023-06-11T16:49:04.063+0000] {processor.py:826} INFO - Processing file /home/airflow/.local/lib/python3.7/site-packages/airflow/example_dags/example_python_operator.py for tasks to queue
[2023-06-11T16:49:04.064+0000] {logging_mixin.py:149} INFO - [2023-06-11T16:49:04.064+0000] {dagbag.py:541} INFO - Filling up the DagBag from /home/airflow/.local/lib/python3.7/site-packages/airflow/example_dags/example_python_operator.py
[2023-06-11T16:49:04.070+0000] {logging_mixin.py:149} INFO - [2023-06-11T16:49:04.070+0000] {taskmixin.py:211} WARNING - Dependency <Task(_PythonDecoratedOperator): print_the_context>, log_sql_query already registered for DAG: example_python_operator
[2023-06-11T16:49:04.070+0000] {logging_mixin.py:149} INFO - [2023-06-11T16:49:04.070+0000] {taskmixin.py:211} WARNING - Dependency <Task(_PythonDecoratedOperator): log_sql_query>, print_the_context already registered for DAG: example_python_operator
[2023-06-11T16:49:04.072+0000] {logging_mixin.py:149} INFO - [2023-06-11T16:49:04.072+0000] {taskmixin.py:211} WARNING - Dependency <Task(_PythonDecoratedOperator): print_the_context>, log_sql_query already registered for DAG: example_python_operator
[2023-06-11T16:49:04.072+0000] {logging_mixin.py:149} INFO - [2023-06-11T16:49:04.072+0000] {taskmixin.py:211} WARNING - Dependency <Task(_PythonDecoratedOperator): log_sql_query>, print_the_context already registered for DAG: example_python_operator
[2023-06-11T16:49:04.073+0000] {logging_mixin.py:149} INFO - [2023-06-11T16:49:04.073+0000] {taskmixin.py:211} WARNING - Dependency <Task(_PythonDecoratedOperator): print_the_context>, log_sql_query already registered for DAG: example_python_operator
[2023-06-11T16:49:04.074+0000] {logging_mixin.py:149} INFO - [2023-06-11T16:49:04.074+0000] {taskmixin.py:211} WARNING - Dependency <Task(_PythonDecoratedOperator): log_sql_query>, print_the_context already registered for DAG: example_python_operator
[2023-06-11T16:49:04.075+0000] {logging_mixin.py:149} INFO - [2023-06-11T16:49:04.075+0000] {taskmixin.py:211} WARNING - Dependency <Task(_PythonDecoratedOperator): print_the_context>, log_sql_query already registered for DAG: example_python_operator
[2023-06-11T16:49:04.075+0000] {logging_mixin.py:149} INFO - [2023-06-11T16:49:04.075+0000] {taskmixin.py:211} WARNING - Dependency <Task(_PythonDecoratedOperator): log_sql_query>, print_the_context already registered for DAG: example_python_operator
[2023-06-11T16:49:04.079+0000] {processor.py:836} INFO - DAG(s) dict_keys(['example_python_operator']) retrieved from /home/airflow/.local/lib/python3.7/site-packages/airflow/example_dags/example_python_operator.py
[2023-06-11T16:49:04.106+0000] {logging_mixin.py:149} INFO - [2023-06-11T16:49:04.106+0000] {dag.py:2726} INFO - Sync 1 DAGs
[2023-06-11T16:49:04.138+0000] {logging_mixin.py:149} INFO - [2023-06-11T16:49:04.137+0000] {dag.py:3490} INFO - Setting next_dagrun for example_python_operator to None, run_after=None
[2023-06-11T16:49:04.280+0000] {processor.py:179} INFO - Processing /home/airflow/.local/lib/python3.7/site-packages/airflow/example_dags/example_python_operator.py took 0.220 seconds
[2023-06-11T16:49:34.970+0000] {processor.py:157} INFO - Started process (PID=222) to work on /home/airflow/.local/lib/python3.7/site-packages/airflow/example_dags/example_python_operator.py
[2023-06-11T16:49:34.970+0000] {processor.py:826} INFO - Processing file /home/airflow/.local/lib/python3.7/site-packages/airflow/example_dags/example_python_operator.py for tasks to queue
[2023-06-11T16:49:34.971+0000] {logging_mixin.py:149} INFO - [2023-06-11T16:49:34.971+0000] {dagbag.py:541} INFO - Filling up the DagBag from /home/airflow/.local/lib/python3.7/site-packages/airflow/example_dags/example_python_operator.py
[2023-06-11T16:49:34.976+0000] {logging_mixin.py:149} INFO - [2023-06-11T16:49:34.976+0000] {taskmixin.py:211} WARNING - Dependency <Task(_PythonDecoratedOperator): print_the_context>, log_sql_query already registered for DAG: example_python_operator
[2023-06-11T16:49:34.977+0000] {logging_mixin.py:149} INFO - [2023-06-11T16:49:34.977+0000] {taskmixin.py:211} WARNING - Dependency <Task(_PythonDecoratedOperator): log_sql_query>, print_the_context already registered for DAG: example_python_operator
[2023-06-11T16:49:34.978+0000] {logging_mixin.py:149} INFO - [2023-06-11T16:49:34.977+0000] {taskmixin.py:211} WARNING - Dependency <Task(_PythonDecoratedOperator): print_the_context>, log_sql_query already registered for DAG: example_python_operator
[2023-06-11T16:49:34.978+0000] {logging_mixin.py:149} INFO - [2023-06-11T16:49:34.978+0000] {taskmixin.py:211} WARNING - Dependency <Task(_PythonDecoratedOperator): log_sql_query>, print_the_context already registered for DAG: example_python_operator
[2023-06-11T16:49:34.979+0000] {logging_mixin.py:149} INFO - [2023-06-11T16:49:34.979+0000] {taskmixin.py:211} WARNING - Dependency <Task(_PythonDecoratedOperator): print_the_context>, log_sql_query already registered for DAG: example_python_operator
[2023-06-11T16:49:34.980+0000] {logging_mixin.py:149} INFO - [2023-06-11T16:49:34.979+0000] {taskmixin.py:211} WARNING - Dependency <Task(_PythonDecoratedOperator): log_sql_query>, print_the_context already registered for DAG: example_python_operator
[2023-06-11T16:49:34.981+0000] {logging_mixin.py:149} INFO - [2023-06-11T16:49:34.980+0000] {taskmixin.py:211} WARNING - Dependency <Task(_PythonDecoratedOperator): print_the_context>, log_sql_query already registered for DAG: example_python_operator
[2023-06-11T16:49:34.981+0000] {logging_mixin.py:149} INFO - [2023-06-11T16:49:34.981+0000] {taskmixin.py:211} WARNING - Dependency <Task(_PythonDecoratedOperator): log_sql_query>, print_the_context already registered for DAG: example_python_operator
[2023-06-11T16:49:34.984+0000] {processor.py:836} INFO - DAG(s) dict_keys(['example_python_operator']) retrieved from /home/airflow/.local/lib/python3.7/site-packages/airflow/example_dags/example_python_operator.py
[2023-06-11T16:49:35.103+0000] {logging_mixin.py:149} INFO - [2023-06-11T16:49:35.103+0000] {dag.py:2726} INFO - Sync 1 DAGs
[2023-06-11T16:49:35.129+0000] {logging_mixin.py:149} INFO - [2023-06-11T16:49:35.129+0000] {dag.py:3490} INFO - Setting next_dagrun for example_python_operator to None, run_after=None
[2023-06-11T16:49:35.149+0000] {processor.py:179} INFO - Processing /home/airflow/.local/lib/python3.7/site-packages/airflow/example_dags/example_python_operator.py took 0.181 seconds
