[2023-06-11T16:48:31.516+0000] {processor.py:157} INFO - Started process (PID=46) to work on /home/airflow/.local/lib/python3.7/site-packages/airflow/example_dags/example_short_circuit_operator.py
[2023-06-11T16:48:31.517+0000] {processor.py:826} INFO - Processing file /home/airflow/.local/lib/python3.7/site-packages/airflow/example_dags/example_short_circuit_operator.py for tasks to queue
[2023-06-11T16:48:31.518+0000] {logging_mixin.py:149} INFO - [2023-06-11T16:48:31.517+0000] {dagbag.py:541} INFO - Filling up the DagBag from /home/airflow/.local/lib/python3.7/site-packages/airflow/example_dags/example_short_circuit_operator.py
[2023-06-11T16:48:31.528+0000] {processor.py:836} INFO - DAG(s) dict_keys(['example_short_circuit_operator']) retrieved from /home/airflow/.local/lib/python3.7/site-packages/airflow/example_dags/example_short_circuit_operator.py
[2023-06-11T16:48:31.566+0000] {logging_mixin.py:149} INFO - [2023-06-11T16:48:31.566+0000] {dag.py:2726} INFO - Sync 1 DAGs
[2023-06-11T16:48:31.602+0000] {logging_mixin.py:149} INFO - [2023-06-11T16:48:31.602+0000] {dag.py:3490} INFO - Setting next_dagrun for example_short_circuit_operator to 2023-06-10T16:48:31.602355+00:00, run_after=2023-06-11T16:48:31.602355+00:00
[2023-06-11T16:48:31.626+0000] {processor.py:179} INFO - Processing /home/airflow/.local/lib/python3.7/site-packages/airflow/example_dags/example_short_circuit_operator.py took 0.113 seconds
[2023-06-11T16:49:01.790+0000] {processor.py:157} INFO - Started process (PID=110) to work on /home/airflow/.local/lib/python3.7/site-packages/airflow/example_dags/example_short_circuit_operator.py
[2023-06-11T16:49:01.790+0000] {processor.py:826} INFO - Processing file /home/airflow/.local/lib/python3.7/site-packages/airflow/example_dags/example_short_circuit_operator.py for tasks to queue
[2023-06-11T16:49:01.791+0000] {logging_mixin.py:149} INFO - [2023-06-11T16:49:01.791+0000] {dagbag.py:541} INFO - Filling up the DagBag from /home/airflow/.local/lib/python3.7/site-packages/airflow/example_dags/example_short_circuit_operator.py
[2023-06-11T16:49:01.797+0000] {processor.py:836} INFO - DAG(s) dict_keys(['example_short_circuit_operator']) retrieved from /home/airflow/.local/lib/python3.7/site-packages/airflow/example_dags/example_short_circuit_operator.py
[2023-06-11T16:49:01.819+0000] {logging_mixin.py:149} INFO - [2023-06-11T16:49:01.819+0000] {dag.py:2726} INFO - Sync 1 DAGs
[2023-06-11T16:49:01.845+0000] {logging_mixin.py:149} INFO - [2023-06-11T16:49:01.845+0000] {dag.py:3490} INFO - Setting next_dagrun for example_short_circuit_operator to 2023-06-10T16:49:01.844854+00:00, run_after=2023-06-11T16:49:01.844854+00:00
[2023-06-11T16:49:01.866+0000] {processor.py:179} INFO - Processing /home/airflow/.local/lib/python3.7/site-packages/airflow/example_dags/example_short_circuit_operator.py took 0.078 seconds
[2023-06-11T16:49:32.441+0000] {processor.py:157} INFO - Started process (PID=187) to work on /home/airflow/.local/lib/python3.7/site-packages/airflow/example_dags/example_short_circuit_operator.py
[2023-06-11T16:49:32.442+0000] {processor.py:826} INFO - Processing file /home/airflow/.local/lib/python3.7/site-packages/airflow/example_dags/example_short_circuit_operator.py for tasks to queue
[2023-06-11T16:49:32.442+0000] {logging_mixin.py:149} INFO - [2023-06-11T16:49:32.442+0000] {dagbag.py:541} INFO - Filling up the DagBag from /home/airflow/.local/lib/python3.7/site-packages/airflow/example_dags/example_short_circuit_operator.py
[2023-06-11T16:49:32.448+0000] {processor.py:836} INFO - DAG(s) dict_keys(['example_short_circuit_operator']) retrieved from /home/airflow/.local/lib/python3.7/site-packages/airflow/example_dags/example_short_circuit_operator.py
[2023-06-11T16:49:32.469+0000] {logging_mixin.py:149} INFO - [2023-06-11T16:49:32.469+0000] {dag.py:2726} INFO - Sync 1 DAGs
[2023-06-11T16:49:32.593+0000] {logging_mixin.py:149} INFO - [2023-06-11T16:49:32.592+0000] {dag.py:3490} INFO - Setting next_dagrun for example_short_circuit_operator to 2023-06-10T16:49:32.592719+00:00, run_after=2023-06-11T16:49:32.592719+00:00
[2023-06-11T16:49:32.611+0000] {processor.py:179} INFO - Processing /home/airflow/.local/lib/python3.7/site-packages/airflow/example_dags/example_short_circuit_operator.py took 0.173 seconds
