[2023-06-11T16:48:33.781+0000] {processor.py:157} INFO - Started process (PID=70) to work on /home/airflow/.local/lib/python3.7/site-packages/airflow/example_dags/example_branch_operator.py
[2023-06-11T16:48:33.782+0000] {processor.py:826} INFO - Processing file /home/airflow/.local/lib/python3.7/site-packages/airflow/example_dags/example_branch_operator.py for tasks to queue
[2023-06-11T16:48:33.783+0000] {logging_mixin.py:149} INFO - [2023-06-11T16:48:33.783+0000] {dagbag.py:541} INFO - Filling up the DagBag from /home/airflow/.local/lib/python3.7/site-packages/airflow/example_dags/example_branch_operator.py
[2023-06-11T16:48:33.798+0000] {processor.py:836} INFO - DAG(s) dict_keys(['example_branch_operator']) retrieved from /home/airflow/.local/lib/python3.7/site-packages/airflow/example_dags/example_branch_operator.py
[2023-06-11T16:48:33.838+0000] {logging_mixin.py:149} INFO - [2023-06-11T16:48:33.838+0000] {dag.py:2726} INFO - Sync 1 DAGs
[2023-06-11T16:48:33.871+0000] {logging_mixin.py:149} INFO - [2023-06-11T16:48:33.871+0000] {dag.py:3490} INFO - Setting next_dagrun for example_branch_operator to 2023-06-10T00:00:00+00:00, run_after=2023-06-11T00:00:00+00:00
[2023-06-11T16:48:33.900+0000] {processor.py:179} INFO - Processing /home/airflow/.local/lib/python3.7/site-packages/airflow/example_dags/example_branch_operator.py took 0.121 seconds
[2023-06-11T16:49:04.167+0000] {processor.py:157} INFO - Started process (PID=147) to work on /home/airflow/.local/lib/python3.7/site-packages/airflow/example_dags/example_branch_operator.py
[2023-06-11T16:49:04.168+0000] {processor.py:826} INFO - Processing file /home/airflow/.local/lib/python3.7/site-packages/airflow/example_dags/example_branch_operator.py for tasks to queue
[2023-06-11T16:49:04.169+0000] {logging_mixin.py:149} INFO - [2023-06-11T16:49:04.169+0000] {dagbag.py:541} INFO - Filling up the DagBag from /home/airflow/.local/lib/python3.7/site-packages/airflow/example_dags/example_branch_operator.py
[2023-06-11T16:49:04.178+0000] {processor.py:836} INFO - DAG(s) dict_keys(['example_branch_operator']) retrieved from /home/airflow/.local/lib/python3.7/site-packages/airflow/example_dags/example_branch_operator.py
[2023-06-11T16:49:04.205+0000] {logging_mixin.py:149} INFO - [2023-06-11T16:49:04.205+0000] {dag.py:2726} INFO - Sync 1 DAGs
[2023-06-11T16:49:04.233+0000] {logging_mixin.py:149} INFO - [2023-06-11T16:49:04.233+0000] {dag.py:3490} INFO - Setting next_dagrun for example_branch_operator to 2023-06-10T00:00:00+00:00, run_after=2023-06-11T00:00:00+00:00
[2023-06-11T16:49:04.257+0000] {processor.py:179} INFO - Processing /home/airflow/.local/lib/python3.7/site-packages/airflow/example_dags/example_branch_operator.py took 0.092 seconds
[2023-06-11T16:49:35.178+0000] {processor.py:157} INFO - Started process (PID=224) to work on /home/airflow/.local/lib/python3.7/site-packages/airflow/example_dags/example_branch_operator.py
[2023-06-11T16:49:35.178+0000] {processor.py:826} INFO - Processing file /home/airflow/.local/lib/python3.7/site-packages/airflow/example_dags/example_branch_operator.py for tasks to queue
[2023-06-11T16:49:35.179+0000] {logging_mixin.py:149} INFO - [2023-06-11T16:49:35.179+0000] {dagbag.py:541} INFO - Filling up the DagBag from /home/airflow/.local/lib/python3.7/site-packages/airflow/example_dags/example_branch_operator.py
[2023-06-11T16:49:35.186+0000] {processor.py:836} INFO - DAG(s) dict_keys(['example_branch_operator']) retrieved from /home/airflow/.local/lib/python3.7/site-packages/airflow/example_dags/example_branch_operator.py
[2023-06-11T16:49:35.293+0000] {logging_mixin.py:149} INFO - [2023-06-11T16:49:35.293+0000] {dag.py:2726} INFO - Sync 1 DAGs
[2023-06-11T16:49:35.315+0000] {logging_mixin.py:149} INFO - [2023-06-11T16:49:35.315+0000] {dag.py:3490} INFO - Setting next_dagrun for example_branch_operator to 2023-06-10T00:00:00+00:00, run_after=2023-06-11T00:00:00+00:00
[2023-06-11T16:49:35.330+0000] {processor.py:179} INFO - Processing /home/airflow/.local/lib/python3.7/site-packages/airflow/example_dags/example_branch_operator.py took 0.155 seconds
