[2023-06-11T16:48:31.764+0000] {processor.py:157} INFO - Started process (PID=48) to work on /home/airflow/.local/lib/python3.7/site-packages/airflow/example_dags/example_kubernetes_executor.py
[2023-06-11T16:48:31.765+0000] {processor.py:826} INFO - Processing file /home/airflow/.local/lib/python3.7/site-packages/airflow/example_dags/example_kubernetes_executor.py for tasks to queue
[2023-06-11T16:48:31.766+0000] {logging_mixin.py:149} INFO - [2023-06-11T16:48:31.766+0000] {dagbag.py:541} INFO - Filling up the DagBag from /home/airflow/.local/lib/python3.7/site-packages/airflow/example_dags/example_kubernetes_executor.py
[2023-06-11T16:48:32.399+0000] {processor.py:836} INFO - DAG(s) dict_keys(['example_kubernetes_executor']) retrieved from /home/airflow/.local/lib/python3.7/site-packages/airflow/example_dags/example_kubernetes_executor.py
[2023-06-11T16:48:32.454+0000] {logging_mixin.py:149} INFO - [2023-06-11T16:48:32.454+0000] {dag.py:2726} INFO - Sync 1 DAGs
[2023-06-11T16:48:32.493+0000] {logging_mixin.py:149} INFO - [2023-06-11T16:48:32.493+0000] {dag.py:3490} INFO - Setting next_dagrun for example_kubernetes_executor to None, run_after=None
[2023-06-11T16:48:32.517+0000] {processor.py:179} INFO - Processing /home/airflow/.local/lib/python3.7/site-packages/airflow/example_dags/example_kubernetes_executor.py took 0.756 seconds
[2023-06-11T16:49:02.703+0000] {processor.py:157} INFO - Started process (PID=128) to work on /home/airflow/.local/lib/python3.7/site-packages/airflow/example_dags/example_kubernetes_executor.py
[2023-06-11T16:49:02.705+0000] {processor.py:826} INFO - Processing file /home/airflow/.local/lib/python3.7/site-packages/airflow/example_dags/example_kubernetes_executor.py for tasks to queue
[2023-06-11T16:49:02.706+0000] {logging_mixin.py:149} INFO - [2023-06-11T16:49:02.706+0000] {dagbag.py:541} INFO - Filling up the DagBag from /home/airflow/.local/lib/python3.7/site-packages/airflow/example_dags/example_kubernetes_executor.py
[2023-06-11T16:49:03.027+0000] {processor.py:836} INFO - DAG(s) dict_keys(['example_kubernetes_executor']) retrieved from /home/airflow/.local/lib/python3.7/site-packages/airflow/example_dags/example_kubernetes_executor.py
[2023-06-11T16:49:03.065+0000] {logging_mixin.py:149} INFO - [2023-06-11T16:49:03.065+0000] {dag.py:2726} INFO - Sync 1 DAGs
[2023-06-11T16:49:03.089+0000] {logging_mixin.py:149} INFO - [2023-06-11T16:49:03.089+0000] {dag.py:3490} INFO - Setting next_dagrun for example_kubernetes_executor to None, run_after=None
[2023-06-11T16:49:03.106+0000] {processor.py:179} INFO - Processing /home/airflow/.local/lib/python3.7/site-packages/airflow/example_dags/example_kubernetes_executor.py took 0.406 seconds
[2023-06-11T16:49:33.150+0000] {processor.py:157} INFO - Started process (PID=204) to work on /home/airflow/.local/lib/python3.7/site-packages/airflow/example_dags/example_kubernetes_executor.py
[2023-06-11T16:49:33.151+0000] {processor.py:826} INFO - Processing file /home/airflow/.local/lib/python3.7/site-packages/airflow/example_dags/example_kubernetes_executor.py for tasks to queue
[2023-06-11T16:49:33.152+0000] {logging_mixin.py:149} INFO - [2023-06-11T16:49:33.151+0000] {dagbag.py:541} INFO - Filling up the DagBag from /home/airflow/.local/lib/python3.7/site-packages/airflow/example_dags/example_kubernetes_executor.py
[2023-06-11T16:49:33.469+0000] {processor.py:836} INFO - DAG(s) dict_keys(['example_kubernetes_executor']) retrieved from /home/airflow/.local/lib/python3.7/site-packages/airflow/example_dags/example_kubernetes_executor.py
[2023-06-11T16:49:33.505+0000] {logging_mixin.py:149} INFO - [2023-06-11T16:49:33.504+0000] {dag.py:2726} INFO - Sync 1 DAGs
[2023-06-11T16:49:33.531+0000] {logging_mixin.py:149} INFO - [2023-06-11T16:49:33.531+0000] {dag.py:3490} INFO - Setting next_dagrun for example_kubernetes_executor to None, run_after=None
[2023-06-11T16:49:33.560+0000] {processor.py:179} INFO - Processing /home/airflow/.local/lib/python3.7/site-packages/airflow/example_dags/example_kubernetes_executor.py took 0.412 seconds
