[2023-06-11T16:48:32.970+0000] {processor.py:157} INFO - Started process (PID=57) to work on /home/airflow/.local/lib/python3.7/site-packages/airflow/example_dags/example_sensors.py
[2023-06-11T16:48:32.971+0000] {processor.py:826} INFO - Processing file /home/airflow/.local/lib/python3.7/site-packages/airflow/example_dags/example_sensors.py for tasks to queue
[2023-06-11T16:48:32.972+0000] {logging_mixin.py:149} INFO - [2023-06-11T16:48:32.972+0000] {dagbag.py:541} INFO - Filling up the DagBag from /home/airflow/.local/lib/python3.7/site-packages/airflow/example_dags/example_sensors.py
[2023-06-11T16:48:32.984+0000] {processor.py:836} INFO - DAG(s) dict_keys(['example_sensors']) retrieved from /home/airflow/.local/lib/python3.7/site-packages/airflow/example_dags/example_sensors.py
[2023-06-11T16:48:33.021+0000] {logging_mixin.py:149} INFO - [2023-06-11T16:48:33.021+0000] {dag.py:2726} INFO - Sync 1 DAGs
[2023-06-11T16:48:33.054+0000] {logging_mixin.py:149} INFO - [2023-06-11T16:48:33.054+0000] {dag.py:3490} INFO - Setting next_dagrun for example_sensors to None, run_after=None
[2023-06-11T16:48:33.081+0000] {processor.py:179} INFO - Processing /home/airflow/.local/lib/python3.7/site-packages/airflow/example_dags/example_sensors.py took 0.114 seconds
[2023-06-11T16:49:03.265+0000] {processor.py:157} INFO - Started process (PID=134) to work on /home/airflow/.local/lib/python3.7/site-packages/airflow/example_dags/example_sensors.py
[2023-06-11T16:49:03.266+0000] {processor.py:826} INFO - Processing file /home/airflow/.local/lib/python3.7/site-packages/airflow/example_dags/example_sensors.py for tasks to queue
[2023-06-11T16:49:03.267+0000] {logging_mixin.py:149} INFO - [2023-06-11T16:49:03.267+0000] {dagbag.py:541} INFO - Filling up the DagBag from /home/airflow/.local/lib/python3.7/site-packages/airflow/example_dags/example_sensors.py
[2023-06-11T16:49:03.276+0000] {processor.py:836} INFO - DAG(s) dict_keys(['example_sensors']) retrieved from /home/airflow/.local/lib/python3.7/site-packages/airflow/example_dags/example_sensors.py
[2023-06-11T16:49:03.304+0000] {logging_mixin.py:149} INFO - [2023-06-11T16:49:03.304+0000] {dag.py:2726} INFO - Sync 1 DAGs
[2023-06-11T16:49:03.334+0000] {logging_mixin.py:149} INFO - [2023-06-11T16:49:03.333+0000] {dag.py:3490} INFO - Setting next_dagrun for example_sensors to None, run_after=None
[2023-06-11T16:49:03.356+0000] {processor.py:179} INFO - Processing /home/airflow/.local/lib/python3.7/site-packages/airflow/example_dags/example_sensors.py took 0.093 seconds
[2023-06-11T16:49:33.969+0000] {processor.py:157} INFO - Started process (PID=211) to work on /home/airflow/.local/lib/python3.7/site-packages/airflow/example_dags/example_sensors.py
[2023-06-11T16:49:33.970+0000] {processor.py:826} INFO - Processing file /home/airflow/.local/lib/python3.7/site-packages/airflow/example_dags/example_sensors.py for tasks to queue
[2023-06-11T16:49:33.971+0000] {logging_mixin.py:149} INFO - [2023-06-11T16:49:33.971+0000] {dagbag.py:541} INFO - Filling up the DagBag from /home/airflow/.local/lib/python3.7/site-packages/airflow/example_dags/example_sensors.py
[2023-06-11T16:49:33.980+0000] {processor.py:836} INFO - DAG(s) dict_keys(['example_sensors']) retrieved from /home/airflow/.local/lib/python3.7/site-packages/airflow/example_dags/example_sensors.py
[2023-06-11T16:49:34.009+0000] {logging_mixin.py:149} INFO - [2023-06-11T16:49:34.008+0000] {dag.py:2726} INFO - Sync 1 DAGs
[2023-06-11T16:49:34.124+0000] {logging_mixin.py:149} INFO - [2023-06-11T16:49:34.123+0000] {dag.py:3490} INFO - Setting next_dagrun for example_sensors to None, run_after=None
[2023-06-11T16:49:34.142+0000] {processor.py:179} INFO - Processing /home/airflow/.local/lib/python3.7/site-packages/airflow/example_dags/example_sensors.py took 0.175 seconds
