[2023-06-11T16:48:34.872+0000] {processor.py:157} INFO - Started process (PID=84) to work on /home/airflow/.local/lib/python3.7/site-packages/airflow/example_dags/example_xcomargs.py
[2023-06-11T16:48:34.873+0000] {processor.py:826} INFO - Processing file /home/airflow/.local/lib/python3.7/site-packages/airflow/example_dags/example_xcomargs.py for tasks to queue
[2023-06-11T16:48:34.874+0000] {logging_mixin.py:149} INFO - [2023-06-11T16:48:34.874+0000] {dagbag.py:541} INFO - Filling up the DagBag from /home/airflow/.local/lib/python3.7/site-packages/airflow/example_dags/example_xcomargs.py
[2023-06-11T16:48:34.883+0000] {processor.py:836} INFO - DAG(s) dict_keys(['example_xcom_args_with_operators', 'example_xcom_args']) retrieved from /home/airflow/.local/lib/python3.7/site-packages/airflow/example_dags/example_xcomargs.py
[2023-06-11T16:48:34.917+0000] {logging_mixin.py:149} INFO - [2023-06-11T16:48:34.917+0000] {dag.py:2726} INFO - Sync 2 DAGs
[2023-06-11T16:48:34.946+0000] {logging_mixin.py:149} INFO - [2023-06-11T16:48:34.946+0000] {dag.py:3490} INFO - Setting next_dagrun for example_xcom_args to None, run_after=None
[2023-06-11T16:48:34.951+0000] {logging_mixin.py:149} INFO - [2023-06-11T16:48:34.951+0000] {dag.py:3490} INFO - Setting next_dagrun for example_xcom_args_with_operators to None, run_after=None
[2023-06-11T16:48:34.971+0000] {processor.py:179} INFO - Processing /home/airflow/.local/lib/python3.7/site-packages/airflow/example_dags/example_xcomargs.py took 0.102 seconds
[2023-06-11T16:49:05.377+0000] {processor.py:157} INFO - Started process (PID=161) to work on /home/airflow/.local/lib/python3.7/site-packages/airflow/example_dags/example_xcomargs.py
[2023-06-11T16:49:05.378+0000] {processor.py:826} INFO - Processing file /home/airflow/.local/lib/python3.7/site-packages/airflow/example_dags/example_xcomargs.py for tasks to queue
[2023-06-11T16:49:05.379+0000] {logging_mixin.py:149} INFO - [2023-06-11T16:49:05.378+0000] {dagbag.py:541} INFO - Filling up the DagBag from /home/airflow/.local/lib/python3.7/site-packages/airflow/example_dags/example_xcomargs.py
[2023-06-11T16:49:05.385+0000] {processor.py:836} INFO - DAG(s) dict_keys(['example_xcom_args', 'example_xcom_args_with_operators']) retrieved from /home/airflow/.local/lib/python3.7/site-packages/airflow/example_dags/example_xcomargs.py
[2023-06-11T16:49:05.411+0000] {logging_mixin.py:149} INFO - [2023-06-11T16:49:05.411+0000] {dag.py:2726} INFO - Sync 2 DAGs
[2023-06-11T16:49:05.434+0000] {logging_mixin.py:149} INFO - [2023-06-11T16:49:05.434+0000] {dag.py:3490} INFO - Setting next_dagrun for example_xcom_args to None, run_after=None
[2023-06-11T16:49:05.438+0000] {logging_mixin.py:149} INFO - [2023-06-11T16:49:05.438+0000] {dag.py:3490} INFO - Setting next_dagrun for example_xcom_args_with_operators to None, run_after=None
[2023-06-11T16:49:05.547+0000] {processor.py:179} INFO - Processing /home/airflow/.local/lib/python3.7/site-packages/airflow/example_dags/example_xcomargs.py took 0.172 seconds
[2023-06-11T16:49:36.962+0000] {processor.py:157} INFO - Started process (PID=239) to work on /home/airflow/.local/lib/python3.7/site-packages/airflow/example_dags/example_xcomargs.py
[2023-06-11T16:49:36.963+0000] {processor.py:826} INFO - Processing file /home/airflow/.local/lib/python3.7/site-packages/airflow/example_dags/example_xcomargs.py for tasks to queue
[2023-06-11T16:49:36.964+0000] {logging_mixin.py:149} INFO - [2023-06-11T16:49:36.964+0000] {dagbag.py:541} INFO - Filling up the DagBag from /home/airflow/.local/lib/python3.7/site-packages/airflow/example_dags/example_xcomargs.py
[2023-06-11T16:49:36.970+0000] {processor.py:836} INFO - DAG(s) dict_keys(['example_xcom_args_with_operators', 'example_xcom_args']) retrieved from /home/airflow/.local/lib/python3.7/site-packages/airflow/example_dags/example_xcomargs.py
[2023-06-11T16:49:37.086+0000] {logging_mixin.py:149} INFO - [2023-06-11T16:49:37.085+0000] {dag.py:2726} INFO - Sync 2 DAGs
[2023-06-11T16:49:37.116+0000] {logging_mixin.py:149} INFO - [2023-06-11T16:49:37.116+0000] {dag.py:3490} INFO - Setting next_dagrun for example_xcom_args to None, run_after=None
[2023-06-11T16:49:37.120+0000] {logging_mixin.py:149} INFO - [2023-06-11T16:49:37.120+0000] {dag.py:3490} INFO - Setting next_dagrun for example_xcom_args_with_operators to None, run_after=None
[2023-06-11T16:49:37.136+0000] {processor.py:179} INFO - Processing /home/airflow/.local/lib/python3.7/site-packages/airflow/example_dags/example_xcomargs.py took 0.176 seconds
