[2023-06-11T16:48:32.344+0000] {processor.py:157} INFO - Started process (PID=52) to work on /home/airflow/.local/lib/python3.7/site-packages/airflow/example_dags/example_dag_decorator.py
[2023-06-11T16:48:32.344+0000] {processor.py:826} INFO - Processing file /home/airflow/.local/lib/python3.7/site-packages/airflow/example_dags/example_dag_decorator.py for tasks to queue
[2023-06-11T16:48:32.345+0000] {logging_mixin.py:149} INFO - [2023-06-11T16:48:32.345+0000] {dagbag.py:541} INFO - Filling up the DagBag from /home/airflow/.local/lib/python3.7/site-packages/airflow/example_dags/example_dag_decorator.py
[2023-06-11T16:48:32.353+0000] {logging_mixin.py:149} INFO - [2023-06-11T16:48:32.352+0000] {taskmixin.py:211} WARNING - Dependency <Task(_PythonDecoratedOperator): prepare_email>, send_email already registered for DAG: example_dag_decorator
[2023-06-11T16:48:32.354+0000] {logging_mixin.py:149} INFO - [2023-06-11T16:48:32.354+0000] {taskmixin.py:211} WARNING - Dependency <Task(EmailOperator): send_email>, prepare_email already registered for DAG: example_dag_decorator
[2023-06-11T16:48:32.363+0000] {processor.py:836} INFO - DAG(s) dict_keys(['example_dag_decorator']) retrieved from /home/airflow/.local/lib/python3.7/site-packages/airflow/example_dags/example_dag_decorator.py
[2023-06-11T16:48:32.451+0000] {logging_mixin.py:149} INFO - [2023-06-11T16:48:32.451+0000] {dag.py:2726} INFO - Sync 1 DAGs
[2023-06-11T16:48:32.485+0000] {logging_mixin.py:149} INFO - [2023-06-11T16:48:32.485+0000] {dag.py:3490} INFO - Setting next_dagrun for example_dag_decorator to None, run_after=None
[2023-06-11T16:48:32.513+0000] {processor.py:179} INFO - Processing /home/airflow/.local/lib/python3.7/site-packages/airflow/example_dags/example_dag_decorator.py took 0.172 seconds
[2023-06-11T16:49:02.703+0000] {processor.py:157} INFO - Started process (PID=129) to work on /home/airflow/.local/lib/python3.7/site-packages/airflow/example_dags/example_dag_decorator.py
[2023-06-11T16:49:02.704+0000] {processor.py:826} INFO - Processing file /home/airflow/.local/lib/python3.7/site-packages/airflow/example_dags/example_dag_decorator.py for tasks to queue
[2023-06-11T16:49:02.705+0000] {logging_mixin.py:149} INFO - [2023-06-11T16:49:02.705+0000] {dagbag.py:541} INFO - Filling up the DagBag from /home/airflow/.local/lib/python3.7/site-packages/airflow/example_dags/example_dag_decorator.py
[2023-06-11T16:49:02.711+0000] {logging_mixin.py:149} INFO - [2023-06-11T16:49:02.711+0000] {taskmixin.py:211} WARNING - Dependency <Task(_PythonDecoratedOperator): prepare_email>, send_email already registered for DAG: example_dag_decorator
[2023-06-11T16:49:02.712+0000] {logging_mixin.py:149} INFO - [2023-06-11T16:49:02.712+0000] {taskmixin.py:211} WARNING - Dependency <Task(EmailOperator): send_email>, prepare_email already registered for DAG: example_dag_decorator
[2023-06-11T16:49:02.719+0000] {processor.py:836} INFO - DAG(s) dict_keys(['example_dag_decorator']) retrieved from /home/airflow/.local/lib/python3.7/site-packages/airflow/example_dags/example_dag_decorator.py
[2023-06-11T16:49:02.786+0000] {logging_mixin.py:149} INFO - [2023-06-11T16:49:02.786+0000] {dag.py:2726} INFO - Sync 1 DAGs
[2023-06-11T16:49:02.910+0000] {logging_mixin.py:149} INFO - [2023-06-11T16:49:02.910+0000] {dag.py:3490} INFO - Setting next_dagrun for example_dag_decorator to None, run_after=None
[2023-06-11T16:49:02.931+0000] {processor.py:179} INFO - Processing /home/airflow/.local/lib/python3.7/site-packages/airflow/example_dags/example_dag_decorator.py took 0.231 seconds
[2023-06-11T16:49:33.442+0000] {processor.py:157} INFO - Started process (PID=206) to work on /home/airflow/.local/lib/python3.7/site-packages/airflow/example_dags/example_dag_decorator.py
[2023-06-11T16:49:33.443+0000] {processor.py:826} INFO - Processing file /home/airflow/.local/lib/python3.7/site-packages/airflow/example_dags/example_dag_decorator.py for tasks to queue
[2023-06-11T16:49:33.444+0000] {logging_mixin.py:149} INFO - [2023-06-11T16:49:33.444+0000] {dagbag.py:541} INFO - Filling up the DagBag from /home/airflow/.local/lib/python3.7/site-packages/airflow/example_dags/example_dag_decorator.py
[2023-06-11T16:49:33.450+0000] {logging_mixin.py:149} INFO - [2023-06-11T16:49:33.450+0000] {taskmixin.py:211} WARNING - Dependency <Task(_PythonDecoratedOperator): prepare_email>, send_email already registered for DAG: example_dag_decorator
[2023-06-11T16:49:33.451+0000] {logging_mixin.py:149} INFO - [2023-06-11T16:49:33.451+0000] {taskmixin.py:211} WARNING - Dependency <Task(EmailOperator): send_email>, prepare_email already registered for DAG: example_dag_decorator
[2023-06-11T16:49:33.457+0000] {processor.py:836} INFO - DAG(s) dict_keys(['example_dag_decorator']) retrieved from /home/airflow/.local/lib/python3.7/site-packages/airflow/example_dags/example_dag_decorator.py
[2023-06-11T16:49:33.628+0000] {logging_mixin.py:149} INFO - [2023-06-11T16:49:33.628+0000] {dag.py:2726} INFO - Sync 1 DAGs
[2023-06-11T16:49:33.651+0000] {logging_mixin.py:149} INFO - [2023-06-11T16:49:33.651+0000] {dag.py:3490} INFO - Setting next_dagrun for example_dag_decorator to None, run_after=None
[2023-06-11T16:49:33.671+0000] {processor.py:179} INFO - Processing /home/airflow/.local/lib/python3.7/site-packages/airflow/example_dags/example_dag_decorator.py took 0.231 seconds
