[2023-06-11T16:48:34.756+0000] {processor.py:157} INFO - Started process (PID=83) to work on /home/airflow/.local/lib/python3.7/site-packages/airflow/example_dags/example_external_task_marker_dag.py
[2023-06-11T16:48:34.757+0000] {processor.py:826} INFO - Processing file /home/airflow/.local/lib/python3.7/site-packages/airflow/example_dags/example_external_task_marker_dag.py for tasks to queue
[2023-06-11T16:48:34.758+0000] {logging_mixin.py:149} INFO - [2023-06-11T16:48:34.758+0000] {dagbag.py:541} INFO - Filling up the DagBag from /home/airflow/.local/lib/python3.7/site-packages/airflow/example_dags/example_external_task_marker_dag.py
[2023-06-11T16:48:34.764+0000] {processor.py:836} INFO - DAG(s) dict_keys(['example_external_task_marker_child', 'example_external_task_marker_parent']) retrieved from /home/airflow/.local/lib/python3.7/site-packages/airflow/example_dags/example_external_task_marker_dag.py
[2023-06-11T16:48:34.837+0000] {logging_mixin.py:149} INFO - [2023-06-11T16:48:34.836+0000] {dag.py:2726} INFO - Sync 2 DAGs
[2023-06-11T16:48:34.869+0000] {logging_mixin.py:149} INFO - [2023-06-11T16:48:34.868+0000] {dag.py:3490} INFO - Setting next_dagrun for example_external_task_marker_child to None, run_after=None
[2023-06-11T16:48:34.873+0000] {logging_mixin.py:149} INFO - [2023-06-11T16:48:34.873+0000] {dag.py:3490} INFO - Setting next_dagrun for example_external_task_marker_parent to None, run_after=None
[2023-06-11T16:48:34.896+0000] {processor.py:179} INFO - Processing /home/airflow/.local/lib/python3.7/site-packages/airflow/example_dags/example_external_task_marker_dag.py took 0.142 seconds
[2023-06-11T16:49:05.291+0000] {processor.py:157} INFO - Started process (PID=160) to work on /home/airflow/.local/lib/python3.7/site-packages/airflow/example_dags/example_external_task_marker_dag.py
[2023-06-11T16:49:05.291+0000] {processor.py:826} INFO - Processing file /home/airflow/.local/lib/python3.7/site-packages/airflow/example_dags/example_external_task_marker_dag.py for tasks to queue
[2023-06-11T16:49:05.292+0000] {logging_mixin.py:149} INFO - [2023-06-11T16:49:05.292+0000] {dagbag.py:541} INFO - Filling up the DagBag from /home/airflow/.local/lib/python3.7/site-packages/airflow/example_dags/example_external_task_marker_dag.py
[2023-06-11T16:49:05.297+0000] {processor.py:836} INFO - DAG(s) dict_keys(['example_external_task_marker_child', 'example_external_task_marker_parent']) retrieved from /home/airflow/.local/lib/python3.7/site-packages/airflow/example_dags/example_external_task_marker_dag.py
[2023-06-11T16:49:05.322+0000] {logging_mixin.py:149} INFO - [2023-06-11T16:49:05.322+0000] {dag.py:2726} INFO - Sync 2 DAGs
[2023-06-11T16:49:05.350+0000] {logging_mixin.py:149} INFO - [2023-06-11T16:49:05.350+0000] {dag.py:3490} INFO - Setting next_dagrun for example_external_task_marker_child to None, run_after=None
[2023-06-11T16:49:05.356+0000] {logging_mixin.py:149} INFO - [2023-06-11T16:49:05.355+0000] {dag.py:3490} INFO - Setting next_dagrun for example_external_task_marker_parent to None, run_after=None
[2023-06-11T16:49:05.470+0000] {processor.py:179} INFO - Processing /home/airflow/.local/lib/python3.7/site-packages/airflow/example_dags/example_external_task_marker_dag.py took 0.181 seconds
[2023-06-11T16:49:36.930+0000] {processor.py:157} INFO - Started process (PID=237) to work on /home/airflow/.local/lib/python3.7/site-packages/airflow/example_dags/example_external_task_marker_dag.py
[2023-06-11T16:49:36.931+0000] {processor.py:826} INFO - Processing file /home/airflow/.local/lib/python3.7/site-packages/airflow/example_dags/example_external_task_marker_dag.py for tasks to queue
[2023-06-11T16:49:36.931+0000] {logging_mixin.py:149} INFO - [2023-06-11T16:49:36.931+0000] {dagbag.py:541} INFO - Filling up the DagBag from /home/airflow/.local/lib/python3.7/site-packages/airflow/example_dags/example_external_task_marker_dag.py
[2023-06-11T16:49:36.935+0000] {processor.py:836} INFO - DAG(s) dict_keys(['example_external_task_marker_child', 'example_external_task_marker_parent']) retrieved from /home/airflow/.local/lib/python3.7/site-packages/airflow/example_dags/example_external_task_marker_dag.py
[2023-06-11T16:49:37.056+0000] {logging_mixin.py:149} INFO - [2023-06-11T16:49:37.056+0000] {dag.py:2726} INFO - Sync 2 DAGs
[2023-06-11T16:49:37.082+0000] {logging_mixin.py:149} INFO - [2023-06-11T16:49:37.082+0000] {dag.py:3490} INFO - Setting next_dagrun for example_external_task_marker_child to None, run_after=None
[2023-06-11T16:49:37.087+0000] {logging_mixin.py:149} INFO - [2023-06-11T16:49:37.087+0000] {dag.py:3490} INFO - Setting next_dagrun for example_external_task_marker_parent to None, run_after=None
[2023-06-11T16:49:37.104+0000] {processor.py:179} INFO - Processing /home/airflow/.local/lib/python3.7/site-packages/airflow/example_dags/example_external_task_marker_dag.py took 0.176 seconds
