[2023-06-11T16:48:31.170+0000] {processor.py:157} INFO - Started process (PID=44) to work on /home/airflow/.local/lib/python3.7/site-packages/airflow/example_dags/example_params_ui_tutorial.py
[2023-06-11T16:48:31.171+0000] {processor.py:826} INFO - Processing file /home/airflow/.local/lib/python3.7/site-packages/airflow/example_dags/example_params_ui_tutorial.py for tasks to queue
[2023-06-11T16:48:31.172+0000] {logging_mixin.py:149} INFO - [2023-06-11T16:48:31.172+0000] {dagbag.py:541} INFO - Filling up the DagBag from /home/airflow/.local/lib/python3.7/site-packages/airflow/example_dags/example_params_ui_tutorial.py
[2023-06-11T16:48:31.261+0000] {processor.py:836} INFO - DAG(s) dict_keys(['example_params_ui_tutorial']) retrieved from /home/airflow/.local/lib/python3.7/site-packages/airflow/example_dags/example_params_ui_tutorial.py
[2023-06-11T16:48:31.428+0000] {logging_mixin.py:149} INFO - [2023-06-11T16:48:31.428+0000] {dag.py:2726} INFO - Sync 1 DAGs
[2023-06-11T16:48:31.459+0000] {logging_mixin.py:149} INFO - [2023-06-11T16:48:31.458+0000] {dag.py:3490} INFO - Setting next_dagrun for example_params_ui_tutorial to None, run_after=None
[2023-06-11T16:48:31.485+0000] {processor.py:179} INFO - Processing /home/airflow/.local/lib/python3.7/site-packages/airflow/example_dags/example_params_ui_tutorial.py took 0.319 seconds
[2023-06-11T16:49:01.698+0000] {processor.py:157} INFO - Started process (PID=109) to work on /home/airflow/.local/lib/python3.7/site-packages/airflow/example_dags/example_params_ui_tutorial.py
[2023-06-11T16:49:01.699+0000] {processor.py:826} INFO - Processing file /home/airflow/.local/lib/python3.7/site-packages/airflow/example_dags/example_params_ui_tutorial.py for tasks to queue
[2023-06-11T16:49:01.699+0000] {logging_mixin.py:149} INFO - [2023-06-11T16:49:01.699+0000] {dagbag.py:541} INFO - Filling up the DagBag from /home/airflow/.local/lib/python3.7/site-packages/airflow/example_dags/example_params_ui_tutorial.py
[2023-06-11T16:49:01.738+0000] {processor.py:836} INFO - DAG(s) dict_keys(['example_params_ui_tutorial']) retrieved from /home/airflow/.local/lib/python3.7/site-packages/airflow/example_dags/example_params_ui_tutorial.py
[2023-06-11T16:49:01.803+0000] {logging_mixin.py:149} INFO - [2023-06-11T16:49:01.803+0000] {dag.py:2726} INFO - Sync 1 DAGs
[2023-06-11T16:49:01.825+0000] {logging_mixin.py:149} INFO - [2023-06-11T16:49:01.825+0000] {dag.py:3490} INFO - Setting next_dagrun for example_params_ui_tutorial to None, run_after=None
[2023-06-11T16:49:01.941+0000] {processor.py:179} INFO - Processing /home/airflow/.local/lib/python3.7/site-packages/airflow/example_dags/example_params_ui_tutorial.py took 0.245 seconds
[2023-06-11T16:49:32.228+0000] {processor.py:157} INFO - Started process (PID=186) to work on /home/airflow/.local/lib/python3.7/site-packages/airflow/example_dags/example_params_ui_tutorial.py
[2023-06-11T16:49:32.229+0000] {processor.py:826} INFO - Processing file /home/airflow/.local/lib/python3.7/site-packages/airflow/example_dags/example_params_ui_tutorial.py for tasks to queue
[2023-06-11T16:49:32.230+0000] {logging_mixin.py:149} INFO - [2023-06-11T16:49:32.230+0000] {dagbag.py:541} INFO - Filling up the DagBag from /home/airflow/.local/lib/python3.7/site-packages/airflow/example_dags/example_params_ui_tutorial.py
[2023-06-11T16:49:32.276+0000] {processor.py:836} INFO - DAG(s) dict_keys(['example_params_ui_tutorial']) retrieved from /home/airflow/.local/lib/python3.7/site-packages/airflow/example_dags/example_params_ui_tutorial.py
[2023-06-11T16:49:32.445+0000] {logging_mixin.py:149} INFO - [2023-06-11T16:49:32.445+0000] {dag.py:2726} INFO - Sync 1 DAGs
[2023-06-11T16:49:32.466+0000] {logging_mixin.py:149} INFO - [2023-06-11T16:49:32.466+0000] {dag.py:3490} INFO - Setting next_dagrun for example_params_ui_tutorial to None, run_after=None
[2023-06-11T16:49:32.482+0000] {processor.py:179} INFO - Processing /home/airflow/.local/lib/python3.7/site-packages/airflow/example_dags/example_params_ui_tutorial.py took 0.256 seconds
