[2023-06-11T16:48:33.664+0000] {processor.py:157} INFO - Started process (PID=69) to work on /home/airflow/.local/lib/python3.7/site-packages/airflow/example_dags/example_sla_dag.py
[2023-06-11T16:48:33.665+0000] {processor.py:826} INFO - Processing file /home/airflow/.local/lib/python3.7/site-packages/airflow/example_dags/example_sla_dag.py for tasks to queue
[2023-06-11T16:48:33.666+0000] {logging_mixin.py:149} INFO - [2023-06-11T16:48:33.666+0000] {dagbag.py:541} INFO - Filling up the DagBag from /home/airflow/.local/lib/python3.7/site-packages/airflow/example_dags/example_sla_dag.py
[2023-06-11T16:48:33.675+0000] {processor.py:836} INFO - DAG(s) dict_keys(['example_sla_dag']) retrieved from /home/airflow/.local/lib/python3.7/site-packages/airflow/example_dags/example_sla_dag.py
[2023-06-11T16:48:33.700+0000] {logging_mixin.py:149} INFO - [2023-06-11T16:48:33.700+0000] {dag.py:2726} INFO - Sync 1 DAGs
[2023-06-11T16:48:33.732+0000] {logging_mixin.py:149} INFO - [2023-06-11T16:48:33.732+0000] {dag.py:3490} INFO - Setting next_dagrun for example_sla_dag to 2023-06-11T16:46:00+00:00, run_after=2023-06-11T16:48:00+00:00
[2023-06-11T16:48:33.757+0000] {processor.py:179} INFO - Processing /home/airflow/.local/lib/python3.7/site-packages/airflow/example_dags/example_sla_dag.py took 0.096 seconds
[2023-06-11T16:49:04.063+0000] {processor.py:157} INFO - Started process (PID=146) to work on /home/airflow/.local/lib/python3.7/site-packages/airflow/example_dags/example_sla_dag.py
[2023-06-11T16:49:04.063+0000] {processor.py:826} INFO - Processing file /home/airflow/.local/lib/python3.7/site-packages/airflow/example_dags/example_sla_dag.py for tasks to queue
[2023-06-11T16:49:04.064+0000] {logging_mixin.py:149} INFO - [2023-06-11T16:49:04.064+0000] {dagbag.py:541} INFO - Filling up the DagBag from /home/airflow/.local/lib/python3.7/site-packages/airflow/example_dags/example_sla_dag.py
[2023-06-11T16:49:04.071+0000] {processor.py:836} INFO - DAG(s) dict_keys(['example_sla_dag']) retrieved from /home/airflow/.local/lib/python3.7/site-packages/airflow/example_dags/example_sla_dag.py
[2023-06-11T16:49:04.094+0000] {logging_mixin.py:149} INFO - [2023-06-11T16:49:04.094+0000] {dag.py:2726} INFO - Sync 1 DAGs
[2023-06-11T16:49:04.127+0000] {logging_mixin.py:149} INFO - [2023-06-11T16:49:04.127+0000] {dag.py:3490} INFO - Setting next_dagrun for example_sla_dag to 2023-06-11T16:46:00+00:00, run_after=2023-06-11T16:48:00+00:00
[2023-06-11T16:49:04.147+0000] {processor.py:179} INFO - Processing /home/airflow/.local/lib/python3.7/site-packages/airflow/example_dags/example_sla_dag.py took 0.086 seconds
[2023-06-11T16:49:34.985+0000] {processor.py:157} INFO - Started process (PID=223) to work on /home/airflow/.local/lib/python3.7/site-packages/airflow/example_dags/example_sla_dag.py
[2023-06-11T16:49:34.985+0000] {processor.py:826} INFO - Processing file /home/airflow/.local/lib/python3.7/site-packages/airflow/example_dags/example_sla_dag.py for tasks to queue
[2023-06-11T16:49:34.986+0000] {logging_mixin.py:149} INFO - [2023-06-11T16:49:34.986+0000] {dagbag.py:541} INFO - Filling up the DagBag from /home/airflow/.local/lib/python3.7/site-packages/airflow/example_dags/example_sla_dag.py
[2023-06-11T16:49:34.992+0000] {processor.py:836} INFO - DAG(s) dict_keys(['example_sla_dag']) retrieved from /home/airflow/.local/lib/python3.7/site-packages/airflow/example_dags/example_sla_dag.py
[2023-06-11T16:49:35.103+0000] {logging_mixin.py:149} INFO - [2023-06-11T16:49:35.103+0000] {dag.py:2726} INFO - Sync 1 DAGs
[2023-06-11T16:49:35.134+0000] {logging_mixin.py:149} INFO - [2023-06-11T16:49:35.133+0000] {dag.py:3490} INFO - Setting next_dagrun for example_sla_dag to 2023-06-11T16:46:00+00:00, run_after=2023-06-11T16:48:00+00:00
[2023-06-11T16:49:35.153+0000] {processor.py:179} INFO - Processing /home/airflow/.local/lib/python3.7/site-packages/airflow/example_dags/example_sla_dag.py took 0.170 seconds
