[2023-06-11T16:48:32.836+0000] {processor.py:157} INFO - Started process (PID=56) to work on /home/airflow/.local/lib/python3.7/site-packages/airflow/example_dags/example_skip_dag.py
[2023-06-11T16:48:32.837+0000] {processor.py:826} INFO - Processing file /home/airflow/.local/lib/python3.7/site-packages/airflow/example_dags/example_skip_dag.py for tasks to queue
[2023-06-11T16:48:32.839+0000] {logging_mixin.py:149} INFO - [2023-06-11T16:48:32.838+0000] {dagbag.py:541} INFO - Filling up the DagBag from /home/airflow/.local/lib/python3.7/site-packages/airflow/example_dags/example_skip_dag.py
[2023-06-11T16:48:32.851+0000] {processor.py:836} INFO - DAG(s) dict_keys(['example_skip_dag']) retrieved from /home/airflow/.local/lib/python3.7/site-packages/airflow/example_dags/example_skip_dag.py
[2023-06-11T16:48:32.883+0000] {logging_mixin.py:149} INFO - [2023-06-11T16:48:32.883+0000] {dag.py:2726} INFO - Sync 1 DAGs
[2023-06-11T16:48:32.915+0000] {logging_mixin.py:149} INFO - [2023-06-11T16:48:32.915+0000] {dag.py:3490} INFO - Setting next_dagrun for example_skip_dag to 2023-06-10T16:48:32.915101+00:00, run_after=2023-06-11T16:48:32.915101+00:00
[2023-06-11T16:48:32.937+0000] {processor.py:179} INFO - Processing /home/airflow/.local/lib/python3.7/site-packages/airflow/example_dags/example_skip_dag.py took 0.104 seconds
[2023-06-11T16:49:03.202+0000] {processor.py:157} INFO - Started process (PID=133) to work on /home/airflow/.local/lib/python3.7/site-packages/airflow/example_dags/example_skip_dag.py
[2023-06-11T16:49:03.203+0000] {processor.py:826} INFO - Processing file /home/airflow/.local/lib/python3.7/site-packages/airflow/example_dags/example_skip_dag.py for tasks to queue
[2023-06-11T16:49:03.204+0000] {logging_mixin.py:149} INFO - [2023-06-11T16:49:03.204+0000] {dagbag.py:541} INFO - Filling up the DagBag from /home/airflow/.local/lib/python3.7/site-packages/airflow/example_dags/example_skip_dag.py
[2023-06-11T16:49:03.211+0000] {processor.py:836} INFO - DAG(s) dict_keys(['example_skip_dag']) retrieved from /home/airflow/.local/lib/python3.7/site-packages/airflow/example_dags/example_skip_dag.py
[2023-06-11T16:49:03.238+0000] {logging_mixin.py:149} INFO - [2023-06-11T16:49:03.238+0000] {dag.py:2726} INFO - Sync 1 DAGs
[2023-06-11T16:49:03.270+0000] {logging_mixin.py:149} INFO - [2023-06-11T16:49:03.269+0000] {dag.py:3490} INFO - Setting next_dagrun for example_skip_dag to 2023-06-10T16:49:03.269733+00:00, run_after=2023-06-11T16:49:03.269733+00:00
[2023-06-11T16:49:03.292+0000] {processor.py:179} INFO - Processing /home/airflow/.local/lib/python3.7/site-packages/airflow/example_dags/example_skip_dag.py took 0.092 seconds
[2023-06-11T16:49:33.923+0000] {processor.py:157} INFO - Started process (PID=210) to work on /home/airflow/.local/lib/python3.7/site-packages/airflow/example_dags/example_skip_dag.py
[2023-06-11T16:49:33.924+0000] {processor.py:826} INFO - Processing file /home/airflow/.local/lib/python3.7/site-packages/airflow/example_dags/example_skip_dag.py for tasks to queue
[2023-06-11T16:49:33.925+0000] {logging_mixin.py:149} INFO - [2023-06-11T16:49:33.925+0000] {dagbag.py:541} INFO - Filling up the DagBag from /home/airflow/.local/lib/python3.7/site-packages/airflow/example_dags/example_skip_dag.py
[2023-06-11T16:49:33.930+0000] {processor.py:836} INFO - DAG(s) dict_keys(['example_skip_dag']) retrieved from /home/airflow/.local/lib/python3.7/site-packages/airflow/example_dags/example_skip_dag.py
[2023-06-11T16:49:33.952+0000] {logging_mixin.py:149} INFO - [2023-06-11T16:49:33.952+0000] {dag.py:2726} INFO - Sync 1 DAGs
[2023-06-11T16:49:34.070+0000] {logging_mixin.py:149} INFO - [2023-06-11T16:49:34.070+0000] {dag.py:3490} INFO - Setting next_dagrun for example_skip_dag to 2023-06-10T16:49:34.069857+00:00, run_after=2023-06-11T16:49:34.069857+00:00
[2023-06-11T16:49:34.087+0000] {processor.py:179} INFO - Processing /home/airflow/.local/lib/python3.7/site-packages/airflow/example_dags/example_skip_dag.py took 0.166 seconds
