[2023-06-11T16:48:34.729+0000] {processor.py:157} INFO - Started process (PID=82) to work on /home/airflow/.local/lib/python3.7/site-packages/airflow/example_dags/example_subdag_operator.py
[2023-06-11T16:48:34.730+0000] {processor.py:826} INFO - Processing file /home/airflow/.local/lib/python3.7/site-packages/airflow/example_dags/example_subdag_operator.py for tasks to queue
[2023-06-11T16:48:34.731+0000] {logging_mixin.py:149} INFO - [2023-06-11T16:48:34.730+0000] {dagbag.py:541} INFO - Filling up the DagBag from /home/airflow/.local/lib/python3.7/site-packages/airflow/example_dags/example_subdag_operator.py
[2023-06-11T16:48:34.756+0000] {processor.py:836} INFO - DAG(s) dict_keys(['example_subdag_operator.section-1', 'example_subdag_operator.section-2', 'example_subdag_operator']) retrieved from /home/airflow/.local/lib/python3.7/site-packages/airflow/example_dags/example_subdag_operator.py
[2023-06-11T16:48:34.777+0000] {logging_mixin.py:149} INFO - [2023-06-11T16:48:34.776+0000] {dag.py:2726} INFO - Sync 3 DAGs
[2023-06-11T16:48:34.804+0000] {logging_mixin.py:149} INFO - [2023-06-11T16:48:34.804+0000] {dag.py:3490} INFO - Setting next_dagrun for example_subdag_operator to 2022-01-01T00:00:00+00:00, run_after=2022-01-01T00:00:00+00:00
[2023-06-11T16:48:34.811+0000] {logging_mixin.py:149} INFO - [2023-06-11T16:48:34.811+0000] {dag.py:3490} INFO - Setting next_dagrun for example_subdag_operator.section-1 to None, run_after=None
[2023-06-11T16:48:34.814+0000] {logging_mixin.py:149} INFO - [2023-06-11T16:48:34.813+0000] {dag.py:3490} INFO - Setting next_dagrun for example_subdag_operator.section-2 to None, run_after=None
[2023-06-11T16:48:34.824+0000] {logging_mixin.py:149} INFO - [2023-06-11T16:48:34.824+0000] {dag.py:2726} INFO - Sync 2 DAGs
[2023-06-11T16:48:34.833+0000] {logging_mixin.py:149} INFO - [2023-06-11T16:48:34.833+0000] {dag.py:3490} INFO - Setting next_dagrun for example_subdag_operator.section-1 to None, run_after=None
[2023-06-11T16:48:34.834+0000] {logging_mixin.py:149} INFO - [2023-06-11T16:48:34.834+0000] {dag.py:3490} INFO - Setting next_dagrun for example_subdag_operator.section-2 to None, run_after=None
[2023-06-11T16:48:34.849+0000] {processor.py:179} INFO - Processing /home/airflow/.local/lib/python3.7/site-packages/airflow/example_dags/example_subdag_operator.py took 0.123 seconds
[2023-06-11T16:49:05.156+0000] {processor.py:157} INFO - Started process (PID=159) to work on /home/airflow/.local/lib/python3.7/site-packages/airflow/example_dags/example_subdag_operator.py
[2023-06-11T16:49:05.157+0000] {processor.py:826} INFO - Processing file /home/airflow/.local/lib/python3.7/site-packages/airflow/example_dags/example_subdag_operator.py for tasks to queue
[2023-06-11T16:49:05.158+0000] {logging_mixin.py:149} INFO - [2023-06-11T16:49:05.158+0000] {dagbag.py:541} INFO - Filling up the DagBag from /home/airflow/.local/lib/python3.7/site-packages/airflow/example_dags/example_subdag_operator.py
[2023-06-11T16:49:05.176+0000] {processor.py:836} INFO - DAG(s) dict_keys(['example_subdag_operator.section-1', 'example_subdag_operator.section-2', 'example_subdag_operator']) retrieved from /home/airflow/.local/lib/python3.7/site-packages/airflow/example_dags/example_subdag_operator.py
[2023-06-11T16:49:05.197+0000] {logging_mixin.py:149} INFO - [2023-06-11T16:49:05.197+0000] {dag.py:2726} INFO - Sync 3 DAGs
[2023-06-11T16:49:05.224+0000] {logging_mixin.py:149} INFO - [2023-06-11T16:49:05.224+0000] {dag.py:3490} INFO - Setting next_dagrun for example_subdag_operator to 2022-01-01T00:00:00+00:00, run_after=2022-01-01T00:00:00+00:00
[2023-06-11T16:49:05.228+0000] {logging_mixin.py:149} INFO - [2023-06-11T16:49:05.228+0000] {dag.py:3490} INFO - Setting next_dagrun for example_subdag_operator.section-1 to None, run_after=None
[2023-06-11T16:49:05.229+0000] {logging_mixin.py:149} INFO - [2023-06-11T16:49:05.229+0000] {dag.py:3490} INFO - Setting next_dagrun for example_subdag_operator.section-2 to None, run_after=None
[2023-06-11T16:49:05.331+0000] {logging_mixin.py:149} INFO - [2023-06-11T16:49:05.330+0000] {dag.py:2726} INFO - Sync 2 DAGs
[2023-06-11T16:49:05.337+0000] {logging_mixin.py:149} INFO - [2023-06-11T16:49:05.337+0000] {dag.py:3490} INFO - Setting next_dagrun for example_subdag_operator.section-1 to None, run_after=None
[2023-06-11T16:49:05.338+0000] {logging_mixin.py:149} INFO - [2023-06-11T16:49:05.338+0000] {dag.py:3490} INFO - Setting next_dagrun for example_subdag_operator.section-2 to None, run_after=None
[2023-06-11T16:49:05.352+0000] {processor.py:179} INFO - Processing /home/airflow/.local/lib/python3.7/site-packages/airflow/example_dags/example_subdag_operator.py took 0.198 seconds
[2023-06-11T16:49:36.715+0000] {processor.py:157} INFO - Started process (PID=236) to work on /home/airflow/.local/lib/python3.7/site-packages/airflow/example_dags/example_subdag_operator.py
[2023-06-11T16:49:36.716+0000] {processor.py:826} INFO - Processing file /home/airflow/.local/lib/python3.7/site-packages/airflow/example_dags/example_subdag_operator.py for tasks to queue
[2023-06-11T16:49:36.717+0000] {logging_mixin.py:149} INFO - [2023-06-11T16:49:36.717+0000] {dagbag.py:541} INFO - Filling up the DagBag from /home/airflow/.local/lib/python3.7/site-packages/airflow/example_dags/example_subdag_operator.py
[2023-06-11T16:49:36.739+0000] {processor.py:836} INFO - DAG(s) dict_keys(['example_subdag_operator.section-1', 'example_subdag_operator.section-2', 'example_subdag_operator']) retrieved from /home/airflow/.local/lib/python3.7/site-packages/airflow/example_dags/example_subdag_operator.py
[2023-06-11T16:49:36.856+0000] {logging_mixin.py:149} INFO - [2023-06-11T16:49:36.856+0000] {dag.py:2726} INFO - Sync 3 DAGs
[2023-06-11T16:49:36.878+0000] {logging_mixin.py:149} INFO - [2023-06-11T16:49:36.878+0000] {dag.py:3490} INFO - Setting next_dagrun for example_subdag_operator to 2022-01-01T00:00:00+00:00, run_after=2022-01-01T00:00:00+00:00
[2023-06-11T16:49:36.882+0000] {logging_mixin.py:149} INFO - [2023-06-11T16:49:36.882+0000] {dag.py:3490} INFO - Setting next_dagrun for example_subdag_operator.section-1 to None, run_after=None
[2023-06-11T16:49:36.883+0000] {logging_mixin.py:149} INFO - [2023-06-11T16:49:36.883+0000] {dag.py:3490} INFO - Setting next_dagrun for example_subdag_operator.section-2 to None, run_after=None
[2023-06-11T16:49:36.890+0000] {logging_mixin.py:149} INFO - [2023-06-11T16:49:36.890+0000] {dag.py:2726} INFO - Sync 2 DAGs
[2023-06-11T16:49:36.896+0000] {logging_mixin.py:149} INFO - [2023-06-11T16:49:36.896+0000] {dag.py:3490} INFO - Setting next_dagrun for example_subdag_operator.section-1 to None, run_after=None
[2023-06-11T16:49:36.896+0000] {logging_mixin.py:149} INFO - [2023-06-11T16:49:36.896+0000] {dag.py:3490} INFO - Setting next_dagrun for example_subdag_operator.section-2 to None, run_after=None
[2023-06-11T16:49:36.906+0000] {processor.py:179} INFO - Processing /home/airflow/.local/lib/python3.7/site-packages/airflow/example_dags/example_subdag_operator.py took 0.193 seconds
