[2023-06-11T16:48:33.371+0000] {processor.py:157} INFO - Started process (PID=64) to work on /home/airflow/.local/lib/python3.7/site-packages/airflow/example_dags/example_short_circuit_decorator.py
[2023-06-11T16:48:33.372+0000] {processor.py:826} INFO - Processing file /home/airflow/.local/lib/python3.7/site-packages/airflow/example_dags/example_short_circuit_decorator.py for tasks to queue
[2023-06-11T16:48:33.373+0000] {logging_mixin.py:149} INFO - [2023-06-11T16:48:33.373+0000] {dagbag.py:541} INFO - Filling up the DagBag from /home/airflow/.local/lib/python3.7/site-packages/airflow/example_dags/example_short_circuit_decorator.py
[2023-06-11T16:48:33.384+0000] {processor.py:836} INFO - DAG(s) dict_keys(['example_short_circuit_decorator']) retrieved from /home/airflow/.local/lib/python3.7/site-packages/airflow/example_dags/example_short_circuit_decorator.py
[2023-06-11T16:48:33.415+0000] {logging_mixin.py:149} INFO - [2023-06-11T16:48:33.415+0000] {dag.py:2726} INFO - Sync 1 DAGs
[2023-06-11T16:48:33.452+0000] {logging_mixin.py:149} INFO - [2023-06-11T16:48:33.452+0000] {dag.py:3490} INFO - Setting next_dagrun for example_short_circuit_decorator to 2023-06-10T16:48:33.452002+00:00, run_after=2023-06-11T16:48:33.452002+00:00
[2023-06-11T16:48:33.478+0000] {processor.py:179} INFO - Processing /home/airflow/.local/lib/python3.7/site-packages/airflow/example_dags/example_short_circuit_decorator.py took 0.109 seconds
[2023-06-11T16:49:03.749+0000] {processor.py:157} INFO - Started process (PID=141) to work on /home/airflow/.local/lib/python3.7/site-packages/airflow/example_dags/example_short_circuit_decorator.py
[2023-06-11T16:49:03.750+0000] {processor.py:826} INFO - Processing file /home/airflow/.local/lib/python3.7/site-packages/airflow/example_dags/example_short_circuit_decorator.py for tasks to queue
[2023-06-11T16:49:03.751+0000] {logging_mixin.py:149} INFO - [2023-06-11T16:49:03.751+0000] {dagbag.py:541} INFO - Filling up the DagBag from /home/airflow/.local/lib/python3.7/site-packages/airflow/example_dags/example_short_circuit_decorator.py
[2023-06-11T16:49:03.758+0000] {processor.py:836} INFO - DAG(s) dict_keys(['example_short_circuit_decorator']) retrieved from /home/airflow/.local/lib/python3.7/site-packages/airflow/example_dags/example_short_circuit_decorator.py
[2023-06-11T16:49:03.784+0000] {logging_mixin.py:149} INFO - [2023-06-11T16:49:03.784+0000] {dag.py:2726} INFO - Sync 1 DAGs
[2023-06-11T16:49:03.811+0000] {logging_mixin.py:149} INFO - [2023-06-11T16:49:03.811+0000] {dag.py:3490} INFO - Setting next_dagrun for example_short_circuit_decorator to 2023-06-10T16:49:03.811463+00:00, run_after=2023-06-11T16:49:03.811463+00:00
[2023-06-11T16:49:03.832+0000] {processor.py:179} INFO - Processing /home/airflow/.local/lib/python3.7/site-packages/airflow/example_dags/example_short_circuit_decorator.py took 0.085 seconds
[2023-06-11T16:49:34.592+0000] {processor.py:157} INFO - Started process (PID=218) to work on /home/airflow/.local/lib/python3.7/site-packages/airflow/example_dags/example_short_circuit_decorator.py
[2023-06-11T16:49:34.593+0000] {processor.py:826} INFO - Processing file /home/airflow/.local/lib/python3.7/site-packages/airflow/example_dags/example_short_circuit_decorator.py for tasks to queue
[2023-06-11T16:49:34.594+0000] {logging_mixin.py:149} INFO - [2023-06-11T16:49:34.594+0000] {dagbag.py:541} INFO - Filling up the DagBag from /home/airflow/.local/lib/python3.7/site-packages/airflow/example_dags/example_short_circuit_decorator.py
[2023-06-11T16:49:34.602+0000] {processor.py:836} INFO - DAG(s) dict_keys(['example_short_circuit_decorator']) retrieved from /home/airflow/.local/lib/python3.7/site-packages/airflow/example_dags/example_short_circuit_decorator.py
[2023-06-11T16:49:34.625+0000] {logging_mixin.py:149} INFO - [2023-06-11T16:49:34.625+0000] {dag.py:2726} INFO - Sync 1 DAGs
[2023-06-11T16:49:34.747+0000] {logging_mixin.py:149} INFO - [2023-06-11T16:49:34.747+0000] {dag.py:3490} INFO - Setting next_dagrun for example_short_circuit_decorator to 2023-06-10T16:49:34.746929+00:00, run_after=2023-06-11T16:49:34.746929+00:00
[2023-06-11T16:49:34.766+0000] {processor.py:179} INFO - Processing /home/airflow/.local/lib/python3.7/site-packages/airflow/example_dags/example_short_circuit_decorator.py took 0.176 seconds
