[2023-06-11T16:48:32.667+0000] {processor.py:157} INFO - Started process (PID=55) to work on /home/airflow/.local/lib/python3.7/site-packages/airflow/example_dags/example_complex.py
[2023-06-11T16:48:32.668+0000] {processor.py:826} INFO - Processing file /home/airflow/.local/lib/python3.7/site-packages/airflow/example_dags/example_complex.py for tasks to queue
[2023-06-11T16:48:32.669+0000] {logging_mixin.py:149} INFO - [2023-06-11T16:48:32.669+0000] {dagbag.py:541} INFO - Filling up the DagBag from /home/airflow/.local/lib/python3.7/site-packages/airflow/example_dags/example_complex.py
[2023-06-11T16:48:32.681+0000] {logging_mixin.py:149} INFO - [2023-06-11T16:48:32.681+0000] {taskmixin.py:211} WARNING - Dependency <Task(BashOperator): create_entry_group>, delete_entry_group already registered for DAG: example_complex
[2023-06-11T16:48:32.682+0000] {logging_mixin.py:149} INFO - [2023-06-11T16:48:32.682+0000] {taskmixin.py:211} WARNING - Dependency <Task(BashOperator): delete_entry_group>, create_entry_group already registered for DAG: example_complex
[2023-06-11T16:48:32.683+0000] {logging_mixin.py:149} INFO - [2023-06-11T16:48:32.682+0000] {taskmixin.py:211} WARNING - Dependency <Task(BashOperator): create_entry_gcs>, delete_entry already registered for DAG: example_complex
[2023-06-11T16:48:32.683+0000] {logging_mixin.py:149} INFO - [2023-06-11T16:48:32.683+0000] {taskmixin.py:211} WARNING - Dependency <Task(BashOperator): delete_entry>, create_entry_gcs already registered for DAG: example_complex
[2023-06-11T16:48:32.684+0000] {logging_mixin.py:149} INFO - [2023-06-11T16:48:32.684+0000] {taskmixin.py:211} WARNING - Dependency <Task(BashOperator): create_tag>, delete_tag already registered for DAG: example_complex
[2023-06-11T16:48:32.685+0000] {logging_mixin.py:149} INFO - [2023-06-11T16:48:32.685+0000] {taskmixin.py:211} WARNING - Dependency <Task(BashOperator): delete_tag>, create_tag already registered for DAG: example_complex
[2023-06-11T16:48:32.690+0000] {processor.py:836} INFO - DAG(s) dict_keys(['example_complex']) retrieved from /home/airflow/.local/lib/python3.7/site-packages/airflow/example_dags/example_complex.py
[2023-06-11T16:48:32.731+0000] {logging_mixin.py:149} INFO - [2023-06-11T16:48:32.731+0000] {dag.py:2726} INFO - Sync 1 DAGs
[2023-06-11T16:48:32.769+0000] {logging_mixin.py:149} INFO - [2023-06-11T16:48:32.768+0000] {dag.py:3490} INFO - Setting next_dagrun for example_complex to None, run_after=None
[2023-06-11T16:48:32.803+0000] {processor.py:179} INFO - Processing /home/airflow/.local/lib/python3.7/site-packages/airflow/example_dags/example_complex.py took 0.139 seconds
[2023-06-11T16:49:03.131+0000] {processor.py:157} INFO - Started process (PID=132) to work on /home/airflow/.local/lib/python3.7/site-packages/airflow/example_dags/example_complex.py
[2023-06-11T16:49:03.131+0000] {processor.py:826} INFO - Processing file /home/airflow/.local/lib/python3.7/site-packages/airflow/example_dags/example_complex.py for tasks to queue
[2023-06-11T16:49:03.132+0000] {logging_mixin.py:149} INFO - [2023-06-11T16:49:03.132+0000] {dagbag.py:541} INFO - Filling up the DagBag from /home/airflow/.local/lib/python3.7/site-packages/airflow/example_dags/example_complex.py
[2023-06-11T16:49:03.142+0000] {logging_mixin.py:149} INFO - [2023-06-11T16:49:03.142+0000] {taskmixin.py:211} WARNING - Dependency <Task(BashOperator): create_entry_group>, delete_entry_group already registered for DAG: example_complex
[2023-06-11T16:49:03.143+0000] {logging_mixin.py:149} INFO - [2023-06-11T16:49:03.143+0000] {taskmixin.py:211} WARNING - Dependency <Task(BashOperator): delete_entry_group>, create_entry_group already registered for DAG: example_complex
[2023-06-11T16:49:03.143+0000] {logging_mixin.py:149} INFO - [2023-06-11T16:49:03.143+0000] {taskmixin.py:211} WARNING - Dependency <Task(BashOperator): create_entry_gcs>, delete_entry already registered for DAG: example_complex
[2023-06-11T16:49:03.144+0000] {logging_mixin.py:149} INFO - [2023-06-11T16:49:03.143+0000] {taskmixin.py:211} WARNING - Dependency <Task(BashOperator): delete_entry>, create_entry_gcs already registered for DAG: example_complex
[2023-06-11T16:49:03.144+0000] {logging_mixin.py:149} INFO - [2023-06-11T16:49:03.144+0000] {taskmixin.py:211} WARNING - Dependency <Task(BashOperator): create_tag>, delete_tag already registered for DAG: example_complex
[2023-06-11T16:49:03.144+0000] {logging_mixin.py:149} INFO - [2023-06-11T16:49:03.144+0000] {taskmixin.py:211} WARNING - Dependency <Task(BashOperator): delete_tag>, create_tag already registered for DAG: example_complex
[2023-06-11T16:49:03.146+0000] {processor.py:836} INFO - DAG(s) dict_keys(['example_complex']) retrieved from /home/airflow/.local/lib/python3.7/site-packages/airflow/example_dags/example_complex.py
[2023-06-11T16:49:03.183+0000] {logging_mixin.py:149} INFO - [2023-06-11T16:49:03.183+0000] {dag.py:2726} INFO - Sync 1 DAGs
[2023-06-11T16:49:03.218+0000] {logging_mixin.py:149} INFO - [2023-06-11T16:49:03.217+0000] {dag.py:3490} INFO - Setting next_dagrun for example_complex to None, run_after=None
[2023-06-11T16:49:03.242+0000] {processor.py:179} INFO - Processing /home/airflow/.local/lib/python3.7/site-packages/airflow/example_dags/example_complex.py took 0.113 seconds
[2023-06-11T16:49:33.765+0000] {processor.py:157} INFO - Started process (PID=209) to work on /home/airflow/.local/lib/python3.7/site-packages/airflow/example_dags/example_complex.py
[2023-06-11T16:49:33.766+0000] {processor.py:826} INFO - Processing file /home/airflow/.local/lib/python3.7/site-packages/airflow/example_dags/example_complex.py for tasks to queue
[2023-06-11T16:49:33.767+0000] {logging_mixin.py:149} INFO - [2023-06-11T16:49:33.766+0000] {dagbag.py:541} INFO - Filling up the DagBag from /home/airflow/.local/lib/python3.7/site-packages/airflow/example_dags/example_complex.py
[2023-06-11T16:49:33.776+0000] {logging_mixin.py:149} INFO - [2023-06-11T16:49:33.776+0000] {taskmixin.py:211} WARNING - Dependency <Task(BashOperator): create_entry_group>, delete_entry_group already registered for DAG: example_complex
[2023-06-11T16:49:33.776+0000] {logging_mixin.py:149} INFO - [2023-06-11T16:49:33.776+0000] {taskmixin.py:211} WARNING - Dependency <Task(BashOperator): delete_entry_group>, create_entry_group already registered for DAG: example_complex
[2023-06-11T16:49:33.777+0000] {logging_mixin.py:149} INFO - [2023-06-11T16:49:33.777+0000] {taskmixin.py:211} WARNING - Dependency <Task(BashOperator): create_entry_gcs>, delete_entry already registered for DAG: example_complex
[2023-06-11T16:49:33.777+0000] {logging_mixin.py:149} INFO - [2023-06-11T16:49:33.777+0000] {taskmixin.py:211} WARNING - Dependency <Task(BashOperator): delete_entry>, create_entry_gcs already registered for DAG: example_complex
[2023-06-11T16:49:33.778+0000] {logging_mixin.py:149} INFO - [2023-06-11T16:49:33.778+0000] {taskmixin.py:211} WARNING - Dependency <Task(BashOperator): create_tag>, delete_tag already registered for DAG: example_complex
[2023-06-11T16:49:33.778+0000] {logging_mixin.py:149} INFO - [2023-06-11T16:49:33.778+0000] {taskmixin.py:211} WARNING - Dependency <Task(BashOperator): delete_tag>, create_tag already registered for DAG: example_complex
[2023-06-11T16:49:33.780+0000] {processor.py:836} INFO - DAG(s) dict_keys(['example_complex']) retrieved from /home/airflow/.local/lib/python3.7/site-packages/airflow/example_dags/example_complex.py
[2023-06-11T16:49:33.812+0000] {logging_mixin.py:149} INFO - [2023-06-11T16:49:33.812+0000] {dag.py:2726} INFO - Sync 1 DAGs
[2023-06-11T16:49:33.930+0000] {logging_mixin.py:149} INFO - [2023-06-11T16:49:33.929+0000] {dag.py:3490} INFO - Setting next_dagrun for example_complex to None, run_after=None
[2023-06-11T16:49:33.948+0000] {processor.py:179} INFO - Processing /home/airflow/.local/lib/python3.7/site-packages/airflow/example_dags/example_complex.py took 0.185 seconds
