[2023-06-11T16:48:32.970+0000] {processor.py:157} INFO - Started process (PID=58) to work on /home/airflow/.local/lib/python3.7/site-packages/airflow/example_dags/example_params_trigger_ui.py
[2023-06-11T16:48:32.971+0000] {processor.py:826} INFO - Processing file /home/airflow/.local/lib/python3.7/site-packages/airflow/example_dags/example_params_trigger_ui.py for tasks to queue
[2023-06-11T16:48:32.972+0000] {logging_mixin.py:149} INFO - [2023-06-11T16:48:32.972+0000] {dagbag.py:541} INFO - Filling up the DagBag from /home/airflow/.local/lib/python3.7/site-packages/airflow/example_dags/example_params_trigger_ui.py
[2023-06-11T16:48:32.994+0000] {processor.py:836} INFO - DAG(s) dict_keys(['example_params_trigger_ui']) retrieved from /home/airflow/.local/lib/python3.7/site-packages/airflow/example_dags/example_params_trigger_ui.py
[2023-06-11T16:48:33.129+0000] {logging_mixin.py:149} INFO - [2023-06-11T16:48:33.128+0000] {dag.py:2726} INFO - Sync 1 DAGs
[2023-06-11T16:48:33.162+0000] {logging_mixin.py:149} INFO - [2023-06-11T16:48:33.162+0000] {dag.py:3490} INFO - Setting next_dagrun for example_params_trigger_ui to None, run_after=None
[2023-06-11T16:48:33.189+0000] {processor.py:179} INFO - Processing /home/airflow/.local/lib/python3.7/site-packages/airflow/example_dags/example_params_trigger_ui.py took 0.221 seconds
[2023-06-11T16:49:03.313+0000] {processor.py:157} INFO - Started process (PID=135) to work on /home/airflow/.local/lib/python3.7/site-packages/airflow/example_dags/example_params_trigger_ui.py
[2023-06-11T16:49:03.314+0000] {processor.py:826} INFO - Processing file /home/airflow/.local/lib/python3.7/site-packages/airflow/example_dags/example_params_trigger_ui.py for tasks to queue
[2023-06-11T16:49:03.314+0000] {logging_mixin.py:149} INFO - [2023-06-11T16:49:03.314+0000] {dagbag.py:541} INFO - Filling up the DagBag from /home/airflow/.local/lib/python3.7/site-packages/airflow/example_dags/example_params_trigger_ui.py
[2023-06-11T16:49:03.335+0000] {processor.py:836} INFO - DAG(s) dict_keys(['example_params_trigger_ui']) retrieved from /home/airflow/.local/lib/python3.7/site-packages/airflow/example_dags/example_params_trigger_ui.py
[2023-06-11T16:49:03.441+0000] {logging_mixin.py:149} INFO - [2023-06-11T16:49:03.441+0000] {dag.py:2726} INFO - Sync 1 DAGs
[2023-06-11T16:49:03.565+0000] {logging_mixin.py:149} INFO - [2023-06-11T16:49:03.565+0000] {dag.py:3490} INFO - Setting next_dagrun for example_params_trigger_ui to None, run_after=None
[2023-06-11T16:49:03.586+0000] {processor.py:179} INFO - Processing /home/airflow/.local/lib/python3.7/site-packages/airflow/example_dags/example_params_trigger_ui.py took 0.275 seconds
[2023-06-11T16:49:34.110+0000] {processor.py:157} INFO - Started process (PID=212) to work on /home/airflow/.local/lib/python3.7/site-packages/airflow/example_dags/example_params_trigger_ui.py
[2023-06-11T16:49:34.111+0000] {processor.py:826} INFO - Processing file /home/airflow/.local/lib/python3.7/site-packages/airflow/example_dags/example_params_trigger_ui.py for tasks to queue
[2023-06-11T16:49:34.112+0000] {logging_mixin.py:149} INFO - [2023-06-11T16:49:34.111+0000] {dagbag.py:541} INFO - Filling up the DagBag from /home/airflow/.local/lib/python3.7/site-packages/airflow/example_dags/example_params_trigger_ui.py
[2023-06-11T16:49:34.132+0000] {processor.py:836} INFO - DAG(s) dict_keys(['example_params_trigger_ui']) retrieved from /home/airflow/.local/lib/python3.7/site-packages/airflow/example_dags/example_params_trigger_ui.py
[2023-06-11T16:49:34.335+0000] {logging_mixin.py:149} INFO - [2023-06-11T16:49:34.335+0000] {dag.py:2726} INFO - Sync 1 DAGs
[2023-06-11T16:49:34.360+0000] {logging_mixin.py:149} INFO - [2023-06-11T16:49:34.360+0000] {dag.py:3490} INFO - Setting next_dagrun for example_params_trigger_ui to None, run_after=None
[2023-06-11T16:49:34.382+0000] {processor.py:179} INFO - Processing /home/airflow/.local/lib/python3.7/site-packages/airflow/example_dags/example_params_trigger_ui.py took 0.274 seconds
