[2023-06-11T16:48:33.821+0000] {processor.py:157} INFO - Started process (PID=71) to work on /home/airflow/.local/lib/python3.7/site-packages/airflow/example_dags/example_nested_branch_dag.py
[2023-06-11T16:48:33.823+0000] {processor.py:826} INFO - Processing file /home/airflow/.local/lib/python3.7/site-packages/airflow/example_dags/example_nested_branch_dag.py for tasks to queue
[2023-06-11T16:48:33.824+0000] {logging_mixin.py:149} INFO - [2023-06-11T16:48:33.824+0000] {dagbag.py:541} INFO - Filling up the DagBag from /home/airflow/.local/lib/python3.7/site-packages/airflow/example_dags/example_nested_branch_dag.py
[2023-06-11T16:48:33.840+0000] {processor.py:836} INFO - DAG(s) dict_keys(['example_nested_branch_dag']) retrieved from /home/airflow/.local/lib/python3.7/site-packages/airflow/example_dags/example_nested_branch_dag.py
[2023-06-11T16:48:33.876+0000] {logging_mixin.py:149} INFO - [2023-06-11T16:48:33.876+0000] {dag.py:2726} INFO - Sync 1 DAGs
[2023-06-11T16:48:33.919+0000] {logging_mixin.py:149} INFO - [2023-06-11T16:48:33.919+0000] {dag.py:3490} INFO - Setting next_dagrun for example_nested_branch_dag to 2023-06-10T00:00:00+00:00, run_after=2023-06-11T00:00:00+00:00
[2023-06-11T16:48:33.945+0000] {processor.py:179} INFO - Processing /home/airflow/.local/lib/python3.7/site-packages/airflow/example_dags/example_nested_branch_dag.py took 0.127 seconds
[2023-06-11T16:49:04.275+0000] {processor.py:157} INFO - Started process (PID=148) to work on /home/airflow/.local/lib/python3.7/site-packages/airflow/example_dags/example_nested_branch_dag.py
[2023-06-11T16:49:04.276+0000] {processor.py:826} INFO - Processing file /home/airflow/.local/lib/python3.7/site-packages/airflow/example_dags/example_nested_branch_dag.py for tasks to queue
[2023-06-11T16:49:04.277+0000] {logging_mixin.py:149} INFO - [2023-06-11T16:49:04.277+0000] {dagbag.py:541} INFO - Filling up the DagBag from /home/airflow/.local/lib/python3.7/site-packages/airflow/example_dags/example_nested_branch_dag.py
[2023-06-11T16:49:04.285+0000] {processor.py:836} INFO - DAG(s) dict_keys(['example_nested_branch_dag']) retrieved from /home/airflow/.local/lib/python3.7/site-packages/airflow/example_dags/example_nested_branch_dag.py
[2023-06-11T16:49:04.311+0000] {logging_mixin.py:149} INFO - [2023-06-11T16:49:04.311+0000] {dag.py:2726} INFO - Sync 1 DAGs
[2023-06-11T16:49:04.337+0000] {logging_mixin.py:149} INFO - [2023-06-11T16:49:04.336+0000] {dag.py:3490} INFO - Setting next_dagrun for example_nested_branch_dag to 2023-06-10T00:00:00+00:00, run_after=2023-06-11T00:00:00+00:00
[2023-06-11T16:49:04.355+0000] {processor.py:179} INFO - Processing /home/airflow/.local/lib/python3.7/site-packages/airflow/example_dags/example_nested_branch_dag.py took 0.082 seconds
[2023-06-11T16:49:35.357+0000] {processor.py:157} INFO - Started process (PID=225) to work on /home/airflow/.local/lib/python3.7/site-packages/airflow/example_dags/example_nested_branch_dag.py
[2023-06-11T16:49:35.358+0000] {processor.py:826} INFO - Processing file /home/airflow/.local/lib/python3.7/site-packages/airflow/example_dags/example_nested_branch_dag.py for tasks to queue
[2023-06-11T16:49:35.359+0000] {logging_mixin.py:149} INFO - [2023-06-11T16:49:35.359+0000] {dagbag.py:541} INFO - Filling up the DagBag from /home/airflow/.local/lib/python3.7/site-packages/airflow/example_dags/example_nested_branch_dag.py
[2023-06-11T16:49:35.368+0000] {processor.py:836} INFO - DAG(s) dict_keys(['example_nested_branch_dag']) retrieved from /home/airflow/.local/lib/python3.7/site-packages/airflow/example_dags/example_nested_branch_dag.py
[2023-06-11T16:49:35.473+0000] {logging_mixin.py:149} INFO - [2023-06-11T16:49:35.473+0000] {dag.py:2726} INFO - Sync 1 DAGs
[2023-06-11T16:49:35.501+0000] {logging_mixin.py:149} INFO - [2023-06-11T16:49:35.500+0000] {dag.py:3490} INFO - Setting next_dagrun for example_nested_branch_dag to 2023-06-10T00:00:00+00:00, run_after=2023-06-11T00:00:00+00:00
[2023-06-11T16:49:35.519+0000] {processor.py:179} INFO - Processing /home/airflow/.local/lib/python3.7/site-packages/airflow/example_dags/example_nested_branch_dag.py took 0.164 seconds
