[2023-06-11T16:48:32.539+0000] {processor.py:157} INFO - Started process (PID=53) to work on /home/airflow/.local/lib/python3.7/site-packages/airflow/example_dags/example_task_group.py
[2023-06-11T16:48:32.541+0000] {processor.py:826} INFO - Processing file /home/airflow/.local/lib/python3.7/site-packages/airflow/example_dags/example_task_group.py for tasks to queue
[2023-06-11T16:48:32.542+0000] {logging_mixin.py:149} INFO - [2023-06-11T16:48:32.542+0000] {dagbag.py:541} INFO - Filling up the DagBag from /home/airflow/.local/lib/python3.7/site-packages/airflow/example_dags/example_task_group.py
[2023-06-11T16:48:32.554+0000] {processor.py:836} INFO - DAG(s) dict_keys(['example_task_group']) retrieved from /home/airflow/.local/lib/python3.7/site-packages/airflow/example_dags/example_task_group.py
[2023-06-11T16:48:32.585+0000] {logging_mixin.py:149} INFO - [2023-06-11T16:48:32.585+0000] {dag.py:2726} INFO - Sync 1 DAGs
[2023-06-11T16:48:32.617+0000] {logging_mixin.py:149} INFO - [2023-06-11T16:48:32.617+0000] {dag.py:3490} INFO - Setting next_dagrun for example_task_group to 2023-06-10T16:48:32.616852+00:00, run_after=2023-06-11T16:48:32.616852+00:00
[2023-06-11T16:48:32.643+0000] {processor.py:179} INFO - Processing /home/airflow/.local/lib/python3.7/site-packages/airflow/example_dags/example_task_group.py took 0.105 seconds
[2023-06-11T16:49:02.953+0000] {processor.py:157} INFO - Started process (PID=130) to work on /home/airflow/.local/lib/python3.7/site-packages/airflow/example_dags/example_task_group.py
[2023-06-11T16:49:02.954+0000] {processor.py:826} INFO - Processing file /home/airflow/.local/lib/python3.7/site-packages/airflow/example_dags/example_task_group.py for tasks to queue
[2023-06-11T16:49:02.954+0000] {logging_mixin.py:149} INFO - [2023-06-11T16:49:02.954+0000] {dagbag.py:541} INFO - Filling up the DagBag from /home/airflow/.local/lib/python3.7/site-packages/airflow/example_dags/example_task_group.py
[2023-06-11T16:49:02.962+0000] {processor.py:836} INFO - DAG(s) dict_keys(['example_task_group']) retrieved from /home/airflow/.local/lib/python3.7/site-packages/airflow/example_dags/example_task_group.py
[2023-06-11T16:49:02.985+0000] {logging_mixin.py:149} INFO - [2023-06-11T16:49:02.985+0000] {dag.py:2726} INFO - Sync 1 DAGs
[2023-06-11T16:49:03.009+0000] {logging_mixin.py:149} INFO - [2023-06-11T16:49:03.009+0000] {dag.py:3490} INFO - Setting next_dagrun for example_task_group to 2023-06-10T16:49:03.009330+00:00, run_after=2023-06-11T16:49:03.009330+00:00
[2023-06-11T16:49:03.029+0000] {processor.py:179} INFO - Processing /home/airflow/.local/lib/python3.7/site-packages/airflow/example_dags/example_task_group.py took 0.078 seconds
[2023-06-11T16:49:33.583+0000] {processor.py:157} INFO - Started process (PID=207) to work on /home/airflow/.local/lib/python3.7/site-packages/airflow/example_dags/example_task_group.py
[2023-06-11T16:49:33.583+0000] {processor.py:826} INFO - Processing file /home/airflow/.local/lib/python3.7/site-packages/airflow/example_dags/example_task_group.py for tasks to queue
[2023-06-11T16:49:33.584+0000] {logging_mixin.py:149} INFO - [2023-06-11T16:49:33.584+0000] {dagbag.py:541} INFO - Filling up the DagBag from /home/airflow/.local/lib/python3.7/site-packages/airflow/example_dags/example_task_group.py
[2023-06-11T16:49:33.590+0000] {processor.py:836} INFO - DAG(s) dict_keys(['example_task_group']) retrieved from /home/airflow/.local/lib/python3.7/site-packages/airflow/example_dags/example_task_group.py
[2023-06-11T16:49:33.612+0000] {logging_mixin.py:149} INFO - [2023-06-11T16:49:33.612+0000] {dag.py:2726} INFO - Sync 1 DAGs
[2023-06-11T16:49:33.727+0000] {logging_mixin.py:149} INFO - [2023-06-11T16:49:33.727+0000] {dag.py:3490} INFO - Setting next_dagrun for example_task_group to 2023-06-10T16:49:33.727651+00:00, run_after=2023-06-11T16:49:33.727651+00:00
[2023-06-11T16:49:33.744+0000] {processor.py:179} INFO - Processing /home/airflow/.local/lib/python3.7/site-packages/airflow/example_dags/example_task_group.py took 0.164 seconds
