[2023-06-11T16:48:33.147+0000] {processor.py:157} INFO - Started process (PID=60) to work on /home/airflow/.local/lib/python3.7/site-packages/airflow/example_dags/example_sensor_decorator.py
[2023-06-11T16:48:33.148+0000] {processor.py:826} INFO - Processing file /home/airflow/.local/lib/python3.7/site-packages/airflow/example_dags/example_sensor_decorator.py for tasks to queue
[2023-06-11T16:48:33.148+0000] {logging_mixin.py:149} INFO - [2023-06-11T16:48:33.148+0000] {dagbag.py:541} INFO - Filling up the DagBag from /home/airflow/.local/lib/python3.7/site-packages/airflow/example_dags/example_sensor_decorator.py
[2023-06-11T16:48:33.158+0000] {processor.py:836} INFO - DAG(s) dict_keys(['example_sensor_decorator']) retrieved from /home/airflow/.local/lib/python3.7/site-packages/airflow/example_dags/example_sensor_decorator.py
[2023-06-11T16:48:33.192+0000] {logging_mixin.py:149} INFO - [2023-06-11T16:48:33.192+0000] {dag.py:2726} INFO - Sync 1 DAGs
[2023-06-11T16:48:33.233+0000] {logging_mixin.py:149} INFO - [2023-06-11T16:48:33.233+0000] {dag.py:3490} INFO - Setting next_dagrun for example_sensor_decorator to None, run_after=None
[2023-06-11T16:48:33.258+0000] {processor.py:179} INFO - Processing /home/airflow/.local/lib/python3.7/site-packages/airflow/example_dags/example_sensor_decorator.py took 0.115 seconds
[2023-06-11T16:49:03.412+0000] {processor.py:157} INFO - Started process (PID=137) to work on /home/airflow/.local/lib/python3.7/site-packages/airflow/example_dags/example_sensor_decorator.py
[2023-06-11T16:49:03.413+0000] {processor.py:826} INFO - Processing file /home/airflow/.local/lib/python3.7/site-packages/airflow/example_dags/example_sensor_decorator.py for tasks to queue
[2023-06-11T16:49:03.414+0000] {logging_mixin.py:149} INFO - [2023-06-11T16:49:03.414+0000] {dagbag.py:541} INFO - Filling up the DagBag from /home/airflow/.local/lib/python3.7/site-packages/airflow/example_dags/example_sensor_decorator.py
[2023-06-11T16:49:03.418+0000] {processor.py:836} INFO - DAG(s) dict_keys(['example_sensor_decorator']) retrieved from /home/airflow/.local/lib/python3.7/site-packages/airflow/example_dags/example_sensor_decorator.py
[2023-06-11T16:49:03.441+0000] {logging_mixin.py:149} INFO - [2023-06-11T16:49:03.441+0000] {dag.py:2726} INFO - Sync 1 DAGs
[2023-06-11T16:49:03.469+0000] {logging_mixin.py:149} INFO - [2023-06-11T16:49:03.469+0000] {dag.py:3490} INFO - Setting next_dagrun for example_sensor_decorator to None, run_after=None
[2023-06-11T16:49:03.492+0000] {processor.py:179} INFO - Processing /home/airflow/.local/lib/python3.7/site-packages/airflow/example_dags/example_sensor_decorator.py took 0.082 seconds
[2023-06-11T16:49:34.196+0000] {processor.py:157} INFO - Started process (PID=214) to work on /home/airflow/.local/lib/python3.7/site-packages/airflow/example_dags/example_sensor_decorator.py
[2023-06-11T16:49:34.197+0000] {processor.py:826} INFO - Processing file /home/airflow/.local/lib/python3.7/site-packages/airflow/example_dags/example_sensor_decorator.py for tasks to queue
[2023-06-11T16:49:34.198+0000] {logging_mixin.py:149} INFO - [2023-06-11T16:49:34.198+0000] {dagbag.py:541} INFO - Filling up the DagBag from /home/airflow/.local/lib/python3.7/site-packages/airflow/example_dags/example_sensor_decorator.py
[2023-06-11T16:49:34.202+0000] {processor.py:836} INFO - DAG(s) dict_keys(['example_sensor_decorator']) retrieved from /home/airflow/.local/lib/python3.7/site-packages/airflow/example_dags/example_sensor_decorator.py
[2023-06-11T16:49:34.221+0000] {logging_mixin.py:149} INFO - [2023-06-11T16:49:34.221+0000] {dag.py:2726} INFO - Sync 1 DAGs
[2023-06-11T16:49:34.342+0000] {logging_mixin.py:149} INFO - [2023-06-11T16:49:34.342+0000] {dag.py:3490} INFO - Setting next_dagrun for example_sensor_decorator to None, run_after=None
[2023-06-11T16:49:34.360+0000] {processor.py:179} INFO - Processing /home/airflow/.local/lib/python3.7/site-packages/airflow/example_dags/example_sensor_decorator.py took 0.165 seconds
