[2023-06-11T16:48:33.540+0000] {processor.py:157} INFO - Started process (PID=67) to work on /home/airflow/.local/lib/python3.7/site-packages/airflow/example_dags/example_latest_only.py
[2023-06-11T16:48:33.541+0000] {processor.py:826} INFO - Processing file /home/airflow/.local/lib/python3.7/site-packages/airflow/example_dags/example_latest_only.py for tasks to queue
[2023-06-11T16:48:33.542+0000] {logging_mixin.py:149} INFO - [2023-06-11T16:48:33.542+0000] {dagbag.py:541} INFO - Filling up the DagBag from /home/airflow/.local/lib/python3.7/site-packages/airflow/example_dags/example_latest_only.py
[2023-06-11T16:48:33.548+0000] {processor.py:836} INFO - DAG(s) dict_keys(['latest_only']) retrieved from /home/airflow/.local/lib/python3.7/site-packages/airflow/example_dags/example_latest_only.py
[2023-06-11T16:48:33.577+0000] {logging_mixin.py:149} INFO - [2023-06-11T16:48:33.577+0000] {dag.py:2726} INFO - Sync 1 DAGs
[2023-06-11T16:48:33.611+0000] {logging_mixin.py:149} INFO - [2023-06-11T16:48:33.611+0000] {dag.py:3490} INFO - Setting next_dagrun for latest_only to 2023-06-11T12:48:33.610975+00:00, run_after=2023-06-11T16:48:33.610975+00:00
[2023-06-11T16:48:33.641+0000] {processor.py:179} INFO - Processing /home/airflow/.local/lib/python3.7/site-packages/airflow/example_dags/example_latest_only.py took 0.104 seconds
[2023-06-11T16:49:03.964+0000] {processor.py:157} INFO - Started process (PID=144) to work on /home/airflow/.local/lib/python3.7/site-packages/airflow/example_dags/example_latest_only.py
[2023-06-11T16:49:03.965+0000] {processor.py:826} INFO - Processing file /home/airflow/.local/lib/python3.7/site-packages/airflow/example_dags/example_latest_only.py for tasks to queue
[2023-06-11T16:49:03.966+0000] {logging_mixin.py:149} INFO - [2023-06-11T16:49:03.966+0000] {dagbag.py:541} INFO - Filling up the DagBag from /home/airflow/.local/lib/python3.7/site-packages/airflow/example_dags/example_latest_only.py
[2023-06-11T16:49:03.970+0000] {processor.py:836} INFO - DAG(s) dict_keys(['latest_only']) retrieved from /home/airflow/.local/lib/python3.7/site-packages/airflow/example_dags/example_latest_only.py
[2023-06-11T16:49:03.991+0000] {logging_mixin.py:149} INFO - [2023-06-11T16:49:03.991+0000] {dag.py:2726} INFO - Sync 1 DAGs
[2023-06-11T16:49:04.016+0000] {logging_mixin.py:149} INFO - [2023-06-11T16:49:04.016+0000] {dag.py:3490} INFO - Setting next_dagrun for latest_only to 2023-06-11T12:49:04.016204+00:00, run_after=2023-06-11T16:49:04.016204+00:00
[2023-06-11T16:49:04.037+0000] {processor.py:179} INFO - Processing /home/airflow/.local/lib/python3.7/site-packages/airflow/example_dags/example_latest_only.py took 0.075 seconds
[2023-06-11T16:49:34.804+0000] {processor.py:157} INFO - Started process (PID=221) to work on /home/airflow/.local/lib/python3.7/site-packages/airflow/example_dags/example_latest_only.py
[2023-06-11T16:49:34.805+0000] {processor.py:826} INFO - Processing file /home/airflow/.local/lib/python3.7/site-packages/airflow/example_dags/example_latest_only.py for tasks to queue
[2023-06-11T16:49:34.806+0000] {logging_mixin.py:149} INFO - [2023-06-11T16:49:34.806+0000] {dagbag.py:541} INFO - Filling up the DagBag from /home/airflow/.local/lib/python3.7/site-packages/airflow/example_dags/example_latest_only.py
[2023-06-11T16:49:34.810+0000] {processor.py:836} INFO - DAG(s) dict_keys(['latest_only']) retrieved from /home/airflow/.local/lib/python3.7/site-packages/airflow/example_dags/example_latest_only.py
[2023-06-11T16:49:34.831+0000] {logging_mixin.py:149} INFO - [2023-06-11T16:49:34.831+0000] {dag.py:2726} INFO - Sync 1 DAGs
[2023-06-11T16:49:34.946+0000] {logging_mixin.py:149} INFO - [2023-06-11T16:49:34.946+0000] {dag.py:3490} INFO - Setting next_dagrun for latest_only to 2023-06-11T12:49:34.946508+00:00, run_after=2023-06-11T16:49:34.946508+00:00
[2023-06-11T16:49:34.964+0000] {processor.py:179} INFO - Processing /home/airflow/.local/lib/python3.7/site-packages/airflow/example_dags/example_latest_only.py took 0.162 seconds
