[2023-06-11T16:48:34.165+0000] {processor.py:157} INFO - Started process (PID=76) to work on /home/airflow/.local/lib/python3.7/site-packages/airflow/example_dags/example_branch_python_dop_operator_3.py
[2023-06-11T16:48:34.166+0000] {processor.py:826} INFO - Processing file /home/airflow/.local/lib/python3.7/site-packages/airflow/example_dags/example_branch_python_dop_operator_3.py for tasks to queue
[2023-06-11T16:48:34.166+0000] {logging_mixin.py:149} INFO - [2023-06-11T16:48:34.166+0000] {dagbag.py:541} INFO - Filling up the DagBag from /home/airflow/.local/lib/python3.7/site-packages/airflow/example_dags/example_branch_python_dop_operator_3.py
[2023-06-11T16:48:34.177+0000] {processor.py:836} INFO - DAG(s) dict_keys(['example_branch_dop_operator_v3']) retrieved from /home/airflow/.local/lib/python3.7/site-packages/airflow/example_dags/example_branch_python_dop_operator_3.py
[2023-06-11T16:48:34.203+0000] {logging_mixin.py:149} INFO - [2023-06-11T16:48:34.203+0000] {dag.py:2726} INFO - Sync 1 DAGs
[2023-06-11T16:48:34.240+0000] {logging_mixin.py:149} INFO - [2023-06-11T16:48:34.240+0000] {dag.py:3490} INFO - Setting next_dagrun for example_branch_dop_operator_v3 to 2023-06-11T16:47:00+00:00, run_after=2023-06-11T16:48:00+00:00
[2023-06-11T16:48:34.261+0000] {processor.py:179} INFO - Processing /home/airflow/.local/lib/python3.7/site-packages/airflow/example_dags/example_branch_python_dop_operator_3.py took 0.098 seconds
[2023-06-11T16:49:04.600+0000] {processor.py:157} INFO - Started process (PID=153) to work on /home/airflow/.local/lib/python3.7/site-packages/airflow/example_dags/example_branch_python_dop_operator_3.py
[2023-06-11T16:49:04.601+0000] {processor.py:826} INFO - Processing file /home/airflow/.local/lib/python3.7/site-packages/airflow/example_dags/example_branch_python_dop_operator_3.py for tasks to queue
[2023-06-11T16:49:04.602+0000] {logging_mixin.py:149} INFO - [2023-06-11T16:49:04.602+0000] {dagbag.py:541} INFO - Filling up the DagBag from /home/airflow/.local/lib/python3.7/site-packages/airflow/example_dags/example_branch_python_dop_operator_3.py
[2023-06-11T16:49:04.608+0000] {processor.py:836} INFO - DAG(s) dict_keys(['example_branch_dop_operator_v3']) retrieved from /home/airflow/.local/lib/python3.7/site-packages/airflow/example_dags/example_branch_python_dop_operator_3.py
[2023-06-11T16:49:04.628+0000] {logging_mixin.py:149} INFO - [2023-06-11T16:49:04.628+0000] {dag.py:2726} INFO - Sync 1 DAGs
[2023-06-11T16:49:04.656+0000] {logging_mixin.py:149} INFO - [2023-06-11T16:49:04.656+0000] {dag.py:3490} INFO - Setting next_dagrun for example_branch_dop_operator_v3 to 2023-06-11T16:48:00+00:00, run_after=2023-06-11T16:49:00+00:00
[2023-06-11T16:49:04.675+0000] {processor.py:179} INFO - Processing /home/airflow/.local/lib/python3.7/site-packages/airflow/example_dags/example_branch_python_dop_operator_3.py took 0.077 seconds
[2023-06-11T16:49:35.929+0000] {processor.py:157} INFO - Started process (PID=230) to work on /home/airflow/.local/lib/python3.7/site-packages/airflow/example_dags/example_branch_python_dop_operator_3.py
[2023-06-11T16:49:35.930+0000] {processor.py:826} INFO - Processing file /home/airflow/.local/lib/python3.7/site-packages/airflow/example_dags/example_branch_python_dop_operator_3.py for tasks to queue
[2023-06-11T16:49:35.931+0000] {logging_mixin.py:149} INFO - [2023-06-11T16:49:35.931+0000] {dagbag.py:541} INFO - Filling up the DagBag from /home/airflow/.local/lib/python3.7/site-packages/airflow/example_dags/example_branch_python_dop_operator_3.py
[2023-06-11T16:49:35.938+0000] {processor.py:836} INFO - DAG(s) dict_keys(['example_branch_dop_operator_v3']) retrieved from /home/airflow/.local/lib/python3.7/site-packages/airflow/example_dags/example_branch_python_dop_operator_3.py
[2023-06-11T16:49:36.068+0000] {logging_mixin.py:149} INFO - [2023-06-11T16:49:36.068+0000] {dag.py:2726} INFO - Sync 1 DAGs
[2023-06-11T16:49:36.094+0000] {logging_mixin.py:149} INFO - [2023-06-11T16:49:36.094+0000] {dag.py:3490} INFO - Setting next_dagrun for example_branch_dop_operator_v3 to 2023-06-11T16:48:00+00:00, run_after=2023-06-11T16:49:00+00:00
[2023-06-11T16:49:36.120+0000] {processor.py:179} INFO - Processing /home/airflow/.local/lib/python3.7/site-packages/airflow/example_dags/example_branch_python_dop_operator_3.py took 0.193 seconds
