[2023-06-11T16:48:34.100+0000] {processor.py:157} INFO - Started process (PID=75) to work on /home/airflow/.local/lib/python3.7/site-packages/airflow/example_dags/example_task_group_decorator.py
[2023-06-11T16:48:34.101+0000] {processor.py:826} INFO - Processing file /home/airflow/.local/lib/python3.7/site-packages/airflow/example_dags/example_task_group_decorator.py for tasks to queue
[2023-06-11T16:48:34.102+0000] {logging_mixin.py:149} INFO - [2023-06-11T16:48:34.102+0000] {dagbag.py:541} INFO - Filling up the DagBag from /home/airflow/.local/lib/python3.7/site-packages/airflow/example_dags/example_task_group_decorator.py
[2023-06-11T16:48:34.118+0000] {processor.py:836} INFO - DAG(s) dict_keys(['example_task_group_decorator']) retrieved from /home/airflow/.local/lib/python3.7/site-packages/airflow/example_dags/example_task_group_decorator.py
[2023-06-11T16:48:34.156+0000] {logging_mixin.py:149} INFO - [2023-06-11T16:48:34.156+0000] {dag.py:2726} INFO - Sync 1 DAGs
[2023-06-11T16:48:34.188+0000] {logging_mixin.py:149} INFO - [2023-06-11T16:48:34.188+0000] {dag.py:3490} INFO - Setting next_dagrun for example_task_group_decorator to 2023-06-10T16:48:34.188142+00:00, run_after=2023-06-11T16:48:34.188142+00:00
[2023-06-11T16:48:34.210+0000] {processor.py:179} INFO - Processing /home/airflow/.local/lib/python3.7/site-packages/airflow/example_dags/example_task_group_decorator.py took 0.112 seconds
[2023-06-11T16:49:04.496+0000] {processor.py:157} INFO - Started process (PID=152) to work on /home/airflow/.local/lib/python3.7/site-packages/airflow/example_dags/example_task_group_decorator.py
[2023-06-11T16:49:04.496+0000] {processor.py:826} INFO - Processing file /home/airflow/.local/lib/python3.7/site-packages/airflow/example_dags/example_task_group_decorator.py for tasks to queue
[2023-06-11T16:49:04.497+0000] {logging_mixin.py:149} INFO - [2023-06-11T16:49:04.497+0000] {dagbag.py:541} INFO - Filling up the DagBag from /home/airflow/.local/lib/python3.7/site-packages/airflow/example_dags/example_task_group_decorator.py
[2023-06-11T16:49:04.528+0000] {processor.py:836} INFO - DAG(s) dict_keys(['example_task_group_decorator']) retrieved from /home/airflow/.local/lib/python3.7/site-packages/airflow/example_dags/example_task_group_decorator.py
[2023-06-11T16:49:04.561+0000] {logging_mixin.py:149} INFO - [2023-06-11T16:49:04.561+0000] {dag.py:2726} INFO - Sync 1 DAGs
[2023-06-11T16:49:04.585+0000] {logging_mixin.py:149} INFO - [2023-06-11T16:49:04.585+0000] {dag.py:3490} INFO - Setting next_dagrun for example_task_group_decorator to 2023-06-10T16:49:04.585305+00:00, run_after=2023-06-11T16:49:04.585305+00:00
[2023-06-11T16:49:04.692+0000] {processor.py:179} INFO - Processing /home/airflow/.local/lib/python3.7/site-packages/airflow/example_dags/example_task_group_decorator.py took 0.199 seconds
[2023-06-11T16:49:35.734+0000] {processor.py:157} INFO - Started process (PID=229) to work on /home/airflow/.local/lib/python3.7/site-packages/airflow/example_dags/example_task_group_decorator.py
[2023-06-11T16:49:35.735+0000] {processor.py:826} INFO - Processing file /home/airflow/.local/lib/python3.7/site-packages/airflow/example_dags/example_task_group_decorator.py for tasks to queue
[2023-06-11T16:49:35.736+0000] {logging_mixin.py:149} INFO - [2023-06-11T16:49:35.735+0000] {dagbag.py:541} INFO - Filling up the DagBag from /home/airflow/.local/lib/python3.7/site-packages/airflow/example_dags/example_task_group_decorator.py
[2023-06-11T16:49:35.747+0000] {processor.py:836} INFO - DAG(s) dict_keys(['example_task_group_decorator']) retrieved from /home/airflow/.local/lib/python3.7/site-packages/airflow/example_dags/example_task_group_decorator.py
[2023-06-11T16:49:35.859+0000] {logging_mixin.py:149} INFO - [2023-06-11T16:49:35.858+0000] {dag.py:2726} INFO - Sync 1 DAGs
[2023-06-11T16:49:35.884+0000] {logging_mixin.py:149} INFO - [2023-06-11T16:49:35.884+0000] {dag.py:3490} INFO - Setting next_dagrun for example_task_group_decorator to 2023-06-10T16:49:35.884438+00:00, run_after=2023-06-11T16:49:35.884438+00:00
[2023-06-11T16:49:35.902+0000] {processor.py:179} INFO - Processing /home/airflow/.local/lib/python3.7/site-packages/airflow/example_dags/example_task_group_decorator.py took 0.170 seconds
