[2023-06-11T16:48:33.219+0000] {processor.py:157} INFO - Started process (PID=61) to work on /home/airflow/.local/lib/python3.7/site-packages/airflow/example_dags/tutorial.py
[2023-06-11T16:48:33.220+0000] {processor.py:826} INFO - Processing file /home/airflow/.local/lib/python3.7/site-packages/airflow/example_dags/tutorial.py for tasks to queue
[2023-06-11T16:48:33.221+0000] {logging_mixin.py:149} INFO - [2023-06-11T16:48:33.221+0000] {dagbag.py:541} INFO - Filling up the DagBag from /home/airflow/.local/lib/python3.7/site-packages/airflow/example_dags/tutorial.py
[2023-06-11T16:48:33.229+0000] {processor.py:836} INFO - DAG(s) dict_keys(['tutorial']) retrieved from /home/airflow/.local/lib/python3.7/site-packages/airflow/example_dags/tutorial.py
[2023-06-11T16:48:33.259+0000] {logging_mixin.py:149} INFO - [2023-06-11T16:48:33.259+0000] {dag.py:2726} INFO - Sync 1 DAGs
[2023-06-11T16:48:33.289+0000] {logging_mixin.py:149} INFO - [2023-06-11T16:48:33.289+0000] {dag.py:3490} INFO - Setting next_dagrun for tutorial to 2023-06-10T16:48:33.288988+00:00, run_after=2023-06-11T16:48:33.288988+00:00
[2023-06-11T16:48:33.310+0000] {processor.py:179} INFO - Processing /home/airflow/.local/lib/python3.7/site-packages/airflow/example_dags/tutorial.py took 0.093 seconds
[2023-06-11T16:49:03.510+0000] {processor.py:157} INFO - Started process (PID=138) to work on /home/airflow/.local/lib/python3.7/site-packages/airflow/example_dags/tutorial.py
[2023-06-11T16:49:03.511+0000] {processor.py:826} INFO - Processing file /home/airflow/.local/lib/python3.7/site-packages/airflow/example_dags/tutorial.py for tasks to queue
[2023-06-11T16:49:03.512+0000] {logging_mixin.py:149} INFO - [2023-06-11T16:49:03.512+0000] {dagbag.py:541} INFO - Filling up the DagBag from /home/airflow/.local/lib/python3.7/site-packages/airflow/example_dags/tutorial.py
[2023-06-11T16:49:03.517+0000] {processor.py:836} INFO - DAG(s) dict_keys(['tutorial']) retrieved from /home/airflow/.local/lib/python3.7/site-packages/airflow/example_dags/tutorial.py
[2023-06-11T16:49:03.539+0000] {logging_mixin.py:149} INFO - [2023-06-11T16:49:03.539+0000] {dag.py:2726} INFO - Sync 1 DAGs
[2023-06-11T16:49:03.565+0000] {logging_mixin.py:149} INFO - [2023-06-11T16:49:03.565+0000] {dag.py:3490} INFO - Setting next_dagrun for tutorial to 2023-06-10T16:49:03.564717+00:00, run_after=2023-06-11T16:49:03.564717+00:00
[2023-06-11T16:49:03.587+0000] {processor.py:179} INFO - Processing /home/airflow/.local/lib/python3.7/site-packages/airflow/example_dags/tutorial.py took 0.079 seconds
[2023-06-11T16:49:34.381+0000] {processor.py:157} INFO - Started process (PID=215) to work on /home/airflow/.local/lib/python3.7/site-packages/airflow/example_dags/tutorial.py
[2023-06-11T16:49:34.381+0000] {processor.py:826} INFO - Processing file /home/airflow/.local/lib/python3.7/site-packages/airflow/example_dags/tutorial.py for tasks to queue
[2023-06-11T16:49:34.382+0000] {logging_mixin.py:149} INFO - [2023-06-11T16:49:34.382+0000] {dagbag.py:541} INFO - Filling up the DagBag from /home/airflow/.local/lib/python3.7/site-packages/airflow/example_dags/tutorial.py
[2023-06-11T16:49:34.387+0000] {processor.py:836} INFO - DAG(s) dict_keys(['tutorial']) retrieved from /home/airflow/.local/lib/python3.7/site-packages/airflow/example_dags/tutorial.py
[2023-06-11T16:49:34.408+0000] {logging_mixin.py:149} INFO - [2023-06-11T16:49:34.408+0000] {dag.py:2726} INFO - Sync 1 DAGs
[2023-06-11T16:49:34.529+0000] {logging_mixin.py:149} INFO - [2023-06-11T16:49:34.529+0000] {dag.py:3490} INFO - Setting next_dagrun for tutorial to 2023-06-10T16:49:34.529217+00:00, run_after=2023-06-11T16:49:34.529217+00:00
[2023-06-11T16:49:34.550+0000] {processor.py:179} INFO - Processing /home/airflow/.local/lib/python3.7/site-packages/airflow/example_dags/tutorial.py took 0.172 seconds
