[2023-06-08T14:15:48.335+0000] {processor.py:157} INFO - Started process (PID=8960) to work on /opt/airflow/dags/amazon_sale_report_pulling_and_preprocessing.py
[2023-06-08T14:15:48.336+0000] {processor.py:826} INFO - Processing file /opt/airflow/dags/amazon_sale_report_pulling_and_preprocessing.py for tasks to queue
[2023-06-08T14:15:48.337+0000] {logging_mixin.py:149} INFO - [2023-06-08T14:15:48.336+0000] {dagbag.py:541} INFO - Filling up the DagBag from /opt/airflow/dags/amazon_sale_report_pulling_and_preprocessing.py
[2023-06-08T14:15:48.356+0000] {processor.py:836} INFO - DAG(s) dict_keys(['pull_data_from_postgresql']) retrieved from /opt/airflow/dags/amazon_sale_report_pulling_and_preprocessing.py
[2023-06-08T14:15:48.451+0000] {logging_mixin.py:149} INFO - [2023-06-08T14:15:48.451+0000] {dag.py:2726} INFO - Sync 1 DAGs
[2023-06-08T14:15:48.484+0000] {logging_mixin.py:149} INFO - [2023-06-08T14:15:48.483+0000] {dag.py:3490} INFO - Setting next_dagrun for pull_data_from_postgresql to 2023-06-07T00:00:00+00:00, run_after=2023-06-08T00:00:00+00:00
[2023-06-08T14:15:48.516+0000] {processor.py:179} INFO - Processing /opt/airflow/dags/amazon_sale_report_pulling_and_preprocessing.py took 0.183 seconds
[2023-06-08T14:16:18.617+0000] {processor.py:157} INFO - Started process (PID=9025) to work on /opt/airflow/dags/amazon_sale_report_pulling_and_preprocessing.py
[2023-06-08T14:16:18.618+0000] {processor.py:826} INFO - Processing file /opt/airflow/dags/amazon_sale_report_pulling_and_preprocessing.py for tasks to queue
[2023-06-08T14:16:18.619+0000] {logging_mixin.py:149} INFO - [2023-06-08T14:16:18.619+0000] {dagbag.py:541} INFO - Filling up the DagBag from /opt/airflow/dags/amazon_sale_report_pulling_and_preprocessing.py
[2023-06-08T14:16:18.632+0000] {processor.py:836} INFO - DAG(s) dict_keys(['pull_data_from_postgresql']) retrieved from /opt/airflow/dags/amazon_sale_report_pulling_and_preprocessing.py
[2023-06-08T14:16:18.651+0000] {logging_mixin.py:149} INFO - [2023-06-08T14:16:18.651+0000] {dag.py:2726} INFO - Sync 1 DAGs
[2023-06-08T14:16:18.685+0000] {logging_mixin.py:149} INFO - [2023-06-08T14:16:18.684+0000] {dag.py:3490} INFO - Setting next_dagrun for pull_data_from_postgresql to 2023-06-07T00:00:00+00:00, run_after=2023-06-08T00:00:00+00:00
[2023-06-08T14:16:18.704+0000] {processor.py:179} INFO - Processing /opt/airflow/dags/amazon_sale_report_pulling_and_preprocessing.py took 0.090 seconds
[2023-06-08T14:16:48.885+0000] {processor.py:157} INFO - Started process (PID=9090) to work on /opt/airflow/dags/amazon_sale_report_pulling_and_preprocessing.py
[2023-06-08T14:16:48.885+0000] {processor.py:826} INFO - Processing file /opt/airflow/dags/amazon_sale_report_pulling_and_preprocessing.py for tasks to queue
[2023-06-08T14:16:48.886+0000] {logging_mixin.py:149} INFO - [2023-06-08T14:16:48.886+0000] {dagbag.py:541} INFO - Filling up the DagBag from /opt/airflow/dags/amazon_sale_report_pulling_and_preprocessing.py
[2023-06-08T14:16:48.900+0000] {processor.py:836} INFO - DAG(s) dict_keys(['pull_data_from_postgresql']) retrieved from /opt/airflow/dags/amazon_sale_report_pulling_and_preprocessing.py
[2023-06-08T14:16:48.918+0000] {logging_mixin.py:149} INFO - [2023-06-08T14:16:48.918+0000] {dag.py:2726} INFO - Sync 1 DAGs
[2023-06-08T14:16:48.945+0000] {logging_mixin.py:149} INFO - [2023-06-08T14:16:48.944+0000] {dag.py:3490} INFO - Setting next_dagrun for pull_data_from_postgresql to 2023-06-07T00:00:00+00:00, run_after=2023-06-08T00:00:00+00:00
[2023-06-08T14:16:48.970+0000] {processor.py:179} INFO - Processing /opt/airflow/dags/amazon_sale_report_pulling_and_preprocessing.py took 0.088 seconds
[2023-06-08T14:17:19.247+0000] {processor.py:157} INFO - Started process (PID=9155) to work on /opt/airflow/dags/amazon_sale_report_pulling_and_preprocessing.py
[2023-06-08T14:17:19.247+0000] {processor.py:826} INFO - Processing file /opt/airflow/dags/amazon_sale_report_pulling_and_preprocessing.py for tasks to queue
[2023-06-08T14:17:19.248+0000] {logging_mixin.py:149} INFO - [2023-06-08T14:17:19.248+0000] {dagbag.py:541} INFO - Filling up the DagBag from /opt/airflow/dags/amazon_sale_report_pulling_and_preprocessing.py
[2023-06-08T14:17:19.263+0000] {processor.py:836} INFO - DAG(s) dict_keys(['pull_data_from_postgresql']) retrieved from /opt/airflow/dags/amazon_sale_report_pulling_and_preprocessing.py
[2023-06-08T14:17:19.282+0000] {logging_mixin.py:149} INFO - [2023-06-08T14:17:19.282+0000] {dag.py:2726} INFO - Sync 1 DAGs
[2023-06-08T14:17:19.307+0000] {logging_mixin.py:149} INFO - [2023-06-08T14:17:19.307+0000] {dag.py:3490} INFO - Setting next_dagrun for pull_data_from_postgresql to 2023-06-07T00:00:00+00:00, run_after=2023-06-08T00:00:00+00:00
[2023-06-08T14:17:19.336+0000] {processor.py:179} INFO - Processing /opt/airflow/dags/amazon_sale_report_pulling_and_preprocessing.py took 0.092 seconds
[2023-06-08T14:17:49.391+0000] {processor.py:157} INFO - Started process (PID=9220) to work on /opt/airflow/dags/amazon_sale_report_pulling_and_preprocessing.py
[2023-06-08T14:17:49.392+0000] {processor.py:826} INFO - Processing file /opt/airflow/dags/amazon_sale_report_pulling_and_preprocessing.py for tasks to queue
[2023-06-08T14:17:49.393+0000] {logging_mixin.py:149} INFO - [2023-06-08T14:17:49.393+0000] {dagbag.py:541} INFO - Filling up the DagBag from /opt/airflow/dags/amazon_sale_report_pulling_and_preprocessing.py
[2023-06-08T14:17:49.406+0000] {processor.py:836} INFO - DAG(s) dict_keys(['pull_data_from_postgresql']) retrieved from /opt/airflow/dags/amazon_sale_report_pulling_and_preprocessing.py
[2023-06-08T14:17:49.424+0000] {logging_mixin.py:149} INFO - [2023-06-08T14:17:49.423+0000] {dag.py:2726} INFO - Sync 1 DAGs
[2023-06-08T14:17:49.447+0000] {logging_mixin.py:149} INFO - [2023-06-08T14:17:49.447+0000] {dag.py:3490} INFO - Setting next_dagrun for pull_data_from_postgresql to 2023-06-07T00:00:00+00:00, run_after=2023-06-08T00:00:00+00:00
[2023-06-08T14:17:49.475+0000] {processor.py:179} INFO - Processing /opt/airflow/dags/amazon_sale_report_pulling_and_preprocessing.py took 0.086 seconds
[2023-06-08T14:18:19.592+0000] {processor.py:157} INFO - Started process (PID=9285) to work on /opt/airflow/dags/amazon_sale_report_pulling_and_preprocessing.py
[2023-06-08T14:18:19.593+0000] {processor.py:826} INFO - Processing file /opt/airflow/dags/amazon_sale_report_pulling_and_preprocessing.py for tasks to queue
[2023-06-08T14:18:19.594+0000] {logging_mixin.py:149} INFO - [2023-06-08T14:18:19.594+0000] {dagbag.py:541} INFO - Filling up the DagBag from /opt/airflow/dags/amazon_sale_report_pulling_and_preprocessing.py
[2023-06-08T14:18:19.608+0000] {processor.py:836} INFO - DAG(s) dict_keys(['pull_data_from_postgresql']) retrieved from /opt/airflow/dags/amazon_sale_report_pulling_and_preprocessing.py
[2023-06-08T14:18:19.628+0000] {logging_mixin.py:149} INFO - [2023-06-08T14:18:19.628+0000] {dag.py:2726} INFO - Sync 1 DAGs
[2023-06-08T14:18:19.656+0000] {logging_mixin.py:149} INFO - [2023-06-08T14:18:19.656+0000] {dag.py:3490} INFO - Setting next_dagrun for pull_data_from_postgresql to 2023-06-07T00:00:00+00:00, run_after=2023-06-08T00:00:00+00:00
[2023-06-08T14:18:19.683+0000] {processor.py:179} INFO - Processing /opt/airflow/dags/amazon_sale_report_pulling_and_preprocessing.py took 0.093 seconds
[2023-06-08T14:18:50.121+0000] {processor.py:157} INFO - Started process (PID=9350) to work on /opt/airflow/dags/amazon_sale_report_pulling_and_preprocessing.py
[2023-06-08T14:18:50.122+0000] {processor.py:826} INFO - Processing file /opt/airflow/dags/amazon_sale_report_pulling_and_preprocessing.py for tasks to queue
[2023-06-08T14:18:50.122+0000] {logging_mixin.py:149} INFO - [2023-06-08T14:18:50.122+0000] {dagbag.py:541} INFO - Filling up the DagBag from /opt/airflow/dags/amazon_sale_report_pulling_and_preprocessing.py
[2023-06-08T14:18:50.136+0000] {processor.py:836} INFO - DAG(s) dict_keys(['pull_data_from_postgresql']) retrieved from /opt/airflow/dags/amazon_sale_report_pulling_and_preprocessing.py
[2023-06-08T14:18:50.155+0000] {logging_mixin.py:149} INFO - [2023-06-08T14:18:50.154+0000] {dag.py:2726} INFO - Sync 1 DAGs
[2023-06-08T14:18:50.276+0000] {logging_mixin.py:149} INFO - [2023-06-08T14:18:50.276+0000] {dag.py:3490} INFO - Setting next_dagrun for pull_data_from_postgresql to 2023-06-07T00:00:00+00:00, run_after=2023-06-08T00:00:00+00:00
[2023-06-08T14:18:50.302+0000] {processor.py:179} INFO - Processing /opt/airflow/dags/amazon_sale_report_pulling_and_preprocessing.py took 0.183 seconds
[2023-06-08T14:19:20.827+0000] {processor.py:157} INFO - Started process (PID=9415) to work on /opt/airflow/dags/amazon_sale_report_pulling_and_preprocessing.py
[2023-06-08T14:19:20.828+0000] {processor.py:826} INFO - Processing file /opt/airflow/dags/amazon_sale_report_pulling_and_preprocessing.py for tasks to queue
[2023-06-08T14:19:20.828+0000] {logging_mixin.py:149} INFO - [2023-06-08T14:19:20.828+0000] {dagbag.py:541} INFO - Filling up the DagBag from /opt/airflow/dags/amazon_sale_report_pulling_and_preprocessing.py
[2023-06-08T14:19:20.840+0000] {processor.py:836} INFO - DAG(s) dict_keys(['pull_data_from_postgresql']) retrieved from /opt/airflow/dags/amazon_sale_report_pulling_and_preprocessing.py
[2023-06-08T14:19:20.858+0000] {logging_mixin.py:149} INFO - [2023-06-08T14:19:20.858+0000] {dag.py:2726} INFO - Sync 1 DAGs
[2023-06-08T14:19:20.882+0000] {logging_mixin.py:149} INFO - [2023-06-08T14:19:20.882+0000] {dag.py:3490} INFO - Setting next_dagrun for pull_data_from_postgresql to 2023-06-07T00:00:00+00:00, run_after=2023-06-08T00:00:00+00:00
[2023-06-08T14:19:20.910+0000] {processor.py:179} INFO - Processing /opt/airflow/dags/amazon_sale_report_pulling_and_preprocessing.py took 0.084 seconds
[2023-06-08T14:19:51.117+0000] {processor.py:157} INFO - Started process (PID=9480) to work on /opt/airflow/dags/amazon_sale_report_pulling_and_preprocessing.py
[2023-06-08T14:19:51.117+0000] {processor.py:826} INFO - Processing file /opt/airflow/dags/amazon_sale_report_pulling_and_preprocessing.py for tasks to queue
[2023-06-08T14:19:51.118+0000] {logging_mixin.py:149} INFO - [2023-06-08T14:19:51.118+0000] {dagbag.py:541} INFO - Filling up the DagBag from /opt/airflow/dags/amazon_sale_report_pulling_and_preprocessing.py
[2023-06-08T14:19:51.132+0000] {processor.py:836} INFO - DAG(s) dict_keys(['pull_data_from_postgresql']) retrieved from /opt/airflow/dags/amazon_sale_report_pulling_and_preprocessing.py
[2023-06-08T14:19:51.152+0000] {logging_mixin.py:149} INFO - [2023-06-08T14:19:51.152+0000] {dag.py:2726} INFO - Sync 1 DAGs
[2023-06-08T14:19:51.184+0000] {logging_mixin.py:149} INFO - [2023-06-08T14:19:51.184+0000] {dag.py:3490} INFO - Setting next_dagrun for pull_data_from_postgresql to 2023-06-07T00:00:00+00:00, run_after=2023-06-08T00:00:00+00:00
[2023-06-08T14:19:51.203+0000] {processor.py:179} INFO - Processing /opt/airflow/dags/amazon_sale_report_pulling_and_preprocessing.py took 0.089 seconds
[2023-06-08T14:20:21.875+0000] {processor.py:157} INFO - Started process (PID=9545) to work on /opt/airflow/dags/amazon_sale_report_pulling_and_preprocessing.py
[2023-06-08T14:20:21.876+0000] {processor.py:826} INFO - Processing file /opt/airflow/dags/amazon_sale_report_pulling_and_preprocessing.py for tasks to queue
[2023-06-08T14:20:21.877+0000] {logging_mixin.py:149} INFO - [2023-06-08T14:20:21.877+0000] {dagbag.py:541} INFO - Filling up the DagBag from /opt/airflow/dags/amazon_sale_report_pulling_and_preprocessing.py
[2023-06-08T14:20:21.891+0000] {processor.py:836} INFO - DAG(s) dict_keys(['pull_data_from_postgresql']) retrieved from /opt/airflow/dags/amazon_sale_report_pulling_and_preprocessing.py
[2023-06-08T14:20:21.910+0000] {logging_mixin.py:149} INFO - [2023-06-08T14:20:21.910+0000] {dag.py:2726} INFO - Sync 1 DAGs
[2023-06-08T14:20:21.939+0000] {logging_mixin.py:149} INFO - [2023-06-08T14:20:21.939+0000] {dag.py:3490} INFO - Setting next_dagrun for pull_data_from_postgresql to 2023-06-07T00:00:00+00:00, run_after=2023-06-08T00:00:00+00:00
[2023-06-08T14:20:21.974+0000] {processor.py:179} INFO - Processing /opt/airflow/dags/amazon_sale_report_pulling_and_preprocessing.py took 0.101 seconds
[2023-06-08T14:20:52.122+0000] {processor.py:157} INFO - Started process (PID=9612) to work on /opt/airflow/dags/amazon_sale_report_pulling_and_preprocessing.py
[2023-06-08T14:20:52.123+0000] {processor.py:826} INFO - Processing file /opt/airflow/dags/amazon_sale_report_pulling_and_preprocessing.py for tasks to queue
[2023-06-08T14:20:52.124+0000] {logging_mixin.py:149} INFO - [2023-06-08T14:20:52.124+0000] {dagbag.py:541} INFO - Filling up the DagBag from /opt/airflow/dags/amazon_sale_report_pulling_and_preprocessing.py
[2023-06-08T14:20:52.140+0000] {processor.py:836} INFO - DAG(s) dict_keys(['pull_data_from_postgresql']) retrieved from /opt/airflow/dags/amazon_sale_report_pulling_and_preprocessing.py
[2023-06-08T14:20:52.160+0000] {logging_mixin.py:149} INFO - [2023-06-08T14:20:52.160+0000] {dag.py:2726} INFO - Sync 1 DAGs
[2023-06-08T14:20:52.188+0000] {logging_mixin.py:149} INFO - [2023-06-08T14:20:52.188+0000] {dag.py:3490} INFO - Setting next_dagrun for pull_data_from_postgresql to 2023-06-07T00:00:00+00:00, run_after=2023-06-08T00:00:00+00:00
[2023-06-08T14:20:52.208+0000] {processor.py:179} INFO - Processing /opt/airflow/dags/amazon_sale_report_pulling_and_preprocessing.py took 0.088 seconds
[2023-06-08T14:21:22.791+0000] {processor.py:157} INFO - Started process (PID=9682) to work on /opt/airflow/dags/amazon_sale_report_pulling_and_preprocessing.py
[2023-06-08T14:21:22.792+0000] {processor.py:826} INFO - Processing file /opt/airflow/dags/amazon_sale_report_pulling_and_preprocessing.py for tasks to queue
[2023-06-08T14:21:22.792+0000] {logging_mixin.py:149} INFO - [2023-06-08T14:21:22.792+0000] {dagbag.py:541} INFO - Filling up the DagBag from /opt/airflow/dags/amazon_sale_report_pulling_and_preprocessing.py
[2023-06-08T14:21:22.806+0000] {processor.py:836} INFO - DAG(s) dict_keys(['pull_data_from_postgresql']) retrieved from /opt/airflow/dags/amazon_sale_report_pulling_and_preprocessing.py
[2023-06-08T14:21:22.828+0000] {logging_mixin.py:149} INFO - [2023-06-08T14:21:22.828+0000] {dag.py:2726} INFO - Sync 1 DAGs
[2023-06-08T14:21:22.859+0000] {logging_mixin.py:149} INFO - [2023-06-08T14:21:22.859+0000] {dag.py:3490} INFO - Setting next_dagrun for pull_data_from_postgresql to 2023-06-07T00:00:00+00:00, run_after=2023-06-08T00:00:00+00:00
[2023-06-08T14:21:22.979+0000] {processor.py:179} INFO - Processing /opt/airflow/dags/amazon_sale_report_pulling_and_preprocessing.py took 0.190 seconds
[2023-06-08T14:21:53.377+0000] {processor.py:157} INFO - Started process (PID=9747) to work on /opt/airflow/dags/amazon_sale_report_pulling_and_preprocessing.py
[2023-06-08T14:21:53.378+0000] {processor.py:826} INFO - Processing file /opt/airflow/dags/amazon_sale_report_pulling_and_preprocessing.py for tasks to queue
[2023-06-08T14:21:53.379+0000] {logging_mixin.py:149} INFO - [2023-06-08T14:21:53.378+0000] {dagbag.py:541} INFO - Filling up the DagBag from /opt/airflow/dags/amazon_sale_report_pulling_and_preprocessing.py
[2023-06-08T14:21:53.396+0000] {processor.py:836} INFO - DAG(s) dict_keys(['pull_data_from_postgresql']) retrieved from /opt/airflow/dags/amazon_sale_report_pulling_and_preprocessing.py
[2023-06-08T14:21:53.419+0000] {logging_mixin.py:149} INFO - [2023-06-08T14:21:53.419+0000] {dag.py:2726} INFO - Sync 1 DAGs
[2023-06-08T14:21:53.463+0000] {logging_mixin.py:149} INFO - [2023-06-08T14:21:53.463+0000] {dag.py:3490} INFO - Setting next_dagrun for pull_data_from_postgresql to 2023-06-07T00:00:00+00:00, run_after=2023-06-08T00:00:00+00:00
[2023-06-08T14:21:53.499+0000] {processor.py:179} INFO - Processing /opt/airflow/dags/amazon_sale_report_pulling_and_preprocessing.py took 0.126 seconds
[2023-06-08T14:22:23.983+0000] {processor.py:157} INFO - Started process (PID=9812) to work on /opt/airflow/dags/amazon_sale_report_pulling_and_preprocessing.py
[2023-06-08T14:22:23.984+0000] {processor.py:826} INFO - Processing file /opt/airflow/dags/amazon_sale_report_pulling_and_preprocessing.py for tasks to queue
[2023-06-08T14:22:23.985+0000] {logging_mixin.py:149} INFO - [2023-06-08T14:22:23.985+0000] {dagbag.py:541} INFO - Filling up the DagBag from /opt/airflow/dags/amazon_sale_report_pulling_and_preprocessing.py
[2023-06-08T14:22:24.003+0000] {processor.py:836} INFO - DAG(s) dict_keys(['pull_data_from_postgresql']) retrieved from /opt/airflow/dags/amazon_sale_report_pulling_and_preprocessing.py
[2023-06-08T14:22:24.032+0000] {logging_mixin.py:149} INFO - [2023-06-08T14:22:24.031+0000] {dag.py:2726} INFO - Sync 1 DAGs
[2023-06-08T14:22:24.182+0000] {logging_mixin.py:149} INFO - [2023-06-08T14:22:24.182+0000] {dag.py:3490} INFO - Setting next_dagrun for pull_data_from_postgresql to 2023-06-07T00:00:00+00:00, run_after=2023-06-08T00:00:00+00:00
[2023-06-08T14:22:24.204+0000] {processor.py:179} INFO - Processing /opt/airflow/dags/amazon_sale_report_pulling_and_preprocessing.py took 0.224 seconds
[2023-06-08T14:22:54.324+0000] {processor.py:157} INFO - Started process (PID=9877) to work on /opt/airflow/dags/amazon_sale_report_pulling_and_preprocessing.py
[2023-06-08T14:22:54.324+0000] {processor.py:826} INFO - Processing file /opt/airflow/dags/amazon_sale_report_pulling_and_preprocessing.py for tasks to queue
[2023-06-08T14:22:54.325+0000] {logging_mixin.py:149} INFO - [2023-06-08T14:22:54.325+0000] {dagbag.py:541} INFO - Filling up the DagBag from /opt/airflow/dags/amazon_sale_report_pulling_and_preprocessing.py
[2023-06-08T14:22:54.340+0000] {processor.py:836} INFO - DAG(s) dict_keys(['pull_data_from_postgresql']) retrieved from /opt/airflow/dags/amazon_sale_report_pulling_and_preprocessing.py
[2023-06-08T14:22:54.361+0000] {logging_mixin.py:149} INFO - [2023-06-08T14:22:54.361+0000] {dag.py:2726} INFO - Sync 1 DAGs
[2023-06-08T14:22:54.387+0000] {logging_mixin.py:149} INFO - [2023-06-08T14:22:54.387+0000] {dag.py:3490} INFO - Setting next_dagrun for pull_data_from_postgresql to 2023-06-07T00:00:00+00:00, run_after=2023-06-08T00:00:00+00:00
[2023-06-08T14:22:54.406+0000] {processor.py:179} INFO - Processing /opt/airflow/dags/amazon_sale_report_pulling_and_preprocessing.py took 0.084 seconds
[2023-06-08T14:23:24.762+0000] {processor.py:157} INFO - Started process (PID=9942) to work on /opt/airflow/dags/amazon_sale_report_pulling_and_preprocessing.py
[2023-06-08T14:23:24.763+0000] {processor.py:826} INFO - Processing file /opt/airflow/dags/amazon_sale_report_pulling_and_preprocessing.py for tasks to queue
[2023-06-08T14:23:24.763+0000] {logging_mixin.py:149} INFO - [2023-06-08T14:23:24.763+0000] {dagbag.py:541} INFO - Filling up the DagBag from /opt/airflow/dags/amazon_sale_report_pulling_and_preprocessing.py
[2023-06-08T14:23:24.778+0000] {processor.py:836} INFO - DAG(s) dict_keys(['pull_data_from_postgresql']) retrieved from /opt/airflow/dags/amazon_sale_report_pulling_and_preprocessing.py
[2023-06-08T14:23:24.798+0000] {logging_mixin.py:149} INFO - [2023-06-08T14:23:24.798+0000] {dag.py:2726} INFO - Sync 1 DAGs
[2023-06-08T14:23:24.918+0000] {logging_mixin.py:149} INFO - [2023-06-08T14:23:24.917+0000] {dag.py:3490} INFO - Setting next_dagrun for pull_data_from_postgresql to 2023-06-07T00:00:00+00:00, run_after=2023-06-08T00:00:00+00:00
[2023-06-08T14:23:24.935+0000] {processor.py:179} INFO - Processing /opt/airflow/dags/amazon_sale_report_pulling_and_preprocessing.py took 0.176 seconds
[2023-06-08T14:23:55.025+0000] {processor.py:157} INFO - Started process (PID=10006) to work on /opt/airflow/dags/amazon_sale_report_pulling_and_preprocessing.py
[2023-06-08T14:23:55.026+0000] {processor.py:826} INFO - Processing file /opt/airflow/dags/amazon_sale_report_pulling_and_preprocessing.py for tasks to queue
[2023-06-08T14:23:55.027+0000] {logging_mixin.py:149} INFO - [2023-06-08T14:23:55.026+0000] {dagbag.py:541} INFO - Filling up the DagBag from /opt/airflow/dags/amazon_sale_report_pulling_and_preprocessing.py
[2023-06-08T14:23:55.042+0000] {processor.py:836} INFO - DAG(s) dict_keys(['pull_data_from_postgresql']) retrieved from /opt/airflow/dags/amazon_sale_report_pulling_and_preprocessing.py
[2023-06-08T14:23:55.068+0000] {logging_mixin.py:149} INFO - [2023-06-08T14:23:55.067+0000] {dag.py:2726} INFO - Sync 1 DAGs
[2023-06-08T14:23:55.097+0000] {logging_mixin.py:149} INFO - [2023-06-08T14:23:55.097+0000] {dag.py:3490} INFO - Setting next_dagrun for pull_data_from_postgresql to 2023-06-07T00:00:00+00:00, run_after=2023-06-08T00:00:00+00:00
[2023-06-08T14:23:55.117+0000] {processor.py:179} INFO - Processing /opt/airflow/dags/amazon_sale_report_pulling_and_preprocessing.py took 0.096 seconds
[2023-06-08T14:24:25.386+0000] {processor.py:157} INFO - Started process (PID=10070) to work on /opt/airflow/dags/amazon_sale_report_pulling_and_preprocessing.py
[2023-06-08T14:24:25.387+0000] {processor.py:826} INFO - Processing file /opt/airflow/dags/amazon_sale_report_pulling_and_preprocessing.py for tasks to queue
[2023-06-08T14:24:25.388+0000] {logging_mixin.py:149} INFO - [2023-06-08T14:24:25.388+0000] {dagbag.py:541} INFO - Filling up the DagBag from /opt/airflow/dags/amazon_sale_report_pulling_and_preprocessing.py
[2023-06-08T14:24:25.403+0000] {processor.py:836} INFO - DAG(s) dict_keys(['pull_data_from_postgresql']) retrieved from /opt/airflow/dags/amazon_sale_report_pulling_and_preprocessing.py
[2023-06-08T14:24:25.427+0000] {logging_mixin.py:149} INFO - [2023-06-08T14:24:25.427+0000] {dag.py:2726} INFO - Sync 1 DAGs
[2023-06-08T14:24:25.586+0000] {logging_mixin.py:149} INFO - [2023-06-08T14:24:25.586+0000] {dag.py:3490} INFO - Setting next_dagrun for pull_data_from_postgresql to 2023-06-07T00:00:00+00:00, run_after=2023-06-08T00:00:00+00:00
[2023-06-08T14:24:25.607+0000] {processor.py:179} INFO - Processing /opt/airflow/dags/amazon_sale_report_pulling_and_preprocessing.py took 0.224 seconds
[2023-06-08T14:24:55.885+0000] {processor.py:157} INFO - Started process (PID=10132) to work on /opt/airflow/dags/amazon_sale_report_pulling_and_preprocessing.py
[2023-06-08T14:24:55.886+0000] {processor.py:826} INFO - Processing file /opt/airflow/dags/amazon_sale_report_pulling_and_preprocessing.py for tasks to queue
[2023-06-08T14:24:55.887+0000] {logging_mixin.py:149} INFO - [2023-06-08T14:24:55.887+0000] {dagbag.py:541} INFO - Filling up the DagBag from /opt/airflow/dags/amazon_sale_report_pulling_and_preprocessing.py
[2023-06-08T14:24:55.903+0000] {processor.py:836} INFO - DAG(s) dict_keys(['pull_data_from_postgresql']) retrieved from /opt/airflow/dags/amazon_sale_report_pulling_and_preprocessing.py
[2023-06-08T14:24:55.924+0000] {logging_mixin.py:149} INFO - [2023-06-08T14:24:55.923+0000] {dag.py:2726} INFO - Sync 1 DAGs
[2023-06-08T14:24:55.951+0000] {logging_mixin.py:149} INFO - [2023-06-08T14:24:55.951+0000] {dag.py:3490} INFO - Setting next_dagrun for pull_data_from_postgresql to 2023-06-07T00:00:00+00:00, run_after=2023-06-08T00:00:00+00:00
[2023-06-08T14:24:55.969+0000] {processor.py:179} INFO - Processing /opt/airflow/dags/amazon_sale_report_pulling_and_preprocessing.py took 0.086 seconds
[2023-06-08T14:25:26.711+0000] {processor.py:157} INFO - Started process (PID=10197) to work on /opt/airflow/dags/amazon_sale_report_pulling_and_preprocessing.py
[2023-06-08T14:25:26.712+0000] {processor.py:826} INFO - Processing file /opt/airflow/dags/amazon_sale_report_pulling_and_preprocessing.py for tasks to queue
[2023-06-08T14:25:26.713+0000] {logging_mixin.py:149} INFO - [2023-06-08T14:25:26.713+0000] {dagbag.py:541} INFO - Filling up the DagBag from /opt/airflow/dags/amazon_sale_report_pulling_and_preprocessing.py
[2023-06-08T14:25:26.728+0000] {processor.py:836} INFO - DAG(s) dict_keys(['pull_data_from_postgresql']) retrieved from /opt/airflow/dags/amazon_sale_report_pulling_and_preprocessing.py
[2023-06-08T14:25:26.751+0000] {logging_mixin.py:149} INFO - [2023-06-08T14:25:26.751+0000] {dag.py:2726} INFO - Sync 1 DAGs
[2023-06-08T14:25:26.778+0000] {logging_mixin.py:149} INFO - [2023-06-08T14:25:26.778+0000] {dag.py:3490} INFO - Setting next_dagrun for pull_data_from_postgresql to 2023-06-07T00:00:00+00:00, run_after=2023-06-08T00:00:00+00:00
[2023-06-08T14:25:26.798+0000] {processor.py:179} INFO - Processing /opt/airflow/dags/amazon_sale_report_pulling_and_preprocessing.py took 0.092 seconds
[2023-06-08T14:25:57.044+0000] {processor.py:157} INFO - Started process (PID=10262) to work on /opt/airflow/dags/amazon_sale_report_pulling_and_preprocessing.py
[2023-06-08T14:25:57.045+0000] {processor.py:826} INFO - Processing file /opt/airflow/dags/amazon_sale_report_pulling_and_preprocessing.py for tasks to queue
[2023-06-08T14:25:57.046+0000] {logging_mixin.py:149} INFO - [2023-06-08T14:25:57.046+0000] {dagbag.py:541} INFO - Filling up the DagBag from /opt/airflow/dags/amazon_sale_report_pulling_and_preprocessing.py
[2023-06-08T14:25:57.062+0000] {processor.py:836} INFO - DAG(s) dict_keys(['pull_data_from_postgresql']) retrieved from /opt/airflow/dags/amazon_sale_report_pulling_and_preprocessing.py
[2023-06-08T14:25:57.086+0000] {logging_mixin.py:149} INFO - [2023-06-08T14:25:57.086+0000] {dag.py:2726} INFO - Sync 1 DAGs
[2023-06-08T14:25:57.120+0000] {logging_mixin.py:149} INFO - [2023-06-08T14:25:57.120+0000] {dag.py:3490} INFO - Setting next_dagrun for pull_data_from_postgresql to 2023-06-07T00:00:00+00:00, run_after=2023-06-08T00:00:00+00:00
[2023-06-08T14:25:57.153+0000] {processor.py:179} INFO - Processing /opt/airflow/dags/amazon_sale_report_pulling_and_preprocessing.py took 0.112 seconds
[2023-06-08T14:26:27.264+0000] {processor.py:157} INFO - Started process (PID=10327) to work on /opt/airflow/dags/amazon_sale_report_pulling_and_preprocessing.py
[2023-06-08T14:26:27.265+0000] {processor.py:826} INFO - Processing file /opt/airflow/dags/amazon_sale_report_pulling_and_preprocessing.py for tasks to queue
[2023-06-08T14:26:27.267+0000] {logging_mixin.py:149} INFO - [2023-06-08T14:26:27.266+0000] {dagbag.py:541} INFO - Filling up the DagBag from /opt/airflow/dags/amazon_sale_report_pulling_and_preprocessing.py
[2023-06-08T14:26:27.280+0000] {processor.py:836} INFO - DAG(s) dict_keys(['pull_data_from_postgresql']) retrieved from /opt/airflow/dags/amazon_sale_report_pulling_and_preprocessing.py
[2023-06-08T14:26:27.299+0000] {logging_mixin.py:149} INFO - [2023-06-08T14:26:27.299+0000] {dag.py:2726} INFO - Sync 1 DAGs
[2023-06-08T14:26:27.324+0000] {logging_mixin.py:149} INFO - [2023-06-08T14:26:27.324+0000] {dag.py:3490} INFO - Setting next_dagrun for pull_data_from_postgresql to 2023-06-07T00:00:00+00:00, run_after=2023-06-08T00:00:00+00:00
[2023-06-08T14:26:27.352+0000] {processor.py:179} INFO - Processing /opt/airflow/dags/amazon_sale_report_pulling_and_preprocessing.py took 0.091 seconds
[2023-06-08T14:26:57.815+0000] {processor.py:157} INFO - Started process (PID=10393) to work on /opt/airflow/dags/amazon_sale_report_pulling_and_preprocessing.py
[2023-06-08T14:26:57.817+0000] {processor.py:826} INFO - Processing file /opt/airflow/dags/amazon_sale_report_pulling_and_preprocessing.py for tasks to queue
[2023-06-08T14:26:57.818+0000] {logging_mixin.py:149} INFO - [2023-06-08T14:26:57.818+0000] {dagbag.py:541} INFO - Filling up the DagBag from /opt/airflow/dags/amazon_sale_report_pulling_and_preprocessing.py
[2023-06-08T14:26:57.836+0000] {processor.py:836} INFO - DAG(s) dict_keys(['pull_data_from_postgresql']) retrieved from /opt/airflow/dags/amazon_sale_report_pulling_and_preprocessing.py
[2023-06-08T14:26:57.864+0000] {logging_mixin.py:149} INFO - [2023-06-08T14:26:57.864+0000] {dag.py:2726} INFO - Sync 1 DAGs
[2023-06-08T14:26:57.912+0000] {logging_mixin.py:149} INFO - [2023-06-08T14:26:57.911+0000] {dag.py:3490} INFO - Setting next_dagrun for pull_data_from_postgresql to 2023-06-07T00:00:00+00:00, run_after=2023-06-08T00:00:00+00:00
[2023-06-08T14:26:57.937+0000] {processor.py:179} INFO - Processing /opt/airflow/dags/amazon_sale_report_pulling_and_preprocessing.py took 0.125 seconds
[2023-06-08T14:27:28.032+0000] {processor.py:157} INFO - Started process (PID=10458) to work on /opt/airflow/dags/amazon_sale_report_pulling_and_preprocessing.py
[2023-06-08T14:27:28.033+0000] {processor.py:826} INFO - Processing file /opt/airflow/dags/amazon_sale_report_pulling_and_preprocessing.py for tasks to queue
[2023-06-08T14:27:28.033+0000] {logging_mixin.py:149} INFO - [2023-06-08T14:27:28.033+0000] {dagbag.py:541} INFO - Filling up the DagBag from /opt/airflow/dags/amazon_sale_report_pulling_and_preprocessing.py
[2023-06-08T14:27:28.050+0000] {processor.py:836} INFO - DAG(s) dict_keys(['pull_data_from_postgresql']) retrieved from /opt/airflow/dags/amazon_sale_report_pulling_and_preprocessing.py
[2023-06-08T14:27:28.072+0000] {logging_mixin.py:149} INFO - [2023-06-08T14:27:28.072+0000] {dag.py:2726} INFO - Sync 1 DAGs
[2023-06-08T14:27:28.101+0000] {logging_mixin.py:149} INFO - [2023-06-08T14:27:28.101+0000] {dag.py:3490} INFO - Setting next_dagrun for pull_data_from_postgresql to 2023-06-07T00:00:00+00:00, run_after=2023-06-08T00:00:00+00:00
[2023-06-08T14:27:28.119+0000] {processor.py:179} INFO - Processing /opt/airflow/dags/amazon_sale_report_pulling_and_preprocessing.py took 0.090 seconds
[2023-06-08T14:27:58.396+0000] {processor.py:157} INFO - Started process (PID=10523) to work on /opt/airflow/dags/amazon_sale_report_pulling_and_preprocessing.py
[2023-06-08T14:27:58.397+0000] {processor.py:826} INFO - Processing file /opt/airflow/dags/amazon_sale_report_pulling_and_preprocessing.py for tasks to queue
[2023-06-08T14:27:58.397+0000] {logging_mixin.py:149} INFO - [2023-06-08T14:27:58.397+0000] {dagbag.py:541} INFO - Filling up the DagBag from /opt/airflow/dags/amazon_sale_report_pulling_and_preprocessing.py
[2023-06-08T14:27:58.411+0000] {processor.py:836} INFO - DAG(s) dict_keys(['pull_data_from_postgresql']) retrieved from /opt/airflow/dags/amazon_sale_report_pulling_and_preprocessing.py
[2023-06-08T14:27:58.433+0000] {logging_mixin.py:149} INFO - [2023-06-08T14:27:58.433+0000] {dag.py:2726} INFO - Sync 1 DAGs
[2023-06-08T14:27:58.458+0000] {logging_mixin.py:149} INFO - [2023-06-08T14:27:58.458+0000] {dag.py:3490} INFO - Setting next_dagrun for pull_data_from_postgresql to 2023-06-07T00:00:00+00:00, run_after=2023-06-08T00:00:00+00:00
[2023-06-08T14:27:58.474+0000] {processor.py:179} INFO - Processing /opt/airflow/dags/amazon_sale_report_pulling_and_preprocessing.py took 0.082 seconds
[2023-06-08T14:28:28.685+0000] {processor.py:157} INFO - Started process (PID=10588) to work on /opt/airflow/dags/amazon_sale_report_pulling_and_preprocessing.py
[2023-06-08T14:28:28.686+0000] {processor.py:826} INFO - Processing file /opt/airflow/dags/amazon_sale_report_pulling_and_preprocessing.py for tasks to queue
[2023-06-08T14:28:28.687+0000] {logging_mixin.py:149} INFO - [2023-06-08T14:28:28.687+0000] {dagbag.py:541} INFO - Filling up the DagBag from /opt/airflow/dags/amazon_sale_report_pulling_and_preprocessing.py
[2023-06-08T14:28:28.701+0000] {processor.py:836} INFO - DAG(s) dict_keys(['pull_data_from_postgresql']) retrieved from /opt/airflow/dags/amazon_sale_report_pulling_and_preprocessing.py
[2023-06-08T14:28:28.719+0000] {logging_mixin.py:149} INFO - [2023-06-08T14:28:28.719+0000] {dag.py:2726} INFO - Sync 1 DAGs
[2023-06-08T14:28:28.749+0000] {logging_mixin.py:149} INFO - [2023-06-08T14:28:28.749+0000] {dag.py:3490} INFO - Setting next_dagrun for pull_data_from_postgresql to 2023-06-07T00:00:00+00:00, run_after=2023-06-08T00:00:00+00:00
[2023-06-08T14:28:28.781+0000] {processor.py:179} INFO - Processing /opt/airflow/dags/amazon_sale_report_pulling_and_preprocessing.py took 0.098 seconds
[2023-06-08T14:28:58.858+0000] {processor.py:157} INFO - Started process (PID=10653) to work on /opt/airflow/dags/amazon_sale_report_pulling_and_preprocessing.py
[2023-06-08T14:28:58.859+0000] {processor.py:826} INFO - Processing file /opt/airflow/dags/amazon_sale_report_pulling_and_preprocessing.py for tasks to queue
[2023-06-08T14:28:58.859+0000] {logging_mixin.py:149} INFO - [2023-06-08T14:28:58.859+0000] {dagbag.py:541} INFO - Filling up the DagBag from /opt/airflow/dags/amazon_sale_report_pulling_and_preprocessing.py
[2023-06-08T14:28:58.874+0000] {processor.py:836} INFO - DAG(s) dict_keys(['pull_data_from_postgresql']) retrieved from /opt/airflow/dags/amazon_sale_report_pulling_and_preprocessing.py
[2023-06-08T14:28:58.894+0000] {logging_mixin.py:149} INFO - [2023-06-08T14:28:58.894+0000] {dag.py:2726} INFO - Sync 1 DAGs
[2023-06-08T14:28:58.920+0000] {logging_mixin.py:149} INFO - [2023-06-08T14:28:58.920+0000] {dag.py:3490} INFO - Setting next_dagrun for pull_data_from_postgresql to 2023-06-07T00:00:00+00:00, run_after=2023-06-08T00:00:00+00:00
[2023-06-08T14:28:58.947+0000] {processor.py:179} INFO - Processing /opt/airflow/dags/amazon_sale_report_pulling_and_preprocessing.py took 0.092 seconds
[2023-06-08T14:29:29.090+0000] {processor.py:157} INFO - Started process (PID=10718) to work on /opt/airflow/dags/amazon_sale_report_pulling_and_preprocessing.py
[2023-06-08T14:29:29.091+0000] {processor.py:826} INFO - Processing file /opt/airflow/dags/amazon_sale_report_pulling_and_preprocessing.py for tasks to queue
[2023-06-08T14:29:29.092+0000] {logging_mixin.py:149} INFO - [2023-06-08T14:29:29.092+0000] {dagbag.py:541} INFO - Filling up the DagBag from /opt/airflow/dags/amazon_sale_report_pulling_and_preprocessing.py
[2023-06-08T14:29:29.109+0000] {processor.py:836} INFO - DAG(s) dict_keys(['pull_data_from_postgresql']) retrieved from /opt/airflow/dags/amazon_sale_report_pulling_and_preprocessing.py
[2023-06-08T14:29:29.129+0000] {logging_mixin.py:149} INFO - [2023-06-08T14:29:29.129+0000] {dag.py:2726} INFO - Sync 1 DAGs
[2023-06-08T14:29:29.162+0000] {logging_mixin.py:149} INFO - [2023-06-08T14:29:29.162+0000] {dag.py:3490} INFO - Setting next_dagrun for pull_data_from_postgresql to 2023-06-07T00:00:00+00:00, run_after=2023-06-08T00:00:00+00:00
[2023-06-08T14:29:29.181+0000] {processor.py:179} INFO - Processing /opt/airflow/dags/amazon_sale_report_pulling_and_preprocessing.py took 0.095 seconds
[2023-06-08T14:29:59.477+0000] {processor.py:157} INFO - Started process (PID=10783) to work on /opt/airflow/dags/amazon_sale_report_pulling_and_preprocessing.py
[2023-06-08T14:29:59.479+0000] {processor.py:826} INFO - Processing file /opt/airflow/dags/amazon_sale_report_pulling_and_preprocessing.py for tasks to queue
[2023-06-08T14:29:59.481+0000] {logging_mixin.py:149} INFO - [2023-06-08T14:29:59.480+0000] {dagbag.py:541} INFO - Filling up the DagBag from /opt/airflow/dags/amazon_sale_report_pulling_and_preprocessing.py
[2023-06-08T14:29:59.499+0000] {processor.py:836} INFO - DAG(s) dict_keys(['pull_data_from_postgresql']) retrieved from /opt/airflow/dags/amazon_sale_report_pulling_and_preprocessing.py
[2023-06-08T14:29:59.519+0000] {logging_mixin.py:149} INFO - [2023-06-08T14:29:59.519+0000] {dag.py:2726} INFO - Sync 1 DAGs
[2023-06-08T14:29:59.544+0000] {logging_mixin.py:149} INFO - [2023-06-08T14:29:59.544+0000] {dag.py:3490} INFO - Setting next_dagrun for pull_data_from_postgresql to 2023-06-07T00:00:00+00:00, run_after=2023-06-08T00:00:00+00:00
[2023-06-08T14:29:59.573+0000] {processor.py:179} INFO - Processing /opt/airflow/dags/amazon_sale_report_pulling_and_preprocessing.py took 0.099 seconds
[2023-06-08T14:30:29.648+0000] {processor.py:157} INFO - Started process (PID=10848) to work on /opt/airflow/dags/amazon_sale_report_pulling_and_preprocessing.py
[2023-06-08T14:30:29.649+0000] {processor.py:826} INFO - Processing file /opt/airflow/dags/amazon_sale_report_pulling_and_preprocessing.py for tasks to queue
[2023-06-08T14:30:29.650+0000] {logging_mixin.py:149} INFO - [2023-06-08T14:30:29.650+0000] {dagbag.py:541} INFO - Filling up the DagBag from /opt/airflow/dags/amazon_sale_report_pulling_and_preprocessing.py
[2023-06-08T14:30:29.669+0000] {processor.py:836} INFO - DAG(s) dict_keys(['pull_data_from_postgresql']) retrieved from /opt/airflow/dags/amazon_sale_report_pulling_and_preprocessing.py
[2023-06-08T14:30:29.691+0000] {logging_mixin.py:149} INFO - [2023-06-08T14:30:29.691+0000] {dag.py:2726} INFO - Sync 1 DAGs
[2023-06-08T14:30:29.720+0000] {logging_mixin.py:149} INFO - [2023-06-08T14:30:29.720+0000] {dag.py:3490} INFO - Setting next_dagrun for pull_data_from_postgresql to 2023-06-07T00:00:00+00:00, run_after=2023-06-08T00:00:00+00:00
[2023-06-08T14:30:29.750+0000] {processor.py:179} INFO - Processing /opt/airflow/dags/amazon_sale_report_pulling_and_preprocessing.py took 0.105 seconds
[2023-06-08T14:30:59.838+0000] {processor.py:157} INFO - Started process (PID=10913) to work on /opt/airflow/dags/amazon_sale_report_pulling_and_preprocessing.py
[2023-06-08T14:30:59.839+0000] {processor.py:826} INFO - Processing file /opt/airflow/dags/amazon_sale_report_pulling_and_preprocessing.py for tasks to queue
[2023-06-08T14:30:59.840+0000] {logging_mixin.py:149} INFO - [2023-06-08T14:30:59.840+0000] {dagbag.py:541} INFO - Filling up the DagBag from /opt/airflow/dags/amazon_sale_report_pulling_and_preprocessing.py
[2023-06-08T14:30:59.855+0000] {processor.py:836} INFO - DAG(s) dict_keys(['pull_data_from_postgresql']) retrieved from /opt/airflow/dags/amazon_sale_report_pulling_and_preprocessing.py
[2023-06-08T14:30:59.878+0000] {logging_mixin.py:149} INFO - [2023-06-08T14:30:59.877+0000] {dag.py:2726} INFO - Sync 1 DAGs
[2023-06-08T14:30:59.909+0000] {logging_mixin.py:149} INFO - [2023-06-08T14:30:59.909+0000] {dag.py:3490} INFO - Setting next_dagrun for pull_data_from_postgresql to 2023-06-07T00:00:00+00:00, run_after=2023-06-08T00:00:00+00:00
[2023-06-08T14:30:59.927+0000] {processor.py:179} INFO - Processing /opt/airflow/dags/amazon_sale_report_pulling_and_preprocessing.py took 0.092 seconds
[2023-06-08T14:31:30.007+0000] {processor.py:157} INFO - Started process (PID=10978) to work on /opt/airflow/dags/amazon_sale_report_pulling_and_preprocessing.py
[2023-06-08T14:31:30.008+0000] {processor.py:826} INFO - Processing file /opt/airflow/dags/amazon_sale_report_pulling_and_preprocessing.py for tasks to queue
[2023-06-08T14:31:30.009+0000] {logging_mixin.py:149} INFO - [2023-06-08T14:31:30.009+0000] {dagbag.py:541} INFO - Filling up the DagBag from /opt/airflow/dags/amazon_sale_report_pulling_and_preprocessing.py
[2023-06-08T14:31:30.022+0000] {processor.py:836} INFO - DAG(s) dict_keys(['pull_data_from_postgresql']) retrieved from /opt/airflow/dags/amazon_sale_report_pulling_and_preprocessing.py
[2023-06-08T14:31:30.041+0000] {logging_mixin.py:149} INFO - [2023-06-08T14:31:30.041+0000] {dag.py:2726} INFO - Sync 1 DAGs
[2023-06-08T14:31:30.065+0000] {logging_mixin.py:149} INFO - [2023-06-08T14:31:30.065+0000] {dag.py:3490} INFO - Setting next_dagrun for pull_data_from_postgresql to 2023-06-07T00:00:00+00:00, run_after=2023-06-08T00:00:00+00:00
[2023-06-08T14:31:30.097+0000] {processor.py:179} INFO - Processing /opt/airflow/dags/amazon_sale_report_pulling_and_preprocessing.py took 0.092 seconds
[2023-06-08T14:32:00.185+0000] {processor.py:157} INFO - Started process (PID=11043) to work on /opt/airflow/dags/amazon_sale_report_pulling_and_preprocessing.py
[2023-06-08T14:32:00.186+0000] {processor.py:826} INFO - Processing file /opt/airflow/dags/amazon_sale_report_pulling_and_preprocessing.py for tasks to queue
[2023-06-08T14:32:00.187+0000] {logging_mixin.py:149} INFO - [2023-06-08T14:32:00.187+0000] {dagbag.py:541} INFO - Filling up the DagBag from /opt/airflow/dags/amazon_sale_report_pulling_and_preprocessing.py
[2023-06-08T14:32:00.201+0000] {processor.py:836} INFO - DAG(s) dict_keys(['pull_data_from_postgresql']) retrieved from /opt/airflow/dags/amazon_sale_report_pulling_and_preprocessing.py
[2023-06-08T14:32:00.222+0000] {logging_mixin.py:149} INFO - [2023-06-08T14:32:00.222+0000] {dag.py:2726} INFO - Sync 1 DAGs
[2023-06-08T14:32:00.248+0000] {logging_mixin.py:149} INFO - [2023-06-08T14:32:00.247+0000] {dag.py:3490} INFO - Setting next_dagrun for pull_data_from_postgresql to 2023-06-07T00:00:00+00:00, run_after=2023-06-08T00:00:00+00:00
[2023-06-08T14:32:00.277+0000] {processor.py:179} INFO - Processing /opt/airflow/dags/amazon_sale_report_pulling_and_preprocessing.py took 0.095 seconds
[2023-06-08T14:32:30.362+0000] {processor.py:157} INFO - Started process (PID=11108) to work on /opt/airflow/dags/amazon_sale_report_pulling_and_preprocessing.py
[2023-06-08T14:32:30.363+0000] {processor.py:826} INFO - Processing file /opt/airflow/dags/amazon_sale_report_pulling_and_preprocessing.py for tasks to queue
[2023-06-08T14:32:30.364+0000] {logging_mixin.py:149} INFO - [2023-06-08T14:32:30.363+0000] {dagbag.py:541} INFO - Filling up the DagBag from /opt/airflow/dags/amazon_sale_report_pulling_and_preprocessing.py
[2023-06-08T14:32:30.378+0000] {processor.py:836} INFO - DAG(s) dict_keys(['pull_data_from_postgresql']) retrieved from /opt/airflow/dags/amazon_sale_report_pulling_and_preprocessing.py
[2023-06-08T14:32:30.395+0000] {logging_mixin.py:149} INFO - [2023-06-08T14:32:30.395+0000] {dag.py:2726} INFO - Sync 1 DAGs
[2023-06-08T14:32:30.423+0000] {logging_mixin.py:149} INFO - [2023-06-08T14:32:30.423+0000] {dag.py:3490} INFO - Setting next_dagrun for pull_data_from_postgresql to 2023-06-07T00:00:00+00:00, run_after=2023-06-08T00:00:00+00:00
[2023-06-08T14:32:30.449+0000] {processor.py:179} INFO - Processing /opt/airflow/dags/amazon_sale_report_pulling_and_preprocessing.py took 0.093 seconds
[2023-06-08T14:33:00.665+0000] {processor.py:157} INFO - Started process (PID=11173) to work on /opt/airflow/dags/amazon_sale_report_pulling_and_preprocessing.py
[2023-06-08T14:33:00.666+0000] {processor.py:826} INFO - Processing file /opt/airflow/dags/amazon_sale_report_pulling_and_preprocessing.py for tasks to queue
[2023-06-08T14:33:00.667+0000] {logging_mixin.py:149} INFO - [2023-06-08T14:33:00.667+0000] {dagbag.py:541} INFO - Filling up the DagBag from /opt/airflow/dags/amazon_sale_report_pulling_and_preprocessing.py
[2023-06-08T14:33:00.681+0000] {processor.py:836} INFO - DAG(s) dict_keys(['pull_data_from_postgresql']) retrieved from /opt/airflow/dags/amazon_sale_report_pulling_and_preprocessing.py
[2023-06-08T14:33:00.702+0000] {logging_mixin.py:149} INFO - [2023-06-08T14:33:00.702+0000] {dag.py:2726} INFO - Sync 1 DAGs
[2023-06-08T14:33:00.728+0000] {logging_mixin.py:149} INFO - [2023-06-08T14:33:00.728+0000] {dag.py:3490} INFO - Setting next_dagrun for pull_data_from_postgresql to 2023-06-07T00:00:00+00:00, run_after=2023-06-08T00:00:00+00:00
[2023-06-08T14:33:00.755+0000] {processor.py:179} INFO - Processing /opt/airflow/dags/amazon_sale_report_pulling_and_preprocessing.py took 0.093 seconds
[2023-06-08T14:33:31.210+0000] {processor.py:157} INFO - Started process (PID=11238) to work on /opt/airflow/dags/amazon_sale_report_pulling_and_preprocessing.py
[2023-06-08T14:33:31.211+0000] {processor.py:826} INFO - Processing file /opt/airflow/dags/amazon_sale_report_pulling_and_preprocessing.py for tasks to queue
[2023-06-08T14:33:31.211+0000] {logging_mixin.py:149} INFO - [2023-06-08T14:33:31.211+0000] {dagbag.py:541} INFO - Filling up the DagBag from /opt/airflow/dags/amazon_sale_report_pulling_and_preprocessing.py
[2023-06-08T14:33:31.226+0000] {processor.py:836} INFO - DAG(s) dict_keys(['pull_data_from_postgresql']) retrieved from /opt/airflow/dags/amazon_sale_report_pulling_and_preprocessing.py
[2023-06-08T14:33:31.247+0000] {logging_mixin.py:149} INFO - [2023-06-08T14:33:31.247+0000] {dag.py:2726} INFO - Sync 1 DAGs
[2023-06-08T14:33:31.281+0000] {logging_mixin.py:149} INFO - [2023-06-08T14:33:31.281+0000] {dag.py:3490} INFO - Setting next_dagrun for pull_data_from_postgresql to 2023-06-07T00:00:00+00:00, run_after=2023-06-08T00:00:00+00:00
[2023-06-08T14:33:31.298+0000] {processor.py:179} INFO - Processing /opt/airflow/dags/amazon_sale_report_pulling_and_preprocessing.py took 0.091 seconds
[2023-06-08T14:34:01.568+0000] {processor.py:157} INFO - Started process (PID=11303) to work on /opt/airflow/dags/amazon_sale_report_pulling_and_preprocessing.py
[2023-06-08T14:34:01.569+0000] {processor.py:826} INFO - Processing file /opt/airflow/dags/amazon_sale_report_pulling_and_preprocessing.py for tasks to queue
[2023-06-08T14:34:01.570+0000] {logging_mixin.py:149} INFO - [2023-06-08T14:34:01.570+0000] {dagbag.py:541} INFO - Filling up the DagBag from /opt/airflow/dags/amazon_sale_report_pulling_and_preprocessing.py
[2023-06-08T14:34:01.587+0000] {processor.py:836} INFO - DAG(s) dict_keys(['pull_data_from_postgresql']) retrieved from /opt/airflow/dags/amazon_sale_report_pulling_and_preprocessing.py
[2023-06-08T14:34:01.611+0000] {logging_mixin.py:149} INFO - [2023-06-08T14:34:01.610+0000] {dag.py:2726} INFO - Sync 1 DAGs
[2023-06-08T14:34:01.643+0000] {logging_mixin.py:149} INFO - [2023-06-08T14:34:01.643+0000] {dag.py:3490} INFO - Setting next_dagrun for pull_data_from_postgresql to 2023-06-07T00:00:00+00:00, run_after=2023-06-08T00:00:00+00:00
[2023-06-08T14:34:01.664+0000] {processor.py:179} INFO - Processing /opt/airflow/dags/amazon_sale_report_pulling_and_preprocessing.py took 0.099 seconds
[2023-06-08T14:34:32.022+0000] {processor.py:157} INFO - Started process (PID=11368) to work on /opt/airflow/dags/amazon_sale_report_pulling_and_preprocessing.py
[2023-06-08T14:34:32.023+0000] {processor.py:826} INFO - Processing file /opt/airflow/dags/amazon_sale_report_pulling_and_preprocessing.py for tasks to queue
[2023-06-08T14:34:32.024+0000] {logging_mixin.py:149} INFO - [2023-06-08T14:34:32.024+0000] {dagbag.py:541} INFO - Filling up the DagBag from /opt/airflow/dags/amazon_sale_report_pulling_and_preprocessing.py
[2023-06-08T14:34:32.042+0000] {processor.py:836} INFO - DAG(s) dict_keys(['pull_data_from_postgresql']) retrieved from /opt/airflow/dags/amazon_sale_report_pulling_and_preprocessing.py
[2023-06-08T14:34:32.065+0000] {logging_mixin.py:149} INFO - [2023-06-08T14:34:32.065+0000] {dag.py:2726} INFO - Sync 1 DAGs
[2023-06-08T14:34:32.094+0000] {logging_mixin.py:149} INFO - [2023-06-08T14:34:32.094+0000] {dag.py:3490} INFO - Setting next_dagrun for pull_data_from_postgresql to 2023-06-07T00:00:00+00:00, run_after=2023-06-08T00:00:00+00:00
[2023-06-08T14:34:32.123+0000] {processor.py:179} INFO - Processing /opt/airflow/dags/amazon_sale_report_pulling_and_preprocessing.py took 0.103 seconds
[2023-06-08T14:35:02.912+0000] {processor.py:157} INFO - Started process (PID=11420) to work on /opt/airflow/dags/amazon_sale_report_pulling_and_preprocessing.py
[2023-06-08T14:35:02.913+0000] {processor.py:826} INFO - Processing file /opt/airflow/dags/amazon_sale_report_pulling_and_preprocessing.py for tasks to queue
[2023-06-08T14:35:02.914+0000] {logging_mixin.py:149} INFO - [2023-06-08T14:35:02.914+0000] {dagbag.py:541} INFO - Filling up the DagBag from /opt/airflow/dags/amazon_sale_report_pulling_and_preprocessing.py
[2023-06-08T14:35:02.929+0000] {processor.py:836} INFO - DAG(s) dict_keys(['pull_data_from_postgresql']) retrieved from /opt/airflow/dags/amazon_sale_report_pulling_and_preprocessing.py
[2023-06-08T14:35:02.949+0000] {logging_mixin.py:149} INFO - [2023-06-08T14:35:02.949+0000] {dag.py:2726} INFO - Sync 1 DAGs
[2023-06-08T14:35:02.977+0000] {logging_mixin.py:149} INFO - [2023-06-08T14:35:02.977+0000] {dag.py:3490} INFO - Setting next_dagrun for pull_data_from_postgresql to 2023-06-07T00:00:00+00:00, run_after=2023-06-08T00:00:00+00:00
[2023-06-08T14:35:02.996+0000] {processor.py:179} INFO - Processing /opt/airflow/dags/amazon_sale_report_pulling_and_preprocessing.py took 0.086 seconds
[2023-06-08T14:35:33.155+0000] {processor.py:157} INFO - Started process (PID=11485) to work on /opt/airflow/dags/amazon_sale_report_pulling_and_preprocessing.py
[2023-06-08T14:35:33.156+0000] {processor.py:826} INFO - Processing file /opt/airflow/dags/amazon_sale_report_pulling_and_preprocessing.py for tasks to queue
[2023-06-08T14:35:33.158+0000] {logging_mixin.py:149} INFO - [2023-06-08T14:35:33.157+0000] {dagbag.py:541} INFO - Filling up the DagBag from /opt/airflow/dags/amazon_sale_report_pulling_and_preprocessing.py
[2023-06-08T14:35:33.175+0000] {processor.py:836} INFO - DAG(s) dict_keys(['pull_data_from_postgresql']) retrieved from /opt/airflow/dags/amazon_sale_report_pulling_and_preprocessing.py
[2023-06-08T14:35:33.200+0000] {logging_mixin.py:149} INFO - [2023-06-08T14:35:33.199+0000] {dag.py:2726} INFO - Sync 1 DAGs
[2023-06-08T14:35:33.234+0000] {logging_mixin.py:149} INFO - [2023-06-08T14:35:33.234+0000] {dag.py:3490} INFO - Setting next_dagrun for pull_data_from_postgresql to 2023-06-07T00:00:00+00:00, run_after=2023-06-08T00:00:00+00:00
[2023-06-08T14:35:33.273+0000] {processor.py:179} INFO - Processing /opt/airflow/dags/amazon_sale_report_pulling_and_preprocessing.py took 0.123 seconds
[2023-06-08T14:36:04.141+0000] {processor.py:157} INFO - Started process (PID=11550) to work on /opt/airflow/dags/amazon_sale_report_pulling_and_preprocessing.py
[2023-06-08T14:36:04.142+0000] {processor.py:826} INFO - Processing file /opt/airflow/dags/amazon_sale_report_pulling_and_preprocessing.py for tasks to queue
[2023-06-08T14:36:04.143+0000] {logging_mixin.py:149} INFO - [2023-06-08T14:36:04.143+0000] {dagbag.py:541} INFO - Filling up the DagBag from /opt/airflow/dags/amazon_sale_report_pulling_and_preprocessing.py
[2023-06-08T14:36:04.160+0000] {processor.py:836} INFO - DAG(s) dict_keys(['pull_data_from_postgresql']) retrieved from /opt/airflow/dags/amazon_sale_report_pulling_and_preprocessing.py
[2023-06-08T14:36:04.183+0000] {logging_mixin.py:149} INFO - [2023-06-08T14:36:04.183+0000] {dag.py:2726} INFO - Sync 1 DAGs
[2023-06-08T14:36:04.211+0000] {logging_mixin.py:149} INFO - [2023-06-08T14:36:04.211+0000] {dag.py:3490} INFO - Setting next_dagrun for pull_data_from_postgresql to 2023-06-07T00:00:00+00:00, run_after=2023-06-08T00:00:00+00:00
[2023-06-08T14:36:04.230+0000] {processor.py:179} INFO - Processing /opt/airflow/dags/amazon_sale_report_pulling_and_preprocessing.py took 0.092 seconds
[2023-06-08T14:36:34.700+0000] {processor.py:157} INFO - Started process (PID=11615) to work on /opt/airflow/dags/amazon_sale_report_pulling_and_preprocessing.py
[2023-06-08T14:36:34.701+0000] {processor.py:826} INFO - Processing file /opt/airflow/dags/amazon_sale_report_pulling_and_preprocessing.py for tasks to queue
[2023-06-08T14:36:34.702+0000] {logging_mixin.py:149} INFO - [2023-06-08T14:36:34.702+0000] {dagbag.py:541} INFO - Filling up the DagBag from /opt/airflow/dags/amazon_sale_report_pulling_and_preprocessing.py
[2023-06-08T14:36:34.718+0000] {processor.py:836} INFO - DAG(s) dict_keys(['pull_data_from_postgresql']) retrieved from /opt/airflow/dags/amazon_sale_report_pulling_and_preprocessing.py
[2023-06-08T14:36:34.740+0000] {logging_mixin.py:149} INFO - [2023-06-08T14:36:34.740+0000] {dag.py:2726} INFO - Sync 1 DAGs
[2023-06-08T14:36:34.773+0000] {logging_mixin.py:149} INFO - [2023-06-08T14:36:34.773+0000] {dag.py:3490} INFO - Setting next_dagrun for pull_data_from_postgresql to 2023-06-07T00:00:00+00:00, run_after=2023-06-08T00:00:00+00:00
[2023-06-08T14:36:34.806+0000] {processor.py:179} INFO - Processing /opt/airflow/dags/amazon_sale_report_pulling_and_preprocessing.py took 0.109 seconds
[2023-06-08T14:37:05.380+0000] {processor.py:157} INFO - Started process (PID=11680) to work on /opt/airflow/dags/amazon_sale_report_pulling_and_preprocessing.py
[2023-06-08T14:37:05.381+0000] {processor.py:826} INFO - Processing file /opt/airflow/dags/amazon_sale_report_pulling_and_preprocessing.py for tasks to queue
[2023-06-08T14:37:05.381+0000] {logging_mixin.py:149} INFO - [2023-06-08T14:37:05.381+0000] {dagbag.py:541} INFO - Filling up the DagBag from /opt/airflow/dags/amazon_sale_report_pulling_and_preprocessing.py
[2023-06-08T14:37:05.397+0000] {processor.py:836} INFO - DAG(s) dict_keys(['pull_data_from_postgresql']) retrieved from /opt/airflow/dags/amazon_sale_report_pulling_and_preprocessing.py
[2023-06-08T14:37:05.416+0000] {logging_mixin.py:149} INFO - [2023-06-08T14:37:05.416+0000] {dag.py:2726} INFO - Sync 1 DAGs
[2023-06-08T14:37:05.441+0000] {logging_mixin.py:149} INFO - [2023-06-08T14:37:05.441+0000] {dag.py:3490} INFO - Setting next_dagrun for pull_data_from_postgresql to 2023-06-07T00:00:00+00:00, run_after=2023-06-08T00:00:00+00:00
[2023-06-08T14:37:05.461+0000] {processor.py:179} INFO - Processing /opt/airflow/dags/amazon_sale_report_pulling_and_preprocessing.py took 0.084 seconds
[2023-06-08T14:37:35.558+0000] {processor.py:157} INFO - Started process (PID=11745) to work on /opt/airflow/dags/amazon_sale_report_pulling_and_preprocessing.py
[2023-06-08T14:37:35.558+0000] {processor.py:826} INFO - Processing file /opt/airflow/dags/amazon_sale_report_pulling_and_preprocessing.py for tasks to queue
[2023-06-08T14:37:35.559+0000] {logging_mixin.py:149} INFO - [2023-06-08T14:37:35.559+0000] {dagbag.py:541} INFO - Filling up the DagBag from /opt/airflow/dags/amazon_sale_report_pulling_and_preprocessing.py
[2023-06-08T14:37:35.578+0000] {processor.py:836} INFO - DAG(s) dict_keys(['pull_data_from_postgresql']) retrieved from /opt/airflow/dags/amazon_sale_report_pulling_and_preprocessing.py
[2023-06-08T14:37:35.611+0000] {logging_mixin.py:149} INFO - [2023-06-08T14:37:35.611+0000] {dag.py:2726} INFO - Sync 1 DAGs
[2023-06-08T14:37:35.655+0000] {logging_mixin.py:149} INFO - [2023-06-08T14:37:35.654+0000] {dag.py:3490} INFO - Setting next_dagrun for pull_data_from_postgresql to 2023-06-07T00:00:00+00:00, run_after=2023-06-08T00:00:00+00:00
[2023-06-08T14:37:35.689+0000] {processor.py:179} INFO - Processing /opt/airflow/dags/amazon_sale_report_pulling_and_preprocessing.py took 0.134 seconds
[2023-06-08T14:38:06.334+0000] {processor.py:157} INFO - Started process (PID=11810) to work on /opt/airflow/dags/amazon_sale_report_pulling_and_preprocessing.py
[2023-06-08T14:38:06.335+0000] {processor.py:826} INFO - Processing file /opt/airflow/dags/amazon_sale_report_pulling_and_preprocessing.py for tasks to queue
[2023-06-08T14:38:06.336+0000] {logging_mixin.py:149} INFO - [2023-06-08T14:38:06.336+0000] {dagbag.py:541} INFO - Filling up the DagBag from /opt/airflow/dags/amazon_sale_report_pulling_and_preprocessing.py
[2023-06-08T14:38:06.352+0000] {processor.py:836} INFO - DAG(s) dict_keys(['pull_data_from_postgresql']) retrieved from /opt/airflow/dags/amazon_sale_report_pulling_and_preprocessing.py
[2023-06-08T14:38:06.396+0000] {logging_mixin.py:149} INFO - [2023-06-08T14:38:06.396+0000] {dag.py:2726} INFO - Sync 1 DAGs
[2023-06-08T14:38:06.433+0000] {logging_mixin.py:149} INFO - [2023-06-08T14:38:06.432+0000] {dag.py:3490} INFO - Setting next_dagrun for pull_data_from_postgresql to 2023-06-07T00:00:00+00:00, run_after=2023-06-08T00:00:00+00:00
[2023-06-08T14:38:06.466+0000] {processor.py:179} INFO - Processing /opt/airflow/dags/amazon_sale_report_pulling_and_preprocessing.py took 0.134 seconds
[2023-06-08T14:38:36.539+0000] {processor.py:157} INFO - Started process (PID=11875) to work on /opt/airflow/dags/amazon_sale_report_pulling_and_preprocessing.py
[2023-06-08T14:38:36.540+0000] {processor.py:826} INFO - Processing file /opt/airflow/dags/amazon_sale_report_pulling_and_preprocessing.py for tasks to queue
[2023-06-08T14:38:36.541+0000] {logging_mixin.py:149} INFO - [2023-06-08T14:38:36.541+0000] {dagbag.py:541} INFO - Filling up the DagBag from /opt/airflow/dags/amazon_sale_report_pulling_and_preprocessing.py
[2023-06-08T14:38:36.558+0000] {processor.py:836} INFO - DAG(s) dict_keys(['pull_data_from_postgresql']) retrieved from /opt/airflow/dags/amazon_sale_report_pulling_and_preprocessing.py
[2023-06-08T14:38:36.579+0000] {logging_mixin.py:149} INFO - [2023-06-08T14:38:36.579+0000] {dag.py:2726} INFO - Sync 1 DAGs
[2023-06-08T14:38:36.607+0000] {logging_mixin.py:149} INFO - [2023-06-08T14:38:36.607+0000] {dag.py:3490} INFO - Setting next_dagrun for pull_data_from_postgresql to 2023-06-07T00:00:00+00:00, run_after=2023-06-08T00:00:00+00:00
[2023-06-08T14:38:36.634+0000] {processor.py:179} INFO - Processing /opt/airflow/dags/amazon_sale_report_pulling_and_preprocessing.py took 0.098 seconds
[2023-06-08T14:39:06.994+0000] {processor.py:157} INFO - Started process (PID=11937) to work on /opt/airflow/dags/amazon_sale_report_pulling_and_preprocessing.py
[2023-06-08T14:39:06.996+0000] {processor.py:826} INFO - Processing file /opt/airflow/dags/amazon_sale_report_pulling_and_preprocessing.py for tasks to queue
[2023-06-08T14:39:06.998+0000] {logging_mixin.py:149} INFO - [2023-06-08T14:39:06.997+0000] {dagbag.py:541} INFO - Filling up the DagBag from /opt/airflow/dags/amazon_sale_report_pulling_and_preprocessing.py
[2023-06-08T14:39:07.021+0000] {processor.py:836} INFO - DAG(s) dict_keys(['pull_data_from_postgresql']) retrieved from /opt/airflow/dags/amazon_sale_report_pulling_and_preprocessing.py
[2023-06-08T14:39:07.049+0000] {logging_mixin.py:149} INFO - [2023-06-08T14:39:07.049+0000] {dag.py:2726} INFO - Sync 1 DAGs
[2023-06-08T14:39:07.089+0000] {logging_mixin.py:149} INFO - [2023-06-08T14:39:07.089+0000] {dag.py:3490} INFO - Setting next_dagrun for pull_data_from_postgresql to 2023-06-07T00:00:00+00:00, run_after=2023-06-08T00:00:00+00:00
[2023-06-08T14:39:07.114+0000] {processor.py:179} INFO - Processing /opt/airflow/dags/amazon_sale_report_pulling_and_preprocessing.py took 0.124 seconds
[2023-06-08T14:39:37.170+0000] {processor.py:157} INFO - Started process (PID=12002) to work on /opt/airflow/dags/amazon_sale_report_pulling_and_preprocessing.py
[2023-06-08T14:39:37.171+0000] {processor.py:826} INFO - Processing file /opt/airflow/dags/amazon_sale_report_pulling_and_preprocessing.py for tasks to queue
[2023-06-08T14:39:37.172+0000] {logging_mixin.py:149} INFO - [2023-06-08T14:39:37.172+0000] {dagbag.py:541} INFO - Filling up the DagBag from /opt/airflow/dags/amazon_sale_report_pulling_and_preprocessing.py
[2023-06-08T14:39:37.188+0000] {processor.py:836} INFO - DAG(s) dict_keys(['pull_data_from_postgresql']) retrieved from /opt/airflow/dags/amazon_sale_report_pulling_and_preprocessing.py
[2023-06-08T14:39:37.208+0000] {logging_mixin.py:149} INFO - [2023-06-08T14:39:37.207+0000] {dag.py:2726} INFO - Sync 1 DAGs
[2023-06-08T14:39:37.238+0000] {logging_mixin.py:149} INFO - [2023-06-08T14:39:37.237+0000] {dag.py:3490} INFO - Setting next_dagrun for pull_data_from_postgresql to 2023-06-07T00:00:00+00:00, run_after=2023-06-08T00:00:00+00:00
[2023-06-08T14:39:37.258+0000] {processor.py:179} INFO - Processing /opt/airflow/dags/amazon_sale_report_pulling_and_preprocessing.py took 0.092 seconds
[2023-06-08T14:40:07.482+0000] {processor.py:157} INFO - Started process (PID=12067) to work on /opt/airflow/dags/amazon_sale_report_pulling_and_preprocessing.py
[2023-06-08T14:40:07.483+0000] {processor.py:826} INFO - Processing file /opt/airflow/dags/amazon_sale_report_pulling_and_preprocessing.py for tasks to queue
[2023-06-08T14:40:07.484+0000] {logging_mixin.py:149} INFO - [2023-06-08T14:40:07.484+0000] {dagbag.py:541} INFO - Filling up the DagBag from /opt/airflow/dags/amazon_sale_report_pulling_and_preprocessing.py
[2023-06-08T14:40:07.501+0000] {processor.py:836} INFO - DAG(s) dict_keys(['pull_data_from_postgresql']) retrieved from /opt/airflow/dags/amazon_sale_report_pulling_and_preprocessing.py
[2023-06-08T14:40:07.525+0000] {logging_mixin.py:149} INFO - [2023-06-08T14:40:07.525+0000] {dag.py:2726} INFO - Sync 1 DAGs
[2023-06-08T14:40:07.559+0000] {logging_mixin.py:149} INFO - [2023-06-08T14:40:07.558+0000] {dag.py:3490} INFO - Setting next_dagrun for pull_data_from_postgresql to 2023-06-07T00:00:00+00:00, run_after=2023-06-08T00:00:00+00:00
[2023-06-08T14:40:07.594+0000] {processor.py:179} INFO - Processing /opt/airflow/dags/amazon_sale_report_pulling_and_preprocessing.py took 0.116 seconds
[2023-06-08T14:40:37.809+0000] {processor.py:157} INFO - Started process (PID=12132) to work on /opt/airflow/dags/amazon_sale_report_pulling_and_preprocessing.py
[2023-06-08T14:40:37.810+0000] {processor.py:826} INFO - Processing file /opt/airflow/dags/amazon_sale_report_pulling_and_preprocessing.py for tasks to queue
[2023-06-08T14:40:37.811+0000] {logging_mixin.py:149} INFO - [2023-06-08T14:40:37.810+0000] {dagbag.py:541} INFO - Filling up the DagBag from /opt/airflow/dags/amazon_sale_report_pulling_and_preprocessing.py
[2023-06-08T14:40:37.825+0000] {processor.py:836} INFO - DAG(s) dict_keys(['pull_data_from_postgresql']) retrieved from /opt/airflow/dags/amazon_sale_report_pulling_and_preprocessing.py
[2023-06-08T14:40:37.847+0000] {logging_mixin.py:149} INFO - [2023-06-08T14:40:37.847+0000] {dag.py:2726} INFO - Sync 1 DAGs
[2023-06-08T14:40:37.875+0000] {logging_mixin.py:149} INFO - [2023-06-08T14:40:37.875+0000] {dag.py:3490} INFO - Setting next_dagrun for pull_data_from_postgresql to 2023-06-07T00:00:00+00:00, run_after=2023-06-08T00:00:00+00:00
[2023-06-08T14:40:37.896+0000] {processor.py:179} INFO - Processing /opt/airflow/dags/amazon_sale_report_pulling_and_preprocessing.py took 0.092 seconds
[2023-06-08T14:41:08.440+0000] {processor.py:157} INFO - Started process (PID=12197) to work on /opt/airflow/dags/amazon_sale_report_pulling_and_preprocessing.py
[2023-06-08T14:41:08.441+0000] {processor.py:826} INFO - Processing file /opt/airflow/dags/amazon_sale_report_pulling_and_preprocessing.py for tasks to queue
[2023-06-08T14:41:08.442+0000] {logging_mixin.py:149} INFO - [2023-06-08T14:41:08.442+0000] {dagbag.py:541} INFO - Filling up the DagBag from /opt/airflow/dags/amazon_sale_report_pulling_and_preprocessing.py
[2023-06-08T14:41:08.459+0000] {processor.py:836} INFO - DAG(s) dict_keys(['pull_data_from_postgresql']) retrieved from /opt/airflow/dags/amazon_sale_report_pulling_and_preprocessing.py
[2023-06-08T14:41:08.483+0000] {logging_mixin.py:149} INFO - [2023-06-08T14:41:08.483+0000] {dag.py:2726} INFO - Sync 1 DAGs
[2023-06-08T14:41:08.519+0000] {logging_mixin.py:149} INFO - [2023-06-08T14:41:08.519+0000] {dag.py:3490} INFO - Setting next_dagrun for pull_data_from_postgresql to 2023-06-07T00:00:00+00:00, run_after=2023-06-08T00:00:00+00:00
[2023-06-08T14:41:08.542+0000] {processor.py:179} INFO - Processing /opt/airflow/dags/amazon_sale_report_pulling_and_preprocessing.py took 0.105 seconds
[2023-06-08T14:41:38.644+0000] {processor.py:157} INFO - Started process (PID=12262) to work on /opt/airflow/dags/amazon_sale_report_pulling_and_preprocessing.py
[2023-06-08T14:41:38.645+0000] {processor.py:826} INFO - Processing file /opt/airflow/dags/amazon_sale_report_pulling_and_preprocessing.py for tasks to queue
[2023-06-08T14:41:38.648+0000] {logging_mixin.py:149} INFO - [2023-06-08T14:41:38.647+0000] {dagbag.py:541} INFO - Filling up the DagBag from /opt/airflow/dags/amazon_sale_report_pulling_and_preprocessing.py
[2023-06-08T14:41:38.662+0000] {processor.py:836} INFO - DAG(s) dict_keys(['pull_data_from_postgresql']) retrieved from /opt/airflow/dags/amazon_sale_report_pulling_and_preprocessing.py
[2023-06-08T14:41:38.688+0000] {logging_mixin.py:149} INFO - [2023-06-08T14:41:38.687+0000] {dag.py:2726} INFO - Sync 1 DAGs
[2023-06-08T14:41:38.714+0000] {logging_mixin.py:149} INFO - [2023-06-08T14:41:38.714+0000] {dag.py:3490} INFO - Setting next_dagrun for pull_data_from_postgresql to 2023-06-07T00:00:00+00:00, run_after=2023-06-08T00:00:00+00:00
[2023-06-08T14:41:38.733+0000] {processor.py:179} INFO - Processing /opt/airflow/dags/amazon_sale_report_pulling_and_preprocessing.py took 0.092 seconds
[2023-06-08T14:42:08.949+0000] {processor.py:157} INFO - Started process (PID=12327) to work on /opt/airflow/dags/amazon_sale_report_pulling_and_preprocessing.py
[2023-06-08T14:42:08.950+0000] {processor.py:826} INFO - Processing file /opt/airflow/dags/amazon_sale_report_pulling_and_preprocessing.py for tasks to queue
[2023-06-08T14:42:08.951+0000] {logging_mixin.py:149} INFO - [2023-06-08T14:42:08.951+0000] {dagbag.py:541} INFO - Filling up the DagBag from /opt/airflow/dags/amazon_sale_report_pulling_and_preprocessing.py
[2023-06-08T14:42:08.975+0000] {processor.py:836} INFO - DAG(s) dict_keys(['pull_data_from_postgresql']) retrieved from /opt/airflow/dags/amazon_sale_report_pulling_and_preprocessing.py
[2023-06-08T14:42:09.004+0000] {logging_mixin.py:149} INFO - [2023-06-08T14:42:09.004+0000] {dag.py:2726} INFO - Sync 1 DAGs
[2023-06-08T14:42:09.035+0000] {logging_mixin.py:149} INFO - [2023-06-08T14:42:09.035+0000] {dag.py:3490} INFO - Setting next_dagrun for pull_data_from_postgresql to 2023-06-07T00:00:00+00:00, run_after=2023-06-08T00:00:00+00:00
[2023-06-08T14:42:09.069+0000] {processor.py:179} INFO - Processing /opt/airflow/dags/amazon_sale_report_pulling_and_preprocessing.py took 0.123 seconds
[2023-06-08T14:42:40.087+0000] {processor.py:157} INFO - Started process (PID=12392) to work on /opt/airflow/dags/amazon_sale_report_pulling_and_preprocessing.py
[2023-06-08T14:42:40.088+0000] {processor.py:826} INFO - Processing file /opt/airflow/dags/amazon_sale_report_pulling_and_preprocessing.py for tasks to queue
[2023-06-08T14:42:40.089+0000] {logging_mixin.py:149} INFO - [2023-06-08T14:42:40.089+0000] {dagbag.py:541} INFO - Filling up the DagBag from /opt/airflow/dags/amazon_sale_report_pulling_and_preprocessing.py
[2023-06-08T14:42:40.103+0000] {processor.py:836} INFO - DAG(s) dict_keys(['pull_data_from_postgresql']) retrieved from /opt/airflow/dags/amazon_sale_report_pulling_and_preprocessing.py
[2023-06-08T14:42:40.125+0000] {logging_mixin.py:149} INFO - [2023-06-08T14:42:40.125+0000] {dag.py:2726} INFO - Sync 1 DAGs
[2023-06-08T14:42:40.157+0000] {logging_mixin.py:149} INFO - [2023-06-08T14:42:40.156+0000] {dag.py:3490} INFO - Setting next_dagrun for pull_data_from_postgresql to 2023-06-07T00:00:00+00:00, run_after=2023-06-08T00:00:00+00:00
[2023-06-08T14:42:40.174+0000] {processor.py:179} INFO - Processing /opt/airflow/dags/amazon_sale_report_pulling_and_preprocessing.py took 0.090 seconds
[2023-06-08T14:43:10.776+0000] {processor.py:157} INFO - Started process (PID=12457) to work on /opt/airflow/dags/amazon_sale_report_pulling_and_preprocessing.py
[2023-06-08T14:43:10.777+0000] {processor.py:826} INFO - Processing file /opt/airflow/dags/amazon_sale_report_pulling_and_preprocessing.py for tasks to queue
[2023-06-08T14:43:10.778+0000] {logging_mixin.py:149} INFO - [2023-06-08T14:43:10.778+0000] {dagbag.py:541} INFO - Filling up the DagBag from /opt/airflow/dags/amazon_sale_report_pulling_and_preprocessing.py
[2023-06-08T14:43:10.811+0000] {processor.py:836} INFO - DAG(s) dict_keys(['pull_data_from_postgresql']) retrieved from /opt/airflow/dags/amazon_sale_report_pulling_and_preprocessing.py
[2023-06-08T14:43:10.836+0000] {logging_mixin.py:149} INFO - [2023-06-08T14:43:10.836+0000] {dag.py:2726} INFO - Sync 1 DAGs
[2023-06-08T14:43:10.864+0000] {logging_mixin.py:149} INFO - [2023-06-08T14:43:10.864+0000] {dag.py:3490} INFO - Setting next_dagrun for pull_data_from_postgresql to 2023-06-07T00:00:00+00:00, run_after=2023-06-08T00:00:00+00:00
[2023-06-08T14:43:10.894+0000] {processor.py:179} INFO - Processing /opt/airflow/dags/amazon_sale_report_pulling_and_preprocessing.py took 0.122 seconds
[2023-06-08T14:43:41.513+0000] {processor.py:157} INFO - Started process (PID=12522) to work on /opt/airflow/dags/amazon_sale_report_pulling_and_preprocessing.py
[2023-06-08T14:43:41.514+0000] {processor.py:826} INFO - Processing file /opt/airflow/dags/amazon_sale_report_pulling_and_preprocessing.py for tasks to queue
[2023-06-08T14:43:41.515+0000] {logging_mixin.py:149} INFO - [2023-06-08T14:43:41.515+0000] {dagbag.py:541} INFO - Filling up the DagBag from /opt/airflow/dags/amazon_sale_report_pulling_and_preprocessing.py
[2023-06-08T14:43:41.531+0000] {processor.py:836} INFO - DAG(s) dict_keys(['pull_data_from_postgresql']) retrieved from /opt/airflow/dags/amazon_sale_report_pulling_and_preprocessing.py
[2023-06-08T14:43:41.549+0000] {logging_mixin.py:149} INFO - [2023-06-08T14:43:41.549+0000] {dag.py:2726} INFO - Sync 1 DAGs
[2023-06-08T14:43:41.574+0000] {logging_mixin.py:149} INFO - [2023-06-08T14:43:41.574+0000] {dag.py:3490} INFO - Setting next_dagrun for pull_data_from_postgresql to 2023-06-07T00:00:00+00:00, run_after=2023-06-08T00:00:00+00:00
[2023-06-08T14:43:41.601+0000] {processor.py:179} INFO - Processing /opt/airflow/dags/amazon_sale_report_pulling_and_preprocessing.py took 0.091 seconds
[2023-06-08T14:44:12.263+0000] {processor.py:157} INFO - Started process (PID=12587) to work on /opt/airflow/dags/amazon_sale_report_pulling_and_preprocessing.py
[2023-06-08T14:44:12.263+0000] {processor.py:826} INFO - Processing file /opt/airflow/dags/amazon_sale_report_pulling_and_preprocessing.py for tasks to queue
[2023-06-08T14:44:12.264+0000] {logging_mixin.py:149} INFO - [2023-06-08T14:44:12.264+0000] {dagbag.py:541} INFO - Filling up the DagBag from /opt/airflow/dags/amazon_sale_report_pulling_and_preprocessing.py
[2023-06-08T14:44:12.284+0000] {processor.py:836} INFO - DAG(s) dict_keys(['pull_data_from_postgresql']) retrieved from /opt/airflow/dags/amazon_sale_report_pulling_and_preprocessing.py
[2023-06-08T14:44:12.305+0000] {logging_mixin.py:149} INFO - [2023-06-08T14:44:12.305+0000] {dag.py:2726} INFO - Sync 1 DAGs
[2023-06-08T14:44:12.334+0000] {logging_mixin.py:149} INFO - [2023-06-08T14:44:12.334+0000] {dag.py:3490} INFO - Setting next_dagrun for pull_data_from_postgresql to 2023-06-07T00:00:00+00:00, run_after=2023-06-08T00:00:00+00:00
[2023-06-08T14:44:12.353+0000] {processor.py:179} INFO - Processing /opt/airflow/dags/amazon_sale_report_pulling_and_preprocessing.py took 0.094 seconds
[2023-06-08T14:44:42.442+0000] {processor.py:157} INFO - Started process (PID=12652) to work on /opt/airflow/dags/amazon_sale_report_pulling_and_preprocessing.py
[2023-06-08T14:44:42.443+0000] {processor.py:826} INFO - Processing file /opt/airflow/dags/amazon_sale_report_pulling_and_preprocessing.py for tasks to queue
[2023-06-08T14:44:42.444+0000] {logging_mixin.py:149} INFO - [2023-06-08T14:44:42.444+0000] {dagbag.py:541} INFO - Filling up the DagBag from /opt/airflow/dags/amazon_sale_report_pulling_and_preprocessing.py
[2023-06-08T14:44:42.460+0000] {processor.py:836} INFO - DAG(s) dict_keys(['pull_data_from_postgresql']) retrieved from /opt/airflow/dags/amazon_sale_report_pulling_and_preprocessing.py
[2023-06-08T14:44:42.484+0000] {logging_mixin.py:149} INFO - [2023-06-08T14:44:42.483+0000] {dag.py:2726} INFO - Sync 1 DAGs
[2023-06-08T14:44:42.511+0000] {logging_mixin.py:149} INFO - [2023-06-08T14:44:42.511+0000] {dag.py:3490} INFO - Setting next_dagrun for pull_data_from_postgresql to 2023-06-07T00:00:00+00:00, run_after=2023-06-08T00:00:00+00:00
[2023-06-08T14:44:42.532+0000] {processor.py:179} INFO - Processing /opt/airflow/dags/amazon_sale_report_pulling_and_preprocessing.py took 0.093 seconds
[2023-06-08T14:45:12.940+0000] {processor.py:157} INFO - Started process (PID=12717) to work on /opt/airflow/dags/amazon_sale_report_pulling_and_preprocessing.py
[2023-06-08T14:45:12.940+0000] {processor.py:826} INFO - Processing file /opt/airflow/dags/amazon_sale_report_pulling_and_preprocessing.py for tasks to queue
[2023-06-08T14:45:12.942+0000] {logging_mixin.py:149} INFO - [2023-06-08T14:45:12.942+0000] {dagbag.py:541} INFO - Filling up the DagBag from /opt/airflow/dags/amazon_sale_report_pulling_and_preprocessing.py
[2023-06-08T14:45:12.956+0000] {processor.py:836} INFO - DAG(s) dict_keys(['pull_data_from_postgresql']) retrieved from /opt/airflow/dags/amazon_sale_report_pulling_and_preprocessing.py
[2023-06-08T14:45:12.981+0000] {logging_mixin.py:149} INFO - [2023-06-08T14:45:12.981+0000] {dag.py:2726} INFO - Sync 1 DAGs
[2023-06-08T14:45:13.011+0000] {logging_mixin.py:149} INFO - [2023-06-08T14:45:13.011+0000] {dag.py:3490} INFO - Setting next_dagrun for pull_data_from_postgresql to 2023-06-07T00:00:00+00:00, run_after=2023-06-08T00:00:00+00:00
[2023-06-08T14:45:13.029+0000] {processor.py:179} INFO - Processing /opt/airflow/dags/amazon_sale_report_pulling_and_preprocessing.py took 0.094 seconds
[2023-06-08T14:45:43.409+0000] {processor.py:157} INFO - Started process (PID=12782) to work on /opt/airflow/dags/amazon_sale_report_pulling_and_preprocessing.py
[2023-06-08T14:45:43.412+0000] {processor.py:826} INFO - Processing file /opt/airflow/dags/amazon_sale_report_pulling_and_preprocessing.py for tasks to queue
[2023-06-08T14:45:43.413+0000] {logging_mixin.py:149} INFO - [2023-06-08T14:45:43.413+0000] {dagbag.py:541} INFO - Filling up the DagBag from /opt/airflow/dags/amazon_sale_report_pulling_and_preprocessing.py
[2023-06-08T14:45:43.454+0000] {processor.py:836} INFO - DAG(s) dict_keys(['pull_data_from_postgresql']) retrieved from /opt/airflow/dags/amazon_sale_report_pulling_and_preprocessing.py
[2023-06-08T14:45:43.524+0000] {logging_mixin.py:149} INFO - [2023-06-08T14:45:43.524+0000] {dag.py:2726} INFO - Sync 1 DAGs
[2023-06-08T14:45:43.560+0000] {logging_mixin.py:149} INFO - [2023-06-08T14:45:43.560+0000] {dag.py:3490} INFO - Setting next_dagrun for pull_data_from_postgresql to 2023-06-07T00:00:00+00:00, run_after=2023-06-08T00:00:00+00:00
[2023-06-08T14:45:43.584+0000] {processor.py:179} INFO - Processing /opt/airflow/dags/amazon_sale_report_pulling_and_preprocessing.py took 0.188 seconds
[2023-06-08T14:46:14.560+0000] {processor.py:157} INFO - Started process (PID=12847) to work on /opt/airflow/dags/amazon_sale_report_pulling_and_preprocessing.py
[2023-06-08T14:46:14.561+0000] {processor.py:826} INFO - Processing file /opt/airflow/dags/amazon_sale_report_pulling_and_preprocessing.py for tasks to queue
[2023-06-08T14:46:14.562+0000] {logging_mixin.py:149} INFO - [2023-06-08T14:46:14.562+0000] {dagbag.py:541} INFO - Filling up the DagBag from /opt/airflow/dags/amazon_sale_report_pulling_and_preprocessing.py
[2023-06-08T14:46:14.581+0000] {processor.py:836} INFO - DAG(s) dict_keys(['pull_data_from_postgresql']) retrieved from /opt/airflow/dags/amazon_sale_report_pulling_and_preprocessing.py
[2023-06-08T14:46:14.608+0000] {logging_mixin.py:149} INFO - [2023-06-08T14:46:14.607+0000] {dag.py:2726} INFO - Sync 1 DAGs
[2023-06-08T14:46:14.639+0000] {logging_mixin.py:149} INFO - [2023-06-08T14:46:14.639+0000] {dag.py:3490} INFO - Setting next_dagrun for pull_data_from_postgresql to 2023-06-07T00:00:00+00:00, run_after=2023-06-08T00:00:00+00:00
[2023-06-08T14:46:14.660+0000] {processor.py:179} INFO - Processing /opt/airflow/dags/amazon_sale_report_pulling_and_preprocessing.py took 0.106 seconds
[2023-06-08T14:46:45.003+0000] {processor.py:157} INFO - Started process (PID=12912) to work on /opt/airflow/dags/amazon_sale_report_pulling_and_preprocessing.py
[2023-06-08T14:46:45.004+0000] {processor.py:826} INFO - Processing file /opt/airflow/dags/amazon_sale_report_pulling_and_preprocessing.py for tasks to queue
[2023-06-08T14:46:45.006+0000] {logging_mixin.py:149} INFO - [2023-06-08T14:46:45.005+0000] {dagbag.py:541} INFO - Filling up the DagBag from /opt/airflow/dags/amazon_sale_report_pulling_and_preprocessing.py
[2023-06-08T14:46:45.026+0000] {processor.py:836} INFO - DAG(s) dict_keys(['pull_data_from_postgresql']) retrieved from /opt/airflow/dags/amazon_sale_report_pulling_and_preprocessing.py
[2023-06-08T14:46:45.053+0000] {logging_mixin.py:149} INFO - [2023-06-08T14:46:45.053+0000] {dag.py:2726} INFO - Sync 1 DAGs
[2023-06-08T14:46:45.090+0000] {logging_mixin.py:149} INFO - [2023-06-08T14:46:45.089+0000] {dag.py:3490} INFO - Setting next_dagrun for pull_data_from_postgresql to 2023-06-07T00:00:00+00:00, run_after=2023-06-08T00:00:00+00:00
[2023-06-08T14:46:45.113+0000] {processor.py:179} INFO - Processing /opt/airflow/dags/amazon_sale_report_pulling_and_preprocessing.py took 0.115 seconds
[2023-06-08T14:47:15.417+0000] {processor.py:157} INFO - Started process (PID=12977) to work on /opt/airflow/dags/amazon_sale_report_pulling_and_preprocessing.py
[2023-06-08T14:47:15.418+0000] {processor.py:826} INFO - Processing file /opt/airflow/dags/amazon_sale_report_pulling_and_preprocessing.py for tasks to queue
[2023-06-08T14:47:15.419+0000] {logging_mixin.py:149} INFO - [2023-06-08T14:47:15.419+0000] {dagbag.py:541} INFO - Filling up the DagBag from /opt/airflow/dags/amazon_sale_report_pulling_and_preprocessing.py
[2023-06-08T14:47:15.434+0000] {processor.py:836} INFO - DAG(s) dict_keys(['pull_data_from_postgresql']) retrieved from /opt/airflow/dags/amazon_sale_report_pulling_and_preprocessing.py
[2023-06-08T14:47:15.456+0000] {logging_mixin.py:149} INFO - [2023-06-08T14:47:15.456+0000] {dag.py:2726} INFO - Sync 1 DAGs
[2023-06-08T14:47:15.481+0000] {logging_mixin.py:149} INFO - [2023-06-08T14:47:15.481+0000] {dag.py:3490} INFO - Setting next_dagrun for pull_data_from_postgresql to 2023-06-07T00:00:00+00:00, run_after=2023-06-08T00:00:00+00:00
[2023-06-08T14:47:15.513+0000] {processor.py:179} INFO - Processing /opt/airflow/dags/amazon_sale_report_pulling_and_preprocessing.py took 0.100 seconds
[2023-06-08T14:47:45.577+0000] {processor.py:157} INFO - Started process (PID=13042) to work on /opt/airflow/dags/amazon_sale_report_pulling_and_preprocessing.py
[2023-06-08T14:47:45.578+0000] {processor.py:826} INFO - Processing file /opt/airflow/dags/amazon_sale_report_pulling_and_preprocessing.py for tasks to queue
[2023-06-08T14:47:45.579+0000] {logging_mixin.py:149} INFO - [2023-06-08T14:47:45.579+0000] {dagbag.py:541} INFO - Filling up the DagBag from /opt/airflow/dags/amazon_sale_report_pulling_and_preprocessing.py
[2023-06-08T14:47:45.597+0000] {processor.py:836} INFO - DAG(s) dict_keys(['pull_data_from_postgresql']) retrieved from /opt/airflow/dags/amazon_sale_report_pulling_and_preprocessing.py
[2023-06-08T14:47:45.621+0000] {logging_mixin.py:149} INFO - [2023-06-08T14:47:45.621+0000] {dag.py:2726} INFO - Sync 1 DAGs
[2023-06-08T14:47:45.649+0000] {logging_mixin.py:149} INFO - [2023-06-08T14:47:45.648+0000] {dag.py:3490} INFO - Setting next_dagrun for pull_data_from_postgresql to 2023-06-07T00:00:00+00:00, run_after=2023-06-08T00:00:00+00:00
[2023-06-08T14:47:45.682+0000] {processor.py:179} INFO - Processing /opt/airflow/dags/amazon_sale_report_pulling_and_preprocessing.py took 0.108 seconds
[2023-06-08T14:48:15.708+0000] {processor.py:157} INFO - Started process (PID=13107) to work on /opt/airflow/dags/amazon_sale_report_pulling_and_preprocessing.py
[2023-06-08T14:48:15.709+0000] {processor.py:826} INFO - Processing file /opt/airflow/dags/amazon_sale_report_pulling_and_preprocessing.py for tasks to queue
[2023-06-08T14:48:15.710+0000] {logging_mixin.py:149} INFO - [2023-06-08T14:48:15.709+0000] {dagbag.py:541} INFO - Filling up the DagBag from /opt/airflow/dags/amazon_sale_report_pulling_and_preprocessing.py
[2023-06-08T14:48:15.723+0000] {processor.py:836} INFO - DAG(s) dict_keys(['pull_data_from_postgresql']) retrieved from /opt/airflow/dags/amazon_sale_report_pulling_and_preprocessing.py
[2023-06-08T14:48:15.742+0000] {logging_mixin.py:149} INFO - [2023-06-08T14:48:15.742+0000] {dag.py:2726} INFO - Sync 1 DAGs
[2023-06-08T14:48:15.767+0000] {logging_mixin.py:149} INFO - [2023-06-08T14:48:15.767+0000] {dag.py:3490} INFO - Setting next_dagrun for pull_data_from_postgresql to 2023-06-07T00:00:00+00:00, run_after=2023-06-08T00:00:00+00:00
[2023-06-08T14:48:15.796+0000] {processor.py:179} INFO - Processing /opt/airflow/dags/amazon_sale_report_pulling_and_preprocessing.py took 0.090 seconds
[2023-06-08T14:48:46.220+0000] {processor.py:157} INFO - Started process (PID=13172) to work on /opt/airflow/dags/amazon_sale_report_pulling_and_preprocessing.py
[2023-06-08T14:48:46.221+0000] {processor.py:826} INFO - Processing file /opt/airflow/dags/amazon_sale_report_pulling_and_preprocessing.py for tasks to queue
[2023-06-08T14:48:46.222+0000] {logging_mixin.py:149} INFO - [2023-06-08T14:48:46.222+0000] {dagbag.py:541} INFO - Filling up the DagBag from /opt/airflow/dags/amazon_sale_report_pulling_and_preprocessing.py
[2023-06-08T14:48:46.244+0000] {processor.py:836} INFO - DAG(s) dict_keys(['pull_data_from_postgresql']) retrieved from /opt/airflow/dags/amazon_sale_report_pulling_and_preprocessing.py
[2023-06-08T14:48:46.270+0000] {logging_mixin.py:149} INFO - [2023-06-08T14:48:46.270+0000] {dag.py:2726} INFO - Sync 1 DAGs
[2023-06-08T14:48:46.308+0000] {logging_mixin.py:149} INFO - [2023-06-08T14:48:46.307+0000] {dag.py:3490} INFO - Setting next_dagrun for pull_data_from_postgresql to 2023-06-07T00:00:00+00:00, run_after=2023-06-08T00:00:00+00:00
[2023-06-08T14:48:46.330+0000] {processor.py:179} INFO - Processing /opt/airflow/dags/amazon_sale_report_pulling_and_preprocessing.py took 0.113 seconds
[2023-06-08T14:49:17.345+0000] {processor.py:157} INFO - Started process (PID=13237) to work on /opt/airflow/dags/amazon_sale_report_pulling_and_preprocessing.py
[2023-06-08T14:49:17.346+0000] {processor.py:826} INFO - Processing file /opt/airflow/dags/amazon_sale_report_pulling_and_preprocessing.py for tasks to queue
[2023-06-08T14:49:17.347+0000] {logging_mixin.py:149} INFO - [2023-06-08T14:49:17.347+0000] {dagbag.py:541} INFO - Filling up the DagBag from /opt/airflow/dags/amazon_sale_report_pulling_and_preprocessing.py
[2023-06-08T14:49:17.361+0000] {processor.py:836} INFO - DAG(s) dict_keys(['pull_data_from_postgresql']) retrieved from /opt/airflow/dags/amazon_sale_report_pulling_and_preprocessing.py
[2023-06-08T14:49:17.382+0000] {logging_mixin.py:149} INFO - [2023-06-08T14:49:17.382+0000] {dag.py:2726} INFO - Sync 1 DAGs
[2023-06-08T14:49:17.412+0000] {logging_mixin.py:149} INFO - [2023-06-08T14:49:17.412+0000] {dag.py:3490} INFO - Setting next_dagrun for pull_data_from_postgresql to 2023-06-07T00:00:00+00:00, run_after=2023-06-08T00:00:00+00:00
[2023-06-08T14:49:17.440+0000] {processor.py:179} INFO - Processing /opt/airflow/dags/amazon_sale_report_pulling_and_preprocessing.py took 0.098 seconds
[2023-06-08T14:49:47.591+0000] {processor.py:157} INFO - Started process (PID=13302) to work on /opt/airflow/dags/amazon_sale_report_pulling_and_preprocessing.py
[2023-06-08T14:49:47.592+0000] {processor.py:826} INFO - Processing file /opt/airflow/dags/amazon_sale_report_pulling_and_preprocessing.py for tasks to queue
[2023-06-08T14:49:47.593+0000] {logging_mixin.py:149} INFO - [2023-06-08T14:49:47.593+0000] {dagbag.py:541} INFO - Filling up the DagBag from /opt/airflow/dags/amazon_sale_report_pulling_and_preprocessing.py
[2023-06-08T14:49:47.612+0000] {processor.py:836} INFO - DAG(s) dict_keys(['pull_data_from_postgresql']) retrieved from /opt/airflow/dags/amazon_sale_report_pulling_and_preprocessing.py
[2023-06-08T14:49:47.638+0000] {logging_mixin.py:149} INFO - [2023-06-08T14:49:47.638+0000] {dag.py:2726} INFO - Sync 1 DAGs
[2023-06-08T14:49:47.664+0000] {logging_mixin.py:149} INFO - [2023-06-08T14:49:47.664+0000] {dag.py:3490} INFO - Setting next_dagrun for pull_data_from_postgresql to 2023-06-07T00:00:00+00:00, run_after=2023-06-08T00:00:00+00:00
[2023-06-08T14:49:47.682+0000] {processor.py:179} INFO - Processing /opt/airflow/dags/amazon_sale_report_pulling_and_preprocessing.py took 0.096 seconds
[2023-06-08T14:50:17.821+0000] {processor.py:157} INFO - Started process (PID=13367) to work on /opt/airflow/dags/amazon_sale_report_pulling_and_preprocessing.py
[2023-06-08T14:50:17.822+0000] {processor.py:826} INFO - Processing file /opt/airflow/dags/amazon_sale_report_pulling_and_preprocessing.py for tasks to queue
[2023-06-08T14:50:17.823+0000] {logging_mixin.py:149} INFO - [2023-06-08T14:50:17.823+0000] {dagbag.py:541} INFO - Filling up the DagBag from /opt/airflow/dags/amazon_sale_report_pulling_and_preprocessing.py
[2023-06-08T14:50:17.837+0000] {processor.py:836} INFO - DAG(s) dict_keys(['pull_data_from_postgresql']) retrieved from /opt/airflow/dags/amazon_sale_report_pulling_and_preprocessing.py
[2023-06-08T14:50:17.856+0000] {logging_mixin.py:149} INFO - [2023-06-08T14:50:17.856+0000] {dag.py:2726} INFO - Sync 1 DAGs
[2023-06-08T14:50:17.882+0000] {logging_mixin.py:149} INFO - [2023-06-08T14:50:17.882+0000] {dag.py:3490} INFO - Setting next_dagrun for pull_data_from_postgresql to 2023-06-07T00:00:00+00:00, run_after=2023-06-08T00:00:00+00:00
[2023-06-08T14:50:17.899+0000] {processor.py:179} INFO - Processing /opt/airflow/dags/amazon_sale_report_pulling_and_preprocessing.py took 0.083 seconds
[2023-06-08T14:50:48.732+0000] {processor.py:157} INFO - Started process (PID=13433) to work on /opt/airflow/dags/amazon_sale_report_pulling_and_preprocessing.py
[2023-06-08T14:50:48.733+0000] {processor.py:826} INFO - Processing file /opt/airflow/dags/amazon_sale_report_pulling_and_preprocessing.py for tasks to queue
[2023-06-08T14:50:48.734+0000] {logging_mixin.py:149} INFO - [2023-06-08T14:50:48.734+0000] {dagbag.py:541} INFO - Filling up the DagBag from /opt/airflow/dags/amazon_sale_report_pulling_and_preprocessing.py
[2023-06-08T14:50:48.761+0000] {processor.py:836} INFO - DAG(s) dict_keys(['pull_data_from_postgresql']) retrieved from /opt/airflow/dags/amazon_sale_report_pulling_and_preprocessing.py
[2023-06-08T14:50:48.804+0000] {logging_mixin.py:149} INFO - [2023-06-08T14:50:48.804+0000] {dag.py:2726} INFO - Sync 1 DAGs
[2023-06-08T14:50:48.859+0000] {logging_mixin.py:149} INFO - [2023-06-08T14:50:48.858+0000] {dag.py:3490} INFO - Setting next_dagrun for pull_data_from_postgresql to 2023-06-07T00:00:00+00:00, run_after=2023-06-08T00:00:00+00:00
[2023-06-08T14:50:48.895+0000] {processor.py:179} INFO - Processing /opt/airflow/dags/amazon_sale_report_pulling_and_preprocessing.py took 0.169 seconds
[2023-06-08T14:51:19.509+0000] {processor.py:157} INFO - Started process (PID=13498) to work on /opt/airflow/dags/amazon_sale_report_pulling_and_preprocessing.py
[2023-06-08T14:51:19.510+0000] {processor.py:826} INFO - Processing file /opt/airflow/dags/amazon_sale_report_pulling_and_preprocessing.py for tasks to queue
[2023-06-08T14:51:19.511+0000] {logging_mixin.py:149} INFO - [2023-06-08T14:51:19.510+0000] {dagbag.py:541} INFO - Filling up the DagBag from /opt/airflow/dags/amazon_sale_report_pulling_and_preprocessing.py
[2023-06-08T14:51:19.526+0000] {processor.py:836} INFO - DAG(s) dict_keys(['pull_data_from_postgresql']) retrieved from /opt/airflow/dags/amazon_sale_report_pulling_and_preprocessing.py
[2023-06-08T14:51:19.550+0000] {logging_mixin.py:149} INFO - [2023-06-08T14:51:19.549+0000] {dag.py:2726} INFO - Sync 1 DAGs
[2023-06-08T14:51:19.582+0000] {logging_mixin.py:149} INFO - [2023-06-08T14:51:19.581+0000] {dag.py:3490} INFO - Setting next_dagrun for pull_data_from_postgresql to 2023-06-07T00:00:00+00:00, run_after=2023-06-08T00:00:00+00:00
[2023-06-08T14:51:19.605+0000] {processor.py:179} INFO - Processing /opt/airflow/dags/amazon_sale_report_pulling_and_preprocessing.py took 0.099 seconds
[2023-06-08T14:51:49.965+0000] {processor.py:157} INFO - Started process (PID=13563) to work on /opt/airflow/dags/amazon_sale_report_pulling_and_preprocessing.py
[2023-06-08T14:51:49.967+0000] {processor.py:826} INFO - Processing file /opt/airflow/dags/amazon_sale_report_pulling_and_preprocessing.py for tasks to queue
[2023-06-08T14:51:49.968+0000] {logging_mixin.py:149} INFO - [2023-06-08T14:51:49.967+0000] {dagbag.py:541} INFO - Filling up the DagBag from /opt/airflow/dags/amazon_sale_report_pulling_and_preprocessing.py
[2023-06-08T14:51:49.985+0000] {processor.py:836} INFO - DAG(s) dict_keys(['pull_data_from_postgresql']) retrieved from /opt/airflow/dags/amazon_sale_report_pulling_and_preprocessing.py
[2023-06-08T14:51:50.006+0000] {logging_mixin.py:149} INFO - [2023-06-08T14:51:50.006+0000] {dag.py:2726} INFO - Sync 1 DAGs
[2023-06-08T14:51:50.032+0000] {logging_mixin.py:149} INFO - [2023-06-08T14:51:50.032+0000] {dag.py:3490} INFO - Setting next_dagrun for pull_data_from_postgresql to 2023-06-07T00:00:00+00:00, run_after=2023-06-08T00:00:00+00:00
[2023-06-08T14:51:50.052+0000] {processor.py:179} INFO - Processing /opt/airflow/dags/amazon_sale_report_pulling_and_preprocessing.py took 0.091 seconds
[2023-06-08T14:52:01.629+0000] {processor.py:157} INFO - Started process (PID=13602) to work on /opt/airflow/dags/amazon_sale_report_pulling_and_preprocessing.py
[2023-06-08T14:52:01.630+0000] {processor.py:826} INFO - Processing file /opt/airflow/dags/amazon_sale_report_pulling_and_preprocessing.py for tasks to queue
[2023-06-08T14:52:01.631+0000] {logging_mixin.py:149} INFO - [2023-06-08T14:52:01.630+0000] {dagbag.py:541} INFO - Filling up the DagBag from /opt/airflow/dags/amazon_sale_report_pulling_and_preprocessing.py
[2023-06-08T14:52:02.198+0000] {processor.py:836} INFO - DAG(s) dict_keys(['pull_data_from_postgresql']) retrieved from /opt/airflow/dags/amazon_sale_report_pulling_and_preprocessing.py
[2023-06-08T14:52:02.284+0000] {logging_mixin.py:149} INFO - [2023-06-08T14:52:02.283+0000] {dag.py:2726} INFO - Sync 1 DAGs
[2023-06-08T14:52:02.322+0000] {logging_mixin.py:149} INFO - [2023-06-08T14:52:02.321+0000] {dag.py:3490} INFO - Setting next_dagrun for pull_data_from_postgresql to 2023-06-07T00:00:00+00:00, run_after=2023-06-08T00:00:00+00:00
[2023-06-08T14:52:02.358+0000] {processor.py:179} INFO - Processing /opt/airflow/dags/amazon_sale_report_pulling_and_preprocessing.py took 0.732 seconds
[2023-06-08T14:52:33.156+0000] {processor.py:157} INFO - Started process (PID=13681) to work on /opt/airflow/dags/amazon_sale_report_pulling_and_preprocessing.py
[2023-06-08T14:52:33.157+0000] {processor.py:826} INFO - Processing file /opt/airflow/dags/amazon_sale_report_pulling_and_preprocessing.py for tasks to queue
[2023-06-08T14:52:33.158+0000] {logging_mixin.py:149} INFO - [2023-06-08T14:52:33.158+0000] {dagbag.py:541} INFO - Filling up the DagBag from /opt/airflow/dags/amazon_sale_report_pulling_and_preprocessing.py
[2023-06-08T14:52:33.589+0000] {processor.py:836} INFO - DAG(s) dict_keys(['pull_data_from_postgresql']) retrieved from /opt/airflow/dags/amazon_sale_report_pulling_and_preprocessing.py
[2023-06-08T14:52:33.611+0000] {logging_mixin.py:149} INFO - [2023-06-08T14:52:33.610+0000] {dag.py:2726} INFO - Sync 1 DAGs
[2023-06-08T14:52:33.647+0000] {logging_mixin.py:149} INFO - [2023-06-08T14:52:33.647+0000] {dag.py:3490} INFO - Setting next_dagrun for pull_data_from_postgresql to 2023-06-07T00:00:00+00:00, run_after=2023-06-08T00:00:00+00:00
[2023-06-08T14:52:33.800+0000] {processor.py:179} INFO - Processing /opt/airflow/dags/amazon_sale_report_pulling_and_preprocessing.py took 0.648 seconds
[2023-06-08T14:53:03.858+0000] {processor.py:157} INFO - Started process (PID=13760) to work on /opt/airflow/dags/amazon_sale_report_pulling_and_preprocessing.py
[2023-06-08T14:53:03.859+0000] {processor.py:826} INFO - Processing file /opt/airflow/dags/amazon_sale_report_pulling_and_preprocessing.py for tasks to queue
[2023-06-08T14:53:03.860+0000] {logging_mixin.py:149} INFO - [2023-06-08T14:53:03.859+0000] {dagbag.py:541} INFO - Filling up the DagBag from /opt/airflow/dags/amazon_sale_report_pulling_and_preprocessing.py
[2023-06-08T14:53:04.259+0000] {processor.py:836} INFO - DAG(s) dict_keys(['pull_data_from_postgresql']) retrieved from /opt/airflow/dags/amazon_sale_report_pulling_and_preprocessing.py
[2023-06-08T14:53:04.280+0000] {logging_mixin.py:149} INFO - [2023-06-08T14:53:04.280+0000] {dag.py:2726} INFO - Sync 1 DAGs
[2023-06-08T14:53:04.307+0000] {logging_mixin.py:149} INFO - [2023-06-08T14:53:04.306+0000] {dag.py:3490} INFO - Setting next_dagrun for pull_data_from_postgresql to 2023-06-07T00:00:00+00:00, run_after=2023-06-08T00:00:00+00:00
[2023-06-08T14:53:04.326+0000] {processor.py:179} INFO - Processing /opt/airflow/dags/amazon_sale_report_pulling_and_preprocessing.py took 0.471 seconds
[2023-06-08T14:53:34.383+0000] {processor.py:157} INFO - Started process (PID=13838) to work on /opt/airflow/dags/amazon_sale_report_pulling_and_preprocessing.py
[2023-06-08T14:53:34.384+0000] {processor.py:826} INFO - Processing file /opt/airflow/dags/amazon_sale_report_pulling_and_preprocessing.py for tasks to queue
[2023-06-08T14:53:34.385+0000] {logging_mixin.py:149} INFO - [2023-06-08T14:53:34.384+0000] {dagbag.py:541} INFO - Filling up the DagBag from /opt/airflow/dags/amazon_sale_report_pulling_and_preprocessing.py
[2023-06-08T14:53:34.750+0000] {processor.py:836} INFO - DAG(s) dict_keys(['pull_data_from_postgresql']) retrieved from /opt/airflow/dags/amazon_sale_report_pulling_and_preprocessing.py
[2023-06-08T14:53:34.769+0000] {logging_mixin.py:149} INFO - [2023-06-08T14:53:34.769+0000] {dag.py:2726} INFO - Sync 1 DAGs
[2023-06-08T14:53:34.911+0000] {logging_mixin.py:149} INFO - [2023-06-08T14:53:34.911+0000] {dag.py:3490} INFO - Setting next_dagrun for pull_data_from_postgresql to 2023-06-07T00:00:00+00:00, run_after=2023-06-08T00:00:00+00:00
[2023-06-08T14:53:34.929+0000] {processor.py:179} INFO - Processing /opt/airflow/dags/amazon_sale_report_pulling_and_preprocessing.py took 0.549 seconds
[2023-06-08T14:54:05.050+0000] {processor.py:157} INFO - Started process (PID=13899) to work on /opt/airflow/dags/amazon_sale_report_pulling_and_preprocessing.py
[2023-06-08T14:54:05.051+0000] {processor.py:826} INFO - Processing file /opt/airflow/dags/amazon_sale_report_pulling_and_preprocessing.py for tasks to queue
[2023-06-08T14:54:05.052+0000] {logging_mixin.py:149} INFO - [2023-06-08T14:54:05.052+0000] {dagbag.py:541} INFO - Filling up the DagBag from /opt/airflow/dags/amazon_sale_report_pulling_and_preprocessing.py
[2023-06-08T14:54:05.466+0000] {processor.py:836} INFO - DAG(s) dict_keys(['pull_data_from_postgresql']) retrieved from /opt/airflow/dags/amazon_sale_report_pulling_and_preprocessing.py
[2023-06-08T14:54:05.486+0000] {logging_mixin.py:149} INFO - [2023-06-08T14:54:05.485+0000] {dag.py:2726} INFO - Sync 1 DAGs
[2023-06-08T14:54:05.514+0000] {logging_mixin.py:149} INFO - [2023-06-08T14:54:05.513+0000] {dag.py:3490} INFO - Setting next_dagrun for pull_data_from_postgresql to 2023-06-07T00:00:00+00:00, run_after=2023-06-08T00:00:00+00:00
[2023-06-08T14:54:05.536+0000] {processor.py:179} INFO - Processing /opt/airflow/dags/amazon_sale_report_pulling_and_preprocessing.py took 0.490 seconds
[2023-06-08T14:54:35.782+0000] {processor.py:157} INFO - Started process (PID=13977) to work on /opt/airflow/dags/amazon_sale_report_pulling_and_preprocessing.py
[2023-06-08T14:54:35.783+0000] {processor.py:826} INFO - Processing file /opt/airflow/dags/amazon_sale_report_pulling_and_preprocessing.py for tasks to queue
[2023-06-08T14:54:35.785+0000] {logging_mixin.py:149} INFO - [2023-06-08T14:54:35.784+0000] {dagbag.py:541} INFO - Filling up the DagBag from /opt/airflow/dags/amazon_sale_report_pulling_and_preprocessing.py
[2023-06-08T14:54:36.166+0000] {processor.py:836} INFO - DAG(s) dict_keys(['pull_data_from_postgresql']) retrieved from /opt/airflow/dags/amazon_sale_report_pulling_and_preprocessing.py
[2023-06-08T14:54:36.320+0000] {logging_mixin.py:149} INFO - [2023-06-08T14:54:36.188+0000] {dag.py:2726} INFO - Sync 1 DAGs
[2023-06-08T14:54:36.352+0000] {logging_mixin.py:149} INFO - [2023-06-08T14:54:36.352+0000] {dag.py:3490} INFO - Setting next_dagrun for pull_data_from_postgresql to 2023-06-07T00:00:00+00:00, run_after=2023-06-08T00:00:00+00:00
[2023-06-08T14:54:36.377+0000] {processor.py:179} INFO - Processing /opt/airflow/dags/amazon_sale_report_pulling_and_preprocessing.py took 0.598 seconds
