[2023-06-14T16:32:06.714+0000] {processor.py:157} INFO - Started process (PID=3905) to work on /home/airflow/.local/lib/python3.7/site-packages/airflow/example_dags/tutorial_dag.py
[2023-06-14T16:32:06.715+0000] {processor.py:826} INFO - Processing file /home/airflow/.local/lib/python3.7/site-packages/airflow/example_dags/tutorial_dag.py for tasks to queue
[2023-06-14T16:32:06.716+0000] {logging_mixin.py:149} INFO - [2023-06-14T16:32:06.715+0000] {dagbag.py:541} INFO - Filling up the DagBag from /home/airflow/.local/lib/python3.7/site-packages/airflow/example_dags/tutorial_dag.py
[2023-06-14T16:32:06.719+0000] {processor.py:836} INFO - DAG(s) dict_keys(['tutorial_dag']) retrieved from /home/airflow/.local/lib/python3.7/site-packages/airflow/example_dags/tutorial_dag.py
[2023-06-14T16:32:06.738+0000] {logging_mixin.py:149} INFO - [2023-06-14T16:32:06.738+0000] {dag.py:2726} INFO - Sync 1 DAGs
[2023-06-14T16:32:06.761+0000] {logging_mixin.py:149} INFO - [2023-06-14T16:32:06.761+0000] {dag.py:3490} INFO - Setting next_dagrun for tutorial_dag to None, run_after=None
[2023-06-14T16:32:06.776+0000] {processor.py:179} INFO - Processing /home/airflow/.local/lib/python3.7/site-packages/airflow/example_dags/tutorial_dag.py took 0.065 seconds
[2023-06-14T16:32:36.930+0000] {processor.py:157} INFO - Started process (PID=3983) to work on /home/airflow/.local/lib/python3.7/site-packages/airflow/example_dags/tutorial_dag.py
[2023-06-14T16:32:36.931+0000] {processor.py:826} INFO - Processing file /home/airflow/.local/lib/python3.7/site-packages/airflow/example_dags/tutorial_dag.py for tasks to queue
[2023-06-14T16:32:36.932+0000] {logging_mixin.py:149} INFO - [2023-06-14T16:32:36.932+0000] {dagbag.py:541} INFO - Filling up the DagBag from /home/airflow/.local/lib/python3.7/site-packages/airflow/example_dags/tutorial_dag.py
[2023-06-14T16:32:36.936+0000] {processor.py:836} INFO - DAG(s) dict_keys(['tutorial_dag']) retrieved from /home/airflow/.local/lib/python3.7/site-packages/airflow/example_dags/tutorial_dag.py
[2023-06-14T16:32:36.960+0000] {logging_mixin.py:149} INFO - [2023-06-14T16:32:36.960+0000] {dag.py:2726} INFO - Sync 1 DAGs
[2023-06-14T16:32:36.986+0000] {logging_mixin.py:149} INFO - [2023-06-14T16:32:36.986+0000] {dag.py:3490} INFO - Setting next_dagrun for tutorial_dag to None, run_after=None
[2023-06-14T16:32:37.005+0000] {processor.py:179} INFO - Processing /home/airflow/.local/lib/python3.7/site-packages/airflow/example_dags/tutorial_dag.py took 0.078 seconds
[2023-06-14T16:33:07.312+0000] {processor.py:157} INFO - Started process (PID=4060) to work on /home/airflow/.local/lib/python3.7/site-packages/airflow/example_dags/tutorial_dag.py
[2023-06-14T16:33:07.313+0000] {processor.py:826} INFO - Processing file /home/airflow/.local/lib/python3.7/site-packages/airflow/example_dags/tutorial_dag.py for tasks to queue
[2023-06-14T16:33:07.314+0000] {logging_mixin.py:149} INFO - [2023-06-14T16:33:07.314+0000] {dagbag.py:541} INFO - Filling up the DagBag from /home/airflow/.local/lib/python3.7/site-packages/airflow/example_dags/tutorial_dag.py
[2023-06-14T16:33:07.319+0000] {processor.py:836} INFO - DAG(s) dict_keys(['tutorial_dag']) retrieved from /home/airflow/.local/lib/python3.7/site-packages/airflow/example_dags/tutorial_dag.py
[2023-06-14T16:33:07.341+0000] {logging_mixin.py:149} INFO - [2023-06-14T16:33:07.341+0000] {dag.py:2726} INFO - Sync 1 DAGs
[2023-06-14T16:33:07.368+0000] {logging_mixin.py:149} INFO - [2023-06-14T16:33:07.368+0000] {dag.py:3490} INFO - Setting next_dagrun for tutorial_dag to None, run_after=None
[2023-06-14T16:33:07.384+0000] {processor.py:179} INFO - Processing /home/airflow/.local/lib/python3.7/site-packages/airflow/example_dags/tutorial_dag.py took 0.074 seconds
[2023-06-14T16:33:37.524+0000] {processor.py:157} INFO - Started process (PID=4137) to work on /home/airflow/.local/lib/python3.7/site-packages/airflow/example_dags/tutorial_dag.py
[2023-06-14T16:33:37.524+0000] {processor.py:826} INFO - Processing file /home/airflow/.local/lib/python3.7/site-packages/airflow/example_dags/tutorial_dag.py for tasks to queue
[2023-06-14T16:33:37.525+0000] {logging_mixin.py:149} INFO - [2023-06-14T16:33:37.525+0000] {dagbag.py:541} INFO - Filling up the DagBag from /home/airflow/.local/lib/python3.7/site-packages/airflow/example_dags/tutorial_dag.py
[2023-06-14T16:33:37.529+0000] {processor.py:836} INFO - DAG(s) dict_keys(['tutorial_dag']) retrieved from /home/airflow/.local/lib/python3.7/site-packages/airflow/example_dags/tutorial_dag.py
[2023-06-14T16:33:37.548+0000] {logging_mixin.py:149} INFO - [2023-06-14T16:33:37.548+0000] {dag.py:2726} INFO - Sync 1 DAGs
[2023-06-14T16:33:37.570+0000] {logging_mixin.py:149} INFO - [2023-06-14T16:33:37.570+0000] {dag.py:3490} INFO - Setting next_dagrun for tutorial_dag to None, run_after=None
[2023-06-14T16:33:37.588+0000] {processor.py:179} INFO - Processing /home/airflow/.local/lib/python3.7/site-packages/airflow/example_dags/tutorial_dag.py took 0.067 seconds
[2023-06-14T16:34:07.930+0000] {processor.py:157} INFO - Started process (PID=4215) to work on /home/airflow/.local/lib/python3.7/site-packages/airflow/example_dags/tutorial_dag.py
[2023-06-14T16:34:07.930+0000] {processor.py:826} INFO - Processing file /home/airflow/.local/lib/python3.7/site-packages/airflow/example_dags/tutorial_dag.py for tasks to queue
[2023-06-14T16:34:07.931+0000] {logging_mixin.py:149} INFO - [2023-06-14T16:34:07.931+0000] {dagbag.py:541} INFO - Filling up the DagBag from /home/airflow/.local/lib/python3.7/site-packages/airflow/example_dags/tutorial_dag.py
[2023-06-14T16:34:07.935+0000] {processor.py:836} INFO - DAG(s) dict_keys(['tutorial_dag']) retrieved from /home/airflow/.local/lib/python3.7/site-packages/airflow/example_dags/tutorial_dag.py
[2023-06-14T16:34:07.953+0000] {logging_mixin.py:149} INFO - [2023-06-14T16:34:07.953+0000] {dag.py:2726} INFO - Sync 1 DAGs
[2023-06-14T16:34:07.975+0000] {logging_mixin.py:149} INFO - [2023-06-14T16:34:07.975+0000] {dag.py:3490} INFO - Setting next_dagrun for tutorial_dag to None, run_after=None
[2023-06-14T16:34:07.990+0000] {processor.py:179} INFO - Processing /home/airflow/.local/lib/python3.7/site-packages/airflow/example_dags/tutorial_dag.py took 0.063 seconds
[2023-06-14T16:34:38.283+0000] {processor.py:157} INFO - Started process (PID=4293) to work on /home/airflow/.local/lib/python3.7/site-packages/airflow/example_dags/tutorial_dag.py
[2023-06-14T16:34:38.284+0000] {processor.py:826} INFO - Processing file /home/airflow/.local/lib/python3.7/site-packages/airflow/example_dags/tutorial_dag.py for tasks to queue
[2023-06-14T16:34:38.285+0000] {logging_mixin.py:149} INFO - [2023-06-14T16:34:38.285+0000] {dagbag.py:541} INFO - Filling up the DagBag from /home/airflow/.local/lib/python3.7/site-packages/airflow/example_dags/tutorial_dag.py
[2023-06-14T16:34:38.288+0000] {processor.py:836} INFO - DAG(s) dict_keys(['tutorial_dag']) retrieved from /home/airflow/.local/lib/python3.7/site-packages/airflow/example_dags/tutorial_dag.py
[2023-06-14T16:34:38.313+0000] {logging_mixin.py:149} INFO - [2023-06-14T16:34:38.312+0000] {dag.py:2726} INFO - Sync 1 DAGs
[2023-06-14T16:34:38.339+0000] {logging_mixin.py:149} INFO - [2023-06-14T16:34:38.339+0000] {dag.py:3490} INFO - Setting next_dagrun for tutorial_dag to None, run_after=None
[2023-06-14T16:34:38.359+0000] {processor.py:179} INFO - Processing /home/airflow/.local/lib/python3.7/site-packages/airflow/example_dags/tutorial_dag.py took 0.078 seconds
[2023-06-14T16:35:09.130+0000] {processor.py:157} INFO - Started process (PID=4370) to work on /home/airflow/.local/lib/python3.7/site-packages/airflow/example_dags/tutorial_dag.py
[2023-06-14T16:35:09.131+0000] {processor.py:826} INFO - Processing file /home/airflow/.local/lib/python3.7/site-packages/airflow/example_dags/tutorial_dag.py for tasks to queue
[2023-06-14T16:35:09.132+0000] {logging_mixin.py:149} INFO - [2023-06-14T16:35:09.131+0000] {dagbag.py:541} INFO - Filling up the DagBag from /home/airflow/.local/lib/python3.7/site-packages/airflow/example_dags/tutorial_dag.py
[2023-06-14T16:35:09.136+0000] {processor.py:836} INFO - DAG(s) dict_keys(['tutorial_dag']) retrieved from /home/airflow/.local/lib/python3.7/site-packages/airflow/example_dags/tutorial_dag.py
[2023-06-14T16:35:09.159+0000] {logging_mixin.py:149} INFO - [2023-06-14T16:35:09.159+0000] {dag.py:2726} INFO - Sync 1 DAGs
[2023-06-14T16:35:09.186+0000] {logging_mixin.py:149} INFO - [2023-06-14T16:35:09.185+0000] {dag.py:3490} INFO - Setting next_dagrun for tutorial_dag to None, run_after=None
[2023-06-14T16:35:09.203+0000] {processor.py:179} INFO - Processing /home/airflow/.local/lib/python3.7/site-packages/airflow/example_dags/tutorial_dag.py took 0.076 seconds
[2023-06-14T16:35:39.681+0000] {processor.py:157} INFO - Started process (PID=4447) to work on /home/airflow/.local/lib/python3.7/site-packages/airflow/example_dags/tutorial_dag.py
[2023-06-14T16:35:39.682+0000] {processor.py:826} INFO - Processing file /home/airflow/.local/lib/python3.7/site-packages/airflow/example_dags/tutorial_dag.py for tasks to queue
[2023-06-14T16:35:39.685+0000] {logging_mixin.py:149} INFO - [2023-06-14T16:35:39.684+0000] {dagbag.py:541} INFO - Filling up the DagBag from /home/airflow/.local/lib/python3.7/site-packages/airflow/example_dags/tutorial_dag.py
[2023-06-14T16:35:39.689+0000] {processor.py:836} INFO - DAG(s) dict_keys(['tutorial_dag']) retrieved from /home/airflow/.local/lib/python3.7/site-packages/airflow/example_dags/tutorial_dag.py
[2023-06-14T16:35:39.721+0000] {logging_mixin.py:149} INFO - [2023-06-14T16:35:39.721+0000] {dag.py:2726} INFO - Sync 1 DAGs
[2023-06-14T16:35:39.755+0000] {logging_mixin.py:149} INFO - [2023-06-14T16:35:39.755+0000] {dag.py:3490} INFO - Setting next_dagrun for tutorial_dag to None, run_after=None
[2023-06-14T16:35:39.779+0000] {processor.py:179} INFO - Processing /home/airflow/.local/lib/python3.7/site-packages/airflow/example_dags/tutorial_dag.py took 0.101 seconds
[2023-06-14T16:36:10.101+0000] {processor.py:157} INFO - Started process (PID=4524) to work on /home/airflow/.local/lib/python3.7/site-packages/airflow/example_dags/tutorial_dag.py
[2023-06-14T16:36:10.102+0000] {processor.py:826} INFO - Processing file /home/airflow/.local/lib/python3.7/site-packages/airflow/example_dags/tutorial_dag.py for tasks to queue
[2023-06-14T16:36:10.103+0000] {logging_mixin.py:149} INFO - [2023-06-14T16:36:10.103+0000] {dagbag.py:541} INFO - Filling up the DagBag from /home/airflow/.local/lib/python3.7/site-packages/airflow/example_dags/tutorial_dag.py
[2023-06-14T16:36:10.107+0000] {processor.py:836} INFO - DAG(s) dict_keys(['tutorial_dag']) retrieved from /home/airflow/.local/lib/python3.7/site-packages/airflow/example_dags/tutorial_dag.py
[2023-06-14T16:36:10.129+0000] {logging_mixin.py:149} INFO - [2023-06-14T16:36:10.128+0000] {dag.py:2726} INFO - Sync 1 DAGs
[2023-06-14T16:36:10.154+0000] {logging_mixin.py:149} INFO - [2023-06-14T16:36:10.154+0000] {dag.py:3490} INFO - Setting next_dagrun for tutorial_dag to None, run_after=None
[2023-06-14T16:36:10.171+0000] {processor.py:179} INFO - Processing /home/airflow/.local/lib/python3.7/site-packages/airflow/example_dags/tutorial_dag.py took 0.072 seconds
[2023-06-14T16:36:40.975+0000] {processor.py:157} INFO - Started process (PID=4600) to work on /home/airflow/.local/lib/python3.7/site-packages/airflow/example_dags/tutorial_dag.py
[2023-06-14T16:36:40.976+0000] {processor.py:826} INFO - Processing file /home/airflow/.local/lib/python3.7/site-packages/airflow/example_dags/tutorial_dag.py for tasks to queue
[2023-06-14T16:36:40.977+0000] {logging_mixin.py:149} INFO - [2023-06-14T16:36:40.977+0000] {dagbag.py:541} INFO - Filling up the DagBag from /home/airflow/.local/lib/python3.7/site-packages/airflow/example_dags/tutorial_dag.py
[2023-06-14T16:36:40.981+0000] {processor.py:836} INFO - DAG(s) dict_keys(['tutorial_dag']) retrieved from /home/airflow/.local/lib/python3.7/site-packages/airflow/example_dags/tutorial_dag.py
[2023-06-14T16:36:41.002+0000] {logging_mixin.py:149} INFO - [2023-06-14T16:36:41.002+0000] {dag.py:2726} INFO - Sync 1 DAGs
[2023-06-14T16:36:41.026+0000] {logging_mixin.py:149} INFO - [2023-06-14T16:36:41.026+0000] {dag.py:3490} INFO - Setting next_dagrun for tutorial_dag to None, run_after=None
[2023-06-14T16:36:41.045+0000] {processor.py:179} INFO - Processing /home/airflow/.local/lib/python3.7/site-packages/airflow/example_dags/tutorial_dag.py took 0.072 seconds
[2023-06-14T16:37:11.177+0000] {processor.py:157} INFO - Started process (PID=4677) to work on /home/airflow/.local/lib/python3.7/site-packages/airflow/example_dags/tutorial_dag.py
[2023-06-14T16:37:11.178+0000] {processor.py:826} INFO - Processing file /home/airflow/.local/lib/python3.7/site-packages/airflow/example_dags/tutorial_dag.py for tasks to queue
[2023-06-14T16:37:11.179+0000] {logging_mixin.py:149} INFO - [2023-06-14T16:37:11.178+0000] {dagbag.py:541} INFO - Filling up the DagBag from /home/airflow/.local/lib/python3.7/site-packages/airflow/example_dags/tutorial_dag.py
[2023-06-14T16:37:11.183+0000] {processor.py:836} INFO - DAG(s) dict_keys(['tutorial_dag']) retrieved from /home/airflow/.local/lib/python3.7/site-packages/airflow/example_dags/tutorial_dag.py
[2023-06-14T16:37:11.207+0000] {logging_mixin.py:149} INFO - [2023-06-14T16:37:11.206+0000] {dag.py:2726} INFO - Sync 1 DAGs
[2023-06-14T16:37:11.250+0000] {logging_mixin.py:149} INFO - [2023-06-14T16:37:11.249+0000] {dag.py:3490} INFO - Setting next_dagrun for tutorial_dag to None, run_after=None
[2023-06-14T16:37:11.273+0000] {processor.py:179} INFO - Processing /home/airflow/.local/lib/python3.7/site-packages/airflow/example_dags/tutorial_dag.py took 0.099 seconds
[2023-06-14T16:37:41.631+0000] {processor.py:157} INFO - Started process (PID=4753) to work on /home/airflow/.local/lib/python3.7/site-packages/airflow/example_dags/tutorial_dag.py
[2023-06-14T16:37:41.631+0000] {processor.py:826} INFO - Processing file /home/airflow/.local/lib/python3.7/site-packages/airflow/example_dags/tutorial_dag.py for tasks to queue
[2023-06-14T16:37:41.632+0000] {logging_mixin.py:149} INFO - [2023-06-14T16:37:41.632+0000] {dagbag.py:541} INFO - Filling up the DagBag from /home/airflow/.local/lib/python3.7/site-packages/airflow/example_dags/tutorial_dag.py
[2023-06-14T16:37:41.636+0000] {processor.py:836} INFO - DAG(s) dict_keys(['tutorial_dag']) retrieved from /home/airflow/.local/lib/python3.7/site-packages/airflow/example_dags/tutorial_dag.py
[2023-06-14T16:37:41.660+0000] {logging_mixin.py:149} INFO - [2023-06-14T16:37:41.660+0000] {dag.py:2726} INFO - Sync 1 DAGs
[2023-06-14T16:37:41.686+0000] {logging_mixin.py:149} INFO - [2023-06-14T16:37:41.686+0000] {dag.py:3490} INFO - Setting next_dagrun for tutorial_dag to None, run_after=None
[2023-06-14T16:37:41.706+0000] {processor.py:179} INFO - Processing /home/airflow/.local/lib/python3.7/site-packages/airflow/example_dags/tutorial_dag.py took 0.078 seconds
[2023-06-14T16:38:12.222+0000] {processor.py:157} INFO - Started process (PID=4830) to work on /home/airflow/.local/lib/python3.7/site-packages/airflow/example_dags/tutorial_dag.py
[2023-06-14T16:38:12.223+0000] {processor.py:826} INFO - Processing file /home/airflow/.local/lib/python3.7/site-packages/airflow/example_dags/tutorial_dag.py for tasks to queue
[2023-06-14T16:38:12.224+0000] {logging_mixin.py:149} INFO - [2023-06-14T16:38:12.224+0000] {dagbag.py:541} INFO - Filling up the DagBag from /home/airflow/.local/lib/python3.7/site-packages/airflow/example_dags/tutorial_dag.py
[2023-06-14T16:38:12.229+0000] {processor.py:836} INFO - DAG(s) dict_keys(['tutorial_dag']) retrieved from /home/airflow/.local/lib/python3.7/site-packages/airflow/example_dags/tutorial_dag.py
[2023-06-14T16:38:12.254+0000] {logging_mixin.py:149} INFO - [2023-06-14T16:38:12.254+0000] {dag.py:2726} INFO - Sync 1 DAGs
[2023-06-14T16:38:12.283+0000] {logging_mixin.py:149} INFO - [2023-06-14T16:38:12.283+0000] {dag.py:3490} INFO - Setting next_dagrun for tutorial_dag to None, run_after=None
[2023-06-14T16:38:12.301+0000] {processor.py:179} INFO - Processing /home/airflow/.local/lib/python3.7/site-packages/airflow/example_dags/tutorial_dag.py took 0.081 seconds
[2023-06-14T16:38:42.474+0000] {processor.py:157} INFO - Started process (PID=4907) to work on /home/airflow/.local/lib/python3.7/site-packages/airflow/example_dags/tutorial_dag.py
[2023-06-14T16:38:42.475+0000] {processor.py:826} INFO - Processing file /home/airflow/.local/lib/python3.7/site-packages/airflow/example_dags/tutorial_dag.py for tasks to queue
[2023-06-14T16:38:42.476+0000] {logging_mixin.py:149} INFO - [2023-06-14T16:38:42.476+0000] {dagbag.py:541} INFO - Filling up the DagBag from /home/airflow/.local/lib/python3.7/site-packages/airflow/example_dags/tutorial_dag.py
[2023-06-14T16:38:42.480+0000] {processor.py:836} INFO - DAG(s) dict_keys(['tutorial_dag']) retrieved from /home/airflow/.local/lib/python3.7/site-packages/airflow/example_dags/tutorial_dag.py
[2023-06-14T16:38:42.503+0000] {logging_mixin.py:149} INFO - [2023-06-14T16:38:42.503+0000] {dag.py:2726} INFO - Sync 1 DAGs
[2023-06-14T16:38:42.528+0000] {logging_mixin.py:149} INFO - [2023-06-14T16:38:42.528+0000] {dag.py:3490} INFO - Setting next_dagrun for tutorial_dag to None, run_after=None
[2023-06-14T16:38:42.547+0000] {processor.py:179} INFO - Processing /home/airflow/.local/lib/python3.7/site-packages/airflow/example_dags/tutorial_dag.py took 0.075 seconds
[2023-06-14T16:39:12.807+0000] {processor.py:157} INFO - Started process (PID=4984) to work on /home/airflow/.local/lib/python3.7/site-packages/airflow/example_dags/tutorial_dag.py
[2023-06-14T16:39:12.808+0000] {processor.py:826} INFO - Processing file /home/airflow/.local/lib/python3.7/site-packages/airflow/example_dags/tutorial_dag.py for tasks to queue
[2023-06-14T16:39:12.809+0000] {logging_mixin.py:149} INFO - [2023-06-14T16:39:12.809+0000] {dagbag.py:541} INFO - Filling up the DagBag from /home/airflow/.local/lib/python3.7/site-packages/airflow/example_dags/tutorial_dag.py
[2023-06-14T16:39:12.813+0000] {processor.py:836} INFO - DAG(s) dict_keys(['tutorial_dag']) retrieved from /home/airflow/.local/lib/python3.7/site-packages/airflow/example_dags/tutorial_dag.py
[2023-06-14T16:39:12.840+0000] {logging_mixin.py:149} INFO - [2023-06-14T16:39:12.840+0000] {dag.py:2726} INFO - Sync 1 DAGs
[2023-06-14T16:39:12.871+0000] {logging_mixin.py:149} INFO - [2023-06-14T16:39:12.870+0000] {dag.py:3490} INFO - Setting next_dagrun for tutorial_dag to None, run_after=None
[2023-06-14T16:39:12.894+0000] {processor.py:179} INFO - Processing /home/airflow/.local/lib/python3.7/site-packages/airflow/example_dags/tutorial_dag.py took 0.090 seconds
[2023-06-14T16:39:43.447+0000] {processor.py:157} INFO - Started process (PID=5061) to work on /home/airflow/.local/lib/python3.7/site-packages/airflow/example_dags/tutorial_dag.py
[2023-06-14T16:39:43.447+0000] {processor.py:826} INFO - Processing file /home/airflow/.local/lib/python3.7/site-packages/airflow/example_dags/tutorial_dag.py for tasks to queue
[2023-06-14T16:39:43.448+0000] {logging_mixin.py:149} INFO - [2023-06-14T16:39:43.448+0000] {dagbag.py:541} INFO - Filling up the DagBag from /home/airflow/.local/lib/python3.7/site-packages/airflow/example_dags/tutorial_dag.py
[2023-06-14T16:39:43.452+0000] {processor.py:836} INFO - DAG(s) dict_keys(['tutorial_dag']) retrieved from /home/airflow/.local/lib/python3.7/site-packages/airflow/example_dags/tutorial_dag.py
[2023-06-14T16:39:43.471+0000] {logging_mixin.py:149} INFO - [2023-06-14T16:39:43.471+0000] {dag.py:2726} INFO - Sync 1 DAGs
[2023-06-14T16:39:43.494+0000] {logging_mixin.py:149} INFO - [2023-06-14T16:39:43.494+0000] {dag.py:3490} INFO - Setting next_dagrun for tutorial_dag to None, run_after=None
[2023-06-14T16:39:43.512+0000] {processor.py:179} INFO - Processing /home/airflow/.local/lib/python3.7/site-packages/airflow/example_dags/tutorial_dag.py took 0.067 seconds
[2023-06-14T16:40:13.745+0000] {processor.py:157} INFO - Started process (PID=5138) to work on /home/airflow/.local/lib/python3.7/site-packages/airflow/example_dags/tutorial_dag.py
[2023-06-14T16:40:13.746+0000] {processor.py:826} INFO - Processing file /home/airflow/.local/lib/python3.7/site-packages/airflow/example_dags/tutorial_dag.py for tasks to queue
[2023-06-14T16:40:13.747+0000] {logging_mixin.py:149} INFO - [2023-06-14T16:40:13.747+0000] {dagbag.py:541} INFO - Filling up the DagBag from /home/airflow/.local/lib/python3.7/site-packages/airflow/example_dags/tutorial_dag.py
[2023-06-14T16:40:13.750+0000] {processor.py:836} INFO - DAG(s) dict_keys(['tutorial_dag']) retrieved from /home/airflow/.local/lib/python3.7/site-packages/airflow/example_dags/tutorial_dag.py
[2023-06-14T16:40:13.770+0000] {logging_mixin.py:149} INFO - [2023-06-14T16:40:13.770+0000] {dag.py:2726} INFO - Sync 1 DAGs
[2023-06-14T16:40:13.792+0000] {logging_mixin.py:149} INFO - [2023-06-14T16:40:13.792+0000] {dag.py:3490} INFO - Setting next_dagrun for tutorial_dag to None, run_after=None
[2023-06-14T16:40:13.808+0000] {processor.py:179} INFO - Processing /home/airflow/.local/lib/python3.7/site-packages/airflow/example_dags/tutorial_dag.py took 0.065 seconds
[2023-06-14T16:40:44.069+0000] {processor.py:157} INFO - Started process (PID=5215) to work on /home/airflow/.local/lib/python3.7/site-packages/airflow/example_dags/tutorial_dag.py
[2023-06-14T16:40:44.070+0000] {processor.py:826} INFO - Processing file /home/airflow/.local/lib/python3.7/site-packages/airflow/example_dags/tutorial_dag.py for tasks to queue
[2023-06-14T16:40:44.070+0000] {logging_mixin.py:149} INFO - [2023-06-14T16:40:44.070+0000] {dagbag.py:541} INFO - Filling up the DagBag from /home/airflow/.local/lib/python3.7/site-packages/airflow/example_dags/tutorial_dag.py
[2023-06-14T16:40:44.074+0000] {processor.py:836} INFO - DAG(s) dict_keys(['tutorial_dag']) retrieved from /home/airflow/.local/lib/python3.7/site-packages/airflow/example_dags/tutorial_dag.py
[2023-06-14T16:40:44.099+0000] {logging_mixin.py:149} INFO - [2023-06-14T16:40:44.099+0000] {dag.py:2726} INFO - Sync 1 DAGs
[2023-06-14T16:40:44.126+0000] {logging_mixin.py:149} INFO - [2023-06-14T16:40:44.125+0000] {dag.py:3490} INFO - Setting next_dagrun for tutorial_dag to None, run_after=None
[2023-06-14T16:40:44.144+0000] {processor.py:179} INFO - Processing /home/airflow/.local/lib/python3.7/site-packages/airflow/example_dags/tutorial_dag.py took 0.078 seconds
[2023-06-14T16:41:14.315+0000] {processor.py:157} INFO - Started process (PID=5293) to work on /home/airflow/.local/lib/python3.7/site-packages/airflow/example_dags/tutorial_dag.py
[2023-06-14T16:41:14.316+0000] {processor.py:826} INFO - Processing file /home/airflow/.local/lib/python3.7/site-packages/airflow/example_dags/tutorial_dag.py for tasks to queue
[2023-06-14T16:41:14.317+0000] {logging_mixin.py:149} INFO - [2023-06-14T16:41:14.317+0000] {dagbag.py:541} INFO - Filling up the DagBag from /home/airflow/.local/lib/python3.7/site-packages/airflow/example_dags/tutorial_dag.py
[2023-06-14T16:41:14.322+0000] {processor.py:836} INFO - DAG(s) dict_keys(['tutorial_dag']) retrieved from /home/airflow/.local/lib/python3.7/site-packages/airflow/example_dags/tutorial_dag.py
[2023-06-14T16:41:14.343+0000] {logging_mixin.py:149} INFO - [2023-06-14T16:41:14.343+0000] {dag.py:2726} INFO - Sync 1 DAGs
[2023-06-14T16:41:14.368+0000] {logging_mixin.py:149} INFO - [2023-06-14T16:41:14.367+0000] {dag.py:3490} INFO - Setting next_dagrun for tutorial_dag to None, run_after=None
[2023-06-14T16:41:14.385+0000] {processor.py:179} INFO - Processing /home/airflow/.local/lib/python3.7/site-packages/airflow/example_dags/tutorial_dag.py took 0.073 seconds
[2023-06-14T16:41:44.618+0000] {processor.py:157} INFO - Started process (PID=5369) to work on /home/airflow/.local/lib/python3.7/site-packages/airflow/example_dags/tutorial_dag.py
[2023-06-14T16:41:44.619+0000] {processor.py:826} INFO - Processing file /home/airflow/.local/lib/python3.7/site-packages/airflow/example_dags/tutorial_dag.py for tasks to queue
[2023-06-14T16:41:44.620+0000] {logging_mixin.py:149} INFO - [2023-06-14T16:41:44.619+0000] {dagbag.py:541} INFO - Filling up the DagBag from /home/airflow/.local/lib/python3.7/site-packages/airflow/example_dags/tutorial_dag.py
[2023-06-14T16:41:44.624+0000] {processor.py:836} INFO - DAG(s) dict_keys(['tutorial_dag']) retrieved from /home/airflow/.local/lib/python3.7/site-packages/airflow/example_dags/tutorial_dag.py
[2023-06-14T16:41:44.648+0000] {logging_mixin.py:149} INFO - [2023-06-14T16:41:44.647+0000] {dag.py:2726} INFO - Sync 1 DAGs
[2023-06-14T16:41:44.673+0000] {logging_mixin.py:149} INFO - [2023-06-14T16:41:44.673+0000] {dag.py:3490} INFO - Setting next_dagrun for tutorial_dag to None, run_after=None
[2023-06-14T16:41:44.690+0000] {processor.py:179} INFO - Processing /home/airflow/.local/lib/python3.7/site-packages/airflow/example_dags/tutorial_dag.py took 0.075 seconds
[2023-06-14T16:42:14.971+0000] {processor.py:157} INFO - Started process (PID=5433) to work on /home/airflow/.local/lib/python3.7/site-packages/airflow/example_dags/tutorial_dag.py
[2023-06-14T16:42:14.972+0000] {processor.py:826} INFO - Processing file /home/airflow/.local/lib/python3.7/site-packages/airflow/example_dags/tutorial_dag.py for tasks to queue
[2023-06-14T16:42:14.973+0000] {logging_mixin.py:149} INFO - [2023-06-14T16:42:14.973+0000] {dagbag.py:541} INFO - Filling up the DagBag from /home/airflow/.local/lib/python3.7/site-packages/airflow/example_dags/tutorial_dag.py
[2023-06-14T16:42:14.977+0000] {processor.py:836} INFO - DAG(s) dict_keys(['tutorial_dag']) retrieved from /home/airflow/.local/lib/python3.7/site-packages/airflow/example_dags/tutorial_dag.py
[2023-06-14T16:42:14.997+0000] {logging_mixin.py:149} INFO - [2023-06-14T16:42:14.997+0000] {dag.py:2726} INFO - Sync 1 DAGs
[2023-06-14T16:42:15.023+0000] {logging_mixin.py:149} INFO - [2023-06-14T16:42:15.023+0000] {dag.py:3490} INFO - Setting next_dagrun for tutorial_dag to None, run_after=None
[2023-06-14T16:42:15.040+0000] {processor.py:179} INFO - Processing /home/airflow/.local/lib/python3.7/site-packages/airflow/example_dags/tutorial_dag.py took 0.072 seconds
[2023-06-14T16:42:45.513+0000] {processor.py:157} INFO - Started process (PID=5510) to work on /home/airflow/.local/lib/python3.7/site-packages/airflow/example_dags/tutorial_dag.py
[2023-06-14T16:42:45.514+0000] {processor.py:826} INFO - Processing file /home/airflow/.local/lib/python3.7/site-packages/airflow/example_dags/tutorial_dag.py for tasks to queue
[2023-06-14T16:42:45.515+0000] {logging_mixin.py:149} INFO - [2023-06-14T16:42:45.514+0000] {dagbag.py:541} INFO - Filling up the DagBag from /home/airflow/.local/lib/python3.7/site-packages/airflow/example_dags/tutorial_dag.py
[2023-06-14T16:42:45.518+0000] {processor.py:836} INFO - DAG(s) dict_keys(['tutorial_dag']) retrieved from /home/airflow/.local/lib/python3.7/site-packages/airflow/example_dags/tutorial_dag.py
[2023-06-14T16:42:45.543+0000] {logging_mixin.py:149} INFO - [2023-06-14T16:42:45.543+0000] {dag.py:2726} INFO - Sync 1 DAGs
[2023-06-14T16:42:45.570+0000] {logging_mixin.py:149} INFO - [2023-06-14T16:42:45.570+0000] {dag.py:3490} INFO - Setting next_dagrun for tutorial_dag to None, run_after=None
[2023-06-14T16:42:45.587+0000] {processor.py:179} INFO - Processing /home/airflow/.local/lib/python3.7/site-packages/airflow/example_dags/tutorial_dag.py took 0.076 seconds
[2023-06-14T16:43:15.788+0000] {processor.py:157} INFO - Started process (PID=5587) to work on /home/airflow/.local/lib/python3.7/site-packages/airflow/example_dags/tutorial_dag.py
[2023-06-14T16:43:15.789+0000] {processor.py:826} INFO - Processing file /home/airflow/.local/lib/python3.7/site-packages/airflow/example_dags/tutorial_dag.py for tasks to queue
[2023-06-14T16:43:15.796+0000] {logging_mixin.py:149} INFO - [2023-06-14T16:43:15.796+0000] {dagbag.py:541} INFO - Filling up the DagBag from /home/airflow/.local/lib/python3.7/site-packages/airflow/example_dags/tutorial_dag.py
[2023-06-14T16:43:15.801+0000] {processor.py:836} INFO - DAG(s) dict_keys(['tutorial_dag']) retrieved from /home/airflow/.local/lib/python3.7/site-packages/airflow/example_dags/tutorial_dag.py
[2023-06-14T16:43:15.824+0000] {logging_mixin.py:149} INFO - [2023-06-14T16:43:15.823+0000] {dag.py:2726} INFO - Sync 1 DAGs
[2023-06-14T16:43:15.860+0000] {logging_mixin.py:149} INFO - [2023-06-14T16:43:15.860+0000] {dag.py:3490} INFO - Setting next_dagrun for tutorial_dag to None, run_after=None
[2023-06-14T16:43:15.878+0000] {processor.py:179} INFO - Processing /home/airflow/.local/lib/python3.7/site-packages/airflow/example_dags/tutorial_dag.py took 0.094 seconds
[2023-06-14T16:43:46.237+0000] {processor.py:157} INFO - Started process (PID=5664) to work on /home/airflow/.local/lib/python3.7/site-packages/airflow/example_dags/tutorial_dag.py
[2023-06-14T16:43:46.238+0000] {processor.py:826} INFO - Processing file /home/airflow/.local/lib/python3.7/site-packages/airflow/example_dags/tutorial_dag.py for tasks to queue
[2023-06-14T16:43:46.238+0000] {logging_mixin.py:149} INFO - [2023-06-14T16:43:46.238+0000] {dagbag.py:541} INFO - Filling up the DagBag from /home/airflow/.local/lib/python3.7/site-packages/airflow/example_dags/tutorial_dag.py
[2023-06-14T16:43:46.242+0000] {processor.py:836} INFO - DAG(s) dict_keys(['tutorial_dag']) retrieved from /home/airflow/.local/lib/python3.7/site-packages/airflow/example_dags/tutorial_dag.py
[2023-06-14T16:43:46.262+0000] {logging_mixin.py:149} INFO - [2023-06-14T16:43:46.262+0000] {dag.py:2726} INFO - Sync 1 DAGs
[2023-06-14T16:43:46.288+0000] {logging_mixin.py:149} INFO - [2023-06-14T16:43:46.288+0000] {dag.py:3490} INFO - Setting next_dagrun for tutorial_dag to None, run_after=None
[2023-06-14T16:43:46.307+0000] {processor.py:179} INFO - Processing /home/airflow/.local/lib/python3.7/site-packages/airflow/example_dags/tutorial_dag.py took 0.072 seconds
[2023-06-14T16:44:17.236+0000] {processor.py:157} INFO - Started process (PID=5741) to work on /home/airflow/.local/lib/python3.7/site-packages/airflow/example_dags/tutorial_dag.py
[2023-06-14T16:44:17.237+0000] {processor.py:826} INFO - Processing file /home/airflow/.local/lib/python3.7/site-packages/airflow/example_dags/tutorial_dag.py for tasks to queue
[2023-06-14T16:44:17.237+0000] {logging_mixin.py:149} INFO - [2023-06-14T16:44:17.237+0000] {dagbag.py:541} INFO - Filling up the DagBag from /home/airflow/.local/lib/python3.7/site-packages/airflow/example_dags/tutorial_dag.py
[2023-06-14T16:44:17.241+0000] {processor.py:836} INFO - DAG(s) dict_keys(['tutorial_dag']) retrieved from /home/airflow/.local/lib/python3.7/site-packages/airflow/example_dags/tutorial_dag.py
[2023-06-14T16:44:17.266+0000] {logging_mixin.py:149} INFO - [2023-06-14T16:44:17.266+0000] {dag.py:2726} INFO - Sync 1 DAGs
[2023-06-14T16:44:17.292+0000] {logging_mixin.py:149} INFO - [2023-06-14T16:44:17.292+0000] {dag.py:3490} INFO - Setting next_dagrun for tutorial_dag to None, run_after=None
[2023-06-14T16:44:17.311+0000] {processor.py:179} INFO - Processing /home/airflow/.local/lib/python3.7/site-packages/airflow/example_dags/tutorial_dag.py took 0.078 seconds
[2023-06-14T16:44:47.850+0000] {processor.py:157} INFO - Started process (PID=5818) to work on /home/airflow/.local/lib/python3.7/site-packages/airflow/example_dags/tutorial_dag.py
[2023-06-14T16:44:47.851+0000] {processor.py:826} INFO - Processing file /home/airflow/.local/lib/python3.7/site-packages/airflow/example_dags/tutorial_dag.py for tasks to queue
[2023-06-14T16:44:47.852+0000] {logging_mixin.py:149} INFO - [2023-06-14T16:44:47.852+0000] {dagbag.py:541} INFO - Filling up the DagBag from /home/airflow/.local/lib/python3.7/site-packages/airflow/example_dags/tutorial_dag.py
[2023-06-14T16:44:47.856+0000] {processor.py:836} INFO - DAG(s) dict_keys(['tutorial_dag']) retrieved from /home/airflow/.local/lib/python3.7/site-packages/airflow/example_dags/tutorial_dag.py
[2023-06-14T16:44:47.878+0000] {logging_mixin.py:149} INFO - [2023-06-14T16:44:47.878+0000] {dag.py:2726} INFO - Sync 1 DAGs
[2023-06-14T16:44:47.910+0000] {logging_mixin.py:149} INFO - [2023-06-14T16:44:47.910+0000] {dag.py:3490} INFO - Setting next_dagrun for tutorial_dag to None, run_after=None
[2023-06-14T16:44:47.929+0000] {processor.py:179} INFO - Processing /home/airflow/.local/lib/python3.7/site-packages/airflow/example_dags/tutorial_dag.py took 0.081 seconds
[2023-06-14T16:45:18.542+0000] {processor.py:157} INFO - Started process (PID=5895) to work on /home/airflow/.local/lib/python3.7/site-packages/airflow/example_dags/tutorial_dag.py
[2023-06-14T16:45:18.542+0000] {processor.py:826} INFO - Processing file /home/airflow/.local/lib/python3.7/site-packages/airflow/example_dags/tutorial_dag.py for tasks to queue
[2023-06-14T16:45:18.543+0000] {logging_mixin.py:149} INFO - [2023-06-14T16:45:18.543+0000] {dagbag.py:541} INFO - Filling up the DagBag from /home/airflow/.local/lib/python3.7/site-packages/airflow/example_dags/tutorial_dag.py
[2023-06-14T16:45:18.547+0000] {processor.py:836} INFO - DAG(s) dict_keys(['tutorial_dag']) retrieved from /home/airflow/.local/lib/python3.7/site-packages/airflow/example_dags/tutorial_dag.py
[2023-06-14T16:45:18.568+0000] {logging_mixin.py:149} INFO - [2023-06-14T16:45:18.568+0000] {dag.py:2726} INFO - Sync 1 DAGs
[2023-06-14T16:45:18.594+0000] {logging_mixin.py:149} INFO - [2023-06-14T16:45:18.594+0000] {dag.py:3490} INFO - Setting next_dagrun for tutorial_dag to None, run_after=None
[2023-06-14T16:45:18.611+0000] {processor.py:179} INFO - Processing /home/airflow/.local/lib/python3.7/site-packages/airflow/example_dags/tutorial_dag.py took 0.072 seconds
[2023-06-14T16:45:49.231+0000] {processor.py:157} INFO - Started process (PID=5972) to work on /home/airflow/.local/lib/python3.7/site-packages/airflow/example_dags/tutorial_dag.py
[2023-06-14T16:45:49.232+0000] {processor.py:826} INFO - Processing file /home/airflow/.local/lib/python3.7/site-packages/airflow/example_dags/tutorial_dag.py for tasks to queue
[2023-06-14T16:45:49.233+0000] {logging_mixin.py:149} INFO - [2023-06-14T16:45:49.232+0000] {dagbag.py:541} INFO - Filling up the DagBag from /home/airflow/.local/lib/python3.7/site-packages/airflow/example_dags/tutorial_dag.py
[2023-06-14T16:45:49.236+0000] {processor.py:836} INFO - DAG(s) dict_keys(['tutorial_dag']) retrieved from /home/airflow/.local/lib/python3.7/site-packages/airflow/example_dags/tutorial_dag.py
[2023-06-14T16:45:49.255+0000] {logging_mixin.py:149} INFO - [2023-06-14T16:45:49.255+0000] {dag.py:2726} INFO - Sync 1 DAGs
[2023-06-14T16:45:49.277+0000] {logging_mixin.py:149} INFO - [2023-06-14T16:45:49.277+0000] {dag.py:3490} INFO - Setting next_dagrun for tutorial_dag to None, run_after=None
[2023-06-14T16:45:49.294+0000] {processor.py:179} INFO - Processing /home/airflow/.local/lib/python3.7/site-packages/airflow/example_dags/tutorial_dag.py took 0.065 seconds
[2023-06-14T16:46:20.112+0000] {processor.py:157} INFO - Started process (PID=6049) to work on /home/airflow/.local/lib/python3.7/site-packages/airflow/example_dags/tutorial_dag.py
[2023-06-14T16:46:20.112+0000] {processor.py:826} INFO - Processing file /home/airflow/.local/lib/python3.7/site-packages/airflow/example_dags/tutorial_dag.py for tasks to queue
[2023-06-14T16:46:20.113+0000] {logging_mixin.py:149} INFO - [2023-06-14T16:46:20.113+0000] {dagbag.py:541} INFO - Filling up the DagBag from /home/airflow/.local/lib/python3.7/site-packages/airflow/example_dags/tutorial_dag.py
[2023-06-14T16:46:20.119+0000] {processor.py:836} INFO - DAG(s) dict_keys(['tutorial_dag']) retrieved from /home/airflow/.local/lib/python3.7/site-packages/airflow/example_dags/tutorial_dag.py
[2023-06-14T16:46:20.142+0000] {logging_mixin.py:149} INFO - [2023-06-14T16:46:20.142+0000] {dag.py:2726} INFO - Sync 1 DAGs
[2023-06-14T16:46:20.167+0000] {logging_mixin.py:149} INFO - [2023-06-14T16:46:20.167+0000] {dag.py:3490} INFO - Setting next_dagrun for tutorial_dag to None, run_after=None
[2023-06-14T16:46:20.185+0000] {processor.py:179} INFO - Processing /home/airflow/.local/lib/python3.7/site-packages/airflow/example_dags/tutorial_dag.py took 0.075 seconds
[2023-06-14T16:46:50.765+0000] {processor.py:157} INFO - Started process (PID=6126) to work on /home/airflow/.local/lib/python3.7/site-packages/airflow/example_dags/tutorial_dag.py
[2023-06-14T16:46:50.765+0000] {processor.py:826} INFO - Processing file /home/airflow/.local/lib/python3.7/site-packages/airflow/example_dags/tutorial_dag.py for tasks to queue
[2023-06-14T16:46:50.766+0000] {logging_mixin.py:149} INFO - [2023-06-14T16:46:50.766+0000] {dagbag.py:541} INFO - Filling up the DagBag from /home/airflow/.local/lib/python3.7/site-packages/airflow/example_dags/tutorial_dag.py
[2023-06-14T16:46:50.769+0000] {processor.py:836} INFO - DAG(s) dict_keys(['tutorial_dag']) retrieved from /home/airflow/.local/lib/python3.7/site-packages/airflow/example_dags/tutorial_dag.py
[2023-06-14T16:46:50.789+0000] {logging_mixin.py:149} INFO - [2023-06-14T16:46:50.789+0000] {dag.py:2726} INFO - Sync 1 DAGs
[2023-06-14T16:46:50.814+0000] {logging_mixin.py:149} INFO - [2023-06-14T16:46:50.813+0000] {dag.py:3490} INFO - Setting next_dagrun for tutorial_dag to None, run_after=None
[2023-06-14T16:46:50.830+0000] {processor.py:179} INFO - Processing /home/airflow/.local/lib/python3.7/site-packages/airflow/example_dags/tutorial_dag.py took 0.068 seconds
[2023-06-14T16:47:21.021+0000] {processor.py:157} INFO - Started process (PID=6203) to work on /home/airflow/.local/lib/python3.7/site-packages/airflow/example_dags/tutorial_dag.py
[2023-06-14T16:47:21.022+0000] {processor.py:826} INFO - Processing file /home/airflow/.local/lib/python3.7/site-packages/airflow/example_dags/tutorial_dag.py for tasks to queue
[2023-06-14T16:47:21.022+0000] {logging_mixin.py:149} INFO - [2023-06-14T16:47:21.022+0000] {dagbag.py:541} INFO - Filling up the DagBag from /home/airflow/.local/lib/python3.7/site-packages/airflow/example_dags/tutorial_dag.py
[2023-06-14T16:47:21.026+0000] {processor.py:836} INFO - DAG(s) dict_keys(['tutorial_dag']) retrieved from /home/airflow/.local/lib/python3.7/site-packages/airflow/example_dags/tutorial_dag.py
[2023-06-14T16:47:21.044+0000] {logging_mixin.py:149} INFO - [2023-06-14T16:47:21.044+0000] {dag.py:2726} INFO - Sync 1 DAGs
[2023-06-14T16:47:21.067+0000] {logging_mixin.py:149} INFO - [2023-06-14T16:47:21.066+0000] {dag.py:3490} INFO - Setting next_dagrun for tutorial_dag to None, run_after=None
[2023-06-14T16:47:21.081+0000] {processor.py:179} INFO - Processing /home/airflow/.local/lib/python3.7/site-packages/airflow/example_dags/tutorial_dag.py took 0.062 seconds
[2023-06-14T16:47:52.039+0000] {processor.py:157} INFO - Started process (PID=6280) to work on /home/airflow/.local/lib/python3.7/site-packages/airflow/example_dags/tutorial_dag.py
[2023-06-14T16:47:52.040+0000] {processor.py:826} INFO - Processing file /home/airflow/.local/lib/python3.7/site-packages/airflow/example_dags/tutorial_dag.py for tasks to queue
[2023-06-14T16:47:52.041+0000] {logging_mixin.py:149} INFO - [2023-06-14T16:47:52.040+0000] {dagbag.py:541} INFO - Filling up the DagBag from /home/airflow/.local/lib/python3.7/site-packages/airflow/example_dags/tutorial_dag.py
[2023-06-14T16:47:52.044+0000] {processor.py:836} INFO - DAG(s) dict_keys(['tutorial_dag']) retrieved from /home/airflow/.local/lib/python3.7/site-packages/airflow/example_dags/tutorial_dag.py
[2023-06-14T16:47:52.066+0000] {logging_mixin.py:149} INFO - [2023-06-14T16:47:52.066+0000] {dag.py:2726} INFO - Sync 1 DAGs
[2023-06-14T16:47:52.087+0000] {logging_mixin.py:149} INFO - [2023-06-14T16:47:52.087+0000] {dag.py:3490} INFO - Setting next_dagrun for tutorial_dag to None, run_after=None
[2023-06-14T16:47:52.103+0000] {processor.py:179} INFO - Processing /home/airflow/.local/lib/python3.7/site-packages/airflow/example_dags/tutorial_dag.py took 0.066 seconds
[2023-06-14T16:48:22.187+0000] {processor.py:157} INFO - Started process (PID=6344) to work on /home/airflow/.local/lib/python3.7/site-packages/airflow/example_dags/tutorial_dag.py
[2023-06-14T16:48:22.188+0000] {processor.py:826} INFO - Processing file /home/airflow/.local/lib/python3.7/site-packages/airflow/example_dags/tutorial_dag.py for tasks to queue
[2023-06-14T16:48:22.189+0000] {logging_mixin.py:149} INFO - [2023-06-14T16:48:22.189+0000] {dagbag.py:541} INFO - Filling up the DagBag from /home/airflow/.local/lib/python3.7/site-packages/airflow/example_dags/tutorial_dag.py
[2023-06-14T16:48:22.193+0000] {processor.py:836} INFO - DAG(s) dict_keys(['tutorial_dag']) retrieved from /home/airflow/.local/lib/python3.7/site-packages/airflow/example_dags/tutorial_dag.py
[2023-06-14T16:48:22.216+0000] {logging_mixin.py:149} INFO - [2023-06-14T16:48:22.216+0000] {dag.py:2726} INFO - Sync 1 DAGs
[2023-06-14T16:48:22.245+0000] {logging_mixin.py:149} INFO - [2023-06-14T16:48:22.245+0000] {dag.py:3490} INFO - Setting next_dagrun for tutorial_dag to None, run_after=None
[2023-06-14T16:48:22.264+0000] {processor.py:179} INFO - Processing /home/airflow/.local/lib/python3.7/site-packages/airflow/example_dags/tutorial_dag.py took 0.080 seconds
[2023-06-14T16:48:52.598+0000] {processor.py:157} INFO - Started process (PID=6408) to work on /home/airflow/.local/lib/python3.7/site-packages/airflow/example_dags/tutorial_dag.py
[2023-06-14T16:48:52.599+0000] {processor.py:826} INFO - Processing file /home/airflow/.local/lib/python3.7/site-packages/airflow/example_dags/tutorial_dag.py for tasks to queue
[2023-06-14T16:48:52.600+0000] {logging_mixin.py:149} INFO - [2023-06-14T16:48:52.600+0000] {dagbag.py:541} INFO - Filling up the DagBag from /home/airflow/.local/lib/python3.7/site-packages/airflow/example_dags/tutorial_dag.py
[2023-06-14T16:48:52.605+0000] {processor.py:836} INFO - DAG(s) dict_keys(['tutorial_dag']) retrieved from /home/airflow/.local/lib/python3.7/site-packages/airflow/example_dags/tutorial_dag.py
[2023-06-14T16:48:52.630+0000] {logging_mixin.py:149} INFO - [2023-06-14T16:48:52.630+0000] {dag.py:2726} INFO - Sync 1 DAGs
[2023-06-14T16:48:52.655+0000] {logging_mixin.py:149} INFO - [2023-06-14T16:48:52.655+0000] {dag.py:3490} INFO - Setting next_dagrun for tutorial_dag to None, run_after=None
[2023-06-14T16:48:52.674+0000] {processor.py:179} INFO - Processing /home/airflow/.local/lib/python3.7/site-packages/airflow/example_dags/tutorial_dag.py took 0.079 seconds
[2023-06-14T16:49:22.927+0000] {processor.py:157} INFO - Started process (PID=6472) to work on /home/airflow/.local/lib/python3.7/site-packages/airflow/example_dags/tutorial_dag.py
[2023-06-14T16:49:22.927+0000] {processor.py:826} INFO - Processing file /home/airflow/.local/lib/python3.7/site-packages/airflow/example_dags/tutorial_dag.py for tasks to queue
[2023-06-14T16:49:22.928+0000] {logging_mixin.py:149} INFO - [2023-06-14T16:49:22.928+0000] {dagbag.py:541} INFO - Filling up the DagBag from /home/airflow/.local/lib/python3.7/site-packages/airflow/example_dags/tutorial_dag.py
[2023-06-14T16:49:22.932+0000] {processor.py:836} INFO - DAG(s) dict_keys(['tutorial_dag']) retrieved from /home/airflow/.local/lib/python3.7/site-packages/airflow/example_dags/tutorial_dag.py
[2023-06-14T16:49:22.953+0000] {logging_mixin.py:149} INFO - [2023-06-14T16:49:22.953+0000] {dag.py:2726} INFO - Sync 1 DAGs
[2023-06-14T16:49:22.978+0000] {logging_mixin.py:149} INFO - [2023-06-14T16:49:22.978+0000] {dag.py:3490} INFO - Setting next_dagrun for tutorial_dag to None, run_after=None
[2023-06-14T16:49:22.994+0000] {processor.py:179} INFO - Processing /home/airflow/.local/lib/python3.7/site-packages/airflow/example_dags/tutorial_dag.py took 0.070 seconds
[2023-06-14T16:49:53.310+0000] {processor.py:157} INFO - Started process (PID=6536) to work on /home/airflow/.local/lib/python3.7/site-packages/airflow/example_dags/tutorial_dag.py
[2023-06-14T16:49:53.311+0000] {processor.py:826} INFO - Processing file /home/airflow/.local/lib/python3.7/site-packages/airflow/example_dags/tutorial_dag.py for tasks to queue
[2023-06-14T16:49:53.311+0000] {logging_mixin.py:149} INFO - [2023-06-14T16:49:53.311+0000] {dagbag.py:541} INFO - Filling up the DagBag from /home/airflow/.local/lib/python3.7/site-packages/airflow/example_dags/tutorial_dag.py
[2023-06-14T16:49:53.316+0000] {processor.py:836} INFO - DAG(s) dict_keys(['tutorial_dag']) retrieved from /home/airflow/.local/lib/python3.7/site-packages/airflow/example_dags/tutorial_dag.py
[2023-06-14T16:49:53.337+0000] {logging_mixin.py:149} INFO - [2023-06-14T16:49:53.337+0000] {dag.py:2726} INFO - Sync 1 DAGs
[2023-06-14T16:49:53.367+0000] {logging_mixin.py:149} INFO - [2023-06-14T16:49:53.367+0000] {dag.py:3490} INFO - Setting next_dagrun for tutorial_dag to None, run_after=None
[2023-06-14T16:49:53.390+0000] {processor.py:179} INFO - Processing /home/airflow/.local/lib/python3.7/site-packages/airflow/example_dags/tutorial_dag.py took 0.082 seconds
[2023-06-14T16:50:23.696+0000] {processor.py:157} INFO - Started process (PID=6600) to work on /home/airflow/.local/lib/python3.7/site-packages/airflow/example_dags/tutorial_dag.py
[2023-06-14T16:50:23.697+0000] {processor.py:826} INFO - Processing file /home/airflow/.local/lib/python3.7/site-packages/airflow/example_dags/tutorial_dag.py for tasks to queue
[2023-06-14T16:50:23.697+0000] {logging_mixin.py:149} INFO - [2023-06-14T16:50:23.697+0000] {dagbag.py:541} INFO - Filling up the DagBag from /home/airflow/.local/lib/python3.7/site-packages/airflow/example_dags/tutorial_dag.py
[2023-06-14T16:50:23.701+0000] {processor.py:836} INFO - DAG(s) dict_keys(['tutorial_dag']) retrieved from /home/airflow/.local/lib/python3.7/site-packages/airflow/example_dags/tutorial_dag.py
[2023-06-14T16:50:23.728+0000] {logging_mixin.py:149} INFO - [2023-06-14T16:50:23.728+0000] {dag.py:2726} INFO - Sync 1 DAGs
[2023-06-14T16:50:23.755+0000] {logging_mixin.py:149} INFO - [2023-06-14T16:50:23.754+0000] {dag.py:3490} INFO - Setting next_dagrun for tutorial_dag to None, run_after=None
[2023-06-14T16:50:23.773+0000] {processor.py:179} INFO - Processing /home/airflow/.local/lib/python3.7/site-packages/airflow/example_dags/tutorial_dag.py took 0.079 seconds
[2023-06-14T16:50:53.925+0000] {processor.py:157} INFO - Started process (PID=6664) to work on /home/airflow/.local/lib/python3.7/site-packages/airflow/example_dags/tutorial_dag.py
[2023-06-14T16:50:53.925+0000] {processor.py:826} INFO - Processing file /home/airflow/.local/lib/python3.7/site-packages/airflow/example_dags/tutorial_dag.py for tasks to queue
[2023-06-14T16:50:53.926+0000] {logging_mixin.py:149} INFO - [2023-06-14T16:50:53.926+0000] {dagbag.py:541} INFO - Filling up the DagBag from /home/airflow/.local/lib/python3.7/site-packages/airflow/example_dags/tutorial_dag.py
[2023-06-14T16:50:53.930+0000] {processor.py:836} INFO - DAG(s) dict_keys(['tutorial_dag']) retrieved from /home/airflow/.local/lib/python3.7/site-packages/airflow/example_dags/tutorial_dag.py
[2023-06-14T16:50:53.950+0000] {logging_mixin.py:149} INFO - [2023-06-14T16:50:53.949+0000] {dag.py:2726} INFO - Sync 1 DAGs
[2023-06-14T16:50:53.972+0000] {logging_mixin.py:149} INFO - [2023-06-14T16:50:53.972+0000] {dag.py:3490} INFO - Setting next_dagrun for tutorial_dag to None, run_after=None
[2023-06-14T16:50:53.989+0000] {processor.py:179} INFO - Processing /home/airflow/.local/lib/python3.7/site-packages/airflow/example_dags/tutorial_dag.py took 0.067 seconds
[2023-06-14T16:51:24.513+0000] {processor.py:157} INFO - Started process (PID=6741) to work on /home/airflow/.local/lib/python3.7/site-packages/airflow/example_dags/tutorial_dag.py
[2023-06-14T16:51:24.514+0000] {processor.py:826} INFO - Processing file /home/airflow/.local/lib/python3.7/site-packages/airflow/example_dags/tutorial_dag.py for tasks to queue
[2023-06-14T16:51:24.514+0000] {logging_mixin.py:149} INFO - [2023-06-14T16:51:24.514+0000] {dagbag.py:541} INFO - Filling up the DagBag from /home/airflow/.local/lib/python3.7/site-packages/airflow/example_dags/tutorial_dag.py
[2023-06-14T16:51:24.518+0000] {processor.py:836} INFO - DAG(s) dict_keys(['tutorial_dag']) retrieved from /home/airflow/.local/lib/python3.7/site-packages/airflow/example_dags/tutorial_dag.py
[2023-06-14T16:51:24.605+0000] {logging_mixin.py:149} INFO - [2023-06-14T16:51:24.605+0000] {dag.py:2726} INFO - Sync 1 DAGs
[2023-06-14T16:51:24.633+0000] {logging_mixin.py:149} INFO - [2023-06-14T16:51:24.633+0000] {dag.py:3490} INFO - Setting next_dagrun for tutorial_dag to None, run_after=None
[2023-06-14T16:51:24.650+0000] {processor.py:179} INFO - Processing /home/airflow/.local/lib/python3.7/site-packages/airflow/example_dags/tutorial_dag.py took 0.140 seconds
[2023-06-14T16:51:55.063+0000] {processor.py:157} INFO - Started process (PID=6818) to work on /home/airflow/.local/lib/python3.7/site-packages/airflow/example_dags/tutorial_dag.py
[2023-06-14T16:51:55.064+0000] {processor.py:826} INFO - Processing file /home/airflow/.local/lib/python3.7/site-packages/airflow/example_dags/tutorial_dag.py for tasks to queue
[2023-06-14T16:51:55.064+0000] {logging_mixin.py:149} INFO - [2023-06-14T16:51:55.064+0000] {dagbag.py:541} INFO - Filling up the DagBag from /home/airflow/.local/lib/python3.7/site-packages/airflow/example_dags/tutorial_dag.py
[2023-06-14T16:51:55.068+0000] {processor.py:836} INFO - DAG(s) dict_keys(['tutorial_dag']) retrieved from /home/airflow/.local/lib/python3.7/site-packages/airflow/example_dags/tutorial_dag.py
[2023-06-14T16:51:55.091+0000] {logging_mixin.py:149} INFO - [2023-06-14T16:51:55.091+0000] {dag.py:2726} INFO - Sync 1 DAGs
[2023-06-14T16:51:55.116+0000] {logging_mixin.py:149} INFO - [2023-06-14T16:51:55.116+0000] {dag.py:3490} INFO - Setting next_dagrun for tutorial_dag to None, run_after=None
[2023-06-14T16:51:55.136+0000] {processor.py:179} INFO - Processing /home/airflow/.local/lib/python3.7/site-packages/airflow/example_dags/tutorial_dag.py took 0.076 seconds
[2023-06-14T16:52:25.869+0000] {processor.py:157} INFO - Started process (PID=6895) to work on /home/airflow/.local/lib/python3.7/site-packages/airflow/example_dags/tutorial_dag.py
[2023-06-14T16:52:25.870+0000] {processor.py:826} INFO - Processing file /home/airflow/.local/lib/python3.7/site-packages/airflow/example_dags/tutorial_dag.py for tasks to queue
[2023-06-14T16:52:25.871+0000] {logging_mixin.py:149} INFO - [2023-06-14T16:52:25.871+0000] {dagbag.py:541} INFO - Filling up the DagBag from /home/airflow/.local/lib/python3.7/site-packages/airflow/example_dags/tutorial_dag.py
[2023-06-14T16:52:25.875+0000] {processor.py:836} INFO - DAG(s) dict_keys(['tutorial_dag']) retrieved from /home/airflow/.local/lib/python3.7/site-packages/airflow/example_dags/tutorial_dag.py
[2023-06-14T16:52:25.897+0000] {logging_mixin.py:149} INFO - [2023-06-14T16:52:25.897+0000] {dag.py:2726} INFO - Sync 1 DAGs
[2023-06-14T16:52:25.926+0000] {logging_mixin.py:149} INFO - [2023-06-14T16:52:25.926+0000] {dag.py:3490} INFO - Setting next_dagrun for tutorial_dag to None, run_after=None
[2023-06-14T16:52:25.944+0000] {processor.py:179} INFO - Processing /home/airflow/.local/lib/python3.7/site-packages/airflow/example_dags/tutorial_dag.py took 0.077 seconds
[2023-06-14T16:52:56.434+0000] {processor.py:157} INFO - Started process (PID=6972) to work on /home/airflow/.local/lib/python3.7/site-packages/airflow/example_dags/tutorial_dag.py
[2023-06-14T16:52:56.435+0000] {processor.py:826} INFO - Processing file /home/airflow/.local/lib/python3.7/site-packages/airflow/example_dags/tutorial_dag.py for tasks to queue
[2023-06-14T16:52:56.436+0000] {logging_mixin.py:149} INFO - [2023-06-14T16:52:56.436+0000] {dagbag.py:541} INFO - Filling up the DagBag from /home/airflow/.local/lib/python3.7/site-packages/airflow/example_dags/tutorial_dag.py
[2023-06-14T16:52:56.441+0000] {processor.py:836} INFO - DAG(s) dict_keys(['tutorial_dag']) retrieved from /home/airflow/.local/lib/python3.7/site-packages/airflow/example_dags/tutorial_dag.py
[2023-06-14T16:52:56.466+0000] {logging_mixin.py:149} INFO - [2023-06-14T16:52:56.465+0000] {dag.py:2726} INFO - Sync 1 DAGs
[2023-06-14T16:52:56.493+0000] {logging_mixin.py:149} INFO - [2023-06-14T16:52:56.492+0000] {dag.py:3490} INFO - Setting next_dagrun for tutorial_dag to None, run_after=None
[2023-06-14T16:52:56.514+0000] {processor.py:179} INFO - Processing /home/airflow/.local/lib/python3.7/site-packages/airflow/example_dags/tutorial_dag.py took 0.083 seconds
[2023-06-14T16:53:26.664+0000] {processor.py:157} INFO - Started process (PID=7049) to work on /home/airflow/.local/lib/python3.7/site-packages/airflow/example_dags/tutorial_dag.py
[2023-06-14T16:53:26.665+0000] {processor.py:826} INFO - Processing file /home/airflow/.local/lib/python3.7/site-packages/airflow/example_dags/tutorial_dag.py for tasks to queue
[2023-06-14T16:53:26.666+0000] {logging_mixin.py:149} INFO - [2023-06-14T16:53:26.666+0000] {dagbag.py:541} INFO - Filling up the DagBag from /home/airflow/.local/lib/python3.7/site-packages/airflow/example_dags/tutorial_dag.py
[2023-06-14T16:53:26.670+0000] {processor.py:836} INFO - DAG(s) dict_keys(['tutorial_dag']) retrieved from /home/airflow/.local/lib/python3.7/site-packages/airflow/example_dags/tutorial_dag.py
[2023-06-14T16:53:26.691+0000] {logging_mixin.py:149} INFO - [2023-06-14T16:53:26.691+0000] {dag.py:2726} INFO - Sync 1 DAGs
[2023-06-14T16:53:26.718+0000] {logging_mixin.py:149} INFO - [2023-06-14T16:53:26.717+0000] {dag.py:3490} INFO - Setting next_dagrun for tutorial_dag to None, run_after=None
[2023-06-14T16:53:26.735+0000] {processor.py:179} INFO - Processing /home/airflow/.local/lib/python3.7/site-packages/airflow/example_dags/tutorial_dag.py took 0.073 seconds
[2023-06-14T16:53:57.274+0000] {processor.py:157} INFO - Started process (PID=7126) to work on /home/airflow/.local/lib/python3.7/site-packages/airflow/example_dags/tutorial_dag.py
[2023-06-14T16:53:57.275+0000] {processor.py:826} INFO - Processing file /home/airflow/.local/lib/python3.7/site-packages/airflow/example_dags/tutorial_dag.py for tasks to queue
[2023-06-14T16:53:57.276+0000] {logging_mixin.py:149} INFO - [2023-06-14T16:53:57.276+0000] {dagbag.py:541} INFO - Filling up the DagBag from /home/airflow/.local/lib/python3.7/site-packages/airflow/example_dags/tutorial_dag.py
[2023-06-14T16:53:57.280+0000] {processor.py:836} INFO - DAG(s) dict_keys(['tutorial_dag']) retrieved from /home/airflow/.local/lib/python3.7/site-packages/airflow/example_dags/tutorial_dag.py
[2023-06-14T16:53:57.308+0000] {logging_mixin.py:149} INFO - [2023-06-14T16:53:57.308+0000] {dag.py:2726} INFO - Sync 1 DAGs
[2023-06-14T16:53:57.341+0000] {logging_mixin.py:149} INFO - [2023-06-14T16:53:57.341+0000] {dag.py:3490} INFO - Setting next_dagrun for tutorial_dag to None, run_after=None
[2023-06-14T16:53:57.365+0000] {processor.py:179} INFO - Processing /home/airflow/.local/lib/python3.7/site-packages/airflow/example_dags/tutorial_dag.py took 0.094 seconds
[2023-06-14T16:54:27.594+0000] {processor.py:157} INFO - Started process (PID=7204) to work on /home/airflow/.local/lib/python3.7/site-packages/airflow/example_dags/tutorial_dag.py
[2023-06-14T16:54:27.596+0000] {processor.py:826} INFO - Processing file /home/airflow/.local/lib/python3.7/site-packages/airflow/example_dags/tutorial_dag.py for tasks to queue
[2023-06-14T16:54:27.596+0000] {logging_mixin.py:149} INFO - [2023-06-14T16:54:27.596+0000] {dagbag.py:541} INFO - Filling up the DagBag from /home/airflow/.local/lib/python3.7/site-packages/airflow/example_dags/tutorial_dag.py
[2023-06-14T16:54:27.600+0000] {processor.py:836} INFO - DAG(s) dict_keys(['tutorial_dag']) retrieved from /home/airflow/.local/lib/python3.7/site-packages/airflow/example_dags/tutorial_dag.py
[2023-06-14T16:54:27.621+0000] {logging_mixin.py:149} INFO - [2023-06-14T16:54:27.621+0000] {dag.py:2726} INFO - Sync 1 DAGs
[2023-06-14T16:54:27.649+0000] {logging_mixin.py:149} INFO - [2023-06-14T16:54:27.649+0000] {dag.py:3490} INFO - Setting next_dagrun for tutorial_dag to None, run_after=None
[2023-06-14T16:54:27.671+0000] {processor.py:179} INFO - Processing /home/airflow/.local/lib/python3.7/site-packages/airflow/example_dags/tutorial_dag.py took 0.080 seconds
[2023-06-14T16:54:57.977+0000] {processor.py:157} INFO - Started process (PID=7280) to work on /home/airflow/.local/lib/python3.7/site-packages/airflow/example_dags/tutorial_dag.py
[2023-06-14T16:54:57.978+0000] {processor.py:826} INFO - Processing file /home/airflow/.local/lib/python3.7/site-packages/airflow/example_dags/tutorial_dag.py for tasks to queue
[2023-06-14T16:54:57.978+0000] {logging_mixin.py:149} INFO - [2023-06-14T16:54:57.978+0000] {dagbag.py:541} INFO - Filling up the DagBag from /home/airflow/.local/lib/python3.7/site-packages/airflow/example_dags/tutorial_dag.py
[2023-06-14T16:54:57.982+0000] {processor.py:836} INFO - DAG(s) dict_keys(['tutorial_dag']) retrieved from /home/airflow/.local/lib/python3.7/site-packages/airflow/example_dags/tutorial_dag.py
[2023-06-14T16:54:58.000+0000] {logging_mixin.py:149} INFO - [2023-06-14T16:54:58.000+0000] {dag.py:2726} INFO - Sync 1 DAGs
[2023-06-14T16:54:58.021+0000] {logging_mixin.py:149} INFO - [2023-06-14T16:54:58.021+0000] {dag.py:3490} INFO - Setting next_dagrun for tutorial_dag to None, run_after=None
[2023-06-14T16:54:58.042+0000] {processor.py:179} INFO - Processing /home/airflow/.local/lib/python3.7/site-packages/airflow/example_dags/tutorial_dag.py took 0.067 seconds
[2023-06-14T16:55:28.280+0000] {processor.py:157} INFO - Started process (PID=7357) to work on /home/airflow/.local/lib/python3.7/site-packages/airflow/example_dags/tutorial_dag.py
[2023-06-14T16:55:28.281+0000] {processor.py:826} INFO - Processing file /home/airflow/.local/lib/python3.7/site-packages/airflow/example_dags/tutorial_dag.py for tasks to queue
[2023-06-14T16:55:28.281+0000] {logging_mixin.py:149} INFO - [2023-06-14T16:55:28.281+0000] {dagbag.py:541} INFO - Filling up the DagBag from /home/airflow/.local/lib/python3.7/site-packages/airflow/example_dags/tutorial_dag.py
[2023-06-14T16:55:28.285+0000] {processor.py:836} INFO - DAG(s) dict_keys(['tutorial_dag']) retrieved from /home/airflow/.local/lib/python3.7/site-packages/airflow/example_dags/tutorial_dag.py
[2023-06-14T16:55:28.308+0000] {logging_mixin.py:149} INFO - [2023-06-14T16:55:28.307+0000] {dag.py:2726} INFO - Sync 1 DAGs
[2023-06-14T16:55:28.331+0000] {logging_mixin.py:149} INFO - [2023-06-14T16:55:28.331+0000] {dag.py:3490} INFO - Setting next_dagrun for tutorial_dag to None, run_after=None
[2023-06-14T16:55:28.349+0000] {processor.py:179} INFO - Processing /home/airflow/.local/lib/python3.7/site-packages/airflow/example_dags/tutorial_dag.py took 0.072 seconds
[2023-06-14T16:55:58.885+0000] {processor.py:157} INFO - Started process (PID=7435) to work on /home/airflow/.local/lib/python3.7/site-packages/airflow/example_dags/tutorial_dag.py
[2023-06-14T16:55:58.886+0000] {processor.py:826} INFO - Processing file /home/airflow/.local/lib/python3.7/site-packages/airflow/example_dags/tutorial_dag.py for tasks to queue
[2023-06-14T16:55:58.887+0000] {logging_mixin.py:149} INFO - [2023-06-14T16:55:58.887+0000] {dagbag.py:541} INFO - Filling up the DagBag from /home/airflow/.local/lib/python3.7/site-packages/airflow/example_dags/tutorial_dag.py
[2023-06-14T16:55:58.890+0000] {processor.py:836} INFO - DAG(s) dict_keys(['tutorial_dag']) retrieved from /home/airflow/.local/lib/python3.7/site-packages/airflow/example_dags/tutorial_dag.py
[2023-06-14T16:55:58.909+0000] {logging_mixin.py:149} INFO - [2023-06-14T16:55:58.909+0000] {dag.py:2726} INFO - Sync 1 DAGs
[2023-06-14T16:55:58.931+0000] {logging_mixin.py:149} INFO - [2023-06-14T16:55:58.931+0000] {dag.py:3490} INFO - Setting next_dagrun for tutorial_dag to None, run_after=None
[2023-06-14T16:55:58.946+0000] {processor.py:179} INFO - Processing /home/airflow/.local/lib/python3.7/site-packages/airflow/example_dags/tutorial_dag.py took 0.063 seconds
[2023-06-14T16:56:29.208+0000] {processor.py:157} INFO - Started process (PID=7512) to work on /home/airflow/.local/lib/python3.7/site-packages/airflow/example_dags/tutorial_dag.py
[2023-06-14T16:56:29.209+0000] {processor.py:826} INFO - Processing file /home/airflow/.local/lib/python3.7/site-packages/airflow/example_dags/tutorial_dag.py for tasks to queue
[2023-06-14T16:56:29.210+0000] {logging_mixin.py:149} INFO - [2023-06-14T16:56:29.210+0000] {dagbag.py:541} INFO - Filling up the DagBag from /home/airflow/.local/lib/python3.7/site-packages/airflow/example_dags/tutorial_dag.py
[2023-06-14T16:56:29.214+0000] {processor.py:836} INFO - DAG(s) dict_keys(['tutorial_dag']) retrieved from /home/airflow/.local/lib/python3.7/site-packages/airflow/example_dags/tutorial_dag.py
[2023-06-14T16:56:29.238+0000] {logging_mixin.py:149} INFO - [2023-06-14T16:56:29.237+0000] {dag.py:2726} INFO - Sync 1 DAGs
[2023-06-14T16:56:29.264+0000] {logging_mixin.py:149} INFO - [2023-06-14T16:56:29.264+0000] {dag.py:3490} INFO - Setting next_dagrun for tutorial_dag to None, run_after=None
[2023-06-14T16:56:29.284+0000] {processor.py:179} INFO - Processing /home/airflow/.local/lib/python3.7/site-packages/airflow/example_dags/tutorial_dag.py took 0.078 seconds
[2023-06-14T16:56:59.458+0000] {processor.py:157} INFO - Started process (PID=7590) to work on /home/airflow/.local/lib/python3.7/site-packages/airflow/example_dags/tutorial_dag.py
[2023-06-14T16:56:59.459+0000] {processor.py:826} INFO - Processing file /home/airflow/.local/lib/python3.7/site-packages/airflow/example_dags/tutorial_dag.py for tasks to queue
[2023-06-14T16:56:59.459+0000] {logging_mixin.py:149} INFO - [2023-06-14T16:56:59.459+0000] {dagbag.py:541} INFO - Filling up the DagBag from /home/airflow/.local/lib/python3.7/site-packages/airflow/example_dags/tutorial_dag.py
[2023-06-14T16:56:59.463+0000] {processor.py:836} INFO - DAG(s) dict_keys(['tutorial_dag']) retrieved from /home/airflow/.local/lib/python3.7/site-packages/airflow/example_dags/tutorial_dag.py
[2023-06-14T16:56:59.482+0000] {logging_mixin.py:149} INFO - [2023-06-14T16:56:59.482+0000] {dag.py:2726} INFO - Sync 1 DAGs
[2023-06-14T16:56:59.503+0000] {logging_mixin.py:149} INFO - [2023-06-14T16:56:59.503+0000] {dag.py:3490} INFO - Setting next_dagrun for tutorial_dag to None, run_after=None
[2023-06-14T16:56:59.520+0000] {processor.py:179} INFO - Processing /home/airflow/.local/lib/python3.7/site-packages/airflow/example_dags/tutorial_dag.py took 0.065 seconds
[2023-06-14T16:57:29.792+0000] {processor.py:157} INFO - Started process (PID=7667) to work on /home/airflow/.local/lib/python3.7/site-packages/airflow/example_dags/tutorial_dag.py
[2023-06-14T16:57:29.793+0000] {processor.py:826} INFO - Processing file /home/airflow/.local/lib/python3.7/site-packages/airflow/example_dags/tutorial_dag.py for tasks to queue
[2023-06-14T16:57:29.794+0000] {logging_mixin.py:149} INFO - [2023-06-14T16:57:29.794+0000] {dagbag.py:541} INFO - Filling up the DagBag from /home/airflow/.local/lib/python3.7/site-packages/airflow/example_dags/tutorial_dag.py
[2023-06-14T16:57:29.797+0000] {processor.py:836} INFO - DAG(s) dict_keys(['tutorial_dag']) retrieved from /home/airflow/.local/lib/python3.7/site-packages/airflow/example_dags/tutorial_dag.py
[2023-06-14T16:57:29.817+0000] {logging_mixin.py:149} INFO - [2023-06-14T16:57:29.817+0000] {dag.py:2726} INFO - Sync 1 DAGs
[2023-06-14T16:57:29.840+0000] {logging_mixin.py:149} INFO - [2023-06-14T16:57:29.840+0000] {dag.py:3490} INFO - Setting next_dagrun for tutorial_dag to None, run_after=None
[2023-06-14T16:57:29.856+0000] {processor.py:179} INFO - Processing /home/airflow/.local/lib/python3.7/site-packages/airflow/example_dags/tutorial_dag.py took 0.066 seconds
[2023-06-14T16:58:00.220+0000] {processor.py:157} INFO - Started process (PID=7744) to work on /home/airflow/.local/lib/python3.7/site-packages/airflow/example_dags/tutorial_dag.py
[2023-06-14T16:58:00.221+0000] {processor.py:826} INFO - Processing file /home/airflow/.local/lib/python3.7/site-packages/airflow/example_dags/tutorial_dag.py for tasks to queue
[2023-06-14T16:58:00.222+0000] {logging_mixin.py:149} INFO - [2023-06-14T16:58:00.222+0000] {dagbag.py:541} INFO - Filling up the DagBag from /home/airflow/.local/lib/python3.7/site-packages/airflow/example_dags/tutorial_dag.py
[2023-06-14T16:58:00.226+0000] {processor.py:836} INFO - DAG(s) dict_keys(['tutorial_dag']) retrieved from /home/airflow/.local/lib/python3.7/site-packages/airflow/example_dags/tutorial_dag.py
[2023-06-14T16:58:00.249+0000] {logging_mixin.py:149} INFO - [2023-06-14T16:58:00.249+0000] {dag.py:2726} INFO - Sync 1 DAGs
[2023-06-14T16:58:00.280+0000] {logging_mixin.py:149} INFO - [2023-06-14T16:58:00.280+0000] {dag.py:3490} INFO - Setting next_dagrun for tutorial_dag to None, run_after=None
[2023-06-14T16:58:00.300+0000] {processor.py:179} INFO - Processing /home/airflow/.local/lib/python3.7/site-packages/airflow/example_dags/tutorial_dag.py took 0.082 seconds
[2023-06-14T16:58:30.631+0000] {processor.py:157} INFO - Started process (PID=7821) to work on /home/airflow/.local/lib/python3.7/site-packages/airflow/example_dags/tutorial_dag.py
[2023-06-14T16:58:30.632+0000] {processor.py:826} INFO - Processing file /home/airflow/.local/lib/python3.7/site-packages/airflow/example_dags/tutorial_dag.py for tasks to queue
[2023-06-14T16:58:30.632+0000] {logging_mixin.py:149} INFO - [2023-06-14T16:58:30.632+0000] {dagbag.py:541} INFO - Filling up the DagBag from /home/airflow/.local/lib/python3.7/site-packages/airflow/example_dags/tutorial_dag.py
[2023-06-14T16:58:30.637+0000] {processor.py:836} INFO - DAG(s) dict_keys(['tutorial_dag']) retrieved from /home/airflow/.local/lib/python3.7/site-packages/airflow/example_dags/tutorial_dag.py
[2023-06-14T16:58:30.658+0000] {logging_mixin.py:149} INFO - [2023-06-14T16:58:30.658+0000] {dag.py:2726} INFO - Sync 1 DAGs
[2023-06-14T16:58:30.682+0000] {logging_mixin.py:149} INFO - [2023-06-14T16:58:30.682+0000] {dag.py:3490} INFO - Setting next_dagrun for tutorial_dag to None, run_after=None
[2023-06-14T16:58:30.700+0000] {processor.py:179} INFO - Processing /home/airflow/.local/lib/python3.7/site-packages/airflow/example_dags/tutorial_dag.py took 0.072 seconds
[2023-06-14T16:59:01.123+0000] {processor.py:157} INFO - Started process (PID=7898) to work on /home/airflow/.local/lib/python3.7/site-packages/airflow/example_dags/tutorial_dag.py
[2023-06-14T16:59:01.124+0000] {processor.py:826} INFO - Processing file /home/airflow/.local/lib/python3.7/site-packages/airflow/example_dags/tutorial_dag.py for tasks to queue
[2023-06-14T16:59:01.125+0000] {logging_mixin.py:149} INFO - [2023-06-14T16:59:01.125+0000] {dagbag.py:541} INFO - Filling up the DagBag from /home/airflow/.local/lib/python3.7/site-packages/airflow/example_dags/tutorial_dag.py
[2023-06-14T16:59:01.129+0000] {processor.py:836} INFO - DAG(s) dict_keys(['tutorial_dag']) retrieved from /home/airflow/.local/lib/python3.7/site-packages/airflow/example_dags/tutorial_dag.py
[2023-06-14T16:59:01.155+0000] {logging_mixin.py:149} INFO - [2023-06-14T16:59:01.154+0000] {dag.py:2726} INFO - Sync 1 DAGs
[2023-06-14T16:59:01.186+0000] {logging_mixin.py:149} INFO - [2023-06-14T16:59:01.185+0000] {dag.py:3490} INFO - Setting next_dagrun for tutorial_dag to None, run_after=None
[2023-06-14T16:59:01.209+0000] {processor.py:179} INFO - Processing /home/airflow/.local/lib/python3.7/site-packages/airflow/example_dags/tutorial_dag.py took 0.088 seconds
[2023-06-14T17:02:22.832+0000] {processor.py:157} INFO - Started process (PID=62) to work on /home/airflow/.local/lib/python3.7/site-packages/airflow/example_dags/tutorial_dag.py
[2023-06-14T17:02:22.839+0000] {processor.py:826} INFO - Processing file /home/airflow/.local/lib/python3.7/site-packages/airflow/example_dags/tutorial_dag.py for tasks to queue
[2023-06-14T17:02:22.841+0000] {logging_mixin.py:149} INFO - [2023-06-14T17:02:22.841+0000] {dagbag.py:541} INFO - Filling up the DagBag from /home/airflow/.local/lib/python3.7/site-packages/airflow/example_dags/tutorial_dag.py
[2023-06-14T17:02:22.863+0000] {processor.py:836} INFO - DAG(s) dict_keys(['tutorial_dag']) retrieved from /home/airflow/.local/lib/python3.7/site-packages/airflow/example_dags/tutorial_dag.py
[2023-06-14T17:02:22.950+0000] {logging_mixin.py:149} INFO - [2023-06-14T17:02:22.950+0000] {dag.py:2726} INFO - Sync 1 DAGs
[2023-06-14T17:02:23.064+0000] {logging_mixin.py:149} INFO - [2023-06-14T17:02:23.063+0000] {dag.py:3490} INFO - Setting next_dagrun for tutorial_dag to None, run_after=None
[2023-06-14T17:02:23.134+0000] {processor.py:179} INFO - Processing /home/airflow/.local/lib/python3.7/site-packages/airflow/example_dags/tutorial_dag.py took 0.307 seconds
[2023-06-14T17:02:54.158+0000] {processor.py:157} INFO - Started process (PID=139) to work on /home/airflow/.local/lib/python3.7/site-packages/airflow/example_dags/tutorial_dag.py
[2023-06-14T17:02:54.159+0000] {processor.py:826} INFO - Processing file /home/airflow/.local/lib/python3.7/site-packages/airflow/example_dags/tutorial_dag.py for tasks to queue
[2023-06-14T17:02:54.160+0000] {logging_mixin.py:149} INFO - [2023-06-14T17:02:54.160+0000] {dagbag.py:541} INFO - Filling up the DagBag from /home/airflow/.local/lib/python3.7/site-packages/airflow/example_dags/tutorial_dag.py
[2023-06-14T17:02:54.164+0000] {processor.py:836} INFO - DAG(s) dict_keys(['tutorial_dag']) retrieved from /home/airflow/.local/lib/python3.7/site-packages/airflow/example_dags/tutorial_dag.py
[2023-06-14T17:02:54.189+0000] {logging_mixin.py:149} INFO - [2023-06-14T17:02:54.189+0000] {dag.py:2726} INFO - Sync 1 DAGs
[2023-06-14T17:02:54.215+0000] {logging_mixin.py:149} INFO - [2023-06-14T17:02:54.215+0000] {dag.py:3490} INFO - Setting next_dagrun for tutorial_dag to None, run_after=None
[2023-06-14T17:02:54.335+0000] {processor.py:179} INFO - Processing /home/airflow/.local/lib/python3.7/site-packages/airflow/example_dags/tutorial_dag.py took 0.178 seconds
[2023-06-14T17:03:25.030+0000] {processor.py:157} INFO - Started process (PID=216) to work on /home/airflow/.local/lib/python3.7/site-packages/airflow/example_dags/tutorial_dag.py
[2023-06-14T17:03:25.031+0000] {processor.py:826} INFO - Processing file /home/airflow/.local/lib/python3.7/site-packages/airflow/example_dags/tutorial_dag.py for tasks to queue
[2023-06-14T17:03:25.031+0000] {logging_mixin.py:149} INFO - [2023-06-14T17:03:25.031+0000] {dagbag.py:541} INFO - Filling up the DagBag from /home/airflow/.local/lib/python3.7/site-packages/airflow/example_dags/tutorial_dag.py
[2023-06-14T17:03:25.036+0000] {processor.py:836} INFO - DAG(s) dict_keys(['tutorial_dag']) retrieved from /home/airflow/.local/lib/python3.7/site-packages/airflow/example_dags/tutorial_dag.py
[2023-06-14T17:03:25.164+0000] {logging_mixin.py:149} INFO - [2023-06-14T17:03:25.164+0000] {dag.py:2726} INFO - Sync 1 DAGs
[2023-06-14T17:03:25.186+0000] {logging_mixin.py:149} INFO - [2023-06-14T17:03:25.186+0000] {dag.py:3490} INFO - Setting next_dagrun for tutorial_dag to None, run_after=None
[2023-06-14T17:03:25.203+0000] {processor.py:179} INFO - Processing /home/airflow/.local/lib/python3.7/site-packages/airflow/example_dags/tutorial_dag.py took 0.176 seconds
[2023-06-14T17:03:56.008+0000] {processor.py:157} INFO - Started process (PID=293) to work on /home/airflow/.local/lib/python3.7/site-packages/airflow/example_dags/tutorial_dag.py
[2023-06-14T17:03:56.008+0000] {processor.py:826} INFO - Processing file /home/airflow/.local/lib/python3.7/site-packages/airflow/example_dags/tutorial_dag.py for tasks to queue
[2023-06-14T17:03:56.009+0000] {logging_mixin.py:149} INFO - [2023-06-14T17:03:56.009+0000] {dagbag.py:541} INFO - Filling up the DagBag from /home/airflow/.local/lib/python3.7/site-packages/airflow/example_dags/tutorial_dag.py
[2023-06-14T17:03:56.013+0000] {processor.py:836} INFO - DAG(s) dict_keys(['tutorial_dag']) retrieved from /home/airflow/.local/lib/python3.7/site-packages/airflow/example_dags/tutorial_dag.py
[2023-06-14T17:03:56.033+0000] {logging_mixin.py:149} INFO - [2023-06-14T17:03:56.032+0000] {dag.py:2726} INFO - Sync 1 DAGs
[2023-06-14T17:03:56.056+0000] {logging_mixin.py:149} INFO - [2023-06-14T17:03:56.055+0000] {dag.py:3490} INFO - Setting next_dagrun for tutorial_dag to None, run_after=None
[2023-06-14T17:03:56.072+0000] {processor.py:179} INFO - Processing /home/airflow/.local/lib/python3.7/site-packages/airflow/example_dags/tutorial_dag.py took 0.067 seconds
[2023-06-14T17:04:26.586+0000] {processor.py:157} INFO - Started process (PID=370) to work on /home/airflow/.local/lib/python3.7/site-packages/airflow/example_dags/tutorial_dag.py
[2023-06-14T17:04:26.587+0000] {processor.py:826} INFO - Processing file /home/airflow/.local/lib/python3.7/site-packages/airflow/example_dags/tutorial_dag.py for tasks to queue
[2023-06-14T17:04:26.588+0000] {logging_mixin.py:149} INFO - [2023-06-14T17:04:26.588+0000] {dagbag.py:541} INFO - Filling up the DagBag from /home/airflow/.local/lib/python3.7/site-packages/airflow/example_dags/tutorial_dag.py
[2023-06-14T17:04:26.595+0000] {processor.py:836} INFO - DAG(s) dict_keys(['tutorial_dag']) retrieved from /home/airflow/.local/lib/python3.7/site-packages/airflow/example_dags/tutorial_dag.py
[2023-06-14T17:04:26.622+0000] {logging_mixin.py:149} INFO - [2023-06-14T17:04:26.622+0000] {dag.py:2726} INFO - Sync 1 DAGs
[2023-06-14T17:04:26.657+0000] {logging_mixin.py:149} INFO - [2023-06-14T17:04:26.657+0000] {dag.py:3490} INFO - Setting next_dagrun for tutorial_dag to None, run_after=None
[2023-06-14T17:04:26.682+0000] {processor.py:179} INFO - Processing /home/airflow/.local/lib/python3.7/site-packages/airflow/example_dags/tutorial_dag.py took 0.099 seconds
[2023-06-14T17:04:57.603+0000] {processor.py:157} INFO - Started process (PID=434) to work on /home/airflow/.local/lib/python3.7/site-packages/airflow/example_dags/tutorial_dag.py
[2023-06-14T17:04:57.604+0000] {processor.py:826} INFO - Processing file /home/airflow/.local/lib/python3.7/site-packages/airflow/example_dags/tutorial_dag.py for tasks to queue
[2023-06-14T17:04:57.605+0000] {logging_mixin.py:149} INFO - [2023-06-14T17:04:57.605+0000] {dagbag.py:541} INFO - Filling up the DagBag from /home/airflow/.local/lib/python3.7/site-packages/airflow/example_dags/tutorial_dag.py
[2023-06-14T17:04:57.610+0000] {processor.py:836} INFO - DAG(s) dict_keys(['tutorial_dag']) retrieved from /home/airflow/.local/lib/python3.7/site-packages/airflow/example_dags/tutorial_dag.py
[2023-06-14T17:04:57.649+0000] {logging_mixin.py:149} INFO - [2023-06-14T17:04:57.648+0000] {dag.py:2726} INFO - Sync 1 DAGs
[2023-06-14T17:04:57.679+0000] {logging_mixin.py:149} INFO - [2023-06-14T17:04:57.679+0000] {dag.py:3490} INFO - Setting next_dagrun for tutorial_dag to None, run_after=None
[2023-06-14T17:04:57.697+0000] {processor.py:179} INFO - Processing /home/airflow/.local/lib/python3.7/site-packages/airflow/example_dags/tutorial_dag.py took 0.101 seconds
[2023-06-14T17:05:28.151+0000] {processor.py:157} INFO - Started process (PID=498) to work on /home/airflow/.local/lib/python3.7/site-packages/airflow/example_dags/tutorial_dag.py
[2023-06-14T17:05:28.151+0000] {processor.py:826} INFO - Processing file /home/airflow/.local/lib/python3.7/site-packages/airflow/example_dags/tutorial_dag.py for tasks to queue
[2023-06-14T17:05:28.152+0000] {logging_mixin.py:149} INFO - [2023-06-14T17:05:28.152+0000] {dagbag.py:541} INFO - Filling up the DagBag from /home/airflow/.local/lib/python3.7/site-packages/airflow/example_dags/tutorial_dag.py
[2023-06-14T17:05:28.156+0000] {processor.py:836} INFO - DAG(s) dict_keys(['tutorial_dag']) retrieved from /home/airflow/.local/lib/python3.7/site-packages/airflow/example_dags/tutorial_dag.py
[2023-06-14T17:05:28.178+0000] {logging_mixin.py:149} INFO - [2023-06-14T17:05:28.178+0000] {dag.py:2726} INFO - Sync 1 DAGs
[2023-06-14T17:05:28.202+0000] {logging_mixin.py:149} INFO - [2023-06-14T17:05:28.202+0000] {dag.py:3490} INFO - Setting next_dagrun for tutorial_dag to None, run_after=None
[2023-06-14T17:05:28.227+0000] {processor.py:179} INFO - Processing /home/airflow/.local/lib/python3.7/site-packages/airflow/example_dags/tutorial_dag.py took 0.079 seconds
[2023-06-14T17:05:59.074+0000] {processor.py:157} INFO - Started process (PID=562) to work on /home/airflow/.local/lib/python3.7/site-packages/airflow/example_dags/tutorial_dag.py
[2023-06-14T17:05:59.075+0000] {processor.py:826} INFO - Processing file /home/airflow/.local/lib/python3.7/site-packages/airflow/example_dags/tutorial_dag.py for tasks to queue
[2023-06-14T17:05:59.076+0000] {logging_mixin.py:149} INFO - [2023-06-14T17:05:59.076+0000] {dagbag.py:541} INFO - Filling up the DagBag from /home/airflow/.local/lib/python3.7/site-packages/airflow/example_dags/tutorial_dag.py
[2023-06-14T17:05:59.080+0000] {processor.py:836} INFO - DAG(s) dict_keys(['tutorial_dag']) retrieved from /home/airflow/.local/lib/python3.7/site-packages/airflow/example_dags/tutorial_dag.py
[2023-06-14T17:05:59.102+0000] {logging_mixin.py:149} INFO - [2023-06-14T17:05:59.102+0000] {dag.py:2726} INFO - Sync 1 DAGs
[2023-06-14T17:05:59.130+0000] {logging_mixin.py:149} INFO - [2023-06-14T17:05:59.129+0000] {dag.py:3490} INFO - Setting next_dagrun for tutorial_dag to None, run_after=None
[2023-06-14T17:05:59.151+0000] {processor.py:179} INFO - Processing /home/airflow/.local/lib/python3.7/site-packages/airflow/example_dags/tutorial_dag.py took 0.079 seconds
[2023-06-14T17:06:29.343+0000] {processor.py:157} INFO - Started process (PID=626) to work on /home/airflow/.local/lib/python3.7/site-packages/airflow/example_dags/tutorial_dag.py
[2023-06-14T17:06:29.344+0000] {processor.py:826} INFO - Processing file /home/airflow/.local/lib/python3.7/site-packages/airflow/example_dags/tutorial_dag.py for tasks to queue
[2023-06-14T17:06:29.345+0000] {logging_mixin.py:149} INFO - [2023-06-14T17:06:29.345+0000] {dagbag.py:541} INFO - Filling up the DagBag from /home/airflow/.local/lib/python3.7/site-packages/airflow/example_dags/tutorial_dag.py
[2023-06-14T17:06:29.348+0000] {processor.py:836} INFO - DAG(s) dict_keys(['tutorial_dag']) retrieved from /home/airflow/.local/lib/python3.7/site-packages/airflow/example_dags/tutorial_dag.py
[2023-06-14T17:06:29.375+0000] {logging_mixin.py:149} INFO - [2023-06-14T17:06:29.374+0000] {dag.py:2726} INFO - Sync 1 DAGs
[2023-06-14T17:06:29.402+0000] {logging_mixin.py:149} INFO - [2023-06-14T17:06:29.402+0000] {dag.py:3490} INFO - Setting next_dagrun for tutorial_dag to None, run_after=None
[2023-06-14T17:06:29.430+0000] {processor.py:179} INFO - Processing /home/airflow/.local/lib/python3.7/site-packages/airflow/example_dags/tutorial_dag.py took 0.090 seconds
[2023-06-14T17:06:59.864+0000] {processor.py:157} INFO - Started process (PID=690) to work on /home/airflow/.local/lib/python3.7/site-packages/airflow/example_dags/tutorial_dag.py
[2023-06-14T17:06:59.865+0000] {processor.py:826} INFO - Processing file /home/airflow/.local/lib/python3.7/site-packages/airflow/example_dags/tutorial_dag.py for tasks to queue
[2023-06-14T17:06:59.865+0000] {logging_mixin.py:149} INFO - [2023-06-14T17:06:59.865+0000] {dagbag.py:541} INFO - Filling up the DagBag from /home/airflow/.local/lib/python3.7/site-packages/airflow/example_dags/tutorial_dag.py
[2023-06-14T17:06:59.869+0000] {processor.py:836} INFO - DAG(s) dict_keys(['tutorial_dag']) retrieved from /home/airflow/.local/lib/python3.7/site-packages/airflow/example_dags/tutorial_dag.py
[2023-06-14T17:06:59.891+0000] {logging_mixin.py:149} INFO - [2023-06-14T17:06:59.891+0000] {dag.py:2726} INFO - Sync 1 DAGs
[2023-06-14T17:06:59.917+0000] {logging_mixin.py:149} INFO - [2023-06-14T17:06:59.917+0000] {dag.py:3490} INFO - Setting next_dagrun for tutorial_dag to None, run_after=None
[2023-06-14T17:06:59.939+0000] {processor.py:179} INFO - Processing /home/airflow/.local/lib/python3.7/site-packages/airflow/example_dags/tutorial_dag.py took 0.078 seconds
[2023-06-14T17:07:30.126+0000] {processor.py:157} INFO - Started process (PID=767) to work on /home/airflow/.local/lib/python3.7/site-packages/airflow/example_dags/tutorial_dag.py
[2023-06-14T17:07:30.127+0000] {processor.py:826} INFO - Processing file /home/airflow/.local/lib/python3.7/site-packages/airflow/example_dags/tutorial_dag.py for tasks to queue
[2023-06-14T17:07:30.128+0000] {logging_mixin.py:149} INFO - [2023-06-14T17:07:30.127+0000] {dagbag.py:541} INFO - Filling up the DagBag from /home/airflow/.local/lib/python3.7/site-packages/airflow/example_dags/tutorial_dag.py
[2023-06-14T17:07:30.133+0000] {processor.py:836} INFO - DAG(s) dict_keys(['tutorial_dag']) retrieved from /home/airflow/.local/lib/python3.7/site-packages/airflow/example_dags/tutorial_dag.py
[2023-06-14T17:07:30.159+0000] {logging_mixin.py:149} INFO - [2023-06-14T17:07:30.158+0000] {dag.py:2726} INFO - Sync 1 DAGs
[2023-06-14T17:07:30.185+0000] {logging_mixin.py:149} INFO - [2023-06-14T17:07:30.184+0000] {dag.py:3490} INFO - Setting next_dagrun for tutorial_dag to None, run_after=None
[2023-06-14T17:07:30.201+0000] {processor.py:179} INFO - Processing /home/airflow/.local/lib/python3.7/site-packages/airflow/example_dags/tutorial_dag.py took 0.078 seconds
[2023-06-14T17:08:00.327+0000] {processor.py:157} INFO - Started process (PID=844) to work on /home/airflow/.local/lib/python3.7/site-packages/airflow/example_dags/tutorial_dag.py
[2023-06-14T17:08:00.327+0000] {processor.py:826} INFO - Processing file /home/airflow/.local/lib/python3.7/site-packages/airflow/example_dags/tutorial_dag.py for tasks to queue
[2023-06-14T17:08:00.328+0000] {logging_mixin.py:149} INFO - [2023-06-14T17:08:00.328+0000] {dagbag.py:541} INFO - Filling up the DagBag from /home/airflow/.local/lib/python3.7/site-packages/airflow/example_dags/tutorial_dag.py
[2023-06-14T17:08:00.333+0000] {processor.py:836} INFO - DAG(s) dict_keys(['tutorial_dag']) retrieved from /home/airflow/.local/lib/python3.7/site-packages/airflow/example_dags/tutorial_dag.py
[2023-06-14T17:08:00.358+0000] {logging_mixin.py:149} INFO - [2023-06-14T17:08:00.357+0000] {dag.py:2726} INFO - Sync 1 DAGs
[2023-06-14T17:08:00.385+0000] {logging_mixin.py:149} INFO - [2023-06-14T17:08:00.385+0000] {dag.py:3490} INFO - Setting next_dagrun for tutorial_dag to None, run_after=None
[2023-06-14T17:08:00.406+0000] {processor.py:179} INFO - Processing /home/airflow/.local/lib/python3.7/site-packages/airflow/example_dags/tutorial_dag.py took 0.082 seconds
[2023-06-14T17:08:30.661+0000] {processor.py:157} INFO - Started process (PID=921) to work on /home/airflow/.local/lib/python3.7/site-packages/airflow/example_dags/tutorial_dag.py
[2023-06-14T17:08:30.662+0000] {processor.py:826} INFO - Processing file /home/airflow/.local/lib/python3.7/site-packages/airflow/example_dags/tutorial_dag.py for tasks to queue
[2023-06-14T17:08:30.663+0000] {logging_mixin.py:149} INFO - [2023-06-14T17:08:30.663+0000] {dagbag.py:541} INFO - Filling up the DagBag from /home/airflow/.local/lib/python3.7/site-packages/airflow/example_dags/tutorial_dag.py
[2023-06-14T17:08:30.667+0000] {processor.py:836} INFO - DAG(s) dict_keys(['tutorial_dag']) retrieved from /home/airflow/.local/lib/python3.7/site-packages/airflow/example_dags/tutorial_dag.py
[2023-06-14T17:08:30.692+0000] {logging_mixin.py:149} INFO - [2023-06-14T17:08:30.692+0000] {dag.py:2726} INFO - Sync 1 DAGs
[2023-06-14T17:08:30.722+0000] {logging_mixin.py:149} INFO - [2023-06-14T17:08:30.721+0000] {dag.py:3490} INFO - Setting next_dagrun for tutorial_dag to None, run_after=None
[2023-06-14T17:08:30.741+0000] {processor.py:179} INFO - Processing /home/airflow/.local/lib/python3.7/site-packages/airflow/example_dags/tutorial_dag.py took 0.083 seconds
[2023-06-14T17:09:00.859+0000] {processor.py:157} INFO - Started process (PID=998) to work on /home/airflow/.local/lib/python3.7/site-packages/airflow/example_dags/tutorial_dag.py
[2023-06-14T17:09:00.860+0000] {processor.py:826} INFO - Processing file /home/airflow/.local/lib/python3.7/site-packages/airflow/example_dags/tutorial_dag.py for tasks to queue
[2023-06-14T17:09:00.861+0000] {logging_mixin.py:149} INFO - [2023-06-14T17:09:00.861+0000] {dagbag.py:541} INFO - Filling up the DagBag from /home/airflow/.local/lib/python3.7/site-packages/airflow/example_dags/tutorial_dag.py
[2023-06-14T17:09:00.864+0000] {processor.py:836} INFO - DAG(s) dict_keys(['tutorial_dag']) retrieved from /home/airflow/.local/lib/python3.7/site-packages/airflow/example_dags/tutorial_dag.py
[2023-06-14T17:09:00.892+0000] {logging_mixin.py:149} INFO - [2023-06-14T17:09:00.892+0000] {dag.py:2726} INFO - Sync 1 DAGs
[2023-06-14T17:09:00.915+0000] {logging_mixin.py:149} INFO - [2023-06-14T17:09:00.915+0000] {dag.py:3490} INFO - Setting next_dagrun for tutorial_dag to None, run_after=None
[2023-06-14T17:09:00.933+0000] {processor.py:179} INFO - Processing /home/airflow/.local/lib/python3.7/site-packages/airflow/example_dags/tutorial_dag.py took 0.075 seconds
[2023-06-14T17:09:31.839+0000] {processor.py:157} INFO - Started process (PID=1075) to work on /home/airflow/.local/lib/python3.7/site-packages/airflow/example_dags/tutorial_dag.py
[2023-06-14T17:09:31.840+0000] {processor.py:826} INFO - Processing file /home/airflow/.local/lib/python3.7/site-packages/airflow/example_dags/tutorial_dag.py for tasks to queue
[2023-06-14T17:09:31.840+0000] {logging_mixin.py:149} INFO - [2023-06-14T17:09:31.840+0000] {dagbag.py:541} INFO - Filling up the DagBag from /home/airflow/.local/lib/python3.7/site-packages/airflow/example_dags/tutorial_dag.py
[2023-06-14T17:09:31.844+0000] {processor.py:836} INFO - DAG(s) dict_keys(['tutorial_dag']) retrieved from /home/airflow/.local/lib/python3.7/site-packages/airflow/example_dags/tutorial_dag.py
[2023-06-14T17:09:31.865+0000] {logging_mixin.py:149} INFO - [2023-06-14T17:09:31.865+0000] {dag.py:2726} INFO - Sync 1 DAGs
[2023-06-14T17:09:31.889+0000] {logging_mixin.py:149} INFO - [2023-06-14T17:09:31.889+0000] {dag.py:3490} INFO - Setting next_dagrun for tutorial_dag to None, run_after=None
[2023-06-14T17:09:31.907+0000] {processor.py:179} INFO - Processing /home/airflow/.local/lib/python3.7/site-packages/airflow/example_dags/tutorial_dag.py took 0.071 seconds
[2023-06-14T17:10:02.713+0000] {processor.py:157} INFO - Started process (PID=1152) to work on /home/airflow/.local/lib/python3.7/site-packages/airflow/example_dags/tutorial_dag.py
[2023-06-14T17:10:02.713+0000] {processor.py:826} INFO - Processing file /home/airflow/.local/lib/python3.7/site-packages/airflow/example_dags/tutorial_dag.py for tasks to queue
[2023-06-14T17:10:02.714+0000] {logging_mixin.py:149} INFO - [2023-06-14T17:10:02.714+0000] {dagbag.py:541} INFO - Filling up the DagBag from /home/airflow/.local/lib/python3.7/site-packages/airflow/example_dags/tutorial_dag.py
[2023-06-14T17:10:02.717+0000] {processor.py:836} INFO - DAG(s) dict_keys(['tutorial_dag']) retrieved from /home/airflow/.local/lib/python3.7/site-packages/airflow/example_dags/tutorial_dag.py
[2023-06-14T17:10:02.737+0000] {logging_mixin.py:149} INFO - [2023-06-14T17:10:02.737+0000] {dag.py:2726} INFO - Sync 1 DAGs
[2023-06-14T17:10:02.762+0000] {logging_mixin.py:149} INFO - [2023-06-14T17:10:02.762+0000] {dag.py:3490} INFO - Setting next_dagrun for tutorial_dag to None, run_after=None
[2023-06-14T17:10:02.782+0000] {processor.py:179} INFO - Processing /home/airflow/.local/lib/python3.7/site-packages/airflow/example_dags/tutorial_dag.py took 0.071 seconds
